INFO:root:Using: cuda:0
INFO:root:Using seed 1234.
INFO:root:MDModel(
  (encoder): HGCN(
    (layers): Sequential(
      (0): HyperbolicGraphConvolution(
        (linear): HypLinear(
          in_features=4040, out_features=10, c=Parameter containing:
          tensor([-1.], requires_grad=True)
        )
        (agg): HypAgg(
          c=Parameter containing:
          tensor([-1.], requires_grad=True)
        )
        (hyp_act): HypAct(
          c_in=Parameter containing:
          tensor([-1.], requires_grad=True), c_out=Parameter containing:
          tensor([-1.], requires_grad=True)
        )
      )
    )
  )
  (decoder): MDDecoder()
)
INFO:root:Total number of parameters: 40412
/workspace/anaconda3/envs/geo/lib/python3.7/site-packages/torch/optim/lr_scheduler.py:370: UserWarning: To get the last learning rate computed by the scheduler, please use `get_last_lr()`.
  "please use `get_last_lr()`.", UserWarning)
INFO:root:Epoch: 0005 lr: 0.001 train_loss: 1455761.8750 train_distortion: 0.8936 train_mapscore: 0.0164 train_c: -1.0000 train_max_dist: 1.3575 train_imax: -0.0000 train_imin: -1.4095 time: 5.4354s
INFO:root:Epoch: 0010 lr: 0.001 train_loss: 1451029.2500 train_distortion: 0.8822 train_mapscore: 0.0198 train_c: -1.0004 train_max_dist: 1.4986 train_imax: -0.0000 train_imin: -1.4502 time: 5.3221s
INFO:root:Epoch: 0015 lr: 0.001 train_loss: 1445938.7500 train_distortion: 0.8693 train_mapscore: 0.0240 train_c: -1.0009 train_max_dist: 1.6342 train_imax: -0.0000 train_imin: -1.5050 time: 5.1926s
INFO:root:Epoch: 0020 lr: 0.001 train_loss: 1440306.1250 train_distortion: 0.8554 train_mapscore: 0.0305 train_c: -1.0015 train_max_dist: 1.7970 train_imax: -0.0000 train_imin: -1.5362 time: 5.0201s
INFO:root:Epoch: 0025 lr: 0.001 train_loss: 1434078.2500 train_distortion: 0.8405 train_mapscore: 0.0388 train_c: -1.0021 train_max_dist: 1.8929 train_imax: -0.0000 train_imin: -1.5791 time: 4.9455s
INFO:root:Epoch: 0030 lr: 0.001 train_loss: 1427138.2500 train_distortion: 0.8241 train_mapscore: 0.0487 train_c: -1.0027 train_max_dist: 1.9306 train_imax: -0.0000 train_imin: -1.6610 time: 4.7544s
INFO:root:Epoch: 0035 lr: 0.001 train_loss: 1419371.5000 train_distortion: 0.8059 train_mapscore: 0.0618 train_c: -1.0033 train_max_dist: 1.9938 train_imax: -0.0000 train_imin: -1.7304 time: 4.6167s
INFO:root:Epoch: 0040 lr: 0.001 train_loss: 1410693.6250 train_distortion: 0.7856 train_mapscore: 0.0764 train_c: -1.0040 train_max_dist: 2.1318 train_imax: -0.0000 train_imin: -1.8994 time: 4.4857s
INFO:root:Epoch: 0045 lr: 0.001 train_loss: 1400765.0000 train_distortion: 0.7626 train_mapscore: 0.0927 train_c: -1.0047 train_max_dist: 2.3180 train_imax: -0.0000 train_imin: -2.1438 time: 4.3826s
INFO:root:Epoch: 0050 lr: 0.001 train_loss: 1389435.0000 train_distortion: 0.7368 train_mapscore: 0.1094 train_c: -1.0054 train_max_dist: 2.4846 train_imax: -0.0000 train_imin: -2.3048 time: 4.2581s
INFO:root:Epoch: 0055 lr: 0.001 train_loss: 1377014.2500 train_distortion: 0.7091 train_mapscore: 0.1273 train_c: -1.0062 train_max_dist: 2.6499 train_imax: -0.0000 train_imin: -2.4112 time: 4.1794s
INFO:root:Epoch: 0060 lr: 0.001 train_loss: 1364223.3750 train_distortion: 0.6807 train_mapscore: 0.1426 train_c: -1.0069 train_max_dist: 2.9042 train_imax: -0.0000 train_imin: -2.5655 time: 4.1146s
INFO:root:Epoch: 0065 lr: 0.001 train_loss: 1351431.7500 train_distortion: 0.6525 train_mapscore: 0.1570 train_c: -1.0077 train_max_dist: 3.7216 train_imax: -0.0000 train_imin: -2.7339 time: 4.0658s
INFO:root:Epoch: 0070 lr: 0.001 train_loss: 1339057.2500 train_distortion: 0.6257 train_mapscore: 0.1714 train_c: -1.0085 train_max_dist: 4.4115 train_imax: -0.0000 train_imin: -2.8938 time: 4.0290s
INFO:root:Epoch: 0075 lr: 0.001 train_loss: 1327659.7500 train_distortion: 0.6012 train_mapscore: 0.1846 train_c: -1.0093 train_max_dist: 4.7747 train_imax: -0.0000 train_imin: -3.0573 time: 3.9615s
INFO:root:Epoch: 0080 lr: 0.001 train_loss: 1317292.7500 train_distortion: 0.5791 train_mapscore: 0.1975 train_c: -1.0101 train_max_dist: 5.5797 train_imax: 0.0126 train_imin: -3.2265 time: 3.9495s
INFO:root:Epoch: 0085 lr: 0.001 train_loss: 1307965.5000 train_distortion: 0.5592 train_mapscore: 0.2076 train_c: -1.0109 train_max_dist: 6.5809 train_imax: 0.1359 train_imin: -3.4012 time: 3.9184s
INFO:root:Epoch: 0090 lr: 0.001 train_loss: 1299417.0000 train_distortion: 0.5412 train_mapscore: 0.2185 train_c: -1.0117 train_max_dist: 8.5776 train_imax: 0.2148 train_imin: -3.5980 time: 3.9160s
INFO:root:Epoch: 0095 lr: 0.001 train_loss: 1291506.8750 train_distortion: 0.5247 train_mapscore: 0.2310 train_c: -1.0125 train_max_dist: 8.7983 train_imax: 0.2649 train_imin: -3.8035 time: 3.9242s
INFO:root:Epoch: 0100 lr: 0.001 train_loss: 1284116.5000 train_distortion: 0.5096 train_mapscore: 0.2418 train_c: -1.0133 train_max_dist: 8.5829 train_imax: 0.2970 train_imin: -3.9899 time: 3.8948s
INFO:root:Epoch: 0105 lr: 0.001 train_loss: 1277180.2500 train_distortion: 0.4957 train_mapscore: 0.2524 train_c: -1.0141 train_max_dist: 8.2655 train_imax: 0.3244 train_imin: -4.1545 time: 3.8903s
INFO:root:Epoch: 0110 lr: 0.001 train_loss: 1270638.7500 train_distortion: 0.4828 train_mapscore: 0.2625 train_c: -1.0149 train_max_dist: 9.6562 train_imax: 0.3549 train_imin: -4.2995 time: 3.8848s
INFO:root:Epoch: 0115 lr: 0.001 train_loss: 1264400.5000 train_distortion: 0.4708 train_mapscore: 0.2712 train_c: -1.0157 train_max_dist: 9.6797 train_imax: 0.3862 train_imin: -4.4513 time: 3.8600s
INFO:root:Epoch: 0120 lr: 0.001 train_loss: 1258380.0000 train_distortion: 0.4595 train_mapscore: 0.2785 train_c: -1.0165 train_max_dist: 9.4141 train_imax: 0.4156 train_imin: -4.6035 time: 3.8266s
INFO:root:Epoch: 0125 lr: 0.001 train_loss: 1252640.7500 train_distortion: 0.4490 train_mapscore: 0.2852 train_c: -1.0173 train_max_dist: 9.8750 train_imax: 0.4326 train_imin: -4.7574 time: 3.8064s
INFO:root:Epoch: 0130 lr: 0.001 train_loss: 1247083.0000 train_distortion: 0.4393 train_mapscore: 0.2914 train_c: -1.0180 train_max_dist: 9.3594 train_imax: 0.4463 train_imin: -4.8529 time: 3.7797s
INFO:root:Epoch: 0135 lr: 0.001 train_loss: 1241700.0000 train_distortion: 0.4300 train_mapscore: 0.2967 train_c: -1.0188 train_max_dist: 9.7891 train_imax: 0.4563 train_imin: -4.9228 time: 3.7887s
INFO:root:Epoch: 0140 lr: 0.001 train_loss: 1236561.0000 train_distortion: 0.4212 train_mapscore: 0.3011 train_c: -1.0195 train_max_dist: 9.8711 train_imax: 0.4946 train_imin: -5.0777 time: 3.7814s
INFO:root:Epoch: 0145 lr: 0.001 train_loss: 1231456.5000 train_distortion: 0.4128 train_mapscore: 0.3062 train_c: -1.0203 train_max_dist: 9.8203 train_imax: 0.5785 train_imin: -5.0947 time: 3.7536s
INFO:root:Epoch: 0150 lr: 0.001 train_loss: 1226279.3750 train_distortion: 0.4048 train_mapscore: 0.3094 train_c: -1.0210 train_max_dist: 9.9375 train_imax: 0.6884 train_imin: -5.1619 time: 3.6858s
INFO:root:Epoch: 0155 lr: 0.001 train_loss: 1221183.7500 train_distortion: 0.3971 train_mapscore: 0.3137 train_c: -1.0218 train_max_dist: 10.1250 train_imax: 0.8633 train_imin: -5.1401 time: 3.7409s
INFO:root:Epoch: 0160 lr: 0.001 train_loss: 1216050.2500 train_distortion: 0.3898 train_mapscore: 0.3192 train_c: -1.0225 train_max_dist: 9.8867 train_imax: 0.9590 train_imin: -5.2155 time: 3.6759s
INFO:root:Epoch: 0165 lr: 0.001 train_loss: 1211061.3750 train_distortion: 0.3827 train_mapscore: 0.3191 train_c: -1.0232 train_max_dist: 10.3750 train_imax: 1.0437 train_imin: -5.2686 time: 3.6906s
INFO:root:Epoch: 0170 lr: 0.001 train_loss: 1205932.7500 train_distortion: 0.3757 train_mapscore: 0.3219 train_c: -1.0240 train_max_dist: 10.0000 train_imax: 1.2407 train_imin: -5.4008 time: 3.6870s
INFO:root:Epoch: 0175 lr: 0.001 train_loss: 1200862.2500 train_distortion: 0.3690 train_mapscore: 0.3262 train_c: -1.0247 train_max_dist: 10.0625 train_imax: 1.5214 train_imin: -5.4489 time: 3.5834s
INFO:root:Epoch: 0180 lr: 0.001 train_loss: 1195760.6250 train_distortion: 0.3625 train_mapscore: 0.3290 train_c: -1.0254 train_max_dist: 10.0156 train_imax: 1.7834 train_imin: -5.5539 time: 3.6365s
INFO:root:Epoch: 0185 lr: 0.001 train_loss: 1190651.5000 train_distortion: 0.3562 train_mapscore: 0.3318 train_c: -1.0261 train_max_dist: 10.2500 train_imax: 1.9646 train_imin: -5.6090 time: 3.6220s
INFO:root:Epoch: 0190 lr: 0.001 train_loss: 1185437.2500 train_distortion: 0.3500 train_mapscore: 0.3347 train_c: -1.0268 train_max_dist: 10.1250 train_imax: 2.1510 train_imin: -5.6924 time: 3.5826s
INFO:root:Epoch: 0195 lr: 0.001 train_loss: 1180307.1250 train_distortion: 0.3440 train_mapscore: 0.3373 train_c: -1.0276 train_max_dist: 10.2500 train_imax: 2.3110 train_imin: -5.7647 time: 3.5854s
INFO:root:Epoch: 0200 lr: 0.001 train_loss: 1175106.2500 train_distortion: 0.3381 train_mapscore: 0.3411 train_c: -1.0283 train_max_dist: 10.3750 train_imax: 2.4885 train_imin: -5.8129 time: 3.5104s
INFO:root:Epoch: 0205 lr: 0.001 train_loss: 1169872.0000 train_distortion: 0.3325 train_mapscore: 0.3425 train_c: -1.0290 train_max_dist: 10.5000 train_imax: 2.6919 train_imin: -5.8989 time: 3.5480s
INFO:root:Epoch: 0210 lr: 0.001 train_loss: 1164898.7500 train_distortion: 0.3271 train_mapscore: 0.3440 train_c: -1.0297 train_max_dist: 10.5000 train_imax: 2.8922 train_imin: -5.9654 time: 3.5212s
INFO:root:Epoch: 0215 lr: 0.001 train_loss: 1159652.2500 train_distortion: 0.3217 train_mapscore: 0.3470 train_c: -1.0304 train_max_dist: 10.6550 train_imax: 3.1036 train_imin: -6.0335 time: 3.4812s
INFO:root:Epoch: 0220 lr: 0.001 train_loss: 1154574.7500 train_distortion: 0.3170 train_mapscore: 0.3481 train_c: -1.0311 train_max_dist: 11.0432 train_imax: 3.2730 train_imin: -6.0533 time: 3.4984s
INFO:root:Epoch: 0225 lr: 0.001 train_loss: 1149542.8750 train_distortion: 0.3124 train_mapscore: 0.3508 train_c: -1.0318 train_max_dist: 11.3646 train_imax: 3.5237 train_imin: -6.1168 time: 3.5074s
INFO:root:Epoch: 0230 lr: 0.001 train_loss: 1144454.0000 train_distortion: 0.3084 train_mapscore: 0.3530 train_c: -1.0325 train_max_dist: 11.6613 train_imax: 3.6430 train_imin: -6.2241 time: 3.4646s
INFO:root:Epoch: 0235 lr: 0.001 train_loss: 1140319.2500 train_distortion: 0.3049 train_mapscore: 0.3460 train_c: -1.0331 train_max_dist: 11.8035 train_imax: 3.8516 train_imin: -6.9744 time: 3.4475s
INFO:root:Epoch: 0240 lr: 0.001 train_loss: 1135400.8750 train_distortion: 0.3015 train_mapscore: 0.3493 train_c: -1.0338 train_max_dist: 12.0540 train_imax: 3.9471 train_imin: -7.0500 time: 3.4139s
INFO:root:Epoch: 0245 lr: 0.001 train_loss: 1129948.3750 train_distortion: 0.2986 train_mapscore: 0.3543 train_c: -1.0345 train_max_dist: 12.2373 train_imax: 4.1698 train_imin: -7.7305 time: 3.4097s
INFO:root:Epoch: 0250 lr: 0.001 train_loss: 1124939.7500 train_distortion: 0.2961 train_mapscore: 0.3557 train_c: -1.0352 train_max_dist: 12.5039 train_imax: 4.3368 train_imin: -8.2450 time: 3.4062s
INFO:root:Epoch: 0255 lr: 0.001 train_loss: 1119528.8750 train_distortion: 0.2934 train_mapscore: 0.3599 train_c: -1.0359 train_max_dist: 12.7136 train_imax: 4.5121 train_imin: -8.9855 time: 3.4089s
INFO:root:Epoch: 0260 lr: 0.001 train_loss: 1113340.2500 train_distortion: 0.2908 train_mapscore: 0.3643 train_c: -1.0366 train_max_dist: 13.1305 train_imax: 4.6991 train_imin: -9.4829 time: 3.3796s
INFO:root:Epoch: 0265 lr: 0.001 train_loss: 1105846.5000 train_distortion: 0.2872 train_mapscore: 0.3636 train_c: -1.0372 train_max_dist: 13.4772 train_imax: 4.8813 train_imin: -10.1806 time: 3.3432s
INFO:root:Epoch: 0270 lr: 0.001 train_loss: 1095724.6250 train_distortion: 0.2836 train_mapscore: 0.3638 train_c: -1.0379 train_max_dist: 13.8795 train_imax: 5.0506 train_imin: -11.0236 time: 3.3363s
INFO:root:Epoch: 0275 lr: 0.001 train_loss: 1085156.5000 train_distortion: 0.2817 train_mapscore: 0.3627 train_c: -1.0386 train_max_dist: 14.2652 train_imax: 5.4147 train_imin: -11.6352 time: 3.3155s
INFO:root:Epoch: 0280 lr: 0.001 train_loss: 1074415.6250 train_distortion: 0.2828 train_mapscore: 0.3605 train_c: -1.0392 train_max_dist: 14.4068 train_imax: 5.7177 train_imin: -12.2551 time: 3.3191s
INFO:root:Epoch: 0285 lr: 0.001 train_loss: 1063659.5000 train_distortion: 0.2862 train_mapscore: 0.3614 train_c: -1.0399 train_max_dist: 14.2578 train_imax: 6.0256 train_imin: -13.2048 time: 3.3257s
INFO:root:Epoch: 0290 lr: 0.001 train_loss: 1054204.2500 train_distortion: 0.2913 train_mapscore: 0.3619 train_c: -1.0405 train_max_dist: 14.9545 train_imax: 6.4316 train_imin: -14.2146 time: 3.2985s
INFO:root:Epoch: 0295 lr: 0.001 train_loss: 1044937.7500 train_distortion: 0.2969 train_mapscore: 0.3652 train_c: -1.0411 train_max_dist: 15.2509 train_imax: 6.6956 train_imin: -14.9342 time: 3.3210s
INFO:root:Epoch: 0300 lr: 0.001 train_loss: 1035672.6250 train_distortion: 0.3027 train_mapscore: 0.3706 train_c: -1.0418 train_max_dist: 15.1653 train_imax: 6.9059 train_imin: -15.8724 time: 3.3040s
INFO:root:Epoch: 0305 lr: 0.001 train_loss: 1027525.0000 train_distortion: 0.3082 train_mapscore: 0.3716 train_c: -1.0424 train_max_dist: 15.2518 train_imax: 7.0785 train_imin: -16.3670 time: 3.2993s
INFO:root:Epoch: 0310 lr: 0.001 train_loss: 1019386.4375 train_distortion: 0.3147 train_mapscore: 0.3764 train_c: -1.0430 train_max_dist: 15.1280 train_imax: 7.2653 train_imin: -17.9825 time: 3.2842s
INFO:root:Epoch: 0315 lr: 0.001 train_loss: 1011796.5000 train_distortion: 0.3210 train_mapscore: 0.3793 train_c: -1.0436 train_max_dist: 15.6331 train_imax: 7.4883 train_imin: -18.0583 time: 3.3095s
INFO:root:Epoch: 0320 lr: 0.001 train_loss: 1004418.8750 train_distortion: 0.3283 train_mapscore: 0.3796 train_c: -1.0442 train_max_dist: 15.5716 train_imax: 7.6952 train_imin: -19.7527 time: 3.2996s
INFO:root:Epoch: 0325 lr: 0.001 train_loss: 996882.0000 train_distortion: 0.3372 train_mapscore: 0.3839 train_c: -1.0448 train_max_dist: 15.9425 train_imax: 7.9917 train_imin: -20.2106 time: 3.2912s
INFO:root:Epoch: 0330 lr: 0.001 train_loss: 989476.1250 train_distortion: 0.3459 train_mapscore: 0.3870 train_c: -1.0454 train_max_dist: 15.8088 train_imax: 8.4602 train_imin: -21.2982 time: 3.2707s
INFO:root:Epoch: 0335 lr: 0.001 train_loss: 982529.0000 train_distortion: 0.3567 train_mapscore: 0.3912 train_c: -1.0460 train_max_dist: 16.3218 train_imax: 8.7005 train_imin: -21.9892 time: 3.2301s
INFO:root:Epoch: 0340 lr: 0.001 train_loss: 975004.3750 train_distortion: 0.3675 train_mapscore: 0.3952 train_c: -1.0466 train_max_dist: 16.2319 train_imax: 8.9587 train_imin: -23.2408 time: 3.2794s
INFO:root:Epoch: 0345 lr: 0.001 train_loss: 967909.1875 train_distortion: 0.3817 train_mapscore: 0.4017 train_c: -1.0472 train_max_dist: 16.6818 train_imax: 9.3253 train_imin: -24.0636 time: 3.2749s
INFO:root:Epoch: 0350 lr: 0.001 train_loss: 960795.2500 train_distortion: 0.3957 train_mapscore: 0.4030 train_c: -1.0478 train_max_dist: 16.3858 train_imax: 9.5539 train_imin: -25.5341 time: 3.2610s
INFO:root:Epoch: 0355 lr: 0.001 train_loss: 954286.2500 train_distortion: 0.4124 train_mapscore: 0.4073 train_c: -1.0483 train_max_dist: 16.9219 train_imax: 9.8899 train_imin: -26.4814 time: 3.2371s
INFO:root:Epoch: 0360 lr: 0.001 train_loss: 947401.6250 train_distortion: 0.4302 train_mapscore: 0.4105 train_c: -1.0489 train_max_dist: 16.8702 train_imax: 10.2132 train_imin: -27.4795 time: 3.1906s
INFO:root:Epoch: 0365 lr: 0.001 train_loss: 941327.3125 train_distortion: 0.4496 train_mapscore: 0.4106 train_c: -1.0495 train_max_dist: 17.0988 train_imax: 10.4306 train_imin: -28.3945 time: 3.2305s
INFO:root:Epoch: 0370 lr: 0.001 train_loss: 934423.1875 train_distortion: 0.4709 train_mapscore: 0.4186 train_c: -1.0500 train_max_dist: 17.2817 train_imax: 10.5372 train_imin: -30.1013 time: 3.2395s
INFO:root:Epoch: 0375 lr: 0.001 train_loss: 928838.7500 train_distortion: 0.4920 train_mapscore: 0.4193 train_c: -1.0506 train_max_dist: 17.2932 train_imax: 10.7419 train_imin: -30.3739 time: 3.2058s
INFO:root:Epoch: 0380 lr: 0.001 train_loss: 921856.5000 train_distortion: 0.5183 train_mapscore: 0.4243 train_c: -1.0512 train_max_dist: 17.8153 train_imax: 11.0080 train_imin: -31.9803 time: 3.2026s
INFO:root:Epoch: 0385 lr: 0.001 train_loss: 916321.0000 train_distortion: 0.5445 train_mapscore: 0.4255 train_c: -1.0517 train_max_dist: 18.2297 train_imax: 11.2696 train_imin: -33.8128 time: 3.1741s
INFO:root:Epoch: 0390 lr: 0.001 train_loss: 909895.5625 train_distortion: 0.5726 train_mapscore: 0.4267 train_c: -1.0523 train_max_dist: 18.5034 train_imax: 11.4289 train_imin: -34.8614 time: 3.2023s
INFO:root:Epoch: 0395 lr: 0.001 train_loss: 903869.6250 train_distortion: 0.6006 train_mapscore: 0.4323 train_c: -1.0528 train_max_dist: 18.7324 train_imax: 12.4591 train_imin: -35.7514 time: 3.1991s
INFO:root:Epoch: 0400 lr: 0.001 train_loss: 897145.1250 train_distortion: 0.6336 train_mapscore: 0.4414 train_c: -1.0533 train_max_dist: 19.1013 train_imax: 13.2270 train_imin: -37.2425 time: 3.1732s
INFO:root:Epoch: 0405 lr: 0.001 train_loss: 891493.3750 train_distortion: 0.6667 train_mapscore: 0.4466 train_c: -1.0539 train_max_dist: 19.4150 train_imax: 13.9829 train_imin: -38.5383 time: 3.1743s
INFO:root:Epoch: 0410 lr: 0.001 train_loss: 889671.8750 train_distortion: 0.6991 train_mapscore: 0.4341 train_c: -1.0544 train_max_dist: 19.6479 train_imax: 14.6715 train_imin: -39.5161 time: 3.1756s
INFO:root:Epoch: 0415 lr: 0.001 train_loss: 883405.7500 train_distortion: 0.7377 train_mapscore: 0.4359 train_c: -1.0549 train_max_dist: 20.1177 train_imax: 14.7137 train_imin: -41.5698 time: 3.1599s
INFO:root:Epoch: 0420 lr: 0.001 train_loss: 877184.2500 train_distortion: 0.7765 train_mapscore: 0.4404 train_c: -1.0555 train_max_dist: 20.3184 train_imax: 15.3026 train_imin: -42.4579 time: 3.1478s
INFO:root:Epoch: 0425 lr: 0.001 train_loss: 871357.7500 train_distortion: 0.8186 train_mapscore: 0.4461 train_c: -1.0560 train_max_dist: 20.6335 train_imax: 15.8718 train_imin: -43.8976 time: 3.1534s
INFO:root:Epoch: 0430 lr: 0.001 train_loss: 865505.2500 train_distortion: 0.8630 train_mapscore: 0.4557 train_c: -1.0565 train_max_dist: 20.9822 train_imax: 16.1429 train_imin: -45.5311 time: 3.1400s
INFO:root:Epoch: 0435 lr: 0.001 train_loss: 860798.3750 train_distortion: 0.9093 train_mapscore: 0.4580 train_c: -1.0570 train_max_dist: 21.3743 train_imax: 16.7010 train_imin: -47.4293 time: 3.1488s
INFO:root:Epoch: 0440 lr: 0.001 train_loss: 855563.6875 train_distortion: 0.9560 train_mapscore: 0.4602 train_c: -1.0575 train_max_dist: 21.7578 train_imax: 17.0196 train_imin: -49.3421 time: 3.1590s
INFO:root:Epoch: 0445 lr: 0.001 train_loss: 850250.3750 train_distortion: 1.0058 train_mapscore: 0.4658 train_c: -1.0580 train_max_dist: 22.1021 train_imax: 17.2375 train_imin: -51.1033 time: 3.1414s
INFO:root:Epoch: 0450 lr: 0.001 train_loss: 844742.6250 train_distortion: 1.0581 train_mapscore: 0.4742 train_c: -1.0585 train_max_dist: 22.3660 train_imax: 17.7690 train_imin: -52.4805 time: 3.1204s
INFO:root:Epoch: 0455 lr: 0.001 train_loss: 840897.8750 train_distortion: 1.1133 train_mapscore: 0.4731 train_c: -1.0590 train_max_dist: 22.6833 train_imax: 18.3242 train_imin: -54.1878 time: 3.1399s
INFO:root:Epoch: 0460 lr: 0.001 train_loss: 836048.3750 train_distortion: 1.1715 train_mapscore: 0.4766 train_c: -1.0595 train_max_dist: 22.9712 train_imax: 19.1051 train_imin: -55.7572 time: 3.1501s
INFO:root:Epoch: 0465 lr: 0.001 train_loss: 832059.8125 train_distortion: 1.2269 train_mapscore: 0.4773 train_c: -1.0600 train_max_dist: 23.2251 train_imax: 19.4856 train_imin: -57.1667 time: 3.1185s
INFO:root:Epoch: 0470 lr: 0.001 train_loss: 826388.8125 train_distortion: 1.2893 train_mapscore: 0.4821 train_c: -1.0605 train_max_dist: 23.5981 train_imax: 19.2202 train_imin: -59.3120 time: 3.1405s
INFO:root:Epoch: 0475 lr: 0.001 train_loss: 821249.3750 train_distortion: 1.3492 train_mapscore: 0.4884 train_c: -1.0610 train_max_dist: 23.9639 train_imax: 20.7553 train_imin: -61.4757 time: 3.1298s
INFO:root:Epoch: 0480 lr: 0.001 train_loss: 815899.5000 train_distortion: 1.4162 train_mapscore: 0.4943 train_c: -1.0615 train_max_dist: 24.2612 train_imax: 21.9558 train_imin: -63.2804 time: 3.1154s
INFO:root:Epoch: 0485 lr: 0.001 train_loss: 811354.9375 train_distortion: 1.4823 train_mapscore: 0.4986 train_c: -1.0619 train_max_dist: 24.6108 train_imax: 21.8974 train_imin: -65.4328 time: 3.1087s
INFO:root:Epoch: 0490 lr: 0.001 train_loss: 806998.7500 train_distortion: 1.5496 train_mapscore: 0.5026 train_c: -1.0624 train_max_dist: 24.9316 train_imax: 22.6327 train_imin: -67.4654 time: 3.0882s
INFO:root:Epoch: 0495 lr: 0.001 train_loss: 802685.6250 train_distortion: 1.6240 train_mapscore: 0.5043 train_c: -1.0629 train_max_dist: 25.2021 train_imax: 23.1682 train_imin: -69.2073 time: 3.1112s
INFO:root:Epoch: 0500 lr: 0.001 train_loss: 798104.7500 train_distortion: 1.6970 train_mapscore: 0.5088 train_c: -1.0634 train_max_dist: 25.5527 train_imax: 23.9466 train_imin: -71.5490 time: 3.1065s
INFO:root:Epoch: 0505 lr: 0.001 train_loss: 793737.7500 train_distortion: 1.7733 train_mapscore: 0.5087 train_c: -1.0638 train_max_dist: 25.8584 train_imax: 24.7455 train_imin: -73.6171 time: 3.1008s
INFO:root:Epoch: 0510 lr: 0.001 train_loss: 789420.7500 train_distortion: 1.8517 train_mapscore: 0.5159 train_c: -1.0643 train_max_dist: 26.1826 train_imax: 25.4536 train_imin: -75.8686 time: 3.0943s
INFO:root:Epoch: 0515 lr: 0.001 train_loss: 787963.0000 train_distortion: 1.9298 train_mapscore: 0.5063 train_c: -1.0648 train_max_dist: 26.4302 train_imax: 26.3805 train_imin: -77.6072 time: 3.1180s
INFO:root:Epoch: 0520 lr: 0.001 train_loss: 783826.0000 train_distortion: 2.0068 train_mapscore: 0.5083 train_c: -1.0652 train_max_dist: 26.8101 train_imax: 26.1259 train_imin: -80.3626 time: 3.0589s
INFO:root:Epoch: 0525 lr: 0.001 train_loss: 795971.6250 train_distortion: 2.0841 train_mapscore: 0.4786 train_c: -1.0657 train_max_dist: 26.9351 train_imax: 27.1947 train_imin: -81.2871 time: 3.3055s
INFO:root:Epoch: 0530 lr: 0.001 train_loss: 832164.6875 train_distortion: 1.9791 train_mapscore: 0.4006 train_c: -1.0661 train_max_dist: 26.9858 train_imax: 26.1413 train_imin: -81.6101 time: 3.4390s
INFO:root:Epoch: 0535 lr: 0.001 train_loss: 830969.1250 train_distortion: 1.9828 train_mapscore: 0.3886 train_c: -1.0665 train_max_dist: 27.1514 train_imax: 24.9443 train_imin: -82.8277 time: 3.4201s
INFO:root:Epoch: 0540 lr: 0.001 train_loss: 822378.1250 train_distortion: 2.0439 train_mapscore: 0.3944 train_c: -1.0668 train_max_dist: 27.4878 train_imax: 23.2653 train_imin: -85.4202 time: 3.3875s
INFO:root:Epoch: 0545 lr: 0.001 train_loss: 813279.1250 train_distortion: 2.1298 train_mapscore: 0.4045 train_c: -1.0672 train_max_dist: 27.6973 train_imax: 23.6503 train_imin: -87.0142 time: 3.3194s
INFO:root:Epoch: 0550 lr: 0.001 train_loss: 803638.4375 train_distortion: 2.2254 train_mapscore: 0.4162 train_c: -1.0675 train_max_dist: 27.8809 train_imax: 25.0942 train_imin: -88.4683 time: 3.3320s
INFO:root:Epoch: 0555 lr: 0.001 train_loss: 795425.6250 train_distortion: 2.3255 train_mapscore: 0.4298 train_c: -1.0679 train_max_dist: 28.1602 train_imax: 26.0698 train_imin: -90.7031 time: 3.3050s
INFO:root:Epoch: 0560 lr: 0.001 train_loss: 788420.5000 train_distortion: 2.4249 train_mapscore: 0.4412 train_c: -1.0682 train_max_dist: 28.4316 train_imax: 27.5153 train_imin: -92.9476 time: 3.3119s
INFO:root:Epoch: 0565 lr: 0.001 train_loss: 782381.0625 train_distortion: 2.5239 train_mapscore: 0.4533 train_c: -1.0686 train_max_dist: 28.7388 train_imax: 28.8625 train_imin: -95.5010 time: 3.2790s
INFO:root:Epoch: 0570 lr: 0.001 train_loss: 776663.5625 train_distortion: 2.6249 train_mapscore: 0.4637 train_c: -1.0689 train_max_dist: 29.0166 train_imax: 29.4886 train_imin: -97.8805 time: 3.2222s
INFO:root:Epoch: 0575 lr: 0.001 train_loss: 771360.0625 train_distortion: 2.7254 train_mapscore: 0.4708 train_c: -1.0693 train_max_dist: 29.2949 train_imax: 30.6303 train_imin: -100.2899 time: 3.2304s
INFO:root:Epoch: 0580 lr: 0.001 train_loss: 766741.0000 train_distortion: 2.8259 train_mapscore: 0.4794 train_c: -1.0696 train_max_dist: 29.5781 train_imax: 31.5771 train_imin: -102.8026 time: 3.2222s
INFO:root:Epoch: 0585 lr: 0.001 train_loss: 762422.2500 train_distortion: 2.9289 train_mapscore: 0.4862 train_c: -1.0700 train_max_dist: 29.8672 train_imax: 32.7466 train_imin: -105.3813 time: 3.2252s
INFO:root:Epoch: 0590 lr: 0.001 train_loss: 759855.3750 train_distortion: 3.0283 train_mapscore: 0.4843 train_c: -1.0703 train_max_dist: 30.1338 train_imax: 33.9862 train_imin: -107.8549 time: 3.1899s
INFO:root:Epoch: 0595 lr: 0.001 train_loss: 758257.3750 train_distortion: 3.1102 train_mapscore: 0.4805 train_c: -1.0707 train_max_dist: 30.3486 train_imax: 34.8786 train_imin: -109.8613 time: 3.1847s
INFO:root:Epoch: 0600 lr: 0.001 train_loss: 770903.8750 train_distortion: 3.1814 train_mapscore: 0.4508 train_c: -1.0711 train_max_dist: 29.7100 train_imax: 34.3010 train_imin: -103.7870 time: 3.2750s
INFO:root:Epoch: 0605 lr: 0.001 train_loss: 857548.2500 train_distortion: 2.9148 train_mapscore: 0.3400 train_c: -1.0716 train_max_dist: 26.5518 train_imax: 33.1512 train_imin: -77.7686 time: 3.4585s
INFO:root:Epoch: 0610 lr: 0.001 train_loss: 874163.5625 train_distortion: 2.7417 train_mapscore: 0.3139 train_c: -1.0719 train_max_dist: 25.9917 train_imax: 32.2936 train_imin: -68.6281 time: 3.5091s
INFO:root:Epoch: 0615 lr: 0.001 train_loss: 867984.0000 train_distortion: 2.6748 train_mapscore: 0.3123 train_c: -1.0721 train_max_dist: 25.8169 train_imax: 33.1716 train_imin: -67.2360 time: 3.5001s
INFO:root:Epoch: 0620 lr: 0.001 train_loss: 855985.2500 train_distortion: 2.6773 train_mapscore: 0.3216 train_c: -1.0723 train_max_dist: 25.7905 train_imax: 34.3114 train_imin: -66.7220 time: 3.4830s
INFO:root:Epoch: 0625 lr: 0.001 train_loss: 843216.5000 train_distortion: 2.7255 train_mapscore: 0.3317 train_c: -1.0725 train_max_dist: 25.8853 train_imax: 34.9341 train_imin: -67.2333 time: 3.4506s
INFO:root:Epoch: 0630 lr: 0.001 train_loss: 831935.3750 train_distortion: 2.7965 train_mapscore: 0.3429 train_c: -1.0727 train_max_dist: 26.0542 train_imax: 34.3460 train_imin: -67.8476 time: 3.4200s
INFO:root:Epoch: 0635 lr: 0.001 train_loss: 821953.1875 train_distortion: 2.8861 train_mapscore: 0.3537 train_c: -1.0729 train_max_dist: 26.2798 train_imax: 34.1282 train_imin: -69.3126 time: 3.4094s
INFO:root:Epoch: 0640 lr: 0.001 train_loss: 812936.6875 train_distortion: 2.9884 train_mapscore: 0.3648 train_c: -1.0731 train_max_dist: 26.6001 train_imax: 35.2053 train_imin: -70.9299 time: 3.3858s
INFO:root:Epoch: 0645 lr: 0.001 train_loss: 806417.7500 train_distortion: 3.0900 train_mapscore: 0.3724 train_c: -1.0734 train_max_dist: 26.8799 train_imax: 35.9379 train_imin: -72.0794 time: 3.3700s
INFO:root:Epoch: 0650 lr: 0.001 train_loss: 799584.3750 train_distortion: 3.1931 train_mapscore: 0.3811 train_c: -1.0736 train_max_dist: 27.1006 train_imax: 36.2590 train_imin: -73.7388 time: 3.3468s
INFO:root:Epoch: 0655 lr: 0.001 train_loss: 793231.2500 train_distortion: 3.2999 train_mapscore: 0.3901 train_c: -1.0738 train_max_dist: 27.3184 train_imax: 36.8626 train_imin: -75.1834 time: 3.3321s
INFO:root:Epoch: 0660 lr: 0.001 train_loss: 787707.1250 train_distortion: 3.4077 train_mapscore: 0.3981 train_c: -1.0740 train_max_dist: 27.5767 train_imax: 37.6236 train_imin: -76.7998 time: 3.3312s
INFO:root:Epoch: 0665 lr: 0.001 train_loss: 782679.6250 train_distortion: 3.5141 train_mapscore: 0.4062 train_c: -1.0742 train_max_dist: 27.7881 train_imax: 38.4622 train_imin: -78.2401 time: 3.3069s
INFO:root:Epoch: 0670 lr: 0.001 train_loss: 778640.1250 train_distortion: 3.6249 train_mapscore: 0.4119 train_c: -1.0745 train_max_dist: 27.9893 train_imax: 39.4256 train_imin: -79.5330 time: 3.3207s
INFO:root:Epoch: 0675 lr: 0.001 train_loss: 774752.1250 train_distortion: 3.7332 train_mapscore: 0.4191 train_c: -1.0747 train_max_dist: 28.1787 train_imax: 40.3165 train_imin: -80.9868 time: 3.3120s
INFO:root:Epoch: 0680 lr: 0.001 train_loss: 770564.8125 train_distortion: 3.8442 train_mapscore: 0.4253 train_c: -1.0749 train_max_dist: 28.3521 train_imax: 41.0919 train_imin: -82.2828 time: 3.2848s
INFO:root:Epoch: 0685 lr: 0.001 train_loss: 766932.3750 train_distortion: 3.9513 train_mapscore: 0.4316 train_c: -1.0751 train_max_dist: 28.5488 train_imax: 41.9617 train_imin: -83.8230 time: 3.2669s
INFO:root:Epoch: 0690 lr: 0.001 train_loss: 763457.5000 train_distortion: 4.0598 train_mapscore: 0.4376 train_c: -1.0754 train_max_dist: 28.7378 train_imax: 42.9517 train_imin: -85.2667 time: 3.2663s
INFO:root:Epoch: 0695 lr: 0.001 train_loss: 760276.3750 train_distortion: 4.1677 train_mapscore: 0.4447 train_c: -1.0756 train_max_dist: 28.9199 train_imax: 43.8650 train_imin: -86.7662 time: 3.2759s
INFO:root:Epoch: 0700 lr: 0.001 train_loss: 757321.5000 train_distortion: 4.2760 train_mapscore: 0.4485 train_c: -1.0758 train_max_dist: 29.0981 train_imax: 44.7879 train_imin: -88.4132 time: 3.2538s
INFO:root:Epoch: 0705 lr: 0.001 train_loss: 754419.3750 train_distortion: 4.3839 train_mapscore: 0.4548 train_c: -1.0760 train_max_dist: 29.2798 train_imax: 45.6550 train_imin: -89.5202 time: 3.2108s
INFO:root:Epoch: 0710 lr: 0.001 train_loss: 751768.1250 train_distortion: 4.4947 train_mapscore: 0.4600 train_c: -1.0762 train_max_dist: 29.4585 train_imax: 46.5031 train_imin: -91.0018 time: 3.2288s
INFO:root:Epoch: 0715 lr: 0.001 train_loss: 749372.8750 train_distortion: 4.6020 train_mapscore: 0.4626 train_c: -1.0764 train_max_dist: 29.6206 train_imax: 47.3720 train_imin: -91.9862 time: 3.2302s
INFO:root:Epoch: 0720 lr: 0.001 train_loss: 746776.7500 train_distortion: 4.7102 train_mapscore: 0.4704 train_c: -1.0766 train_max_dist: 29.7935 train_imax: 48.2244 train_imin: -93.6538 time: 3.2293s
INFO:root:Epoch: 0725 lr: 0.001 train_loss: 744722.4375 train_distortion: 4.8155 train_mapscore: 0.4707 train_c: -1.0768 train_max_dist: 29.9663 train_imax: 49.0630 train_imin: -94.5583 time: 3.2329s
INFO:root:Epoch: 0730 lr: 0.001 train_loss: 742704.0625 train_distortion: 4.9237 train_mapscore: 0.4722 train_c: -1.0770 train_max_dist: 30.1338 train_imax: 49.8848 train_imin: -97.1279 time: 3.1806s
INFO:root:Epoch: 0735 lr: 0.001 train_loss: 740959.1250 train_distortion: 5.0297 train_mapscore: 0.4758 train_c: -1.0772 train_max_dist: 30.3193 train_imax: 50.6688 train_imin: -97.0818 time: 3.2132s
INFO:root:Epoch: 0740 lr: 0.001 train_loss: 738615.4375 train_distortion: 5.1377 train_mapscore: 0.4794 train_c: -1.0774 train_max_dist: 30.4834 train_imax: 51.4319 train_imin: -100.0240 time: 3.2128s
INFO:root:Epoch: 0745 lr: 0.001 train_loss: 738759.2500 train_distortion: 5.2391 train_mapscore: 0.4757 train_c: -1.0776 train_max_dist: 30.6631 train_imax: 52.2035 train_imin: -100.0940 time: 3.2009s
INFO:root:Epoch: 0750 lr: 0.001 train_loss: 751366.2500 train_distortion: 5.2898 train_mapscore: 0.4476 train_c: -1.0778 train_max_dist: 30.7881 train_imax: 53.0572 train_imin: -102.1947 time: 3.2070s
INFO:root:Epoch: 0755 lr: 0.001 train_loss: 817177.3125 train_distortion: 5.0119 train_mapscore: 0.3657 train_c: -1.0781 train_max_dist: 30.5029 train_imax: 52.3081 train_imin: -98.7806 time: 3.2417s
INFO:root:Epoch: 0760 lr: 0.001 train_loss: 827616.6250 train_distortion: 4.8240 train_mapscore: 0.3463 train_c: -1.0783 train_max_dist: 30.3774 train_imax: 50.6454 train_imin: -95.9077 time: 3.3058s
INFO:root:Epoch: 0765 lr: 0.001 train_loss: 824603.2500 train_distortion: 4.7233 train_mapscore: 0.3438 train_c: -1.0784 train_max_dist: 30.1543 train_imax: 49.2559 train_imin: -94.2346 time: 3.3199s
INFO:root:Epoch: 0770 lr: 0.001 train_loss: 823998.8750 train_distortion: 4.6621 train_mapscore: 0.3411 train_c: -1.0785 train_max_dist: 30.0068 train_imax: 47.9041 train_imin: -93.0419 time: 3.3399s
INFO:root:Epoch: 0775 lr: 0.001 train_loss: 816687.5000 train_distortion: 4.6548 train_mapscore: 0.3461 train_c: -1.0786 train_max_dist: 30.0205 train_imax: 47.5618 train_imin: -92.8380 time: 3.3308s
INFO:root:Epoch: 0780 lr: 0.001 train_loss: 807626.3750 train_distortion: 4.6728 train_mapscore: 0.3549 train_c: -1.0787 train_max_dist: 30.0488 train_imax: 47.4261 train_imin: -93.6309 time: 3.3259s
INFO:root:Epoch: 0785 lr: 0.001 train_loss: 798885.9375 train_distortion: 4.7140 train_mapscore: 0.3637 train_c: -1.0788 train_max_dist: 30.1382 train_imax: 47.8446 train_imin: -93.6512 time: 3.3118s
INFO:root:Epoch: 0790 lr: 0.001 train_loss: 791206.3125 train_distortion: 4.7706 train_mapscore: 0.3735 train_c: -1.0789 train_max_dist: 30.1895 train_imax: 48.4878 train_imin: -94.0428 time: 3.3008s
INFO:root:Epoch: 0795 lr: 0.001 train_loss: 786357.6250 train_distortion: 4.8340 train_mapscore: 0.3810 train_c: -1.0791 train_max_dist: 30.2993 train_imax: 49.0342 train_imin: -94.3518 time: 3.2865s
INFO:root:Epoch: 0800 lr: 0.001 train_loss: 780151.6875 train_distortion: 4.9145 train_mapscore: 0.3897 train_c: -1.0792 train_max_dist: 30.4087 train_imax: 49.5538 train_imin: -94.8671 time: 3.2643s
INFO:root:Epoch: 0805 lr: 0.001 train_loss: 774594.8125 train_distortion: 5.0000 train_mapscore: 0.3981 train_c: -1.0793 train_max_dist: 30.5786 train_imax: 50.1127 train_imin: -95.5216 time: 3.2600s
INFO:root:Epoch: 0810 lr: 0.001 train_loss: 769761.6250 train_distortion: 5.0942 train_mapscore: 0.4069 train_c: -1.0795 train_max_dist: 30.7173 train_imax: 50.7093 train_imin: -96.2813 time: 3.2384s
INFO:root:Epoch: 0815 lr: 0.001 train_loss: 765555.7500 train_distortion: 5.1907 train_mapscore: 0.4133 train_c: -1.0797 train_max_dist: 30.8496 train_imax: 51.2309 train_imin: -97.3783 time: 3.2382s
INFO:root:Epoch: 0820 lr: 0.001 train_loss: 761743.9375 train_distortion: 5.2929 train_mapscore: 0.4210 train_c: -1.0798 train_max_dist: 31.0059 train_imax: 51.9465 train_imin: -98.3675 time: 3.2360s
INFO:root:Epoch: 0825 lr: 0.001 train_loss: 761913.5000 train_distortion: 5.3918 train_mapscore: 0.4184 train_c: -1.0800 train_max_dist: 31.1475 train_imax: 52.4809 train_imin: -99.4350 time: 3.2440s
INFO:root:Epoch: 0830 lr: 0.001 train_loss: 758403.1250 train_distortion: 5.4876 train_mapscore: 0.4228 train_c: -1.0801 train_max_dist: 31.2764 train_imax: 53.2209 train_imin: -100.6085 time: 3.2271s
INFO:root:Epoch: 0835 lr: 0.001 train_loss: 755346.1875 train_distortion: 5.5898 train_mapscore: 0.4282 train_c: -1.0803 train_max_dist: 31.3828 train_imax: 53.9140 train_imin: -101.6457 time: 3.2145s
INFO:root:Epoch: 0840 lr: 0.001 train_loss: 752062.2500 train_distortion: 5.6884 train_mapscore: 0.4349 train_c: -1.0804 train_max_dist: 31.5400 train_imax: 54.6931 train_imin: -102.7993 time: 3.2215s
INFO:root:Epoch: 0845 lr: 0.001 train_loss: 748861.0000 train_distortion: 5.7902 train_mapscore: 0.4417 train_c: -1.0806 train_max_dist: 31.6680 train_imax: 55.4161 train_imin: -103.9407 time: 3.2100s
INFO:root:Epoch: 0850 lr: 0.001 train_loss: 746200.7500 train_distortion: 5.8912 train_mapscore: 0.4463 train_c: -1.0807 train_max_dist: 31.8237 train_imax: 56.1011 train_imin: -105.0645 time: 3.2059s
INFO:root:Epoch: 0855 lr: 0.001 train_loss: 777169.2500 train_distortion: 5.8680 train_mapscore: 0.4047 train_c: -1.0810 train_max_dist: 31.7915 train_imax: 57.8530 train_imin: -106.8914 time: 3.2452s
INFO:root:Epoch: 0860 lr: 0.001 train_loss: 885026.8750 train_distortion: 5.6497 train_mapscore: 0.3094 train_c: -1.0806 train_max_dist: 31.0464 train_imax: 56.9650 train_imin: -104.7127 time: 3.4261s
INFO:root:Epoch: 0865 lr: 0.001 train_loss: 967521.6250 train_distortion: 5.0542 train_mapscore: 0.2494 train_c: -1.0808 train_max_dist: 30.1367 train_imax: 56.3279 train_imin: -97.9710 time: 3.5860s
INFO:root:Epoch: 0870 lr: 0.001 train_loss: 1069268.2500 train_distortion: 4.3126 train_mapscore: 0.1924 train_c: -1.0812 train_max_dist: 29.0054 train_imax: 55.6510 train_imin: -93.5434 time: 3.8484s
INFO:root:Epoch: 0875 lr: 0.001 train_loss: 1114638.2500 train_distortion: 3.8522 train_mapscore: 0.1663 train_c: -1.0813 train_max_dist: 28.5928 train_imax: 53.5110 train_imin: -92.5132 time: 3.9678s
INFO:root:Epoch: 0880 lr: 0.001 train_loss: 1123608.0000 train_distortion: 3.5784 train_mapscore: 0.1582 train_c: -1.0812 train_max_dist: 28.4541 train_imax: 50.9461 train_imin: -91.3762 time: 4.0115s
INFO:root:Epoch: 0885 lr: 0.001 train_loss: 1115606.2500 train_distortion: 3.4089 train_mapscore: 0.1580 train_c: -1.0811 train_max_dist: 32.0000 train_imax: 48.5089 train_imin: -89.5948 time: 4.0293s
INFO:root:Epoch: 0890 lr: 0.001 train_loss: 1111642.7500 train_distortion: 3.2540 train_mapscore: 0.1569 train_c: -1.0811 train_max_dist: 27.7148 train_imax: 40.3103 train_imin: -85.4653 time: 3.9481s
INFO:root:Epoch: 0895 lr: 0.001 train_loss: 1126234.0000 train_distortion: 3.1018 train_mapscore: 0.1495 train_c: -1.0815 train_max_dist: 27.3994 train_imax: 39.7888 train_imin: -82.9760 time: 4.0861s
INFO:root:Epoch: 0900 lr: 0.001 train_loss: 1127357.1250 train_distortion: 2.9959 train_mapscore: 0.1472 train_c: -1.0817 train_max_dist: 27.1602 train_imax: 39.2289 train_imin: -81.1539 time: 4.1717s
INFO:root:Epoch: 0905 lr: 0.001 train_loss: 1119497.0000 train_distortion: 2.9188 train_mapscore: 0.1494 train_c: -1.0817 train_max_dist: 26.8359 train_imax: 38.8036 train_imin: -78.7454 time: 4.1563s
INFO:root:Epoch: 0910 lr: 0.001 train_loss: 1107296.7500 train_distortion: 2.8698 train_mapscore: 0.1536 train_c: -1.0817 train_max_dist: 26.6035 train_imax: 38.5206 train_imin: -77.0598 time: 4.1721s
INFO:root:Epoch: 0915 lr: 0.001 train_loss: 1093419.0000 train_distortion: 2.8375 train_mapscore: 0.1591 train_c: -1.0816 train_max_dist: 26.4551 train_imax: 38.2734 train_imin: -76.0167 time: 4.1303s
INFO:root:Epoch: 0920 lr: 0.001 train_loss: 1081478.0000 train_distortion: 2.8121 train_mapscore: 0.1632 train_c: -1.0815 train_max_dist: 26.2432 train_imax: 38.1319 train_imin: -74.5452 time: 4.1436s
INFO:root:Epoch: 0925 lr: 0.001 train_loss: 1071555.6250 train_distortion: 2.7880 train_mapscore: 0.1673 train_c: -1.0814 train_max_dist: 26.2773 train_imax: 37.7775 train_imin: -74.7701 time: 4.1342s
INFO:root:Epoch: 0930 lr: 0.001 train_loss: 1062013.6250 train_distortion: 2.7693 train_mapscore: 0.1717 train_c: -1.0814 train_max_dist: 26.1270 train_imax: 37.4603 train_imin: -73.7260 time: 4.0891s
INFO:root:Epoch: 0935 lr: 0.001 train_loss: 1052641.6250 train_distortion: 2.7543 train_mapscore: 0.1757 train_c: -1.0813 train_max_dist: 25.8994 train_imax: 37.2114 train_imin: -72.1880 time: 4.0815s
INFO:root:Epoch: 0940 lr: 0.001 train_loss: 1044120.2500 train_distortion: 2.7476 train_mapscore: 0.1801 train_c: -1.0812 train_max_dist: 25.8223 train_imax: 37.1200 train_imin: -70.9893 time: 4.0421s
INFO:root:Epoch: 0945 lr: 0.001 train_loss: 1036560.5625 train_distortion: 2.7423 train_mapscore: 0.1833 train_c: -1.0811 train_max_dist: 25.7998 train_imax: 37.0328 train_imin: -71.5171 time: 4.0951s
INFO:root:Epoch: 0950 lr: 0.001 train_loss: 1029384.0625 train_distortion: 2.7346 train_mapscore: 0.1873 train_c: -1.0810 train_max_dist: 25.8389 train_imax: 36.9101 train_imin: -71.8003 time: 4.0517s
INFO:root:Epoch: 0955 lr: 0.001 train_loss: 1025418.5625 train_distortion: 2.7195 train_mapscore: 0.1887 train_c: -1.0809 train_max_dist: 25.7041 train_imax: 36.7704 train_imin: -70.8862 time: 4.0504s
INFO:root:Epoch: 0960 lr: 0.001 train_loss: 1022558.5625 train_distortion: 2.6982 train_mapscore: 0.1907 train_c: -1.0809 train_max_dist: 25.5833 train_imax: 36.6210 train_imin: -69.7774 time: 4.0379s
INFO:root:Epoch: 0965 lr: 0.001 train_loss: 1018275.1875 train_distortion: 2.6795 train_mapscore: 0.1924 train_c: -1.0808 train_max_dist: 25.5225 train_imax: 36.4499 train_imin: -69.5018 time: 4.0542s
INFO:root:Epoch: 0970 lr: 0.001 train_loss: 1013201.5000 train_distortion: 2.6663 train_mapscore: 0.1948 train_c: -1.0808 train_max_dist: 25.4893 train_imax: 36.2889 train_imin: -69.4523 time: 4.0248s
INFO:root:Epoch: 0975 lr: 0.001 train_loss: 1007485.6250 train_distortion: 2.6572 train_mapscore: 0.1978 train_c: -1.0807 train_max_dist: 25.4180 train_imax: 36.1328 train_imin: -68.9772 time: 4.0544s
INFO:root:Epoch: 0980 lr: 0.001 train_loss: 1002135.2500 train_distortion: 2.6528 train_mapscore: 0.2012 train_c: -1.0807 train_max_dist: 25.3789 train_imax: 35.9839 train_imin: -68.7547 time: 4.0256s
INFO:root:Epoch: 0985 lr: 0.001 train_loss: 996690.0625 train_distortion: 2.6510 train_mapscore: 0.2044 train_c: -1.0806 train_max_dist: 25.3877 train_imax: 35.8589 train_imin: -68.8138 time: 3.9813s
INFO:root:Epoch: 0990 lr: 0.001 train_loss: 991833.6250 train_distortion: 2.6515 train_mapscore: 0.2074 train_c: -1.0806 train_max_dist: 25.3906 train_imax: 35.7449 train_imin: -68.8399 time: 3.9668s
INFO:root:Epoch: 0995 lr: 0.001 train_loss: 987131.9375 train_distortion: 2.6529 train_mapscore: 0.2108 train_c: -1.0806 train_max_dist: 25.3730 train_imax: 35.6578 train_imin: -68.7214 time: 3.9581s
INFO:root:Epoch: 1000 lr: 0.001 train_loss: 982891.8125 train_distortion: 2.6551 train_mapscore: 0.2137 train_c: -1.0805 train_max_dist: 25.3340 train_imax: 35.5786 train_imin: -68.4646 time: 3.9682s
INFO:root:Epoch: 1005 lr: 0.001 train_loss: 978803.7500 train_distortion: 2.6576 train_mapscore: 0.2165 train_c: -1.0805 train_max_dist: 25.3301 train_imax: 35.4905 train_imin: -68.4403 time: 3.9463s
INFO:root:Epoch: 1010 lr: 0.001 train_loss: 974861.5625 train_distortion: 2.6607 train_mapscore: 0.2193 train_c: -1.0805 train_max_dist: 25.3340 train_imax: 35.4223 train_imin: -68.4827 time: 3.9319s
INFO:root:Epoch: 1015 lr: 0.001 train_loss: 971133.8750 train_distortion: 2.6640 train_mapscore: 0.2218 train_c: -1.0805 train_max_dist: 25.3105 train_imax: 35.3626 train_imin: -68.3358 time: 3.9108s
INFO:root:Epoch: 1020 lr: 0.001 train_loss: 967676.8750 train_distortion: 2.6675 train_mapscore: 0.2247 train_c: -1.0805 train_max_dist: 25.3125 train_imax: 35.3076 train_imin: -68.3507 time: 3.9064s
INFO:root:Epoch: 1025 lr: 0.001 train_loss: 964430.4375 train_distortion: 2.6717 train_mapscore: 0.2274 train_c: -1.0805 train_max_dist: 25.3379 train_imax: 35.2383 train_imin: -68.4805 time: 3.9078s
INFO:root:Epoch: 1030 lr: 0.001 train_loss: 961464.8750 train_distortion: 2.6767 train_mapscore: 0.2295 train_c: -1.0805 train_max_dist: 25.3306 train_imax: 35.1992 train_imin: -68.4745 time: 3.8921s
INFO:root:Epoch: 1035 lr: 0.001 train_loss: 960240.0625 train_distortion: 2.6802 train_mapscore: 0.2306 train_c: -1.0805 train_max_dist: 26.0283 train_imax: 35.0659 train_imin: -73.1254 time: 3.9000s
INFO:root:Epoch: 1040 lr: 0.001 train_loss: 956723.3125 train_distortion: 2.6837 train_mapscore: 0.2327 train_c: -1.0805 train_max_dist: 25.8730 train_imax: 34.9921 train_imin: -72.0666 time: 3.8797s
INFO:root:Epoch: 1045 lr: 0.001 train_loss: 953895.2500 train_distortion: 2.6888 train_mapscore: 0.2349 train_c: -1.0805 train_max_dist: 25.4746 train_imax: 34.9368 train_imin: -69.3874 time: 3.8734s
INFO:root:Epoch: 1050 lr: 0.001 train_loss: 951910.0625 train_distortion: 2.6828 train_mapscore: 0.2345 train_c: -1.0806 train_max_dist: 25.4131 train_imax: 34.7660 train_imin: -68.9792 time: 3.8615s
INFO:root:Epoch: 1055 lr: 0.001 train_loss: 952904.3750 train_distortion: 2.6639 train_mapscore: 0.2318 train_c: -1.0806 train_max_dist: 25.5454 train_imax: 34.4155 train_imin: -69.8412 time: 3.8704s
INFO:root:Epoch: 1060 lr: 0.001 train_loss: 952861.7500 train_distortion: 2.6541 train_mapscore: 0.2318 train_c: -1.0807 train_max_dist: 25.5381 train_imax: 34.1691 train_imin: -69.8100 time: 3.8339s
INFO:root:Epoch: 1065 lr: 0.001 train_loss: 951114.1250 train_distortion: 2.6512 train_mapscore: 0.2324 train_c: -1.0807 train_max_dist: 25.3760 train_imax: 34.0621 train_imin: -68.7403 time: 3.8639s
INFO:root:Epoch: 1070 lr: 0.001 train_loss: 948796.4375 train_distortion: 2.6533 train_mapscore: 0.2342 train_c: -1.0807 train_max_dist: 25.2500 train_imax: 34.0294 train_imin: -67.9039 time: 3.8321s
INFO:root:Epoch: 1075 lr: 0.001 train_loss: 946190.1875 train_distortion: 2.6597 train_mapscore: 0.2361 train_c: -1.0808 train_max_dist: 25.2695 train_imax: 34.0123 train_imin: -68.0275 time: 3.7967s
INFO:root:Epoch: 1080 lr: 0.001 train_loss: 943544.1250 train_distortion: 2.6683 train_mapscore: 0.2389 train_c: -1.0808 train_max_dist: 25.3271 train_imax: 34.0143 train_imin: -68.4061 time: 3.8419s
INFO:root:Epoch: 1085 lr: 0.001 train_loss: 940874.1250 train_distortion: 2.6777 train_mapscore: 0.2416 train_c: -1.0808 train_max_dist: 25.3203 train_imax: 34.0304 train_imin: -68.3565 time: 3.8252s
INFO:root:Epoch: 1090 lr: 0.001 train_loss: 938353.5000 train_distortion: 2.6881 train_mapscore: 0.2436 train_c: -1.0808 train_max_dist: 25.3281 train_imax: 34.0412 train_imin: -68.3864 time: 3.8060s
INFO:root:Epoch: 1095 lr: 0.001 train_loss: 935925.2500 train_distortion: 2.6993 train_mapscore: 0.2459 train_c: -1.0808 train_max_dist: 25.3696 train_imax: 34.0618 train_imin: -68.6767 time: 3.8044s
INFO:root:Epoch: 1100 lr: 0.001 train_loss: 933615.0625 train_distortion: 2.7112 train_mapscore: 0.2483 train_c: -1.0809 train_max_dist: 25.4023 train_imax: 34.1015 train_imin: -68.8938 time: 3.7638s
INFO:root:Epoch: 1105 lr: 0.001 train_loss: 931456.2500 train_distortion: 2.7240 train_mapscore: 0.2500 train_c: -1.0809 train_max_dist: 25.4072 train_imax: 34.1188 train_imin: -68.9257 time: 3.7978s
INFO:root:Epoch: 1110 lr: 0.001 train_loss: 929448.2500 train_distortion: 2.7371 train_mapscore: 0.2517 train_c: -1.0809 train_max_dist: 25.4102 train_imax: 34.1534 train_imin: -68.9415 time: 3.8069s
INFO:root:Epoch: 1115 lr: 0.001 train_loss: 927735.5625 train_distortion: 2.7509 train_mapscore: 0.2531 train_c: -1.0810 train_max_dist: 25.4346 train_imax: 34.1903 train_imin: -69.0848 time: 3.7842s
INFO:root:Epoch: 1120 lr: 0.001 train_loss: 925841.6250 train_distortion: 2.7644 train_mapscore: 0.2545 train_c: -1.0810 train_max_dist: 25.5029 train_imax: 34.2331 train_imin: -69.5350 time: 3.7615s
INFO:root:Epoch: 1125 lr: 0.001 train_loss: 924006.3125 train_distortion: 2.7774 train_mapscore: 0.2563 train_c: -1.0810 train_max_dist: 25.5337 train_imax: 34.3069 train_imin: -69.7486 time: 3.7381s
INFO:root:Epoch: 1130 lr: 0.001 train_loss: 922240.5625 train_distortion: 2.7906 train_mapscore: 0.2581 train_c: -1.0811 train_max_dist: 25.5693 train_imax: 34.3771 train_imin: -69.9741 time: 3.7541s
INFO:root:Epoch: 1135 lr: 0.001 train_loss: 920424.2500 train_distortion: 2.8040 train_mapscore: 0.2604 train_c: -1.0811 train_max_dist: 25.5518 train_imax: 34.4436 train_imin: -69.8573 time: 3.7711s
INFO:root:Epoch: 1140 lr: 0.001 train_loss: 918712.2500 train_distortion: 2.8174 train_mapscore: 0.2628 train_c: -1.0811 train_max_dist: 25.5547 train_imax: 34.5167 train_imin: -69.8682 time: 3.7439s
INFO:root:Epoch: 1145 lr: 0.001 train_loss: 917102.8125 train_distortion: 2.8309 train_mapscore: 0.2642 train_c: -1.0812 train_max_dist: 25.5430 train_imax: 34.5849 train_imin: -69.7996 time: 3.7645s
INFO:root:Epoch: 1150 lr: 0.001 train_loss: 915633.5000 train_distortion: 2.8436 train_mapscore: 0.2651 train_c: -1.0812 train_max_dist: 25.5312 train_imax: 34.6616 train_imin: -69.7090 time: 3.7457s
INFO:root:Epoch: 1155 lr: 0.001 train_loss: 914351.7500 train_distortion: 2.8565 train_mapscore: 0.2662 train_c: -1.0813 train_max_dist: 25.5107 train_imax: 34.7520 train_imin: -69.5574 time: 3.7366s
INFO:root:Epoch: 1160 lr: 0.001 train_loss: 914617.1250 train_distortion: 2.8575 train_mapscore: 0.2634 train_c: -1.0814 train_max_dist: 25.5361 train_imax: 34.8998 train_imin: -69.7278 time: 3.7418s
INFO:root:Epoch: 1165 lr: 0.001 train_loss: 915130.1250 train_distortion: 2.8595 train_mapscore: 0.2621 train_c: -1.0815 train_max_dist: 25.5254 train_imax: 35.0090 train_imin: -69.6427 time: 3.7210s
INFO:root:Epoch: 1170 lr: 0.001 train_loss: 914607.0625 train_distortion: 2.8626 train_mapscore: 0.2625 train_c: -1.0816 train_max_dist: 25.5195 train_imax: 35.1000 train_imin: -69.5835 time: 3.7325s
INFO:root:Epoch: 1175 lr: 0.001 train_loss: 915487.2500 train_distortion: 2.8588 train_mapscore: 0.2627 train_c: -1.0817 train_max_dist: 25.5391 train_imax: 35.1627 train_imin: -69.7247 time: 3.7081s
INFO:root:Epoch: 1180 lr: 0.001 train_loss: 915003.8750 train_distortion: 2.8642 train_mapscore: 0.2630 train_c: -1.0817 train_max_dist: 25.5537 train_imax: 35.2267 train_imin: -69.8158 time: 3.7465s
INFO:root:Epoch: 1185 lr: 0.001 train_loss: 913255.9375 train_distortion: 2.8728 train_mapscore: 0.2642 train_c: -1.0818 train_max_dist: 25.5664 train_imax: 35.2204 train_imin: -69.7989 time: 3.7166s
INFO:root:Epoch: 1190 lr: 0.001 train_loss: 911550.5625 train_distortion: 2.8820 train_mapscore: 0.2657 train_c: -1.0819 train_max_dist: 25.5737 train_imax: 35.1626 train_imin: -69.8350 time: 3.6998s
INFO:root:Epoch: 1195 lr: 0.001 train_loss: 909645.5000 train_distortion: 2.8939 train_mapscore: 0.2679 train_c: -1.0819 train_max_dist: 25.5952 train_imax: 35.1512 train_imin: -69.8814 time: 3.6986s
INFO:root:Epoch: 1200 lr: 0.001 train_loss: 907984.5000 train_distortion: 2.9056 train_mapscore: 0.2697 train_c: -1.0820 train_max_dist: 25.6260 train_imax: 35.1382 train_imin: -69.9250 time: 3.6880s
INFO:root:Epoch: 1205 lr: 0.001 train_loss: 906409.5000 train_distortion: 2.9183 train_mapscore: 0.2716 train_c: -1.0821 train_max_dist: 25.6479 train_imax: 35.1764 train_imin: -70.0468 time: 3.7113s
INFO:root:Epoch: 1210 lr: 0.001 train_loss: 904816.5000 train_distortion: 2.9318 train_mapscore: 0.2733 train_c: -1.0822 train_max_dist: 25.6685 train_imax: 35.2301 train_imin: -69.9994 time: 3.6910s
INFO:root:Epoch: 1215 lr: 0.001 train_loss: 904001.3750 train_distortion: 2.9443 train_mapscore: 0.2740 train_c: -1.0822 train_max_dist: 25.6875 train_imax: 35.2585 train_imin: -69.8727 time: 3.6959s
INFO:root:Epoch: 1220 lr: 0.001 train_loss: 903015.1875 train_distortion: 2.9590 train_mapscore: 0.2757 train_c: -1.0823 train_max_dist: 25.7139 train_imax: 35.3328 train_imin: -70.0862 time: 3.6645s
INFO:root:Epoch: 1225 lr: 0.001 train_loss: 901352.8750 train_distortion: 2.9748 train_mapscore: 0.2774 train_c: -1.0823 train_max_dist: 25.7451 train_imax: 35.4126 train_imin: -70.3832 time: 3.6865s
INFO:root:Epoch: 1230 lr: 0.001 train_loss: 899685.1250 train_distortion: 2.9912 train_mapscore: 0.2793 train_c: -1.0824 train_max_dist: 25.7710 train_imax: 35.5272 train_imin: -70.6803 time: 3.6806s
INFO:root:Epoch: 1235 lr: 0.001 train_loss: 898098.1250 train_distortion: 3.0079 train_mapscore: 0.2810 train_c: -1.0824 train_max_dist: 25.8042 train_imax: 35.6463 train_imin: -70.9110 time: 3.6980s
INFO:root:Epoch: 1240 lr: 0.001 train_loss: 896651.9375 train_distortion: 3.0254 train_mapscore: 0.2829 train_c: -1.0825 train_max_dist: 25.8447 train_imax: 35.7442 train_imin: -71.4996 time: 3.6837s
INFO:root:Epoch: 1245 lr: 0.001 train_loss: 895228.7500 train_distortion: 3.0425 train_mapscore: 0.2841 train_c: -1.0826 train_max_dist: 25.8740 train_imax: 35.8455 train_imin: -71.2004 time: 3.6728s
INFO:root:Epoch: 1250 lr: 0.001 train_loss: 893792.3125 train_distortion: 3.0606 train_mapscore: 0.2856 train_c: -1.0826 train_max_dist: 25.9199 train_imax: 35.9593 train_imin: -71.6909 time: 3.6501s
INFO:root:Epoch: 1255 lr: 0.001 train_loss: 893823.2500 train_distortion: 3.0739 train_mapscore: 0.2856 train_c: -1.0827 train_max_dist: 25.9453 train_imax: 36.0401 train_imin: -71.6129 time: 3.6607s
INFO:root:Epoch: 1260 lr: 0.001 train_loss: 892649.0000 train_distortion: 3.0890 train_mapscore: 0.2873 train_c: -1.0828 train_max_dist: 25.9834 train_imax: 36.1295 train_imin: -71.9792 time: 3.6237s
INFO:root:Epoch: 1265 lr: 0.001 train_loss: 892581.3750 train_distortion: 3.1035 train_mapscore: 0.2866 train_c: -1.0829 train_max_dist: 25.9707 train_imax: 36.2563 train_imin: -71.7099 time: 3.6854s
INFO:root:Epoch: 1270 lr: 0.001 train_loss: 896730.3750 train_distortion: 3.1038 train_mapscore: 0.2826 train_c: -1.0830 train_max_dist: 25.9863 train_imax: 36.3543 train_imin: -67.0217 time: 3.6638s
INFO:root:Epoch: 1275 lr: 0.001 train_loss: 916957.6875 train_distortion: 3.0592 train_mapscore: 0.2682 train_c: -1.0832 train_max_dist: 26.0029 train_imax: 35.9439 train_imin: -50.5249 time: 3.8024s
INFO:root:Epoch: 1280 lr: 0.001 train_loss: 926356.9375 train_distortion: 3.0336 train_mapscore: 0.2617 train_c: -1.0833 train_max_dist: 26.0396 train_imax: 35.7073 train_imin: -48.3180 time: 3.8957s
INFO:root:Epoch: 1285 lr: 0.001 train_loss: 928241.6250 train_distortion: 3.0257 train_mapscore: 0.2597 train_c: -1.0834 train_max_dist: 26.0635 train_imax: 35.5228 train_imin: -48.3099 time: 3.8582s
INFO:root:Epoch: 1290 lr: 0.001 train_loss: 925900.6875 train_distortion: 3.0299 train_mapscore: 0.2604 train_c: -1.0835 train_max_dist: 26.0732 train_imax: 35.4051 train_imin: -48.2505 time: 3.9025s
INFO:root:Epoch: 1295 lr: 0.001 train_loss: 921588.8750 train_distortion: 3.0411 train_mapscore: 0.2628 train_c: -1.0836 train_max_dist: 26.0918 train_imax: 35.3249 train_imin: -52.6284 time: 3.8033s
INFO:root:Epoch: 1300 lr: 0.001 train_loss: 916119.1250 train_distortion: 3.0573 train_mapscore: 0.2656 train_c: -1.0836 train_max_dist: 26.1147 train_imax: 35.2904 train_imin: -59.2174 time: 3.7492s
INFO:root:Epoch: 1305 lr: 0.001 train_loss: 910869.6250 train_distortion: 3.0760 train_mapscore: 0.2689 train_c: -1.0837 train_max_dist: 26.1445 train_imax: 35.2459 train_imin: -66.0321 time: 3.6940s
INFO:root:Epoch: 1310 lr: 0.001 train_loss: 905920.8750 train_distortion: 3.0969 train_mapscore: 0.2716 train_c: -1.0838 train_max_dist: 26.1768 train_imax: 35.2584 train_imin: -72.9088 time: 3.6399s
INFO:root:Epoch: 1315 lr: 0.001 train_loss: 903168.0000 train_distortion: 3.1184 train_mapscore: 0.2738 train_c: -1.0839 train_max_dist: 26.7861 train_imax: 35.3109 train_imin: -78.1590 time: 3.6671s
INFO:root:Epoch: 1320 lr: 0.001 train_loss: 901029.6875 train_distortion: 3.1384 train_mapscore: 0.2759 train_c: -1.0840 train_max_dist: 27.1182 train_imax: 35.4017 train_imin: -80.5669 time: 3.6615s
INFO:root:Epoch: 1325 lr: 0.001 train_loss: 898276.0625 train_distortion: 3.1565 train_mapscore: 0.2780 train_c: -1.0840 train_max_dist: 27.1045 train_imax: 35.5195 train_imin: -80.4685 time: 3.6641s
INFO:root:Epoch: 1330 lr: 0.001 train_loss: 895402.1250 train_distortion: 3.1732 train_mapscore: 0.2806 train_c: -1.0840 train_max_dist: 26.9258 train_imax: 35.6047 train_imin: -79.1667 time: 3.6600s
INFO:root:Epoch: 1335 lr: 0.001 train_loss: 892972.5000 train_distortion: 3.1906 train_mapscore: 0.2832 train_c: -1.0841 train_max_dist: 26.7793 train_imax: 35.6466 train_imin: -78.0947 time: 3.6659s
INFO:root:Epoch: 1340 lr: 0.001 train_loss: 890725.6250 train_distortion: 3.2090 train_mapscore: 0.2864 train_c: -1.0841 train_max_dist: 26.6963 train_imax: 35.7167 train_imin: -77.4809 time: 3.6263s
INFO:root:Epoch: 1345 lr: 0.001 train_loss: 888675.8750 train_distortion: 3.2284 train_mapscore: 0.2880 train_c: -1.0841 train_max_dist: 26.6680 train_imax: 35.8036 train_imin: -77.2537 time: 3.6220s
INFO:root:Epoch: 1350 lr: 0.001 train_loss: 886769.6250 train_distortion: 3.2478 train_mapscore: 0.2899 train_c: -1.0842 train_max_dist: 26.6533 train_imax: 35.9075 train_imin: -77.1447 time: 3.6372s
INFO:root:Epoch: 1355 lr: 0.001 train_loss: 884995.5000 train_distortion: 3.2671 train_mapscore: 0.2917 train_c: -1.0842 train_max_dist: 26.6387 train_imax: 36.0126 train_imin: -77.0451 time: 3.6293s
INFO:root:Epoch: 1360 lr: 0.001 train_loss: 883360.1875 train_distortion: 3.2872 train_mapscore: 0.2934 train_c: -1.0843 train_max_dist: 26.6172 train_imax: 36.2065 train_imin: -76.8818 time: 3.6327s
INFO:root:Epoch: 1365 lr: 0.001 train_loss: 881842.7500 train_distortion: 3.3073 train_mapscore: 0.2948 train_c: -1.0843 train_max_dist: 26.6074 train_imax: 36.3724 train_imin: -76.7553 time: 3.6304s
INFO:root:Epoch: 1370 lr: 0.001 train_loss: 880382.1250 train_distortion: 3.3276 train_mapscore: 0.2972 train_c: -1.0844 train_max_dist: 26.6602 train_imax: 36.5176 train_imin: -76.8409 time: 3.6334s
INFO:root:Epoch: 1375 lr: 0.001 train_loss: 879010.5000 train_distortion: 3.3479 train_mapscore: 0.2995 train_c: -1.0845 train_max_dist: 26.7129 train_imax: 36.6601 train_imin: -76.9001 time: 3.6028s
INFO:root:Epoch: 1380 lr: 0.001 train_loss: 877644.3125 train_distortion: 3.3679 train_mapscore: 0.3019 train_c: -1.0845 train_max_dist: 26.7651 train_imax: 36.8032 train_imin: -77.0901 time: 3.6099s
INFO:root:Epoch: 1385 lr: 0.001 train_loss: 876503.1250 train_distortion: 3.3854 train_mapscore: 0.3024 train_c: -1.0846 train_max_dist: 26.8135 train_imax: 36.9475 train_imin: -77.2878 time: 3.6117s
INFO:root:Epoch: 1390 lr: 0.001 train_loss: 876620.1875 train_distortion: 3.4015 train_mapscore: 0.3019 train_c: -1.0847 train_max_dist: 26.8472 train_imax: 37.0844 train_imin: -77.4358 time: 3.5881s
INFO:root:Epoch: 1395 lr: 0.001 train_loss: 875044.9375 train_distortion: 3.4209 train_mapscore: 0.3036 train_c: -1.0848 train_max_dist: 26.8931 train_imax: 37.2393 train_imin: -77.5691 time: 3.6083s
INFO:root:Epoch: 1400 lr: 0.001 train_loss: 873630.6875 train_distortion: 3.4415 train_mapscore: 0.3058 train_c: -1.0848 train_max_dist: 26.9365 train_imax: 37.3852 train_imin: -77.7611 time: 3.6101s
INFO:root:Epoch: 1405 lr: 0.001 train_loss: 872438.3125 train_distortion: 3.4623 train_mapscore: 0.3080 train_c: -1.0849 train_max_dist: 26.9863 train_imax: 37.5361 train_imin: -78.0229 time: 3.6110s
INFO:root:Epoch: 1410 lr: 0.001 train_loss: 871235.8750 train_distortion: 3.4833 train_mapscore: 0.3105 train_c: -1.0850 train_max_dist: 27.0332 train_imax: 37.6815 train_imin: -78.2365 time: 3.5854s
INFO:root:Epoch: 1415 lr: 0.001 train_loss: 870137.7500 train_distortion: 3.5042 train_mapscore: 0.3112 train_c: -1.0850 train_max_dist: 27.0830 train_imax: 37.8199 train_imin: -78.4769 time: 3.5842s
INFO:root:Epoch: 1420 lr: 0.001 train_loss: 869143.6875 train_distortion: 3.5251 train_mapscore: 0.3118 train_c: -1.0851 train_max_dist: 27.1304 train_imax: 38.0342 train_imin: -78.6933 time: 3.5907s
INFO:root:Epoch: 1425 lr: 0.001 train_loss: 868483.1875 train_distortion: 3.5417 train_mapscore: 0.3118 train_c: -1.0852 train_max_dist: 27.1797 train_imax: 38.2064 train_imin: -79.0336 time: 3.5851s
INFO:root:Epoch: 1430 lr: 0.001 train_loss: 868305.6875 train_distortion: 3.5557 train_mapscore: 0.3112 train_c: -1.0853 train_max_dist: 27.2246 train_imax: 38.3365 train_imin: -79.3010 time: 3.5785s
INFO:root:Epoch: 1435 lr: 0.001 train_loss: 867423.0000 train_distortion: 3.5752 train_mapscore: 0.3124 train_c: -1.0854 train_max_dist: 27.2734 train_imax: 38.5403 train_imin: -79.4375 time: 3.5912s
INFO:root:Epoch: 1440 lr: 0.001 train_loss: 866364.8125 train_distortion: 3.5966 train_mapscore: 0.3144 train_c: -1.0854 train_max_dist: 27.3203 train_imax: 38.7387 train_imin: -79.6776 time: 3.5770s
INFO:root:Epoch: 1445 lr: 0.001 train_loss: 865243.1875 train_distortion: 3.6181 train_mapscore: 0.3162 train_c: -1.0855 train_max_dist: 27.3677 train_imax: 38.9284 train_imin: -79.8579 time: 3.5365s
INFO:root:Epoch: 1450 lr: 0.001 train_loss: 864112.6250 train_distortion: 3.6399 train_mapscore: 0.3182 train_c: -1.0856 train_max_dist: 27.4185 train_imax: 39.1553 train_imin: -80.0573 time: 3.5751s
INFO:root:Epoch: 1455 lr: 0.001 train_loss: 863036.5000 train_distortion: 3.6620 train_mapscore: 0.3205 train_c: -1.0856 train_max_dist: 27.4688 train_imax: 39.3695 train_imin: -80.2860 time: 3.5851s
INFO:root:Epoch: 1460 lr: 0.001 train_loss: 861986.8750 train_distortion: 3.6842 train_mapscore: 0.3228 train_c: -1.0857 train_max_dist: 27.5186 train_imax: 39.5768 train_imin: -80.5027 time: 3.5680s
INFO:root:Epoch: 1465 lr: 0.001 train_loss: 860956.7500 train_distortion: 3.7067 train_mapscore: 0.3247 train_c: -1.0857 train_max_dist: 27.5664 train_imax: 39.7861 train_imin: -80.7246 time: 3.5610s
INFO:root:Epoch: 1470 lr: 0.001 train_loss: 859948.6875 train_distortion: 3.7295 train_mapscore: 0.3275 train_c: -1.0858 train_max_dist: 27.6177 train_imax: 39.9909 train_imin: -81.0227 time: 3.5114s
INFO:root:Epoch: 1475 lr: 0.001 train_loss: 859003.4375 train_distortion: 3.7527 train_mapscore: 0.3292 train_c: -1.0859 train_max_dist: 27.6650 train_imax: 40.1937 train_imin: -81.3406 time: 3.5623s
INFO:root:Epoch: 1480 lr: 0.001 train_loss: 858062.8750 train_distortion: 3.7754 train_mapscore: 0.3303 train_c: -1.0859 train_max_dist: 27.7178 train_imax: 40.3883 train_imin: -81.6310 time: 3.5584s
INFO:root:Epoch: 1485 lr: 0.001 train_loss: 857173.7500 train_distortion: 3.7980 train_mapscore: 0.3319 train_c: -1.0860 train_max_dist: 27.7666 train_imax: 40.5764 train_imin: -81.8976 time: 3.5544s
INFO:root:Epoch: 1490 lr: 0.001 train_loss: 856422.3125 train_distortion: 3.8198 train_mapscore: 0.3312 train_c: -1.0861 train_max_dist: 27.8179 train_imax: 40.7586 train_imin: -82.1375 time: 3.5694s
INFO:root:Epoch: 1495 lr: 0.001 train_loss: 855734.0000 train_distortion: 3.8410 train_mapscore: 0.3319 train_c: -1.0861 train_max_dist: 27.8687 train_imax: 40.9767 train_imin: -82.3812 time: 3.4997s
INFO:root:Epoch: 1500 lr: 0.001 train_loss: 855045.8750 train_distortion: 3.8633 train_mapscore: 0.3331 train_c: -1.0862 train_max_dist: 27.9194 train_imax: 41.2104 train_imin: -82.5636 time: 3.5365s
INFO:root:Epoch: 1505 lr: 0.001 train_loss: 854180.6250 train_distortion: 3.8864 train_mapscore: 0.3354 train_c: -1.0863 train_max_dist: 27.9697 train_imax: 41.4217 train_imin: -82.6760 time: 3.5427s
INFO:root:Epoch: 1510 lr: 0.001 train_loss: 853258.1250 train_distortion: 3.9101 train_mapscore: 0.3377 train_c: -1.0863 train_max_dist: 28.0205 train_imax: 41.6289 train_imin: -82.9739 time: 3.5217s
INFO:root:Epoch: 1515 lr: 0.001 train_loss: 852326.5625 train_distortion: 3.9339 train_mapscore: 0.3394 train_c: -1.0864 train_max_dist: 28.0732 train_imax: 41.8185 train_imin: -83.3044 time: 3.5376s
INFO:root:Epoch: 1520 lr: 0.001 train_loss: 851997.1250 train_distortion: 3.9625 train_mapscore: 0.3364 train_c: -1.0864 train_max_dist: 28.1191 train_imax: 42.0363 train_imin: -84.5390 time: 3.5158s
INFO:root:Epoch: 1525 lr: 0.001 train_loss: 853078.8125 train_distortion: 3.9931 train_mapscore: 0.3302 train_c: -1.0865 train_max_dist: 28.1665 train_imax: 42.3367 train_imin: -86.3083 time: 3.5452s
INFO:root:Epoch: 1530 lr: 0.001 train_loss: 851862.4375 train_distortion: 4.0132 train_mapscore: 0.3310 train_c: -1.0865 train_max_dist: 28.2070 train_imax: 42.5515 train_imin: -83.9296 time: 3.5284s
INFO:root:Epoch: 1535 lr: 0.001 train_loss: 851353.0625 train_distortion: 4.0320 train_mapscore: 0.3326 train_c: -1.0865 train_max_dist: 28.2637 train_imax: 42.7214 train_imin: -82.6396 time: 3.5291s
INFO:root:Epoch: 1540 lr: 0.001 train_loss: 849928.7500 train_distortion: 4.0536 train_mapscore: 0.3339 train_c: -1.0866 train_max_dist: 28.3174 train_imax: 42.8539 train_imin: -84.1667 time: 3.5280s
INFO:root:Epoch: 1545 lr: 0.001 train_loss: 849021.5000 train_distortion: 4.0759 train_mapscore: 0.3359 train_c: -1.0866 train_max_dist: 28.3677 train_imax: 42.9472 train_imin: -85.0146 time: 3.5015s
INFO:root:Epoch: 1550 lr: 0.001 train_loss: 848360.5625 train_distortion: 4.0976 train_mapscore: 0.3376 train_c: -1.0867 train_max_dist: 28.4136 train_imax: 43.0209 train_imin: -84.5342 time: 3.5253s
INFO:root:Epoch: 1555 lr: 0.001 train_loss: 847784.6250 train_distortion: 4.1217 train_mapscore: 0.3391 train_c: -1.0867 train_max_dist: 28.4727 train_imax: 43.1086 train_imin: -85.1097 time: 3.5414s
INFO:root:Epoch: 1560 lr: 0.001 train_loss: 847532.5625 train_distortion: 4.1545 train_mapscore: 0.3351 train_c: -1.0867 train_max_dist: 28.5225 train_imax: 43.4158 train_imin: -85.5604 time: 3.5112s
INFO:root:Epoch: 1565 lr: 0.001 train_loss: 849994.1250 train_distortion: 4.1836 train_mapscore: 0.3288 train_c: -1.0867 train_max_dist: 28.5996 train_imax: 43.7943 train_imin: -86.5023 time: 3.5200s
INFO:root:Epoch: 1570 lr: 0.001 train_loss: 850570.5625 train_distortion: 4.2028 train_mapscore: 0.3271 train_c: -1.0867 train_max_dist: 28.6475 train_imax: 43.9812 train_imin: -87.7073 time: 3.5476s
INFO:root:Epoch: 1575 lr: 0.001 train_loss: 854129.8125 train_distortion: 4.2206 train_mapscore: 0.3232 train_c: -1.0868 train_max_dist: 29.1704 train_imax: 44.0928 train_imin: -88.1104 time: 3.5451s
INFO:root:Epoch: 1580 lr: 0.001 train_loss: 858060.1250 train_distortion: 4.2282 train_mapscore: 0.3181 train_c: -1.0868 train_max_dist: 29.3926 train_imax: 44.2174 train_imin: -87.5907 time: 3.5932s
INFO:root:Epoch: 1585 lr: 0.001 train_loss: 858980.2500 train_distortion: 4.2230 train_mapscore: 0.3158 train_c: -1.0869 train_max_dist: 29.5312 train_imax: 44.1711 train_imin: -86.8264 time: 3.6019s
INFO:root:Epoch: 1590 lr: 0.001 train_loss: 862839.8750 train_distortion: 4.1805 train_mapscore: 0.3093 train_c: -1.0870 train_max_dist: 29.4609 train_imax: 43.6787 train_imin: -86.5597 time: 3.5936s
INFO:root:Epoch: 1595 lr: 0.001 train_loss: 864027.5625 train_distortion: 4.1577 train_mapscore: 0.3067 train_c: -1.0871 train_max_dist: 29.3965 train_imax: 43.4131 train_imin: -86.2283 time: 3.6136s
INFO:root:Epoch: 1600 lr: 0.001 train_loss: 862916.7500 train_distortion: 4.1503 train_mapscore: 0.3077 train_c: -1.0872 train_max_dist: 29.3643 train_imax: 43.3014 train_imin: -85.6110 time: 3.5928s
INFO:root:Epoch: 1605 lr: 0.001 train_loss: 860886.2500 train_distortion: 4.1531 train_mapscore: 0.3099 train_c: -1.0872 train_max_dist: 29.3496 train_imax: 43.2918 train_imin: -85.0136 time: 3.6137s
INFO:root:Epoch: 1610 lr: 0.001 train_loss: 858886.2500 train_distortion: 4.1619 train_mapscore: 0.3123 train_c: -1.0873 train_max_dist: 29.3477 train_imax: 43.3502 train_imin: -84.7658 time: 3.5781s
INFO:root:Epoch: 1615 lr: 0.001 train_loss: 857122.2500 train_distortion: 4.1766 train_mapscore: 0.3149 train_c: -1.0873 train_max_dist: 29.3564 train_imax: 43.4258 train_imin: -84.9577 time: 3.5837s
INFO:root:Epoch: 1620 lr: 0.001 train_loss: 854600.5000 train_distortion: 4.1939 train_mapscore: 0.3179 train_c: -1.0873 train_max_dist: 29.3662 train_imax: 43.5295 train_imin: -85.1297 time: 3.5864s
INFO:root:Epoch: 1625 lr: 0.001 train_loss: 852630.0000 train_distortion: 4.2129 train_mapscore: 0.3207 train_c: -1.0874 train_max_dist: 29.3838 train_imax: 43.6492 train_imin: -85.2550 time: 3.5784s
INFO:root:Epoch: 1630 lr: 0.001 train_loss: 852110.0000 train_distortion: 4.2427 train_mapscore: 0.3206 train_c: -1.0874 train_max_dist: 29.4004 train_imax: 44.0006 train_imin: -85.6763 time: 3.5321s
INFO:root:Epoch: 1635 lr: 0.001 train_loss: 851296.5625 train_distortion: 4.2713 train_mapscore: 0.3216 train_c: -1.0874 train_max_dist: 29.3994 train_imax: 44.2941 train_imin: -86.0450 time: 3.5588s
INFO:root:Epoch: 1640 lr: 0.001 train_loss: 850969.1250 train_distortion: 4.2985 train_mapscore: 0.3225 train_c: -1.0874 train_max_dist: 29.4092 train_imax: 44.5379 train_imin: -86.3816 time: 3.5691s
INFO:root:Epoch: 1645 lr: 0.001 train_loss: 849347.6875 train_distortion: 4.3241 train_mapscore: 0.3248 train_c: -1.0874 train_max_dist: 29.4277 train_imax: 44.7335 train_imin: -86.6255 time: 3.5700s
INFO:root:Epoch: 1650 lr: 0.001 train_loss: 847710.7500 train_distortion: 4.3484 train_mapscore: 0.3278 train_c: -1.0874 train_max_dist: 29.4492 train_imax: 44.9118 train_imin: -86.6534 time: 3.5712s
INFO:root:Epoch: 1655 lr: 0.001 train_loss: 846103.4375 train_distortion: 4.3730 train_mapscore: 0.3304 train_c: -1.0875 train_max_dist: 29.4805 train_imax: 45.0969 train_imin: -86.7294 time: 3.5018s
INFO:root:Epoch: 1660 lr: 0.001 train_loss: 844599.8125 train_distortion: 4.3978 train_mapscore: 0.3326 train_c: -1.0875 train_max_dist: 29.5078 train_imax: 45.3040 train_imin: -87.0740 time: 3.5364s
INFO:root:Epoch: 1665 lr: 0.001 train_loss: 843209.0000 train_distortion: 4.4231 train_mapscore: 0.3354 train_c: -1.0875 train_max_dist: 29.5410 train_imax: 45.4978 train_imin: -87.4914 time: 3.5362s
INFO:root:Epoch: 1670 lr: 0.001 train_loss: 841917.6875 train_distortion: 4.4477 train_mapscore: 0.3376 train_c: -1.0875 train_max_dist: 29.5742 train_imax: 45.6843 train_imin: -87.8839 time: 3.5410s
INFO:root:Epoch: 1675 lr: 0.001 train_loss: 840706.3750 train_distortion: 4.4720 train_mapscore: 0.3403 train_c: -1.0876 train_max_dist: 29.6094 train_imax: 45.8687 train_imin: -88.2877 time: 3.5531s
INFO:root:Epoch: 1680 lr: 0.001 train_loss: 839624.1250 train_distortion: 4.4967 train_mapscore: 0.3422 train_c: -1.0876 train_max_dist: 29.6465 train_imax: 46.0253 train_imin: -88.6320 time: 3.4962s
INFO:root:Epoch: 1685 lr: 0.001 train_loss: 838585.0625 train_distortion: 4.5212 train_mapscore: 0.3434 train_c: -1.0877 train_max_dist: 29.6836 train_imax: 46.1839 train_imin: -89.0188 time: 3.5348s
INFO:root:Epoch: 1690 lr: 0.001 train_loss: 837528.2500 train_distortion: 4.5458 train_mapscore: 0.3459 train_c: -1.0877 train_max_dist: 29.7227 train_imax: 46.3603 train_imin: -89.4753 time: 3.5320s
INFO:root:Epoch: 1695 lr: 0.001 train_loss: 836487.7500 train_distortion: 4.5710 train_mapscore: 0.3486 train_c: -1.0877 train_max_dist: 29.7578 train_imax: 46.5004 train_imin: -89.9177 time: 3.5246s
INFO:root:Epoch: 1700 lr: 0.001 train_loss: 835539.8750 train_distortion: 4.5967 train_mapscore: 0.3508 train_c: -1.0878 train_max_dist: 29.7891 train_imax: 46.6631 train_imin: -90.3514 time: 3.5217s
INFO:root:Epoch: 1705 lr: 0.001 train_loss: 834956.6250 train_distortion: 4.6180 train_mapscore: 0.3509 train_c: -1.0878 train_max_dist: 29.8359 train_imax: 46.7881 train_imin: -90.8885 time: 3.5281s
INFO:root:Epoch: 1710 lr: 0.001 train_loss: 834224.4375 train_distortion: 4.6426 train_mapscore: 0.3530 train_c: -1.0878 train_max_dist: 29.8711 train_imax: 46.9136 train_imin: -91.3546 time: 3.5024s
INFO:root:Epoch: 1715 lr: 0.001 train_loss: 833414.8125 train_distortion: 4.6689 train_mapscore: 0.3550 train_c: -1.0879 train_max_dist: 29.9043 train_imax: 47.0629 train_imin: -91.7998 time: 3.5004s
INFO:root:Epoch: 1720 lr: 0.001 train_loss: 832579.5000 train_distortion: 4.6956 train_mapscore: 0.3572 train_c: -1.0879 train_max_dist: 29.9492 train_imax: 47.2217 train_imin: -92.2303 time: 3.5399s
INFO:root:Epoch: 1725 lr: 0.001 train_loss: 831770.2500 train_distortion: 4.7221 train_mapscore: 0.3585 train_c: -1.0879 train_max_dist: 29.9844 train_imax: 47.3748 train_imin: -92.6105 time: 3.5231s
INFO:root:Epoch: 1730 lr: 0.001 train_loss: 830959.5625 train_distortion: 4.7484 train_mapscore: 0.3609 train_c: -1.0880 train_max_dist: 30.0195 train_imax: 47.5320 train_imin: -93.0058 time: 3.4832s
INFO:root:Epoch: 1735 lr: 0.001 train_loss: 832276.0000 train_distortion: 4.7680 train_mapscore: 0.3503 train_c: -1.0880 train_max_dist: 30.0449 train_imax: 48.0049 train_imin: -93.9342 time: 3.4969s
INFO:root:Epoch: 1740 lr: 0.001 train_loss: 834798.8750 train_distortion: 4.7818 train_mapscore: 0.3436 train_c: -1.0881 train_max_dist: 30.0488 train_imax: 48.3663 train_imin: -94.3158 time: 3.5148s
INFO:root:Epoch: 1745 lr: 0.001 train_loss: 834356.5000 train_distortion: 4.7907 train_mapscore: 0.3423 train_c: -1.0882 train_max_dist: 30.0703 train_imax: 48.5231 train_imin: -94.3323 time: 3.5135s
INFO:root:Epoch: 1750 lr: 0.001 train_loss: 834201.9375 train_distortion: 4.8028 train_mapscore: 0.3428 train_c: -1.0883 train_max_dist: 30.0996 train_imax: 48.5976 train_imin: -94.2842 time: 3.4924s
INFO:root:Epoch: 1755 lr: 0.001 train_loss: 833478.2500 train_distortion: 4.8228 train_mapscore: 0.3446 train_c: -1.0883 train_max_dist: 30.1270 train_imax: 48.6801 train_imin: -94.2981 time: 3.4935s
INFO:root:Epoch: 1760 lr: 0.001 train_loss: 832183.0000 train_distortion: 4.8456 train_mapscore: 0.3470 train_c: -1.0883 train_max_dist: 30.1543 train_imax: 48.7689 train_imin: -94.5644 time: 3.4985s
INFO:root:Epoch: 1765 lr: 0.001 train_loss: 830682.2500 train_distortion: 4.8687 train_mapscore: 0.3499 train_c: -1.0883 train_max_dist: 30.1758 train_imax: 48.8679 train_imin: -94.9212 time: 3.5023s
INFO:root:Epoch: 1770 lr: 0.001 train_loss: 829343.9375 train_distortion: 4.8931 train_mapscore: 0.3528 train_c: -1.0884 train_max_dist: 30.2090 train_imax: 48.9609 train_imin: -95.1818 time: 3.4899s
INFO:root:Epoch: 1775 lr: 0.001 train_loss: 828044.4375 train_distortion: 4.9185 train_mapscore: 0.3557 train_c: -1.0884 train_max_dist: 30.2402 train_imax: 49.0690 train_imin: -95.5464 time: 3.5129s
INFO:root:Epoch: 1780 lr: 0.001 train_loss: 826841.8750 train_distortion: 4.9440 train_mapscore: 0.3577 train_c: -1.0884 train_max_dist: 30.2734 train_imax: 49.2007 train_imin: -95.8767 time: 3.4906s
INFO:root:Epoch: 1785 lr: 0.001 train_loss: 825758.5000 train_distortion: 4.9701 train_mapscore: 0.3609 train_c: -1.0884 train_max_dist: 30.3125 train_imax: 49.3114 train_imin: -96.2749 time: 3.4789s
INFO:root:Epoch: 1790 lr: 0.001 train_loss: 824752.0000 train_distortion: 4.9965 train_mapscore: 0.3636 train_c: -1.0885 train_max_dist: 30.3457 train_imax: 49.4516 train_imin: -96.6660 time: 3.4923s
INFO:root:Epoch: 1795 lr: 0.001 train_loss: 823808.2500 train_distortion: 5.0233 train_mapscore: 0.3664 train_c: -1.0885 train_max_dist: 30.3809 train_imax: 49.5885 train_imin: -97.0869 time: 3.4769s
INFO:root:Epoch: 1800 lr: 0.001 train_loss: 822970.8750 train_distortion: 5.0494 train_mapscore: 0.3689 train_c: -1.0885 train_max_dist: 30.4160 train_imax: 49.7331 train_imin: -97.4677 time: 3.4642s
INFO:root:Epoch: 1805 lr: 0.001 train_loss: 822114.3750 train_distortion: 5.0773 train_mapscore: 0.3715 train_c: -1.0885 train_max_dist: 30.4492 train_imax: 49.8846 train_imin: -97.8572 time: 3.4735s
INFO:root:Epoch: 1810 lr: 0.001 train_loss: 821380.8125 train_distortion: 5.1045 train_mapscore: 0.3736 train_c: -1.0886 train_max_dist: 30.4824 train_imax: 50.0109 train_imin: -98.2832 time: 3.4627s
INFO:root:Epoch: 1815 lr: 0.001 train_loss: 820790.3750 train_distortion: 5.1339 train_mapscore: 0.3716 train_c: -1.0886 train_max_dist: 30.5176 train_imax: 50.2840 train_imin: -99.2446 time: 3.4253s
INFO:root:Epoch: 1820 lr: 0.001 train_loss: 820184.4375 train_distortion: 5.1634 train_mapscore: 0.3712 train_c: -1.0886 train_max_dist: 30.5430 train_imax: 50.6290 train_imin: -99.4319 time: 3.4648s
INFO:root:Epoch: 1825 lr: 0.001 train_loss: 819466.3125 train_distortion: 5.1915 train_mapscore: 0.3732 train_c: -1.0886 train_max_dist: 30.5762 train_imax: 50.8715 train_imin: -100.3548 time: 3.4696s
INFO:root:Epoch: 1830 lr: 0.001 train_loss: 818742.5625 train_distortion: 5.2189 train_mapscore: 0.3755 train_c: -1.0886 train_max_dist: 30.6074 train_imax: 51.0441 train_imin: -100.7266 time: 3.4577s
INFO:root:Epoch: 1835 lr: 0.001 train_loss: 818007.7500 train_distortion: 5.2462 train_mapscore: 0.3772 train_c: -1.0886 train_max_dist: 30.6406 train_imax: 51.1943 train_imin: -100.9130 time: 3.4687s
INFO:root:Epoch: 1840 lr: 0.001 train_loss: 818095.1250 train_distortion: 5.2681 train_mapscore: 0.3756 train_c: -1.0887 train_max_dist: 30.6699 train_imax: 51.4291 train_imin: -101.3080 time: 3.4251s
INFO:root:Epoch: 1845 lr: 0.001 train_loss: 818286.0000 train_distortion: 5.2926 train_mapscore: 0.3762 train_c: -1.0887 train_max_dist: 30.6914 train_imax: 51.6342 train_imin: -101.7166 time: 3.4524s
INFO:root:Epoch: 1850 lr: 0.001 train_loss: 817511.4375 train_distortion: 5.3189 train_mapscore: 0.3777 train_c: -1.0887 train_max_dist: 30.7148 train_imax: 51.7947 train_imin: -102.1425 time: 3.4604s
INFO:root:Epoch: 1855 lr: 0.001 train_loss: 816782.0000 train_distortion: 5.3459 train_mapscore: 0.3800 train_c: -1.0888 train_max_dist: 30.7539 train_imax: 51.9159 train_imin: -102.4924 time: 3.4542s
INFO:root:Epoch: 1860 lr: 0.001 train_loss: 816043.3750 train_distortion: 5.3735 train_mapscore: 0.3829 train_c: -1.0888 train_max_dist: 30.7812 train_imax: 52.0377 train_imin: -102.8244 time: 3.4457s
INFO:root:Epoch: 1865 lr: 0.001 train_loss: 815331.4375 train_distortion: 5.3988 train_mapscore: 0.3842 train_c: -1.0888 train_max_dist: 30.8203 train_imax: 52.1320 train_imin: -103.1303 time: 3.4214s
INFO:root:Epoch: 1870 lr: 0.001 train_loss: 814786.7500 train_distortion: 5.4237 train_mapscore: 0.3848 train_c: -1.0888 train_max_dist: 30.8555 train_imax: 52.2284 train_imin: -103.4001 time: 3.4694s
INFO:root:Epoch: 1875 lr: 0.001 train_loss: 814628.5000 train_distortion: 5.4505 train_mapscore: 0.3862 train_c: -1.0889 train_max_dist: 30.8906 train_imax: 52.3244 train_imin: -103.6927 time: 3.4483s
INFO:root:Epoch: 1880 lr: 0.001 train_loss: 814145.1875 train_distortion: 5.4806 train_mapscore: 0.3877 train_c: -1.0889 train_max_dist: 30.9277 train_imax: 52.4612 train_imin: -104.0767 time: 3.4425s
INFO:root:Epoch: 1885 lr: 0.001 train_loss: 813474.3750 train_distortion: 5.5092 train_mapscore: 0.3899 train_c: -1.0889 train_max_dist: 30.9531 train_imax: 52.5923 train_imin: -104.5099 time: 3.4532s
INFO:root:Epoch: 1890 lr: 0.001 train_loss: 812815.5000 train_distortion: 5.5358 train_mapscore: 0.3893 train_c: -1.0889 train_max_dist: 30.9785 train_imax: 52.6866 train_imin: -104.6566 time: 3.4358s
INFO:root:Epoch: 1895 lr: 0.001 train_loss: 812054.7500 train_distortion: 5.5612 train_mapscore: 0.3911 train_c: -1.0889 train_max_dist: 31.0137 train_imax: 52.7793 train_imin: -105.0296 time: 3.4435s
INFO:root:Epoch: 1900 lr: 0.001 train_loss: 811409.5000 train_distortion: 5.5883 train_mapscore: 0.3923 train_c: -1.0890 train_max_dist: 31.0449 train_imax: 52.9053 train_imin: -105.5367 time: 3.4412s
INFO:root:Epoch: 1905 lr: 0.001 train_loss: 811207.7500 train_distortion: 5.6106 train_mapscore: 0.3905 train_c: -1.0890 train_max_dist: 31.0820 train_imax: 52.9794 train_imin: -105.8029 time: 3.4641s
INFO:root:Epoch: 1910 lr: 0.001 train_loss: 810841.4375 train_distortion: 5.6367 train_mapscore: 0.3912 train_c: -1.0890 train_max_dist: 31.1191 train_imax: 53.0651 train_imin: -106.1967 time: 3.4307s
INFO:root:Epoch: 1915 lr: 0.001 train_loss: 810344.8125 train_distortion: 5.6633 train_mapscore: 0.3932 train_c: -1.0890 train_max_dist: 31.1641 train_imax: 53.1782 train_imin: -106.5515 time: 3.4314s
INFO:root:Epoch: 1920 lr: 0.001 train_loss: 810150.3750 train_distortion: 5.6882 train_mapscore: 0.3935 train_c: -1.0891 train_max_dist: 31.1992 train_imax: 53.3079 train_imin: -107.0356 time: 3.4290s
INFO:root:Epoch: 1925 lr: 0.001 train_loss: 810251.0000 train_distortion: 5.7055 train_mapscore: 0.3866 train_c: -1.0891 train_max_dist: 31.2266 train_imax: 53.3214 train_imin: -107.6803 time: 3.4322s
INFO:root:Epoch: 1930 lr: 0.001 train_loss: 810898.9375 train_distortion: 5.7231 train_mapscore: 0.3834 train_c: -1.0892 train_max_dist: 31.2383 train_imax: 53.2863 train_imin: -108.0363 time: 3.4254s
INFO:root:Epoch: 1935 lr: 0.001 train_loss: 810944.6250 train_distortion: 5.7548 train_mapscore: 0.3809 train_c: -1.0892 train_max_dist: 31.2246 train_imax: 53.2920 train_imin: -108.6192 time: 3.4341s
INFO:root:Epoch: 1940 lr: 0.001 train_loss: 810238.1250 train_distortion: 5.7789 train_mapscore: 0.3816 train_c: -1.0892 train_max_dist: 31.2285 train_imax: 53.3237 train_imin: -109.0639 time: 3.4245s
INFO:root:Epoch: 1945 lr: 0.001 train_loss: 809168.6875 train_distortion: 5.8027 train_mapscore: 0.3845 train_c: -1.0892 train_max_dist: 31.2559 train_imax: 53.3672 train_imin: -109.7007 time: 3.4208s
INFO:root:Epoch: 1950 lr: 0.001 train_loss: 808100.1250 train_distortion: 5.8277 train_mapscore: 0.3878 train_c: -1.0892 train_max_dist: 31.2988 train_imax: 53.4074 train_imin: -109.9710 time: 3.4254s
INFO:root:Epoch: 1955 lr: 0.001 train_loss: 807209.2500 train_distortion: 5.8551 train_mapscore: 0.3900 train_c: -1.0892 train_max_dist: 31.3340 train_imax: 53.4818 train_imin: -110.2886 time: 3.4393s
INFO:root:Epoch: 1960 lr: 0.001 train_loss: 806380.7500 train_distortion: 5.8818 train_mapscore: 0.3932 train_c: -1.0892 train_max_dist: 31.3555 train_imax: 53.5552 train_imin: -110.5925 time: 3.4291s
INFO:root:Epoch: 1965 lr: 0.001 train_loss: 805682.3125 train_distortion: 5.9064 train_mapscore: 0.3957 train_c: -1.0892 train_max_dist: 31.3887 train_imax: 53.6079 train_imin: -110.9059 time: 3.4285s
INFO:root:Epoch: 1970 lr: 0.001 train_loss: 805129.6250 train_distortion: 5.9319 train_mapscore: 0.3968 train_c: -1.0893 train_max_dist: 31.4160 train_imax: 53.6757 train_imin: -111.4054 time: 3.4340s
INFO:root:Epoch: 1975 lr: 0.001 train_loss: 804666.4375 train_distortion: 5.9573 train_mapscore: 0.3993 train_c: -1.0893 train_max_dist: 31.4453 train_imax: 53.8067 train_imin: -112.0220 time: 3.4340s
INFO:root:Epoch: 1980 lr: 0.001 train_loss: 804481.1250 train_distortion: 5.9843 train_mapscore: 0.3992 train_c: -1.0893 train_max_dist: 31.4805 train_imax: 53.8653 train_imin: -112.4121 time: 3.4080s
INFO:root:Epoch: 1985 lr: 0.001 train_loss: 804158.9375 train_distortion: 6.0106 train_mapscore: 0.4007 train_c: -1.0893 train_max_dist: 31.5176 train_imax: 53.9936 train_imin: -112.8799 time: 3.4110s
INFO:root:Epoch: 1990 lr: 0.001 train_loss: 803900.2500 train_distortion: 6.0373 train_mapscore: 0.4004 train_c: -1.0893 train_max_dist: 31.5479 train_imax: 54.0437 train_imin: -113.3118 time: 3.4073s
INFO:root:Epoch: 1995 lr: 0.001 train_loss: 803269.8750 train_distortion: 6.0649 train_mapscore: 0.4031 train_c: -1.0893 train_max_dist: 31.5825 train_imax: 54.1059 train_imin: -113.5916 time: 3.4099s
INFO:root:Epoch: 2000 lr: 0.00025 train_loss: 802447.2500 train_distortion: 6.0911 train_mapscore: 0.4054 train_c: -1.0893 train_max_dist: 31.6191 train_imax: 54.1627 train_imin: -113.9259 time: 3.3626s
INFO:root:Optimization Finished!
INFO:root:Total time elapsed: 7142.0742s
INFO:root:Val set results: val_distortion: 1.0000 val_mapscore: -1.0000 val_c: -1.0000 val_max_dist: 0.0000
INFO:root:Test set results: test_loss: 802240.6250 test_distortion: 6.0964 test_mapscore: 0.4055 test_c: -1.0893 test_max_dist: 31.6216 test_imax: 54.1742 test_imin: -113.9931
INFO:root:Saved model in /workspace/xiongbo/hgcn/logs/md/2021_5_2/2
