INFO:root:Using: cuda:0
INFO:root:Using seed 1234.
INFO:root:MDModel(
  (encoder): HGCN(
    (layers): Sequential(
      (0): HyperbolicGraphConvolution(
        (linear): HypLinear(
          in_features=4040, out_features=10, c=Parameter containing:
          tensor([-1.], requires_grad=True)
        )
        (agg): HypAgg(
          c=Parameter containing:
          tensor([-1.], requires_grad=True)
        )
        (hyp_act): HypAct(
          c_in=Parameter containing:
          tensor([-1.], requires_grad=True), c_out=Parameter containing:
          tensor([-1.], requires_grad=True)
        )
      )
    )
  )
  (decoder): MDDecoder()
)
INFO:root:Total number of parameters: 40412
/workspace/anaconda3/envs/geo/lib/python3.7/site-packages/torch/optim/lr_scheduler.py:370: UserWarning: To get the last learning rate computed by the scheduler, please use `get_last_lr()`.
  "please use `get_last_lr()`.", UserWarning)
INFO:root:Epoch: 0005 lr: 0.001 train_loss: 1451518.2500 train_distortion: 0.7272 train_mapscore: 0.0199 train_c: -1.0004 train_max_dist: 1.3973 train_imax: -0.0000 train_imin: -1.5416 time: 5.3173s
INFO:root:Epoch: 0010 lr: 0.001 train_loss: 1438768.0000 train_distortion: 0.7075 train_mapscore: 0.0372 train_c: -1.0009 train_max_dist: 1.5209 train_imax: -0.0000 train_imin: -1.5802 time: 5.0421s
INFO:root:Epoch: 0015 lr: 0.001 train_loss: 1421933.2500 train_distortion: 0.6829 train_mapscore: 0.0714 train_c: -1.0014 train_max_dist: 1.5829 train_imax: -0.0000 train_imin: -1.6600 time: 4.8020s
INFO:root:Epoch: 0020 lr: 0.001 train_loss: 1402346.8750 train_distortion: 0.6551 train_mapscore: 0.1137 train_c: -1.0020 train_max_dist: 1.8004 train_imax: -0.0000 train_imin: -1.7818 time: 4.5298s
INFO:root:Epoch: 0025 lr: 0.001 train_loss: 1381508.8750 train_distortion: 0.6262 train_mapscore: 0.1522 train_c: -1.0026 train_max_dist: 2.0265 train_imax: -0.0000 train_imin: -1.9445 time: 4.2520s
INFO:root:Epoch: 0030 lr: 0.001 train_loss: 1360892.6250 train_distortion: 0.5981 train_mapscore: 0.1828 train_c: -1.0032 train_max_dist: 2.3387 train_imax: -0.0000 train_imin: -2.0960 time: 4.1631s
INFO:root:Epoch: 0035 lr: 0.001 train_loss: 1341627.3750 train_distortion: 0.5722 train_mapscore: 0.2067 train_c: -1.0039 train_max_dist: 2.5994 train_imax: -0.0000 train_imin: -2.2251 time: 4.0907s
INFO:root:Epoch: 0040 lr: 0.001 train_loss: 1324091.0000 train_distortion: 0.5484 train_mapscore: 0.2252 train_c: -1.0045 train_max_dist: 2.8581 train_imax: -0.0000 train_imin: -2.3200 time: 4.0627s
INFO:root:Epoch: 0045 lr: 0.001 train_loss: 1308285.7500 train_distortion: 0.5268 train_mapscore: 0.2412 train_c: -1.0052 train_max_dist: 3.0954 train_imax: -0.0000 train_imin: -2.3884 time: 4.0139s
INFO:root:Epoch: 0050 lr: 0.001 train_loss: 1294152.7500 train_distortion: 0.5071 train_mapscore: 0.2547 train_c: -1.0059 train_max_dist: 3.3211 train_imax: -0.0000 train_imin: -2.5670 time: 3.9642s
INFO:root:Epoch: 0055 lr: 0.001 train_loss: 1281480.7500 train_distortion: 0.4891 train_mapscore: 0.2670 train_c: -1.0067 train_max_dist: 3.5448 train_imax: -0.0000 train_imin: -2.7406 time: 3.9589s
INFO:root:Epoch: 0060 lr: 0.001 train_loss: 1270041.5000 train_distortion: 0.4724 train_mapscore: 0.2791 train_c: -1.0074 train_max_dist: 3.7889 train_imax: -0.0000 train_imin: -2.9220 time: 3.9392s
INFO:root:Epoch: 0065 lr: 0.001 train_loss: 1259578.5000 train_distortion: 0.4566 train_mapscore: 0.2891 train_c: -1.0081 train_max_dist: 4.1005 train_imax: -0.0000 train_imin: -3.1110 time: 3.9311s
INFO:root:Epoch: 0070 lr: 0.001 train_loss: 1249821.2500 train_distortion: 0.4416 train_mapscore: 0.2990 train_c: -1.0088 train_max_dist: 4.4038 train_imax: -0.0000 train_imin: -3.2996 time: 3.9878s
INFO:root:Epoch: 0075 lr: 0.001 train_loss: 1240631.1250 train_distortion: 0.4272 train_mapscore: 0.3086 train_c: -1.0096 train_max_dist: 4.6961 train_imax: -0.0000 train_imin: -3.4783 time: 3.9804s
INFO:root:Epoch: 0080 lr: 0.001 train_loss: 1231920.8750 train_distortion: 0.4135 train_mapscore: 0.3173 train_c: -1.0103 train_max_dist: 4.9832 train_imax: -0.0000 train_imin: -3.6448 time: 3.9682s
INFO:root:Epoch: 0085 lr: 0.001 train_loss: 1223594.2500 train_distortion: 0.4003 train_mapscore: 0.3250 train_c: -1.0110 train_max_dist: 5.3419 train_imax: -0.0000 train_imin: -3.7942 time: 3.9373s
INFO:root:Epoch: 0090 lr: 0.001 train_loss: 1215604.1250 train_distortion: 0.3876 train_mapscore: 0.3315 train_c: -1.0117 train_max_dist: 5.6899 train_imax: -0.0000 train_imin: -3.9240 time: 3.9295s
INFO:root:Epoch: 0095 lr: 0.001 train_loss: 1207907.5000 train_distortion: 0.3755 train_mapscore: 0.3372 train_c: -1.0125 train_max_dist: 6.0279 train_imax: -0.0000 train_imin: -4.1056 time: 3.9335s
INFO:root:Epoch: 0100 lr: 0.001 train_loss: 1200469.7500 train_distortion: 0.3639 train_mapscore: 0.3433 train_c: -1.0132 train_max_dist: 6.4296 train_imax: -0.0000 train_imin: -4.3524 time: 3.9334s
INFO:root:Epoch: 0105 lr: 0.001 train_loss: 1193252.7500 train_distortion: 0.3527 train_mapscore: 0.3488 train_c: -1.0139 train_max_dist: 6.8327 train_imax: -0.0000 train_imin: -4.6050 time: 3.9430s
INFO:root:Epoch: 0110 lr: 0.001 train_loss: 1186186.5000 train_distortion: 0.3420 train_mapscore: 0.3533 train_c: -1.0146 train_max_dist: 7.2193 train_imax: -0.0000 train_imin: -4.9340 time: 3.9374s
INFO:root:Epoch: 0115 lr: 0.001 train_loss: 1179230.1250 train_distortion: 0.3317 train_mapscore: 0.3572 train_c: -1.0153 train_max_dist: 7.5973 train_imax: -0.0000 train_imin: -5.2912 time: 3.9406s
INFO:root:Epoch: 0120 lr: 0.001 train_loss: 1172360.5000 train_distortion: 0.3216 train_mapscore: 0.3618 train_c: -1.0160 train_max_dist: 7.9540 train_imax: -0.0000 train_imin: -5.6735 time: 4.0016s
INFO:root:Epoch: 0125 lr: 0.001 train_loss: 1165517.5000 train_distortion: 0.3119 train_mapscore: 0.3660 train_c: -1.0167 train_max_dist: 8.2899 train_imax: -0.0000 train_imin: -6.0705 time: 3.9747s
INFO:root:Epoch: 0130 lr: 0.001 train_loss: 1158659.0000 train_distortion: 0.3023 train_mapscore: 0.3701 train_c: -1.0174 train_max_dist: 8.6013 train_imax: -0.0000 train_imin: -6.4814 time: 3.9284s
INFO:root:Epoch: 0135 lr: 0.001 train_loss: 1151751.1250 train_distortion: 0.2930 train_mapscore: 0.3743 train_c: -1.0181 train_max_dist: 8.8894 train_imax: -0.0000 train_imin: -6.9018 time: 3.9513s
INFO:root:Epoch: 0140 lr: 0.001 train_loss: 1144767.1250 train_distortion: 0.2838 train_mapscore: 0.3786 train_c: -1.0188 train_max_dist: 9.1660 train_imax: -0.0000 train_imin: -7.3294 time: 3.9245s
INFO:root:Epoch: 0145 lr: 0.001 train_loss: 1137685.0000 train_distortion: 0.2747 train_mapscore: 0.3827 train_c: -1.0195 train_max_dist: 9.4274 train_imax: -0.0000 train_imin: -7.7571 time: 3.9535s
INFO:root:Epoch: 0150 lr: 0.001 train_loss: 1130470.3750 train_distortion: 0.2658 train_mapscore: 0.3868 train_c: -1.0202 train_max_dist: 9.6744 train_imax: -0.0000 train_imin: -8.1954 time: 3.9349s
INFO:root:Epoch: 0155 lr: 0.001 train_loss: 1123124.2500 train_distortion: 0.2570 train_mapscore: 0.3908 train_c: -1.0209 train_max_dist: 9.9177 train_imax: -0.0000 train_imin: -8.6343 time: 3.9091s
INFO:root:Epoch: 0160 lr: 0.001 train_loss: 1115651.2500 train_distortion: 0.2485 train_mapscore: 0.3949 train_c: -1.0216 train_max_dist: 10.1590 train_imax: -0.0000 train_imin: -9.0787 time: 3.9483s
INFO:root:Epoch: 0165 lr: 0.001 train_loss: 1108032.2500 train_distortion: 0.2401 train_mapscore: 0.3982 train_c: -1.0222 train_max_dist: 10.4049 train_imax: -0.0000 train_imin: -9.5380 time: 3.9214s
INFO:root:Epoch: 0170 lr: 0.001 train_loss: 1100302.8750 train_distortion: 0.2320 train_mapscore: 0.4013 train_c: -1.0229 train_max_dist: 10.6485 train_imax: -0.0000 train_imin: -10.0096 time: 3.9185s
INFO:root:Epoch: 0175 lr: 0.001 train_loss: 1092408.5000 train_distortion: 0.2243 train_mapscore: 0.4049 train_c: -1.0236 train_max_dist: 10.8961 train_imax: -0.0000 train_imin: -10.4691 time: 3.9481s
INFO:root:Epoch: 0180 lr: 0.001 train_loss: 1084378.5000 train_distortion: 0.2170 train_mapscore: 0.4087 train_c: -1.0243 train_max_dist: 11.1441 train_imax: -0.0000 train_imin: -10.9448 time: 3.9139s
INFO:root:Epoch: 0185 lr: 0.001 train_loss: 1076235.7500 train_distortion: 0.2101 train_mapscore: 0.4122 train_c: -1.0250 train_max_dist: 11.3921 train_imax: -0.0000 train_imin: -11.4332 time: 3.9412s
INFO:root:Epoch: 0190 lr: 0.001 train_loss: 1067968.1250 train_distortion: 0.2038 train_mapscore: 0.4156 train_c: -1.0257 train_max_dist: 11.6478 train_imax: -0.0000 train_imin: -11.9430 time: 3.9407s
INFO:root:Epoch: 0195 lr: 0.001 train_loss: 1059611.6250 train_distortion: 0.1981 train_mapscore: 0.4192 train_c: -1.0263 train_max_dist: 11.9034 train_imax: -0.0000 train_imin: -12.4582 time: 3.9653s
INFO:root:Epoch: 0200 lr: 0.001 train_loss: 1051161.6250 train_distortion: 0.1931 train_mapscore: 0.4233 train_c: -1.0270 train_max_dist: 12.1569 train_imax: -0.0000 train_imin: -12.9822 time: 3.9570s
INFO:root:Epoch: 0205 lr: 0.001 train_loss: 1042597.8125 train_distortion: 0.1890 train_mapscore: 0.4273 train_c: -1.0277 train_max_dist: 12.4028 train_imax: -0.0000 train_imin: -13.5377 time: 3.9432s
INFO:root:Epoch: 0210 lr: 0.001 train_loss: 1033973.5625 train_distortion: 0.1857 train_mapscore: 0.4318 train_c: -1.0284 train_max_dist: 12.6448 train_imax: -0.0000 train_imin: -14.0913 time: 3.9373s
INFO:root:Epoch: 0215 lr: 0.001 train_loss: 1025297.0000 train_distortion: 0.1835 train_mapscore: 0.4360 train_c: -1.0290 train_max_dist: 12.8792 train_imax: -0.0000 train_imin: -14.6540 time: 3.9397s
INFO:root:Epoch: 0220 lr: 0.001 train_loss: 1016585.5625 train_distortion: 0.1824 train_mapscore: 0.4402 train_c: -1.0297 train_max_dist: 13.1039 train_imax: -0.0000 train_imin: -15.2302 time: 3.9103s
INFO:root:Epoch: 0225 lr: 0.001 train_loss: 1007821.0625 train_distortion: 0.1824 train_mapscore: 0.4443 train_c: -1.0304 train_max_dist: 13.3290 train_imax: -0.0000 train_imin: -15.8350 time: 3.9226s
INFO:root:Epoch: 0230 lr: 0.001 train_loss: 999025.8750 train_distortion: 0.1838 train_mapscore: 0.4484 train_c: -1.0310 train_max_dist: 13.5356 train_imax: -0.0000 train_imin: -16.4422 time: 3.9136s
INFO:root:Epoch: 0235 lr: 0.001 train_loss: 990212.2500 train_distortion: 0.1867 train_mapscore: 0.4528 train_c: -1.0317 train_max_dist: 13.7331 train_imax: -0.0000 train_imin: -17.0362 time: 3.9255s
INFO:root:Epoch: 0240 lr: 0.001 train_loss: 981420.6250 train_distortion: 0.1911 train_mapscore: 0.4567 train_c: -1.0323 train_max_dist: 13.9232 train_imax: -0.0000 train_imin: -17.6453 time: 3.9042s
INFO:root:Epoch: 0245 lr: 0.001 train_loss: 972658.1250 train_distortion: 0.1972 train_mapscore: 0.4607 train_c: -1.0330 train_max_dist: 14.1046 train_imax: -0.0000 train_imin: -18.2480 time: 3.8630s
INFO:root:Epoch: 0250 lr: 0.001 train_loss: 963912.2500 train_distortion: 0.2051 train_mapscore: 0.4651 train_c: -1.0336 train_max_dist: 14.2737 train_imax: -0.0000 train_imin: -18.8444 time: 3.9211s
INFO:root:Epoch: 0255 lr: 0.001 train_loss: 955232.0000 train_distortion: 0.2149 train_mapscore: 0.4693 train_c: -1.0342 train_max_dist: 14.4386 train_imax: -0.0000 train_imin: -19.4496 time: 3.9023s
INFO:root:Epoch: 0260 lr: 0.001 train_loss: 946613.9375 train_distortion: 0.2266 train_mapscore: 0.4737 train_c: -1.0349 train_max_dist: 14.6025 train_imax: -0.0000 train_imin: -20.0692 time: 3.8975s
INFO:root:Epoch: 0265 lr: 0.001 train_loss: 938071.1875 train_distortion: 0.2404 train_mapscore: 0.4783 train_c: -1.0355 train_max_dist: 14.7611 train_imax: -0.0000 train_imin: -20.6796 time: 3.8955s
INFO:root:Epoch: 0270 lr: 0.001 train_loss: 929623.8125 train_distortion: 0.2564 train_mapscore: 0.4827 train_c: -1.0361 train_max_dist: 14.9177 train_imax: -0.0000 train_imin: -21.3027 time: 3.8623s
INFO:root:Epoch: 0275 lr: 0.001 train_loss: 921255.8750 train_distortion: 0.2747 train_mapscore: 0.4877 train_c: -1.0367 train_max_dist: 15.0735 train_imax: -0.0000 train_imin: -21.9041 time: 3.8937s
INFO:root:Epoch: 0280 lr: 0.001 train_loss: 912992.8750 train_distortion: 0.2953 train_mapscore: 0.4927 train_c: -1.0373 train_max_dist: 15.2565 train_imax: -0.0000 train_imin: -22.4938 time: 3.8842s
INFO:root:Epoch: 0285 lr: 0.001 train_loss: 904842.5000 train_distortion: 0.3184 train_mapscore: 0.4976 train_c: -1.0379 train_max_dist: 15.4440 train_imax: -0.0000 train_imin: -23.0574 time: 3.8585s
INFO:root:Epoch: 0290 lr: 0.001 train_loss: 896806.2500 train_distortion: 0.3439 train_mapscore: 0.5023 train_c: -1.0385 train_max_dist: 15.6339 train_imax: -0.0000 train_imin: -23.6227 time: 3.8646s
INFO:root:Epoch: 0295 lr: 0.001 train_loss: 888881.5625 train_distortion: 0.3720 train_mapscore: 0.5067 train_c: -1.0391 train_max_dist: 15.9000 train_imax: -0.0000 train_imin: -24.1671 time: 3.8721s
INFO:root:Epoch: 0300 lr: 0.001 train_loss: 881082.4375 train_distortion: 0.4028 train_mapscore: 0.5109 train_c: -1.0397 train_max_dist: 16.1571 train_imax: -0.0000 train_imin: -24.7211 time: 3.8810s
INFO:root:Epoch: 0305 lr: 0.001 train_loss: 873439.2500 train_distortion: 0.4361 train_mapscore: 0.5154 train_c: -1.0402 train_max_dist: 16.4077 train_imax: -0.0000 train_imin: -25.2706 time: 3.8859s
INFO:root:Epoch: 0310 lr: 0.001 train_loss: 865935.1250 train_distortion: 0.4724 train_mapscore: 0.5197 train_c: -1.0408 train_max_dist: 16.6481 train_imax: -0.0000 train_imin: -25.7704 time: 3.8332s
INFO:root:Epoch: 0315 lr: 0.001 train_loss: 858579.0000 train_distortion: 0.5113 train_mapscore: 0.5242 train_c: -1.0413 train_max_dist: 16.8820 train_imax: -0.0000 train_imin: -26.2752 time: 3.8616s
INFO:root:Epoch: 0320 lr: 0.001 train_loss: 851346.4375 train_distortion: 0.5531 train_mapscore: 0.5289 train_c: -1.0419 train_max_dist: 17.1029 train_imax: -0.0000 train_imin: -26.7902 time: 3.8382s
INFO:root:Epoch: 0325 lr: 0.001 train_loss: 844269.0000 train_distortion: 0.5976 train_mapscore: 0.5336 train_c: -1.0424 train_max_dist: 17.3101 train_imax: -0.0000 train_imin: -27.3085 time: 3.8458s
INFO:root:Epoch: 0330 lr: 0.001 train_loss: 837359.2500 train_distortion: 0.6448 train_mapscore: 0.5383 train_c: -1.0430 train_max_dist: 17.5242 train_imax: -0.0000 train_imin: -27.8428 time: 3.8341s
INFO:root:Epoch: 0335 lr: 0.001 train_loss: 830563.7500 train_distortion: 0.6953 train_mapscore: 0.5429 train_c: -1.0435 train_max_dist: 17.7301 train_imax: -0.0000 train_imin: -28.4011 time: 3.8051s
INFO:root:Epoch: 0340 lr: 0.001 train_loss: 823924.3125 train_distortion: 0.7487 train_mapscore: 0.5476 train_c: -1.0440 train_max_dist: 17.9309 train_imax: -0.0000 train_imin: -28.9932 time: 3.8411s
INFO:root:Epoch: 0345 lr: 0.001 train_loss: 817427.1250 train_distortion: 0.8050 train_mapscore: 0.5522 train_c: -1.0445 train_max_dist: 18.1233 train_imax: -0.0000 train_imin: -29.5949 time: 3.8607s
INFO:root:Epoch: 0350 lr: 0.001 train_loss: 811105.9375 train_distortion: 0.8646 train_mapscore: 0.5566 train_c: -1.0450 train_max_dist: 18.3145 train_imax: -0.0000 train_imin: -30.2229 time: 3.8213s
INFO:root:Epoch: 0355 lr: 0.001 train_loss: 804962.8750 train_distortion: 0.9270 train_mapscore: 0.5612 train_c: -1.0455 train_max_dist: 18.4933 train_imax: -0.0000 train_imin: -30.9065 time: 3.8332s
INFO:root:Epoch: 0360 lr: 0.001 train_loss: 798918.6250 train_distortion: 0.9925 train_mapscore: 0.5654 train_c: -1.0460 train_max_dist: 18.6688 train_imax: -0.0000 train_imin: -31.5516 time: 3.8513s
INFO:root:Epoch: 0365 lr: 0.001 train_loss: 793039.1250 train_distortion: 1.0616 train_mapscore: 0.5696 train_c: -1.0465 train_max_dist: 18.8400 train_imax: -0.0000 train_imin: -32.2682 time: 3.8403s
INFO:root:Epoch: 0370 lr: 0.001 train_loss: 787324.1875 train_distortion: 1.1334 train_mapscore: 0.5738 train_c: -1.0469 train_max_dist: 19.0022 train_imax: -0.0000 train_imin: -32.9563 time: 3.7827s
INFO:root:Epoch: 0375 lr: 0.001 train_loss: 781834.4375 train_distortion: 1.2082 train_mapscore: 0.5780 train_c: -1.0474 train_max_dist: 19.1558 train_imax: -0.0000 train_imin: -33.7097 time: 3.8092s
INFO:root:Epoch: 0380 lr: 0.001 train_loss: 776476.2500 train_distortion: 1.2863 train_mapscore: 0.5823 train_c: -1.0478 train_max_dist: 19.3156 train_imax: -0.0000 train_imin: -34.4227 time: 3.7917s
INFO:root:Epoch: 0385 lr: 0.001 train_loss: 771301.4375 train_distortion: 1.3672 train_mapscore: 0.5861 train_c: -1.0483 train_max_dist: 19.4573 train_imax: -0.0000 train_imin: -35.1733 time: 3.7982s
INFO:root:Epoch: 0390 lr: 0.001 train_loss: 766276.1250 train_distortion: 1.4506 train_mapscore: 0.5901 train_c: -1.0487 train_max_dist: 19.6152 train_imax: -0.0000 train_imin: -35.9477 time: 3.7928s
INFO:root:Epoch: 0395 lr: 0.001 train_loss: 761422.8125 train_distortion: 1.5364 train_mapscore: 0.5943 train_c: -1.0492 train_max_dist: 19.8539 train_imax: -0.0000 train_imin: -36.6968 time: 3.7787s
INFO:root:Epoch: 0400 lr: 0.001 train_loss: 756765.2500 train_distortion: 1.6252 train_mapscore: 0.5981 train_c: -1.0496 train_max_dist: 20.0642 train_imax: -0.0000 train_imin: -37.5395 time: 3.7360s
INFO:root:Epoch: 0405 lr: 0.001 train_loss: 752279.3125 train_distortion: 1.7164 train_mapscore: 0.6017 train_c: -1.0500 train_max_dist: 20.2744 train_imax: -0.0000 train_imin: -38.3577 time: 3.7898s
INFO:root:Epoch: 0410 lr: 0.001 train_loss: 747963.2500 train_distortion: 1.8098 train_mapscore: 0.6055 train_c: -1.0504 train_max_dist: 20.4773 train_imax: -0.0000 train_imin: -39.2244 time: 3.7771s
INFO:root:Epoch: 0415 lr: 0.001 train_loss: 743794.9375 train_distortion: 1.9042 train_mapscore: 0.6092 train_c: -1.0508 train_max_dist: 20.6887 train_imax: -0.0000 train_imin: -40.0493 time: 3.7709s
INFO:root:Epoch: 0420 lr: 0.001 train_loss: 739878.0000 train_distortion: 2.0010 train_mapscore: 0.6127 train_c: -1.0512 train_max_dist: 20.8518 train_imax: -0.0000 train_imin: -40.8903 time: 3.7358s
INFO:root:Epoch: 0425 lr: 0.001 train_loss: 736065.2500 train_distortion: 2.0987 train_mapscore: 0.6160 train_c: -1.0516 train_max_dist: 21.1061 train_imax: -0.0000 train_imin: -41.7424 time: 3.7011s
INFO:root:Epoch: 0430 lr: 0.001 train_loss: 732419.0000 train_distortion: 2.1988 train_mapscore: 0.6194 train_c: -1.0520 train_max_dist: 21.2589 train_imax: -0.0000 train_imin: -42.6160 time: 3.7490s
INFO:root:Epoch: 0435 lr: 0.001 train_loss: 728976.2500 train_distortion: 2.2991 train_mapscore: 0.6225 train_c: -1.0523 train_max_dist: 21.4995 train_imax: -0.0000 train_imin: -43.4920 time: 3.7518s
INFO:root:Epoch: 0440 lr: 0.001 train_loss: 725687.5625 train_distortion: 2.3995 train_mapscore: 0.6258 train_c: -1.0527 train_max_dist: 21.6591 train_imax: -0.0000 train_imin: -44.3900 time: 3.7249s
INFO:root:Epoch: 0445 lr: 0.001 train_loss: 722552.4375 train_distortion: 2.4996 train_mapscore: 0.6288 train_c: -1.0530 train_max_dist: 21.8470 train_imax: -0.0000 train_imin: -45.2379 time: 3.7085s
INFO:root:Epoch: 0450 lr: 0.001 train_loss: 719625.0000 train_distortion: 2.5997 train_mapscore: 0.6317 train_c: -1.0533 train_max_dist: 21.9842 train_imax: -0.0000 train_imin: -46.1089 time: 3.6722s
INFO:root:Epoch: 0455 lr: 0.001 train_loss: 716793.5000 train_distortion: 2.7011 train_mapscore: 0.6344 train_c: -1.0537 train_max_dist: 22.1646 train_imax: -0.0000 train_imin: -46.9925 time: 3.6913s
INFO:root:Epoch: 0460 lr: 0.001 train_loss: 714095.6875 train_distortion: 2.8009 train_mapscore: 0.6373 train_c: -1.0540 train_max_dist: 22.3524 train_imax: -0.0000 train_imin: -47.8897 time: 3.6431s
INFO:root:Epoch: 0465 lr: 0.001 train_loss: 711550.6875 train_distortion: 2.8987 train_mapscore: 0.6399 train_c: -1.0543 train_max_dist: 22.4971 train_imax: -0.0000 train_imin: -48.7485 time: 3.6701s
INFO:root:Epoch: 0470 lr: 0.001 train_loss: 709157.8750 train_distortion: 2.9953 train_mapscore: 0.6427 train_c: -1.0546 train_max_dist: 22.7056 train_imax: -0.0000 train_imin: -49.5970 time: 3.6753s
INFO:root:Epoch: 0475 lr: 0.001 train_loss: 706869.1250 train_distortion: 3.0926 train_mapscore: 0.6453 train_c: -1.0549 train_max_dist: 22.8372 train_imax: -0.0000 train_imin: -50.4837 time: 3.6475s
INFO:root:Epoch: 0480 lr: 0.001 train_loss: 704722.0000 train_distortion: 3.1892 train_mapscore: 0.6481 train_c: -1.0551 train_max_dist: 22.9866 train_imax: -0.0000 train_imin: -51.3208 time: 3.6343s
INFO:root:Epoch: 0485 lr: 0.001 train_loss: 702669.5000 train_distortion: 3.2848 train_mapscore: 0.6508 train_c: -1.0554 train_max_dist: 23.1089 train_imax: -0.0000 train_imin: -52.2045 time: 3.6300s
INFO:root:Epoch: 0490 lr: 0.001 train_loss: 700732.0000 train_distortion: 3.3770 train_mapscore: 0.6531 train_c: -1.0557 train_max_dist: 23.2598 train_imax: -0.0000 train_imin: -53.0831 time: 3.5865s
INFO:root:Epoch: 0495 lr: 0.001 train_loss: 698932.0000 train_distortion: 3.4675 train_mapscore: 0.6551 train_c: -1.0559 train_max_dist: 23.3730 train_imax: -0.0000 train_imin: -53.8972 time: 3.6184s
INFO:root:Epoch: 0500 lr: 0.001 train_loss: 697223.5625 train_distortion: 3.5578 train_mapscore: 0.6571 train_c: -1.0562 train_max_dist: 23.5178 train_imax: -0.0000 train_imin: -54.7323 time: 3.6122s
INFO:root:Epoch: 0505 lr: 0.001 train_loss: 695627.1875 train_distortion: 3.6465 train_mapscore: 0.6591 train_c: -1.0564 train_max_dist: 23.6423 train_imax: -0.0000 train_imin: -55.6246 time: 3.5999s
INFO:root:Epoch: 0510 lr: 0.001 train_loss: 694066.5625 train_distortion: 3.7323 train_mapscore: 0.6610 train_c: -1.0566 train_max_dist: 23.7754 train_imax: -0.0000 train_imin: -56.3762 time: 3.6056s
INFO:root:Epoch: 0515 lr: 0.001 train_loss: 692622.2500 train_distortion: 3.8151 train_mapscore: 0.6629 train_c: -1.0569 train_max_dist: 23.8832 train_imax: -0.0000 train_imin: -57.1437 time: 3.5387s
INFO:root:Epoch: 0520 lr: 0.001 train_loss: 691274.2500 train_distortion: 3.8953 train_mapscore: 0.6645 train_c: -1.0571 train_max_dist: 23.9973 train_imax: -0.0000 train_imin: -57.8564 time: 3.5762s
INFO:root:Epoch: 0525 lr: 0.001 train_loss: 689947.1250 train_distortion: 3.9724 train_mapscore: 0.6665 train_c: -1.0573 train_max_dist: 24.0894 train_imax: -0.0000 train_imin: -58.5806 time: 3.5819s
INFO:root:Epoch: 0530 lr: 0.001 train_loss: 688725.8125 train_distortion: 4.0470 train_mapscore: 0.6682 train_c: -1.0575 train_max_dist: 24.2216 train_imax: -0.0000 train_imin: -59.2911 time: 3.5517s
INFO:root:Epoch: 0535 lr: 0.001 train_loss: 687544.6875 train_distortion: 4.1199 train_mapscore: 0.6698 train_c: -1.0577 train_max_dist: 24.3083 train_imax: -0.0000 train_imin: -59.9426 time: 3.5542s
INFO:root:Epoch: 0540 lr: 0.001 train_loss: 686437.1250 train_distortion: 4.1915 train_mapscore: 0.6715 train_c: -1.0578 train_max_dist: 24.4569 train_imax: -0.0000 train_imin: -60.6754 time: 3.5476s
INFO:root:Epoch: 0545 lr: 0.001 train_loss: 685386.4375 train_distortion: 4.2601 train_mapscore: 0.6730 train_c: -1.0580 train_max_dist: 24.5288 train_imax: -0.0000 train_imin: -61.3552 time: 3.5474s
INFO:root:Epoch: 0550 lr: 0.001 train_loss: 684383.0000 train_distortion: 4.3269 train_mapscore: 0.6746 train_c: -1.0582 train_max_dist: 24.6738 train_imax: -0.0000 train_imin: -62.0062 time: 3.5272s
INFO:root:Epoch: 0555 lr: 0.001 train_loss: 683438.0000 train_distortion: 4.3919 train_mapscore: 0.6761 train_c: -1.0584 train_max_dist: 24.7573 train_imax: -0.0000 train_imin: -62.6273 time: 3.4902s
INFO:root:Epoch: 0560 lr: 0.001 train_loss: 682554.1250 train_distortion: 4.4561 train_mapscore: 0.6773 train_c: -1.0585 train_max_dist: 24.8691 train_imax: -0.0000 train_imin: -63.2316 time: 3.5247s
INFO:root:Epoch: 0565 lr: 0.001 train_loss: 681668.8750 train_distortion: 4.5185 train_mapscore: 0.6785 train_c: -1.0587 train_max_dist: 25.0049 train_imax: -0.0000 train_imin: -63.8375 time: 3.5111s
INFO:root:Epoch: 0570 lr: 0.001 train_loss: 680853.0000 train_distortion: 4.5792 train_mapscore: 0.6798 train_c: -1.0588 train_max_dist: 25.1484 train_imax: -0.0000 train_imin: -64.4781 time: 3.5013s
INFO:root:Epoch: 0575 lr: 0.001 train_loss: 680059.6250 train_distortion: 4.6384 train_mapscore: 0.6809 train_c: -1.0590 train_max_dist: 25.2822 train_imax: -0.0000 train_imin: -65.1056 time: 3.5083s
INFO:root:Epoch: 0580 lr: 0.001 train_loss: 679325.7500 train_distortion: 4.6955 train_mapscore: 0.6820 train_c: -1.0591 train_max_dist: 25.4121 train_imax: -0.0000 train_imin: -65.6904 time: 3.4730s
INFO:root:Epoch: 0585 lr: 0.001 train_loss: 678643.1250 train_distortion: 4.7507 train_mapscore: 0.6832 train_c: -1.0592 train_max_dist: 25.5449 train_imax: -0.0000 train_imin: -66.3188 time: 3.4959s
INFO:root:Epoch: 0590 lr: 0.001 train_loss: 677953.0000 train_distortion: 4.8055 train_mapscore: 0.6843 train_c: -1.0594 train_max_dist: 25.6631 train_imax: -0.0000 train_imin: -66.8596 time: 3.4903s
INFO:root:Epoch: 0595 lr: 0.001 train_loss: 677279.1875 train_distortion: 4.8573 train_mapscore: 0.6855 train_c: -1.0595 train_max_dist: 25.7861 train_imax: -0.0000 train_imin: -67.3936 time: 3.4917s
INFO:root:Epoch: 0600 lr: 0.001 train_loss: 676658.1250 train_distortion: 4.9082 train_mapscore: 0.6865 train_c: -1.0596 train_max_dist: 25.9058 train_imax: -0.0000 train_imin: -67.8879 time: 3.4758s
INFO:root:Epoch: 0605 lr: 0.001 train_loss: 676060.9375 train_distortion: 4.9566 train_mapscore: 0.6875 train_c: -1.0597 train_max_dist: 26.0190 train_imax: -0.0000 train_imin: -68.3845 time: 3.4762s
INFO:root:Epoch: 0610 lr: 0.001 train_loss: 675502.5000 train_distortion: 5.0044 train_mapscore: 0.6884 train_c: -1.0599 train_max_dist: 26.1230 train_imax: -0.0000 train_imin: -68.7972 time: 3.4810s
INFO:root:Epoch: 0615 lr: 0.001 train_loss: 674949.0000 train_distortion: 5.0508 train_mapscore: 0.6894 train_c: -1.0600 train_max_dist: 26.2314 train_imax: -0.0000 train_imin: -69.3146 time: 3.4571s
INFO:root:Epoch: 0620 lr: 0.001 train_loss: 674403.0000 train_distortion: 5.0960 train_mapscore: 0.6904 train_c: -1.0601 train_max_dist: 26.3438 train_imax: -0.0000 train_imin: -69.8183 time: 3.4601s
INFO:root:Epoch: 0625 lr: 0.001 train_loss: 673875.7500 train_distortion: 5.1411 train_mapscore: 0.6913 train_c: -1.0602 train_max_dist: 26.4458 train_imax: -0.0000 train_imin: -70.2776 time: 3.4726s
INFO:root:Epoch: 0630 lr: 0.001 train_loss: 673385.1250 train_distortion: 5.1851 train_mapscore: 0.6922 train_c: -1.0603 train_max_dist: 26.5537 train_imax: -0.0000 train_imin: -70.7391 time: 3.4654s
INFO:root:Epoch: 0635 lr: 0.001 train_loss: 672986.5625 train_distortion: 5.2280 train_mapscore: 0.6931 train_c: -1.0604 train_max_dist: 26.6523 train_imax: -0.0000 train_imin: -71.1484 time: 3.4635s
INFO:root:Epoch: 0640 lr: 0.001 train_loss: 672529.6875 train_distortion: 5.2692 train_mapscore: 0.6938 train_c: -1.0605 train_max_dist: 26.7617 train_imax: -0.0000 train_imin: -71.5516 time: 3.4679s
INFO:root:Epoch: 0645 lr: 0.001 train_loss: 672068.0625 train_distortion: 5.3106 train_mapscore: 0.6948 train_c: -1.0606 train_max_dist: 26.8516 train_imax: -0.0000 train_imin: -71.9218 time: 3.4151s
INFO:root:Epoch: 0650 lr: 0.001 train_loss: 671643.3750 train_distortion: 5.3510 train_mapscore: 0.6954 train_c: -1.0607 train_max_dist: 26.9424 train_imax: -0.0000 train_imin: -72.3704 time: 3.4364s
INFO:root:Epoch: 0655 lr: 0.001 train_loss: 671254.8750 train_distortion: 5.3904 train_mapscore: 0.6962 train_c: -1.0607 train_max_dist: 27.0430 train_imax: -0.0000 train_imin: -72.7604 time: 3.4395s
INFO:root:Epoch: 0660 lr: 0.001 train_loss: 670863.3750 train_distortion: 5.4277 train_mapscore: 0.6969 train_c: -1.0608 train_max_dist: 27.1318 train_imax: -0.0000 train_imin: -73.1880 time: 3.4612s
INFO:root:Epoch: 0665 lr: 0.001 train_loss: 670520.3750 train_distortion: 5.4641 train_mapscore: 0.6976 train_c: -1.0609 train_max_dist: 27.2227 train_imax: -0.0000 train_imin: -73.5615 time: 3.4340s
INFO:root:Epoch: 0670 lr: 0.001 train_loss: 670199.3750 train_distortion: 5.5004 train_mapscore: 0.6983 train_c: -1.0610 train_max_dist: 27.3154 train_imax: -0.0000 train_imin: -73.9284 time: 3.3751s
INFO:root:Epoch: 0675 lr: 0.001 train_loss: 669838.0625 train_distortion: 5.5360 train_mapscore: 0.6988 train_c: -1.0611 train_max_dist: 27.4023 train_imax: -0.0000 train_imin: -74.3058 time: 3.4225s
INFO:root:Epoch: 0680 lr: 0.001 train_loss: 669494.3125 train_distortion: 5.5707 train_mapscore: 0.6994 train_c: -1.0611 train_max_dist: 27.4941 train_imax: -0.0000 train_imin: -74.6637 time: 3.4178s
INFO:root:Epoch: 0685 lr: 0.001 train_loss: 669170.1250 train_distortion: 5.6038 train_mapscore: 0.7000 train_c: -1.0612 train_max_dist: 27.5762 train_imax: -0.0000 train_imin: -75.0176 time: 3.4193s
INFO:root:Epoch: 0690 lr: 0.001 train_loss: 668853.3750 train_distortion: 5.6368 train_mapscore: 0.7006 train_c: -1.0613 train_max_dist: 27.6719 train_imax: -0.0000 train_imin: -75.3739 time: 3.4221s
INFO:root:Epoch: 0695 lr: 0.001 train_loss: 668569.8750 train_distortion: 5.6695 train_mapscore: 0.7012 train_c: -1.0613 train_max_dist: 27.7520 train_imax: -0.0000 train_imin: -75.6954 time: 3.4022s
INFO:root:Epoch: 0700 lr: 0.001 train_loss: 668272.0000 train_distortion: 5.7005 train_mapscore: 0.7018 train_c: -1.0614 train_max_dist: 27.8301 train_imax: -0.0000 train_imin: -75.9885 time: 3.4076s
INFO:root:Epoch: 0705 lr: 0.001 train_loss: 667990.0000 train_distortion: 5.7320 train_mapscore: 0.7024 train_c: -1.0614 train_max_dist: 27.9092 train_imax: -0.0000 train_imin: -76.3381 time: 3.4172s
INFO:root:Epoch: 0710 lr: 0.001 train_loss: 667746.3750 train_distortion: 5.7624 train_mapscore: 0.7029 train_c: -1.0615 train_max_dist: 27.9932 train_imax: -0.0000 train_imin: -76.6629 time: 3.4262s
INFO:root:Epoch: 0715 lr: 0.001 train_loss: 667492.0625 train_distortion: 5.7906 train_mapscore: 0.7035 train_c: -1.0616 train_max_dist: 28.0693 train_imax: -0.0000 train_imin: -76.9789 time: 3.4129s
INFO:root:Epoch: 0720 lr: 0.001 train_loss: 667241.7500 train_distortion: 5.8183 train_mapscore: 0.7039 train_c: -1.0616 train_max_dist: 28.1416 train_imax: -0.0000 train_imin: -77.2786 time: 3.4010s
INFO:root:Epoch: 0725 lr: 0.001 train_loss: 666978.4375 train_distortion: 5.8463 train_mapscore: 0.7044 train_c: -1.0617 train_max_dist: 28.2129 train_imax: -0.0000 train_imin: -77.5609 time: 3.4018s
INFO:root:Epoch: 0730 lr: 0.001 train_loss: 666734.8750 train_distortion: 5.8746 train_mapscore: 0.7049 train_c: -1.0617 train_max_dist: 28.2832 train_imax: -0.0000 train_imin: -77.8559 time: 3.4537s
INFO:root:Epoch: 0735 lr: 0.001 train_loss: 666497.3750 train_distortion: 5.9017 train_mapscore: 0.7053 train_c: -1.0618 train_max_dist: 28.3564 train_imax: -0.0000 train_imin: -78.1258 time: 3.3633s
INFO:root:Epoch: 0740 lr: 0.001 train_loss: 666275.8750 train_distortion: 5.9282 train_mapscore: 0.7059 train_c: -1.0618 train_max_dist: 28.4258 train_imax: -0.0000 train_imin: -78.4217 time: 3.3891s
INFO:root:Epoch: 0745 lr: 0.001 train_loss: 666062.7500 train_distortion: 5.9541 train_mapscore: 0.7062 train_c: -1.0619 train_max_dist: 28.4922 train_imax: -0.0000 train_imin: -78.6967 time: 3.3895s
INFO:root:Epoch: 0750 lr: 0.001 train_loss: 665871.1250 train_distortion: 5.9803 train_mapscore: 0.7066 train_c: -1.0619 train_max_dist: 28.5586 train_imax: -0.0000 train_imin: -78.9649 time: 3.3949s
INFO:root:Epoch: 0755 lr: 0.001 train_loss: 665652.3750 train_distortion: 6.0059 train_mapscore: 0.7071 train_c: -1.0619 train_max_dist: 28.6270 train_imax: -0.0000 train_imin: -79.2364 time: 3.3872s
INFO:root:Epoch: 0760 lr: 0.001 train_loss: 665428.5625 train_distortion: 6.0309 train_mapscore: 0.7074 train_c: -1.0620 train_max_dist: 28.6924 train_imax: -0.0000 train_imin: -79.5049 time: 3.3529s
INFO:root:Epoch: 0765 lr: 0.001 train_loss: 665226.6875 train_distortion: 6.0541 train_mapscore: 0.7079 train_c: -1.0620 train_max_dist: 28.7549 train_imax: -0.0000 train_imin: -79.7271 time: 3.3987s
INFO:root:Epoch: 0770 lr: 0.001 train_loss: 665037.1875 train_distortion: 6.0776 train_mapscore: 0.7083 train_c: -1.0620 train_max_dist: 28.8115 train_imax: -0.0000 train_imin: -80.0183 time: 3.3816s
INFO:root:Epoch: 0775 lr: 0.001 train_loss: 664904.5625 train_distortion: 6.1003 train_mapscore: 0.7088 train_c: -1.0621 train_max_dist: 28.8740 train_imax: -0.0000 train_imin: -80.2101 time: 3.3765s
INFO:root:Epoch: 0780 lr: 0.001 train_loss: 664718.3750 train_distortion: 6.1233 train_mapscore: 0.7092 train_c: -1.0621 train_max_dist: 28.9287 train_imax: -0.0000 train_imin: -80.4717 time: 3.3874s
INFO:root:Epoch: 0785 lr: 0.001 train_loss: 664513.1250 train_distortion: 6.1462 train_mapscore: 0.7096 train_c: -1.0621 train_max_dist: 28.9912 train_imax: -0.0000 train_imin: -80.7213 time: 3.3705s
INFO:root:Epoch: 0790 lr: 0.001 train_loss: 664327.7500 train_distortion: 6.1696 train_mapscore: 0.7099 train_c: -1.0622 train_max_dist: 29.0439 train_imax: -0.0000 train_imin: -80.9585 time: 3.3712s
INFO:root:Epoch: 0795 lr: 0.001 train_loss: 664165.5000 train_distortion: 6.1925 train_mapscore: 0.7104 train_c: -1.0622 train_max_dist: 29.0986 train_imax: -0.0000 train_imin: -81.2358 time: 3.3868s
INFO:root:Epoch: 0800 lr: 0.001 train_loss: 664012.2500 train_distortion: 6.2137 train_mapscore: 0.7107 train_c: -1.0622 train_max_dist: 29.1592 train_imax: -0.0000 train_imin: -81.5372 time: 3.3424s
INFO:root:Epoch: 0805 lr: 0.001 train_loss: 663880.2500 train_distortion: 6.2350 train_mapscore: 0.7111 train_c: -1.0623 train_max_dist: 29.2119 train_imax: -0.0000 train_imin: -81.7882 time: 3.3637s
INFO:root:Epoch: 0810 lr: 0.001 train_loss: 663737.7500 train_distortion: 6.2562 train_mapscore: 0.7115 train_c: -1.0623 train_max_dist: 29.2568 train_imax: -0.0000 train_imin: -82.0178 time: 3.3624s
INFO:root:Epoch: 0815 lr: 0.001 train_loss: 663583.1875 train_distortion: 6.2779 train_mapscore: 0.7118 train_c: -1.0623 train_max_dist: 29.3154 train_imax: -0.0000 train_imin: -82.2762 time: 3.3815s
INFO:root:Epoch: 0820 lr: 0.001 train_loss: 663405.1250 train_distortion: 6.2990 train_mapscore: 0.7120 train_c: -1.0623 train_max_dist: 29.3721 train_imax: -0.0000 train_imin: -82.4640 time: 3.3780s
INFO:root:Epoch: 0825 lr: 0.001 train_loss: 663251.1875 train_distortion: 6.3183 train_mapscore: 0.7124 train_c: -1.0623 train_max_dist: 29.4287 train_imax: -0.0000 train_imin: -82.7553 time: 3.3173s
INFO:root:Epoch: 0830 lr: 0.001 train_loss: 663120.3750 train_distortion: 6.3383 train_mapscore: 0.7125 train_c: -1.0624 train_max_dist: 29.4766 train_imax: -0.0000 train_imin: -82.9731 time: 3.3402s
INFO:root:Epoch: 0835 lr: 0.001 train_loss: 662980.6250 train_distortion: 6.3573 train_mapscore: 0.7128 train_c: -1.0624 train_max_dist: 29.5234 train_imax: -0.0000 train_imin: -83.1805 time: 3.3419s
INFO:root:Epoch: 0840 lr: 0.001 train_loss: 662866.7500 train_distortion: 6.3770 train_mapscore: 0.7131 train_c: -1.0624 train_max_dist: 29.5742 train_imax: -0.0000 train_imin: -83.4230 time: 3.3571s
INFO:root:Epoch: 0845 lr: 0.001 train_loss: 662767.2500 train_distortion: 6.3946 train_mapscore: 0.7133 train_c: -1.0624 train_max_dist: 29.6250 train_imax: -0.0000 train_imin: -83.6299 time: 3.3351s
INFO:root:Epoch: 0850 lr: 0.001 train_loss: 662603.1250 train_distortion: 6.4133 train_mapscore: 0.7136 train_c: -1.0624 train_max_dist: 29.6650 train_imax: -0.0000 train_imin: -83.8492 time: 3.3341s
INFO:root:Epoch: 0855 lr: 0.001 train_loss: 662517.6250 train_distortion: 6.4326 train_mapscore: 0.7140 train_c: -1.0624 train_max_dist: 29.7158 train_imax: -0.0000 train_imin: -84.0743 time: 3.3364s
INFO:root:Epoch: 0860 lr: 0.001 train_loss: 662369.2500 train_distortion: 6.4515 train_mapscore: 0.7142 train_c: -1.0624 train_max_dist: 29.7607 train_imax: -0.0000 train_imin: -84.2827 time: 3.3404s
INFO:root:Epoch: 0865 lr: 0.001 train_loss: 662237.0000 train_distortion: 6.4690 train_mapscore: 0.7145 train_c: -1.0625 train_max_dist: 29.8076 train_imax: -0.0000 train_imin: -84.4937 time: 3.3583s
INFO:root:Epoch: 0870 lr: 0.001 train_loss: 662112.3750 train_distortion: 6.4867 train_mapscore: 0.7147 train_c: -1.0625 train_max_dist: 29.8525 train_imax: -0.0000 train_imin: -84.6891 time: 3.3591s
INFO:root:Epoch: 0875 lr: 0.001 train_loss: 662016.4375 train_distortion: 6.5039 train_mapscore: 0.7151 train_c: -1.0625 train_max_dist: 29.8955 train_imax: -0.0000 train_imin: -84.9366 time: 3.3475s
INFO:root:Epoch: 0880 lr: 0.001 train_loss: 661905.3750 train_distortion: 6.5213 train_mapscore: 0.7153 train_c: -1.0625 train_max_dist: 29.9385 train_imax: -0.0000 train_imin: -85.1684 time: 3.3690s
INFO:root:Epoch: 0885 lr: 0.001 train_loss: 661811.6875 train_distortion: 6.5384 train_mapscore: 0.7156 train_c: -1.0625 train_max_dist: 29.9844 train_imax: -0.0000 train_imin: -85.3284 time: 3.3520s
INFO:root:Epoch: 0890 lr: 0.001 train_loss: 661740.2500 train_distortion: 6.5555 train_mapscore: 0.7157 train_c: -1.0625 train_max_dist: 30.0244 train_imax: -0.0000 train_imin: -85.6432 time: 3.3263s
INFO:root:Epoch: 0895 lr: 0.001 train_loss: 661651.6875 train_distortion: 6.5725 train_mapscore: 0.7159 train_c: -1.0625 train_max_dist: 30.0703 train_imax: -0.0000 train_imin: -85.8358 time: 3.3670s
INFO:root:Epoch: 0900 lr: 0.001 train_loss: 661499.3750 train_distortion: 6.5898 train_mapscore: 0.7162 train_c: -1.0625 train_max_dist: 30.1094 train_imax: -0.0000 train_imin: -86.0269 time: 3.3670s
INFO:root:Epoch: 0905 lr: 0.001 train_loss: 661389.6250 train_distortion: 6.6061 train_mapscore: 0.7164 train_c: -1.0625 train_max_dist: 30.1514 train_imax: -0.0000 train_imin: -86.2851 time: 3.3432s
INFO:root:Epoch: 0910 lr: 0.001 train_loss: 661308.7500 train_distortion: 6.6219 train_mapscore: 0.7166 train_c: -1.0625 train_max_dist: 30.1885 train_imax: -0.0000 train_imin: -86.4700 time: 3.3482s
INFO:root:Epoch: 0915 lr: 0.001 train_loss: 661220.1250 train_distortion: 6.6375 train_mapscore: 0.7169 train_c: -1.0625 train_max_dist: 30.2227 train_imax: -0.0000 train_imin: -86.6789 time: 3.3113s
INFO:root:Epoch: 0920 lr: 0.001 train_loss: 661153.8750 train_distortion: 6.6533 train_mapscore: 0.7172 train_c: -1.0625 train_max_dist: 30.2617 train_imax: -0.0000 train_imin: -86.9077 time: 3.3513s
INFO:root:Epoch: 0925 lr: 0.001 train_loss: 661078.4375 train_distortion: 6.6685 train_mapscore: 0.7174 train_c: -1.0625 train_max_dist: 30.3018 train_imax: -0.0000 train_imin: -87.0453 time: 3.4986s
INFO:root:Epoch: 0930 lr: 0.001 train_loss: 660952.5000 train_distortion: 6.6841 train_mapscore: 0.7176 train_c: -1.0625 train_max_dist: 30.3389 train_imax: -0.0000 train_imin: -87.2685 time: 3.3167s
INFO:root:Epoch: 0935 lr: 0.001 train_loss: 660861.7500 train_distortion: 6.7000 train_mapscore: 0.7178 train_c: -1.0625 train_max_dist: 30.3848 train_imax: -0.0000 train_imin: -87.4808 time: 3.3440s
INFO:root:Epoch: 0940 lr: 0.001 train_loss: 660772.7500 train_distortion: 6.7156 train_mapscore: 0.7180 train_c: -1.0625 train_max_dist: 30.4209 train_imax: -0.0000 train_imin: -87.7163 time: 3.3641s
INFO:root:Epoch: 0945 lr: 0.001 train_loss: 660694.5000 train_distortion: 6.7308 train_mapscore: 0.7181 train_c: -1.0625 train_max_dist: 30.4590 train_imax: -0.0000 train_imin: -87.9871 time: 3.3481s
INFO:root:Epoch: 0950 lr: 0.001 train_loss: 660633.1875 train_distortion: 6.7451 train_mapscore: 0.7183 train_c: -1.0625 train_max_dist: 30.4922 train_imax: -0.0000 train_imin: -88.2186 time: 3.3349s
INFO:root:Epoch: 0955 lr: 0.001 train_loss: 660541.8125 train_distortion: 6.7604 train_mapscore: 0.7184 train_c: -1.0625 train_max_dist: 30.5293 train_imax: -0.0000 train_imin: -88.4812 time: 3.4879s
INFO:root:Epoch: 0960 lr: 0.001 train_loss: 660465.8750 train_distortion: 6.7748 train_mapscore: 0.7187 train_c: -1.0625 train_max_dist: 30.5693 train_imax: -0.0000 train_imin: -88.6985 time: 3.4566s
INFO:root:Epoch: 0965 lr: 0.001 train_loss: 660383.4375 train_distortion: 6.7889 train_mapscore: 0.7189 train_c: -1.0624 train_max_dist: 30.6016 train_imax: -0.0000 train_imin: -88.8873 time: 3.3531s
INFO:root:Epoch: 0970 lr: 0.001 train_loss: 660304.0625 train_distortion: 6.8025 train_mapscore: 0.7191 train_c: -1.0624 train_max_dist: 30.6328 train_imax: -0.0000 train_imin: -89.0845 time: 3.3467s
INFO:root:Epoch: 0975 lr: 0.001 train_loss: 660227.1875 train_distortion: 6.8175 train_mapscore: 0.7192 train_c: -1.0624 train_max_dist: 30.6719 train_imax: -0.0000 train_imin: -89.2671 time: 3.3553s
INFO:root:Epoch: 0980 lr: 0.001 train_loss: 660163.8750 train_distortion: 6.8320 train_mapscore: 0.7194 train_c: -1.0624 train_max_dist: 30.7041 train_imax: -0.0000 train_imin: -89.4774 time: 3.2848s
INFO:root:Epoch: 0985 lr: 0.001 train_loss: 660129.5000 train_distortion: 6.8460 train_mapscore: 0.7196 train_c: -1.0624 train_max_dist: 30.7324 train_imax: -0.0000 train_imin: -89.6906 time: 3.3189s
INFO:root:Epoch: 0990 lr: 0.001 train_loss: 660069.0000 train_distortion: 6.8601 train_mapscore: 0.7198 train_c: -1.0624 train_max_dist: 30.7725 train_imax: -0.0000 train_imin: -89.9415 time: 3.3168s
INFO:root:Epoch: 0995 lr: 0.001 train_loss: 659979.9375 train_distortion: 6.8720 train_mapscore: 0.7200 train_c: -1.0624 train_max_dist: 30.8096 train_imax: -0.0000 train_imin: -90.1077 time: 3.3583s
INFO:root:Epoch: 1000 lr: 0.001 train_loss: 659907.7500 train_distortion: 6.8856 train_mapscore: 0.7201 train_c: -1.0624 train_max_dist: 30.8398 train_imax: -0.0000 train_imin: -90.3210 time: 3.3620s
INFO:root:Epoch: 1005 lr: 0.001 train_loss: 659841.8125 train_distortion: 6.8995 train_mapscore: 0.7204 train_c: -1.0623 train_max_dist: 30.8750 train_imax: -0.0000 train_imin: -90.5266 time: 3.3978s
INFO:root:Epoch: 1010 lr: 0.001 train_loss: 659782.3125 train_distortion: 6.9132 train_mapscore: 0.7204 train_c: -1.0623 train_max_dist: 30.9082 train_imax: -0.0000 train_imin: -90.7311 time: 3.4791s
INFO:root:Epoch: 1015 lr: 0.001 train_loss: 659702.0000 train_distortion: 6.9265 train_mapscore: 0.7206 train_c: -1.0623 train_max_dist: 30.9365 train_imax: -0.0000 train_imin: -90.9503 time: 3.3290s
INFO:root:Epoch: 1020 lr: 0.001 train_loss: 659644.2500 train_distortion: 6.9394 train_mapscore: 0.7206 train_c: -1.0623 train_max_dist: 30.9658 train_imax: -0.0000 train_imin: -91.1132 time: 4.0732s
INFO:root:Epoch: 1025 lr: 0.001 train_loss: 659579.5625 train_distortion: 6.9525 train_mapscore: 0.7208 train_c: -1.0623 train_max_dist: 31.0029 train_imax: -0.0000 train_imin: -91.3454 time: 4.1929s
INFO:root:Epoch: 1030 lr: 0.001 train_loss: 659535.7500 train_distortion: 6.9648 train_mapscore: 0.7209 train_c: -1.0622 train_max_dist: 31.0293 train_imax: -0.0000 train_imin: -91.5543 time: 3.3149s
INFO:root:Epoch: 1035 lr: 0.001 train_loss: 659468.3750 train_distortion: 6.9777 train_mapscore: 0.7210 train_c: -1.0622 train_max_dist: 31.0615 train_imax: -0.0000 train_imin: -91.7481 time: 3.3192s
INFO:root:Epoch: 1040 lr: 0.001 train_loss: 659403.8750 train_distortion: 6.9902 train_mapscore: 0.7210 train_c: -1.0622 train_max_dist: 31.0938 train_imax: -0.0000 train_imin: -91.9692 time: 3.3330s
INFO:root:Epoch: 1045 lr: 0.001 train_loss: 659341.6250 train_distortion: 7.0020 train_mapscore: 0.7212 train_c: -1.0622 train_max_dist: 31.1221 train_imax: -0.0000 train_imin: -92.1912 time: 3.2934s
INFO:root:Epoch: 1050 lr: 0.001 train_loss: 659312.6250 train_distortion: 7.0145 train_mapscore: 0.7214 train_c: -1.0622 train_max_dist: 31.1562 train_imax: -0.0000 train_imin: -92.3905 time: 3.2844s
INFO:root:Epoch: 1055 lr: 0.001 train_loss: 659253.8750 train_distortion: 7.0270 train_mapscore: 0.7217 train_c: -1.0621 train_max_dist: 31.1797 train_imax: -0.0000 train_imin: -92.5757 time: 4.2007s
INFO:root:Epoch: 1060 lr: 0.001 train_loss: 659213.9375 train_distortion: 7.0388 train_mapscore: 0.7218 train_c: -1.0621 train_max_dist: 31.2100 train_imax: -0.0000 train_imin: -92.7577 time: 3.3176s
INFO:root:Epoch: 1065 lr: 0.001 train_loss: 659145.4375 train_distortion: 7.0498 train_mapscore: 0.7219 train_c: -1.0621 train_max_dist: 31.2441 train_imax: -0.0000 train_imin: -92.9252 time: 3.4182s
INFO:root:Epoch: 1070 lr: 0.001 train_loss: 659086.3125 train_distortion: 7.0632 train_mapscore: 0.7221 train_c: -1.0620 train_max_dist: 31.2695 train_imax: -0.0000 train_imin: -93.1017 time: 3.2941s
INFO:root:Epoch: 1075 lr: 0.001 train_loss: 659019.5000 train_distortion: 7.0742 train_mapscore: 0.7222 train_c: -1.0620 train_max_dist: 31.3018 train_imax: -0.0000 train_imin: -93.2488 time: 3.3278s
INFO:root:Epoch: 1080 lr: 0.001 train_loss: 658976.2500 train_distortion: 7.0860 train_mapscore: 0.7224 train_c: -1.0620 train_max_dist: 31.3281 train_imax: -0.0000 train_imin: -93.4594 time: 3.3418s
INFO:root:Epoch: 1085 lr: 0.001 train_loss: 658952.6250 train_distortion: 7.0968 train_mapscore: 0.7225 train_c: -1.0620 train_max_dist: 31.3564 train_imax: -0.0000 train_imin: -93.6002 time: 3.3415s
INFO:root:Epoch: 1090 lr: 0.001 train_loss: 658873.7500 train_distortion: 7.1084 train_mapscore: 0.7227 train_c: -1.0619 train_max_dist: 31.3838 train_imax: -0.0000 train_imin: -93.7683 time: 3.3192s
INFO:root:Epoch: 1095 lr: 0.001 train_loss: 658823.9375 train_distortion: 7.1204 train_mapscore: 0.7228 train_c: -1.0619 train_max_dist: 31.4062 train_imax: -0.0000 train_imin: -93.9447 time: 3.3142s
INFO:root:Epoch: 1100 lr: 0.001 train_loss: 658768.6250 train_distortion: 7.1315 train_mapscore: 0.7229 train_c: -1.0619 train_max_dist: 31.4385 train_imax: -0.0000 train_imin: -94.1140 time: 3.3248s
INFO:root:Epoch: 1105 lr: 0.001 train_loss: 658718.4375 train_distortion: 7.1426 train_mapscore: 0.7231 train_c: -1.0618 train_max_dist: 31.4619 train_imax: -0.0000 train_imin: -94.2826 time: 3.3159s
INFO:root:Epoch: 1110 lr: 0.001 train_loss: 658706.9375 train_distortion: 7.1531 train_mapscore: 0.7231 train_c: -1.0618 train_max_dist: 31.4902 train_imax: -0.0000 train_imin: -94.4419 time: 3.3140s
INFO:root:Epoch: 1115 lr: 0.001 train_loss: 658697.2500 train_distortion: 7.1644 train_mapscore: 0.7233 train_c: -1.0618 train_max_dist: 31.5166 train_imax: -0.0000 train_imin: -94.6273 time: 3.3202s
INFO:root:Epoch: 1120 lr: 0.001 train_loss: 658618.5000 train_distortion: 7.1741 train_mapscore: 0.7236 train_c: -1.0617 train_max_dist: 31.5439 train_imax: -0.0000 train_imin: -94.8150 time: 3.3191s
INFO:root:Epoch: 1125 lr: 0.001 train_loss: 658552.1250 train_distortion: 7.1860 train_mapscore: 0.7237 train_c: -1.0617 train_max_dist: 31.5723 train_imax: -0.0000 train_imin: -94.9114 time: 3.4413s
INFO:root:Epoch: 1130 lr: 0.001 train_loss: 658497.6250 train_distortion: 7.1969 train_mapscore: 0.7237 train_c: -1.0617 train_max_dist: 31.5957 train_imax: -0.0000 train_imin: -95.1146 time: 3.3803s
INFO:root:Epoch: 1135 lr: 0.001 train_loss: 658448.3125 train_distortion: 7.2084 train_mapscore: 0.7238 train_c: -1.0616 train_max_dist: 31.6182 train_imax: -0.0000 train_imin: -95.3098 time: 3.3424s
INFO:root:Epoch: 1140 lr: 0.001 train_loss: 658414.1875 train_distortion: 7.2182 train_mapscore: 0.7239 train_c: -1.0616 train_max_dist: 31.6445 train_imax: -0.0000 train_imin: -95.4676 time: 3.3171s
INFO:root:Epoch: 1145 lr: 0.001 train_loss: 658389.0625 train_distortion: 7.2283 train_mapscore: 0.7240 train_c: -1.0616 train_max_dist: 31.6680 train_imax: -0.0000 train_imin: -95.6302 time: 3.3752s
INFO:root:Epoch: 1150 lr: 0.001 train_loss: 658374.3750 train_distortion: 7.2381 train_mapscore: 0.7242 train_c: -1.0615 train_max_dist: 31.6895 train_imax: -0.0000 train_imin: -95.7652 time: 3.3609s
INFO:root:Epoch: 1155 lr: 0.001 train_loss: 658335.5000 train_distortion: 7.2482 train_mapscore: 0.7243 train_c: -1.0615 train_max_dist: 31.7158 train_imax: -0.0000 train_imin: -95.9830 time: 3.3337s
INFO:root:Epoch: 1160 lr: 0.001 train_loss: 658302.1250 train_distortion: 7.2581 train_mapscore: 0.7245 train_c: -1.0615 train_max_dist: 31.7363 train_imax: -0.0000 train_imin: -96.0441 time: 3.2774s
INFO:root:Epoch: 1165 lr: 0.001 train_loss: 658223.1250 train_distortion: 7.2684 train_mapscore: 0.7245 train_c: -1.0614 train_max_dist: 31.7607 train_imax: -0.0000 train_imin: -96.2861 time: 3.3032s
INFO:root:Epoch: 1170 lr: 0.001 train_loss: 658173.3750 train_distortion: 7.2797 train_mapscore: 0.7246 train_c: -1.0614 train_max_dist: 31.7871 train_imax: -0.0000 train_imin: -96.4309 time: 3.3547s
INFO:root:Epoch: 1175 lr: 0.001 train_loss: 658133.1875 train_distortion: 7.2892 train_mapscore: 0.7247 train_c: -1.0613 train_max_dist: 31.8125 train_imax: -0.0000 train_imin: -96.6313 time: 3.3644s
INFO:root:Epoch: 1180 lr: 0.001 train_loss: 658101.8125 train_distortion: 7.2985 train_mapscore: 0.7248 train_c: -1.0613 train_max_dist: 31.8320 train_imax: -0.0000 train_imin: -96.7257 time: 3.3305s
INFO:root:Epoch: 1185 lr: 0.001 train_loss: 658056.5625 train_distortion: 7.3086 train_mapscore: 0.7250 train_c: -1.0613 train_max_dist: 31.8594 train_imax: -0.0000 train_imin: -96.9479 time: 3.3398s
INFO:root:Epoch: 1190 lr: 0.001 train_loss: 658020.9375 train_distortion: 7.3181 train_mapscore: 0.7250 train_c: -1.0612 train_max_dist: 31.8818 train_imax: -0.0000 train_imin: -97.0468 time: 3.3728s
INFO:root:Epoch: 1195 lr: 0.001 train_loss: 657985.8750 train_distortion: 7.3272 train_mapscore: 0.7251 train_c: -1.0612 train_max_dist: 31.9014 train_imax: -0.0000 train_imin: -97.2245 time: 3.3369s
INFO:root:Epoch: 1200 lr: 0.001 train_loss: 657955.8750 train_distortion: 7.3371 train_mapscore: 0.7252 train_c: -1.0611 train_max_dist: 31.9287 train_imax: -0.0000 train_imin: -97.3553 time: 3.3777s
INFO:root:Epoch: 1205 lr: 0.001 train_loss: 657945.8125 train_distortion: 7.3463 train_mapscore: 0.7252 train_c: -1.0611 train_max_dist: 31.9463 train_imax: -0.0000 train_imin: -97.4905 time: 3.3528s
INFO:root:Epoch: 1210 lr: 0.001 train_loss: 657927.8125 train_distortion: 7.3553 train_mapscore: 0.7254 train_c: -1.0610 train_max_dist: 31.9678 train_imax: -0.0000 train_imin: -97.6231 time: 3.3638s
INFO:root:Epoch: 1215 lr: 0.001 train_loss: 657898.5000 train_distortion: 7.3639 train_mapscore: 0.7255 train_c: -1.0610 train_max_dist: 31.9961 train_imax: -0.0000 train_imin: -97.7908 time: 3.3330s
INFO:root:Epoch: 1220 lr: 0.001 train_loss: 657853.0000 train_distortion: 7.3731 train_mapscore: 0.7255 train_c: -1.0609 train_max_dist: 32.0098 train_imax: -0.0000 train_imin: -97.8997 time: 3.3668s
INFO:root:Epoch: 1225 lr: 0.001 train_loss: 657792.2500 train_distortion: 7.3824 train_mapscore: 0.7256 train_c: -1.0609 train_max_dist: 32.0352 train_imax: -0.0000 train_imin: -98.0977 time: 3.3483s
INFO:root:Epoch: 1230 lr: 0.001 train_loss: 657747.0000 train_distortion: 7.3920 train_mapscore: 0.7257 train_c: -1.0608 train_max_dist: 32.0547 train_imax: -0.0000 train_imin: -98.2567 time: 3.3162s
INFO:root:Epoch: 1235 lr: 0.001 train_loss: 657708.4375 train_distortion: 7.4020 train_mapscore: 0.7257 train_c: -1.0608 train_max_dist: 32.0762 train_imax: -0.0000 train_imin: -98.4025 time: 3.3814s
INFO:root:Epoch: 1240 lr: 0.001 train_loss: 657674.6875 train_distortion: 7.4105 train_mapscore: 0.7258 train_c: -1.0608 train_max_dist: 32.0996 train_imax: -0.0000 train_imin: -98.5145 time: 3.3262s
INFO:root:Epoch: 1245 lr: 0.001 train_loss: 657640.4375 train_distortion: 7.4189 train_mapscore: 0.7260 train_c: -1.0607 train_max_dist: 32.1152 train_imax: -0.0000 train_imin: -98.6411 time: 3.3123s
INFO:root:Epoch: 1250 lr: 0.001 train_loss: 657624.6875 train_distortion: 7.4273 train_mapscore: 0.7260 train_c: -1.0607 train_max_dist: 32.1387 train_imax: -0.0000 train_imin: -98.7991 time: 3.2726s
INFO:root:Epoch: 1255 lr: 0.001 train_loss: 657651.1250 train_distortion: 7.4361 train_mapscore: 0.7260 train_c: -1.0606 train_max_dist: 32.1553 train_imax: -0.0000 train_imin: -98.9124 time: 3.3343s
INFO:root:Epoch: 1260 lr: 0.001 train_loss: 657594.0625 train_distortion: 7.4435 train_mapscore: 0.7262 train_c: -1.0606 train_max_dist: 32.1807 train_imax: -0.0000 train_imin: -99.0352 time: 3.3686s
INFO:root:Epoch: 1265 lr: 0.001 train_loss: 657553.2500 train_distortion: 7.4531 train_mapscore: 0.7262 train_c: -1.0605 train_max_dist: 32.1973 train_imax: -0.0000 train_imin: -99.2343 time: 3.3527s
INFO:root:Epoch: 1270 lr: 0.001 train_loss: 657514.5625 train_distortion: 7.4622 train_mapscore: 0.7264 train_c: -1.0605 train_max_dist: 32.2188 train_imax: -0.0000 train_imin: -99.3522 time: 3.3161s
INFO:root:Epoch: 1275 lr: 0.001 train_loss: 657468.0000 train_distortion: 7.4709 train_mapscore: 0.7265 train_c: -1.0604 train_max_dist: 32.2422 train_imax: -0.0000 train_imin: -99.5142 time: 3.3566s
INFO:root:Epoch: 1280 lr: 0.001 train_loss: 657437.4375 train_distortion: 7.4796 train_mapscore: 0.7266 train_c: -1.0603 train_max_dist: 32.2637 train_imax: -0.0000 train_imin: -99.6459 time: 3.3076s
INFO:root:Epoch: 1285 lr: 0.001 train_loss: 657412.3125 train_distortion: 7.4879 train_mapscore: 0.7266 train_c: -1.0603 train_max_dist: 32.2822 train_imax: -0.0000 train_imin: -99.8115 time: 3.3353s
INFO:root:Epoch: 1290 lr: 0.001 train_loss: 657395.4375 train_distortion: 7.4959 train_mapscore: 0.7268 train_c: -1.0602 train_max_dist: 32.3066 train_imax: -0.0000 train_imin: -99.9082 time: 3.3308s
INFO:root:Epoch: 1295 lr: 0.001 train_loss: 657373.4375 train_distortion: 7.5042 train_mapscore: 0.7267 train_c: -1.0602 train_max_dist: 32.3223 train_imax: -0.0000 train_imin: -100.0539 time: 3.3092s
INFO:root:Epoch: 1300 lr: 0.001 train_loss: 657356.0000 train_distortion: 7.5120 train_mapscore: 0.7269 train_c: -1.0601 train_max_dist: 32.3418 train_imax: -0.0000 train_imin: -100.1733 time: 3.3384s
INFO:root:Epoch: 1305 lr: 0.001 train_loss: 657323.7500 train_distortion: 7.5199 train_mapscore: 0.7268 train_c: -1.0601 train_max_dist: 32.3711 train_imax: -0.0000 train_imin: -100.3145 time: 3.3328s
INFO:root:Epoch: 1310 lr: 0.001 train_loss: 657302.3125 train_distortion: 7.5285 train_mapscore: 0.7269 train_c: -1.0600 train_max_dist: 32.3838 train_imax: -0.0000 train_imin: -100.4428 time: 3.2837s
INFO:root:Epoch: 1315 lr: 0.001 train_loss: 657244.5625 train_distortion: 7.5363 train_mapscore: 0.7271 train_c: -1.0600 train_max_dist: 32.4062 train_imax: -0.0000 train_imin: -100.5874 time: 3.2856s
INFO:root:Epoch: 1320 lr: 0.001 train_loss: 657220.8750 train_distortion: 7.5448 train_mapscore: 0.7272 train_c: -1.0599 train_max_dist: 32.4258 train_imax: -0.0000 train_imin: -100.6981 time: 3.2818s
INFO:root:Epoch: 1325 lr: 0.001 train_loss: 657196.3750 train_distortion: 7.5526 train_mapscore: 0.7272 train_c: -1.0598 train_max_dist: 32.4473 train_imax: -0.0000 train_imin: -100.8381 time: 3.2662s
INFO:root:Epoch: 1330 lr: 0.001 train_loss: 657174.6875 train_distortion: 7.5603 train_mapscore: 0.7273 train_c: -1.0598 train_max_dist: 32.4668 train_imax: -0.0000 train_imin: -100.9420 time: 3.3123s
INFO:root:Epoch: 1335 lr: 0.001 train_loss: 657176.0000 train_distortion: 7.5687 train_mapscore: 0.7273 train_c: -1.0597 train_max_dist: 32.4854 train_imax: -0.0000 train_imin: -101.0919 time: 3.3150s
INFO:root:Epoch: 1340 lr: 0.001 train_loss: 657158.3125 train_distortion: 7.5766 train_mapscore: 0.7274 train_c: -1.0597 train_max_dist: 32.5098 train_imax: -0.0000 train_imin: -101.1952 time: 3.3075s
INFO:root:Epoch: 1345 lr: 0.001 train_loss: 657166.5000 train_distortion: 7.5850 train_mapscore: 0.7275 train_c: -1.0596 train_max_dist: 32.5234 train_imax: -0.0000 train_imin: -101.3332 time: 3.3239s
INFO:root:Epoch: 1350 lr: 0.001 train_loss: 657082.8750 train_distortion: 7.5917 train_mapscore: 0.7275 train_c: -1.0596 train_max_dist: 32.5410 train_imax: -0.0000 train_imin: -101.4214 time: 3.2963s
INFO:root:Epoch: 1355 lr: 0.001 train_loss: 657051.5625 train_distortion: 7.5997 train_mapscore: 0.7276 train_c: -1.0595 train_max_dist: 32.5645 train_imax: -0.0000 train_imin: -101.5501 time: 3.2981s
INFO:root:Epoch: 1360 lr: 0.001 train_loss: 657021.1250 train_distortion: 7.6073 train_mapscore: 0.7277 train_c: -1.0594 train_max_dist: 32.5840 train_imax: -0.0000 train_imin: -101.7222 time: 3.2913s
INFO:root:Epoch: 1365 lr: 0.001 train_loss: 656995.8750 train_distortion: 7.6153 train_mapscore: 0.7277 train_c: -1.0594 train_max_dist: 32.6074 train_imax: -0.0000 train_imin: -101.8798 time: 3.3065s
INFO:root:Epoch: 1370 lr: 0.001 train_loss: 656971.8125 train_distortion: 7.6232 train_mapscore: 0.7278 train_c: -1.0593 train_max_dist: 32.6240 train_imax: -0.0000 train_imin: -101.9676 time: 3.3176s
INFO:root:Epoch: 1375 lr: 0.001 train_loss: 656951.6250 train_distortion: 7.6312 train_mapscore: 0.7279 train_c: -1.0592 train_max_dist: 32.6387 train_imax: -0.0000 train_imin: -102.1205 time: 3.3182s
INFO:root:Epoch: 1380 lr: 0.001 train_loss: 656947.6250 train_distortion: 7.6378 train_mapscore: 0.7279 train_c: -1.0592 train_max_dist: 32.6602 train_imax: -0.0000 train_imin: -102.2018 time: 3.2704s
INFO:root:Epoch: 1385 lr: 0.001 train_loss: 656951.5000 train_distortion: 7.6449 train_mapscore: 0.7281 train_c: -1.0591 train_max_dist: 32.6758 train_imax: -0.0000 train_imin: -102.3425 time: 3.3011s
INFO:root:Epoch: 1390 lr: 0.001 train_loss: 656916.6250 train_distortion: 7.6520 train_mapscore: 0.7282 train_c: -1.0591 train_max_dist: 32.6992 train_imax: -0.0000 train_imin: -102.4685 time: 3.2881s
INFO:root:Epoch: 1395 lr: 0.001 train_loss: 656875.1250 train_distortion: 7.6598 train_mapscore: 0.7283 train_c: -1.0590 train_max_dist: 32.7148 train_imax: -0.0000 train_imin: -102.5452 time: 3.3135s
INFO:root:Epoch: 1400 lr: 0.001 train_loss: 656850.1250 train_distortion: 7.6674 train_mapscore: 0.7283 train_c: -1.0589 train_max_dist: 32.7402 train_imax: -0.0000 train_imin: -102.7001 time: 3.2867s
INFO:root:Epoch: 1405 lr: 0.001 train_loss: 656830.8125 train_distortion: 7.6748 train_mapscore: 0.7283 train_c: -1.0589 train_max_dist: 32.7568 train_imax: -0.0000 train_imin: -102.8489 time: 3.2513s
INFO:root:Epoch: 1410 lr: 0.001 train_loss: 656808.1875 train_distortion: 7.6823 train_mapscore: 0.7285 train_c: -1.0588 train_max_dist: 32.7803 train_imax: -0.0000 train_imin: -103.0136 time: 3.3004s
INFO:root:Epoch: 1415 lr: 0.001 train_loss: 656785.1250 train_distortion: 7.6897 train_mapscore: 0.7285 train_c: -1.0587 train_max_dist: 32.7939 train_imax: -0.0000 train_imin: -103.1397 time: 3.2972s
INFO:root:Epoch: 1420 lr: 0.001 train_loss: 656767.4375 train_distortion: 7.6973 train_mapscore: 0.7286 train_c: -1.0587 train_max_dist: 32.8135 train_imax: -0.0000 train_imin: -103.2804 time: 3.2954s
INFO:root:Epoch: 1425 lr: 0.001 train_loss: 656755.6250 train_distortion: 7.7041 train_mapscore: 0.7287 train_c: -1.0586 train_max_dist: 32.8301 train_imax: -0.0000 train_imin: -103.3618 time: 3.2922s
INFO:root:Epoch: 1430 lr: 0.001 train_loss: 656733.7500 train_distortion: 7.7109 train_mapscore: 0.7286 train_c: -1.0585 train_max_dist: 32.8496 train_imax: -0.0000 train_imin: -103.4856 time: 3.2768s
INFO:root:Epoch: 1435 lr: 0.001 train_loss: 656705.1250 train_distortion: 7.7180 train_mapscore: 0.7288 train_c: -1.0584 train_max_dist: 32.8672 train_imax: -0.0000 train_imin: -103.6207 time: 3.3050s
INFO:root:Epoch: 1440 lr: 0.001 train_loss: 656683.1250 train_distortion: 7.7262 train_mapscore: 0.7289 train_c: -1.0584 train_max_dist: 32.8838 train_imax: -0.0000 train_imin: -103.7408 time: 3.2763s
INFO:root:Epoch: 1445 lr: 0.001 train_loss: 656665.7500 train_distortion: 7.7335 train_mapscore: 0.7290 train_c: -1.0583 train_max_dist: 32.9033 train_imax: -0.0000 train_imin: -103.8932 time: 3.3117s
INFO:root:Epoch: 1450 lr: 0.001 train_loss: 656685.0000 train_distortion: 7.7396 train_mapscore: 0.7289 train_c: -1.0582 train_max_dist: 32.9219 train_imax: -0.0000 train_imin: -103.9763 time: 3.3349s
INFO:root:Epoch: 1455 lr: 0.001 train_loss: 656628.8750 train_distortion: 7.7469 train_mapscore: 0.7289 train_c: -1.0582 train_max_dist: 32.9414 train_imax: -0.0000 train_imin: -104.0982 time: 3.3140s
INFO:root:Epoch: 1460 lr: 0.001 train_loss: 656603.2500 train_distortion: 7.7543 train_mapscore: 0.7290 train_c: -1.0581 train_max_dist: 32.9590 train_imax: -0.0000 train_imin: -104.2164 time: 3.3410s
INFO:root:Epoch: 1465 lr: 0.001 train_loss: 656587.1875 train_distortion: 7.7612 train_mapscore: 0.7290 train_c: -1.0580 train_max_dist: 32.9785 train_imax: -0.0000 train_imin: -104.3621 time: 3.3098s
INFO:root:Epoch: 1470 lr: 0.001 train_loss: 656562.6250 train_distortion: 7.7678 train_mapscore: 0.7290 train_c: -1.0580 train_max_dist: 32.9941 train_imax: -0.0000 train_imin: -104.4588 time: 3.2692s
INFO:root:Epoch: 1475 lr: 0.001 train_loss: 656548.5000 train_distortion: 7.7756 train_mapscore: 0.7291 train_c: -1.0579 train_max_dist: 33.0117 train_imax: -0.0000 train_imin: -104.5314 time: 3.3161s
INFO:root:Epoch: 1480 lr: 0.001 train_loss: 656537.7500 train_distortion: 7.7811 train_mapscore: 0.7293 train_c: -1.0578 train_max_dist: 33.0303 train_imax: -0.0000 train_imin: -104.6879 time: 3.3069s
INFO:root:Epoch: 1485 lr: 0.001 train_loss: 656516.8750 train_distortion: 7.7883 train_mapscore: 0.7292 train_c: -1.0577 train_max_dist: 33.0449 train_imax: -0.0000 train_imin: -104.7784 time: 3.3194s
INFO:root:Epoch: 1490 lr: 0.001 train_loss: 656501.1875 train_distortion: 7.7953 train_mapscore: 0.7293 train_c: -1.0577 train_max_dist: 33.0645 train_imax: -0.0000 train_imin: -104.8823 time: 3.3253s
INFO:root:Epoch: 1495 lr: 0.001 train_loss: 656482.4375 train_distortion: 7.8018 train_mapscore: 0.7293 train_c: -1.0576 train_max_dist: 33.0781 train_imax: -0.0000 train_imin: -105.0636 time: 3.2699s
INFO:root:Epoch: 1500 lr: 0.001 train_loss: 656474.2500 train_distortion: 7.8097 train_mapscore: 0.7293 train_c: -1.0575 train_max_dist: 33.1035 train_imax: -0.0000 train_imin: -105.1793 time: 3.3168s
INFO:root:Epoch: 1505 lr: 0.001 train_loss: 656476.4375 train_distortion: 7.8157 train_mapscore: 0.7295 train_c: -1.0574 train_max_dist: 33.1152 train_imax: -0.0000 train_imin: -105.2672 time: 3.3071s
INFO:root:Epoch: 1510 lr: 0.001 train_loss: 656437.3125 train_distortion: 7.8220 train_mapscore: 0.7296 train_c: -1.0574 train_max_dist: 33.1348 train_imax: -0.0000 train_imin: -105.3921 time: 3.2991s
INFO:root:Epoch: 1515 lr: 0.001 train_loss: 656409.3125 train_distortion: 7.8286 train_mapscore: 0.7296 train_c: -1.0573 train_max_dist: 33.1514 train_imax: -0.0000 train_imin: -105.5148 time: 3.3111s
INFO:root:Epoch: 1520 lr: 0.001 train_loss: 656381.0000 train_distortion: 7.8351 train_mapscore: 0.7296 train_c: -1.0572 train_max_dist: 33.1699 train_imax: -0.0000 train_imin: -105.6094 time: 3.3006s
INFO:root:Epoch: 1525 lr: 0.001 train_loss: 656362.4375 train_distortion: 7.8417 train_mapscore: 0.7297 train_c: -1.0571 train_max_dist: 33.1807 train_imax: -0.0000 train_imin: -105.6962 time: 3.3038s
INFO:root:Epoch: 1530 lr: 0.001 train_loss: 656349.1250 train_distortion: 7.8484 train_mapscore: 0.7297 train_c: -1.0570 train_max_dist: 33.2031 train_imax: -0.0000 train_imin: -105.8195 time: 3.2519s
INFO:root:Epoch: 1535 lr: 0.001 train_loss: 656331.5000 train_distortion: 7.8546 train_mapscore: 0.7298 train_c: -1.0570 train_max_dist: 33.2168 train_imax: -0.0000 train_imin: -105.9153 time: 3.2244s
INFO:root:Epoch: 1540 lr: 0.001 train_loss: 656322.5625 train_distortion: 7.8612 train_mapscore: 0.7299 train_c: -1.0569 train_max_dist: 33.2295 train_imax: -0.0000 train_imin: -106.0436 time: 3.3072s
INFO:root:Epoch: 1545 lr: 0.001 train_loss: 656319.8750 train_distortion: 7.8673 train_mapscore: 0.7298 train_c: -1.0568 train_max_dist: 33.2500 train_imax: -0.0000 train_imin: -106.1230 time: 3.2233s
INFO:root:Epoch: 1550 lr: 0.001 train_loss: 656313.6875 train_distortion: 7.8726 train_mapscore: 0.7299 train_c: -1.0567 train_max_dist: 33.2617 train_imax: -0.0000 train_imin: -106.2239 time: 3.2314s
INFO:root:Epoch: 1555 lr: 0.001 train_loss: 656286.8750 train_distortion: 7.8795 train_mapscore: 0.7299 train_c: -1.0566 train_max_dist: 33.2754 train_imax: -0.0000 train_imin: -106.3094 time: 3.2290s
INFO:root:Epoch: 1560 lr: 0.001 train_loss: 656257.1875 train_distortion: 7.8849 train_mapscore: 0.7299 train_c: -1.0566 train_max_dist: 33.2949 train_imax: -0.0000 train_imin: -106.4062 time: 3.2041s
INFO:root:Epoch: 1565 lr: 0.001 train_loss: 656245.3750 train_distortion: 7.8914 train_mapscore: 0.7300 train_c: -1.0565 train_max_dist: 33.3066 train_imax: -0.0000 train_imin: -106.5299 time: 3.2249s
INFO:root:Epoch: 1570 lr: 0.001 train_loss: 656223.0000 train_distortion: 7.8979 train_mapscore: 0.7300 train_c: -1.0564 train_max_dist: 33.3184 train_imax: -0.0000 train_imin: -106.6664 time: 3.2577s
INFO:root:Epoch: 1575 lr: 0.001 train_loss: 656200.2500 train_distortion: 7.9037 train_mapscore: 0.7301 train_c: -1.0563 train_max_dist: 33.3398 train_imax: -0.0000 train_imin: -106.7661 time: 3.2716s
INFO:root:Epoch: 1580 lr: 0.001 train_loss: 656186.1250 train_distortion: 7.9103 train_mapscore: 0.7302 train_c: -1.0562 train_max_dist: 33.3516 train_imax: -0.0000 train_imin: -106.8130 time: 3.2785s
INFO:root:Epoch: 1585 lr: 0.001 train_loss: 656179.5000 train_distortion: 7.9164 train_mapscore: 0.7302 train_c: -1.0562 train_max_dist: 33.3672 train_imax: -0.0000 train_imin: -106.9581 time: 3.2631s
INFO:root:Epoch: 1590 lr: 0.001 train_loss: 656163.6875 train_distortion: 7.9220 train_mapscore: 0.7303 train_c: -1.0561 train_max_dist: 33.3877 train_imax: -0.0000 train_imin: -107.0179 time: 3.2594s
INFO:root:Epoch: 1595 lr: 0.001 train_loss: 656136.3750 train_distortion: 7.9280 train_mapscore: 0.7303 train_c: -1.0560 train_max_dist: 33.3984 train_imax: -0.0000 train_imin: -107.1213 time: 3.2747s
INFO:root:Epoch: 1600 lr: 0.001 train_loss: 656127.7500 train_distortion: 7.9337 train_mapscore: 0.7304 train_c: -1.0559 train_max_dist: 33.4160 train_imax: -0.0000 train_imin: -107.2760 time: 3.2881s
INFO:root:Epoch: 1605 lr: 0.001 train_loss: 656131.1250 train_distortion: 7.9398 train_mapscore: 0.7304 train_c: -1.0558 train_max_dist: 33.4277 train_imax: -0.0000 train_imin: -107.3395 time: 3.2744s
INFO:root:Epoch: 1610 lr: 0.001 train_loss: 656125.1875 train_distortion: 7.9456 train_mapscore: 0.7304 train_c: -1.0557 train_max_dist: 33.4395 train_imax: -0.0000 train_imin: -107.4375 time: 3.2467s
INFO:root:Epoch: 1615 lr: 0.001 train_loss: 656089.9375 train_distortion: 7.9509 train_mapscore: 0.7304 train_c: -1.0556 train_max_dist: 33.4590 train_imax: -0.0000 train_imin: -107.5435 time: 3.2704s
INFO:root:Epoch: 1620 lr: 0.001 train_loss: 656067.1875 train_distortion: 7.9570 train_mapscore: 0.7304 train_c: -1.0556 train_max_dist: 33.4805 train_imax: -0.0000 train_imin: -107.6320 time: 3.2850s
INFO:root:Epoch: 1625 lr: 0.001 train_loss: 656052.3750 train_distortion: 7.9632 train_mapscore: 0.7305 train_c: -1.0555 train_max_dist: 33.4873 train_imax: -0.0000 train_imin: -107.7116 time: 3.2200s
INFO:root:Epoch: 1630 lr: 0.001 train_loss: 656036.5000 train_distortion: 7.9688 train_mapscore: 0.7305 train_c: -1.0554 train_max_dist: 33.4980 train_imax: -0.0000 train_imin: -107.7823 time: 3.2394s
INFO:root:Epoch: 1635 lr: 0.001 train_loss: 656024.3750 train_distortion: 7.9748 train_mapscore: 0.7305 train_c: -1.0553 train_max_dist: 33.5117 train_imax: -0.0000 train_imin: -107.9212 time: 3.2780s
INFO:root:Epoch: 1640 lr: 0.001 train_loss: 656029.7500 train_distortion: 7.9806 train_mapscore: 0.7306 train_c: -1.0552 train_max_dist: 33.5264 train_imax: -0.0000 train_imin: -107.9622 time: 3.2655s
INFO:root:Epoch: 1645 lr: 0.001 train_loss: 655998.3125 train_distortion: 7.9863 train_mapscore: 0.7306 train_c: -1.0551 train_max_dist: 33.5352 train_imax: -0.0000 train_imin: -108.1411 time: 3.4414s
INFO:root:Epoch: 1650 lr: 0.001 train_loss: 655988.5000 train_distortion: 7.9923 train_mapscore: 0.7306 train_c: -1.0550 train_max_dist: 33.5527 train_imax: -0.0000 train_imin: -108.1688 time: 3.2621s
INFO:root:Epoch: 1655 lr: 0.001 train_loss: 655979.3750 train_distortion: 7.9973 train_mapscore: 0.7307 train_c: -1.0549 train_max_dist: 33.5654 train_imax: -0.0000 train_imin: -108.2540 time: 3.3308s
INFO:root:Epoch: 1660 lr: 0.001 train_loss: 655953.6875 train_distortion: 8.0029 train_mapscore: 0.7307 train_c: -1.0549 train_max_dist: 33.5801 train_imax: -0.0000 train_imin: -108.3262 time: 3.3022s
INFO:root:Epoch: 1665 lr: 0.001 train_loss: 655934.2500 train_distortion: 8.0085 train_mapscore: 0.7307 train_c: -1.0548 train_max_dist: 33.5938 train_imax: -0.0000 train_imin: -108.4619 time: 3.3051s
INFO:root:Epoch: 1670 lr: 0.001 train_loss: 655922.3125 train_distortion: 8.0148 train_mapscore: 0.7308 train_c: -1.0547 train_max_dist: 33.6113 train_imax: -0.0000 train_imin: -108.5265 time: 3.3127s
INFO:root:Epoch: 1675 lr: 0.001 train_loss: 655912.1250 train_distortion: 8.0204 train_mapscore: 0.7308 train_c: -1.0546 train_max_dist: 33.6211 train_imax: -0.0000 train_imin: -108.6346 time: 3.3110s
INFO:root:Epoch: 1680 lr: 0.001 train_loss: 655900.1250 train_distortion: 8.0252 train_mapscore: 0.7308 train_c: -1.0545 train_max_dist: 33.6367 train_imax: -0.0000 train_imin: -108.6865 time: 3.3173s
INFO:root:Epoch: 1685 lr: 0.001 train_loss: 655882.3750 train_distortion: 8.0312 train_mapscore: 0.7307 train_c: -1.0544 train_max_dist: 33.6465 train_imax: -0.0000 train_imin: -108.8283 time: 3.2881s
INFO:root:Epoch: 1690 lr: 0.001 train_loss: 655872.0625 train_distortion: 8.0363 train_mapscore: 0.7308 train_c: -1.0543 train_max_dist: 33.6621 train_imax: -0.0000 train_imin: -108.8854 time: 3.2990s
INFO:root:Epoch: 1695 lr: 0.001 train_loss: 655870.6250 train_distortion: 8.0413 train_mapscore: 0.7309 train_c: -1.0542 train_max_dist: 33.6729 train_imax: -0.0000 train_imin: -108.9292 time: 3.2789s
INFO:root:Epoch: 1700 lr: 0.001 train_loss: 655872.0000 train_distortion: 8.0473 train_mapscore: 0.7309 train_c: -1.0541 train_max_dist: 33.6875 train_imax: -0.0000 train_imin: -109.0671 time: 3.3103s
INFO:root:Epoch: 1705 lr: 0.001 train_loss: 655838.8750 train_distortion: 8.0520 train_mapscore: 0.7308 train_c: -1.0540 train_max_dist: 33.6992 train_imax: -0.0000 train_imin: -109.1011 time: 3.2894s
INFO:root:Epoch: 1710 lr: 0.001 train_loss: 655814.0000 train_distortion: 8.0574 train_mapscore: 0.7309 train_c: -1.0539 train_max_dist: 33.7109 train_imax: -0.0000 train_imin: -109.1652 time: 3.3194s
INFO:root:Epoch: 1715 lr: 0.001 train_loss: 655804.1250 train_distortion: 8.0630 train_mapscore: 0.7309 train_c: -1.0538 train_max_dist: 33.7266 train_imax: -0.0000 train_imin: -109.2905 time: 3.2516s
INFO:root:Epoch: 1720 lr: 0.001 train_loss: 655794.6250 train_distortion: 8.0685 train_mapscore: 0.7310 train_c: -1.0537 train_max_dist: 33.7363 train_imax: -0.0000 train_imin: -109.3938 time: 3.2817s
INFO:root:Epoch: 1725 lr: 0.001 train_loss: 655774.5000 train_distortion: 8.0739 train_mapscore: 0.7309 train_c: -1.0536 train_max_dist: 33.7490 train_imax: -0.0000 train_imin: -109.4742 time: 3.2890s
INFO:root:Epoch: 1730 lr: 0.001 train_loss: 655784.1250 train_distortion: 8.0797 train_mapscore: 0.7310 train_c: -1.0535 train_max_dist: 33.7617 train_imax: -0.0000 train_imin: -109.5645 time: 3.2815s
INFO:root:Epoch: 1735 lr: 0.001 train_loss: 655764.6250 train_distortion: 8.0839 train_mapscore: 0.7310 train_c: -1.0534 train_max_dist: 33.7764 train_imax: -0.0000 train_imin: -109.6257 time: 3.2869s
INFO:root:Epoch: 1740 lr: 0.001 train_loss: 655743.3750 train_distortion: 8.0889 train_mapscore: 0.7310 train_c: -1.0533 train_max_dist: 33.7910 train_imax: -0.0000 train_imin: -109.6809 time: 3.2620s
INFO:root:Epoch: 1745 lr: 0.001 train_loss: 655724.1250 train_distortion: 8.0948 train_mapscore: 0.7310 train_c: -1.0533 train_max_dist: 33.8008 train_imax: -0.0000 train_imin: -109.8129 time: 3.2889s
INFO:root:Epoch: 1750 lr: 0.001 train_loss: 655709.8750 train_distortion: 8.1003 train_mapscore: 0.7310 train_c: -1.0532 train_max_dist: 33.8135 train_imax: -0.0000 train_imin: -109.8665 time: 3.2624s
INFO:root:Epoch: 1755 lr: 0.001 train_loss: 655696.3125 train_distortion: 8.1053 train_mapscore: 0.7311 train_c: -1.0531 train_max_dist: 33.8242 train_imax: -0.0000 train_imin: -109.9566 time: 3.3036s
INFO:root:Epoch: 1760 lr: 0.001 train_loss: 655684.9375 train_distortion: 8.1110 train_mapscore: 0.7310 train_c: -1.0530 train_max_dist: 33.8438 train_imax: -0.0000 train_imin: -110.0534 time: 3.2770s
INFO:root:Epoch: 1765 lr: 0.001 train_loss: 655676.1250 train_distortion: 8.1158 train_mapscore: 0.7311 train_c: -1.0529 train_max_dist: 33.8496 train_imax: -0.0000 train_imin: -110.0992 time: 3.2719s
INFO:root:Epoch: 1770 lr: 0.001 train_loss: 655664.0000 train_distortion: 8.1208 train_mapscore: 0.7311 train_c: -1.0528 train_max_dist: 33.8652 train_imax: -0.0000 train_imin: -110.2285 time: 3.2897s
INFO:root:Epoch: 1775 lr: 0.001 train_loss: 655649.9375 train_distortion: 8.1263 train_mapscore: 0.7311 train_c: -1.0527 train_max_dist: 33.8691 train_imax: -0.0000 train_imin: -110.2667 time: 3.2863s
INFO:root:Epoch: 1780 lr: 0.001 train_loss: 655645.5625 train_distortion: 8.1308 train_mapscore: 0.7313 train_c: -1.0526 train_max_dist: 33.8828 train_imax: -0.0000 train_imin: -110.3473 time: 3.2401s
INFO:root:Epoch: 1785 lr: 0.001 train_loss: 655638.0625 train_distortion: 8.1356 train_mapscore: 0.7312 train_c: -1.0525 train_max_dist: 33.8936 train_imax: -0.0000 train_imin: -110.4187 time: 3.2898s
INFO:root:Epoch: 1790 lr: 0.001 train_loss: 655646.1250 train_distortion: 8.1412 train_mapscore: 0.7313 train_c: -1.0524 train_max_dist: 33.9102 train_imax: -0.0000 train_imin: -110.5392 time: 3.3021s
INFO:root:Epoch: 1795 lr: 0.001 train_loss: 655632.6250 train_distortion: 8.1449 train_mapscore: 0.7314 train_c: -1.0522 train_max_dist: 33.9141 train_imax: -0.0000 train_imin: -110.5858 time: 3.2671s
INFO:root:Epoch: 1800 lr: 0.001 train_loss: 655595.2500 train_distortion: 8.1498 train_mapscore: 0.7313 train_c: -1.0521 train_max_dist: 33.9326 train_imax: -0.0000 train_imin: -110.6532 time: 3.2811s
INFO:root:Epoch: 1805 lr: 0.001 train_loss: 655578.7500 train_distortion: 8.1556 train_mapscore: 0.7314 train_c: -1.0520 train_max_dist: 33.9443 train_imax: -0.0000 train_imin: -110.7681 time: 3.2512s
INFO:root:Epoch: 1810 lr: 0.001 train_loss: 655563.2500 train_distortion: 8.1606 train_mapscore: 0.7315 train_c: -1.0519 train_max_dist: 33.9551 train_imax: -0.0000 train_imin: -110.8631 time: 3.2678s
INFO:root:Epoch: 1815 lr: 0.001 train_loss: 655552.7500 train_distortion: 8.1649 train_mapscore: 0.7314 train_c: -1.0518 train_max_dist: 33.9668 train_imax: -0.0000 train_imin: -110.9247 time: 3.2911s
INFO:root:Epoch: 1820 lr: 0.001 train_loss: 655541.2500 train_distortion: 8.1705 train_mapscore: 0.7315 train_c: -1.0517 train_max_dist: 33.9746 train_imax: -0.0000 train_imin: -111.0229 time: 3.2711s
INFO:root:Epoch: 1825 lr: 0.001 train_loss: 655537.0000 train_distortion: 8.1755 train_mapscore: 0.7314 train_c: -1.0516 train_max_dist: 33.9863 train_imax: -0.0000 train_imin: -111.0794 time: 3.2825s
INFO:root:Epoch: 1830 lr: 0.001 train_loss: 655533.5000 train_distortion: 8.1802 train_mapscore: 0.7314 train_c: -1.0515 train_max_dist: 34.0000 train_imax: -0.0000 train_imin: -111.1897 time: 3.2760s
INFO:root:Epoch: 1835 lr: 0.001 train_loss: 655524.6250 train_distortion: 8.1849 train_mapscore: 0.7315 train_c: -1.0514 train_max_dist: 34.0059 train_imax: -0.0000 train_imin: -111.2576 time: 3.2958s
INFO:root:Epoch: 1840 lr: 0.001 train_loss: 655509.2500 train_distortion: 8.1886 train_mapscore: 0.7315 train_c: -1.0513 train_max_dist: 34.0215 train_imax: -0.0000 train_imin: -111.3128 time: 3.3058s
INFO:root:Epoch: 1845 lr: 0.001 train_loss: 655490.3125 train_distortion: 8.1938 train_mapscore: 0.7315 train_c: -1.0512 train_max_dist: 34.0352 train_imax: -0.0000 train_imin: -111.3949 time: 3.2803s
INFO:root:Epoch: 1850 lr: 0.001 train_loss: 655472.7500 train_distortion: 8.1989 train_mapscore: 0.7315 train_c: -1.0511 train_max_dist: 34.0371 train_imax: -0.0000 train_imin: -111.4714 time: 3.2583s
INFO:root:Epoch: 1855 lr: 0.001 train_loss: 655469.1250 train_distortion: 8.2033 train_mapscore: 0.7316 train_c: -1.0510 train_max_dist: 34.0488 train_imax: -0.0000 train_imin: -111.5601 time: 3.2707s
INFO:root:Epoch: 1860 lr: 0.001 train_loss: 655453.6875 train_distortion: 8.2081 train_mapscore: 0.7317 train_c: -1.0509 train_max_dist: 34.0625 train_imax: -0.0000 train_imin: -111.6518 time: 3.2837s
INFO:root:Epoch: 1865 lr: 0.001 train_loss: 655445.5625 train_distortion: 8.2130 train_mapscore: 0.7316 train_c: -1.0508 train_max_dist: 34.0684 train_imax: -0.0000 train_imin: -111.7067 time: 3.2688s
INFO:root:Epoch: 1870 lr: 0.001 train_loss: 655442.7500 train_distortion: 8.2176 train_mapscore: 0.7317 train_c: -1.0507 train_max_dist: 34.0781 train_imax: -0.0000 train_imin: -111.8352 time: 3.2309s
INFO:root:Epoch: 1875 lr: 0.001 train_loss: 655430.1875 train_distortion: 8.2218 train_mapscore: 0.7317 train_c: -1.0506 train_max_dist: 34.0879 train_imax: -0.0000 train_imin: -111.9283 time: 3.2590s
INFO:root:Epoch: 1880 lr: 0.001 train_loss: 655412.6875 train_distortion: 8.2258 train_mapscore: 0.7318 train_c: -1.0504 train_max_dist: 34.0996 train_imax: -0.0000 train_imin: -111.9559 time: 3.2674s
INFO:root:Epoch: 1885 lr: 0.001 train_loss: 655404.0000 train_distortion: 8.2312 train_mapscore: 0.7318 train_c: -1.0503 train_max_dist: 34.1113 train_imax: -0.0000 train_imin: -112.0529 time: 3.2844s
INFO:root:Epoch: 1890 lr: 0.001 train_loss: 655409.1250 train_distortion: 8.2364 train_mapscore: 0.7318 train_c: -1.0502 train_max_dist: 34.1191 train_imax: -0.0000 train_imin: -112.1472 time: 3.2601s
INFO:root:Epoch: 1895 lr: 0.001 train_loss: 655382.7500 train_distortion: 8.2402 train_mapscore: 0.7318 train_c: -1.0501 train_max_dist: 34.1309 train_imax: -0.0000 train_imin: -112.2013 time: 3.2112s
INFO:root:Epoch: 1900 lr: 0.001 train_loss: 655363.1875 train_distortion: 8.2444 train_mapscore: 0.7318 train_c: -1.0500 train_max_dist: 34.1348 train_imax: -0.0000 train_imin: -112.2986 time: 3.2569s
INFO:root:Epoch: 1905 lr: 0.001 train_loss: 655352.8750 train_distortion: 8.2493 train_mapscore: 0.7318 train_c: -1.0499 train_max_dist: 34.1484 train_imax: -0.0000 train_imin: -112.3466 time: 3.2671s
INFO:root:Epoch: 1910 lr: 0.001 train_loss: 655347.2500 train_distortion: 8.2535 train_mapscore: 0.7319 train_c: -1.0498 train_max_dist: 34.1602 train_imax: -0.0000 train_imin: -112.4617 time: 3.2974s
INFO:root:Epoch: 1915 lr: 0.001 train_loss: 655343.0000 train_distortion: 8.2586 train_mapscore: 0.7319 train_c: -1.0497 train_max_dist: 34.1660 train_imax: -0.0000 train_imin: -112.5552 time: 3.3002s
INFO:root:Epoch: 1920 lr: 0.001 train_loss: 655338.1250 train_distortion: 8.2613 train_mapscore: 0.7319 train_c: -1.0496 train_max_dist: 34.1816 train_imax: -0.0000 train_imin: -112.6042 time: 3.2777s
INFO:root:Epoch: 1925 lr: 0.001 train_loss: 655314.8750 train_distortion: 8.2664 train_mapscore: 0.7319 train_c: -1.0494 train_max_dist: 34.1777 train_imax: -0.0000 train_imin: -112.6997 time: 3.2824s
INFO:root:Epoch: 1930 lr: 0.001 train_loss: 655300.1875 train_distortion: 8.2711 train_mapscore: 0.7320 train_c: -1.0493 train_max_dist: 34.1953 train_imax: -0.0000 train_imin: -112.7899 time: 3.2779s
INFO:root:Epoch: 1935 lr: 0.001 train_loss: 655291.5000 train_distortion: 8.2753 train_mapscore: 0.7319 train_c: -1.0492 train_max_dist: 34.1992 train_imax: -0.0000 train_imin: -112.8431 time: 3.2802s
INFO:root:Epoch: 1940 lr: 0.001 train_loss: 655274.5000 train_distortion: 8.2797 train_mapscore: 0.7320 train_c: -1.0491 train_max_dist: 34.2090 train_imax: -0.0000 train_imin: -112.9687 time: 3.2739s
INFO:root:Epoch: 1945 lr: 0.001 train_loss: 655267.1250 train_distortion: 8.2848 train_mapscore: 0.7319 train_c: -1.0490 train_max_dist: 34.2188 train_imax: -0.0000 train_imin: -113.0230 time: 3.2927s
INFO:root:Epoch: 1950 lr: 0.001 train_loss: 655274.0000 train_distortion: 8.2893 train_mapscore: 0.7320 train_c: -1.0489 train_max_dist: 34.2227 train_imax: -0.0000 train_imin: -113.0591 time: 3.2699s
INFO:root:Epoch: 1955 lr: 0.001 train_loss: 655285.7500 train_distortion: 8.2923 train_mapscore: 0.7320 train_c: -1.0488 train_max_dist: 34.2383 train_imax: -0.0000 train_imin: -113.1729 time: 3.2751s
INFO:root:Epoch: 1960 lr: 0.001 train_loss: 655268.7500 train_distortion: 8.2965 train_mapscore: 0.7320 train_c: -1.0486 train_max_dist: 34.2441 train_imax: -0.0000 train_imin: -113.2865 time: 3.2361s
INFO:root:Epoch: 1965 lr: 0.001 train_loss: 655253.7500 train_distortion: 8.3006 train_mapscore: 0.7319 train_c: -1.0485 train_max_dist: 34.2500 train_imax: -0.0000 train_imin: -113.3899 time: 3.2681s
INFO:root:Epoch: 1970 lr: 0.001 train_loss: 655227.7500 train_distortion: 8.3051 train_mapscore: 0.7321 train_c: -1.0484 train_max_dist: 34.2598 train_imax: -0.0000 train_imin: -113.4249 time: 3.2603s
INFO:root:Epoch: 1975 lr: 0.001 train_loss: 655210.2500 train_distortion: 8.3094 train_mapscore: 0.7320 train_c: -1.0483 train_max_dist: 34.2734 train_imax: -0.0000 train_imin: -113.5356 time: 3.2600s
INFO:root:Epoch: 1980 lr: 0.001 train_loss: 655187.8125 train_distortion: 8.3144 train_mapscore: 0.7320 train_c: -1.0482 train_max_dist: 34.2754 train_imax: -0.0000 train_imin: -113.5866 time: 3.2752s
INFO:root:Epoch: 1985 lr: 0.001 train_loss: 655182.5625 train_distortion: 8.3182 train_mapscore: 0.7321 train_c: -1.0480 train_max_dist: 34.2891 train_imax: -0.0000 train_imin: -113.6204 time: 3.2427s
INFO:root:Epoch: 1990 lr: 0.001 train_loss: 655170.1875 train_distortion: 8.3223 train_mapscore: 0.7321 train_c: -1.0479 train_max_dist: 34.2930 train_imax: -0.0000 train_imin: -113.7522 time: 3.2836s
INFO:root:Epoch: 1995 lr: 0.001 train_loss: 655164.6875 train_distortion: 8.3270 train_mapscore: 0.7320 train_c: -1.0478 train_max_dist: 34.3047 train_imax: -0.0000 train_imin: -113.8212 time: 3.2534s
INFO:root:Epoch: 2000 lr: 0.00025 train_loss: 655159.7500 train_distortion: 8.3304 train_mapscore: 0.7321 train_c: -1.0477 train_max_dist: 34.3105 train_imax: -0.0000 train_imin: -113.9037 time: 3.2719s
INFO:root:Optimization Finished!
INFO:root:Total time elapsed: 6981.0096s
INFO:root:Val set results: val_distortion: 1.0000 val_mapscore: -1.0000 val_c: -1.0000 val_max_dist: 0.0000
INFO:root:Test set results: test_loss: 655160.1250 test_distortion: 8.3318 test_mapscore: 0.7320 test_c: -1.0477 test_max_dist: 34.3086 test_imax: -0.0000 test_imin: -113.8825
INFO:root:Saved model in /workspace/xiongbo/hgcn/logs/md/2021_5_2/4
