INFO:root:Using: cuda:0
INFO:root:Using seed 1234.
INFO:root:MDModel(
  (encoder): HGCN(
    (layers): Sequential(
      (0): HyperbolicGraphConvolution(
        (linear): HypLinear(
          in_features=4040, out_features=10, c=Parameter containing:
          tensor([-1.], requires_grad=True)
        )
        (agg): HypAgg(
          c=Parameter containing:
          tensor([-1.], requires_grad=True)
        )
        (hyp_act): HypAct(
          c_in=Parameter containing:
          tensor([-1.], requires_grad=True), c_out=Parameter containing:
          tensor([-1.], requires_grad=True)
        )
      )
    )
  )
  (decoder): MDDecoder()
)
INFO:root:Total number of parameters: 40412
/workspace/anaconda3/envs/geo/lib/python3.7/site-packages/torch/optim/lr_scheduler.py:370: UserWarning: To get the last learning rate computed by the scheduler, please use `get_last_lr()`.
  "please use `get_last_lr()`.", UserWarning)
INFO:root:Epoch: 0005 lr: 0.01 train_loss: 1402915.2500 train_distortion: 0.7005 train_mapscore: 0.0879 train_c: -1.0128 train_max_dist: 2.1180 train_imax: -0.0000 train_imin: -1.2418 time: 4.7222s
INFO:root:Epoch: 0010 lr: 0.01 train_loss: 1328275.2500 train_distortion: 0.5570 train_mapscore: 0.2075 train_c: -1.0604 train_max_dist: 3.2172 train_imax: -0.0000 train_imin: -1.1797 time: 4.2916s
INFO:root:Epoch: 0015 lr: 0.01 train_loss: 1292723.6250 train_distortion: 0.4924 train_mapscore: 0.2352 train_c: -1.1122 train_max_dist: 4.3774 train_imax: 0.0265 train_imin: -1.2649 time: 4.4633s
INFO:root:Epoch: 0020 lr: 0.01 train_loss: 1263089.3750 train_distortion: 0.4407 train_mapscore: 0.2506 train_c: -1.1668 train_max_dist: 4.7724 train_imax: 0.0792 train_imin: -1.2577 time: 3.9366s
INFO:root:Epoch: 0025 lr: 0.01 train_loss: 1234085.2500 train_distortion: 0.3909 train_mapscore: 0.2574 train_c: -1.2233 train_max_dist: 5.1992 train_imax: 0.2916 train_imin: -1.3107 time: 4.7801s
INFO:root:Epoch: 0030 lr: 0.01 train_loss: 1203275.7500 train_distortion: 0.3434 train_mapscore: 0.2629 train_c: -1.2810 train_max_dist: 5.8695 train_imax: 0.1835 train_imin: -1.3746 time: 3.5147s
INFO:root:Epoch: 0035 lr: 0.01 train_loss: 1167155.7500 train_distortion: 0.3004 train_mapscore: 0.2694 train_c: -1.3395 train_max_dist: 7.0778 train_imax: 0.2575 train_imin: -1.4592 time: 4.7815s
INFO:root:Epoch: 0040 lr: 0.01 train_loss: 1124821.3750 train_distortion: 0.2709 train_mapscore: 0.2762 train_c: -1.3984 train_max_dist: 7.4823 train_imax: 0.4287 train_imin: -1.5340 time: 3.2897s
INFO:root:Epoch: 0045 lr: 0.01 train_loss: 1074931.7500 train_distortion: 0.2810 train_mapscore: 0.2846 train_c: -1.4571 train_max_dist: 10.6120 train_imax: 0.7508 train_imin: -1.6506 time: 4.6437s
INFO:root:Epoch: 0050 lr: 0.01 train_loss: 1017392.4375 train_distortion: 0.4160 train_mapscore: 0.2977 train_c: -1.5143 train_max_dist: 14.4795 train_imax: 1.0610 train_imin: -1.6379 time: 3.6704s
INFO:root:Epoch: 0055 lr: 0.01 train_loss: 950838.3125 train_distortion: 1.1296 train_mapscore: 0.3128 train_c: -1.5671 train_max_dist: 16.0000 train_imax: 1.9339 train_imin: -1.8116 time: 4.4893s
INFO:root:Epoch: 0060 lr: 0.01 train_loss: 910475.5625 train_distortion: 1.5118 train_mapscore: 0.3287 train_c: -1.6097 train_max_dist: 16.5000 train_imax: 3.7027 train_imin: -2.2123 time: 3.6352s
INFO:root:Epoch: 0065 lr: 0.01 train_loss: 855685.7500 train_distortion: 5.0429 train_mapscore: 0.3381 train_c: -1.6355 train_max_dist: 25.1956 train_imax: 12.2821 train_imin: -5.4455 time: 5.2762s
INFO:root:Epoch: 0070 lr: 0.01 train_loss: 793308.9375 train_distortion: 5.1948 train_mapscore: 0.3921 train_c: -1.6541 train_max_dist: 25.1552 train_imax: 11.3652 train_imin: -4.9428 time: 3.7822s
INFO:root:Epoch: 0075 lr: 0.01 train_loss: 753250.4375 train_distortion: 6.8910 train_mapscore: 0.4393 train_c: -1.6636 train_max_dist: 25.2679 train_imax: 12.8185 train_imin: -4.9576 time: 4.5621s
INFO:root:Epoch: 0080 lr: 0.01 train_loss: 726190.6875 train_distortion: 8.6084 train_mapscore: 0.4829 train_c: -1.6669 train_max_dist: 27.1075 train_imax: 14.5168 train_imin: -7.6640 time: 4.9387s
INFO:root:Epoch: 0085 lr: 0.01 train_loss: 699774.5000 train_distortion: 9.9279 train_mapscore: 0.5212 train_c: -1.6669 train_max_dist: 29.0363 train_imax: 15.9775 train_imin: -7.1823 time: 4.5848s
INFO:root:Epoch: 0090 lr: 0.01 train_loss: 677554.1250 train_distortion: 11.6784 train_mapscore: 0.5572 train_c: -1.6647 train_max_dist: 30.7529 train_imax: 19.6655 train_imin: -7.6066 time: 3.7669s
INFO:root:Epoch: 0095 lr: 0.01 train_loss: 657526.7500 train_distortion: 13.4206 train_mapscore: 0.5914 train_c: -1.6611 train_max_dist: 32.3521 train_imax: 22.1968 train_imin: -7.9753 time: 3.4451s
INFO:root:Epoch: 0100 lr: 0.01 train_loss: 647469.1875 train_distortion: 14.8320 train_mapscore: 0.6172 train_c: -1.6570 train_max_dist: 33.2912 train_imax: 24.0153 train_imin: -8.1657 time: 4.6925s
INFO:root:Epoch: 0105 lr: 0.01 train_loss: 631668.2500 train_distortion: 15.9759 train_mapscore: 0.6414 train_c: -1.6531 train_max_dist: 34.6673 train_imax: 25.9315 train_imin: -8.0499 time: 3.7012s
INFO:root:Epoch: 0110 lr: 0.01 train_loss: 626624.2500 train_distortion: 17.3529 train_mapscore: 0.6612 train_c: -1.6485 train_max_dist: 35.7328 train_imax: 27.8393 train_imin: -8.2114 time: 3.4623s
INFO:root:Epoch: 0115 lr: 0.01 train_loss: 617056.5000 train_distortion: 17.9308 train_mapscore: 0.6791 train_c: -1.6440 train_max_dist: 36.3813 train_imax: 27.7445 train_imin: -8.1878 time: 4.3913s
INFO:root:Epoch: 0120 lr: 0.01 train_loss: 606851.1250 train_distortion: 19.2743 train_mapscore: 0.6974 train_c: -1.6384 train_max_dist: 37.6900 train_imax: 28.1008 train_imin: -8.8123 time: 4.4798s
INFO:root:Epoch: 0125 lr: 0.01 train_loss: 616538.0625 train_distortion: 19.5679 train_mapscore: 0.6893 train_c: -1.6318 train_max_dist: 37.9679 train_imax: 35.3506 train_imin: -8.5334 time: 4.5644s
INFO:root:Epoch: 0130 lr: 0.01 train_loss: 642191.0000 train_distortion: 15.9709 train_mapscore: 0.6634 train_c: -1.6267 train_max_dist: 35.6455 train_imax: 26.5795 train_imin: -6.9360 time: 3.3134s
INFO:root:Epoch: 0135 lr: 0.01 train_loss: 735565.2500 train_distortion: 9.8215 train_mapscore: 0.5068 train_c: -1.6255 train_max_dist: 30.4227 train_imax: 18.5604 train_imin: -6.2835 time: 4.7319s
INFO:root:Epoch: 0140 lr: 0.01 train_loss: 729198.6875 train_distortion: 9.6541 train_mapscore: 0.4910 train_c: -1.6167 train_max_dist: 30.6219 train_imax: 18.8372 train_imin: -6.5524 time: 3.4270s
INFO:root:Epoch: 0145 lr: 0.01 train_loss: 706210.1250 train_distortion: 10.4782 train_mapscore: 0.5125 train_c: -1.6041 train_max_dist: 31.6300 train_imax: 19.4019 train_imin: -6.9665 time: 4.2541s
INFO:root:Epoch: 0150 lr: 0.01 train_loss: 687578.6250 train_distortion: 11.6041 train_mapscore: 0.5382 train_c: -1.5908 train_max_dist: 32.9545 train_imax: 19.2369 train_imin: -7.2335 time: 3.2623s
INFO:root:Epoch: 0155 lr: 0.01 train_loss: 670169.4375 train_distortion: 12.6813 train_mapscore: 0.5644 train_c: -1.5783 train_max_dist: 33.8236 train_imax: 20.3312 train_imin: -7.4477 time: 4.6975s
INFO:root:Epoch: 0160 lr: 0.01 train_loss: 657541.3125 train_distortion: 13.6573 train_mapscore: 0.5881 train_c: -1.5671 train_max_dist: 34.6512 train_imax: 21.6351 train_imin: -7.3325 time: 4.0851s
INFO:root:Epoch: 0165 lr: 0.01 train_loss: 646690.2500 train_distortion: 14.5872 train_mapscore: 0.6106 train_c: -1.5569 train_max_dist: 35.4155 train_imax: 22.9780 train_imin: -7.3983 time: 3.6162s
INFO:root:Epoch: 0170 lr: 0.01 train_loss: 637804.5000 train_distortion: 15.4963 train_mapscore: 0.6301 train_c: -1.5476 train_max_dist: 36.1172 train_imax: 24.2513 train_imin: -7.6149 time: 4.5432s
INFO:root:Epoch: 0175 lr: 0.01 train_loss: 631023.8750 train_distortion: 16.1831 train_mapscore: 0.6458 train_c: -1.5392 train_max_dist: 36.6189 train_imax: 25.1724 train_imin: -7.4005 time: 4.1524s
INFO:root:Epoch: 0180 lr: 0.01 train_loss: 625444.5000 train_distortion: 16.8754 train_mapscore: 0.6602 train_c: -1.5316 train_max_dist: 37.1350 train_imax: 26.0963 train_imin: -7.4442 time: 3.4593s
INFO:root:Epoch: 0185 lr: 0.01 train_loss: 620550.0000 train_distortion: 17.4601 train_mapscore: 0.6708 train_c: -1.5246 train_max_dist: 37.5504 train_imax: 26.9272 train_imin: -7.3371 time: 4.0256s
INFO:root:Epoch: 0190 lr: 0.01 train_loss: 617000.1250 train_distortion: 18.0303 train_mapscore: 0.6810 train_c: -1.5181 train_max_dist: 37.9175 train_imax: 27.8055 train_imin: -7.4881 time: 3.3701s
INFO:root:Epoch: 0195 lr: 0.01 train_loss: 613910.6250 train_distortion: 18.4192 train_mapscore: 0.6899 train_c: -1.5122 train_max_dist: 38.2756 train_imax: 28.4284 train_imin: -7.4526 time: 3.9446s
INFO:root:Epoch: 0200 lr: 0.01 train_loss: 728470.0625 train_distortion: 11.1164 train_mapscore: 0.5288 train_c: -1.5117 train_max_dist: 33.2747 train_imax: 19.9464 train_imin: -8.2345 time: 4.4573s
INFO:root:Epoch: 0205 lr: 0.01 train_loss: 748519.2500 train_distortion: 7.6088 train_mapscore: 0.4766 train_c: -1.5087 train_max_dist: 29.9536 train_imax: 15.3048 train_imin: -9.8651 time: 3.6091s
INFO:root:Epoch: 0210 lr: 0.01 train_loss: 731309.3750 train_distortion: 8.5080 train_mapscore: 0.4851 train_c: -1.4973 train_max_dist: 30.7072 train_imax: 16.5335 train_imin: -12.0168 time: 3.5213s
INFO:root:Epoch: 0215 lr: 0.01 train_loss: 711824.8750 train_distortion: 9.8330 train_mapscore: 0.5064 train_c: -1.4826 train_max_dist: 31.6553 train_imax: 17.6576 train_imin: -9.6427 time: 4.6972s
INFO:root:Epoch: 0220 lr: 0.01 train_loss: 690013.2500 train_distortion: 10.2713 train_mapscore: 0.5303 train_c: -1.4676 train_max_dist: 31.7370 train_imax: 17.8962 train_imin: -7.3563 time: 4.0064s
INFO:root:Epoch: 0225 lr: 0.01 train_loss: 673381.5000 train_distortion: 11.2197 train_mapscore: 0.5557 train_c: -1.4534 train_max_dist: 31.9119 train_imax: 19.0788 train_imin: -7.9223 time: 4.3020s
INFO:root:Epoch: 0230 lr: 0.01 train_loss: 660185.8750 train_distortion: 12.0231 train_mapscore: 0.5753 train_c: -1.4411 train_max_dist: 32.4356 train_imax: 20.1179 train_imin: -8.0831 time: 3.8611s
INFO:root:Epoch: 0235 lr: 0.01 train_loss: 649563.2500 train_distortion: 12.7516 train_mapscore: 0.5965 train_c: -1.4304 train_max_dist: 32.9837 train_imax: 21.1712 train_imin: -8.4497 time: 3.5390s
INFO:root:Epoch: 0240 lr: 0.01 train_loss: 643794.1875 train_distortion: 13.2741 train_mapscore: 0.6109 train_c: -1.4198 train_max_dist: 33.4701 train_imax: 22.1657 train_imin: -8.4650 time: 3.4187s
INFO:root:Epoch: 0245 lr: 0.01 train_loss: 636734.8750 train_distortion: 13.8240 train_mapscore: 0.6277 train_c: -1.4105 train_max_dist: 33.9717 train_imax: 22.7900 train_imin: -8.2171 time: 3.2803s
INFO:root:Epoch: 0250 lr: 0.01 train_loss: 631837.6875 train_distortion: 14.1118 train_mapscore: 0.6417 train_c: -1.4031 train_max_dist: 34.1979 train_imax: 23.1210 train_imin: -8.1765 time: 3.3840s
INFO:root:Epoch: 0255 lr: 0.01 train_loss: 627301.8125 train_distortion: 14.7642 train_mapscore: 0.6526 train_c: -1.3970 train_max_dist: 34.7214 train_imax: 23.9074 train_imin: -8.6418 time: 3.3582s
INFO:root:Epoch: 0260 lr: 0.01 train_loss: 622389.5000 train_distortion: 15.1808 train_mapscore: 0.6644 train_c: -1.3919 train_max_dist: 35.0506 train_imax: 24.4538 train_imin: -8.5069 time: 3.4279s
INFO:root:Epoch: 0265 lr: 0.01 train_loss: 618985.0625 train_distortion: 15.7139 train_mapscore: 0.6750 train_c: -1.3873 train_max_dist: 35.4625 train_imax: 25.2784 train_imin: -8.5671 time: 3.2941s
INFO:root:Epoch: 0270 lr: 0.01 train_loss: 615692.8750 train_distortion: 16.1014 train_mapscore: 0.6832 train_c: -1.3835 train_max_dist: 35.7744 train_imax: 25.8866 train_imin: -8.8227 time: 3.1116s
INFO:root:Epoch: 0275 lr: 0.01 train_loss: 612739.5000 train_distortion: 16.5357 train_mapscore: 0.6905 train_c: -1.3801 train_max_dist: 36.0674 train_imax: 26.6411 train_imin: -8.6776 time: 3.1248s
INFO:root:Epoch: 0280 lr: 0.01 train_loss: 611068.6250 train_distortion: 16.8676 train_mapscore: 0.6961 train_c: -1.3772 train_max_dist: 36.2408 train_imax: 27.2110 train_imin: -9.1568 time: 3.0744s
INFO:root:Epoch: 0285 lr: 0.01 train_loss: 609124.4375 train_distortion: 17.1450 train_mapscore: 0.7011 train_c: -1.3746 train_max_dist: 36.4355 train_imax: 27.5973 train_imin: -9.3025 time: 3.0772s
INFO:root:Epoch: 0290 lr: 0.01 train_loss: 606787.5000 train_distortion: 17.4809 train_mapscore: 0.7053 train_c: -1.3722 train_max_dist: 36.6364 train_imax: 28.1537 train_imin: -9.2278 time: 3.1184s
INFO:root:Epoch: 0295 lr: 0.01 train_loss: 613382.7500 train_distortion: 16.3592 train_mapscore: 0.6992 train_c: -1.3712 train_max_dist: 35.8097 train_imax: 26.5926 train_imin: -14.4767 time: 3.1141s
INFO:root:Epoch: 0300 lr: 0.01 train_loss: 630160.0000 train_distortion: 15.7928 train_mapscore: 0.6604 train_c: -1.3715 train_max_dist: 34.9777 train_imax: 25.9746 train_imin: -15.3194 time: 3.0798s
INFO:root:Epoch: 0305 lr: 0.01 train_loss: 623561.7500 train_distortion: 15.7114 train_mapscore: 0.6678 train_c: -1.3684 train_max_dist: 34.8526 train_imax: 25.8589 train_imin: -13.8760 time: 3.0652s
INFO:root:Epoch: 0310 lr: 0.01 train_loss: 617368.8750 train_distortion: 16.1702 train_mapscore: 0.6776 train_c: -1.3641 train_max_dist: 35.2653 train_imax: 26.6832 train_imin: -14.1904 time: 3.1322s
INFO:root:Epoch: 0315 lr: 0.01 train_loss: 611583.0000 train_distortion: 16.6133 train_mapscore: 0.6895 train_c: -1.3594 train_max_dist: 35.3996 train_imax: 27.4104 train_imin: -14.7822 time: 3.0942s
INFO:root:Epoch: 0320 lr: 0.01 train_loss: 607006.0625 train_distortion: 17.1338 train_mapscore: 0.7028 train_c: -1.3551 train_max_dist: 35.6417 train_imax: 28.2024 train_imin: -15.0879 time: 3.1725s
INFO:root:Epoch: 0325 lr: 0.01 train_loss: 603494.8750 train_distortion: 17.1932 train_mapscore: 0.7110 train_c: -1.3519 train_max_dist: 35.7451 train_imax: 28.4915 train_imin: -15.2166 time: 3.0979s
INFO:root:Epoch: 0330 lr: 0.01 train_loss: 621720.1875 train_distortion: 16.5961 train_mapscore: 0.6764 train_c: -1.3509 train_max_dist: 35.2994 train_imax: 28.0607 train_imin: -22.4488 time: 3.0432s
INFO:root:Epoch: 0335 lr: 0.01 train_loss: 620357.7500 train_distortion: 15.9452 train_mapscore: 0.6750 train_c: -1.3481 train_max_dist: 35.1115 train_imax: 27.1367 train_imin: -19.7575 time: 3.1172s
INFO:root:Epoch: 0340 lr: 0.01 train_loss: 623672.5000 train_distortion: 14.9599 train_mapscore: 0.6692 train_c: -1.3452 train_max_dist: 34.4961 train_imax: 26.1187 train_imin: -18.6958 time: 3.0586s
INFO:root:Epoch: 0345 lr: 0.01 train_loss: 623308.9375 train_distortion: 15.6966 train_mapscore: 0.6684 train_c: -1.3424 train_max_dist: 34.8562 train_imax: 27.1885 train_imin: -19.3269 time: 3.3782s
INFO:root:Epoch: 0350 lr: 0.01 train_loss: 616771.0625 train_distortion: 16.1203 train_mapscore: 0.6796 train_c: -1.3384 train_max_dist: 35.0706 train_imax: 27.6357 train_imin: -19.4305 time: 3.1042s
INFO:root:Epoch: 0355 lr: 0.01 train_loss: 614314.1250 train_distortion: 16.3076 train_mapscore: 0.6871 train_c: -1.3346 train_max_dist: 35.1059 train_imax: 27.1294 train_imin: -19.2871 time: 3.0988s
INFO:root:Epoch: 0360 lr: 0.01 train_loss: 610754.8750 train_distortion: 16.5711 train_mapscore: 0.6990 train_c: -1.3303 train_max_dist: 35.2763 train_imax: 27.3429 train_imin: -19.4031 time: 3.0534s
INFO:root:Epoch: 0365 lr: 0.01 train_loss: 608089.3125 train_distortion: 17.2092 train_mapscore: 0.7056 train_c: -1.3262 train_max_dist: 35.7164 train_imax: 28.4586 train_imin: -19.8871 time: 3.1137s
INFO:root:Epoch: 0370 lr: 0.01 train_loss: 604691.5625 train_distortion: 17.4944 train_mapscore: 0.7140 train_c: -1.3225 train_max_dist: 35.9263 train_imax: 28.8272 train_imin: -19.8917 time: 3.0654s
INFO:root:Epoch: 0375 lr: 0.01 train_loss: 620157.1250 train_distortion: 16.5802 train_mapscore: 0.6887 train_c: -1.3237 train_max_dist: 34.8485 train_imax: 28.2824 train_imin: -19.0609 time: 3.1032s
INFO:root:Epoch: 0380 lr: 0.01 train_loss: 625100.2500 train_distortion: 15.8916 train_mapscore: 0.6729 train_c: -1.3236 train_max_dist: 34.3114 train_imax: 27.4140 train_imin: -18.3955 time: 3.1041s
INFO:root:Epoch: 0385 lr: 0.01 train_loss: 621057.1250 train_distortion: 16.2985 train_mapscore: 0.6804 train_c: -1.3204 train_max_dist: 34.6401 train_imax: 28.2439 train_imin: -18.4360 time: 3.1073s
INFO:root:Epoch: 0390 lr: 0.01 train_loss: 656472.5000 train_distortion: 14.4903 train_mapscore: 0.6280 train_c: -1.3216 train_max_dist: 33.1770 train_imax: 25.9302 train_imin: -17.2891 time: 3.1385s
INFO:root:Epoch: 0395 lr: 0.01 train_loss: 658318.0000 train_distortion: 12.5825 train_mapscore: 0.6127 train_c: -1.3194 train_max_dist: 31.7451 train_imax: 23.3585 train_imin: -15.5850 time: 3.1394s
INFO:root:Epoch: 0400 lr: 0.01 train_loss: 650935.7500 train_distortion: 13.1434 train_mapscore: 0.6194 train_c: -1.3132 train_max_dist: 32.4023 train_imax: 24.4583 train_imin: -15.3619 time: 3.1513s
INFO:root:Epoch: 0405 lr: 0.01 train_loss: 640806.0000 train_distortion: 13.7109 train_mapscore: 0.6366 train_c: -1.3047 train_max_dist: 32.9904 train_imax: 25.6702 train_imin: -15.6007 time: 3.1545s
INFO:root:Epoch: 0410 lr: 0.01 train_loss: 684512.0000 train_distortion: 11.4177 train_mapscore: 0.5783 train_c: -1.3053 train_max_dist: 31.2116 train_imax: 23.3061 train_imin: -13.8147 time: 3.1864s
INFO:root:Epoch: 0415 lr: 0.01 train_loss: 682547.6250 train_distortion: 10.8529 train_mapscore: 0.5725 train_c: -1.2990 train_max_dist: 30.3432 train_imax: 23.1216 train_imin: -12.9889 time: 3.1849s
INFO:root:Epoch: 0420 lr: 0.01 train_loss: 674144.2500 train_distortion: 10.2642 train_mapscore: 0.5823 train_c: -1.2892 train_max_dist: 29.9270 train_imax: 22.1048 train_imin: -12.2027 time: 3.1521s
INFO:root:Epoch: 0425 lr: 0.01 train_loss: 692232.5625 train_distortion: 10.1359 train_mapscore: 0.5672 train_c: -1.2798 train_max_dist: 29.7881 train_imax: 21.2326 train_imin: -11.5738 time: 3.2281s
INFO:root:Epoch: 0430 lr: 0.01 train_loss: 674483.1250 train_distortion: 10.4904 train_mapscore: 0.5791 train_c: -1.2686 train_max_dist: 29.9529 train_imax: 21.4619 train_imin: -11.4354 time: 3.2269s
INFO:root:Epoch: 0435 lr: 0.01 train_loss: 659817.8750 train_distortion: 10.7809 train_mapscore: 0.6004 train_c: -1.2580 train_max_dist: 30.1862 train_imax: 21.8949 train_imin: -11.5703 time: 3.1997s
INFO:root:Epoch: 0440 lr: 0.01 train_loss: 649604.8125 train_distortion: 11.6432 train_mapscore: 0.6172 train_c: -1.2489 train_max_dist: 30.9176 train_imax: 23.1169 train_imin: -11.9891 time: 3.1892s
INFO:root:Epoch: 0445 lr: 0.01 train_loss: 642092.7500 train_distortion: 12.2897 train_mapscore: 0.6312 train_c: -1.2420 train_max_dist: 31.3680 train_imax: 24.1263 train_imin: -12.4446 time: 3.1923s
INFO:root:Epoch: 0450 lr: 0.01 train_loss: 634472.8750 train_distortion: 12.6909 train_mapscore: 0.6468 train_c: -1.2379 train_max_dist: 31.5271 train_imax: 25.0316 train_imin: -12.5974 time: 3.1825s
INFO:root:Epoch: 0455 lr: 0.01 train_loss: 628391.0000 train_distortion: 13.3051 train_mapscore: 0.6601 train_c: -1.2353 train_max_dist: 31.8364 train_imax: 26.0843 train_imin: -12.9380 time: 3.1634s
INFO:root:Epoch: 0460 lr: 0.01 train_loss: 744375.1250 train_distortion: 5.2196 train_mapscore: 0.5382 train_c: -1.2660 train_max_dist: 24.5083 train_imax: 13.7936 train_imin: -8.5855 time: 3.1909s
INFO:root:Epoch: 0465 lr: 0.01 train_loss: 907655.4375 train_distortion: 1.6971 train_mapscore: 0.3475 train_c: -1.3100 train_max_dist: 18.7586 train_imax: 7.0130 train_imin: -6.1739 time: 3.3489s
INFO:root:Epoch: 0470 lr: 0.01 train_loss: 942828.5000 train_distortion: 1.6854 train_mapscore: 0.2938 train_c: -1.3169 train_max_dist: 18.9430 train_imax: 7.1236 train_imin: -6.4832 time: 3.5739s
INFO:root:Epoch: 0475 lr: 0.01 train_loss: 935476.9375 train_distortion: 2.4513 train_mapscore: 0.2834 train_c: -1.3026 train_max_dist: 21.0340 train_imax: 9.1940 train_imin: -7.7772 time: 3.7193s
INFO:root:Epoch: 0480 lr: 0.01 train_loss: 915764.5000 train_distortion: 3.3813 train_mapscore: 0.2911 train_c: -1.2802 train_max_dist: 22.6883 train_imax: 11.1663 train_imin: -9.2447 time: 3.7451s
INFO:root:Epoch: 0485 lr: 0.01 train_loss: 887992.3750 train_distortion: 3.6396 train_mapscore: 0.3087 train_c: -1.2582 train_max_dist: 22.8060 train_imax: 11.4241 train_imin: -9.9389 time: 3.6438s
INFO:root:Epoch: 0490 lr: 0.01 train_loss: 862219.2500 train_distortion: 3.6364 train_mapscore: 0.3288 train_c: -1.2377 train_max_dist: 22.5026 train_imax: 11.0919 train_imin: -10.1971 time: 3.5131s
INFO:root:Epoch: 0495 lr: 0.01 train_loss: 840766.8750 train_distortion: 4.0339 train_mapscore: 0.3473 train_c: -1.2166 train_max_dist: 22.8998 train_imax: 11.6249 train_imin: -10.7971 time: 3.4944s
INFO:root:Epoch: 0500 lr: 0.01 train_loss: 822817.8750 train_distortion: 4.6554 train_mapscore: 0.3644 train_c: -1.1962 train_max_dist: 23.7535 train_imax: 12.5978 train_imin: -11.7180 time: 3.4909s
INFO:root:Epoch: 0505 lr: 0.01 train_loss: 809754.0000 train_distortion: 4.8922 train_mapscore: 0.3785 train_c: -1.1809 train_max_dist: 24.0656 train_imax: 12.7514 train_imin: -13.3824 time: 3.4380s
INFO:root:Epoch: 0510 lr: 0.01 train_loss: 795506.4375 train_distortion: 5.1698 train_mapscore: 0.3941 train_c: -1.1671 train_max_dist: 24.4234 train_imax: 13.0294 train_imin: -12.2299 time: 3.3707s
INFO:root:Epoch: 0515 lr: 0.01 train_loss: 783420.1250 train_distortion: 5.4721 train_mapscore: 0.4088 train_c: -1.1558 train_max_dist: 24.8283 train_imax: 13.4434 train_imin: -12.8397 time: 3.3426s
INFO:root:Epoch: 0520 lr: 0.01 train_loss: 773949.5000 train_distortion: 5.9526 train_mapscore: 0.4198 train_c: -1.1442 train_max_dist: 25.4453 train_imax: 14.3737 train_imin: -13.4898 time: 3.3762s
INFO:root:Epoch: 0525 lr: 0.01 train_loss: 767326.8750 train_distortion: 5.5947 train_mapscore: 0.4295 train_c: -1.1407 train_max_dist: 25.1323 train_imax: 13.8621 train_imin: -13.1006 time: 3.3371s
INFO:root:Epoch: 0530 lr: 0.01 train_loss: 769445.6250 train_distortion: 5.6438 train_mapscore: 0.4287 train_c: -1.1389 train_max_dist: 25.2148 train_imax: 14.3176 train_imin: -12.5987 time: 3.3286s
INFO:root:Epoch: 0535 lr: 0.01 train_loss: 767046.7500 train_distortion: 6.3444 train_mapscore: 0.4306 train_c: -1.1320 train_max_dist: 25.9745 train_imax: 15.5421 train_imin: -13.3294 time: 3.3482s
INFO:root:Epoch: 0540 lr: 0.01 train_loss: 760069.7500 train_distortion: 6.3497 train_mapscore: 0.4373 train_c: -1.1252 train_max_dist: 25.9404 train_imax: 15.6839 train_imin: -14.0931 time: 3.3406s
INFO:root:Epoch: 0545 lr: 0.01 train_loss: 750184.5625 train_distortion: 6.2724 train_mapscore: 0.4492 train_c: -1.1186 train_max_dist: 25.8238 train_imax: 16.7463 train_imin: -14.3575 time: 3.2998s
INFO:root:Epoch: 0550 lr: 0.01 train_loss: 741972.1875 train_distortion: 6.6804 train_mapscore: 0.4614 train_c: -1.1115 train_max_dist: 26.2404 train_imax: 17.8684 train_imin: -15.0348 time: 3.2961s
INFO:root:Epoch: 0555 lr: 0.01 train_loss: 738469.7500 train_distortion: 6.6828 train_mapscore: 0.4666 train_c: -1.1083 train_max_dist: 26.1927 train_imax: 18.0432 train_imin: -15.0396 time: 3.2860s
INFO:root:Epoch: 0560 lr: 0.01 train_loss: 735902.1875 train_distortion: 6.6569 train_mapscore: 0.4719 train_c: -1.1068 train_max_dist: 26.1306 train_imax: 17.9508 train_imin: -14.8770 time: 3.2665s
INFO:root:Epoch: 0565 lr: 0.01 train_loss: 733372.2500 train_distortion: 6.8087 train_mapscore: 0.4737 train_c: -1.1064 train_max_dist: 26.3632 train_imax: 18.0344 train_imin: -15.3799 time: 3.2460s
INFO:root:Epoch: 0570 lr: 0.01 train_loss: 730484.1250 train_distortion: 7.1106 train_mapscore: 0.4778 train_c: -1.1060 train_max_dist: 26.7418 train_imax: 18.3622 train_imin: -16.4514 time: 3.2633s
INFO:root:Epoch: 0575 lr: 0.01 train_loss: 724460.6875 train_distortion: 7.3147 train_mapscore: 0.4875 train_c: -1.1053 train_max_dist: 26.9738 train_imax: 18.5679 train_imin: -17.0009 time: 3.2660s
INFO:root:Epoch: 0580 lr: 0.01 train_loss: 719471.3750 train_distortion: 7.5825 train_mapscore: 0.4965 train_c: -1.1045 train_max_dist: 27.1453 train_imax: 18.9022 train_imin: -17.6639 time: 3.2519s
INFO:root:Epoch: 0585 lr: 0.01 train_loss: 715179.1250 train_distortion: 7.8468 train_mapscore: 0.5056 train_c: -1.1044 train_max_dist: 27.2354 train_imax: 19.2403 train_imin: -18.3071 time: 3.2370s
INFO:root:Epoch: 0590 lr: 0.01 train_loss: 710525.7500 train_distortion: 8.0066 train_mapscore: 0.5138 train_c: -1.1053 train_max_dist: 27.3779 train_imax: 19.3971 train_imin: -18.5986 time: 3.2203s
INFO:root:Epoch: 0595 lr: 0.01 train_loss: 708760.8750 train_distortion: 8.2612 train_mapscore: 0.5213 train_c: -1.1066 train_max_dist: 27.7222 train_imax: 19.7314 train_imin: -18.9309 time: 3.2402s
INFO:root:Epoch: 0600 lr: 0.01 train_loss: 704471.1250 train_distortion: 8.5075 train_mapscore: 0.5293 train_c: -1.1073 train_max_dist: 28.0175 train_imax: 20.0524 train_imin: -19.3053 time: 3.2315s
INFO:root:Epoch: 0605 lr: 0.01 train_loss: 719274.0000 train_distortion: 8.2964 train_mapscore: 0.5029 train_c: -1.1113 train_max_dist: 27.7497 train_imax: 19.4367 train_imin: -18.8437 time: 3.2219s
INFO:root:Epoch: 0610 lr: 0.01 train_loss: 729205.1875 train_distortion: 7.4304 train_mapscore: 0.4885 train_c: -1.1166 train_max_dist: 27.0964 train_imax: 17.4521 train_imin: -17.2476 time: 3.2228s
INFO:root:Epoch: 0615 lr: 0.01 train_loss: 726747.3750 train_distortion: 7.5229 train_mapscore: 0.4892 train_c: -1.1155 train_max_dist: 27.2384 train_imax: 17.2815 train_imin: -17.1553 time: 3.2209s
INFO:root:Epoch: 0620 lr: 0.01 train_loss: 719054.1875 train_distortion: 7.7947 train_mapscore: 0.4978 train_c: -1.1118 train_max_dist: 27.4959 train_imax: 17.8311 train_imin: -17.1779 time: 3.2152s
INFO:root:Epoch: 0625 lr: 0.01 train_loss: 711067.5000 train_distortion: 8.1117 train_mapscore: 0.5097 train_c: -1.1076 train_max_dist: 27.7371 train_imax: 18.4474 train_imin: -17.5662 time: 4.6949s
INFO:root:Epoch: 0630 lr: 0.01 train_loss: 704018.7500 train_distortion: 8.4193 train_mapscore: 0.5206 train_c: -1.1046 train_max_dist: 28.0416 train_imax: 19.0379 train_imin: -17.9370 time: 3.3906s
INFO:root:Epoch: 0635 lr: 0.01 train_loss: 698179.1250 train_distortion: 8.6788 train_mapscore: 0.5314 train_c: -1.1036 train_max_dist: 28.3092 train_imax: 19.5078 train_imin: -18.3237 time: 4.6806s
INFO:root:Epoch: 0640 lr: 0.01 train_loss: 693651.8750 train_distortion: 9.0003 train_mapscore: 0.5409 train_c: -1.1036 train_max_dist: 28.6510 train_imax: 20.0599 train_imin: -18.7416 time: 4.7251s
INFO:root:Epoch: 0645 lr: 0.01 train_loss: 689507.8125 train_distortion: 9.1825 train_mapscore: 0.5484 train_c: -1.1056 train_max_dist: 28.8870 train_imax: 20.3389 train_imin: -19.1838 time: 4.4861s
INFO:root:Epoch: 0650 lr: 0.01 train_loss: 687130.4375 train_distortion: 9.5386 train_mapscore: 0.5563 train_c: -1.1078 train_max_dist: 29.2462 train_imax: 20.9406 train_imin: -19.8437 time: 3.9406s
INFO:root:Epoch: 0655 lr: 0.01 train_loss: 686116.1250 train_distortion: 9.7099 train_mapscore: 0.5622 train_c: -1.1109 train_max_dist: 29.4300 train_imax: 21.1373 train_imin: -20.0424 time: 3.2607s
INFO:root:Epoch: 0660 lr: 0.01 train_loss: 717936.9375 train_distortion: 7.5060 train_mapscore: 0.5264 train_c: -1.1285 train_max_dist: 27.6882 train_imax: 17.9888 train_imin: -16.2490 time: 3.2307s
INFO:root:Epoch: 0665 lr: 0.01 train_loss: 797171.1250 train_distortion: 5.3058 train_mapscore: 0.4442 train_c: -1.1537 train_max_dist: 25.6279 train_imax: 14.3385 train_imin: -11.5133 time: 3.3939s
INFO:root:Epoch: 0670 lr: 0.01 train_loss: 816164.8750 train_distortion: 4.4422 train_mapscore: 0.4195 train_c: -1.1639 train_max_dist: 23.9995 train_imax: 12.4071 train_imin: -9.8645 time: 3.4365s
INFO:root:Epoch: 0675 lr: 0.01 train_loss: 809929.5000 train_distortion: 4.5418 train_mapscore: 0.4181 train_c: -1.1603 train_max_dist: 23.9307 train_imax: 12.1134 train_imin: -10.0896 time: 4.0138s
INFO:root:Epoch: 0680 lr: 0.01 train_loss: 794786.3750 train_distortion: 5.0154 train_mapscore: 0.4263 train_c: -1.1497 train_max_dist: 24.3271 train_imax: 13.0391 train_imin: -10.7989 time: 4.6573s
INFO:root:Epoch: 0685 lr: 0.01 train_loss: 779500.1875 train_distortion: 5.7371 train_mapscore: 0.4371 train_c: -1.1348 train_max_dist: 25.1597 train_imax: 14.2856 train_imin: -11.8329 time: 3.4118s
INFO:root:Epoch: 0690 lr: 0.01 train_loss: 768824.6875 train_distortion: 6.2536 train_mapscore: 0.4462 train_c: -1.1183 train_max_dist: 25.6396 train_imax: 18.7824 train_imin: -12.7794 time: 3.3631s
INFO:root:Epoch: 0695 lr: 0.01 train_loss: 757617.1875 train_distortion: 5.9537 train_mapscore: 0.4552 train_c: -1.1067 train_max_dist: 25.2184 train_imax: 20.8848 train_imin: -12.4173 time: 3.3284s
INFO:root:Epoch: 0700 lr: 0.01 train_loss: 746858.3125 train_distortion: 6.2371 train_mapscore: 0.4678 train_c: -1.0947 train_max_dist: 25.4408 train_imax: 22.4236 train_imin: -12.2795 time: 3.2517s
INFO:root:Epoch: 0705 lr: 0.01 train_loss: 736524.9375 train_distortion: 6.6073 train_mapscore: 0.4798 train_c: -1.0851 train_max_dist: 25.7744 train_imax: 23.5760 train_imin: -12.3153 time: 3.2595s
INFO:root:Epoch: 0710 lr: 0.01 train_loss: 727082.6250 train_distortion: 6.8830 train_mapscore: 0.4917 train_c: -1.0787 train_max_dist: 26.0362 train_imax: 24.2090 train_imin: -12.5159 time: 4.3238s
INFO:root:Epoch: 0715 lr: 0.01 train_loss: 720072.1250 train_distortion: 7.1977 train_mapscore: 0.5028 train_c: -1.0751 train_max_dist: 26.3441 train_imax: 24.7317 train_imin: -12.8474 time: 3.4477s
INFO:root:Epoch: 0720 lr: 0.01 train_loss: 713547.5000 train_distortion: 7.4826 train_mapscore: 0.5115 train_c: -1.0741 train_max_dist: 26.5952 train_imax: 25.0557 train_imin: -13.1795 time: 4.7116s
INFO:root:Epoch: 0725 lr: 0.01 train_loss: 708090.6250 train_distortion: 7.6861 train_mapscore: 0.5203 train_c: -1.0748 train_max_dist: 26.8160 train_imax: 25.1552 train_imin: -13.2451 time: 4.7319s
INFO:root:Epoch: 0730 lr: 0.01 train_loss: 703556.2500 train_distortion: 8.0066 train_mapscore: 0.5281 train_c: -1.0755 train_max_dist: 27.1333 train_imax: 25.5702 train_imin: -13.3365 time: 4.7219s
INFO:root:Epoch: 0735 lr: 0.01 train_loss: 699001.3750 train_distortion: 8.2396 train_mapscore: 0.5361 train_c: -1.0773 train_max_dist: 27.3846 train_imax: 25.8098 train_imin: -13.4571 time: 4.7245s
INFO:root:Epoch: 0740 lr: 0.01 train_loss: 696500.7500 train_distortion: 8.5092 train_mapscore: 0.5426 train_c: -1.0795 train_max_dist: 27.6695 train_imax: 26.1281 train_imin: -13.7654 time: 4.8337s
INFO:root:Epoch: 0745 lr: 0.01 train_loss: 744842.4375 train_distortion: 7.2403 train_mapscore: 0.4841 train_c: -1.0890 train_max_dist: 26.6339 train_imax: 23.2856 train_imin: -11.9617 time: 4.3564s
INFO:root:Epoch: 0750 lr: 0.01 train_loss: 749955.8750 train_distortion: 6.1582 train_mapscore: 0.4698 train_c: -1.0925 train_max_dist: 25.6761 train_imax: 20.6334 train_imin: -10.8194 time: 3.8212s
INFO:root:Epoch: 0755 lr: 0.01 train_loss: 748278.8750 train_distortion: 6.5738 train_mapscore: 0.4673 train_c: -1.0870 train_max_dist: 26.1605 train_imax: 21.6105 train_imin: -11.2549 time: 3.6061s
INFO:root:Epoch: 0760 lr: 0.01 train_loss: 738886.7500 train_distortion: 6.5447 train_mapscore: 0.4763 train_c: -1.0808 train_max_dist: 26.0881 train_imax: 21.3815 train_imin: -11.1820 time: 3.7948s
INFO:root:Epoch: 0765 lr: 0.01 train_loss: 729379.1250 train_distortion: 6.5548 train_mapscore: 0.4888 train_c: -1.0768 train_max_dist: 26.0593 train_imax: 21.1401 train_imin: -10.9639 time: 3.2926s
INFO:root:Epoch: 0770 lr: 0.01 train_loss: 725620.6250 train_distortion: 7.3226 train_mapscore: 0.4942 train_c: -1.0713 train_max_dist: 26.6853 train_imax: 22.5848 train_imin: -11.4856 time: 3.4525s
INFO:root:Epoch: 0775 lr: 0.01 train_loss: 719654.8750 train_distortion: 7.1364 train_mapscore: 0.5019 train_c: -1.0700 train_max_dist: 26.4792 train_imax: 21.9655 train_imin: -11.2966 time: 3.2701s
INFO:root:Epoch: 0780 lr: 0.01 train_loss: 713823.6250 train_distortion: 7.3790 train_mapscore: 0.5116 train_c: -1.0673 train_max_dist: 26.6313 train_imax: 22.2971 train_imin: -11.4147 time: 3.2721s
INFO:root:Epoch: 0785 lr: 0.01 train_loss: 708173.1250 train_distortion: 7.7831 train_mapscore: 0.5202 train_c: -1.0637 train_max_dist: 26.9525 train_imax: 22.9467 train_imin: -12.0974 time: 3.2555s
INFO:root:Epoch: 0790 lr: 0.01 train_loss: 701821.3750 train_distortion: 7.9296 train_mapscore: 0.5301 train_c: -1.0617 train_max_dist: 27.0454 train_imax: 22.9153 train_imin: -12.0196 time: 3.2513s
INFO:root:Epoch: 0795 lr: 0.01 train_loss: 701848.0000 train_distortion: 8.3354 train_mapscore: 0.5355 train_c: -1.0592 train_max_dist: 27.3106 train_imax: 23.4931 train_imin: -12.6703 time: 3.2654s
INFO:root:Epoch: 0800 lr: 0.01 train_loss: 696052.1250 train_distortion: 8.3376 train_mapscore: 0.5429 train_c: -1.0594 train_max_dist: 27.3618 train_imax: 23.1703 train_imin: -12.4539 time: 3.2520s
INFO:root:Epoch: 0805 lr: 0.01 train_loss: 692685.1250 train_distortion: 8.6677 train_mapscore: 0.5508 train_c: -1.0590 train_max_dist: 27.6568 train_imax: 23.6676 train_imin: -12.8182 time: 3.2559s
INFO:root:Epoch: 0810 lr: 0.01 train_loss: 688411.1250 train_distortion: 8.6696 train_mapscore: 0.5593 train_c: -1.0615 train_max_dist: 27.6815 train_imax: 23.4466 train_imin: -12.7475 time: 3.2157s
INFO:root:Epoch: 0815 lr: 0.01 train_loss: 687699.5000 train_distortion: 8.8967 train_mapscore: 0.5602 train_c: -1.0656 train_max_dist: 27.9007 train_imax: 23.6567 train_imin: -12.8513 time: 3.4783s
INFO:root:Epoch: 0820 lr: 0.01 train_loss: 685294.8125 train_distortion: 9.1838 train_mapscore: 0.5660 train_c: -1.0683 train_max_dist: 28.1766 train_imax: 24.0006 train_imin: -13.0824 time: 3.2438s
INFO:root:Epoch: 0825 lr: 0.01 train_loss: 683717.8750 train_distortion: 9.0845 train_mapscore: 0.5716 train_c: -1.0725 train_max_dist: 28.1509 train_imax: 23.4992 train_imin: -12.9991 time: 3.2403s
INFO:root:Epoch: 0830 lr: 0.01 train_loss: 682643.4375 train_distortion: 9.5041 train_mapscore: 0.5731 train_c: -1.0751 train_max_dist: 28.5470 train_imax: 24.1100 train_imin: -13.3789 time: 3.2445s
INFO:root:Epoch: 0835 lr: 0.01 train_loss: 812536.6250 train_distortion: 3.1262 train_mapscore: 0.4561 train_c: -1.1287 train_max_dist: 21.9869 train_imax: 10.5086 train_imin: -7.3874 time: 3.3255s
INFO:root:Epoch: 0840 lr: 0.01 train_loss: 928675.1250 train_distortion: 1.4278 train_mapscore: 0.3454 train_c: -1.1743 train_max_dist: 18.0729 train_imax: 6.1774 train_imin: -5.8124 time: 3.5896s
INFO:root:Epoch: 0845 lr: 0.01 train_loss: 965405.1250 train_distortion: 1.4729 train_mapscore: 0.3025 train_c: -1.1851 train_max_dist: 17.6250 train_imax: 6.3571 train_imin: -5.6640 time: 4.0669s
INFO:root:Epoch: 0850 lr: 0.01 train_loss: 971574.2500 train_distortion: 1.7032 train_mapscore: 0.2890 train_c: -1.1794 train_max_dist: 18.1456 train_imax: 7.0687 train_imin: -6.0321 time: 4.4886s
INFO:root:Epoch: 0855 lr: 0.01 train_loss: 962613.1250 train_distortion: 1.6642 train_mapscore: 0.2896 train_c: -1.1686 train_max_dist: 18.1935 train_imax: 6.9030 train_imin: -6.0215 time: 3.9614s
INFO:root:Epoch: 0860 lr: 0.01 train_loss: 947334.5000 train_distortion: 1.7113 train_mapscore: 0.2964 train_c: -1.1495 train_max_dist: 18.3283 train_imax: 6.9982 train_imin: -6.1847 time: 3.8866s
INFO:root:Epoch: 0865 lr: 0.01 train_loss: 929531.8750 train_distortion: 1.9048 train_mapscore: 0.3056 train_c: -1.1256 train_max_dist: 18.6971 train_imax: 7.4947 train_imin: -6.1915 time: 5.3222s
INFO:root:Epoch: 0870 lr: 0.01 train_loss: 911555.3125 train_distortion: 2.1527 train_mapscore: 0.3173 train_c: -1.1003 train_max_dist: 19.0512 train_imax: 8.1087 train_imin: -6.6213 time: 5.3964s
INFO:root:Epoch: 0875 lr: 0.01 train_loss: 894391.1250 train_distortion: 2.3120 train_mapscore: 0.3291 train_c: -1.0766 train_max_dist: 19.2899 train_imax: 8.4858 train_imin: -6.9196 time: 5.2864s
INFO:root:Epoch: 0880 lr: 0.01 train_loss: 879215.3750 train_distortion: 2.4457 train_mapscore: 0.3401 train_c: -1.0546 train_max_dist: 19.4633 train_imax: 8.8330 train_imin: -7.0716 time: 3.7136s
INFO:root:Epoch: 0885 lr: 0.01 train_loss: 865027.0000 train_distortion: 2.6231 train_mapscore: 0.3508 train_c: -1.0339 train_max_dist: 19.7337 train_imax: 9.2941 train_imin: -7.3759 time: 3.5947s
INFO:root:Epoch: 0890 lr: 0.01 train_loss: 852425.8125 train_distortion: 2.7947 train_mapscore: 0.3617 train_c: -1.0159 train_max_dist: 19.9741 train_imax: 9.9156 train_imin: -7.6164 time: 3.5769s
INFO:root:Epoch: 0895 lr: 0.01 train_loss: 842300.3750 train_distortion: 2.7670 train_mapscore: 0.3713 train_c: -1.0050 train_max_dist: 19.8885 train_imax: 10.1250 train_imin: -7.5647 time: 5.1550s
INFO:root:Epoch: 0900 lr: 0.01 train_loss: 835623.2500 train_distortion: 2.9909 train_mapscore: 0.3761 train_c: -0.9949 train_max_dist: 20.1576 train_imax: 10.5796 train_imin: -7.8473 time: 5.1873s
INFO:root:Epoch: 0905 lr: 0.01 train_loss: 829092.1250 train_distortion: 3.1512 train_mapscore: 0.3824 train_c: -0.9864 train_max_dist: 20.3745 train_imax: 10.9512 train_imin: -8.0882 time: 5.1717s
INFO:root:Epoch: 0910 lr: 0.01 train_loss: 821150.4375 train_distortion: 3.2918 train_mapscore: 0.3900 train_c: -0.9786 train_max_dist: 20.5516 train_imax: 11.3360 train_imin: -8.2507 time: 5.1038s
INFO:root:Epoch: 0915 lr: 0.01 train_loss: 813381.1250 train_distortion: 3.4197 train_mapscore: 0.3987 train_c: -0.9717 train_max_dist: 20.7214 train_imax: 11.7032 train_imin: -8.4189 time: 5.2923s
INFO:root:Epoch: 0920 lr: 0.01 train_loss: 805773.8125 train_distortion: 3.5620 train_mapscore: 0.4067 train_c: -0.9658 train_max_dist: 20.9516 train_imax: 12.0864 train_imin: -8.5397 time: 5.0286s
INFO:root:Epoch: 0925 lr: 0.01 train_loss: 798672.5000 train_distortion: 3.6044 train_mapscore: 0.4140 train_c: -0.9629 train_max_dist: 21.0510 train_imax: 12.2758 train_imin: -8.5805 time: 4.9558s
INFO:root:Epoch: 0930 lr: 0.01 train_loss: 793257.4375 train_distortion: 3.8209 train_mapscore: 0.4188 train_c: -0.9592 train_max_dist: 21.3332 train_imax: 12.8351 train_imin: -8.8240 time: 4.9748s
INFO:root:Epoch: 0935 lr: 0.01 train_loss: 786968.0000 train_distortion: 4.2277 train_mapscore: 0.4235 train_c: -0.9525 train_max_dist: 21.8123 train_imax: 13.7463 train_imin: -9.2881 time: 3.4996s
INFO:root:Epoch: 0940 lr: 0.01 train_loss: 780997.2500 train_distortion: 4.1685 train_mapscore: 0.4302 train_c: -0.9509 train_max_dist: 21.8076 train_imax: 13.7549 train_imin: -9.1639 time: 3.3746s
INFO:root:Epoch: 0945 lr: 0.01 train_loss: 775558.8125 train_distortion: 4.2382 train_mapscore: 0.4368 train_c: -0.9493 train_max_dist: 21.9518 train_imax: 13.9399 train_imin: -9.2699 time: 3.3712s
INFO:root:Epoch: 0950 lr: 0.01 train_loss: 772685.6875 train_distortion: 4.2364 train_mapscore: 0.4397 train_c: -0.9504 train_max_dist: 22.0005 train_imax: 13.9143 train_imin: -9.5930 time: 4.9570s
INFO:root:Epoch: 0955 lr: 0.01 train_loss: 770659.1250 train_distortion: 4.4370 train_mapscore: 0.4414 train_c: -0.9503 train_max_dist: 22.2972 train_imax: 14.3059 train_imin: -9.5556 time: 3.9395s
INFO:root:Epoch: 0960 lr: 0.01 train_loss: 767120.6250 train_distortion: 4.6310 train_mapscore: 0.4451 train_c: -0.9501 train_max_dist: 22.5670 train_imax: 14.7277 train_imin: -9.9695 time: 4.8608s
INFO:root:Epoch: 0965 lr: 0.01 train_loss: 763695.6875 train_distortion: 4.4716 train_mapscore: 0.4493 train_c: -0.9541 train_max_dist: 22.4435 train_imax: 14.3565 train_imin: -9.4397 time: 3.4740s
INFO:root:Epoch: 0970 lr: 0.01 train_loss: 773235.1875 train_distortion: 4.4671 train_mapscore: 0.4378 train_c: -0.9587 train_max_dist: 22.4925 train_imax: 14.1959 train_imin: -13.0683 time: 4.4302s
INFO:root:Epoch: 0975 lr: 0.01 train_loss: 774318.8750 train_distortion: 4.7665 train_mapscore: 0.4349 train_c: -0.9577 train_max_dist: 22.8620 train_imax: 14.9359 train_imin: -12.2744 time: 4.3905s
INFO:root:Epoch: 0980 lr: 0.01 train_loss: 770734.5000 train_distortion: 4.4505 train_mapscore: 0.4399 train_c: -0.9606 train_max_dist: 22.5774 train_imax: 14.5576 train_imin: -10.7536 time: 3.8396s
INFO:root:Epoch: 0985 lr: 0.01 train_loss: 766733.6250 train_distortion: 4.4834 train_mapscore: 0.4455 train_c: -0.9610 train_max_dist: 22.6568 train_imax: 14.5399 train_imin: -10.1693 time: 3.5295s
INFO:root:Epoch: 0990 lr: 0.01 train_loss: 762476.8750 train_distortion: 4.8743 train_mapscore: 0.4503 train_c: -0.9585 train_max_dist: 23.0989 train_imax: 15.2887 train_imin: -10.2485 time: 3.4918s
INFO:root:Epoch: 0995 lr: 0.01 train_loss: 757368.1250 train_distortion: 5.0178 train_mapscore: 0.4583 train_c: -0.9577 train_max_dist: 23.2648 train_imax: 15.6146 train_imin: -10.1762 time: 4.3045s
INFO:root:Epoch: 1000 lr: 0.0025 train_loss: 761417.7500 train_distortion: 4.4169 train_mapscore: 0.4566 train_c: -0.9739 train_max_dist: 22.6187 train_imax: 14.1678 train_imin: -9.3726 time: 3.8419s
INFO:root:Optimization Finished!
INFO:root:Total time elapsed: 3756.1603s
INFO:root:Val set results: val_distortion: 1.0000 val_mapscore: -1.0000 val_c: -1.0000 val_max_dist: 0.0000
INFO:root:Test set results: test_loss: 762778.1250 test_distortion: 4.4108 test_mapscore: 0.4541 test_c: -0.9763 test_max_dist: 22.6039 test_imax: 14.0960 test_imin: -9.5662
INFO:root:Saved model in /workspace/xiongbo/hgcn/logs/md/2021_4_30/58
