INFO:root:Using: cuda:0
INFO:root:Using seed 1234.
INFO:root:MDModel(
  (encoder): HGCN(
    (layers): Sequential(
      (0): HyperbolicGraphConvolution(
        (linear): HypLinear(
          in_features=4040, out_features=10, c=Parameter containing:
          tensor([-1.], requires_grad=True)
        )
        (agg): HypAgg(
          c=Parameter containing:
          tensor([-1.], requires_grad=True)
        )
        (hyp_act): HypAct(
          c_in=Parameter containing:
          tensor([-1.], requires_grad=True), c_out=Parameter containing:
          tensor([-1.], requires_grad=True)
        )
      )
    )
  )
  (decoder): MDDecoder()
)
INFO:root:Total number of parameters: 40412
/workspace/anaconda3/envs/geo/lib/python3.7/site-packages/torch/optim/lr_scheduler.py:370: UserWarning: To get the last learning rate computed by the scheduler, please use `get_last_lr()`.
  "please use `get_last_lr()`.", UserWarning)
INFO:root:Epoch: 0005 lr: 0.001 train_loss: 1453180.3750 train_distortion: 0.8313 train_mapscore: 0.0175 train_c: -1.0004 train_max_dist: 1.3473 train_imax: -0.0000 train_imin: -1.4827 time: 5.4575s
INFO:root:Epoch: 0010 lr: 0.001 train_loss: 1443654.3750 train_distortion: 0.8049 train_mapscore: 0.0250 train_c: -1.0009 train_max_dist: 1.4552 train_imax: -0.0000 train_imin: -1.5300 time: 5.3054s
INFO:root:Epoch: 0015 lr: 0.001 train_loss: 1431026.2500 train_distortion: 0.7704 train_mapscore: 0.0409 train_c: -1.0013 train_max_dist: 1.5708 train_imax: -0.0000 train_imin: -1.5975 time: 4.9511s
INFO:root:Epoch: 0020 lr: 0.001 train_loss: 1415269.1250 train_distortion: 0.7319 train_mapscore: 0.0684 train_c: -1.0019 train_max_dist: 1.6999 train_imax: -0.0000 train_imin: -1.7450 time: 4.7872s
INFO:root:Epoch: 0025 lr: 0.001 train_loss: 1397125.7500 train_distortion: 0.6927 train_mapscore: 0.1039 train_c: -1.0024 train_max_dist: 1.9242 train_imax: -0.0000 train_imin: -1.9261 time: 4.5509s
INFO:root:Epoch: 0030 lr: 0.001 train_loss: 1378018.2500 train_distortion: 0.6553 train_mapscore: 0.1413 train_c: -1.0031 train_max_dist: 2.1614 train_imax: -0.0000 train_imin: -2.1460 time: 4.3329s
INFO:root:Epoch: 0035 lr: 0.001 train_loss: 1359402.7500 train_distortion: 0.6215 train_mapscore: 0.1726 train_c: -1.0037 train_max_dist: 2.3603 train_imax: -0.0000 train_imin: -2.2793 time: 4.2123s
INFO:root:Epoch: 0040 lr: 0.001 train_loss: 1342255.3750 train_distortion: 0.5918 train_mapscore: 0.1984 train_c: -1.0044 train_max_dist: 2.5079 train_imax: -0.0000 train_imin: -2.3308 time: 4.1129s
INFO:root:Epoch: 0045 lr: 0.001 train_loss: 1326851.2500 train_distortion: 0.5660 train_mapscore: 0.2184 train_c: -1.0051 train_max_dist: 2.6126 train_imax: -0.0000 train_imin: -2.4220 time: 4.0459s
INFO:root:Epoch: 0050 lr: 0.001 train_loss: 1313042.2500 train_distortion: 0.5434 train_mapscore: 0.2335 train_c: -1.0059 train_max_dist: 2.8831 train_imax: -0.0000 train_imin: -2.4525 time: 3.9932s
INFO:root:Epoch: 0055 lr: 0.001 train_loss: 1300641.8750 train_distortion: 0.5234 train_mapscore: 0.2449 train_c: -1.0066 train_max_dist: 3.1811 train_imax: -0.0000 train_imin: -2.4838 time: 3.9723s
INFO:root:Epoch: 0060 lr: 0.001 train_loss: 1289444.3750 train_distortion: 0.5055 train_mapscore: 0.2546 train_c: -1.0073 train_max_dist: 3.4511 train_imax: -0.0000 train_imin: -2.5721 time: 3.9477s
INFO:root:Epoch: 0065 lr: 0.001 train_loss: 1279248.3750 train_distortion: 0.4892 train_mapscore: 0.2634 train_c: -1.0081 train_max_dist: 3.6823 train_imax: -0.0000 train_imin: -2.6537 time: 3.9065s
INFO:root:Epoch: 0070 lr: 0.001 train_loss: 1269845.2500 train_distortion: 0.4745 train_mapscore: 0.2706 train_c: -1.0088 train_max_dist: 3.8513 train_imax: -0.0000 train_imin: -2.7207 time: 3.8823s
INFO:root:Epoch: 0075 lr: 0.001 train_loss: 1261058.1250 train_distortion: 0.4608 train_mapscore: 0.2777 train_c: -1.0096 train_max_dist: 4.0054 train_imax: -0.0000 train_imin: -2.8650 time: 3.8800s
INFO:root:Epoch: 0080 lr: 0.001 train_loss: 1252772.8750 train_distortion: 0.4479 train_mapscore: 0.2845 train_c: -1.0103 train_max_dist: 4.1734 train_imax: -0.0000 train_imin: -3.0207 time: 3.8417s
INFO:root:Epoch: 0085 lr: 0.001 train_loss: 1244832.8750 train_distortion: 0.4355 train_mapscore: 0.2910 train_c: -1.0111 train_max_dist: 4.3698 train_imax: -0.0000 train_imin: -3.1974 time: 3.8136s
INFO:root:Epoch: 0090 lr: 0.001 train_loss: 1237166.7500 train_distortion: 0.4235 train_mapscore: 0.2969 train_c: -1.0118 train_max_dist: 4.6045 train_imax: -0.0000 train_imin: -3.3585 time: 3.7934s
INFO:root:Epoch: 0095 lr: 0.001 train_loss: 1229768.3750 train_distortion: 0.4121 train_mapscore: 0.3017 train_c: -1.0126 train_max_dist: 4.8187 train_imax: -0.0000 train_imin: -3.5217 time: 3.7857s
INFO:root:Epoch: 0100 lr: 0.001 train_loss: 1222539.1250 train_distortion: 0.4010 train_mapscore: 0.3064 train_c: -1.0133 train_max_dist: 5.0351 train_imax: -0.0000 train_imin: -3.6821 time: 3.7394s
INFO:root:Epoch: 0105 lr: 0.001 train_loss: 1215586.0000 train_distortion: 0.3903 train_mapscore: 0.3106 train_c: -1.0140 train_max_dist: 5.3193 train_imax: -0.0000 train_imin: -3.8606 time: 3.7165s
INFO:root:Epoch: 0110 lr: 0.001 train_loss: 1208919.3750 train_distortion: 0.3801 train_mapscore: 0.3141 train_c: -1.0148 train_max_dist: 6.0045 train_imax: -0.0000 train_imin: -4.0339 time: 3.7036s
INFO:root:Epoch: 0115 lr: 0.001 train_loss: 1202303.5000 train_distortion: 0.3704 train_mapscore: 0.3189 train_c: -1.0155 train_max_dist: 6.9162 train_imax: -0.0000 train_imin: -4.2124 time: 3.6941s
INFO:root:Epoch: 0120 lr: 0.001 train_loss: 1195837.0000 train_distortion: 0.3609 train_mapscore: 0.3237 train_c: -1.0162 train_max_dist: 8.2612 train_imax: -0.0000 train_imin: -4.4325 time: 3.6471s
INFO:root:Epoch: 0125 lr: 0.001 train_loss: 1189536.6250 train_distortion: 0.3518 train_mapscore: 0.3283 train_c: -1.0169 train_max_dist: 7.7452 train_imax: -0.0000 train_imin: -4.6678 time: 3.6697s
INFO:root:Epoch: 0130 lr: 0.001 train_loss: 1183373.0000 train_distortion: 0.3430 train_mapscore: 0.3328 train_c: -1.0177 train_max_dist: 6.0561 train_imax: -0.0000 train_imin: -4.8993 time: 3.6568s
INFO:root:Epoch: 0135 lr: 0.001 train_loss: 1177297.0000 train_distortion: 0.3345 train_mapscore: 0.3369 train_c: -1.0184 train_max_dist: 6.1716 train_imax: -0.0000 train_imin: -5.1353 time: 3.6474s
INFO:root:Epoch: 0140 lr: 0.001 train_loss: 1171269.5000 train_distortion: 0.3261 train_mapscore: 0.3410 train_c: -1.0191 train_max_dist: 6.3424 train_imax: -0.0000 train_imin: -5.3975 time: 3.6130s
INFO:root:Epoch: 0145 lr: 0.001 train_loss: 1165241.0000 train_distortion: 0.3180 train_mapscore: 0.3448 train_c: -1.0198 train_max_dist: 6.5166 train_imax: -0.0000 train_imin: -5.7013 time: 3.5869s
INFO:root:Epoch: 0150 lr: 0.001 train_loss: 1159159.0000 train_distortion: 0.3099 train_mapscore: 0.3494 train_c: -1.0205 train_max_dist: 8.3059 train_imax: -0.0000 train_imin: -5.9838 time: 3.5854s
INFO:root:Epoch: 0155 lr: 0.001 train_loss: 1153051.6250 train_distortion: 0.3020 train_mapscore: 0.3556 train_c: -1.0212 train_max_dist: 6.8507 train_imax: -0.0000 train_imin: -6.2787 time: 3.5822s
INFO:root:Epoch: 0160 lr: 0.001 train_loss: 1146904.7500 train_distortion: 0.2942 train_mapscore: 0.3595 train_c: -1.0219 train_max_dist: 7.0532 train_imax: -0.0000 train_imin: -6.5602 time: 3.5622s
INFO:root:Epoch: 0165 lr: 0.001 train_loss: 1140621.7500 train_distortion: 0.2865 train_mapscore: 0.3649 train_c: -1.0226 train_max_dist: 7.2021 train_imax: -0.0000 train_imin: -6.8446 time: 3.5401s
INFO:root:Epoch: 0170 lr: 0.001 train_loss: 1134273.1250 train_distortion: 0.2789 train_mapscore: 0.3677 train_c: -1.0233 train_max_dist: 7.4258 train_imax: -0.0000 train_imin: -7.1426 time: 3.5159s
INFO:root:Epoch: 0175 lr: 0.001 train_loss: 1127754.3750 train_distortion: 0.2714 train_mapscore: 0.3727 train_c: -1.0240 train_max_dist: 7.5388 train_imax: -0.0000 train_imin: -7.4224 time: 3.4785s
INFO:root:Epoch: 0180 lr: 0.001 train_loss: 1121147.7500 train_distortion: 0.2640 train_mapscore: 0.3768 train_c: -1.0247 train_max_dist: 7.7515 train_imax: -0.0000 train_imin: -7.7343 time: 3.4569s
INFO:root:Epoch: 0185 lr: 0.001 train_loss: 1114357.8750 train_distortion: 0.2568 train_mapscore: 0.3803 train_c: -1.0254 train_max_dist: 7.9358 train_imax: -0.0000 train_imin: -8.0178 time: 3.4540s
INFO:root:Epoch: 0190 lr: 0.001 train_loss: 1107432.0000 train_distortion: 0.2496 train_mapscore: 0.3828 train_c: -1.0261 train_max_dist: 8.1262 train_imax: -0.0000 train_imin: -8.3426 time: 3.4072s
INFO:root:Epoch: 0195 lr: 0.001 train_loss: 1100342.3750 train_distortion: 0.2427 train_mapscore: 0.3869 train_c: -1.0268 train_max_dist: 8.3975 train_imax: 0.0096 train_imin: -8.6146 time: 3.3942s
INFO:root:Epoch: 0200 lr: 0.001 train_loss: 1093111.0000 train_distortion: 0.2360 train_mapscore: 0.3906 train_c: -1.0275 train_max_dist: 8.6015 train_imax: 0.0812 train_imin: -8.9796 time: 3.3433s
INFO:root:Epoch: 0205 lr: 0.001 train_loss: 1085710.0000 train_distortion: 0.2296 train_mapscore: 0.3936 train_c: -1.0282 train_max_dist: 8.7127 train_imax: 0.1539 train_imin: -9.3025 time: 3.3528s
INFO:root:Epoch: 0210 lr: 0.001 train_loss: 1078209.7500 train_distortion: 0.2236 train_mapscore: 0.3973 train_c: -1.0289 train_max_dist: 8.9237 train_imax: 0.1919 train_imin: -9.6690 time: 3.2990s
INFO:root:Epoch: 0215 lr: 0.001 train_loss: 1070651.0000 train_distortion: 0.2179 train_mapscore: 0.3987 train_c: -1.0295 train_max_dist: 9.1063 train_imax: 0.2832 train_imin: -10.1009 time: 3.2971s
INFO:root:Epoch: 0220 lr: 0.001 train_loss: 1062757.1250 train_distortion: 0.2128 train_mapscore: 0.4061 train_c: -1.0302 train_max_dist: 9.2521 train_imax: 0.3078 train_imin: -10.3387 time: 3.2709s
INFO:root:Epoch: 0225 lr: 0.001 train_loss: 1054869.5000 train_distortion: 0.2082 train_mapscore: 0.4099 train_c: -1.0309 train_max_dist: 9.5391 train_imax: 0.4167 train_imin: -10.8205 time: 3.2569s
INFO:root:Epoch: 0230 lr: 0.001 train_loss: 1046798.8750 train_distortion: 0.2041 train_mapscore: 0.4159 train_c: -1.0316 train_max_dist: 9.7089 train_imax: 0.5041 train_imin: -11.1109 time: 3.2342s
INFO:root:Epoch: 0235 lr: 0.001 train_loss: 1038821.3750 train_distortion: 0.2008 train_mapscore: 0.4161 train_c: -1.0323 train_max_dist: 9.9466 train_imax: 0.5655 train_imin: -11.5276 time: 3.2149s
INFO:root:Epoch: 0240 lr: 0.001 train_loss: 1030548.1250 train_distortion: 0.1984 train_mapscore: 0.4252 train_c: -1.0330 train_max_dist: 10.1376 train_imax: 0.6294 train_imin: -11.8689 time: 3.1978s
INFO:root:Epoch: 0245 lr: 0.001 train_loss: 1022391.1250 train_distortion: 0.1968 train_mapscore: 0.4274 train_c: -1.0337 train_max_dist: 10.4326 train_imax: 0.7595 train_imin: -12.4114 time: 3.1775s
INFO:root:Epoch: 0250 lr: 0.001 train_loss: 1014129.2500 train_distortion: 0.1962 train_mapscore: 0.4318 train_c: -1.0344 train_max_dist: 10.7236 train_imax: 0.7845 train_imin: -12.9627 time: 3.1704s
INFO:root:Epoch: 0255 lr: 0.001 train_loss: 1005731.3125 train_distortion: 0.1967 train_mapscore: 0.4395 train_c: -1.0350 train_max_dist: 11.0027 train_imax: 0.9762 train_imin: -13.5063 time: 3.1634s
INFO:root:Epoch: 0260 lr: 0.001 train_loss: 997383.9375 train_distortion: 0.1982 train_mapscore: 0.4436 train_c: -1.0357 train_max_dist: 11.2475 train_imax: 0.8457 train_imin: -13.9951 time: 3.1410s
INFO:root:Epoch: 0265 lr: 0.001 train_loss: 989067.5000 train_distortion: 0.2009 train_mapscore: 0.4459 train_c: -1.0364 train_max_dist: 11.5125 train_imax: 0.9054 train_imin: -14.5380 time: 3.1147s
INFO:root:Epoch: 0270 lr: 0.001 train_loss: 980721.8750 train_distortion: 0.2049 train_mapscore: 0.4502 train_c: -1.0371 train_max_dist: 11.7408 train_imax: 0.9753 train_imin: -15.0161 time: 3.0950s
INFO:root:Epoch: 0275 lr: 0.001 train_loss: 972687.0625 train_distortion: 0.2104 train_mapscore: 0.4495 train_c: -1.0377 train_max_dist: 12.1163 train_imax: 1.0096 train_imin: -15.8305 time: 3.1049s
INFO:root:Epoch: 0280 lr: 0.001 train_loss: 964396.1875 train_distortion: 0.2170 train_mapscore: 0.4548 train_c: -1.0384 train_max_dist: 12.1646 train_imax: 0.7140 train_imin: -15.9311 time: 3.0791s
INFO:root:Epoch: 0285 lr: 0.001 train_loss: 955859.9375 train_distortion: 0.2256 train_mapscore: 0.4596 train_c: -1.0391 train_max_dist: 12.4774 train_imax: 1.0457 train_imin: -16.6339 time: 3.0443s
INFO:root:Epoch: 0290 lr: 0.001 train_loss: 947342.8750 train_distortion: 0.2354 train_mapscore: 0.4688 train_c: -1.0397 train_max_dist: 12.6792 train_imax: 1.5492 train_imin: -17.0957 time: 3.0515s
INFO:root:Epoch: 0295 lr: 0.001 train_loss: 939088.1250 train_distortion: 0.2474 train_mapscore: 0.4692 train_c: -1.0404 train_max_dist: 12.9232 train_imax: 1.9945 train_imin: -17.6321 time: 3.0482s
INFO:root:Epoch: 0300 lr: 0.001 train_loss: 930745.7500 train_distortion: 0.2609 train_mapscore: 0.4768 train_c: -1.0410 train_max_dist: 13.2577 train_imax: 1.9050 train_imin: -18.1901 time: 3.0343s
INFO:root:Epoch: 0305 lr: 0.001 train_loss: 922599.6250 train_distortion: 0.2762 train_mapscore: 0.4818 train_c: -1.0417 train_max_dist: 13.4302 train_imax: 2.0097 train_imin: -18.7034 time: 3.0117s
INFO:root:Epoch: 0310 lr: 0.001 train_loss: 914730.6875 train_distortion: 0.2933 train_mapscore: 0.4807 train_c: -1.0423 train_max_dist: 13.6351 train_imax: 2.0760 train_imin: -19.4113 time: 3.0127s
INFO:root:Epoch: 0315 lr: 0.001 train_loss: 906283.1250 train_distortion: 0.3124 train_mapscore: 0.4914 train_c: -1.0430 train_max_dist: 13.8290 train_imax: 2.2062 train_imin: -19.9035 time: 3.0090s
INFO:root:Epoch: 0320 lr: 0.001 train_loss: 898208.6250 train_distortion: 0.3341 train_mapscore: 0.4940 train_c: -1.0436 train_max_dist: 14.2268 train_imax: 2.2018 train_imin: -20.8052 time: 2.9817s
INFO:root:Epoch: 0325 lr: 0.001 train_loss: 890403.3750 train_distortion: 0.3572 train_mapscore: 0.5008 train_c: -1.0442 train_max_dist: 14.5818 train_imax: 2.3759 train_imin: -21.5639 time: 2.9870s
INFO:root:Epoch: 0330 lr: 0.001 train_loss: 882411.3750 train_distortion: 0.3830 train_mapscore: 0.5034 train_c: -1.0448 train_max_dist: 14.7755 train_imax: 2.3894 train_imin: -21.9136 time: 2.9324s
INFO:root:Epoch: 0335 lr: 0.001 train_loss: 874895.1250 train_distortion: 0.4100 train_mapscore: 0.5081 train_c: -1.0455 train_max_dist: 15.0483 train_imax: 2.3931 train_imin: -22.4119 time: 2.9730s
INFO:root:Epoch: 0340 lr: 0.001 train_loss: 866676.7500 train_distortion: 0.4395 train_mapscore: 0.5157 train_c: -1.0461 train_max_dist: 15.3422 train_imax: 2.5758 train_imin: -23.1256 time: 2.9654s
INFO:root:Epoch: 0345 lr: 0.001 train_loss: 858992.5000 train_distortion: 0.4722 train_mapscore: 0.5201 train_c: -1.0467 train_max_dist: 15.5750 train_imax: 2.4687 train_imin: -23.4627 time: 2.9627s
INFO:root:Epoch: 0350 lr: 0.001 train_loss: 851893.6250 train_distortion: 0.5060 train_mapscore: 0.5244 train_c: -1.0473 train_max_dist: 15.8565 train_imax: 2.4761 train_imin: -23.5430 time: 2.9455s
INFO:root:Epoch: 0355 lr: 0.001 train_loss: 844687.8750 train_distortion: 0.5443 train_mapscore: 0.5257 train_c: -1.0479 train_max_dist: 16.1171 train_imax: 2.6683 train_imin: -24.4946 time: 2.9527s
INFO:root:Epoch: 0360 lr: 0.001 train_loss: 836738.3750 train_distortion: 0.5825 train_mapscore: 0.5369 train_c: -1.0485 train_max_dist: 16.3307 train_imax: 3.6168 train_imin: -25.0800 time: 2.9382s
INFO:root:Epoch: 0365 lr: 0.001 train_loss: 829262.1250 train_distortion: 0.6244 train_mapscore: 0.5426 train_c: -1.0491 train_max_dist: 16.5345 train_imax: 3.9390 train_imin: -25.5026 time: 2.9288s
INFO:root:Epoch: 0370 lr: 0.001 train_loss: 821795.7500 train_distortion: 0.6695 train_mapscore: 0.5467 train_c: -1.0497 train_max_dist: 16.9827 train_imax: 3.4411 train_imin: -25.8457 time: 2.9398s
INFO:root:Epoch: 0375 lr: 0.001 train_loss: 814387.7500 train_distortion: 0.7176 train_mapscore: 0.5521 train_c: -1.0502 train_max_dist: 17.0085 train_imax: 6.0312 train_imin: -26.7224 time: 2.9251s
INFO:root:Epoch: 0380 lr: 0.001 train_loss: 806901.5000 train_distortion: 0.7691 train_mapscore: 0.5561 train_c: -1.0508 train_max_dist: 17.4998 train_imax: 3.1784 train_imin: -27.6606 time: 2.9276s
INFO:root:Epoch: 0385 lr: 0.001 train_loss: 799984.8750 train_distortion: 0.8216 train_mapscore: 0.5599 train_c: -1.0514 train_max_dist: 17.4995 train_imax: 6.8513 train_imin: -27.9527 time: 2.9266s
INFO:root:Epoch: 0390 lr: 0.001 train_loss: 792444.4375 train_distortion: 0.8773 train_mapscore: 0.5723 train_c: -1.0520 train_max_dist: 18.0656 train_imax: 5.0216 train_imin: -28.7500 time: 2.9191s
INFO:root:Epoch: 0395 lr: 0.001 train_loss: 786077.8750 train_distortion: 0.9381 train_mapscore: 0.5680 train_c: -1.0525 train_max_dist: 18.4052 train_imax: 5.2905 train_imin: -29.8371 time: 2.9234s
INFO:root:Epoch: 0400 lr: 0.001 train_loss: 779740.6250 train_distortion: 1.0012 train_mapscore: 0.5734 train_c: -1.0531 train_max_dist: 18.3767 train_imax: 8.9534 train_imin: -30.9819 time: 2.9206s
INFO:root:Epoch: 0405 lr: 0.001 train_loss: 772780.2500 train_distortion: 1.0677 train_mapscore: 0.5787 train_c: -1.0536 train_max_dist: 18.8862 train_imax: 6.9499 train_imin: -31.8203 time: 2.9178s
INFO:root:Epoch: 0410 lr: 0.001 train_loss: 764987.8125 train_distortion: 1.1358 train_mapscore: 0.5887 train_c: -1.0542 train_max_dist: 19.1343 train_imax: 6.7064 train_imin: -31.7796 time: 2.8705s
INFO:root:Epoch: 0415 lr: 0.001 train_loss: 758489.2500 train_distortion: 1.2094 train_mapscore: 0.5921 train_c: -1.0547 train_max_dist: 19.2727 train_imax: 7.5533 train_imin: -33.3607 time: 2.8971s
INFO:root:Epoch: 0420 lr: 0.001 train_loss: 752318.7500 train_distortion: 1.2836 train_mapscore: 0.5951 train_c: -1.0553 train_max_dist: 19.9007 train_imax: 5.7306 train_imin: -33.5671 time: 2.9049s
INFO:root:Epoch: 0425 lr: 0.001 train_loss: 745820.3750 train_distortion: 1.3638 train_mapscore: 0.5989 train_c: -1.0558 train_max_dist: 20.1802 train_imax: 5.9165 train_imin: -34.3331 time: 2.8915s
INFO:root:Epoch: 0430 lr: 0.001 train_loss: 739213.0625 train_distortion: 1.4468 train_mapscore: 0.6049 train_c: -1.0563 train_max_dist: 20.3362 train_imax: 8.4071 train_imin: -35.2564 time: 2.8958s
INFO:root:Epoch: 0435 lr: 0.001 train_loss: 732924.1250 train_distortion: 1.5340 train_mapscore: 0.6109 train_c: -1.0568 train_max_dist: 20.5090 train_imax: 8.6581 train_imin: -36.0241 time: 2.8963s
INFO:root:Epoch: 0440 lr: 0.001 train_loss: 727780.0000 train_distortion: 1.6215 train_mapscore: 0.6102 train_c: -1.0574 train_max_dist: 20.7346 train_imax: 11.7315 train_imin: -36.4030 time: 2.8891s
INFO:root:Epoch: 0445 lr: 0.001 train_loss: 721316.7500 train_distortion: 1.7159 train_mapscore: 0.6167 train_c: -1.0579 train_max_dist: 20.7922 train_imax: 13.5647 train_imin: -37.6568 time: 2.8991s
INFO:root:Epoch: 0450 lr: 0.001 train_loss: 716073.3750 train_distortion: 1.8121 train_mapscore: 0.6156 train_c: -1.0584 train_max_dist: 21.1561 train_imax: 9.9216 train_imin: -38.7268 time: 2.9123s
INFO:root:Epoch: 0455 lr: 0.001 train_loss: 709556.9375 train_distortion: 1.9118 train_mapscore: 0.6241 train_c: -1.0589 train_max_dist: 21.3149 train_imax: 15.8364 train_imin: -39.1762 time: 2.9029s
INFO:root:Epoch: 0460 lr: 0.001 train_loss: 703635.5000 train_distortion: 2.0159 train_mapscore: 0.6333 train_c: -1.0594 train_max_dist: 21.6743 train_imax: 13.8150 train_imin: -40.2141 time: 2.9052s
INFO:root:Epoch: 0465 lr: 0.001 train_loss: 698254.6250 train_distortion: 2.1217 train_mapscore: 0.6361 train_c: -1.0599 train_max_dist: 21.9255 train_imax: 14.8931 train_imin: -40.8786 time: 2.9067s
INFO:root:Epoch: 0470 lr: 0.001 train_loss: 692783.0000 train_distortion: 2.2308 train_mapscore: 0.6398 train_c: -1.0604 train_max_dist: 22.0656 train_imax: 17.3571 train_imin: -41.4504 time: 2.9011s
INFO:root:Epoch: 0475 lr: 0.001 train_loss: 686804.9375 train_distortion: 2.3434 train_mapscore: 0.6510 train_c: -1.0608 train_max_dist: 22.2913 train_imax: 16.7115 train_imin: -42.6549 time: 2.9139s
INFO:root:Epoch: 0480 lr: 0.001 train_loss: 682776.8750 train_distortion: 2.4617 train_mapscore: 0.6452 train_c: -1.0613 train_max_dist: 22.5757 train_imax: 16.0671 train_imin: -43.7090 time: 2.8665s
INFO:root:Epoch: 0485 lr: 0.001 train_loss: 677652.0000 train_distortion: 2.5780 train_mapscore: 0.6508 train_c: -1.0618 train_max_dist: 22.8701 train_imax: 19.2172 train_imin: -43.8872 time: 2.8985s
INFO:root:Epoch: 0490 lr: 0.001 train_loss: 672504.6250 train_distortion: 2.6985 train_mapscore: 0.6564 train_c: -1.0622 train_max_dist: 22.9556 train_imax: 22.1974 train_imin: -45.0719 time: 2.9140s
INFO:root:Epoch: 0495 lr: 0.001 train_loss: 668574.0000 train_distortion: 2.8254 train_mapscore: 0.6513 train_c: -1.0627 train_max_dist: 23.3003 train_imax: 18.3063 train_imin: -46.7116 time: 2.9104s
INFO:root:Epoch: 0500 lr: 0.001 train_loss: 665252.3750 train_distortion: 2.9547 train_mapscore: 0.6472 train_c: -1.0631 train_max_dist: 23.2373 train_imax: 25.5317 train_imin: -47.8909 time: 2.8894s
INFO:root:Epoch: 0505 lr: 0.001 train_loss: 661419.1250 train_distortion: 3.0776 train_mapscore: 0.6517 train_c: -1.0635 train_max_dist: 23.3638 train_imax: 29.6796 train_imin: -47.6027 time: 2.8903s
INFO:root:Epoch: 0510 lr: 0.001 train_loss: 655657.5000 train_distortion: 3.2143 train_mapscore: 0.6660 train_c: -1.0640 train_max_dist: 23.9336 train_imax: 21.3671 train_imin: -49.0411 time: 2.8930s
INFO:root:Epoch: 0515 lr: 0.001 train_loss: 651299.8750 train_distortion: 3.3493 train_mapscore: 0.6708 train_c: -1.0644 train_max_dist: 23.9635 train_imax: 24.9514 train_imin: -50.6762 time: 2.9052s
INFO:root:Epoch: 0520 lr: 0.001 train_loss: 647648.1250 train_distortion: 3.4829 train_mapscore: 0.6743 train_c: -1.0648 train_max_dist: 24.1943 train_imax: 25.8441 train_imin: -51.4514 time: 2.8888s
INFO:root:Epoch: 0525 lr: 0.001 train_loss: 643659.8125 train_distortion: 3.6229 train_mapscore: 0.6750 train_c: -1.0652 train_max_dist: 24.5249 train_imax: 26.8343 train_imin: -52.4418 time: 2.8970s
INFO:root:Epoch: 0530 lr: 0.001 train_loss: 640209.6250 train_distortion: 3.7631 train_mapscore: 0.6770 train_c: -1.0656 train_max_dist: 24.7904 train_imax: 24.0688 train_imin: -54.2166 time: 2.8924s
INFO:root:Epoch: 0535 lr: 0.001 train_loss: 636204.0625 train_distortion: 3.9020 train_mapscore: 0.6803 train_c: -1.0660 train_max_dist: 24.8950 train_imax: 31.8131 train_imin: -55.2098 time: 2.8480s
INFO:root:Epoch: 0540 lr: 0.001 train_loss: 631981.0000 train_distortion: 4.0417 train_mapscore: 0.6902 train_c: -1.0664 train_max_dist: 25.2788 train_imax: 29.0583 train_imin: -55.9436 time: 2.9057s
INFO:root:Epoch: 0545 lr: 0.001 train_loss: 629489.6250 train_distortion: 4.1915 train_mapscore: 0.6927 train_c: -1.0668 train_max_dist: 25.4536 train_imax: 28.1821 train_imin: -57.7520 time: 2.8769s
INFO:root:Epoch: 0550 lr: 0.001 train_loss: 626214.1875 train_distortion: 4.3302 train_mapscore: 0.6930 train_c: -1.0671 train_max_dist: 25.6375 train_imax: 33.2893 train_imin: -58.5821 time: 2.8774s
INFO:root:Epoch: 0555 lr: 0.001 train_loss: 623727.6875 train_distortion: 4.4783 train_mapscore: 0.6954 train_c: -1.0675 train_max_dist: 25.8342 train_imax: 31.5278 train_imin: -59.5311 time: 2.8851s
INFO:root:Epoch: 0560 lr: 0.001 train_loss: 619437.8125 train_distortion: 4.6250 train_mapscore: 0.7041 train_c: -1.0678 train_max_dist: 26.0905 train_imax: 32.4754 train_imin: -61.0282 time: 2.8811s
INFO:root:Epoch: 0565 lr: 0.001 train_loss: 616994.6250 train_distortion: 4.7694 train_mapscore: 0.7046 train_c: -1.0682 train_max_dist: 26.2998 train_imax: 35.2764 train_imin: -62.1729 time: 2.8900s
INFO:root:Epoch: 0570 lr: 0.001 train_loss: 615003.1250 train_distortion: 4.9127 train_mapscore: 0.7031 train_c: -1.0685 train_max_dist: 26.5068 train_imax: 35.9173 train_imin: -63.3810 time: 2.8720s
INFO:root:Epoch: 0575 lr: 0.001 train_loss: 613429.5000 train_distortion: 5.0643 train_mapscore: 0.6977 train_c: -1.0688 train_max_dist: 26.4590 train_imax: 41.4860 train_imin: -65.3093 time: 2.8731s
INFO:root:Epoch: 0580 lr: 0.001 train_loss: 611126.1875 train_distortion: 5.2060 train_mapscore: 0.7050 train_c: -1.0692 train_max_dist: 26.7188 train_imax: 42.0410 train_imin: -66.0096 time: 2.8684s
INFO:root:Epoch: 0585 lr: 0.001 train_loss: 609061.3750 train_distortion: 5.3510 train_mapscore: 0.7039 train_c: -1.0695 train_max_dist: 26.8486 train_imax: 45.0668 train_imin: -67.4952 time: 2.9050s
INFO:root:Epoch: 0590 lr: 0.001 train_loss: 605183.7500 train_distortion: 5.4918 train_mapscore: 0.7162 train_c: -1.0698 train_max_dist: 27.1521 train_imax: 41.1878 train_imin: -68.3499 time: 2.8300s
INFO:root:Epoch: 0595 lr: 0.001 train_loss: 603376.6875 train_distortion: 5.6421 train_mapscore: 0.7106 train_c: -1.0701 train_max_dist: 27.4297 train_imax: 36.2969 train_imin: -69.8880 time: 2.8611s
INFO:root:Epoch: 0600 lr: 0.001 train_loss: 601155.5000 train_distortion: 5.7790 train_mapscore: 0.7155 train_c: -1.0704 train_max_dist: 27.5934 train_imax: 38.0036 train_imin: -71.2165 time: 2.8638s
INFO:root:Epoch: 0605 lr: 0.001 train_loss: 600905.0625 train_distortion: 5.9291 train_mapscore: 0.7112 train_c: -1.0706 train_max_dist: 27.6123 train_imax: 41.7032 train_imin: -73.5000 time: 2.8591s
INFO:root:Epoch: 0610 lr: 0.001 train_loss: 597871.3125 train_distortion: 6.0590 train_mapscore: 0.7190 train_c: -1.0709 train_max_dist: 27.8575 train_imax: 42.0866 train_imin: -73.5675 time: 2.8712s
INFO:root:Epoch: 0615 lr: 0.001 train_loss: 596792.6875 train_distortion: 6.2008 train_mapscore: 0.7161 train_c: -1.0712 train_max_dist: 28.0342 train_imax: 38.6907 train_imin: -75.8286 time: 2.8706s
INFO:root:Epoch: 0620 lr: 0.001 train_loss: 596591.7500 train_distortion: 6.3266 train_mapscore: 0.7140 train_c: -1.0715 train_max_dist: 28.0876 train_imax: 50.6377 train_imin: -75.9555 time: 2.8561s
INFO:root:Epoch: 0625 lr: 0.001 train_loss: 592595.0000 train_distortion: 6.4710 train_mapscore: 0.7258 train_c: -1.0717 train_max_dist: 28.3049 train_imax: 45.1494 train_imin: -77.9095 time: 2.8644s
INFO:root:Epoch: 0630 lr: 0.001 train_loss: 590936.8750 train_distortion: 6.6024 train_mapscore: 0.7288 train_c: -1.0720 train_max_dist: 28.4125 train_imax: 47.5542 train_imin: -79.7013 time: 2.8661s
INFO:root:Epoch: 0635 lr: 0.001 train_loss: 589674.6250 train_distortion: 6.7345 train_mapscore: 0.7280 train_c: -1.0722 train_max_dist: 28.3984 train_imax: 55.7490 train_imin: -80.5134 time: 2.8719s
INFO:root:Epoch: 0640 lr: 0.001 train_loss: 587051.8750 train_distortion: 6.8632 train_mapscore: 0.7368 train_c: -1.0724 train_max_dist: 28.7451 train_imax: 46.9334 train_imin: -81.8610 time: 2.8643s
INFO:root:Epoch: 0645 lr: 0.001 train_loss: 586179.5000 train_distortion: 6.9904 train_mapscore: 0.7359 train_c: -1.0727 train_max_dist: 28.8298 train_imax: 45.9784 train_imin: -83.2716 time: 2.8336s
INFO:root:Epoch: 0650 lr: 0.001 train_loss: 585164.9375 train_distortion: 7.1234 train_mapscore: 0.7342 train_c: -1.0729 train_max_dist: 29.0354 train_imax: 43.9347 train_imin: -84.9069 time: 2.8691s
INFO:root:Epoch: 0655 lr: 0.001 train_loss: 583836.5000 train_distortion: 7.2452 train_mapscore: 0.7328 train_c: -1.0731 train_max_dist: 29.2539 train_imax: 42.2944 train_imin: -86.1480 time: 2.8561s
INFO:root:Epoch: 0660 lr: 0.001 train_loss: 582528.3750 train_distortion: 7.3696 train_mapscore: 0.7371 train_c: -1.0733 train_max_dist: 29.3364 train_imax: 44.7790 train_imin: -88.0252 time: 2.8090s
INFO:root:Epoch: 0665 lr: 0.001 train_loss: 581488.0625 train_distortion: 7.4990 train_mapscore: 0.7442 train_c: -1.0735 train_max_dist: 29.2622 train_imax: 49.9146 train_imin: -89.2826 time: 2.8610s
INFO:root:Epoch: 0670 lr: 0.001 train_loss: 581108.7500 train_distortion: 7.6111 train_mapscore: 0.7435 train_c: -1.0738 train_max_dist: 29.4170 train_imax: 53.6599 train_imin: -90.4886 time: 2.8467s
INFO:root:Epoch: 0675 lr: 0.001 train_loss: 579050.6250 train_distortion: 7.7320 train_mapscore: 0.7427 train_c: -1.0740 train_max_dist: 29.6113 train_imax: 49.1918 train_imin: -91.9317 time: 2.8471s
INFO:root:Epoch: 0680 lr: 0.001 train_loss: 576988.6250 train_distortion: 7.8493 train_mapscore: 0.7502 train_c: -1.0742 train_max_dist: 29.6318 train_imax: 54.1434 train_imin: -93.5704 time: 2.8497s
INFO:root:Epoch: 0685 lr: 0.001 train_loss: 577647.9375 train_distortion: 7.9712 train_mapscore: 0.7421 train_c: -1.0743 train_max_dist: 29.8877 train_imax: 48.8816 train_imin: -95.0273 time: 2.8421s
INFO:root:Epoch: 0690 lr: 0.001 train_loss: 577022.6875 train_distortion: 8.0781 train_mapscore: 0.7449 train_c: -1.0745 train_max_dist: 29.9939 train_imax: 48.1006 train_imin: -96.0557 time: 2.8324s
INFO:root:Epoch: 0695 lr: 0.001 train_loss: 616958.8125 train_distortion: 8.1237 train_mapscore: 0.7015 train_c: -1.0747 train_max_dist: 30.1758 train_imax: 49.9857 train_imin: -96.8452 time: 2.8899s
INFO:root:Epoch: 0700 lr: 0.001 train_loss: 639755.1250 train_distortion: 7.9090 train_mapscore: 0.6591 train_c: -1.0749 train_max_dist: 30.6704 train_imax: 34.0468 train_imin: -94.2090 time: 2.9883s
INFO:root:Epoch: 0705 lr: 0.001 train_loss: 631438.8750 train_distortion: 7.8309 train_mapscore: 0.6605 train_c: -1.0750 train_max_dist: 30.7305 train_imax: 30.0678 train_imin: -92.1908 time: 2.9961s
INFO:root:Epoch: 0710 lr: 0.001 train_loss: 621089.2500 train_distortion: 7.8281 train_mapscore: 0.6717 train_c: -1.0751 train_max_dist: 30.7104 train_imax: 32.2783 train_imin: -91.4197 time: 2.9455s
INFO:root:Epoch: 0715 lr: 0.001 train_loss: 611790.6250 train_distortion: 7.8766 train_mapscore: 0.6856 train_c: -1.0752 train_max_dist: 30.5742 train_imax: 34.0528 train_imin: -92.4184 time: 2.9232s
INFO:root:Epoch: 0720 lr: 0.001 train_loss: 603563.6250 train_distortion: 7.9600 train_mapscore: 0.6962 train_c: -1.0753 train_max_dist: 30.5664 train_imax: 36.2170 train_imin: -92.9001 time: 2.9151s
INFO:root:Epoch: 0725 lr: 0.001 train_loss: 596212.6250 train_distortion: 8.0635 train_mapscore: 0.7066 train_c: -1.0755 train_max_dist: 30.6902 train_imax: 39.0924 train_imin: -93.4557 time: 2.8870s
INFO:root:Epoch: 0730 lr: 0.001 train_loss: 591107.8750 train_distortion: 8.1892 train_mapscore: 0.7146 train_c: -1.0756 train_max_dist: 30.7393 train_imax: 40.5068 train_imin: -94.3708 time: 2.8769s
INFO:root:Epoch: 0735 lr: 0.001 train_loss: 586913.3750 train_distortion: 8.3122 train_mapscore: 0.7224 train_c: -1.0758 train_max_dist: 30.8401 train_imax: 41.9643 train_imin: -95.4206 time: 2.8591s
INFO:root:Epoch: 0740 lr: 0.001 train_loss: 583675.6250 train_distortion: 8.4350 train_mapscore: 0.7279 train_c: -1.0759 train_max_dist: 30.9995 train_imax: 41.4064 train_imin: -96.6384 time: 2.8180s
INFO:root:Epoch: 0745 lr: 0.001 train_loss: 581118.2500 train_distortion: 8.5541 train_mapscore: 0.7324 train_c: -1.0761 train_max_dist: 31.0151 train_imax: 44.8623 train_imin: -97.5569 time: 2.8493s
INFO:root:Epoch: 0750 lr: 0.001 train_loss: 579024.8750 train_distortion: 8.6741 train_mapscore: 0.7383 train_c: -1.0762 train_max_dist: 31.1113 train_imax: 43.4828 train_imin: -98.4543 time: 2.8619s
INFO:root:Epoch: 0755 lr: 0.001 train_loss: 577634.0000 train_distortion: 8.7879 train_mapscore: 0.7394 train_c: -1.0764 train_max_dist: 31.2280 train_imax: 48.5551 train_imin: -99.3065 time: 2.8337s
INFO:root:Epoch: 0760 lr: 0.001 train_loss: 575010.4375 train_distortion: 8.9146 train_mapscore: 0.7450 train_c: -1.0765 train_max_dist: 31.2383 train_imax: 47.8946 train_imin: -101.4254 time: 2.8549s
INFO:root:Epoch: 0765 lr: 0.001 train_loss: 574521.6250 train_distortion: 9.0231 train_mapscore: 0.7444 train_c: -1.0767 train_max_dist: 31.2986 train_imax: 55.2842 train_imin: -101.6823 time: 2.8334s
INFO:root:Epoch: 0770 lr: 0.001 train_loss: 572670.3750 train_distortion: 9.1435 train_mapscore: 0.7489 train_c: -1.0768 train_max_dist: 31.4458 train_imax: 47.8362 train_imin: -103.7850 time: 2.8432s
INFO:root:Epoch: 0775 lr: 0.001 train_loss: 570953.1875 train_distortion: 9.2453 train_mapscore: 0.7557 train_c: -1.0770 train_max_dist: 31.5410 train_imax: 52.2816 train_imin: -104.4760 time: 2.8358s
INFO:root:Epoch: 0780 lr: 0.001 train_loss: 570504.1250 train_distortion: 9.3608 train_mapscore: 0.7549 train_c: -1.0771 train_max_dist: 31.6121 train_imax: 50.1524 train_imin: -106.7767 time: 2.7969s
INFO:root:Epoch: 0785 lr: 0.001 train_loss: 569966.5625 train_distortion: 9.4521 train_mapscore: 0.7571 train_c: -1.0772 train_max_dist: 31.7031 train_imax: 55.5050 train_imin: -106.7169 time: 2.8330s
INFO:root:Epoch: 0790 lr: 0.001 train_loss: 569711.8125 train_distortion: 9.5591 train_mapscore: 0.7494 train_c: -1.0774 train_max_dist: 31.9419 train_imax: 46.0979 train_imin: -108.7345 time: 2.8394s
INFO:root:Epoch: 0795 lr: 0.001 train_loss: 568155.5000 train_distortion: 9.6482 train_mapscore: 0.7556 train_c: -1.0775 train_max_dist: 32.0056 train_imax: 47.4248 train_imin: -109.5500 time: 2.8304s
INFO:root:Epoch: 0800 lr: 0.001 train_loss: 568103.4375 train_distortion: 9.7461 train_mapscore: 0.7546 train_c: -1.0776 train_max_dist: 32.1680 train_imax: 42.1981 train_imin: -111.3134 time: 2.8234s
INFO:root:Epoch: 0805 lr: 0.001 train_loss: 567392.1250 train_distortion: 9.8288 train_mapscore: 0.7565 train_c: -1.0778 train_max_dist: 32.1616 train_imax: 51.3247 train_imin: -111.5505 time: 2.8349s
INFO:root:Epoch: 0810 lr: 0.001 train_loss: 564853.2500 train_distortion: 9.9176 train_mapscore: 0.7655 train_c: -1.0779 train_max_dist: 32.1680 train_imax: 53.2185 train_imin: -113.3892 time: 2.8301s
INFO:root:Epoch: 0815 lr: 0.001 train_loss: 565402.7500 train_distortion: 10.0010 train_mapscore: 0.7597 train_c: -1.0780 train_max_dist: 32.1211 train_imax: 61.1434 train_imin: -114.3171 time: 2.8375s
INFO:root:Epoch: 0820 lr: 0.001 train_loss: 565716.7500 train_distortion: 10.0887 train_mapscore: 0.7588 train_c: -1.0781 train_max_dist: 32.1562 train_imax: 63.6667 train_imin: -115.3660 time: 2.8260s
INFO:root:Epoch: 0825 lr: 0.001 train_loss: 564817.4375 train_distortion: 10.1718 train_mapscore: 0.7627 train_c: -1.0782 train_max_dist: 32.3125 train_imax: 63.7996 train_imin: -115.6619 time: 2.8285s
INFO:root:Epoch: 0830 lr: 0.001 train_loss: 564320.8750 train_distortion: 10.2568 train_mapscore: 0.7616 train_c: -1.0783 train_max_dist: 32.3555 train_imax: 62.2031 train_imin: -117.6313 time: 2.8232s
INFO:root:Epoch: 0835 lr: 0.001 train_loss: 563056.0000 train_distortion: 10.3346 train_mapscore: 0.7641 train_c: -1.0785 train_max_dist: 32.4199 train_imax: 64.5437 train_imin: -118.4177 time: 2.8034s
INFO:root:Epoch: 0840 lr: 0.001 train_loss: 675258.0625 train_distortion: 9.7825 train_mapscore: 0.6468 train_c: -1.0786 train_max_dist: 32.8933 train_imax: 33.3762 train_imin: -115.0959 time: 2.8769s
INFO:root:Epoch: 0845 lr: 0.001 train_loss: 730558.2500 train_distortion: 8.9179 train_mapscore: 0.5696 train_c: -1.0786 train_max_dist: 32.6672 train_imax: 20.5148 train_imin: -107.7241 time: 2.9259s
INFO:root:Epoch: 0850 lr: 0.001 train_loss: 844805.3125 train_distortion: 7.8330 train_mapscore: 0.4462 train_c: -1.0786 train_max_dist: 31.9277 train_imax: 23.6385 train_imin: -93.9120 time: 3.1005s
INFO:root:Epoch: 0855 lr: 0.001 train_loss: 864356.1875 train_distortion: 7.0574 train_mapscore: 0.4030 train_c: -1.0786 train_max_dist: 31.2080 train_imax: 16.1515 train_imin: -88.5287 time: 3.1550s
INFO:root:Epoch: 0860 lr: 0.001 train_loss: 850792.5000 train_distortion: 6.5741 train_mapscore: 0.3967 train_c: -1.0785 train_max_dist: 30.7053 train_imax: 13.0393 train_imin: -83.9193 time: 3.1785s
INFO:root:Epoch: 0865 lr: 0.001 train_loss: 828040.5625 train_distortion: 6.2720 train_mapscore: 0.4061 train_c: -1.0785 train_max_dist: 40.0000 train_imax: 12.9598 train_imin: -80.8109 time: 3.1556s
INFO:root:Epoch: 0870 lr: 0.001 train_loss: 872420.1875 train_distortion: 5.6991 train_mapscore: 0.3689 train_c: -1.0783 train_max_dist: 29.7549 train_imax: 23.7650 train_imin: -54.3233 time: 3.3775s
INFO:root:Epoch: 0875 lr: 0.001 train_loss: 915226.5000 train_distortion: 5.2258 train_mapscore: 0.3334 train_c: -1.0782 train_max_dist: 28.8938 train_imax: 42.6285 train_imin: -52.9937 time: 3.5888s
INFO:root:Epoch: 0880 lr: 0.001 train_loss: 928877.0000 train_distortion: 4.8898 train_mapscore: 0.3172 train_c: -1.0782 train_max_dist: 28.2578 train_imax: 45.7408 train_imin: -50.9368 time: 3.6602s
INFO:root:Epoch: 0885 lr: 0.001 train_loss: 923667.8750 train_distortion: 4.6637 train_mapscore: 0.3149 train_c: -1.0782 train_max_dist: 27.8252 train_imax: 42.5475 train_imin: -49.1882 time: 3.6233s
INFO:root:Epoch: 0890 lr: 0.001 train_loss: 918759.6875 train_distortion: 4.5474 train_mapscore: 0.3154 train_c: -1.0782 train_max_dist: 27.5918 train_imax: 37.9268 train_imin: -47.7111 time: 3.5952s
INFO:root:Epoch: 0895 lr: 0.001 train_loss: 911287.7500 train_distortion: 4.4598 train_mapscore: 0.3193 train_c: -1.0782 train_max_dist: 27.3870 train_imax: 32.7463 train_imin: -46.5138 time: 3.5957s
INFO:root:Epoch: 0900 lr: 0.001 train_loss: 901786.6250 train_distortion: 4.3719 train_mapscore: 0.3216 train_c: -1.0783 train_max_dist: 27.1854 train_imax: 28.8547 train_imin: -45.2532 time: 3.5290s
INFO:root:Epoch: 0905 lr: 0.001 train_loss: 920509.7500 train_distortion: 4.1924 train_mapscore: 0.3044 train_c: -1.0782 train_max_dist: 26.8682 train_imax: 26.7687 train_imin: -43.0752 time: 3.6159s
INFO:root:Epoch: 0910 lr: 0.001 train_loss: 932764.8750 train_distortion: 4.0310 train_mapscore: 0.2925 train_c: -1.0783 train_max_dist: 26.5977 train_imax: 25.3923 train_imin: -41.3974 time: 3.6955s
INFO:root:Epoch: 0915 lr: 0.001 train_loss: 932421.1875 train_distortion: 3.9060 train_mapscore: 0.2908 train_c: -1.0783 train_max_dist: 26.6592 train_imax: 24.1501 train_imin: -40.1473 time: 3.7156s
INFO:root:Epoch: 0920 lr: 0.001 train_loss: 925127.5000 train_distortion: 3.8123 train_mapscore: 0.2937 train_c: -1.0783 train_max_dist: 26.5996 train_imax: 23.1639 train_imin: -39.1043 time: 3.7317s
INFO:root:Epoch: 0925 lr: 0.001 train_loss: 915163.8125 train_distortion: 3.7283 train_mapscore: 0.2991 train_c: -1.0784 train_max_dist: 26.4971 train_imax: 22.4497 train_imin: -38.4425 time: 3.7170s
INFO:root:Epoch: 0930 lr: 0.001 train_loss: 905017.3125 train_distortion: 3.6632 train_mapscore: 0.3053 train_c: -1.0785 train_max_dist: 26.3940 train_imax: 21.9513 train_imin: -37.9767 time: 3.6829s
INFO:root:Epoch: 0935 lr: 0.001 train_loss: 895226.2500 train_distortion: 3.6228 train_mapscore: 0.3125 train_c: -1.0787 train_max_dist: 26.2993 train_imax: 21.6086 train_imin: -37.5840 time: 3.6841s
INFO:root:Epoch: 0940 lr: 0.001 train_loss: 886432.5000 train_distortion: 3.6018 train_mapscore: 0.3195 train_c: -1.0788 train_max_dist: 26.2236 train_imax: 21.3217 train_imin: -37.2671 time: 3.6910s
INFO:root:Epoch: 0945 lr: 0.001 train_loss: 878064.2500 train_distortion: 3.5949 train_mapscore: 0.3269 train_c: -1.0790 train_max_dist: 26.1738 train_imax: 20.9161 train_imin: -36.9974 time: 3.6426s
INFO:root:Epoch: 0950 lr: 0.001 train_loss: 870394.8750 train_distortion: 3.6021 train_mapscore: 0.3339 train_c: -1.0791 train_max_dist: 26.1514 train_imax: 20.6623 train_imin: -36.8073 time: 3.6507s
INFO:root:Epoch: 0955 lr: 0.001 train_loss: 863396.1250 train_distortion: 3.6172 train_mapscore: 0.3403 train_c: -1.0793 train_max_dist: 26.1416 train_imax: 20.5361 train_imin: -36.6398 time: 3.6325s
INFO:root:Epoch: 0960 lr: 0.001 train_loss: 857003.1250 train_distortion: 3.6388 train_mapscore: 0.3465 train_c: -1.0796 train_max_dist: 26.1392 train_imax: 20.5038 train_imin: -36.4935 time: 3.6181s
INFO:root:Epoch: 0965 lr: 0.001 train_loss: 851048.7500 train_distortion: 3.6654 train_mapscore: 0.3527 train_c: -1.0798 train_max_dist: 26.1416 train_imax: 20.5085 train_imin: -36.3731 time: 3.5843s
INFO:root:Epoch: 0970 lr: 0.001 train_loss: 845532.0625 train_distortion: 3.6962 train_mapscore: 0.3584 train_c: -1.0800 train_max_dist: 26.1489 train_imax: 20.5778 train_imin: -36.2768 time: 3.5821s
INFO:root:Epoch: 0975 lr: 0.001 train_loss: 840378.8125 train_distortion: 3.7304 train_mapscore: 0.3635 train_c: -1.0802 train_max_dist: 26.1587 train_imax: 20.6968 train_imin: -36.1922 time: 3.5502s
INFO:root:Epoch: 0980 lr: 0.001 train_loss: 835500.5000 train_distortion: 3.7665 train_mapscore: 0.3682 train_c: -1.0805 train_max_dist: 26.1758 train_imax: 20.8631 train_imin: -36.1136 time: 3.5507s
INFO:root:Epoch: 0985 lr: 0.001 train_loss: 830922.4375 train_distortion: 3.8055 train_mapscore: 0.3730 train_c: -1.0807 train_max_dist: 26.2012 train_imax: 21.0909 train_imin: -36.0652 time: 3.5211s
INFO:root:Epoch: 0990 lr: 0.001 train_loss: 826555.8750 train_distortion: 3.8468 train_mapscore: 0.3782 train_c: -1.0809 train_max_dist: 26.2515 train_imax: 21.3232 train_imin: -36.0905 time: 3.5379s
INFO:root:Epoch: 0995 lr: 0.001 train_loss: 822322.8750 train_distortion: 3.8902 train_mapscore: 0.3830 train_c: -1.0811 train_max_dist: 26.3193 train_imax: 21.4941 train_imin: -36.1556 time: 3.5300s
INFO:root:Epoch: 1000 lr: 0.001 train_loss: 818302.7500 train_distortion: 3.9353 train_mapscore: 0.3875 train_c: -1.0814 train_max_dist: 26.3730 train_imax: 21.7133 train_imin: -36.1924 time: 3.4952s
INFO:root:Epoch: 1005 lr: 0.001 train_loss: 814493.7500 train_distortion: 3.9817 train_mapscore: 0.3916 train_c: -1.0816 train_max_dist: 26.4248 train_imax: 21.8960 train_imin: -36.2225 time: 3.4895s
INFO:root:Epoch: 1010 lr: 0.001 train_loss: 810854.0000 train_distortion: 4.0290 train_mapscore: 0.3954 train_c: -1.0818 train_max_dist: 26.4727 train_imax: 22.0536 train_imin: -36.2593 time: 3.4681s
INFO:root:Epoch: 1015 lr: 0.001 train_loss: 807308.9375 train_distortion: 4.0773 train_mapscore: 0.3993 train_c: -1.0820 train_max_dist: 26.5293 train_imax: 22.1969 train_imin: -36.3119 time: 3.4582s
INFO:root:Epoch: 1020 lr: 0.001 train_loss: 803894.0000 train_distortion: 4.1265 train_mapscore: 0.4030 train_c: -1.0823 train_max_dist: 26.5908 train_imax: 22.3771 train_imin: -36.3702 time: 3.4546s
INFO:root:Epoch: 1025 lr: 0.001 train_loss: 800613.6875 train_distortion: 4.1765 train_mapscore: 0.4068 train_c: -1.0825 train_max_dist: 26.6543 train_imax: 22.5694 train_imin: -36.4471 time: 3.4641s
INFO:root:Epoch: 1030 lr: 0.001 train_loss: 797432.6250 train_distortion: 4.2272 train_mapscore: 0.4107 train_c: -1.0827 train_max_dist: 26.7236 train_imax: 22.7809 train_imin: -36.5288 time: 3.4288s
INFO:root:Epoch: 1035 lr: 0.001 train_loss: 794450.5000 train_distortion: 4.2782 train_mapscore: 0.4144 train_c: -1.0829 train_max_dist: 26.7949 train_imax: 22.9321 train_imin: -36.6142 time: 3.4339s
INFO:root:Epoch: 1040 lr: 0.001 train_loss: 791510.0625 train_distortion: 4.3293 train_mapscore: 0.4173 train_c: -1.0831 train_max_dist: 26.8848 train_imax: 23.2540 train_imin: -36.7129 time: 3.4242s
INFO:root:Epoch: 1045 lr: 0.001 train_loss: 788625.5625 train_distortion: 4.3810 train_mapscore: 0.4212 train_c: -1.0833 train_max_dist: 26.9365 train_imax: 23.3880 train_imin: -36.7402 time: 3.4076s
INFO:root:Epoch: 1050 lr: 0.001 train_loss: 785821.6250 train_distortion: 4.4329 train_mapscore: 0.4250 train_c: -1.0835 train_max_dist: 26.9907 train_imax: 23.6072 train_imin: -36.7816 time: 3.4204s
INFO:root:Epoch: 1055 lr: 0.001 train_loss: 783493.5000 train_distortion: 4.5000 train_mapscore: 0.4258 train_c: -1.0837 train_max_dist: 27.0605 train_imax: 24.2880 train_imin: -36.8994 time: 3.3758s
INFO:root:Epoch: 1060 lr: 0.001 train_loss: 789241.4375 train_distortion: 4.5539 train_mapscore: 0.4225 train_c: -1.0839 train_max_dist: 27.0693 train_imax: 20.0886 train_imin: -37.4080 time: 3.4257s
INFO:root:Epoch: 1065 lr: 0.001 train_loss: 789023.1250 train_distortion: 4.5933 train_mapscore: 0.4228 train_c: -1.0841 train_max_dist: 27.0592 train_imax: 17.4032 train_imin: -39.5433 time: 3.4542s
INFO:root:Epoch: 1070 lr: 0.001 train_loss: 787138.8750 train_distortion: 4.6323 train_mapscore: 0.4252 train_c: -1.0843 train_max_dist: 27.0597 train_imax: 16.2800 train_imin: -40.8539 time: 3.4574s
INFO:root:Epoch: 1075 lr: 0.001 train_loss: 784192.7500 train_distortion: 4.6724 train_mapscore: 0.4285 train_c: -1.0845 train_max_dist: 27.0840 train_imax: 16.0573 train_imin: -40.8901 time: 3.4291s
INFO:root:Epoch: 1080 lr: 0.001 train_loss: 780886.3750 train_distortion: 4.7136 train_mapscore: 0.4324 train_c: -1.0846 train_max_dist: 27.1309 train_imax: 16.3307 train_imin: -40.3342 time: 3.4196s
INFO:root:Epoch: 1085 lr: 0.001 train_loss: 777614.7500 train_distortion: 4.7561 train_mapscore: 0.4363 train_c: -1.0848 train_max_dist: 27.1895 train_imax: 16.8822 train_imin: -39.5816 time: 3.4026s
INFO:root:Epoch: 1090 lr: 0.001 train_loss: 774360.7500 train_distortion: 4.7993 train_mapscore: 0.4402 train_c: -1.0849 train_max_dist: 27.2477 train_imax: 17.5545 train_imin: -38.8046 time: 3.3867s
INFO:root:Epoch: 1095 lr: 0.001 train_loss: 771190.2500 train_distortion: 4.8434 train_mapscore: 0.4443 train_c: -1.0851 train_max_dist: 27.3076 train_imax: 18.3022 train_imin: -38.0437 time: 3.3782s
INFO:root:Epoch: 1100 lr: 0.001 train_loss: 768075.5000 train_distortion: 4.8892 train_mapscore: 0.4478 train_c: -1.0853 train_max_dist: 27.3750 train_imax: 19.1541 train_imin: -37.4400 time: 3.3494s
INFO:root:Epoch: 1105 lr: 0.001 train_loss: 764961.1250 train_distortion: 4.9364 train_mapscore: 0.4512 train_c: -1.0855 train_max_dist: 27.4465 train_imax: 19.9605 train_imin: -37.3890 time: 3.3149s
INFO:root:Epoch: 1110 lr: 0.001 train_loss: 762000.7500 train_distortion: 4.9852 train_mapscore: 0.4544 train_c: -1.0856 train_max_dist: 27.5186 train_imax: 20.7041 train_imin: -37.3788 time: 3.3304s
INFO:root:Epoch: 1115 lr: 0.001 train_loss: 759143.8750 train_distortion: 5.0349 train_mapscore: 0.4579 train_c: -1.0858 train_max_dist: 27.5928 train_imax: 21.2973 train_imin: -37.3777 time: 3.2991s
INFO:root:Epoch: 1120 lr: 0.001 train_loss: 756437.6250 train_distortion: 5.0859 train_mapscore: 0.4610 train_c: -1.0860 train_max_dist: 27.6641 train_imax: 21.8484 train_imin: -37.3745 time: 3.2744s
INFO:root:Epoch: 1125 lr: 0.001 train_loss: 753863.3750 train_distortion: 5.1378 train_mapscore: 0.4647 train_c: -1.0861 train_max_dist: 27.7378 train_imax: 22.3082 train_imin: -37.3990 time: 3.2552s
INFO:root:Epoch: 1130 lr: 0.001 train_loss: 751423.8750 train_distortion: 5.1905 train_mapscore: 0.4675 train_c: -1.0863 train_max_dist: 27.8145 train_imax: 22.6779 train_imin: -37.5378 time: 3.2507s
INFO:root:Epoch: 1135 lr: 0.001 train_loss: 749078.8750 train_distortion: 5.2437 train_mapscore: 0.4705 train_c: -1.0865 train_max_dist: 27.8926 train_imax: 22.9958 train_imin: -37.7107 time: 3.2460s
INFO:root:Epoch: 1140 lr: 0.001 train_loss: 746854.7500 train_distortion: 5.2970 train_mapscore: 0.4733 train_c: -1.0867 train_max_dist: 27.9646 train_imax: 23.2445 train_imin: -37.8579 time: 3.2519s
INFO:root:Epoch: 1145 lr: 0.001 train_loss: 744719.3750 train_distortion: 5.3503 train_mapscore: 0.4764 train_c: -1.0868 train_max_dist: 28.0364 train_imax: 23.4510 train_imin: -38.0536 time: 3.2292s
INFO:root:Epoch: 1150 lr: 0.001 train_loss: 742646.4375 train_distortion: 5.4034 train_mapscore: 0.4796 train_c: -1.0870 train_max_dist: 28.1064 train_imax: 23.6796 train_imin: -38.2198 time: 3.2530s
INFO:root:Epoch: 1155 lr: 0.001 train_loss: 740631.8750 train_distortion: 5.4562 train_mapscore: 0.4821 train_c: -1.0872 train_max_dist: 28.1797 train_imax: 23.9043 train_imin: -38.3998 time: 3.2131s
INFO:root:Epoch: 1160 lr: 0.001 train_loss: 738697.2500 train_distortion: 5.5089 train_mapscore: 0.4845 train_c: -1.0873 train_max_dist: 28.2507 train_imax: 24.3335 train_imin: -38.5799 time: 3.1887s
INFO:root:Epoch: 1165 lr: 0.001 train_loss: 736812.6250 train_distortion: 5.5616 train_mapscore: 0.4872 train_c: -1.0875 train_max_dist: 28.3232 train_imax: 24.5723 train_imin: -38.7617 time: 3.2332s
INFO:root:Epoch: 1170 lr: 0.001 train_loss: 734962.8125 train_distortion: 5.6141 train_mapscore: 0.4901 train_c: -1.0876 train_max_dist: 28.3965 train_imax: 24.7485 train_imin: -38.9412 time: 3.2356s
INFO:root:Epoch: 1175 lr: 0.001 train_loss: 733164.5000 train_distortion: 5.6664 train_mapscore: 0.4927 train_c: -1.0878 train_max_dist: 28.4668 train_imax: 24.8715 train_imin: -39.1162 time: 3.1955s
INFO:root:Epoch: 1180 lr: 0.001 train_loss: 731422.3125 train_distortion: 5.7184 train_mapscore: 0.4951 train_c: -1.0879 train_max_dist: 28.5420 train_imax: 24.9735 train_imin: -39.2981 time: 3.1758s
INFO:root:Epoch: 1185 lr: 0.001 train_loss: 729680.2500 train_distortion: 5.7701 train_mapscore: 0.4971 train_c: -1.0881 train_max_dist: 28.6211 train_imax: 25.0668 train_imin: -39.4807 time: 3.1553s
INFO:root:Epoch: 1190 lr: 0.001 train_loss: 727973.1250 train_distortion: 5.8217 train_mapscore: 0.4996 train_c: -1.0882 train_max_dist: 28.6948 train_imax: 25.2064 train_imin: -39.6932 time: 3.1950s
INFO:root:Epoch: 1195 lr: 0.001 train_loss: 726346.3750 train_distortion: 5.8731 train_mapscore: 0.5019 train_c: -1.0884 train_max_dist: 28.7729 train_imax: 25.3668 train_imin: -40.0469 time: 3.1864s
INFO:root:Epoch: 1200 lr: 0.001 train_loss: 724731.8750 train_distortion: 5.9240 train_mapscore: 0.5046 train_c: -1.0885 train_max_dist: 28.8470 train_imax: 25.5422 train_imin: -40.3966 time: 3.1617s
INFO:root:Epoch: 1205 lr: 0.001 train_loss: 723155.4375 train_distortion: 5.9748 train_mapscore: 0.5062 train_c: -1.0887 train_max_dist: 28.9229 train_imax: 25.7211 train_imin: -40.7518 time: 3.1797s
INFO:root:Epoch: 1210 lr: 0.001 train_loss: 721618.1875 train_distortion: 6.0254 train_mapscore: 0.5084 train_c: -1.0888 train_max_dist: 28.9971 train_imax: 25.8962 train_imin: -41.1031 time: 3.1238s
INFO:root:Epoch: 1215 lr: 0.001 train_loss: 720119.3125 train_distortion: 6.0756 train_mapscore: 0.5105 train_c: -1.0889 train_max_dist: 29.0665 train_imax: 26.0871 train_imin: -41.4577 time: 3.1640s
INFO:root:Epoch: 1220 lr: 0.001 train_loss: 718663.5000 train_distortion: 6.1254 train_mapscore: 0.5130 train_c: -1.0891 train_max_dist: 29.1392 train_imax: 26.2673 train_imin: -41.8079 time: 3.1510s
INFO:root:Epoch: 1225 lr: 0.001 train_loss: 717217.7500 train_distortion: 6.1747 train_mapscore: 0.5151 train_c: -1.0892 train_max_dist: 29.2112 train_imax: 26.4504 train_imin: -42.1504 time: 3.1445s
INFO:root:Epoch: 1230 lr: 0.001 train_loss: 715813.0000 train_distortion: 6.2236 train_mapscore: 0.5173 train_c: -1.0893 train_max_dist: 29.2838 train_imax: 26.6288 train_imin: -42.5025 time: 3.1417s
INFO:root:Epoch: 1235 lr: 0.001 train_loss: 714427.0000 train_distortion: 6.2719 train_mapscore: 0.5186 train_c: -1.0895 train_max_dist: 29.3502 train_imax: 26.7751 train_imin: -42.8503 time: 3.1553s
INFO:root:Epoch: 1240 lr: 0.001 train_loss: 713042.3750 train_distortion: 6.3199 train_mapscore: 0.5209 train_c: -1.0896 train_max_dist: 29.4180 train_imax: 26.9155 train_imin: -43.2349 time: 3.1510s
INFO:root:Epoch: 1245 lr: 0.001 train_loss: 711675.3750 train_distortion: 6.3679 train_mapscore: 0.5237 train_c: -1.0897 train_max_dist: 29.4836 train_imax: 27.0737 train_imin: -43.5832 time: 3.1356s
INFO:root:Epoch: 1250 lr: 0.001 train_loss: 710344.1250 train_distortion: 6.4154 train_mapscore: 0.5259 train_c: -1.0898 train_max_dist: 29.5508 train_imax: 27.2378 train_imin: -43.9293 time: 3.1344s
INFO:root:Epoch: 1255 lr: 0.001 train_loss: 709044.9375 train_distortion: 6.4626 train_mapscore: 0.5276 train_c: -1.0900 train_max_dist: 29.6152 train_imax: 27.3872 train_imin: -44.2863 time: 3.1521s
INFO:root:Epoch: 1260 lr: 0.001 train_loss: 707775.3750 train_distortion: 6.5094 train_mapscore: 0.5293 train_c: -1.0901 train_max_dist: 29.6816 train_imax: 27.5316 train_imin: -44.6725 time: 3.1337s
INFO:root:Epoch: 1265 lr: 0.001 train_loss: 706502.9375 train_distortion: 6.5559 train_mapscore: 0.5313 train_c: -1.0902 train_max_dist: 29.7432 train_imax: 27.6801 train_imin: -45.0212 time: 3.0859s
INFO:root:Epoch: 1270 lr: 0.001 train_loss: 705274.0000 train_distortion: 6.6017 train_mapscore: 0.5333 train_c: -1.0903 train_max_dist: 29.8030 train_imax: 27.8432 train_imin: -45.3885 time: 3.1192s
INFO:root:Epoch: 1275 lr: 0.001 train_loss: 704069.1250 train_distortion: 6.6474 train_mapscore: 0.5349 train_c: -1.0904 train_max_dist: 29.8662 train_imax: 27.9806 train_imin: -45.7614 time: 3.1440s
INFO:root:Epoch: 1280 lr: 0.001 train_loss: 702845.2500 train_distortion: 6.6927 train_mapscore: 0.5369 train_c: -1.0905 train_max_dist: 29.9277 train_imax: 28.1202 train_imin: -46.1507 time: 3.1220s
INFO:root:Epoch: 1285 lr: 0.001 train_loss: 701652.5000 train_distortion: 6.7375 train_mapscore: 0.5394 train_c: -1.0906 train_max_dist: 29.9868 train_imax: 28.2793 train_imin: -46.5096 time: 3.1188s
INFO:root:Epoch: 1290 lr: 0.001 train_loss: 700477.3750 train_distortion: 6.7822 train_mapscore: 0.5410 train_c: -1.0907 train_max_dist: 30.0488 train_imax: 28.3977 train_imin: -46.9288 time: 3.0509s
INFO:root:Epoch: 1295 lr: 0.001 train_loss: 699344.6250 train_distortion: 6.8265 train_mapscore: 0.5430 train_c: -1.0909 train_max_dist: 30.1104 train_imax: 28.5492 train_imin: -47.2882 time: 3.0972s
INFO:root:Epoch: 1300 lr: 0.001 train_loss: 698197.1250 train_distortion: 6.8706 train_mapscore: 0.5447 train_c: -1.0910 train_max_dist: 30.1641 train_imax: 28.6637 train_imin: -47.7046 time: 3.0861s
INFO:root:Epoch: 1305 lr: 0.001 train_loss: 697106.4375 train_distortion: 6.9141 train_mapscore: 0.5463 train_c: -1.0911 train_max_dist: 30.2207 train_imax: 28.8002 train_imin: -48.1009 time: 3.0806s
INFO:root:Epoch: 1310 lr: 0.001 train_loss: 695998.5000 train_distortion: 6.9577 train_mapscore: 0.5486 train_c: -1.0912 train_max_dist: 30.2783 train_imax: 28.9217 train_imin: -48.5392 time: 3.0784s
INFO:root:Epoch: 1315 lr: 0.001 train_loss: 694935.7500 train_distortion: 7.0012 train_mapscore: 0.5500 train_c: -1.0913 train_max_dist: 30.3362 train_imax: 29.0542 train_imin: -48.9586 time: 3.0817s
INFO:root:Epoch: 1320 lr: 0.001 train_loss: 693892.9375 train_distortion: 7.0448 train_mapscore: 0.5520 train_c: -1.0914 train_max_dist: 30.3975 train_imax: 29.2054 train_imin: -49.3512 time: 3.0737s
INFO:root:Epoch: 1325 lr: 0.001 train_loss: 692877.9375 train_distortion: 7.0882 train_mapscore: 0.5536 train_c: -1.0915 train_max_dist: 30.4561 train_imax: 29.3259 train_imin: -49.7733 time: 3.0736s
INFO:root:Epoch: 1330 lr: 0.001 train_loss: 691877.2500 train_distortion: 7.1313 train_mapscore: 0.5544 train_c: -1.0916 train_max_dist: 30.5051 train_imax: 29.4588 train_imin: -50.2061 time: 3.0674s
INFO:root:Epoch: 1335 lr: 0.001 train_loss: 690908.2500 train_distortion: 7.1739 train_mapscore: 0.5553 train_c: -1.0917 train_max_dist: 30.5579 train_imax: 29.5796 train_imin: -50.6410 time: 3.0780s
INFO:root:Epoch: 1340 lr: 0.001 train_loss: 689923.0000 train_distortion: 7.2163 train_mapscore: 0.5568 train_c: -1.0917 train_max_dist: 30.6123 train_imax: 29.7128 train_imin: -51.1005 time: 3.0660s
INFO:root:Epoch: 1345 lr: 0.001 train_loss: 688960.5000 train_distortion: 7.2582 train_mapscore: 0.5588 train_c: -1.0918 train_max_dist: 30.6633 train_imax: 29.8472 train_imin: -51.5190 time: 3.0558s
INFO:root:Epoch: 1350 lr: 0.001 train_loss: 688006.2500 train_distortion: 7.2994 train_mapscore: 0.5605 train_c: -1.0919 train_max_dist: 30.7188 train_imax: 29.9341 train_imin: -52.0195 time: 3.0496s
INFO:root:Epoch: 1355 lr: 0.001 train_loss: 687088.4375 train_distortion: 7.3405 train_mapscore: 0.5617 train_c: -1.0920 train_max_dist: 30.7725 train_imax: 30.0777 train_imin: -52.4315 time: 3.0688s
INFO:root:Epoch: 1360 lr: 0.001 train_loss: 686163.0000 train_distortion: 7.3812 train_mapscore: 0.5635 train_c: -1.0921 train_max_dist: 30.8232 train_imax: 30.1658 train_imin: -52.9181 time: 3.0576s
INFO:root:Epoch: 1365 lr: 0.001 train_loss: 685281.4375 train_distortion: 7.4217 train_mapscore: 0.5648 train_c: -1.0922 train_max_dist: 30.8721 train_imax: 30.2502 train_imin: -53.3755 time: 3.0481s
INFO:root:Epoch: 1370 lr: 0.001 train_loss: 684385.5625 train_distortion: 7.4617 train_mapscore: 0.5666 train_c: -1.0923 train_max_dist: 30.9248 train_imax: 30.3969 train_imin: -53.7976 time: 3.0592s
INFO:root:Epoch: 1375 lr: 0.001 train_loss: 683504.5000 train_distortion: 7.5016 train_mapscore: 0.5680 train_c: -1.0924 train_max_dist: 30.9736 train_imax: 30.4770 train_imin: -54.3271 time: 3.0357s
INFO:root:Epoch: 1380 lr: 0.001 train_loss: 682666.7500 train_distortion: 7.5413 train_mapscore: 0.5693 train_c: -1.0924 train_max_dist: 31.0208 train_imax: 30.6251 train_imin: -54.7242 time: 3.0515s
INFO:root:Epoch: 1385 lr: 0.001 train_loss: 681813.9375 train_distortion: 7.5806 train_mapscore: 0.5708 train_c: -1.0925 train_max_dist: 31.0713 train_imax: 30.7102 train_imin: -55.2599 time: 3.0595s
INFO:root:Epoch: 1390 lr: 0.001 train_loss: 681010.0625 train_distortion: 7.6194 train_mapscore: 0.5716 train_c: -1.0926 train_max_dist: 31.1162 train_imax: 30.8556 train_imin: -55.6717 time: 3.0304s
INFO:root:Epoch: 1395 lr: 0.001 train_loss: 680293.8125 train_distortion: 7.6577 train_mapscore: 0.5725 train_c: -1.0927 train_max_dist: 31.1689 train_imax: 30.9644 train_imin: -56.1675 time: 3.0366s
INFO:root:Epoch: 1400 lr: 0.001 train_loss: 679453.5000 train_distortion: 7.6960 train_mapscore: 0.5739 train_c: -1.0927 train_max_dist: 31.2168 train_imax: 31.0526 train_imin: -56.6354 time: 3.0506s
INFO:root:Epoch: 1405 lr: 0.001 train_loss: 678578.2500 train_distortion: 7.7340 train_mapscore: 0.5767 train_c: -1.0928 train_max_dist: 31.2637 train_imax: 31.1441 train_imin: -57.0753 time: 3.0295s
INFO:root:Epoch: 1410 lr: 0.001 train_loss: 677781.1875 train_distortion: 7.7714 train_mapscore: 0.5783 train_c: -1.0929 train_max_dist: 31.3154 train_imax: 31.2548 train_imin: -57.5422 time: 3.0283s
INFO:root:Epoch: 1415 lr: 0.001 train_loss: 694908.0625 train_distortion: 7.8358 train_mapscore: 0.5466 train_c: -1.0930 train_max_dist: 31.4023 train_imax: 37.6705 train_imin: -58.1623 time: 3.0884s
INFO:root:Epoch: 1420 lr: 0.001 train_loss: 706338.6250 train_distortion: 7.8519 train_mapscore: 0.5313 train_c: -1.0930 train_max_dist: 31.7835 train_imax: 34.3963 train_imin: -59.2190 time: 3.0857s
INFO:root:Epoch: 1425 lr: 0.001 train_loss: 707528.1875 train_distortion: 7.8359 train_mapscore: 0.5279 train_c: -1.0930 train_max_dist: 31.5488 train_imax: 31.3505 train_imin: -59.9478 time: 3.0881s
INFO:root:Epoch: 1430 lr: 0.001 train_loss: 704666.8125 train_distortion: 7.8042 train_mapscore: 0.5307 train_c: -1.0930 train_max_dist: 31.5046 train_imax: 30.1556 train_imin: -60.0000 time: 3.0901s
INFO:root:Epoch: 1435 lr: 0.001 train_loss: 700553.0625 train_distortion: 7.7693 train_mapscore: 0.5352 train_c: -1.0930 train_max_dist: 31.4873 train_imax: 30.1383 train_imin: -60.0234 time: 3.0765s
INFO:root:Epoch: 1440 lr: 0.001 train_loss: 712056.3125 train_distortion: 7.6770 train_mapscore: 0.5258 train_c: -1.0931 train_max_dist: 31.3408 train_imax: 23.8224 train_imin: -77.5393 time: 3.1485s
INFO:root:Epoch: 1445 lr: 0.001 train_loss: 717148.1250 train_distortion: 7.5810 train_mapscore: 0.5216 train_c: -1.0931 train_max_dist: 31.1770 train_imax: 21.9032 train_imin: -84.2447 time: 3.2464s
INFO:root:Epoch: 1450 lr: 0.001 train_loss: 716231.0625 train_distortion: 7.5056 train_mapscore: 0.5223 train_c: -1.0931 train_max_dist: 31.0693 train_imax: 20.1405 train_imin: -86.0565 time: 3.2867s
INFO:root:Epoch: 1455 lr: 0.001 train_loss: 713363.1875 train_distortion: 7.4501 train_mapscore: 0.5269 train_c: -1.0931 train_max_dist: 30.9502 train_imax: 19.0589 train_imin: -86.5446 time: 3.2811s
INFO:root:Epoch: 1460 lr: 0.001 train_loss: 709953.3125 train_distortion: 7.4122 train_mapscore: 0.5314 train_c: -1.0931 train_max_dist: 30.8926 train_imax: 18.6755 train_imin: -86.8375 time: 3.2797s
INFO:root:Epoch: 1465 lr: 0.001 train_loss: 706470.6250 train_distortion: 7.3893 train_mapscore: 0.5369 train_c: -1.0931 train_max_dist: 30.8694 train_imax: 18.4235 train_imin: -86.8926 time: 3.2719s
INFO:root:Epoch: 1470 lr: 0.001 train_loss: 703143.3750 train_distortion: 7.3810 train_mapscore: 0.5418 train_c: -1.0931 train_max_dist: 30.8474 train_imax: 18.2544 train_imin: -86.8672 time: 3.2498s
INFO:root:Epoch: 1475 lr: 0.001 train_loss: 700183.5000 train_distortion: 7.3853 train_mapscore: 0.5463 train_c: -1.0932 train_max_dist: 30.8525 train_imax: 18.1828 train_imin: -86.8560 time: 3.2564s
INFO:root:Epoch: 1480 lr: 0.001 train_loss: 697468.3125 train_distortion: 7.4004 train_mapscore: 0.5502 train_c: -1.0932 train_max_dist: 30.8604 train_imax: 18.1652 train_imin: -86.8968 time: 3.2410s
INFO:root:Epoch: 1485 lr: 0.001 train_loss: 694956.2500 train_distortion: 7.4241 train_mapscore: 0.5542 train_c: -1.0933 train_max_dist: 30.8936 train_imax: 18.3440 train_imin: -86.9402 time: 3.2114s
INFO:root:Epoch: 1490 lr: 0.001 train_loss: 695039.5000 train_distortion: 7.4510 train_mapscore: 0.5493 train_c: -1.0933 train_max_dist: 30.9238 train_imax: 18.5087 train_imin: -87.1920 time: 3.1842s
INFO:root:Epoch: 1495 lr: 0.001 train_loss: 692294.5625 train_distortion: 7.4807 train_mapscore: 0.5540 train_c: -1.0934 train_max_dist: 30.9629 train_imax: 18.7274 train_imin: -86.9646 time: 3.1679s
INFO:root:Epoch: 1500 lr: 0.001 train_loss: 690206.3750 train_distortion: 7.5157 train_mapscore: 0.5573 train_c: -1.0934 train_max_dist: 31.0049 train_imax: 18.8858 train_imin: -86.8301 time: 3.1660s
INFO:root:Epoch: 1505 lr: 0.001 train_loss: 687427.7500 train_distortion: 7.5537 train_mapscore: 0.5617 train_c: -1.0935 train_max_dist: 31.0518 train_imax: 18.9912 train_imin: -86.6793 time: 3.1233s
INFO:root:Epoch: 1510 lr: 0.001 train_loss: 685235.3750 train_distortion: 7.5950 train_mapscore: 0.5637 train_c: -1.0936 train_max_dist: 31.0996 train_imax: 19.1449 train_imin: -86.4192 time: 3.1044s
INFO:root:Epoch: 1515 lr: 0.001 train_loss: 684046.3750 train_distortion: 7.6262 train_mapscore: 0.5662 train_c: -1.0936 train_max_dist: 31.1116 train_imax: 19.3746 train_imin: -87.2265 time: 3.1148s
INFO:root:Epoch: 1520 lr: 0.001 train_loss: 682770.2500 train_distortion: 7.6624 train_mapscore: 0.5695 train_c: -1.0937 train_max_dist: 31.1426 train_imax: 19.7656 train_imin: -87.7547 time: 3.0999s
INFO:root:Epoch: 1525 lr: 0.001 train_loss: 680932.5000 train_distortion: 7.7052 train_mapscore: 0.5713 train_c: -1.0938 train_max_dist: 31.1829 train_imax: 19.9860 train_imin: -87.8745 time: 3.0606s
INFO:root:Epoch: 1530 lr: 0.001 train_loss: 678656.7500 train_distortion: 7.7513 train_mapscore: 0.5740 train_c: -1.0938 train_max_dist: 31.2373 train_imax: 19.8210 train_imin: -87.6456 time: 3.0412s
INFO:root:Epoch: 1535 lr: 0.001 train_loss: 676126.5625 train_distortion: 7.7998 train_mapscore: 0.5766 train_c: -1.0939 train_max_dist: 31.2886 train_imax: 19.9083 train_imin: -87.1188 time: 3.0481s
INFO:root:Epoch: 1540 lr: 0.001 train_loss: 673387.1875 train_distortion: 7.8503 train_mapscore: 0.5805 train_c: -1.0940 train_max_dist: 31.3486 train_imax: 20.9986 train_imin: -86.2937 time: 2.9856s
INFO:root:Epoch: 1545 lr: 0.001 train_loss: 670698.1875 train_distortion: 7.9033 train_mapscore: 0.5836 train_c: -1.0941 train_max_dist: 31.4114 train_imax: 23.0388 train_imin: -85.2830 time: 3.0154s
INFO:root:Epoch: 1550 lr: 0.001 train_loss: 668510.2500 train_distortion: 7.9593 train_mapscore: 0.5863 train_c: -1.0942 train_max_dist: 31.4766 train_imax: 24.7015 train_imin: -84.2921 time: 3.0158s
INFO:root:Epoch: 1555 lr: 0.001 train_loss: 666943.4375 train_distortion: 8.0179 train_mapscore: 0.5893 train_c: -1.0943 train_max_dist: 31.5361 train_imax: 25.5241 train_imin: -83.9407 time: 3.0081s
INFO:root:Epoch: 1560 lr: 0.001 train_loss: 665831.0000 train_distortion: 8.0685 train_mapscore: 0.5895 train_c: -1.0944 train_max_dist: 31.5801 train_imax: 25.7514 train_imin: -84.1598 time: 3.0124s
INFO:root:Epoch: 1565 lr: 0.001 train_loss: 665509.7500 train_distortion: 8.1104 train_mapscore: 0.5894 train_c: -1.0945 train_max_dist: 31.6157 train_imax: 26.0039 train_imin: -84.2854 time: 2.9958s
INFO:root:Epoch: 1570 lr: 0.001 train_loss: 664599.0000 train_distortion: 8.1588 train_mapscore: 0.5907 train_c: -1.0946 train_max_dist: 31.6631 train_imax: 26.4141 train_imin: -84.2496 time: 2.9921s
INFO:root:Epoch: 1575 lr: 0.001 train_loss: 663466.5625 train_distortion: 8.2103 train_mapscore: 0.5934 train_c: -1.0947 train_max_dist: 31.7212 train_imax: 26.8498 train_imin: -84.2044 time: 2.9973s
INFO:root:Epoch: 1580 lr: 0.001 train_loss: 662253.6875 train_distortion: 8.2636 train_mapscore: 0.5958 train_c: -1.0948 train_max_dist: 31.7861 train_imax: 27.1915 train_imin: -84.2784 time: 2.9696s
INFO:root:Epoch: 1585 lr: 0.001 train_loss: 661148.4375 train_distortion: 8.3166 train_mapscore: 0.5976 train_c: -1.0949 train_max_dist: 31.8435 train_imax: 27.5191 train_imin: -84.4098 time: 2.9902s
INFO:root:Epoch: 1590 lr: 0.001 train_loss: 660033.1250 train_distortion: 8.3705 train_mapscore: 0.6000 train_c: -1.0949 train_max_dist: 31.9014 train_imax: 27.7072 train_imin: -84.5696 time: 2.9939s
INFO:root:Epoch: 1595 lr: 0.001 train_loss: 659013.3125 train_distortion: 8.4249 train_mapscore: 0.6025 train_c: -1.0950 train_max_dist: 31.9629 train_imax: 27.8768 train_imin: -84.7883 time: 2.9884s
INFO:root:Epoch: 1600 lr: 0.001 train_loss: 658922.1875 train_distortion: 8.4770 train_mapscore: 0.6026 train_c: -1.0951 train_max_dist: 32.0193 train_imax: 27.2713 train_imin: -85.0724 time: 2.9769s
INFO:root:Epoch: 1605 lr: 0.001 train_loss: 657863.7500 train_distortion: 8.5249 train_mapscore: 0.6046 train_c: -1.0952 train_max_dist: 32.0762 train_imax: 28.0920 train_imin: -84.1194 time: 2.9423s
INFO:root:Epoch: 1610 lr: 0.001 train_loss: 657049.5000 train_distortion: 8.5732 train_mapscore: 0.6057 train_c: -1.0953 train_max_dist: 32.1379 train_imax: 28.6540 train_imin: -83.6921 time: 2.9696s
INFO:root:Epoch: 1615 lr: 0.001 train_loss: 656115.2500 train_distortion: 8.6221 train_mapscore: 0.6080 train_c: -1.0954 train_max_dist: 32.1953 train_imax: 28.3470 train_imin: -84.2587 time: 2.9698s
INFO:root:Epoch: 1620 lr: 0.001 train_loss: 655186.5000 train_distortion: 8.6695 train_mapscore: 0.6099 train_c: -1.0954 train_max_dist: 32.2490 train_imax: 28.8115 train_imin: -84.2297 time: 2.9820s
INFO:root:Epoch: 1625 lr: 0.001 train_loss: 654337.8750 train_distortion: 8.7177 train_mapscore: 0.6110 train_c: -1.0955 train_max_dist: 32.3020 train_imax: 28.9630 train_imin: -84.6141 time: 2.9821s
INFO:root:Epoch: 1630 lr: 0.001 train_loss: 653517.2500 train_distortion: 8.7655 train_mapscore: 0.6132 train_c: -1.0956 train_max_dist: 32.3574 train_imax: 29.2419 train_imin: -84.8801 time: 2.9345s
INFO:root:Epoch: 1635 lr: 0.001 train_loss: 652726.5000 train_distortion: 8.8130 train_mapscore: 0.6150 train_c: -1.0956 train_max_dist: 32.4102 train_imax: 29.3841 train_imin: -85.2834 time: 2.9704s
INFO:root:Epoch: 1640 lr: 0.001 train_loss: 651988.3125 train_distortion: 8.8598 train_mapscore: 0.6165 train_c: -1.0957 train_max_dist: 32.4609 train_imax: 29.5332 train_imin: -85.6378 time: 2.9789s
INFO:root:Epoch: 1645 lr: 0.001 train_loss: 651291.3125 train_distortion: 8.9055 train_mapscore: 0.6173 train_c: -1.0958 train_max_dist: 32.5195 train_imax: 29.6956 train_imin: -85.9962 time: 2.9681s
INFO:root:Epoch: 1650 lr: 0.001 train_loss: 650694.1250 train_distortion: 8.9514 train_mapscore: 0.6181 train_c: -1.0958 train_max_dist: 32.5703 train_imax: 29.8083 train_imin: -86.3798 time: 2.9619s
INFO:root:Epoch: 1655 lr: 0.001 train_loss: 650261.1250 train_distortion: 8.9977 train_mapscore: 0.6188 train_c: -1.0959 train_max_dist: 32.6174 train_imax: 29.9455 train_imin: -86.8089 time: 2.9551s
INFO:root:Epoch: 1660 lr: 0.001 train_loss: 649400.7500 train_distortion: 9.0420 train_mapscore: 0.6207 train_c: -1.0959 train_max_dist: 32.6646 train_imax: 30.0484 train_imin: -87.1827 time: 2.9534s
INFO:root:Epoch: 1665 lr: 0.001 train_loss: 648820.8125 train_distortion: 9.0846 train_mapscore: 0.6216 train_c: -1.0960 train_max_dist: 32.7126 train_imax: 30.2496 train_imin: -87.5552 time: 2.9524s
INFO:root:Epoch: 1670 lr: 0.001 train_loss: 648129.9375 train_distortion: 9.1257 train_mapscore: 0.6227 train_c: -1.0960 train_max_dist: 32.7656 train_imax: 30.4354 train_imin: -87.9263 time: 2.9773s
INFO:root:Epoch: 1675 lr: 0.001 train_loss: 647523.4375 train_distortion: 9.1663 train_mapscore: 0.6241 train_c: -1.0961 train_max_dist: 32.8105 train_imax: 30.5522 train_imin: -88.2606 time: 2.9547s
INFO:root:Epoch: 1680 lr: 0.001 train_loss: 646900.1875 train_distortion: 9.2068 train_mapscore: 0.6250 train_c: -1.0961 train_max_dist: 32.8545 train_imax: 30.7027 train_imin: -88.5867 time: 2.9622s
INFO:root:Epoch: 1685 lr: 0.001 train_loss: 646305.6250 train_distortion: 9.2466 train_mapscore: 0.6263 train_c: -1.0961 train_max_dist: 32.9023 train_imax: 30.8242 train_imin: -88.9300 time: 2.9529s
INFO:root:Epoch: 1690 lr: 0.001 train_loss: 645775.6250 train_distortion: 9.2856 train_mapscore: 0.6276 train_c: -1.0962 train_max_dist: 32.9414 train_imax: 30.9208 train_imin: -89.3146 time: 2.9612s
INFO:root:Epoch: 1695 lr: 0.001 train_loss: 645196.0000 train_distortion: 9.3239 train_mapscore: 0.6281 train_c: -1.0962 train_max_dist: 32.9810 train_imax: 31.1057 train_imin: -89.6105 time: 2.9606s
INFO:root:Epoch: 1700 lr: 0.001 train_loss: 644654.9375 train_distortion: 9.3616 train_mapscore: 0.6295 train_c: -1.0962 train_max_dist: 33.0242 train_imax: 31.2067 train_imin: -90.0444 time: 2.9563s
INFO:root:Epoch: 1705 lr: 0.001 train_loss: 644046.2500 train_distortion: 9.3988 train_mapscore: 0.6305 train_c: -1.0963 train_max_dist: 33.0703 train_imax: 31.3271 train_imin: -90.3673 time: 2.9428s
INFO:root:Epoch: 1710 lr: 0.001 train_loss: 643545.6875 train_distortion: 9.4356 train_mapscore: 0.6310 train_c: -1.0963 train_max_dist: 33.1177 train_imax: 31.4468 train_imin: -90.7829 time: 2.9595s
INFO:root:Epoch: 1715 lr: 0.001 train_loss: 643030.9375 train_distortion: 9.4717 train_mapscore: 0.6316 train_c: -1.0963 train_max_dist: 33.1575 train_imax: 31.5149 train_imin: -91.1173 time: 2.9660s
INFO:root:Epoch: 1720 lr: 0.001 train_loss: 642504.0000 train_distortion: 9.5075 train_mapscore: 0.6335 train_c: -1.0964 train_max_dist: 33.1895 train_imax: 31.6870 train_imin: -91.3924 time: 2.9549s
INFO:root:Epoch: 1725 lr: 0.001 train_loss: 641992.0000 train_distortion: 9.5428 train_mapscore: 0.6340 train_c: -1.0964 train_max_dist: 33.2229 train_imax: 31.7563 train_imin: -91.7927 time: 2.9460s
INFO:root:Epoch: 1730 lr: 0.001 train_loss: 641586.9375 train_distortion: 9.5777 train_mapscore: 0.6346 train_c: -1.0964 train_max_dist: 33.2656 train_imax: 31.8642 train_imin: -92.1450 time: 2.9657s
INFO:root:Epoch: 1735 lr: 0.001 train_loss: 641067.2500 train_distortion: 9.6119 train_mapscore: 0.6352 train_c: -1.0964 train_max_dist: 33.2993 train_imax: 31.9763 train_imin: -92.4735 time: 2.9520s
INFO:root:Epoch: 1740 lr: 0.001 train_loss: 640608.8750 train_distortion: 9.6453 train_mapscore: 0.6361 train_c: -1.0965 train_max_dist: 33.3418 train_imax: 32.1282 train_imin: -92.7974 time: 2.9473s
INFO:root:Epoch: 1745 lr: 0.001 train_loss: 640084.8750 train_distortion: 9.6786 train_mapscore: 0.6374 train_c: -1.0965 train_max_dist: 33.3730 train_imax: 32.1930 train_imin: -93.1857 time: 2.9336s
INFO:root:Epoch: 1750 lr: 0.001 train_loss: 639664.0000 train_distortion: 9.7114 train_mapscore: 0.6380 train_c: -1.0965 train_max_dist: 33.4150 train_imax: 32.3266 train_imin: -93.5195 time: 2.9374s
INFO:root:Epoch: 1755 lr: 0.001 train_loss: 639934.0625 train_distortion: 9.7324 train_mapscore: 0.6378 train_c: -1.0965 train_max_dist: 33.4238 train_imax: 32.2967 train_imin: -93.7296 time: 2.9591s
INFO:root:Epoch: 1760 lr: 0.001 train_loss: 639739.3125 train_distortion: 9.7532 train_mapscore: 0.6379 train_c: -1.0966 train_max_dist: 33.4434 train_imax: 32.5081 train_imin: -93.9608 time: 2.9489s
INFO:root:Epoch: 1765 lr: 0.001 train_loss: 639227.3125 train_distortion: 9.7764 train_mapscore: 0.6392 train_c: -1.0966 train_max_dist: 33.4727 train_imax: 32.6119 train_imin: -94.3049 time: 2.9505s
INFO:root:Epoch: 1770 lr: 0.001 train_loss: 638643.5000 train_distortion: 9.8012 train_mapscore: 0.6408 train_c: -1.0966 train_max_dist: 33.4985 train_imax: 32.8127 train_imin: -94.5590 time: 2.8978s
INFO:root:Epoch: 1775 lr: 0.001 train_loss: 638081.8750 train_distortion: 9.8278 train_mapscore: 0.6425 train_c: -1.0966 train_max_dist: 33.5273 train_imax: 32.8243 train_imin: -94.9551 time: 2.9386s
INFO:root:Epoch: 1780 lr: 0.001 train_loss: 637529.4375 train_distortion: 9.8557 train_mapscore: 0.6435 train_c: -1.0966 train_max_dist: 33.5625 train_imax: 32.8706 train_imin: -95.1909 time: 2.9557s
INFO:root:Epoch: 1785 lr: 0.001 train_loss: 637023.6875 train_distortion: 9.8850 train_mapscore: 0.6446 train_c: -1.0966 train_max_dist: 33.5969 train_imax: 32.9244 train_imin: -95.5524 time: 2.9447s
INFO:root:Epoch: 1790 lr: 0.001 train_loss: 636885.5625 train_distortion: 9.9167 train_mapscore: 0.6432 train_c: -1.0966 train_max_dist: 33.6309 train_imax: 32.9683 train_imin: -95.8687 time: 2.9487s
INFO:root:Epoch: 1795 lr: 0.001 train_loss: 637428.1875 train_distortion: 9.9513 train_mapscore: 0.6410 train_c: -1.0967 train_max_dist: 33.6755 train_imax: 33.1436 train_imin: -96.0875 time: 2.9020s
INFO:root:Epoch: 1800 lr: 0.001 train_loss: 637054.0000 train_distortion: 9.9818 train_mapscore: 0.6414 train_c: -1.0967 train_max_dist: 33.7109 train_imax: 33.1524 train_imin: -96.4737 time: 2.9415s
INFO:root:Epoch: 1805 lr: 0.001 train_loss: 636397.7500 train_distortion: 10.0104 train_mapscore: 0.6436 train_c: -1.0967 train_max_dist: 33.7368 train_imax: 33.2610 train_imin: -96.7617 time: 2.9421s
INFO:root:Epoch: 1810 lr: 0.001 train_loss: 635713.3750 train_distortion: 10.0382 train_mapscore: 0.6451 train_c: -1.0967 train_max_dist: 33.7620 train_imax: 33.3247 train_imin: -97.0341 time: 2.9234s
INFO:root:Epoch: 1815 lr: 0.001 train_loss: 635135.3125 train_distortion: 10.0655 train_mapscore: 0.6457 train_c: -1.0967 train_max_dist: 33.7949 train_imax: 33.3432 train_imin: -97.4214 time: 2.9313s
INFO:root:Epoch: 1820 lr: 0.001 train_loss: 634599.2500 train_distortion: 10.0915 train_mapscore: 0.6470 train_c: -1.0967 train_max_dist: 33.8169 train_imax: 33.5201 train_imin: -97.7240 time: 2.9103s
INFO:root:Epoch: 1825 lr: 0.001 train_loss: 634054.8750 train_distortion: 10.1179 train_mapscore: 0.6477 train_c: -1.0967 train_max_dist: 33.8445 train_imax: 33.5182 train_imin: -98.0645 time: 2.9283s
INFO:root:Epoch: 1830 lr: 0.001 train_loss: 633588.5625 train_distortion: 10.1441 train_mapscore: 0.6490 train_c: -1.0967 train_max_dist: 33.8770 train_imax: 33.6625 train_imin: -98.3553 time: 2.9220s
INFO:root:Epoch: 1835 lr: 0.001 train_loss: 633226.5625 train_distortion: 10.1711 train_mapscore: 0.6483 train_c: -1.0967 train_max_dist: 33.9160 train_imax: 33.7421 train_imin: -98.6627 time: 2.9170s
INFO:root:Epoch: 1840 lr: 0.001 train_loss: 632789.8125 train_distortion: 10.1983 train_mapscore: 0.6497 train_c: -1.0967 train_max_dist: 33.9309 train_imax: 33.7931 train_imin: -98.9507 time: 2.9385s
INFO:root:Epoch: 1845 lr: 0.001 train_loss: 632241.4375 train_distortion: 10.2262 train_mapscore: 0.6511 train_c: -1.0967 train_max_dist: 33.9722 train_imax: 33.8657 train_imin: -99.3008 time: 2.9215s
INFO:root:Epoch: 1850 lr: 0.001 train_loss: 639713.8750 train_distortion: 10.2364 train_mapscore: 0.6390 train_c: -1.0967 train_max_dist: 33.9805 train_imax: 30.3632 train_imin: -102.1707 time: 2.9346s
INFO:root:Epoch: 1855 lr: 0.001 train_loss: 643230.8125 train_distortion: 10.2199 train_mapscore: 0.6338 train_c: -1.0967 train_max_dist: 33.9692 train_imax: 29.2189 train_imin: -102.4051 time: 2.9410s
INFO:root:Epoch: 1860 lr: 0.001 train_loss: 640164.5625 train_distortion: 10.1972 train_mapscore: 0.6366 train_c: -1.0966 train_max_dist: 33.9609 train_imax: 31.2649 train_imin: -100.0059 time: 2.9362s
INFO:root:Epoch: 1865 lr: 0.001 train_loss: 637775.5625 train_distortion: 10.1822 train_mapscore: 0.6412 train_c: -1.0966 train_max_dist: 33.9524 train_imax: 34.2720 train_imin: -96.5604 time: 2.9380s
INFO:root:Epoch: 1870 lr: 0.001 train_loss: 635849.8125 train_distortion: 10.1833 train_mapscore: 0.6438 train_c: -1.0966 train_max_dist: 33.9475 train_imax: 32.5518 train_imin: -97.8244 time: 2.9198s
INFO:root:Epoch: 1875 lr: 0.001 train_loss: 634617.1250 train_distortion: 10.1890 train_mapscore: 0.6461 train_c: -1.0966 train_max_dist: 33.9570 train_imax: 32.2075 train_imin: -98.2156 time: 2.9185s
INFO:root:Epoch: 1880 lr: 0.001 train_loss: 633375.5000 train_distortion: 10.2011 train_mapscore: 0.6485 train_c: -1.0966 train_max_dist: 33.9717 train_imax: 33.7052 train_imin: -97.1003 time: 2.9184s
INFO:root:Epoch: 1885 lr: 0.001 train_loss: 632374.5000 train_distortion: 10.2242 train_mapscore: 0.6511 train_c: -1.0966 train_max_dist: 33.9863 train_imax: 32.9445 train_imin: -98.1541 time: 2.9126s
INFO:root:Epoch: 1890 lr: 0.001 train_loss: 631438.5000 train_distortion: 10.2467 train_mapscore: 0.6532 train_c: -1.0966 train_max_dist: 34.0063 train_imax: 33.6140 train_imin: -97.7192 time: 2.9338s
INFO:root:Epoch: 1895 lr: 0.001 train_loss: 630651.6250 train_distortion: 10.2759 train_mapscore: 0.6543 train_c: -1.0966 train_max_dist: 34.0352 train_imax: 33.1828 train_imin: -98.4710 time: 2.8802s
INFO:root:Epoch: 1900 lr: 0.001 train_loss: 629812.6250 train_distortion: 10.3079 train_mapscore: 0.6569 train_c: -1.0966 train_max_dist: 34.0562 train_imax: 33.5123 train_imin: -98.6546 time: 2.9183s
INFO:root:Epoch: 1905 lr: 0.001 train_loss: 629210.2500 train_distortion: 10.3426 train_mapscore: 0.6582 train_c: -1.0966 train_max_dist: 34.0823 train_imax: 33.6917 train_imin: -98.9810 time: 2.9353s
INFO:root:Epoch: 1910 lr: 0.001 train_loss: 628645.6875 train_distortion: 10.3787 train_mapscore: 0.6594 train_c: -1.0966 train_max_dist: 34.1165 train_imax: 33.6780 train_imin: -99.4135 time: 2.9166s
INFO:root:Epoch: 1915 lr: 0.001 train_loss: 628123.1250 train_distortion: 10.4152 train_mapscore: 0.6607 train_c: -1.0966 train_max_dist: 34.1562 train_imax: 33.7991 train_imin: -99.7380 time: 2.9370s
INFO:root:Epoch: 1920 lr: 0.001 train_loss: 627628.8750 train_distortion: 10.4525 train_mapscore: 0.6619 train_c: -1.0966 train_max_dist: 34.1897 train_imax: 33.8809 train_imin: -100.1079 time: 2.8805s
INFO:root:Epoch: 1925 lr: 0.001 train_loss: 627193.1250 train_distortion: 10.4891 train_mapscore: 0.6628 train_c: -1.0967 train_max_dist: 34.2227 train_imax: 33.9497 train_imin: -100.4779 time: 2.9145s
INFO:root:Epoch: 1930 lr: 0.001 train_loss: 626761.1250 train_distortion: 10.5260 train_mapscore: 0.6638 train_c: -1.0967 train_max_dist: 34.2610 train_imax: 33.9908 train_imin: -100.8632 time: 2.9136s
INFO:root:Epoch: 1935 lr: 0.001 train_loss: 626450.5000 train_distortion: 10.5621 train_mapscore: 0.6636 train_c: -1.0967 train_max_dist: 34.2751 train_imax: 34.1186 train_imin: -101.1964 time: 2.9256s
INFO:root:Epoch: 1940 lr: 0.001 train_loss: 625972.3125 train_distortion: 10.5973 train_mapscore: 0.6650 train_c: -1.0967 train_max_dist: 34.3342 train_imax: 34.1548 train_imin: -101.6318 time: 2.9114s
INFO:root:Epoch: 1945 lr: 0.001 train_loss: 625688.7500 train_distortion: 10.6323 train_mapscore: 0.6649 train_c: -1.0967 train_max_dist: 34.3479 train_imax: 34.2154 train_imin: -102.0895 time: 2.8662s
INFO:root:Epoch: 1950 lr: 0.001 train_loss: 625288.9375 train_distortion: 10.6650 train_mapscore: 0.6659 train_c: -1.0967 train_max_dist: 34.3992 train_imax: 34.3276 train_imin: -102.3602 time: 2.9129s
INFO:root:Epoch: 1955 lr: 0.001 train_loss: 624968.6250 train_distortion: 10.6976 train_mapscore: 0.6664 train_c: -1.0967 train_max_dist: 34.4326 train_imax: 34.2473 train_imin: -102.7733 time: 2.9340s
INFO:root:Epoch: 1960 lr: 0.001 train_loss: 624653.9375 train_distortion: 10.7294 train_mapscore: 0.6670 train_c: -1.0967 train_max_dist: 34.4373 train_imax: 34.3297 train_imin: -103.1462 time: 2.9192s
INFO:root:Epoch: 1965 lr: 0.001 train_loss: 624259.3750 train_distortion: 10.7601 train_mapscore: 0.6686 train_c: -1.0966 train_max_dist: 34.4741 train_imax: 34.4282 train_imin: -103.4832 time: 2.9125s
INFO:root:Epoch: 1970 lr: 0.001 train_loss: 624042.1250 train_distortion: 10.7907 train_mapscore: 0.6682 train_c: -1.0966 train_max_dist: 34.4922 train_imax: 34.4444 train_imin: -103.8547 time: 2.9101s
INFO:root:Epoch: 1975 lr: 0.001 train_loss: 624027.0625 train_distortion: 10.8210 train_mapscore: 0.6671 train_c: -1.0966 train_max_dist: 34.5129 train_imax: 34.5052 train_imin: -104.2122 time: 2.9086s
INFO:root:Epoch: 1980 lr: 0.001 train_loss: 623485.1250 train_distortion: 10.8507 train_mapscore: 0.6690 train_c: -1.0966 train_max_dist: 34.5574 train_imax: 34.5956 train_imin: -104.5157 time: 2.9178s
INFO:root:Epoch: 1985 lr: 0.001 train_loss: 623028.8750 train_distortion: 10.8791 train_mapscore: 0.6711 train_c: -1.0966 train_max_dist: 34.5781 train_imax: 34.5894 train_imin: -104.8532 time: 2.9310s
INFO:root:Epoch: 1990 lr: 0.001 train_loss: 622596.0625 train_distortion: 10.9068 train_mapscore: 0.6725 train_c: -1.0966 train_max_dist: 34.6104 train_imax: 34.6693 train_imin: -105.1664 time: 2.9105s
INFO:root:Epoch: 1995 lr: 0.001 train_loss: 622639.8750 train_distortion: 10.9354 train_mapscore: 0.6701 train_c: -1.0966 train_max_dist: 34.6338 train_imax: 34.7397 train_imin: -105.4483 time: 2.9069s
INFO:root:Epoch: 2000 lr: 0.00025 train_loss: 622552.4375 train_distortion: 10.9640 train_mapscore: 0.6701 train_c: -1.0966 train_max_dist: 34.6660 train_imax: 34.7700 train_imin: -105.8734 time: 2.9016s
INFO:root:Optimization Finished!
INFO:root:Total time elapsed: 6303.3588s
INFO:root:Val set results: val_distortion: 1.0000 val_mapscore: -1.0000 val_c: -1.0000 val_max_dist: 0.0000
INFO:root:Test set results: test_loss: 622417.1250 test_distortion: 10.9693 test_mapscore: 0.6706 test_c: -1.0965 test_max_dist: 34.6733 test_imax: 34.8756 test_imin: -105.8529
INFO:root:Saved model in /workspace/xiongbo/hgcn/logs/md/2021_5_2/0
