INFO:root:Using: cuda:0
INFO:root:Using seed 1234.
INFO:root:MDModel(
  (encoder): HGCN(
    (layers): Sequential(
      (0): HyperbolicGraphConvolution(
        (linear): HypLinear(
          in_features=4942, out_features=10, c=Parameter containing:
          tensor([-1.], requires_grad=True)
        )
        (agg): HypAgg(
          c=Parameter containing:
          tensor([-1.], requires_grad=True)
        )
        (hyp_act): HypAct(
          c_in=Parameter containing:
          tensor([-1.], requires_grad=True), c_out=Parameter containing:
          tensor([-1.], requires_grad=True)
        )
      )
    )
  )
  (decoder): MDDecoder()
)
INFO:root:Total number of parameters: 49432
/workspace/anaconda3/envs/geo/lib/python3.7/site-packages/torch/optim/lr_scheduler.py:370: UserWarning: To get the last learning rate computed by the scheduler, please use `get_last_lr()`.
  "please use `get_last_lr()`.", UserWarning)
INFO:root:Epoch: 0005 lr: 0.001 train_loss: 110608.8672 train_distortion: 0.9694 train_mapscore: 0.0086 train_c: -1.0004 train_max_dist: 1.7384 train_imax: -0.0000 train_imin: -1.3829 time: 5.0229s
INFO:root:Epoch: 0010 lr: 0.001 train_loss: 109773.4531 train_distortion: 0.9657 train_mapscore: 0.0139 train_c: -1.0009 train_max_dist: 1.8773 train_imax: -0.0000 train_imin: -1.3898 time: 4.3916s
INFO:root:Epoch: 0015 lr: 0.001 train_loss: 109168.6250 train_distortion: 0.9620 train_mapscore: 0.0207 train_c: -1.0014 train_max_dist: 2.0045 train_imax: -0.0000 train_imin: -1.3872 time: 4.0031s
INFO:root:Epoch: 0020 lr: 0.001 train_loss: 108668.4297 train_distortion: 0.9586 train_mapscore: 0.0307 train_c: -1.0020 train_max_dist: 2.1583 train_imax: -0.0000 train_imin: -1.3653 time: 3.7296s
INFO:root:Epoch: 0025 lr: 0.001 train_loss: 108242.7812 train_distortion: 0.9553 train_mapscore: 0.0400 train_c: -1.0025 train_max_dist: 2.3194 train_imax: -0.0000 train_imin: -1.3502 time: 3.4801s
INFO:root:Epoch: 0030 lr: 0.001 train_loss: 107862.5156 train_distortion: 0.9522 train_mapscore: 0.0538 train_c: -1.0031 train_max_dist: 2.5435 train_imax: -0.0000 train_imin: -1.3319 time: 3.3585s
INFO:root:Epoch: 0035 lr: 0.001 train_loss: 107518.7734 train_distortion: 0.9492 train_mapscore: 0.0644 train_c: -1.0037 train_max_dist: 2.7523 train_imax: -0.0000 train_imin: -1.2961 time: 3.3065s
INFO:root:Epoch: 0040 lr: 0.001 train_loss: 107190.6250 train_distortion: 0.9462 train_mapscore: 0.0754 train_c: -1.0043 train_max_dist: 2.9555 train_imax: -0.0000 train_imin: -1.2758 time: 3.2378s
INFO:root:Epoch: 0045 lr: 0.001 train_loss: 106875.0156 train_distortion: 0.9432 train_mapscore: 0.0943 train_c: -1.0050 train_max_dist: 3.1949 train_imax: -0.0000 train_imin: -1.2455 time: 3.2097s
INFO:root:Epoch: 0050 lr: 0.001 train_loss: 106560.6875 train_distortion: 0.9401 train_mapscore: 0.1053 train_c: -1.0056 train_max_dist: 3.5325 train_imax: -0.0000 train_imin: -1.2238 time: 3.1820s
INFO:root:Epoch: 0055 lr: 0.001 train_loss: 106242.9609 train_distortion: 0.9369 train_mapscore: 0.1178 train_c: -1.0062 train_max_dist: 3.8510 train_imax: -0.0000 train_imin: -1.2150 time: 3.1707s
INFO:root:Epoch: 0060 lr: 0.001 train_loss: 105917.8906 train_distortion: 0.9337 train_mapscore: 0.1278 train_c: -1.0069 train_max_dist: 4.1709 train_imax: -0.0000 train_imin: -1.2116 time: 3.1962s
INFO:root:Epoch: 0065 lr: 0.001 train_loss: 105583.5703 train_distortion: 0.9303 train_mapscore: 0.1407 train_c: -1.0075 train_max_dist: 4.5207 train_imax: -0.0000 train_imin: -1.2134 time: 3.1694s
INFO:root:Epoch: 0070 lr: 0.001 train_loss: 105239.6172 train_distortion: 0.9268 train_mapscore: 0.1509 train_c: -1.0081 train_max_dist: 4.8911 train_imax: -0.0000 train_imin: -1.2277 time: 3.1137s
INFO:root:Epoch: 0075 lr: 0.001 train_loss: 104881.4297 train_distortion: 0.9232 train_mapscore: 0.1624 train_c: -1.0088 train_max_dist: 5.3002 train_imax: -0.0000 train_imin: -1.2370 time: 3.1238s
INFO:root:Epoch: 0080 lr: 0.001 train_loss: 104510.0469 train_distortion: 0.9194 train_mapscore: 0.1691 train_c: -1.0095 train_max_dist: 5.7810 train_imax: -0.0000 train_imin: -1.2327 time: 3.1092s
INFO:root:Epoch: 0085 lr: 0.001 train_loss: 104299.7500 train_distortion: 0.9164 train_mapscore: 0.1163 train_c: -1.0101 train_max_dist: 6.2380 train_imax: -0.0000 train_imin: -1.2866 time: 3.1515s
INFO:root:Epoch: 0090 lr: 0.001 train_loss: 104076.9844 train_distortion: 0.9138 train_mapscore: 0.1247 train_c: -1.0108 train_max_dist: 6.6333 train_imax: -0.0000 train_imin: -1.2589 time: 3.2244s
INFO:root:Epoch: 0095 lr: 0.001 train_loss: 103792.5000 train_distortion: 0.9109 train_mapscore: 0.1352 train_c: -1.0115 train_max_dist: 7.2542 train_imax: -0.0000 train_imin: -1.2419 time: 3.1912s
INFO:root:Epoch: 0100 lr: 0.001 train_loss: 103504.9844 train_distortion: 0.9079 train_mapscore: 0.1181 train_c: -1.0121 train_max_dist: 8.7746 train_imax: -0.0000 train_imin: -1.2460 time: 3.2022s
INFO:root:Epoch: 0105 lr: 0.001 train_loss: 103313.9922 train_distortion: 0.9053 train_mapscore: 0.1152 train_c: -1.0128 train_max_dist: 8.6422 train_imax: -0.0000 train_imin: -1.4092 time: 3.2923s
INFO:root:Epoch: 0110 lr: 0.001 train_loss: 103027.9688 train_distortion: 0.9023 train_mapscore: 0.1341 train_c: -1.0135 train_max_dist: 9.3940 train_imax: -0.0000 train_imin: -1.4927 time: 3.2530s
INFO:root:Epoch: 0115 lr: 0.001 train_loss: 102705.8594 train_distortion: 0.8990 train_mapscore: 0.1540 train_c: -1.0141 train_max_dist: 9.6592 train_imax: -0.0000 train_imin: -1.5270 time: 3.2426s
INFO:root:Epoch: 0120 lr: 0.001 train_loss: 102365.5391 train_distortion: 0.8955 train_mapscore: 0.1775 train_c: -1.0148 train_max_dist: 9.5586 train_imax: -0.0000 train_imin: -1.5376 time: 3.2164s
INFO:root:Epoch: 0125 lr: 0.001 train_loss: 102013.7344 train_distortion: 0.8918 train_mapscore: 0.2050 train_c: -1.0155 train_max_dist: 9.7500 train_imax: -0.0000 train_imin: -1.5452 time: 3.2194s
INFO:root:Epoch: 0130 lr: 0.001 train_loss: 101654.9844 train_distortion: 0.8879 train_mapscore: 0.2181 train_c: -1.0162 train_max_dist: 9.6016 train_imax: -0.0000 train_imin: -1.5471 time: 3.2073s
INFO:root:Epoch: 0135 lr: 0.001 train_loss: 101288.9297 train_distortion: 0.8839 train_mapscore: 0.2344 train_c: -1.0168 train_max_dist: 9.7793 train_imax: -0.0000 train_imin: -1.5538 time: 3.2097s
INFO:root:Epoch: 0140 lr: 0.001 train_loss: 100914.8359 train_distortion: 0.8797 train_mapscore: 0.2514 train_c: -1.0175 train_max_dist: 9.7188 train_imax: -0.0000 train_imin: -1.5639 time: 3.1957s
INFO:root:Epoch: 0145 lr: 0.001 train_loss: 100533.0469 train_distortion: 0.8754 train_mapscore: 0.2684 train_c: -1.0182 train_max_dist: 9.9141 train_imax: -0.0000 train_imin: -1.5696 time: 3.2583s
INFO:root:Epoch: 0150 lr: 0.001 train_loss: 100143.1953 train_distortion: 0.8709 train_mapscore: 0.2774 train_c: -1.0189 train_max_dist: 9.9062 train_imax: -0.0000 train_imin: -1.5798 time: 3.2492s
INFO:root:Epoch: 0155 lr: 0.001 train_loss: 99743.9297 train_distortion: 0.8662 train_mapscore: 0.2832 train_c: -1.0196 train_max_dist: 9.8984 train_imax: -0.0000 train_imin: -1.5915 time: 3.2238s
INFO:root:Epoch: 0160 lr: 0.001 train_loss: 99332.8125 train_distortion: 0.8614 train_mapscore: 0.2928 train_c: -1.0203 train_max_dist: 10.0312 train_imax: -0.0000 train_imin: -1.6050 time: 3.2180s
INFO:root:Epoch: 0165 lr: 0.001 train_loss: 98909.9219 train_distortion: 0.8563 train_mapscore: 0.2969 train_c: -1.0210 train_max_dist: 9.9062 train_imax: -0.0000 train_imin: -1.6209 time: 3.2321s
INFO:root:Epoch: 0170 lr: 0.001 train_loss: 98476.1562 train_distortion: 0.8511 train_mapscore: 0.3076 train_c: -1.0217 train_max_dist: 9.9688 train_imax: -0.0000 train_imin: -1.6406 time: 3.2196s
INFO:root:Epoch: 0175 lr: 0.001 train_loss: 98035.2188 train_distortion: 0.8458 train_mapscore: 0.3074 train_c: -1.0224 train_max_dist: 10.0000 train_imax: -0.0000 train_imin: -1.6556 time: 3.2433s
INFO:root:Epoch: 0180 lr: 0.001 train_loss: 97582.7969 train_distortion: 0.8403 train_mapscore: 0.3103 train_c: -1.0231 train_max_dist: 10.0000 train_imax: -0.0000 train_imin: -1.6617 time: 3.2520s
INFO:root:Epoch: 0185 lr: 0.001 train_loss: 97119.4922 train_distortion: 0.8346 train_mapscore: 0.3201 train_c: -1.0238 train_max_dist: 10.0938 train_imax: -0.0000 train_imin: -1.6764 time: 3.2817s
INFO:root:Epoch: 0190 lr: 0.001 train_loss: 96646.1328 train_distortion: 0.8288 train_mapscore: 0.3192 train_c: -1.0245 train_max_dist: 10.1875 train_imax: -0.0000 train_imin: -1.6800 time: 3.3023s
INFO:root:Epoch: 0195 lr: 0.001 train_loss: 96160.9688 train_distortion: 0.8228 train_mapscore: 0.3255 train_c: -1.0253 train_max_dist: 10.2500 train_imax: 0.0178 train_imin: -1.6850 time: 3.2566s
INFO:root:Epoch: 0200 lr: 0.001 train_loss: 95664.3750 train_distortion: 0.8166 train_mapscore: 0.3298 train_c: -1.0260 train_max_dist: 10.2500 train_imax: 0.0277 train_imin: -1.6933 time: 3.2433s
INFO:root:Epoch: 0205 lr: 0.001 train_loss: 95158.0469 train_distortion: 0.8104 train_mapscore: 0.3371 train_c: -1.0267 train_max_dist: 10.2500 train_imax: 0.0524 train_imin: -1.7131 time: 3.2550s
INFO:root:Epoch: 0210 lr: 0.001 train_loss: 94638.0469 train_distortion: 0.8039 train_mapscore: 0.3448 train_c: -1.0274 train_max_dist: 10.2500 train_imax: 0.0617 train_imin: -1.7222 time: 3.2341s
INFO:root:Epoch: 0215 lr: 0.001 train_loss: 94104.5625 train_distortion: 0.7973 train_mapscore: 0.3421 train_c: -1.0282 train_max_dist: 10.2500 train_imax: 0.0764 train_imin: -1.7387 time: 3.2641s
INFO:root:Epoch: 0220 lr: 0.001 train_loss: 93560.5234 train_distortion: 0.7905 train_mapscore: 0.3519 train_c: -1.0289 train_max_dist: 10.2500 train_imax: 0.0903 train_imin: -1.7602 time: 3.2226s
INFO:root:Epoch: 0225 lr: 0.001 train_loss: 93003.6562 train_distortion: 0.7836 train_mapscore: 0.3575 train_c: -1.0296 train_max_dist: 10.3750 train_imax: 0.0993 train_imin: -1.7715 time: 3.2143s
INFO:root:Epoch: 0230 lr: 0.001 train_loss: 92432.4453 train_distortion: 0.7765 train_mapscore: 0.3560 train_c: -1.0303 train_max_dist: 10.7500 train_imax: 0.1148 train_imin: -1.7855 time: 3.2412s
INFO:root:Epoch: 0235 lr: 0.001 train_loss: 91849.7656 train_distortion: 0.7692 train_mapscore: 0.3663 train_c: -1.0311 train_max_dist: 10.7500 train_imax: 0.1293 train_imin: -1.8037 time: 3.2203s
INFO:root:Epoch: 0240 lr: 0.001 train_loss: 91251.9922 train_distortion: 0.7618 train_mapscore: 0.3660 train_c: -1.0318 train_max_dist: 10.7500 train_imax: 0.1438 train_imin: -1.8255 time: 3.2288s
INFO:root:Epoch: 0245 lr: 0.001 train_loss: 90642.0938 train_distortion: 0.7543 train_mapscore: 0.3815 train_c: -1.0325 train_max_dist: 11.0000 train_imax: 0.1545 train_imin: -1.8524 time: 3.2016s
INFO:root:Epoch: 0250 lr: 0.001 train_loss: 90025.6250 train_distortion: 0.7466 train_mapscore: 0.3813 train_c: -1.0333 train_max_dist: 10.7500 train_imax: 0.1611 train_imin: -1.8811 time: 3.1935s
INFO:root:Epoch: 0255 lr: 0.001 train_loss: 89396.3594 train_distortion: 0.7386 train_mapscore: 0.3863 train_c: -1.0340 train_max_dist: 10.7500 train_imax: 0.1663 train_imin: -1.9470 time: 3.1869s
INFO:root:Epoch: 0260 lr: 0.001 train_loss: 88758.2031 train_distortion: 0.7306 train_mapscore: 0.3839 train_c: -1.0347 train_max_dist: 12.0000 train_imax: 0.1783 train_imin: -2.0264 time: 3.1786s
INFO:root:Epoch: 0265 lr: 0.001 train_loss: 88111.1250 train_distortion: 0.7225 train_mapscore: 0.3816 train_c: -1.0355 train_max_dist: 11.5000 train_imax: 0.1949 train_imin: -2.1040 time: 3.1737s
INFO:root:Epoch: 0270 lr: 0.001 train_loss: 87453.7109 train_distortion: 0.7142 train_mapscore: 0.3911 train_c: -1.0362 train_max_dist: 10.7500 train_imax: 0.1908 train_imin: -2.1693 time: 3.2286s
INFO:root:Epoch: 0275 lr: 0.001 train_loss: 86784.8438 train_distortion: 0.7059 train_mapscore: 0.4022 train_c: -1.0369 train_max_dist: 11.5000 train_imax: 0.2056 train_imin: -2.2316 time: 3.2184s
INFO:root:Epoch: 0280 lr: 0.001 train_loss: 86114.2500 train_distortion: 0.6974 train_mapscore: 0.4046 train_c: -1.0376 train_max_dist: 11.0000 train_imax: 0.1872 train_imin: -2.2850 time: 3.1918s
INFO:root:Epoch: 0285 lr: 0.001 train_loss: 85438.1719 train_distortion: 0.6888 train_mapscore: 0.3999 train_c: -1.0384 train_max_dist: 11.5000 train_imax: 0.2107 train_imin: -2.3324 time: 3.1801s
INFO:root:Epoch: 0290 lr: 0.001 train_loss: 84752.2031 train_distortion: 0.6804 train_mapscore: 0.4090 train_c: -1.0391 train_max_dist: 12.0000 train_imax: 0.1945 train_imin: -2.3759 time: 3.1667s
INFO:root:Epoch: 0295 lr: 0.001 train_loss: 84064.9062 train_distortion: 0.6719 train_mapscore: 0.4139 train_c: -1.0398 train_max_dist: 11.0000 train_imax: 0.1965 train_imin: -2.4019 time: 3.1681s
INFO:root:Epoch: 0300 lr: 0.001 train_loss: 83369.8047 train_distortion: 0.6634 train_mapscore: 0.4136 train_c: -1.0405 train_max_dist: 11.5000 train_imax: 0.1835 train_imin: -2.4271 time: 3.1692s
INFO:root:Epoch: 0305 lr: 0.001 train_loss: 82676.6562 train_distortion: 0.6549 train_mapscore: 0.4220 train_c: -1.0412 train_max_dist: 11.5000 train_imax: 0.1697 train_imin: -2.4342 time: 3.1529s
INFO:root:Epoch: 0310 lr: 0.001 train_loss: 81974.7578 train_distortion: 0.6465 train_mapscore: 0.4258 train_c: -1.0419 train_max_dist: 11.5000 train_imax: 0.1229 train_imin: -2.4265 time: 3.1481s
INFO:root:Epoch: 0315 lr: 0.001 train_loss: 81282.3438 train_distortion: 0.6382 train_mapscore: 0.4275 train_c: -1.0426 train_max_dist: 11.5000 train_imax: 0.0599 train_imin: -2.4403 time: 3.1754s
INFO:root:Epoch: 0320 lr: 0.001 train_loss: 80582.7578 train_distortion: 0.6299 train_mapscore: 0.4321 train_c: -1.0433 train_max_dist: 12.0000 train_imax: 0.0802 train_imin: -2.4185 time: 3.1886s
INFO:root:Epoch: 0325 lr: 0.001 train_loss: 79875.7812 train_distortion: 0.6218 train_mapscore: 0.4368 train_c: -1.0440 train_max_dist: 13.5000 train_imax: 0.0462 train_imin: -2.4103 time: 3.1709s
INFO:root:Epoch: 0330 lr: 0.001 train_loss: 79168.9531 train_distortion: 0.6137 train_mapscore: 0.4440 train_c: -1.0447 train_max_dist: 13.0000 train_imax: 0.0658 train_imin: -2.3999 time: 3.1643s
INFO:root:Epoch: 0335 lr: 0.001 train_loss: 78467.4297 train_distortion: 0.6057 train_mapscore: 0.4430 train_c: -1.0454 train_max_dist: 13.0000 train_imax: 0.0812 train_imin: -2.3812 time: 3.1602s
INFO:root:Epoch: 0340 lr: 0.001 train_loss: 77764.7188 train_distortion: 0.5976 train_mapscore: 0.4445 train_c: -1.0460 train_max_dist: 12.0176 train_imax: 0.1243 train_imin: -2.3478 time: 3.1572s
INFO:root:Epoch: 0345 lr: 0.001 train_loss: 77050.0156 train_distortion: 0.5894 train_mapscore: 0.4496 train_c: -1.0467 train_max_dist: 12.0341 train_imax: 0.0592 train_imin: -2.3226 time: 3.1427s
INFO:root:Epoch: 0350 lr: 0.001 train_loss: 76339.3359 train_distortion: 0.5814 train_mapscore: 0.4574 train_c: -1.0474 train_max_dist: 12.2790 train_imax: 0.1167 train_imin: -2.2951 time: 3.1386s
INFO:root:Epoch: 0355 lr: 0.001 train_loss: 75620.7812 train_distortion: 0.5732 train_mapscore: 0.4614 train_c: -1.0480 train_max_dist: 12.5943 train_imax: 0.1407 train_imin: -2.2509 time: 3.1970s
INFO:root:Epoch: 0360 lr: 0.001 train_loss: 74898.4766 train_distortion: 0.5650 train_mapscore: 0.4659 train_c: -1.0487 train_max_dist: 12.7465 train_imax: 0.0887 train_imin: -2.2639 time: 3.2061s
INFO:root:Epoch: 0365 lr: 0.001 train_loss: 74191.3281 train_distortion: 0.5566 train_mapscore: 0.4668 train_c: -1.0494 train_max_dist: 13.1009 train_imax: 0.0976 train_imin: -2.2611 time: 3.1789s
INFO:root:Epoch: 0370 lr: 0.001 train_loss: 73481.1250 train_distortion: 0.5482 train_mapscore: 0.4697 train_c: -1.0500 train_max_dist: 13.2286 train_imax: 0.0398 train_imin: -2.2672 time: 3.1864s
INFO:root:Epoch: 0375 lr: 0.001 train_loss: 72767.7188 train_distortion: 0.5397 train_mapscore: 0.4706 train_c: -1.0507 train_max_dist: 13.6319 train_imax: 0.0645 train_imin: -2.2700 time: 3.1855s
INFO:root:Epoch: 0380 lr: 0.001 train_loss: 72064.0781 train_distortion: 0.5312 train_mapscore: 0.4733 train_c: -1.0513 train_max_dist: 13.8462 train_imax: 0.0591 train_imin: -2.2578 time: 3.1641s
INFO:root:Epoch: 0385 lr: 0.001 train_loss: 71344.7578 train_distortion: 0.5228 train_mapscore: 0.4821 train_c: -1.0520 train_max_dist: 14.0567 train_imax: 0.0947 train_imin: -2.2720 time: 3.1592s
INFO:root:Epoch: 0390 lr: 0.001 train_loss: 70639.9297 train_distortion: 0.5143 train_mapscore: 0.4821 train_c: -1.0526 train_max_dist: 14.3676 train_imax: -0.0000 train_imin: -2.2282 time: 3.1647s
INFO:root:Epoch: 0395 lr: 0.001 train_loss: 69914.8906 train_distortion: 0.5060 train_mapscore: 0.4848 train_c: -1.0533 train_max_dist: 14.6646 train_imax: 0.3537 train_imin: -2.2443 time: 3.1570s
INFO:root:Epoch: 0400 lr: 0.001 train_loss: 69306.0469 train_distortion: 0.4977 train_mapscore: 0.4806 train_c: -1.0539 train_max_dist: 14.9960 train_imax: 0.1864 train_imin: -2.2632 time: 3.2081s
INFO:root:Epoch: 0405 lr: 0.001 train_loss: 68679.7500 train_distortion: 0.4897 train_mapscore: 0.4797 train_c: -1.0546 train_max_dist: 15.2852 train_imax: 0.0805 train_imin: -3.4446 time: 3.1927s
INFO:root:Epoch: 0410 lr: 0.001 train_loss: 67960.7656 train_distortion: 0.4815 train_mapscore: 0.4844 train_c: -1.0552 train_max_dist: 15.6401 train_imax: 0.5454 train_imin: -3.3650 time: 3.1970s
INFO:root:Epoch: 0415 lr: 0.001 train_loss: 67223.3047 train_distortion: 0.4732 train_mapscore: 0.4921 train_c: -1.0558 train_max_dist: 16.0000 train_imax: 0.0540 train_imin: -3.0924 time: 3.2198s
INFO:root:Epoch: 0420 lr: 0.001 train_loss: 66479.0938 train_distortion: 0.4651 train_mapscore: 0.5121 train_c: -1.0565 train_max_dist: 16.2007 train_imax: -0.0000 train_imin: -2.4316 time: 3.1712s
INFO:root:Epoch: 0425 lr: 0.001 train_loss: 65844.2656 train_distortion: 0.4569 train_mapscore: 0.5090 train_c: -1.0571 train_max_dist: 16.5566 train_imax: 0.0907 train_imin: -2.1637 time: 3.1685s
INFO:root:Epoch: 0430 lr: 0.001 train_loss: 65105.3906 train_distortion: 0.4488 train_mapscore: 0.5150 train_c: -1.0577 train_max_dist: 16.9346 train_imax: 0.1448 train_imin: -2.1127 time: 3.1681s
INFO:root:Epoch: 0435 lr: 0.001 train_loss: 64470.8320 train_distortion: 0.4409 train_mapscore: 0.5209 train_c: -1.0583 train_max_dist: 17.1408 train_imax: 0.0731 train_imin: -2.0979 time: 3.1764s
INFO:root:Epoch: 0440 lr: 0.001 train_loss: 63776.8711 train_distortion: 0.4330 train_mapscore: 0.5251 train_c: -1.0590 train_max_dist: 17.4954 train_imax: 0.1144 train_imin: -2.1276 time: 3.2116s
INFO:root:Epoch: 0445 lr: 0.001 train_loss: 63060.4844 train_distortion: 0.4252 train_mapscore: 0.5318 train_c: -1.0596 train_max_dist: 17.8187 train_imax: 0.0476 train_imin: -2.1284 time: 3.2201s
INFO:root:Epoch: 0450 lr: 0.001 train_loss: 62712.5469 train_distortion: 0.4181 train_mapscore: 0.5013 train_c: -1.0602 train_max_dist: 18.1054 train_imax: 0.6140 train_imin: -3.8419 time: 3.3194s
INFO:root:Epoch: 0455 lr: 0.001 train_loss: 63130.4766 train_distortion: 0.4139 train_mapscore: 0.4109 train_c: -1.0608 train_max_dist: 18.4886 train_imax: 0.7556 train_imin: -8.2928 time: 3.2199s
INFO:root:Epoch: 0460 lr: 0.001 train_loss: 64638.5391 train_distortion: 0.4125 train_mapscore: 0.3072 train_c: -1.0615 train_max_dist: 18.6398 train_imax: 2.5546 train_imin: -10.1221 time: 3.2432s
INFO:root:Epoch: 0465 lr: 0.001 train_loss: 64416.5469 train_distortion: 0.4090 train_mapscore: 0.3031 train_c: -1.0620 train_max_dist: 18.8118 train_imax: 2.1649 train_imin: -9.9877 time: 3.2429s
INFO:root:Epoch: 0470 lr: 0.001 train_loss: 63124.0000 train_distortion: 0.4015 train_mapscore: 0.3495 train_c: -1.0626 train_max_dist: 19.1255 train_imax: 1.9568 train_imin: -9.7422 time: 3.2201s
INFO:root:Epoch: 0475 lr: 0.001 train_loss: 61817.9453 train_distortion: 0.3930 train_mapscore: 0.3969 train_c: -1.0631 train_max_dist: 19.5497 train_imax: 1.7082 train_imin: -9.6388 time: 3.2084s
INFO:root:Epoch: 0480 lr: 0.001 train_loss: 60601.0977 train_distortion: 0.3846 train_mapscore: 0.4598 train_c: -1.0637 train_max_dist: 22.0000 train_imax: 1.3503 train_imin: -9.6348 time: 3.2296s
INFO:root:Epoch: 0485 lr: 0.001 train_loss: 59550.2891 train_distortion: 0.3765 train_mapscore: 0.4953 train_c: -1.0643 train_max_dist: 20.0779 train_imax: 1.2641 train_imin: -9.7478 time: 3.2641s
INFO:root:Epoch: 0490 lr: 0.001 train_loss: 58567.5625 train_distortion: 0.3687 train_mapscore: 0.5307 train_c: -1.0648 train_max_dist: 20.4406 train_imax: 1.2302 train_imin: -9.9948 time: 3.2295s
INFO:root:Epoch: 0495 lr: 0.001 train_loss: 58521.4297 train_distortion: 0.3624 train_mapscore: 0.4785 train_c: -1.0654 train_max_dist: 20.8169 train_imax: 2.1044 train_imin: -10.1381 time: 3.2296s
INFO:root:Epoch: 0500 lr: 0.001 train_loss: 58100.0703 train_distortion: 0.3569 train_mapscore: 0.4738 train_c: -1.0660 train_max_dist: 21.1144 train_imax: 2.6257 train_imin: -10.2256 time: 3.2279s
INFO:root:Epoch: 0505 lr: 0.001 train_loss: 57239.2773 train_distortion: 0.3504 train_mapscore: 0.5071 train_c: -1.0666 train_max_dist: 21.4784 train_imax: 2.4092 train_imin: -10.3760 time: 3.2207s
INFO:root:Epoch: 0510 lr: 0.001 train_loss: 56361.0156 train_distortion: 0.3435 train_mapscore: 0.5377 train_c: -1.0672 train_max_dist: 21.8527 train_imax: 1.9223 train_imin: -10.5948 time: 3.2136s
INFO:root:Epoch: 0515 lr: 0.001 train_loss: 55491.0078 train_distortion: 0.3370 train_mapscore: 0.5686 train_c: -1.0678 train_max_dist: 22.1124 train_imax: 1.6070 train_imin: -10.9550 time: 3.2080s
INFO:root:Epoch: 0520 lr: 0.001 train_loss: 55938.2305 train_distortion: 0.3314 train_mapscore: 0.4659 train_c: -1.0684 train_max_dist: 22.3978 train_imax: 1.3893 train_imin: -11.3575 time: 3.2163s
INFO:root:Epoch: 0525 lr: 0.001 train_loss: 56978.9805 train_distortion: 0.3300 train_mapscore: 0.3926 train_c: -1.0690 train_max_dist: 22.5527 train_imax: 3.7387 train_imin: -11.7928 time: 3.2491s
INFO:root:Epoch: 0530 lr: 0.001 train_loss: 56903.7227 train_distortion: 0.3271 train_mapscore: 0.3847 train_c: -1.0696 train_max_dist: 22.7307 train_imax: 4.8698 train_imin: -12.2583 time: 3.3535s
INFO:root:Epoch: 0535 lr: 0.001 train_loss: 56037.8711 train_distortion: 0.3219 train_mapscore: 0.4149 train_c: -1.0701 train_max_dist: 22.9856 train_imax: 4.8529 train_imin: -12.7211 time: 3.2202s
INFO:root:Epoch: 0540 lr: 0.001 train_loss: 56829.8906 train_distortion: 0.3186 train_mapscore: 0.3566 train_c: -1.0707 train_max_dist: 23.2629 train_imax: 5.3506 train_imin: -13.1810 time: 3.2283s
INFO:root:Epoch: 0545 lr: 0.001 train_loss: 57352.9531 train_distortion: 0.3171 train_mapscore: 0.3351 train_c: -1.0712 train_max_dist: 23.6326 train_imax: 5.4929 train_imin: -13.5093 time: 3.2264s
INFO:root:Epoch: 0550 lr: 0.001 train_loss: 56099.3281 train_distortion: 0.3129 train_mapscore: 0.3838 train_c: -1.0717 train_max_dist: 23.9199 train_imax: 5.7398 train_imin: -13.7615 time: 3.2230s
INFO:root:Epoch: 0555 lr: 0.001 train_loss: 54585.1016 train_distortion: 0.3074 train_mapscore: 0.4319 train_c: -1.0722 train_max_dist: 24.0654 train_imax: 6.2475 train_imin: -13.9986 time: 3.2351s
INFO:root:Epoch: 0560 lr: 0.001 train_loss: 53193.1172 train_distortion: 0.3021 train_mapscore: 0.4869 train_c: -1.0727 train_max_dist: 24.3721 train_imax: 6.6372 train_imin: -14.2403 time: 3.2429s
INFO:root:Epoch: 0565 lr: 0.001 train_loss: 52083.0391 train_distortion: 0.2969 train_mapscore: 0.5315 train_c: -1.0732 train_max_dist: 24.6704 train_imax: 6.7900 train_imin: -14.5469 time: 3.2610s
INFO:root:Epoch: 0570 lr: 0.001 train_loss: 51622.8047 train_distortion: 0.2930 train_mapscore: 0.5313 train_c: -1.0738 train_max_dist: 25.1174 train_imax: 7.0313 train_imin: -14.8566 time: 3.2524s
INFO:root:Epoch: 0575 lr: 0.001 train_loss: 51476.5273 train_distortion: 0.2901 train_mapscore: 0.5189 train_c: -1.0743 train_max_dist: 25.3796 train_imax: 7.2146 train_imin: -15.1866 time: 3.2152s
INFO:root:Epoch: 0580 lr: 0.001 train_loss: 50650.2344 train_distortion: 0.2868 train_mapscore: 0.5576 train_c: -1.0749 train_max_dist: 25.7495 train_imax: 7.2837 train_imin: -15.5272 time: 3.2162s
INFO:root:Epoch: 0585 lr: 0.001 train_loss: 49950.9609 train_distortion: 0.2835 train_mapscore: 0.5755 train_c: -1.0754 train_max_dist: 26.0916 train_imax: 7.3465 train_imin: -15.9383 time: 3.2228s
INFO:root:Epoch: 0590 lr: 0.001 train_loss: 48970.9258 train_distortion: 0.2803 train_mapscore: 0.6077 train_c: -1.0760 train_max_dist: 26.3914 train_imax: 7.4938 train_imin: -16.4491 time: 3.2151s
INFO:root:Epoch: 0595 lr: 0.001 train_loss: 48237.0078 train_distortion: 0.2776 train_mapscore: 0.6205 train_c: -1.0766 train_max_dist: 26.7351 train_imax: 7.6287 train_imin: -16.8110 time: 3.2367s
INFO:root:Epoch: 0600 lr: 0.001 train_loss: 47391.6680 train_distortion: 0.2750 train_mapscore: 0.6454 train_c: -1.0771 train_max_dist: 27.1025 train_imax: 7.8825 train_imin: -17.2798 time: 3.2425s
INFO:root:Epoch: 0605 lr: 0.001 train_loss: 46580.7852 train_distortion: 0.2729 train_mapscore: 0.6663 train_c: -1.0777 train_max_dist: 27.3767 train_imax: 8.0371 train_imin: -17.7604 time: 3.2372s
INFO:root:Epoch: 0610 lr: 0.001 train_loss: 46155.8516 train_distortion: 0.2715 train_mapscore: 0.6572 train_c: -1.0782 train_max_dist: 27.7783 train_imax: 5.9522 train_imin: -18.1646 time: 3.2781s
INFO:root:Epoch: 0615 lr: 0.001 train_loss: 47616.1992 train_distortion: 0.2715 train_mapscore: 0.5377 train_c: -1.0788 train_max_dist: 27.9351 train_imax: 9.6038 train_imin: -18.6166 time: 3.2787s
INFO:root:Epoch: 0620 lr: 0.001 train_loss: 47102.2031 train_distortion: 0.2711 train_mapscore: 0.5532 train_c: -1.0794 train_max_dist: 28.2397 train_imax: 10.0228 train_imin: -18.9637 time: 3.2501s
INFO:root:Epoch: 0625 lr: 0.001 train_loss: 46494.8438 train_distortion: 0.2703 train_mapscore: 0.5681 train_c: -1.0799 train_max_dist: 28.6187 train_imax: 9.2811 train_imin: -19.6109 time: 3.2711s
INFO:root:Epoch: 0630 lr: 0.001 train_loss: 48461.6641 train_distortion: 0.2711 train_mapscore: 0.4612 train_c: -1.0805 train_max_dist: 28.9175 train_imax: 9.2855 train_imin: -19.9457 time: 3.2440s
INFO:root:Epoch: 0635 lr: 0.001 train_loss: 48717.4141 train_distortion: 0.2719 train_mapscore: 0.4389 train_c: -1.0810 train_max_dist: 29.0591 train_imax: 10.1406 train_imin: -20.0891 time: 3.2452s
INFO:root:Epoch: 0640 lr: 0.001 train_loss: 51899.4844 train_distortion: 0.2740 train_mapscore: 0.3323 train_c: -1.0815 train_max_dist: 29.0952 train_imax: 11.3786 train_imin: -20.1280 time: 3.2608s
INFO:root:Epoch: 0645 lr: 0.001 train_loss: 57502.5938 train_distortion: 0.2789 train_mapscore: 0.2250 train_c: -1.0820 train_max_dist: 29.1572 train_imax: 11.6265 train_imin: -22.1422 time: 3.2958s
INFO:root:Epoch: 0650 lr: 0.001 train_loss: 59002.1680 train_distortion: 0.2822 train_mapscore: 0.2061 train_c: -1.0824 train_max_dist: 29.1709 train_imax: 11.4208 train_imin: -23.7019 time: 3.3473s
INFO:root:Epoch: 0655 lr: 0.001 train_loss: 57260.3984 train_distortion: 0.2815 train_mapscore: 0.2404 train_c: -1.0826 train_max_dist: 29.1963 train_imax: 11.6449 train_imin: -23.1550 time: 3.3327s
INFO:root:Epoch: 0660 lr: 0.001 train_loss: 54900.6484 train_distortion: 0.2796 train_mapscore: 0.2971 train_c: -1.0828 train_max_dist: 29.4722 train_imax: 11.9622 train_imin: -22.5435 time: 3.2673s
INFO:root:Epoch: 0665 lr: 0.001 train_loss: 52820.7891 train_distortion: 0.2780 train_mapscore: 0.3562 train_c: -1.0830 train_max_dist: 29.6743 train_imax: 12.3546 train_imin: -22.7361 time: 3.2508s
INFO:root:Epoch: 0670 lr: 0.001 train_loss: 51815.7812 train_distortion: 0.2771 train_mapscore: 0.3639 train_c: -1.0833 train_max_dist: 29.9565 train_imax: 12.4946 train_imin: -23.1052 time: 3.2603s
INFO:root:Epoch: 0675 lr: 0.001 train_loss: 52321.7188 train_distortion: 0.2774 train_mapscore: 0.3297 train_c: -1.0836 train_max_dist: 30.2290 train_imax: 11.9669 train_imin: -23.1401 time: 3.2836s
INFO:root:Epoch: 0680 lr: 0.001 train_loss: 51314.1875 train_distortion: 0.2778 train_mapscore: 0.3667 train_c: -1.0840 train_max_dist: 30.4443 train_imax: 11.8980 train_imin: -24.4939 time: 3.2750s
INFO:root:Epoch: 0685 lr: 0.001 train_loss: 49831.3867 train_distortion: 0.2779 train_mapscore: 0.4249 train_c: -1.0843 train_max_dist: 30.6357 train_imax: 12.4377 train_imin: -24.6587 time: 3.2758s
INFO:root:Epoch: 0690 lr: 0.001 train_loss: 48757.5547 train_distortion: 0.2782 train_mapscore: 0.4691 train_c: -1.0847 train_max_dist: 30.9185 train_imax: 12.8521 train_imin: -25.0777 time: 3.2740s
INFO:root:Epoch: 0695 lr: 0.001 train_loss: 48802.8359 train_distortion: 0.2795 train_mapscore: 0.4398 train_c: -1.0850 train_max_dist: 32.0000 train_imax: 13.4279 train_imin: -25.8545 time: 3.3162s
INFO:root:Epoch: 0700 lr: 0.001 train_loss: 47692.0938 train_distortion: 0.2810 train_mapscore: 0.4893 train_c: -1.0854 train_max_dist: 31.5942 train_imax: 13.8671 train_imin: -26.3689 time: 3.3041s
INFO:root:Epoch: 0705 lr: 0.001 train_loss: 47542.1250 train_distortion: 0.2828 train_mapscore: 0.4971 train_c: -1.0858 train_max_dist: 31.8164 train_imax: 14.0761 train_imin: -26.8530 time: 3.2642s
INFO:root:Epoch: 0710 lr: 0.001 train_loss: 46544.6719 train_distortion: 0.2850 train_mapscore: 0.5386 train_c: -1.0862 train_max_dist: 32.1025 train_imax: 14.6171 train_imin: -27.1634 time: 3.2582s
INFO:root:Epoch: 0715 lr: 0.001 train_loss: 45455.1328 train_distortion: 0.2873 train_mapscore: 0.5888 train_c: -1.0867 train_max_dist: 32.3438 train_imax: 14.9585 train_imin: -27.7299 time: 3.2406s
INFO:root:Epoch: 0720 lr: 0.001 train_loss: 44555.6797 train_distortion: 0.2903 train_mapscore: 0.6121 train_c: -1.0871 train_max_dist: 32.5918 train_imax: 15.2208 train_imin: -28.2308 time: 3.2533s
INFO:root:Epoch: 0725 lr: 0.001 train_loss: 43488.3945 train_distortion: 0.2938 train_mapscore: 0.6502 train_c: -1.0875 train_max_dist: 32.9438 train_imax: 15.4887 train_imin: -28.9172 time: 3.2647s
INFO:root:Epoch: 0730 lr: 0.001 train_loss: 42665.8203 train_distortion: 0.2980 train_mapscore: 0.6705 train_c: -1.0880 train_max_dist: 33.3140 train_imax: 15.8733 train_imin: -29.6894 time: 3.2554s
INFO:root:Epoch: 0735 lr: 0.001 train_loss: 42154.6797 train_distortion: 0.3030 train_mapscore: 0.6758 train_c: -1.0884 train_max_dist: 33.6787 train_imax: 16.3610 train_imin: -30.3933 time: 3.2717s
INFO:root:Epoch: 0740 lr: 0.001 train_loss: 41444.2578 train_distortion: 0.3086 train_mapscore: 0.6950 train_c: -1.0888 train_max_dist: 34.0703 train_imax: 16.8884 train_imin: -31.2975 time: 3.2834s
INFO:root:Epoch: 0745 lr: 0.001 train_loss: 41036.9141 train_distortion: 0.3148 train_mapscore: 0.6873 train_c: -1.0893 train_max_dist: 34.4258 train_imax: 17.2335 train_imin: -32.3429 time: 3.2415s
INFO:root:Epoch: 0750 lr: 0.001 train_loss: 40250.7109 train_distortion: 0.3215 train_mapscore: 0.7077 train_c: -1.0898 train_max_dist: 34.7744 train_imax: 17.4815 train_imin: -33.0293 time: 3.2485s
INFO:root:Epoch: 0755 lr: 0.001 train_loss: 39458.8359 train_distortion: 0.3286 train_mapscore: 0.7313 train_c: -1.0902 train_max_dist: 35.1543 train_imax: 17.9455 train_imin: -34.5524 time: 3.2630s
INFO:root:Epoch: 0760 lr: 0.001 train_loss: 39269.4844 train_distortion: 0.3366 train_mapscore: 0.7147 train_c: -1.0907 train_max_dist: 35.4883 train_imax: 18.3979 train_imin: -35.7166 time: 3.2808s
INFO:root:Epoch: 0765 lr: 0.001 train_loss: 38915.4766 train_distortion: 0.3449 train_mapscore: 0.7172 train_c: -1.0912 train_max_dist: 35.9180 train_imax: 19.0728 train_imin: -36.6141 time: 3.2743s
INFO:root:Epoch: 0770 lr: 0.001 train_loss: 39073.9453 train_distortion: 0.3536 train_mapscore: 0.6851 train_c: -1.0916 train_max_dist: 36.2764 train_imax: 19.7747 train_imin: -37.3494 time: 3.2718s
INFO:root:Epoch: 0775 lr: 0.001 train_loss: 39172.8984 train_distortion: 0.3623 train_mapscore: 0.6585 train_c: -1.0921 train_max_dist: 36.6533 train_imax: 20.3205 train_imin: -38.8980 time: 3.2654s
INFO:root:Epoch: 0780 lr: 0.001 train_loss: 38600.5117 train_distortion: 0.3715 train_mapscore: 0.6723 train_c: -1.0925 train_max_dist: 36.9541 train_imax: 21.0380 train_imin: -39.7939 time: 3.3073s
INFO:root:Epoch: 0785 lr: 0.001 train_loss: 39239.6484 train_distortion: 0.3812 train_mapscore: 0.6237 train_c: -1.0929 train_max_dist: 48.0000 train_imax: 21.9504 train_imin: -41.1032 time: 3.3023s
INFO:root:Epoch: 0790 lr: 0.001 train_loss: 38268.6641 train_distortion: 0.3910 train_mapscore: 0.6608 train_c: -1.0933 train_max_dist: 50.0000 train_imax: 22.4267 train_imin: -42.0031 time: 3.2432s
INFO:root:Epoch: 0795 lr: 0.001 train_loss: 42621.2109 train_distortion: 0.4011 train_mapscore: 0.4794 train_c: -1.0936 train_max_dist: 37.8564 train_imax: 22.9914 train_imin: -41.6478 time: 3.2611s
INFO:root:Epoch: 0800 lr: 0.001 train_loss: 43027.7031 train_distortion: 0.4090 train_mapscore: 0.4644 train_c: -1.0938 train_max_dist: 38.1357 train_imax: 23.3657 train_imin: -42.6622 time: 3.2579s
INFO:root:Epoch: 0805 lr: 0.001 train_loss: 42564.9453 train_distortion: 0.4160 train_mapscore: 0.4766 train_c: -1.0940 train_max_dist: 38.4219 train_imax: 23.9939 train_imin: -43.1571 time: 3.2673s
INFO:root:Epoch: 0810 lr: 0.001 train_loss: 42666.3359 train_distortion: 0.4230 train_mapscore: 0.4632 train_c: -1.0942 train_max_dist: 38.6855 train_imax: 24.1840 train_imin: -69.8516 time: 3.2813s
INFO:root:Epoch: 0815 lr: 0.001 train_loss: 41093.4453 train_distortion: 0.4300 train_mapscore: 0.5194 train_c: -1.0945 train_max_dist: 38.8428 train_imax: 24.0958 train_imin: -70.3373 time: 3.2857s
INFO:root:Epoch: 0820 lr: 0.001 train_loss: 43851.5195 train_distortion: 0.4363 train_mapscore: 0.4416 train_c: -1.0946 train_max_dist: 39.0156 train_imax: 23.7903 train_imin: -71.8813 time: 3.3066s
INFO:root:Epoch: 0825 lr: 0.001 train_loss: 43708.3594 train_distortion: 0.4409 train_mapscore: 0.4363 train_c: -1.0948 train_max_dist: 39.1953 train_imax: 26.7099 train_imin: -72.9576 time: 3.2977s
INFO:root:Epoch: 0830 lr: 0.001 train_loss: 42575.4453 train_distortion: 0.4455 train_mapscore: 0.4747 train_c: -1.0950 train_max_dist: 39.4307 train_imax: 29.3862 train_imin: -73.7047 time: 3.2490s
INFO:root:Epoch: 0835 lr: 0.001 train_loss: 40989.8750 train_distortion: 0.4521 train_mapscore: 0.5267 train_c: -1.0952 train_max_dist: 40.0000 train_imax: 30.4169 train_imin: -75.1249 time: 3.2471s
INFO:root:Epoch: 0840 lr: 0.001 train_loss: 40894.3320 train_distortion: 0.4598 train_mapscore: 0.5202 train_c: -1.0954 train_max_dist: 39.7500 train_imax: 30.3792 train_imin: -77.0038 time: 3.2957s
INFO:root:Epoch: 0845 lr: 0.001 train_loss: 42128.4531 train_distortion: 0.4675 train_mapscore: 0.4821 train_c: -1.0956 train_max_dist: 39.9873 train_imax: 30.8197 train_imin: -78.9097 time: 3.2836s
INFO:root:Epoch: 0850 lr: 0.001 train_loss: 41205.1484 train_distortion: 0.4752 train_mapscore: 0.5106 train_c: -1.0958 train_max_dist: 40.2393 train_imax: 30.2960 train_imin: -80.1682 time: 3.2891s
INFO:root:Epoch: 0855 lr: 0.001 train_loss: 40072.7578 train_distortion: 0.4838 train_mapscore: 0.5506 train_c: -1.0961 train_max_dist: 40.3447 train_imax: 29.6349 train_imin: -81.2656 time: 3.2790s
INFO:root:Epoch: 0860 lr: 0.001 train_loss: 38742.1719 train_distortion: 0.4940 train_mapscore: 0.6029 train_c: -1.0963 train_max_dist: 40.5781 train_imax: 29.8053 train_imin: -82.4734 time: 3.2837s
INFO:root:Epoch: 0865 lr: 0.001 train_loss: 37808.6172 train_distortion: 0.5055 train_mapscore: 0.6305 train_c: -1.0965 train_max_dist: 40.8926 train_imax: 29.7136 train_imin: -83.9749 time: 3.3170s
INFO:root:Epoch: 0870 lr: 0.001 train_loss: 36583.1992 train_distortion: 0.5183 train_mapscore: 0.6778 train_c: -1.0968 train_max_dist: 41.1387 train_imax: 30.1857 train_imin: -85.5417 time: 3.2678s
INFO:root:Epoch: 0875 lr: 0.001 train_loss: 36724.6094 train_distortion: 0.5321 train_mapscore: 0.6567 train_c: -1.0971 train_max_dist: 41.4863 train_imax: 30.7331 train_imin: -87.0249 time: 3.2651s
INFO:root:Epoch: 0880 lr: 0.001 train_loss: 43663.6094 train_distortion: 0.5470 train_mapscore: 0.4548 train_c: -1.0974 train_max_dist: 41.7539 train_imax: 38.3514 train_imin: -87.5851 time: 3.2967s
INFO:root:Epoch: 0885 lr: 0.001 train_loss: 46164.8008 train_distortion: 0.5551 train_mapscore: 0.4006 train_c: -1.0975 train_max_dist: 41.9043 train_imax: 39.4064 train_imin: -88.5971 time: 3.2984s
INFO:root:Epoch: 0890 lr: 0.001 train_loss: 44887.9883 train_distortion: 0.5601 train_mapscore: 0.4290 train_c: -1.0975 train_max_dist: 41.9102 train_imax: 45.3481 train_imin: -88.8273 time: 3.2925s
INFO:root:Epoch: 0895 lr: 0.001 train_loss: 42902.7656 train_distortion: 0.5651 train_mapscore: 0.4787 train_c: -1.0976 train_max_dist: 41.9785 train_imax: 45.4161 train_imin: -89.2024 time: 3.2789s
INFO:root:Epoch: 0900 lr: 0.001 train_loss: 41120.1406 train_distortion: 0.5726 train_mapscore: 0.5292 train_c: -1.0976 train_max_dist: 42.0703 train_imax: 46.9777 train_imin: -90.6200 time: 3.2729s
INFO:root:Epoch: 0905 lr: 0.001 train_loss: 39670.3828 train_distortion: 0.5814 train_mapscore: 0.5720 train_c: -1.0977 train_max_dist: 42.1992 train_imax: 47.1383 train_imin: -92.0868 time: 3.2922s
INFO:root:Epoch: 0910 lr: 0.001 train_loss: 38471.2188 train_distortion: 0.5923 train_mapscore: 0.6207 train_c: -1.0978 train_max_dist: 42.4297 train_imax: 47.4747 train_imin: -93.8682 time: 3.2994s
INFO:root:Epoch: 0915 lr: 0.001 train_loss: 37546.5469 train_distortion: 0.6050 train_mapscore: 0.6512 train_c: -1.0980 train_max_dist: 42.6230 train_imax: 47.5598 train_imin: -95.5299 time: 3.2752s
INFO:root:Epoch: 0920 lr: 0.001 train_loss: 40577.3672 train_distortion: 0.6181 train_mapscore: 0.5338 train_c: -1.0981 train_max_dist: 42.9961 train_imax: 46.1523 train_imin: -97.7604 time: 3.2925s
INFO:root:Epoch: 0925 lr: 0.001 train_loss: 39467.5703 train_distortion: 0.6307 train_mapscore: 0.5629 train_c: -1.0982 train_max_dist: 43.3008 train_imax: 46.9121 train_imin: -100.0529 time: 3.2947s
INFO:root:Epoch: 0930 lr: 0.001 train_loss: 43315.9180 train_distortion: 0.6397 train_mapscore: 0.4475 train_c: -1.0983 train_max_dist: 43.4199 train_imax: 47.4059 train_imin: -102.0263 time: 3.3081s
INFO:root:Epoch: 0935 lr: 0.001 train_loss: 42989.4297 train_distortion: 0.6461 train_mapscore: 0.4646 train_c: -1.0984 train_max_dist: 43.5859 train_imax: 48.6864 train_imin: -103.0806 time: 3.3081s
INFO:root:Epoch: 0940 lr: 0.001 train_loss: 41911.2031 train_distortion: 0.6523 train_mapscore: 0.4888 train_c: -1.0985 train_max_dist: 50.0000 train_imax: 48.5972 train_imin: -103.3672 time: 3.3032s
INFO:root:Epoch: 0945 lr: 0.001 train_loss: 40240.4023 train_distortion: 0.6597 train_mapscore: 0.5486 train_c: -1.0985 train_max_dist: 43.8203 train_imax: 48.5088 train_imin: -104.3254 time: 3.3353s
INFO:root:Epoch: 0950 lr: 0.001 train_loss: 38326.2148 train_distortion: 0.6702 train_mapscore: 0.6087 train_c: -1.0986 train_max_dist: 44.0117 train_imax: 48.6902 train_imin: -105.5679 time: 3.3283s
INFO:root:Epoch: 0955 lr: 0.001 train_loss: 37088.2617 train_distortion: 0.6829 train_mapscore: 0.6528 train_c: -1.0987 train_max_dist: 44.2480 train_imax: 49.9065 train_imin: -107.7321 time: 3.3079s
INFO:root:Epoch: 0960 lr: 0.001 train_loss: 35965.8125 train_distortion: 0.6974 train_mapscore: 0.6817 train_c: -1.0988 train_max_dist: 44.5449 train_imax: 49.0133 train_imin: -109.3021 time: 3.2951s
INFO:root:Epoch: 0965 lr: 0.001 train_loss: 38419.6211 train_distortion: 0.7134 train_mapscore: 0.5823 train_c: -1.0990 train_max_dist: 50.0000 train_imax: 51.8960 train_imin: -111.5135 time: 3.2740s
INFO:root:Epoch: 0970 lr: 0.001 train_loss: 37790.4453 train_distortion: 0.7286 train_mapscore: 0.5995 train_c: -1.0992 train_max_dist: 44.9355 train_imax: 51.2723 train_imin: -113.4124 time: 3.2592s
INFO:root:Epoch: 0975 lr: 0.001 train_loss: 36692.7734 train_distortion: 0.7444 train_mapscore: 0.6384 train_c: -1.0993 train_max_dist: 45.1680 train_imax: 51.1072 train_imin: -115.0884 time: 3.2622s
INFO:root:Epoch: 0980 lr: 0.001 train_loss: 37428.8438 train_distortion: 0.7611 train_mapscore: 0.5973 train_c: -1.0994 train_max_dist: 45.4238 train_imax: 51.8828 train_imin: -117.7341 time: 3.2735s
INFO:root:Epoch: 0985 lr: 0.001 train_loss: 36169.2969 train_distortion: 0.7772 train_mapscore: 0.6419 train_c: -1.0995 train_max_dist: 45.5371 train_imax: 51.9730 train_imin: -119.5833 time: 3.2746s
INFO:root:Epoch: 0990 lr: 0.001 train_loss: 34798.6953 train_distortion: 0.7942 train_mapscore: 0.6837 train_c: -1.0996 train_max_dist: 45.8711 train_imax: 53.0317 train_imin: -121.1176 time: 3.3027s
INFO:root:Epoch: 0995 lr: 0.001 train_loss: 56089.1133 train_distortion: 0.8024 train_mapscore: 0.2674 train_c: -1.0994 train_max_dist: 46.8027 train_imax: 55.4723 train_imin: -121.2763 time: 3.3294s
INFO:root:Epoch: 1000 lr: 0.001 train_loss: 66662.3594 train_distortion: 0.7820 train_mapscore: 0.1675 train_c: -1.0988 train_max_dist: 46.1309 train_imax: 56.9654 train_imin: -118.9380 time: 3.3284s
INFO:root:Epoch: 1005 lr: 0.001 train_loss: 97173.8438 train_distortion: 0.7061 train_mapscore: 0.0622 train_c: -1.0978 train_max_dist: 44.5156 train_imax: 66.4776 train_imin: -109.3629 time: 3.5124s
INFO:root:Epoch: 1010 lr: 0.001 train_loss: 107411.4609 train_distortion: 0.6370 train_mapscore: 0.0432 train_c: -1.0968 train_max_dist: 48.0000 train_imax: 70.5318 train_imin: -98.8385 time: 3.6690s
INFO:root:Epoch: 1015 lr: 0.001 train_loss: 108710.5938 train_distortion: 0.5852 train_mapscore: 0.0409 train_c: -1.0958 train_max_dist: 42.0547 train_imax: 67.9137 train_imin: -90.9225 time: 3.7443s
INFO:root:Epoch: 1020 lr: 0.001 train_loss: 106928.1641 train_distortion: 0.5463 train_mapscore: 0.0447 train_c: -1.0948 train_max_dist: 50.0000 train_imax: 61.4742 train_imin: -84.9633 time: 3.7650s
INFO:root:Epoch: 1025 lr: 0.001 train_loss: 105466.1172 train_distortion: 0.5181 train_mapscore: 0.0425 train_c: -1.0939 train_max_dist: 40.2383 train_imax: 59.7115 train_imin: -80.8002 time: 3.7702s
INFO:root:Epoch: 1030 lr: 0.001 train_loss: 103827.0938 train_distortion: 0.4949 train_mapscore: 0.0443 train_c: -1.0931 train_max_dist: 39.4785 train_imax: 58.9311 train_imin: -77.2369 time: 3.8047s
INFO:root:Epoch: 1035 lr: 0.001 train_loss: 100519.1016 train_distortion: 0.4750 train_mapscore: 0.0509 train_c: -1.0922 train_max_dist: 40.0000 train_imax: 56.2296 train_imin: -74.1222 time: 3.7700s
INFO:root:Epoch: 1040 lr: 0.001 train_loss: 98369.4766 train_distortion: 0.4574 train_mapscore: 0.0511 train_c: -1.0914 train_max_dist: 38.3047 train_imax: 53.5447 train_imin: -71.6483 time: 3.7280s
INFO:root:Epoch: 1045 lr: 0.001 train_loss: 97957.3984 train_distortion: 0.4418 train_mapscore: 0.0513 train_c: -1.0905 train_max_dist: 50.0000 train_imax: 52.2212 train_imin: -69.5347 time: 3.7220s
INFO:root:Epoch: 1050 lr: 0.001 train_loss: 95839.6719 train_distortion: 0.4285 train_mapscore: 0.0560 train_c: -1.0898 train_max_dist: 37.3027 train_imax: 50.8560 train_imin: -67.5170 time: 3.7231s
INFO:root:Epoch: 1055 lr: 0.001 train_loss: 93553.6562 train_distortion: 0.4172 train_mapscore: 0.0622 train_c: -1.0891 train_max_dist: 36.8252 train_imax: 49.4268 train_imin: -65.6428 time: 3.6921s
INFO:root:Epoch: 1060 lr: 0.001 train_loss: 91141.4219 train_distortion: 0.4077 train_mapscore: 0.0741 train_c: -1.0885 train_max_dist: 36.4043 train_imax: 48.3185 train_imin: -63.9508 time: 3.7037s
INFO:root:Epoch: 1065 lr: 0.001 train_loss: 88853.4609 train_distortion: 0.3996 train_mapscore: 0.0858 train_c: -1.0879 train_max_dist: 36.0410 train_imax: 47.1892 train_imin: -62.4253 time: 3.6679s
INFO:root:Epoch: 1070 lr: 0.001 train_loss: 86776.3906 train_distortion: 0.3929 train_mapscore: 0.1042 train_c: -1.0875 train_max_dist: 35.7334 train_imax: 46.0432 train_imin: -61.1410 time: 3.6433s
INFO:root:Epoch: 1075 lr: 0.001 train_loss: 85247.8984 train_distortion: 0.3872 train_mapscore: 0.1056 train_c: -1.0871 train_max_dist: 35.4824 train_imax: 45.1476 train_imin: -60.0602 time: 3.6545s
INFO:root:Epoch: 1080 lr: 0.001 train_loss: 85674.2578 train_distortion: 0.3826 train_mapscore: 0.0881 train_c: -1.0867 train_max_dist: 40.0000 train_imax: 52.5156 train_imin: -59.1747 time: 3.6842s
INFO:root:Epoch: 1085 lr: 0.001 train_loss: 84714.1406 train_distortion: 0.3783 train_mapscore: 0.0926 train_c: -1.0863 train_max_dist: 35.1445 train_imax: 53.6450 train_imin: -58.3302 time: 3.6445s
INFO:root:Epoch: 1090 lr: 0.001 train_loss: 83060.0312 train_distortion: 0.3743 train_mapscore: 0.1145 train_c: -1.0860 train_max_dist: 34.9736 train_imax: 52.4451 train_imin: -57.5009 time: 3.6282s
INFO:root:Epoch: 1095 lr: 0.001 train_loss: 81660.3125 train_distortion: 0.3706 train_mapscore: 0.1201 train_c: -1.0856 train_max_dist: 34.8193 train_imax: 51.1928 train_imin: -56.6376 time: 3.6270s
INFO:root:Epoch: 1100 lr: 0.001 train_loss: 80425.9219 train_distortion: 0.3673 train_mapscore: 0.1377 train_c: -1.0854 train_max_dist: 34.6904 train_imax: 50.1131 train_imin: -55.8276 time: 3.6191s
INFO:root:Epoch: 1105 lr: 0.001 train_loss: 79442.9688 train_distortion: 0.3644 train_mapscore: 0.1396 train_c: -1.0851 train_max_dist: 34.5693 train_imax: 49.2139 train_imin: -55.1108 time: 3.5903s
INFO:root:Epoch: 1110 lr: 0.001 train_loss: 79722.0312 train_distortion: 0.3618 train_mapscore: 0.1188 train_c: -1.0848 train_max_dist: 34.4121 train_imax: 48.3594 train_imin: -54.4669 time: 3.5714s
INFO:root:Epoch: 1115 lr: 0.001 train_loss: 79086.4531 train_distortion: 0.3595 train_mapscore: 0.1299 train_c: -1.0846 train_max_dist: 40.0000 train_imax: 47.5916 train_imin: -53.8497 time: 3.5930s
INFO:root:Epoch: 1120 lr: 0.001 train_loss: 77963.3359 train_distortion: 0.3573 train_mapscore: 0.1457 train_c: -1.0843 train_max_dist: 34.1992 train_imax: 46.9222 train_imin: -53.2925 time: 3.5794s
INFO:root:Epoch: 1125 lr: 0.001 train_loss: 76870.2500 train_distortion: 0.3555 train_mapscore: 0.1738 train_c: -1.0841 train_max_dist: 34.1074 train_imax: 46.3912 train_imin: -52.8284 time: 3.5332s
INFO:root:Epoch: 1130 lr: 0.001 train_loss: 75812.3750 train_distortion: 0.3537 train_mapscore: 0.1989 train_c: -1.0839 train_max_dist: 34.0273 train_imax: 45.9233 train_imin: -52.3961 time: 3.5552s
INFO:root:Epoch: 1135 lr: 0.001 train_loss: 74807.3125 train_distortion: 0.3522 train_mapscore: 0.2206 train_c: -1.0837 train_max_dist: 33.9521 train_imax: 45.4937 train_imin: -51.9757 time: 3.5465s
INFO:root:Epoch: 1140 lr: 0.001 train_loss: 75271.5938 train_distortion: 0.3506 train_mapscore: 0.1517 train_c: -1.0836 train_max_dist: 33.8965 train_imax: 44.9791 train_imin: -51.5967 time: 3.5481s
INFO:root:Epoch: 1145 lr: 0.001 train_loss: 76681.3281 train_distortion: 0.3488 train_mapscore: 0.1211 train_c: -1.0835 train_max_dist: 33.8428 train_imax: 44.3374 train_imin: -51.2118 time: 3.5425s
INFO:root:Epoch: 1150 lr: 0.001 train_loss: 76464.7656 train_distortion: 0.3473 train_mapscore: 0.1362 train_c: -1.0834 train_max_dist: 33.7549 train_imax: 43.7928 train_imin: -50.8534 time: 3.5318s
INFO:root:Epoch: 1155 lr: 0.001 train_loss: 75559.6094 train_distortion: 0.3459 train_mapscore: 0.1519 train_c: -1.0833 train_max_dist: 33.6592 train_imax: 43.3165 train_imin: -50.5130 time: 3.5323s
INFO:root:Epoch: 1160 lr: 0.001 train_loss: 74620.2188 train_distortion: 0.3446 train_mapscore: 0.1774 train_c: -1.0831 train_max_dist: 33.5781 train_imax: 42.8879 train_imin: -50.1637 time: 3.5750s
INFO:root:Epoch: 1165 lr: 0.001 train_loss: 79534.6562 train_distortion: 0.3463 train_mapscore: 0.0784 train_c: -1.0830 train_max_dist: 33.7295 train_imax: 43.1762 train_imin: -49.6585 time: 3.6072s
INFO:root:Epoch: 1170 lr: 0.001 train_loss: 81797.0469 train_distortion: 0.3467 train_mapscore: 0.0727 train_c: -1.0828 train_max_dist: 33.7236 train_imax: 43.0282 train_imin: -48.9880 time: 3.5862s
INFO:root:Epoch: 1175 lr: 0.001 train_loss: 81439.8828 train_distortion: 0.3457 train_mapscore: 0.0769 train_c: -1.0825 train_max_dist: 33.6318 train_imax: 42.5611 train_imin: -48.2136 time: 3.5854s
INFO:root:Epoch: 1180 lr: 0.001 train_loss: 80036.5156 train_distortion: 0.3440 train_mapscore: 0.0899 train_c: -1.0822 train_max_dist: 33.4980 train_imax: 42.0086 train_imin: -47.4702 time: 3.5847s
INFO:root:Epoch: 1185 lr: 0.001 train_loss: 80442.2344 train_distortion: 0.3424 train_mapscore: 0.0714 train_c: -1.0819 train_max_dist: 33.5762 train_imax: 41.6195 train_imin: -47.0148 time: 3.5684s
INFO:root:Epoch: 1190 lr: 0.001 train_loss: 82242.0938 train_distortion: 0.3410 train_mapscore: 0.0651 train_c: -1.0817 train_max_dist: 33.5977 train_imax: 41.1504 train_imin: -46.5740 time: 3.5853s
INFO:root:Epoch: 1195 lr: 0.001 train_loss: 82135.2734 train_distortion: 0.3392 train_mapscore: 0.0695 train_c: -1.0814 train_max_dist: 48.0000 train_imax: 40.5244 train_imin: -46.0672 time: 3.5791s
INFO:root:Epoch: 1200 lr: 0.001 train_loss: 81113.2812 train_distortion: 0.3372 train_mapscore: 0.0739 train_c: -1.0811 train_max_dist: 33.4219 train_imax: 39.3012 train_imin: -45.4986 time: 3.5811s
INFO:root:Epoch: 1205 lr: 0.001 train_loss: 79705.8750 train_distortion: 0.3353 train_mapscore: 0.0850 train_c: -1.0808 train_max_dist: 33.2881 train_imax: 38.3586 train_imin: -44.9386 time: 3.5724s
INFO:root:Epoch: 1210 lr: 0.001 train_loss: 78197.0078 train_distortion: 0.3336 train_mapscore: 0.1007 train_c: -1.0805 train_max_dist: 33.1475 train_imax: 37.6107 train_imin: -44.4137 time: 3.5403s
INFO:root:Epoch: 1215 lr: 0.001 train_loss: 76909.1562 train_distortion: 0.3321 train_mapscore: 0.1185 train_c: -1.0803 train_max_dist: 33.0293 train_imax: 37.0414 train_imin: -43.9611 time: 3.5401s
INFO:root:Epoch: 1220 lr: 0.001 train_loss: 75798.1719 train_distortion: 0.3308 train_mapscore: 0.1300 train_c: -1.0801 train_max_dist: 32.9160 train_imax: 36.6004 train_imin: -43.5749 time: 3.5264s
INFO:root:Epoch: 1225 lr: 0.001 train_loss: 74819.2891 train_distortion: 0.3298 train_mapscore: 0.1501 train_c: -1.0800 train_max_dist: 40.0000 train_imax: 36.2397 train_imin: -43.2748 time: 3.5206s
INFO:root:Epoch: 1230 lr: 0.001 train_loss: 73941.3906 train_distortion: 0.3290 train_mapscore: 0.1744 train_c: -1.0798 train_max_dist: 32.7520 train_imax: 35.9751 train_imin: -43.0379 time: 3.5070s
INFO:root:Epoch: 1235 lr: 0.001 train_loss: 73153.2031 train_distortion: 0.3283 train_mapscore: 0.2029 train_c: -1.0797 train_max_dist: 32.6904 train_imax: 35.7914 train_imin: -42.8060 time: 3.5012s
INFO:root:Epoch: 1240 lr: 0.001 train_loss: 72393.0625 train_distortion: 0.3278 train_mapscore: 0.2261 train_c: -1.0796 train_max_dist: 32.6631 train_imax: 35.6859 train_imin: -42.6407 time: 3.4953s
INFO:root:Epoch: 1245 lr: 0.001 train_loss: 71800.1484 train_distortion: 0.3274 train_mapscore: 0.2480 train_c: -1.0795 train_max_dist: 32.6533 train_imax: 35.6420 train_imin: -42.5443 time: 3.5173s
INFO:root:Epoch: 1250 lr: 0.001 train_loss: 71162.3984 train_distortion: 0.3271 train_mapscore: 0.2738 train_c: -1.0794 train_max_dist: 32.6514 train_imax: 35.6586 train_imin: -42.5093 time: 3.4706s
INFO:root:Epoch: 1255 lr: 0.001 train_loss: 70994.8281 train_distortion: 0.3269 train_mapscore: 0.2273 train_c: -1.0794 train_max_dist: 32.6338 train_imax: 35.6736 train_imin: -42.4484 time: 3.4709s
INFO:root:Epoch: 1260 lr: 0.001 train_loss: 72117.5234 train_distortion: 0.3267 train_mapscore: 0.1621 train_c: -1.0793 train_max_dist: 32.6064 train_imax: 35.7045 train_imin: -42.2291 time: 3.4575s
INFO:root:Epoch: 1265 lr: 0.001 train_loss: 72010.9453 train_distortion: 0.3264 train_mapscore: 0.1767 train_c: -1.0792 train_max_dist: 32.5830 train_imax: 35.6577 train_imin: -42.1130 time: 3.4582s
INFO:root:Epoch: 1270 lr: 0.001 train_loss: 71480.7891 train_distortion: 0.3262 train_mapscore: 0.1950 train_c: -1.0791 train_max_dist: 32.5791 train_imax: 35.6039 train_imin: -42.0355 time: 3.4552s
INFO:root:Epoch: 1275 lr: 0.001 train_loss: 70781.7812 train_distortion: 0.3261 train_mapscore: 0.2244 train_c: -1.0790 train_max_dist: 32.5752 train_imax: 35.5825 train_imin: -41.9797 time: 3.4373s
INFO:root:Epoch: 1280 lr: 0.001 train_loss: 70081.0000 train_distortion: 0.3259 train_mapscore: 0.2559 train_c: -1.0790 train_max_dist: 48.0000 train_imax: 35.5878 train_imin: -41.9526 time: 3.4616s
INFO:root:Epoch: 1285 lr: 0.001 train_loss: 69489.3281 train_distortion: 0.3259 train_mapscore: 0.2877 train_c: -1.0789 train_max_dist: 32.5957 train_imax: 35.6080 train_imin: -41.9646 time: 3.4972s
INFO:root:Epoch: 1290 lr: 0.001 train_loss: 68931.8594 train_distortion: 0.3259 train_mapscore: 0.3147 train_c: -1.0788 train_max_dist: 32.6289 train_imax: 35.6781 train_imin: -42.0219 time: 3.4849s
INFO:root:Epoch: 1295 lr: 0.001 train_loss: 68454.0625 train_distortion: 0.3260 train_mapscore: 0.3424 train_c: -1.0788 train_max_dist: 32.6611 train_imax: 35.7686 train_imin: -42.1027 time: 3.4506s
INFO:root:Epoch: 1300 lr: 0.001 train_loss: 68108.1250 train_distortion: 0.3262 train_mapscore: 0.3344 train_c: -1.0788 train_max_dist: 32.7012 train_imax: 35.7834 train_imin: -42.1156 time: 3.4532s
INFO:root:Epoch: 1305 lr: 0.001 train_loss: 67692.2188 train_distortion: 0.3264 train_mapscore: 0.3632 train_c: -1.0787 train_max_dist: 32.7500 train_imax: 35.8783 train_imin: -42.1948 time: 3.4470s
INFO:root:Epoch: 1310 lr: 0.001 train_loss: 67211.5938 train_distortion: 0.3267 train_mapscore: 0.4031 train_c: -1.0787 train_max_dist: 32.8066 train_imax: 36.0191 train_imin: -42.3327 time: 3.4464s
INFO:root:Epoch: 1315 lr: 0.001 train_loss: 66810.8594 train_distortion: 0.3271 train_mapscore: 0.4398 train_c: -1.0787 train_max_dist: 32.8594 train_imax: 36.2091 train_imin: -42.5079 time: 3.4354s
INFO:root:Epoch: 1320 lr: 0.001 train_loss: 66452.3906 train_distortion: 0.3276 train_mapscore: 0.4592 train_c: -1.0787 train_max_dist: 50.0000 train_imax: 36.4058 train_imin: -42.6998 time: 3.4481s
INFO:root:Epoch: 1325 lr: 0.001 train_loss: 66130.2031 train_distortion: 0.3281 train_mapscore: 0.4847 train_c: -1.0787 train_max_dist: 32.9795 train_imax: 36.6062 train_imin: -42.8994 time: 3.4591s
INFO:root:Epoch: 1330 lr: 0.001 train_loss: 65822.1875 train_distortion: 0.3287 train_mapscore: 0.4919 train_c: -1.0787 train_max_dist: 33.0586 train_imax: 36.8050 train_imin: -43.1300 time: 3.4701s
INFO:root:Epoch: 1335 lr: 0.001 train_loss: 65563.0547 train_distortion: 0.3294 train_mapscore: 0.5107 train_c: -1.0787 train_max_dist: 33.1328 train_imax: 37.0494 train_imin: -43.3773 time: 3.4371s
INFO:root:Epoch: 1340 lr: 0.001 train_loss: 65274.3594 train_distortion: 0.3301 train_mapscore: 0.5224 train_c: -1.0787 train_max_dist: 33.2168 train_imax: 37.3028 train_imin: -43.6403 time: 3.4296s
INFO:root:Epoch: 1345 lr: 0.001 train_loss: 65007.1641 train_distortion: 0.3309 train_mapscore: 0.5434 train_c: -1.0787 train_max_dist: 33.3057 train_imax: 37.5475 train_imin: -43.9115 time: 3.4100s
INFO:root:Epoch: 1350 lr: 0.001 train_loss: 64731.9609 train_distortion: 0.3317 train_mapscore: 0.5546 train_c: -1.0787 train_max_dist: 33.3936 train_imax: 37.8262 train_imin: -44.2173 time: 3.4083s
INFO:root:Epoch: 1355 lr: 0.001 train_loss: 64539.8750 train_distortion: 0.3326 train_mapscore: 0.5360 train_c: -1.0787 train_max_dist: 33.4844 train_imax: 38.0975 train_imin: -44.5117 time: 3.3851s
INFO:root:Epoch: 1360 lr: 0.001 train_loss: 64357.2930 train_distortion: 0.3336 train_mapscore: 0.5279 train_c: -1.0788 train_max_dist: 33.5723 train_imax: 38.3963 train_imin: -44.7979 time: 3.4119s
INFO:root:Epoch: 1365 lr: 0.001 train_loss: 64064.3594 train_distortion: 0.3346 train_mapscore: 0.5504 train_c: -1.0788 train_max_dist: 33.6621 train_imax: 38.7158 train_imin: -45.1157 time: 3.3872s
INFO:root:Epoch: 1370 lr: 0.001 train_loss: 63763.8828 train_distortion: 0.3357 train_mapscore: 0.5789 train_c: -1.0788 train_max_dist: 33.7676 train_imax: 39.0558 train_imin: -45.4543 time: 3.4293s
INFO:root:Epoch: 1375 lr: 0.001 train_loss: 63619.4219 train_distortion: 0.3369 train_mapscore: 0.5433 train_c: -1.0789 train_max_dist: 33.8750 train_imax: 39.3867 train_imin: -45.8438 time: 3.4219s
INFO:root:Epoch: 1380 lr: 0.001 train_loss: 63419.9766 train_distortion: 0.3381 train_mapscore: 0.5438 train_c: -1.0789 train_max_dist: 33.9854 train_imax: 39.7207 train_imin: -46.2127 time: 3.3839s
INFO:root:Epoch: 1385 lr: 0.001 train_loss: 63171.7969 train_distortion: 0.3393 train_mapscore: 0.5613 train_c: -1.0789 train_max_dist: 34.0908 train_imax: 40.0504 train_imin: -46.5975 time: 3.4261s
INFO:root:Epoch: 1390 lr: 0.001 train_loss: 62898.4453 train_distortion: 0.3407 train_mapscore: 0.5797 train_c: -1.0790 train_max_dist: 34.1963 train_imax: 40.4003 train_imin: -46.9944 time: 3.4352s
INFO:root:Epoch: 1395 lr: 0.001 train_loss: 62803.6406 train_distortion: 0.3421 train_mapscore: 0.5707 train_c: -1.0790 train_max_dist: 34.3203 train_imax: 40.7719 train_imin: -47.3582 time: 3.4111s
INFO:root:Epoch: 1400 lr: 0.001 train_loss: 62541.3945 train_distortion: 0.3435 train_mapscore: 0.5888 train_c: -1.0790 train_max_dist: 34.4463 train_imax: 41.1515 train_imin: -47.7314 time: 3.3970s
INFO:root:Epoch: 1405 lr: 0.001 train_loss: 62280.2539 train_distortion: 0.3451 train_mapscore: 0.6052 train_c: -1.0790 train_max_dist: 34.5674 train_imax: 41.5498 train_imin: -48.1137 time: 3.3823s
INFO:root:Epoch: 1410 lr: 0.001 train_loss: 62117.7500 train_distortion: 0.3467 train_mapscore: 0.5875 train_c: -1.0791 train_max_dist: 34.6836 train_imax: 41.9732 train_imin: -48.5439 time: 3.4096s
INFO:root:Epoch: 1415 lr: 0.001 train_loss: 62005.1328 train_distortion: 0.3485 train_mapscore: 0.5815 train_c: -1.0791 train_max_dist: 50.0000 train_imax: 42.3993 train_imin: -48.9890 time: 3.4072s
INFO:root:Epoch: 1420 lr: 0.001 train_loss: 61958.9961 train_distortion: 0.3502 train_mapscore: 0.5594 train_c: -1.0791 train_max_dist: 34.9258 train_imax: 42.7785 train_imin: -49.3813 time: 3.3749s
INFO:root:Epoch: 1425 lr: 0.001 train_loss: 61663.5742 train_distortion: 0.3520 train_mapscore: 0.5841 train_c: -1.0792 train_max_dist: 35.0430 train_imax: 43.2168 train_imin: -49.8169 time: 3.3772s
INFO:root:Epoch: 1430 lr: 0.001 train_loss: 61389.4648 train_distortion: 0.3540 train_mapscore: 0.6025 train_c: -1.0792 train_max_dist: 35.1641 train_imax: 43.6407 train_imin: -50.2605 time: 3.4039s
INFO:root:Epoch: 1435 lr: 0.001 train_loss: 61097.4336 train_distortion: 0.3560 train_mapscore: 0.6173 train_c: -1.0792 train_max_dist: 35.2949 train_imax: 44.0460 train_imin: -50.7179 time: 3.4011s
INFO:root:Epoch: 1440 lr: 0.001 train_loss: 60809.8750 train_distortion: 0.3582 train_mapscore: 0.6372 train_c: -1.0793 train_max_dist: 40.0000 train_imax: 44.5022 train_imin: -51.1928 time: 3.3912s
INFO:root:Epoch: 1445 lr: 0.001 train_loss: 60542.3672 train_distortion: 0.3605 train_mapscore: 0.6411 train_c: -1.0793 train_max_dist: 35.5605 train_imax: 45.0111 train_imin: -51.6981 time: 3.3995s
INFO:root:Epoch: 1450 lr: 0.001 train_loss: 60277.4375 train_distortion: 0.3629 train_mapscore: 0.6535 train_c: -1.0793 train_max_dist: 35.6982 train_imax: 45.5222 train_imin: -52.2409 time: 3.3958s
INFO:root:Epoch: 1455 lr: 0.001 train_loss: 60014.8750 train_distortion: 0.3654 train_mapscore: 0.6676 train_c: -1.0793 train_max_dist: 35.8350 train_imax: 46.0335 train_imin: -52.7906 time: 3.4132s
INFO:root:Epoch: 1460 lr: 0.001 train_loss: 59845.9219 train_distortion: 0.3681 train_mapscore: 0.6539 train_c: -1.0794 train_max_dist: 35.9727 train_imax: 46.5608 train_imin: -53.3136 time: 3.3971s
INFO:root:Epoch: 1465 lr: 0.001 train_loss: 59626.0156 train_distortion: 0.3709 train_mapscore: 0.6657 train_c: -1.0794 train_max_dist: 36.1201 train_imax: 47.1215 train_imin: -53.8888 time: 3.3712s
INFO:root:Epoch: 1470 lr: 0.001 train_loss: 59400.8867 train_distortion: 0.3738 train_mapscore: 0.6687 train_c: -1.0794 train_max_dist: 36.2715 train_imax: 47.7059 train_imin: -54.5152 time: 3.3733s
INFO:root:Epoch: 1475 lr: 0.001 train_loss: 59229.2539 train_distortion: 0.3768 train_mapscore: 0.6623 train_c: -1.0795 train_max_dist: 36.4189 train_imax: 48.2731 train_imin: -55.1647 time: 3.3640s
INFO:root:Epoch: 1480 lr: 0.001 train_loss: 58982.2969 train_distortion: 0.3799 train_mapscore: 0.6762 train_c: -1.0795 train_max_dist: 36.5674 train_imax: 48.8192 train_imin: -55.8236 time: 3.3942s
INFO:root:Epoch: 1485 lr: 0.001 train_loss: 58722.3047 train_distortion: 0.3831 train_mapscore: 0.6879 train_c: -1.0795 train_max_dist: 36.7168 train_imax: 49.4017 train_imin: -56.4589 time: 3.4048s
INFO:root:Epoch: 1490 lr: 0.001 train_loss: 58647.4805 train_distortion: 0.3865 train_mapscore: 0.6682 train_c: -1.0796 train_max_dist: 36.8662 train_imax: 50.0060 train_imin: -57.1167 time: 3.3906s
INFO:root:Epoch: 1495 lr: 0.001 train_loss: 58481.3281 train_distortion: 0.3899 train_mapscore: 0.6666 train_c: -1.0796 train_max_dist: 37.0088 train_imax: 50.6273 train_imin: -57.7639 time: 3.4283s
INFO:root:Epoch: 1500 lr: 0.001 train_loss: 58363.4492 train_distortion: 0.3935 train_mapscore: 0.6499 train_c: -1.0797 train_max_dist: 37.1631 train_imax: 51.1813 train_imin: -58.4421 time: 3.4173s
INFO:root:Epoch: 1505 lr: 0.001 train_loss: 58355.6562 train_distortion: 0.3972 train_mapscore: 0.6353 train_c: -1.0798 train_max_dist: 37.3086 train_imax: 51.7763 train_imin: -59.1601 time: 3.3725s
INFO:root:Epoch: 1510 lr: 0.001 train_loss: 58161.3789 train_distortion: 0.4010 train_mapscore: 0.6436 train_c: -1.0798 train_max_dist: 37.4678 train_imax: 52.3985 train_imin: -59.8620 time: 3.3884s
INFO:root:Epoch: 1515 lr: 0.001 train_loss: 57879.3438 train_distortion: 0.4048 train_mapscore: 0.6586 train_c: -1.0799 train_max_dist: 37.6318 train_imax: 53.0683 train_imin: -60.5384 time: 3.3956s
INFO:root:Epoch: 1520 lr: 0.001 train_loss: 57557.4805 train_distortion: 0.4088 train_mapscore: 0.6844 train_c: -1.0799 train_max_dist: 37.7891 train_imax: 53.7020 train_imin: -61.2200 time: 3.3933s
INFO:root:Epoch: 1525 lr: 0.001 train_loss: 57303.4609 train_distortion: 0.4129 train_mapscore: 0.6928 train_c: -1.0799 train_max_dist: 48.0000 train_imax: 54.2847 train_imin: -61.8864 time: 3.3929s
INFO:root:Epoch: 1530 lr: 0.001 train_loss: 57095.7422 train_distortion: 0.4172 train_mapscore: 0.6921 train_c: -1.0799 train_max_dist: 38.1104 train_imax: 54.9222 train_imin: -62.5988 time: 3.3851s
INFO:root:Epoch: 1535 lr: 0.001 train_loss: 56802.4609 train_distortion: 0.4217 train_mapscore: 0.7053 train_c: -1.0800 train_max_dist: 38.2773 train_imax: 55.6329 train_imin: -63.3679 time: 3.3779s
INFO:root:Epoch: 1540 lr: 0.001 train_loss: 56534.7656 train_distortion: 0.4263 train_mapscore: 0.7116 train_c: -1.0800 train_max_dist: 38.4414 train_imax: 56.3504 train_imin: -64.1063 time: 3.4038s
INFO:root:Epoch: 1545 lr: 0.001 train_loss: 56251.4648 train_distortion: 0.4313 train_mapscore: 0.7227 train_c: -1.0800 train_max_dist: 50.0000 train_imax: 57.0838 train_imin: -64.8858 time: 3.3950s
INFO:root:Epoch: 1550 lr: 0.001 train_loss: 56019.8359 train_distortion: 0.4364 train_mapscore: 0.7244 train_c: -1.0800 train_max_dist: 38.7930 train_imax: 57.8678 train_imin: -65.7038 time: 3.3600s
INFO:root:Epoch: 1555 lr: 0.001 train_loss: 56240.3789 train_distortion: 0.4416 train_mapscore: 0.6301 train_c: -1.0801 train_max_dist: 38.9727 train_imax: 58.6507 train_imin: -66.5054 time: 3.3554s
INFO:root:Epoch: 1560 lr: 0.001 train_loss: 75246.6172 train_distortion: 0.4392 train_mapscore: 0.1029 train_c: -1.0804 train_max_dist: 38.8750 train_imax: 58.4830 train_imin: -66.2921 time: 3.4457s
INFO:root:Epoch: 1565 lr: 0.001 train_loss: 89401.4375 train_distortion: 0.4353 train_mapscore: 0.0545 train_c: -1.0806 train_max_dist: 38.6855 train_imax: 56.8919 train_imin: -65.9917 time: 3.5810s
INFO:root:Epoch: 1570 lr: 0.001 train_loss: 98814.3594 train_distortion: 0.4314 train_mapscore: 0.0367 train_c: -1.0806 train_max_dist: 38.3418 train_imax: 54.8280 train_imin: -65.7753 time: 3.6971s
INFO:root:Epoch: 1575 lr: 0.001 train_loss: 102557.2891 train_distortion: 0.4218 train_mapscore: 0.0336 train_c: -1.0803 train_max_dist: 37.8291 train_imax: 52.3939 train_imin: -64.2417 time: 3.7369s
INFO:root:Epoch: 1580 lr: 0.001 train_loss: 103540.9688 train_distortion: 0.4123 train_mapscore: 0.0332 train_c: -1.0800 train_max_dist: 37.4414 train_imax: 49.8543 train_imin: -61.9055 time: 3.8338s
INFO:root:Epoch: 1585 lr: 0.001 train_loss: 102781.1094 train_distortion: 0.4026 train_mapscore: 0.0341 train_c: -1.0794 train_max_dist: 37.0293 train_imax: 47.4556 train_imin: -59.4901 time: 3.8158s
INFO:root:Epoch: 1590 lr: 0.001 train_loss: 103726.6562 train_distortion: 0.3952 train_mapscore: 0.0304 train_c: -1.0790 train_max_dist: 48.0000 train_imax: 46.1473 train_imin: -58.0989 time: 3.8023s
INFO:root:Epoch: 1595 lr: 0.001 train_loss: 103547.9219 train_distortion: 0.3875 train_mapscore: 0.0316 train_c: -1.0784 train_max_dist: 35.7598 train_imax: 44.5865 train_imin: -56.4568 time: 3.8065s
INFO:root:Epoch: 1600 lr: 0.001 train_loss: 102157.1406 train_distortion: 0.3800 train_mapscore: 0.0340 train_c: -1.0777 train_max_dist: 35.2461 train_imax: 43.0340 train_imin: -54.8401 time: 3.8006s
INFO:root:Epoch: 1605 lr: 0.001 train_loss: 100124.9688 train_distortion: 0.3731 train_mapscore: 0.0376 train_c: -1.0771 train_max_dist: 34.8311 train_imax: 41.5548 train_imin: -53.3139 time: 3.7979s
INFO:root:Epoch: 1610 lr: 0.001 train_loss: 97964.2188 train_distortion: 0.3670 train_mapscore: 0.0441 train_c: -1.0764 train_max_dist: 34.4736 train_imax: 40.2007 train_imin: -51.9341 time: 3.7695s
INFO:root:Epoch: 1615 lr: 0.001 train_loss: 95911.9453 train_distortion: 0.3617 train_mapscore: 0.0512 train_c: -1.0758 train_max_dist: 34.1445 train_imax: 38.9824 train_imin: -50.6656 time: 3.7559s
INFO:root:Epoch: 1620 lr: 0.001 train_loss: 94131.9531 train_distortion: 0.3570 train_mapscore: 0.0574 train_c: -1.0753 train_max_dist: 48.0000 train_imax: 37.7966 train_imin: -49.3997 time: 3.7465s
INFO:root:Epoch: 1625 lr: 0.001 train_loss: 92577.2266 train_distortion: 0.3528 train_mapscore: 0.0598 train_c: -1.0748 train_max_dist: 50.0000 train_imax: 36.6496 train_imin: -48.1865 time: 3.7496s
INFO:root:Epoch: 1630 lr: 0.001 train_loss: 91219.8594 train_distortion: 0.3491 train_mapscore: 0.0637 train_c: -1.0744 train_max_dist: 33.2354 train_imax: 35.6559 train_imin: -47.0664 time: 3.7131s
INFO:root:Epoch: 1635 lr: 0.001 train_loss: 89987.8281 train_distortion: 0.3459 train_mapscore: 0.0679 train_c: -1.0740 train_max_dist: 33.0098 train_imax: 34.8147 train_imin: -46.0425 time: 3.6999s
INFO:root:Epoch: 1640 lr: 0.001 train_loss: 88829.7500 train_distortion: 0.3432 train_mapscore: 0.0742 train_c: -1.0736 train_max_dist: 32.8105 train_imax: 34.0902 train_imin: -45.0965 time: 3.6753s
INFO:root:Epoch: 1645 lr: 0.001 train_loss: 87654.9531 train_distortion: 0.3410 train_mapscore: 0.0880 train_c: -1.0733 train_max_dist: 48.0000 train_imax: 33.4544 train_imin: -44.2728 time: 3.6902s
INFO:root:Epoch: 1650 lr: 0.001 train_loss: 86509.6484 train_distortion: 0.3390 train_mapscore: 0.0998 train_c: -1.0730 train_max_dist: 32.3809 train_imax: 32.8701 train_imin: -43.5644 time: 3.6932s
INFO:root:Epoch: 1655 lr: 0.001 train_loss: 85595.0391 train_distortion: 0.3374 train_mapscore: 0.1142 train_c: -1.0727 train_max_dist: 32.2383 train_imax: 32.3828 train_imin: -42.9519 time: 3.6841s
INFO:root:Epoch: 1660 lr: 0.001 train_loss: 84595.9219 train_distortion: 0.3360 train_mapscore: 0.1273 train_c: -1.0725 train_max_dist: 32.1055 train_imax: 31.9506 train_imin: -42.3902 time: 3.6518s
INFO:root:Epoch: 1665 lr: 0.001 train_loss: 83748.9375 train_distortion: 0.3348 train_mapscore: 0.1427 train_c: -1.0723 train_max_dist: 31.9844 train_imax: 31.5524 train_imin: -41.8841 time: 3.6937s
INFO:root:Epoch: 1670 lr: 0.001 train_loss: 82995.8906 train_distortion: 0.3337 train_mapscore: 0.1467 train_c: -1.0721 train_max_dist: 40.0000 train_imax: 31.2306 train_imin: -41.3838 time: 3.6844s
INFO:root:Epoch: 1675 lr: 0.001 train_loss: 86207.7031 train_distortion: 0.3321 train_mapscore: 0.0545 train_c: -1.0721 train_max_dist: 50.0000 train_imax: 30.5701 train_imin: -40.3695 time: 3.6695s
INFO:root:Epoch: 1680 lr: 0.001 train_loss: 90090.7422 train_distortion: 0.3318 train_mapscore: 0.0415 train_c: -1.0722 train_max_dist: 31.3564 train_imax: 29.7486 train_imin: -39.2427 time: 3.7163s
INFO:root:Epoch: 1685 lr: 0.001 train_loss: 91470.1875 train_distortion: 0.3320 train_mapscore: 0.0392 train_c: -1.0722 train_max_dist: 31.0527 train_imax: 29.0661 train_imin: -38.3264 time: 3.7359s
INFO:root:Epoch: 1690 lr: 0.001 train_loss: 91568.0938 train_distortion: 0.3321 train_mapscore: 0.0400 train_c: -1.0720 train_max_dist: 30.7910 train_imax: 28.4841 train_imin: -37.5610 time: 3.7437s
INFO:root:Epoch: 1695 lr: 0.001 train_loss: 90908.7656 train_distortion: 0.3321 train_mapscore: 0.0454 train_c: -1.0717 train_max_dist: 30.5586 train_imax: 27.9966 train_imin: -36.9012 time: 3.7263s
INFO:root:Epoch: 1700 lr: 0.001 train_loss: 89969.5859 train_distortion: 0.3320 train_mapscore: 0.0517 train_c: -1.0715 train_max_dist: 30.3628 train_imax: 27.5781 train_imin: -36.3430 time: 3.7055s
INFO:root:Epoch: 1705 lr: 0.001 train_loss: 88951.8125 train_distortion: 0.3318 train_mapscore: 0.0566 train_c: -1.0712 train_max_dist: 30.1909 train_imax: 27.2223 train_imin: -35.8622 time: 3.7064s
INFO:root:Epoch: 1710 lr: 0.001 train_loss: 87980.9219 train_distortion: 0.3317 train_mapscore: 0.0657 train_c: -1.0709 train_max_dist: 30.0435 train_imax: 26.9306 train_imin: -35.4682 time: 3.7107s
INFO:root:Epoch: 1715 lr: 0.001 train_loss: 87033.1953 train_distortion: 0.3316 train_mapscore: 0.0738 train_c: -1.0707 train_max_dist: 32.0000 train_imax: 26.6839 train_imin: -35.1198 time: 3.6648s
INFO:root:Epoch: 1720 lr: 0.001 train_loss: 86178.5938 train_distortion: 0.3315 train_mapscore: 0.0827 train_c: -1.0704 train_max_dist: 29.7920 train_imax: 26.4589 train_imin: -34.8187 time: 3.6843s
INFO:root:Epoch: 1725 lr: 0.001 train_loss: 85386.3438 train_distortion: 0.3313 train_mapscore: 0.0942 train_c: -1.0702 train_max_dist: 29.6899 train_imax: 26.2623 train_imin: -34.5631 time: 3.6724s
INFO:root:Epoch: 1730 lr: 0.001 train_loss: 85148.8125 train_distortion: 0.3315 train_mapscore: 0.0628 train_c: -1.0701 train_max_dist: 29.5137 train_imax: 26.0215 train_imin: -34.1602 time: 3.6728s
INFO:root:Epoch: 1735 lr: 0.001 train_loss: 85242.6562 train_distortion: 0.3317 train_mapscore: 0.0620 train_c: -1.0700 train_max_dist: 29.3271 train_imax: 25.7821 train_imin: -33.7431 time: 3.6630s
INFO:root:Epoch: 1740 lr: 0.001 train_loss: 84936.2969 train_distortion: 0.3319 train_mapscore: 0.0647 train_c: -1.0698 train_max_dist: 32.0000 train_imax: 25.5814 train_imin: -33.4101 time: 3.6459s
INFO:root:Epoch: 1745 lr: 0.001 train_loss: 84462.4375 train_distortion: 0.3320 train_mapscore: 0.0751 train_c: -1.0697 train_max_dist: 29.0654 train_imax: 25.4163 train_imin: -33.1250 time: 3.6501s
INFO:root:Epoch: 1750 lr: 0.001 train_loss: 83886.6484 train_distortion: 0.3321 train_mapscore: 0.0842 train_c: -1.0696 train_max_dist: 28.9731 train_imax: 25.2728 train_imin: -32.8623 time: 3.6833s
INFO:root:Epoch: 1755 lr: 0.001 train_loss: 83249.1406 train_distortion: 0.3321 train_mapscore: 0.0951 train_c: -1.0695 train_max_dist: 28.8999 train_imax: 25.1490 train_imin: -32.6183 time: 3.6445s
INFO:root:Epoch: 1760 lr: 0.001 train_loss: 82606.9688 train_distortion: 0.3321 train_mapscore: 0.1090 train_c: -1.0693 train_max_dist: 28.8457 train_imax: 25.0407 train_imin: -32.4039 time: 3.6013s
INFO:root:Epoch: 1765 lr: 0.001 train_loss: 82096.2109 train_distortion: 0.3322 train_mapscore: 0.1123 train_c: -1.0693 train_max_dist: 28.7866 train_imax: 24.9200 train_imin: -32.2388 time: 3.6018s
INFO:root:Epoch: 1770 lr: 0.001 train_loss: 81605.2500 train_distortion: 0.3323 train_mapscore: 0.1172 train_c: -1.0692 train_max_dist: 28.7251 train_imax: 24.7942 train_imin: -32.1198 time: 3.5974s
INFO:root:Epoch: 1775 lr: 0.001 train_loss: 81155.9375 train_distortion: 0.3323 train_mapscore: 0.1333 train_c: -1.0692 train_max_dist: 28.6792 train_imax: 24.6786 train_imin: -31.9968 time: 3.5998s
INFO:root:Epoch: 1780 lr: 0.001 train_loss: 80823.0625 train_distortion: 0.3324 train_mapscore: 0.1192 train_c: -1.0691 train_max_dist: 28.6240 train_imax: 24.4936 train_imin: -31.8604 time: 3.5772s
INFO:root:Epoch: 1785 lr: 0.001 train_loss: 80721.2656 train_distortion: 0.3325 train_mapscore: 0.1069 train_c: -1.0690 train_max_dist: 28.5581 train_imax: 24.2612 train_imin: -31.7151 time: 3.5836s
INFO:root:Epoch: 1790 lr: 0.001 train_loss: 80452.1562 train_distortion: 0.3326 train_mapscore: 0.1204 train_c: -1.0689 train_max_dist: 28.5024 train_imax: 24.0821 train_imin: -31.5770 time: 3.6027s
INFO:root:Epoch: 1795 lr: 0.001 train_loss: 80083.8203 train_distortion: 0.3327 train_mapscore: 0.1278 train_c: -1.0689 train_max_dist: 28.4531 train_imax: 23.9661 train_imin: -31.4581 time: 3.5971s
INFO:root:Epoch: 1800 lr: 0.001 train_loss: 79722.2344 train_distortion: 0.3327 train_mapscore: 0.1453 train_c: -1.0688 train_max_dist: 28.4209 train_imax: 23.8759 train_imin: -31.3561 time: 3.5557s
INFO:root:Epoch: 1805 lr: 0.001 train_loss: 79325.1016 train_distortion: 0.3326 train_mapscore: 0.1633 train_c: -1.0688 train_max_dist: 28.3984 train_imax: 23.7903 train_imin: -31.2786 time: 3.5973s
INFO:root:Epoch: 1810 lr: 0.001 train_loss: 78965.9766 train_distortion: 0.3326 train_mapscore: 0.1835 train_c: -1.0688 train_max_dist: 32.0000 train_imax: 23.7310 train_imin: -31.2130 time: 3.5730s
INFO:root:Epoch: 1815 lr: 0.001 train_loss: 78617.0859 train_distortion: 0.3325 train_mapscore: 0.2065 train_c: -1.0687 train_max_dist: 32.0000 train_imax: 23.6787 train_imin: -31.1666 time: 3.5780s
INFO:root:Epoch: 1820 lr: 0.001 train_loss: 78293.3906 train_distortion: 0.3324 train_mapscore: 0.2189 train_c: -1.0687 train_max_dist: 28.3413 train_imax: 23.6451 train_imin: -31.1319 time: 3.5717s
INFO:root:Epoch: 1825 lr: 0.001 train_loss: 78012.0391 train_distortion: 0.3323 train_mapscore: 0.2307 train_c: -1.0687 train_max_dist: 28.3306 train_imax: 23.6167 train_imin: -31.1061 time: 3.5855s
INFO:root:Epoch: 1830 lr: 0.001 train_loss: 77718.9688 train_distortion: 0.3322 train_mapscore: 0.2494 train_c: -1.0687 train_max_dist: 28.3252 train_imax: 23.5918 train_imin: -31.0860 time: 3.5432s
INFO:root:Epoch: 1835 lr: 0.001 train_loss: 77412.6094 train_distortion: 0.3320 train_mapscore: 0.2681 train_c: -1.0686 train_max_dist: 32.0000 train_imax: 23.5809 train_imin: -31.0785 time: 3.5899s
INFO:root:Epoch: 1840 lr: 0.001 train_loss: 77153.7266 train_distortion: 0.3318 train_mapscore: 0.2818 train_c: -1.0686 train_max_dist: 28.3281 train_imax: 23.5726 train_imin: -31.0734 time: 3.5859s
INFO:root:Epoch: 1845 lr: 0.001 train_loss: 76921.2812 train_distortion: 0.3317 train_mapscore: 0.2957 train_c: -1.0686 train_max_dist: 32.0000 train_imax: 23.5561 train_imin: -31.0614 time: 3.5585s
INFO:root:Epoch: 1850 lr: 0.001 train_loss: 76656.1406 train_distortion: 0.3315 train_mapscore: 0.3147 train_c: -1.0686 train_max_dist: 28.3428 train_imax: 23.5530 train_imin: -31.0634 time: 3.5400s
INFO:root:Epoch: 1855 lr: 0.001 train_loss: 76390.9688 train_distortion: 0.3313 train_mapscore: 0.3268 train_c: -1.0686 train_max_dist: 48.0000 train_imax: 23.5650 train_imin: -31.0688 time: 3.5182s
INFO:root:Epoch: 1860 lr: 0.001 train_loss: 76134.7031 train_distortion: 0.3311 train_mapscore: 0.3399 train_c: -1.0686 train_max_dist: 28.3599 train_imax: 23.5897 train_imin: -31.0803 time: 3.5013s
INFO:root:Epoch: 1865 lr: 0.001 train_loss: 75907.6797 train_distortion: 0.3308 train_mapscore: 0.3494 train_c: -1.0686 train_max_dist: 28.3760 train_imax: 23.6190 train_imin: -31.1098 time: 3.5268s
INFO:root:Epoch: 1870 lr: 0.001 train_loss: 75694.0547 train_distortion: 0.3306 train_mapscore: 0.3596 train_c: -1.0686 train_max_dist: 28.3906 train_imax: 23.6653 train_imin: -31.1479 time: 3.5042s
INFO:root:Epoch: 1875 lr: 0.001 train_loss: 75459.0469 train_distortion: 0.3303 train_mapscore: 0.3718 train_c: -1.0686 train_max_dist: 28.4082 train_imax: 23.7118 train_imin: -31.1980 time: 3.5465s
INFO:root:Epoch: 1880 lr: 0.001 train_loss: 75256.8438 train_distortion: 0.3301 train_mapscore: 0.3645 train_c: -1.0687 train_max_dist: 28.4302 train_imax: 23.7622 train_imin: -31.2659 time: 3.5553s
INFO:root:Epoch: 1885 lr: 0.001 train_loss: 83520.0156 train_distortion: 0.3302 train_mapscore: 0.0468 train_c: -1.0690 train_max_dist: 28.8477 train_imax: 24.4888 train_imin: -31.8917 time: 3.6148s
INFO:root:Epoch: 1890 lr: 0.001 train_loss: 92493.4922 train_distortion: 0.3343 train_mapscore: 0.0305 train_c: -1.0694 train_max_dist: 29.1348 train_imax: 24.9399 train_imin: -31.9936 time: 3.7624s
INFO:root:Epoch: 1895 lr: 0.001 train_loss: 96925.9375 train_distortion: 0.3380 train_mapscore: 0.0251 train_c: -1.0695 train_max_dist: 29.1519 train_imax: 24.8779 train_imin: -31.6703 time: 3.8691s
INFO:root:Epoch: 1900 lr: 0.001 train_loss: 98846.2188 train_distortion: 0.3405 train_mapscore: 0.0254 train_c: -1.0694 train_max_dist: 29.0537 train_imax: 24.6051 train_imin: -31.2071 time: 3.9169s
INFO:root:Epoch: 1905 lr: 0.001 train_loss: 99326.4844 train_distortion: 0.3421 train_mapscore: 0.0242 train_c: -1.0693 train_max_dist: 28.9062 train_imax: 24.2067 train_imin: -30.6881 time: 3.9324s
INFO:root:Epoch: 1910 lr: 0.001 train_loss: 98860.9688 train_distortion: 0.3432 train_mapscore: 0.0261 train_c: -1.0690 train_max_dist: 28.7544 train_imax: 23.7913 train_imin: -30.2048 time: 3.9060s
INFO:root:Epoch: 1915 lr: 0.001 train_loss: 98073.5312 train_distortion: 0.3441 train_mapscore: 0.0291 train_c: -1.0686 train_max_dist: 28.5898 train_imax: 23.3730 train_imin: -29.7628 time: 3.8958s
INFO:root:Epoch: 1920 lr: 0.001 train_loss: 97156.4219 train_distortion: 0.3448 train_mapscore: 0.0327 train_c: -1.0683 train_max_dist: 28.4351 train_imax: 22.9780 train_imin: -29.3525 time: 3.9202s
INFO:root:Epoch: 1925 lr: 0.001 train_loss: 96307.0547 train_distortion: 0.3453 train_mapscore: 0.0317 train_c: -1.0679 train_max_dist: 28.3115 train_imax: 22.7122 train_imin: -29.0626 time: 3.9141s
INFO:root:Epoch: 1930 lr: 0.001 train_loss: 95585.8047 train_distortion: 0.3458 train_mapscore: 0.0353 train_c: -1.0675 train_max_dist: 28.1890 train_imax: 22.4413 train_imin: -28.7883 time: 3.8504s
INFO:root:Epoch: 1935 lr: 0.001 train_loss: 94817.0469 train_distortion: 0.3463 train_mapscore: 0.0404 train_c: -1.0671 train_max_dist: 28.0688 train_imax: 22.1699 train_imin: -28.5115 time: 3.8455s
INFO:root:Epoch: 1940 lr: 0.001 train_loss: 94080.6016 train_distortion: 0.3468 train_mapscore: 0.0422 train_c: -1.0668 train_max_dist: 27.9561 train_imax: 21.9038 train_imin: -28.2438 time: 3.8496s
INFO:root:Epoch: 1945 lr: 0.001 train_loss: 93472.9688 train_distortion: 0.3474 train_mapscore: 0.0468 train_c: -1.0664 train_max_dist: 27.8525 train_imax: 21.6421 train_imin: -27.9911 time: 3.8291s
INFO:root:Epoch: 1950 lr: 0.001 train_loss: 92783.8281 train_distortion: 0.3478 train_mapscore: 0.0497 train_c: -1.0661 train_max_dist: 27.7451 train_imax: 21.3888 train_imin: -27.7537 time: 3.8621s
INFO:root:Epoch: 1955 lr: 0.001 train_loss: 92118.6094 train_distortion: 0.3484 train_mapscore: 0.0567 train_c: -1.0658 train_max_dist: 27.6411 train_imax: 21.1133 train_imin: -27.5299 time: 3.8320s
INFO:root:Epoch: 1960 lr: 0.001 train_loss: 91610.7812 train_distortion: 0.3487 train_mapscore: 0.0505 train_c: -1.0655 train_max_dist: 27.5654 train_imax: 20.9662 train_imin: -27.3330 time: 3.8470s
INFO:root:Epoch: 1965 lr: 0.001 train_loss: 91216.9375 train_distortion: 0.3490 train_mapscore: 0.0496 train_c: -1.0651 train_max_dist: 27.5020 train_imax: 20.8578 train_imin: -27.1752 time: 3.8231s
INFO:root:Epoch: 1970 lr: 0.001 train_loss: 90781.1484 train_distortion: 0.3494 train_mapscore: 0.0549 train_c: -1.0648 train_max_dist: 32.0000 train_imax: 20.7195 train_imin: -27.0328 time: 3.7918s
INFO:root:Epoch: 1975 lr: 0.001 train_loss: 90342.6406 train_distortion: 0.3497 train_mapscore: 0.0610 train_c: -1.0645 train_max_dist: 28.0000 train_imax: 20.5514 train_imin: -26.8876 time: 3.7779s
INFO:root:Epoch: 1980 lr: 0.001 train_loss: 89852.0000 train_distortion: 0.3501 train_mapscore: 0.0690 train_c: -1.0643 train_max_dist: 27.2852 train_imax: 20.3842 train_imin: -26.7304 time: 3.7691s
INFO:root:Epoch: 1985 lr: 0.001 train_loss: 89373.6562 train_distortion: 0.3505 train_mapscore: 0.0782 train_c: -1.0640 train_max_dist: 27.2129 train_imax: 20.2098 train_imin: -26.5663 time: 3.7930s
INFO:root:Epoch: 1990 lr: 0.001 train_loss: 88946.2344 train_distortion: 0.3509 train_mapscore: 0.0867 train_c: -1.0638 train_max_dist: 27.1440 train_imax: 20.0357 train_imin: -26.4153 time: 3.7813s
INFO:root:Epoch: 1995 lr: 0.001 train_loss: 88452.1250 train_distortion: 0.3512 train_mapscore: 0.0952 train_c: -1.0636 train_max_dist: 40.0000 train_imax: 19.8693 train_imin: -26.2778 time: 3.7628s
INFO:root:Epoch: 2000 lr: 0.00025 train_loss: 88127.9062 train_distortion: 0.3515 train_mapscore: 0.1052 train_c: -1.0634 train_max_dist: 27.0146 train_imax: 19.7097 train_imin: -26.1645 time: 3.7809s
INFO:root:Optimization Finished!
INFO:root:Total time elapsed: 6855.6822s
INFO:root:Val set results: val_distortion: 1.0000 val_mapscore: -1.0000 val_c: -1.0000 val_max_dist: 0.0000
INFO:root:Test set results: test_loss: 88056.3359 test_distortion: 0.3516 test_mapscore: 0.1066 test_c: -1.0634 test_max_dist: 27.0034 test_imax: 19.6804 test_imin: -26.1399
INFO:root:Saved model in /workspace/xiongbo/hgcn/logs/md/2021_5_22/4
