INFO:root:Using: cuda:0
INFO:root:Using seed 1234.
INFO:root:MDModel(
  (encoder): HGCN(
    (layers): Sequential(
      (0): HyperbolicGraphConvolution(
        (linear): HypLinear(
          in_features=4942, out_features=10, c=Parameter containing:
          tensor([-1.], requires_grad=True)
        )
        (agg): HypAgg(
          c=Parameter containing:
          tensor([-1.], requires_grad=True)
        )
        (hyp_act): HypAct(
          c_in=Parameter containing:
          tensor([-1.], requires_grad=True), c_out=Parameter containing:
          tensor([-1.], requires_grad=True)
        )
      )
    )
  )
  (decoder): MDDecoder()
)
INFO:root:Total number of parameters: 49432
/workspace/anaconda3/envs/geo/lib/python3.7/site-packages/torch/optim/lr_scheduler.py:370: UserWarning: To get the last learning rate computed by the scheduler, please use `get_last_lr()`.
  "please use `get_last_lr()`.", UserWarning)
INFO:root:Epoch: 0005 lr: 0.001 train_loss: 110507.8281 train_distortion: 0.9640 train_mapscore: 0.0090 train_c: -1.0004 train_max_dist: 1.5465 train_imax: -0.0000 train_imin: -1.4578 time: 5.1957s
INFO:root:Epoch: 0010 lr: 0.001 train_loss: 109518.1484 train_distortion: 0.9584 train_mapscore: 0.0164 train_c: -1.0009 train_max_dist: 1.6945 train_imax: -0.0000 train_imin: -1.4816 time: 4.4627s
INFO:root:Epoch: 0015 lr: 0.001 train_loss: 108674.3594 train_distortion: 0.9524 train_mapscore: 0.0262 train_c: -1.0014 train_max_dist: 1.9023 train_imax: -0.0000 train_imin: -1.5011 time: 4.1084s
INFO:root:Epoch: 0020 lr: 0.001 train_loss: 107888.4531 train_distortion: 0.9459 train_mapscore: 0.0344 train_c: -1.0020 train_max_dist: 1.9653 train_imax: -0.0000 train_imin: -1.5267 time: 4.2327s
INFO:root:Epoch: 0025 lr: 0.001 train_loss: 107127.4219 train_distortion: 0.9392 train_mapscore: 0.0459 train_c: -1.0026 train_max_dist: 2.1209 train_imax: -0.0000 train_imin: -1.5463 time: 3.6302s
INFO:root:Epoch: 0030 lr: 0.001 train_loss: 106379.2734 train_distortion: 0.9323 train_mapscore: 0.0616 train_c: -1.0031 train_max_dist: 2.2313 train_imax: -0.0000 train_imin: -1.5377 time: 3.4985s
INFO:root:Epoch: 0035 lr: 0.001 train_loss: 105639.0234 train_distortion: 0.9252 train_mapscore: 0.0784 train_c: -1.0038 train_max_dist: 2.2586 train_imax: -0.0000 train_imin: -1.5314 time: 3.4113s
INFO:root:Epoch: 0040 lr: 0.001 train_loss: 104895.8906 train_distortion: 0.9179 train_mapscore: 0.0969 train_c: -1.0044 train_max_dist: 2.4018 train_imax: -0.0000 train_imin: -1.5353 time: 3.3471s
INFO:root:Epoch: 0045 lr: 0.001 train_loss: 104155.9766 train_distortion: 0.9105 train_mapscore: 0.1140 train_c: -1.0050 train_max_dist: 2.5316 train_imax: -0.0000 train_imin: -1.5369 time: 3.3245s
INFO:root:Epoch: 0050 lr: 0.001 train_loss: 103422.5156 train_distortion: 0.9031 train_mapscore: 0.1350 train_c: -1.0057 train_max_dist: 2.6488 train_imax: -0.0000 train_imin: -1.6168 time: 3.2831s
INFO:root:Epoch: 0055 lr: 0.001 train_loss: 102706.6250 train_distortion: 0.8959 train_mapscore: 0.1519 train_c: -1.0064 train_max_dist: 2.7445 train_imax: -0.0000 train_imin: -1.6930 time: 3.2603s
INFO:root:Epoch: 0060 lr: 0.001 train_loss: 102014.4219 train_distortion: 0.8889 train_mapscore: 0.1710 train_c: -1.0070 train_max_dist: 2.8669 train_imax: -0.0000 train_imin: -1.7631 time: 3.2696s
INFO:root:Epoch: 0065 lr: 0.001 train_loss: 101349.2969 train_distortion: 0.8821 train_mapscore: 0.1905 train_c: -1.0077 train_max_dist: 2.9659 train_imax: -0.0000 train_imin: -1.8277 time: 3.2542s
INFO:root:Epoch: 0070 lr: 0.001 train_loss: 100711.6562 train_distortion: 0.8757 train_mapscore: 0.2095 train_c: -1.0084 train_max_dist: 3.0917 train_imax: -0.0000 train_imin: -1.8804 time: 3.2047s
INFO:root:Epoch: 0075 lr: 0.001 train_loss: 100102.3828 train_distortion: 0.8695 train_mapscore: 0.2316 train_c: -1.0092 train_max_dist: 3.2344 train_imax: -0.0000 train_imin: -1.9196 time: 3.2037s
INFO:root:Epoch: 0080 lr: 0.001 train_loss: 99523.5391 train_distortion: 0.8638 train_mapscore: 0.2503 train_c: -1.0099 train_max_dist: 3.3627 train_imax: -0.0000 train_imin: -1.9472 time: 3.1922s
INFO:root:Epoch: 0085 lr: 0.001 train_loss: 98973.6094 train_distortion: 0.8585 train_mapscore: 0.2684 train_c: -1.0106 train_max_dist: 3.4799 train_imax: -0.0000 train_imin: -1.9600 time: 3.1893s
INFO:root:Epoch: 0090 lr: 0.001 train_loss: 98445.3438 train_distortion: 0.8534 train_mapscore: 0.2844 train_c: -1.0113 train_max_dist: 3.6167 train_imax: -0.0000 train_imin: -1.9502 time: 3.1611s
INFO:root:Epoch: 0095 lr: 0.001 train_loss: 97935.6094 train_distortion: 0.8485 train_mapscore: 0.2948 train_c: -1.0120 train_max_dist: 3.7298 train_imax: -0.0000 train_imin: -2.0109 time: 3.1569s
INFO:root:Epoch: 0100 lr: 0.001 train_loss: 97442.5312 train_distortion: 0.8438 train_mapscore: 0.3097 train_c: -1.0128 train_max_dist: 3.8496 train_imax: -0.0000 train_imin: -2.0505 time: 3.1732s
INFO:root:Epoch: 0105 lr: 0.001 train_loss: 96959.7031 train_distortion: 0.8393 train_mapscore: 0.3250 train_c: -1.0135 train_max_dist: 3.9592 train_imax: -0.0000 train_imin: -2.0658 time: 3.1767s
INFO:root:Epoch: 0110 lr: 0.001 train_loss: 96484.5000 train_distortion: 0.8349 train_mapscore: 0.3398 train_c: -1.0142 train_max_dist: 4.0532 train_imax: -0.0000 train_imin: -2.0908 time: 3.1363s
INFO:root:Epoch: 0115 lr: 0.001 train_loss: 96015.1406 train_distortion: 0.8304 train_mapscore: 0.3505 train_c: -1.0149 train_max_dist: 4.1212 train_imax: -0.0000 train_imin: -2.1351 time: 3.1088s
INFO:root:Epoch: 0120 lr: 0.001 train_loss: 95552.6328 train_distortion: 0.8260 train_mapscore: 0.3586 train_c: -1.0157 train_max_dist: 4.2463 train_imax: -0.0000 train_imin: -2.1940 time: 3.1132s
INFO:root:Epoch: 0125 lr: 0.001 train_loss: 95091.2969 train_distortion: 0.8216 train_mapscore: 0.3754 train_c: -1.0164 train_max_dist: 4.4166 train_imax: -0.0000 train_imin: -2.2496 time: 3.1050s
INFO:root:Epoch: 0130 lr: 0.001 train_loss: 94633.2812 train_distortion: 0.8172 train_mapscore: 0.3810 train_c: -1.0171 train_max_dist: 4.5516 train_imax: -0.0000 train_imin: -2.3230 time: 3.0712s
INFO:root:Epoch: 0135 lr: 0.001 train_loss: 94173.7734 train_distortion: 0.8129 train_mapscore: 0.3887 train_c: -1.0178 train_max_dist: 4.6807 train_imax: -0.0000 train_imin: -2.3840 time: 3.0531s
INFO:root:Epoch: 0140 lr: 0.001 train_loss: 93713.5312 train_distortion: 0.8085 train_mapscore: 0.3984 train_c: -1.0186 train_max_dist: 4.7668 train_imax: -0.0000 train_imin: -2.4098 time: 3.0520s
INFO:root:Epoch: 0145 lr: 0.001 train_loss: 93254.0625 train_distortion: 0.8041 train_mapscore: 0.4132 train_c: -1.0193 train_max_dist: 4.9437 train_imax: -0.0000 train_imin: -2.4277 time: 3.0862s
INFO:root:Epoch: 0150 lr: 0.001 train_loss: 92795.1719 train_distortion: 0.7996 train_mapscore: 0.4209 train_c: -1.0200 train_max_dist: 5.0472 train_imax: -0.0000 train_imin: -2.4438 time: 3.0606s
INFO:root:Epoch: 0155 lr: 0.001 train_loss: 92335.0078 train_distortion: 0.7951 train_mapscore: 0.4291 train_c: -1.0207 train_max_dist: 5.1851 train_imax: -0.0000 train_imin: -2.4223 time: 3.0511s
INFO:root:Epoch: 0160 lr: 0.001 train_loss: 91866.2891 train_distortion: 0.7905 train_mapscore: 0.4418 train_c: -1.0215 train_max_dist: 5.3943 train_imax: -0.0000 train_imin: -2.3942 time: 3.0307s
INFO:root:Epoch: 0165 lr: 0.001 train_loss: 91393.2656 train_distortion: 0.7860 train_mapscore: 0.4534 train_c: -1.0222 train_max_dist: 5.5976 train_imax: -0.0000 train_imin: -2.3558 time: 3.0196s
INFO:root:Epoch: 0170 lr: 0.001 train_loss: 90918.4688 train_distortion: 0.7814 train_mapscore: 0.4628 train_c: -1.0229 train_max_dist: 5.8170 train_imax: -0.0000 train_imin: -2.3595 time: 3.0081s
INFO:root:Epoch: 0175 lr: 0.001 train_loss: 90437.1250 train_distortion: 0.7767 train_mapscore: 0.4769 train_c: -1.0236 train_max_dist: 5.9958 train_imax: -0.0000 train_imin: -2.3106 time: 3.0021s
INFO:root:Epoch: 0180 lr: 0.001 train_loss: 89948.7109 train_distortion: 0.7718 train_mapscore: 0.4848 train_c: -1.0244 train_max_dist: 6.1952 train_imax: -0.0000 train_imin: -2.2679 time: 3.0329s
INFO:root:Epoch: 0185 lr: 0.001 train_loss: 89452.9375 train_distortion: 0.7670 train_mapscore: 0.4965 train_c: -1.0251 train_max_dist: 6.2822 train_imax: -0.0000 train_imin: -2.2292 time: 3.0186s
INFO:root:Epoch: 0190 lr: 0.001 train_loss: 88948.3203 train_distortion: 0.7621 train_mapscore: 0.5091 train_c: -1.0258 train_max_dist: 6.4526 train_imax: -0.0000 train_imin: -2.2754 time: 3.0514s
INFO:root:Epoch: 0195 lr: 0.001 train_loss: 88436.5938 train_distortion: 0.7569 train_mapscore: 0.5192 train_c: -1.0265 train_max_dist: 6.6034 train_imax: -0.0000 train_imin: -2.2899 time: 3.0550s
INFO:root:Epoch: 0200 lr: 0.001 train_loss: 87909.9609 train_distortion: 0.7518 train_mapscore: 0.5335 train_c: -1.0273 train_max_dist: 6.7951 train_imax: -0.0000 train_imin: -2.3270 time: 3.0148s
INFO:root:Epoch: 0205 lr: 0.001 train_loss: 87381.3438 train_distortion: 0.7464 train_mapscore: 0.5332 train_c: -1.0280 train_max_dist: 6.9230 train_imax: -0.0000 train_imin: -2.3104 time: 3.0095s
INFO:root:Epoch: 0210 lr: 0.001 train_loss: 86837.7812 train_distortion: 0.7410 train_mapscore: 0.5554 train_c: -1.0287 train_max_dist: 6.9906 train_imax: -0.0000 train_imin: -2.3538 time: 3.0158s
INFO:root:Epoch: 0215 lr: 0.001 train_loss: 86284.3750 train_distortion: 0.7354 train_mapscore: 0.5632 train_c: -1.0295 train_max_dist: 7.1665 train_imax: -0.0000 train_imin: -2.4172 time: 3.0001s
INFO:root:Epoch: 0220 lr: 0.001 train_loss: 85721.9062 train_distortion: 0.7298 train_mapscore: 0.5781 train_c: -1.0302 train_max_dist: 7.2704 train_imax: -0.0000 train_imin: -2.4832 time: 2.9983s
INFO:root:Epoch: 0225 lr: 0.001 train_loss: 85141.4297 train_distortion: 0.7239 train_mapscore: 0.5889 train_c: -1.0309 train_max_dist: 7.4883 train_imax: -0.0000 train_imin: -2.5484 time: 2.9861s
INFO:root:Epoch: 0230 lr: 0.001 train_loss: 84552.4062 train_distortion: 0.7179 train_mapscore: 0.5958 train_c: -1.0316 train_max_dist: 7.6427 train_imax: -0.0000 train_imin: -2.5948 time: 2.9995s
INFO:root:Epoch: 0235 lr: 0.001 train_loss: 83947.5312 train_distortion: 0.7117 train_mapscore: 0.6073 train_c: -1.0324 train_max_dist: 7.7465 train_imax: -0.0000 train_imin: -2.6581 time: 2.9902s
INFO:root:Epoch: 0240 lr: 0.001 train_loss: 83332.8281 train_distortion: 0.7054 train_mapscore: 0.6213 train_c: -1.0331 train_max_dist: 7.9742 train_imax: -0.0000 train_imin: -2.6905 time: 2.9481s
INFO:root:Epoch: 0245 lr: 0.001 train_loss: 82706.2109 train_distortion: 0.6989 train_mapscore: 0.6297 train_c: -1.0338 train_max_dist: 8.1657 train_imax: -0.0000 train_imin: -2.7484 time: 2.9477s
INFO:root:Epoch: 0250 lr: 0.001 train_loss: 82057.1797 train_distortion: 0.6921 train_mapscore: 0.6424 train_c: -1.0346 train_max_dist: 8.3459 train_imax: -0.0000 train_imin: -2.8168 time: 2.9725s
INFO:root:Epoch: 0255 lr: 0.001 train_loss: 81401.4531 train_distortion: 0.6852 train_mapscore: 0.6513 train_c: -1.0353 train_max_dist: 8.4977 train_imax: -0.0000 train_imin: -2.8813 time: 2.9644s
INFO:root:Epoch: 0260 lr: 0.001 train_loss: 80730.5234 train_distortion: 0.6780 train_mapscore: 0.6577 train_c: -1.0361 train_max_dist: 8.7624 train_imax: -0.0000 train_imin: -2.9107 time: 2.9391s
INFO:root:Epoch: 0265 lr: 0.001 train_loss: 80037.8125 train_distortion: 0.6708 train_mapscore: 0.6701 train_c: -1.0368 train_max_dist: 9.3179 train_imax: -0.0000 train_imin: -2.9360 time: 2.9815s
INFO:root:Epoch: 0270 lr: 0.001 train_loss: 79334.6719 train_distortion: 0.6633 train_mapscore: 0.6806 train_c: -1.0375 train_max_dist: 9.6406 train_imax: -0.0000 train_imin: -2.9721 time: 2.9722s
INFO:root:Epoch: 0275 lr: 0.001 train_loss: 78613.5469 train_distortion: 0.6556 train_mapscore: 0.6879 train_c: -1.0383 train_max_dist: 9.9453 train_imax: -0.0000 train_imin: -2.9947 time: 3.0507s
INFO:root:Epoch: 0280 lr: 0.001 train_loss: 77882.5156 train_distortion: 0.6477 train_mapscore: 0.6927 train_c: -1.0390 train_max_dist: 9.7969 train_imax: -0.0000 train_imin: -2.9304 time: 3.0154s
INFO:root:Epoch: 0285 lr: 0.001 train_loss: 77130.8516 train_distortion: 0.6396 train_mapscore: 0.7011 train_c: -1.0397 train_max_dist: 9.9375 train_imax: -0.0000 train_imin: -2.8884 time: 2.9753s
INFO:root:Epoch: 0290 lr: 0.001 train_loss: 76370.9766 train_distortion: 0.6315 train_mapscore: 0.7144 train_c: -1.0405 train_max_dist: 10.1250 train_imax: 0.0234 train_imin: -2.7848 time: 3.0098s
INFO:root:Epoch: 0295 lr: 0.001 train_loss: 75595.8281 train_distortion: 0.6229 train_mapscore: 0.7180 train_c: -1.0412 train_max_dist: 10.1562 train_imax: 0.0222 train_imin: -2.6832 time: 3.0130s
INFO:root:Epoch: 0300 lr: 0.001 train_loss: 74808.8438 train_distortion: 0.6143 train_mapscore: 0.7275 train_c: -1.0420 train_max_dist: 10.3862 train_imax: 0.1160 train_imin: -2.5808 time: 3.0092s
INFO:root:Epoch: 0305 lr: 0.001 train_loss: 74004.3594 train_distortion: 0.6056 train_mapscore: 0.7332 train_c: -1.0427 train_max_dist: 10.6048 train_imax: 0.1125 train_imin: -2.6140 time: 2.9992s
INFO:root:Epoch: 0310 lr: 0.001 train_loss: 73188.9609 train_distortion: 0.5966 train_mapscore: 0.7417 train_c: -1.0435 train_max_dist: 10.8480 train_imax: 0.0731 train_imin: -2.6501 time: 3.0069s
INFO:root:Epoch: 0315 lr: 0.001 train_loss: 72367.6094 train_distortion: 0.5875 train_mapscore: 0.7398 train_c: -1.0442 train_max_dist: 11.0937 train_imax: 0.1654 train_imin: -2.7243 time: 3.0291s
INFO:root:Epoch: 0320 lr: 0.001 train_loss: 71529.7344 train_distortion: 0.5783 train_mapscore: 0.7521 train_c: -1.0449 train_max_dist: 11.3289 train_imax: 0.1798 train_imin: -2.7852 time: 3.0167s
INFO:root:Epoch: 0325 lr: 0.001 train_loss: 70685.0156 train_distortion: 0.5689 train_mapscore: 0.7559 train_c: -1.0457 train_max_dist: 11.5549 train_imax: 0.0951 train_imin: -2.8452 time: 2.9715s
INFO:root:Epoch: 0330 lr: 0.001 train_loss: 69827.1797 train_distortion: 0.5594 train_mapscore: 0.7639 train_c: -1.0464 train_max_dist: 11.8842 train_imax: 0.1508 train_imin: -2.8991 time: 2.9877s
INFO:root:Epoch: 0335 lr: 0.001 train_loss: 68958.7656 train_distortion: 0.5498 train_mapscore: 0.7754 train_c: -1.0472 train_max_dist: 12.1135 train_imax: 0.2063 train_imin: -2.9327 time: 2.9750s
INFO:root:Epoch: 0340 lr: 0.001 train_loss: 68081.8281 train_distortion: 0.5402 train_mapscore: 0.7849 train_c: -1.0479 train_max_dist: 12.4098 train_imax: 0.1771 train_imin: -2.9826 time: 2.9645s
INFO:root:Epoch: 0345 lr: 0.001 train_loss: 67197.1875 train_distortion: 0.5303 train_mapscore: 0.7895 train_c: -1.0487 train_max_dist: 12.6620 train_imax: 0.1251 train_imin: -2.9985 time: 2.9739s
INFO:root:Epoch: 0350 lr: 0.001 train_loss: 66310.8125 train_distortion: 0.5205 train_mapscore: 0.7931 train_c: -1.0494 train_max_dist: 12.9285 train_imax: 0.1894 train_imin: -3.0194 time: 2.9714s
INFO:root:Epoch: 0355 lr: 0.001 train_loss: 65402.0703 train_distortion: 0.5106 train_mapscore: 0.8061 train_c: -1.0501 train_max_dist: 13.2315 train_imax: 0.1783 train_imin: -3.0553 time: 3.0350s
INFO:root:Epoch: 0360 lr: 0.001 train_loss: 64497.2969 train_distortion: 0.5005 train_mapscore: 0.8057 train_c: -1.0509 train_max_dist: 13.5749 train_imax: 0.1734 train_imin: -3.0864 time: 3.0341s
INFO:root:Epoch: 0365 lr: 0.001 train_loss: 63573.2266 train_distortion: 0.4904 train_mapscore: 0.8132 train_c: -1.0516 train_max_dist: 13.7466 train_imax: 0.1839 train_imin: -3.1166 time: 2.9978s
INFO:root:Epoch: 0370 lr: 0.001 train_loss: 62658.3750 train_distortion: 0.4803 train_mapscore: 0.8233 train_c: -1.0524 train_max_dist: 14.0703 train_imax: 0.1084 train_imin: -3.1753 time: 2.9854s
INFO:root:Epoch: 0375 lr: 0.001 train_loss: 61726.4609 train_distortion: 0.4702 train_mapscore: 0.8267 train_c: -1.0531 train_max_dist: 14.3759 train_imax: 0.1201 train_imin: -3.2415 time: 2.9815s
INFO:root:Epoch: 0380 lr: 0.001 train_loss: 60790.7578 train_distortion: 0.4600 train_mapscore: 0.8326 train_c: -1.0538 train_max_dist: 14.6049 train_imax: 0.1303 train_imin: -3.2704 time: 2.9770s
INFO:root:Epoch: 0385 lr: 0.001 train_loss: 59831.6836 train_distortion: 0.4498 train_mapscore: 0.8381 train_c: -1.0546 train_max_dist: 14.8848 train_imax: 0.1327 train_imin: -3.3043 time: 2.9938s
INFO:root:Epoch: 0390 lr: 0.001 train_loss: 58876.8047 train_distortion: 0.4396 train_mapscore: 0.8441 train_c: -1.0553 train_max_dist: 15.2620 train_imax: 0.0705 train_imin: -3.3896 time: 3.0052s
INFO:root:Epoch: 0395 lr: 0.001 train_loss: 57918.0703 train_distortion: 0.4293 train_mapscore: 0.8498 train_c: -1.0560 train_max_dist: 15.5366 train_imax: 0.1623 train_imin: -3.4305 time: 2.9996s
INFO:root:Epoch: 0400 lr: 0.001 train_loss: 56959.3398 train_distortion: 0.4191 train_mapscore: 0.8524 train_c: -1.0568 train_max_dist: 15.8043 train_imax: 0.0738 train_imin: -3.5190 time: 3.0281s
INFO:root:Epoch: 0405 lr: 0.001 train_loss: 55965.5391 train_distortion: 0.4088 train_mapscore: 0.8648 train_c: -1.0575 train_max_dist: 16.0962 train_imax: 0.1081 train_imin: -3.5931 time: 3.0453s
INFO:root:Epoch: 0410 lr: 0.001 train_loss: 55009.4961 train_distortion: 0.3986 train_mapscore: 0.8665 train_c: -1.0582 train_max_dist: 16.4898 train_imax: 0.0381 train_imin: -3.5777 time: 3.0067s
INFO:root:Epoch: 0415 lr: 0.001 train_loss: 54015.1484 train_distortion: 0.3885 train_mapscore: 0.8721 train_c: -1.0590 train_max_dist: 16.6919 train_imax: 0.0814 train_imin: -3.6896 time: 3.0179s
INFO:root:Epoch: 0420 lr: 0.001 train_loss: 53039.6055 train_distortion: 0.3783 train_mapscore: 0.8772 train_c: -1.0597 train_max_dist: 17.1357 train_imax: 0.1083 train_imin: -3.8253 time: 3.0109s
INFO:root:Epoch: 0425 lr: 0.001 train_loss: 52029.6953 train_distortion: 0.3682 train_mapscore: 0.8819 train_c: -1.0604 train_max_dist: 17.3647 train_imax: 0.1843 train_imin: -3.8010 time: 3.0130s
INFO:root:Epoch: 0430 lr: 0.001 train_loss: 51038.7266 train_distortion: 0.3582 train_mapscore: 0.8873 train_c: -1.0611 train_max_dist: 17.6834 train_imax: 0.0891 train_imin: -3.9520 time: 3.0196s
INFO:root:Epoch: 0435 lr: 0.001 train_loss: 50055.6641 train_distortion: 0.3483 train_mapscore: 0.8890 train_c: -1.0619 train_max_dist: 17.9488 train_imax: 0.1890 train_imin: -3.9725 time: 3.0017s
INFO:root:Epoch: 0440 lr: 0.001 train_loss: 49063.5547 train_distortion: 0.3385 train_mapscore: 0.8927 train_c: -1.0626 train_max_dist: 18.3153 train_imax: 0.0600 train_imin: -3.9144 time: 3.0291s
INFO:root:Epoch: 0445 lr: 0.001 train_loss: 48070.9141 train_distortion: 0.3289 train_mapscore: 0.9007 train_c: -1.0633 train_max_dist: 18.5929 train_imax: 0.0292 train_imin: -3.9861 time: 3.0058s
INFO:root:Epoch: 0450 lr: 0.001 train_loss: 47056.5703 train_distortion: 0.3193 train_mapscore: 0.9002 train_c: -1.0640 train_max_dist: 18.9583 train_imax: 0.2680 train_imin: -4.1421 time: 2.9856s
INFO:root:Epoch: 0455 lr: 0.001 train_loss: 46039.8906 train_distortion: 0.3100 train_mapscore: 0.9083 train_c: -1.0648 train_max_dist: 19.3367 train_imax: 0.1047 train_imin: -4.1903 time: 2.9966s
INFO:root:Epoch: 0460 lr: 0.001 train_loss: 45028.4375 train_distortion: 0.3007 train_mapscore: 0.9102 train_c: -1.0655 train_max_dist: 19.6019 train_imax: 0.0711 train_imin: -4.1431 time: 2.9921s
INFO:root:Epoch: 0465 lr: 0.001 train_loss: 44009.1094 train_distortion: 0.2917 train_mapscore: 0.9136 train_c: -1.0662 train_max_dist: 19.9164 train_imax: 0.2179 train_imin: -4.2377 time: 2.9991s
INFO:root:Epoch: 0470 lr: 0.001 train_loss: 43019.7461 train_distortion: 0.2830 train_mapscore: 0.9183 train_c: -1.0669 train_max_dist: 20.3638 train_imax: 0.2198 train_imin: -4.3064 time: 3.0004s
INFO:root:Epoch: 0475 lr: 0.001 train_loss: 41981.8555 train_distortion: 0.2744 train_mapscore: 0.9222 train_c: -1.0676 train_max_dist: 20.6935 train_imax: -0.0000 train_imin: -4.2828 time: 3.0055s
INFO:root:Epoch: 0480 lr: 0.001 train_loss: 40976.5781 train_distortion: 0.2660 train_mapscore: 0.9249 train_c: -1.0683 train_max_dist: 21.0758 train_imax: 0.0879 train_imin: -4.3564 time: 2.9852s
INFO:root:Epoch: 0485 lr: 0.001 train_loss: 39945.0195 train_distortion: 0.2579 train_mapscore: 0.9256 train_c: -1.0690 train_max_dist: 21.3892 train_imax: 0.0896 train_imin: -4.4364 time: 3.0272s
INFO:root:Epoch: 0490 lr: 0.001 train_loss: 38949.7070 train_distortion: 0.2501 train_mapscore: 0.9330 train_c: -1.0697 train_max_dist: 21.7661 train_imax: 0.0358 train_imin: -4.4635 time: 3.0593s
INFO:root:Epoch: 0495 lr: 0.001 train_loss: 37955.4688 train_distortion: 0.2426 train_mapscore: 0.9313 train_c: -1.0704 train_max_dist: 22.0996 train_imax: 0.1320 train_imin: -4.4420 time: 3.0069s
INFO:root:Epoch: 0500 lr: 0.001 train_loss: 36974.5391 train_distortion: 0.2354 train_mapscore: 0.9303 train_c: -1.0711 train_max_dist: 22.4937 train_imax: 0.3160 train_imin: -4.7123 time: 3.0197s
INFO:root:Epoch: 0505 lr: 0.001 train_loss: 35929.2969 train_distortion: 0.2285 train_mapscore: 0.9359 train_c: -1.0718 train_max_dist: 22.7622 train_imax: 0.1713 train_imin: -4.9189 time: 3.0148s
INFO:root:Epoch: 0510 lr: 0.001 train_loss: 34921.1367 train_distortion: 0.2220 train_mapscore: 0.9410 train_c: -1.0725 train_max_dist: 23.1371 train_imax: 0.1832 train_imin: -4.9883 time: 3.0208s
INFO:root:Epoch: 0515 lr: 0.001 train_loss: 33877.7695 train_distortion: 0.2158 train_mapscore: 0.9446 train_c: -1.0732 train_max_dist: 23.5520 train_imax: -0.0000 train_imin: -5.1909 time: 3.0065s
INFO:root:Epoch: 0520 lr: 0.001 train_loss: 32859.6016 train_distortion: 0.2101 train_mapscore: 0.9450 train_c: -1.0739 train_max_dist: 23.8538 train_imax: 0.0187 train_imin: -5.3159 time: 3.0017s
INFO:root:Epoch: 0525 lr: 0.001 train_loss: 31874.6270 train_distortion: 0.2046 train_mapscore: 0.9493 train_c: -1.0746 train_max_dist: 24.2480 train_imax: -0.0000 train_imin: -5.4307 time: 3.0445s
INFO:root:Epoch: 0530 lr: 0.001 train_loss: 32239.5273 train_distortion: 0.2011 train_mapscore: 0.9206 train_c: -1.0753 train_max_dist: 24.4619 train_imax: 2.3700 train_imin: -7.4129 time: 3.0561s
INFO:root:Epoch: 0535 lr: 0.001 train_loss: 32184.0078 train_distortion: 0.1990 train_mapscore: 0.9170 train_c: -1.0760 train_max_dist: 24.5444 train_imax: 3.9624 train_imin: -12.5409 time: 3.0232s
INFO:root:Epoch: 0540 lr: 0.001 train_loss: 30873.6113 train_distortion: 0.1947 train_mapscore: 0.9379 train_c: -1.0767 train_max_dist: 24.8098 train_imax: 4.3788 train_imin: -13.0157 time: 3.0101s
INFO:root:Epoch: 0545 lr: 0.001 train_loss: 29482.6953 train_distortion: 0.1902 train_mapscore: 0.9534 train_c: -1.0773 train_max_dist: 25.2019 train_imax: 4.3576 train_imin: -12.9065 time: 3.0049s
INFO:root:Epoch: 0550 lr: 0.001 train_loss: 28159.9434 train_distortion: 0.1864 train_mapscore: 0.9653 train_c: -1.0780 train_max_dist: 25.6458 train_imax: 4.3990 train_imin: -12.9983 time: 3.0224s
INFO:root:Epoch: 0555 lr: 0.001 train_loss: 26985.0898 train_distortion: 0.1832 train_mapscore: 0.9680 train_c: -1.0786 train_max_dist: 26.0957 train_imax: 4.4530 train_imin: -13.2301 time: 3.0172s
INFO:root:Epoch: 0560 lr: 0.001 train_loss: 25948.4961 train_distortion: 0.1806 train_mapscore: 0.9700 train_c: -1.0793 train_max_dist: 26.4839 train_imax: 4.6853 train_imin: -13.3645 time: 3.0230s
INFO:root:Epoch: 0565 lr: 0.001 train_loss: 24955.7969 train_distortion: 0.1785 train_mapscore: 0.9724 train_c: -1.0799 train_max_dist: 26.9341 train_imax: 4.5921 train_imin: -13.6149 time: 3.0198s
INFO:root:Epoch: 0570 lr: 0.001 train_loss: 23908.1250 train_distortion: 0.1770 train_mapscore: 0.9750 train_c: -1.0806 train_max_dist: 27.2528 train_imax: 4.5371 train_imin: -13.7726 time: 3.0375s
INFO:root:Epoch: 0575 lr: 0.001 train_loss: 22996.2773 train_distortion: 0.1761 train_mapscore: 0.9756 train_c: -1.0812 train_max_dist: 27.7036 train_imax: 4.8353 train_imin: -14.0036 time: 2.9872s
INFO:root:Epoch: 0580 lr: 0.001 train_loss: 22109.6328 train_distortion: 0.1758 train_mapscore: 0.9773 train_c: -1.0818 train_max_dist: 28.0625 train_imax: 5.0452 train_imin: -14.2229 time: 2.9908s
INFO:root:Epoch: 0585 lr: 0.001 train_loss: 21266.4277 train_distortion: 0.1759 train_mapscore: 0.9781 train_c: -1.0825 train_max_dist: 28.3760 train_imax: 5.1994 train_imin: -14.5587 time: 2.9861s
INFO:root:Epoch: 0590 lr: 0.001 train_loss: 20349.1797 train_distortion: 0.1765 train_mapscore: 0.9813 train_c: -1.0831 train_max_dist: 28.8203 train_imax: 5.3729 train_imin: -14.7647 time: 3.0220s
INFO:root:Epoch: 0595 lr: 0.001 train_loss: 19476.5938 train_distortion: 0.1777 train_mapscore: 0.9804 train_c: -1.0837 train_max_dist: 29.1714 train_imax: 5.4969 train_imin: -15.1555 time: 2.9871s
INFO:root:Epoch: 0600 lr: 0.001 train_loss: 18878.5391 train_distortion: 0.1796 train_mapscore: 0.9817 train_c: -1.0843 train_max_dist: 29.5649 train_imax: 5.6294 train_imin: -15.4161 time: 3.0018s
INFO:root:Epoch: 0605 lr: 0.001 train_loss: 18067.7891 train_distortion: 0.1817 train_mapscore: 0.9833 train_c: -1.0849 train_max_dist: 29.9062 train_imax: 5.8166 train_imin: -15.7896 time: 3.0122s
INFO:root:Epoch: 0610 lr: 0.001 train_loss: 17321.6914 train_distortion: 0.1843 train_mapscore: 0.9845 train_c: -1.0855 train_max_dist: 30.2896 train_imax: 5.7941 train_imin: -16.1220 time: 3.0483s
INFO:root:Epoch: 0615 lr: 0.001 train_loss: 16551.9238 train_distortion: 0.1875 train_mapscore: 0.9866 train_c: -1.0860 train_max_dist: 30.6055 train_imax: 6.3762 train_imin: -16.5512 time: 3.0737s
INFO:root:Epoch: 0620 lr: 0.001 train_loss: 15833.8408 train_distortion: 0.1910 train_mapscore: 0.9889 train_c: -1.0866 train_max_dist: 30.9258 train_imax: 6.5002 train_imin: -17.0702 time: 3.0139s
INFO:root:Epoch: 0625 lr: 0.001 train_loss: 15242.3848 train_distortion: 0.1951 train_mapscore: 0.9901 train_c: -1.0872 train_max_dist: 31.2715 train_imax: 6.7997 train_imin: -17.1240 time: 3.0161s
INFO:root:Epoch: 0630 lr: 0.001 train_loss: 14618.7871 train_distortion: 0.1995 train_mapscore: 0.9913 train_c: -1.0877 train_max_dist: 31.6401 train_imax: 6.9561 train_imin: -17.5566 time: 3.0202s
INFO:root:Epoch: 0635 lr: 0.001 train_loss: 14034.8984 train_distortion: 0.2043 train_mapscore: 0.9922 train_c: -1.0882 train_max_dist: 31.9526 train_imax: 7.2737 train_imin: -17.9624 time: 3.0173s
INFO:root:Epoch: 0640 lr: 0.001 train_loss: 13522.9824 train_distortion: 0.2095 train_mapscore: 0.9928 train_c: -1.0888 train_max_dist: 32.3008 train_imax: 7.4817 train_imin: -17.9763 time: 3.0182s
INFO:root:Epoch: 0645 lr: 0.001 train_loss: 15257.8789 train_distortion: 0.2141 train_mapscore: 0.9785 train_c: -1.0893 train_max_dist: 32.4263 train_imax: 1.2447 train_imin: -18.0176 time: 3.0202s
INFO:root:Epoch: 0650 lr: 0.001 train_loss: 14629.0908 train_distortion: 0.2182 train_mapscore: 0.9849 train_c: -1.0898 train_max_dist: 32.5688 train_imax: 0.5088 train_imin: -18.5737 time: 3.0501s
INFO:root:Epoch: 0655 lr: 0.001 train_loss: 13651.3145 train_distortion: 0.2236 train_mapscore: 0.9904 train_c: -1.0903 train_max_dist: 32.8577 train_imax: 0.3106 train_imin: -19.0988 time: 3.0422s
INFO:root:Epoch: 0660 lr: 0.001 train_loss: 12814.6914 train_distortion: 0.2297 train_mapscore: 0.9919 train_c: -1.0907 train_max_dist: 33.1909 train_imax: 0.7343 train_imin: -19.3640 time: 3.0109s
INFO:root:Epoch: 0665 lr: 0.001 train_loss: 12047.7686 train_distortion: 0.2362 train_mapscore: 0.9940 train_c: -1.0912 train_max_dist: 33.4971 train_imax: -0.0000 train_imin: -19.5259 time: 3.0070s
INFO:root:Epoch: 0670 lr: 0.001 train_loss: 11412.4053 train_distortion: 0.2430 train_mapscore: 0.9954 train_c: -1.0916 train_max_dist: 33.8623 train_imax: -0.0000 train_imin: -19.4670 time: 2.9996s
INFO:root:Epoch: 0675 lr: 0.001 train_loss: 10852.8828 train_distortion: 0.2501 train_mapscore: 0.9965 train_c: -1.0921 train_max_dist: 34.1294 train_imax: 0.1490 train_imin: -19.8958 time: 3.0041s
INFO:root:Epoch: 0680 lr: 0.001 train_loss: 10368.4375 train_distortion: 0.2573 train_mapscore: 0.9963 train_c: -1.0925 train_max_dist: 34.4087 train_imax: 0.1087 train_imin: -20.2826 time: 3.0062s
INFO:root:Epoch: 0685 lr: 0.001 train_loss: 9990.7305 train_distortion: 0.2646 train_mapscore: 0.9973 train_c: -1.0929 train_max_dist: 34.6558 train_imax: 0.0245 train_imin: -20.7692 time: 3.0049s
INFO:root:Epoch: 0690 lr: 0.001 train_loss: 9660.9609 train_distortion: 0.2720 train_mapscore: 0.9972 train_c: -1.0933 train_max_dist: 34.9580 train_imax: 0.0893 train_imin: -21.0538 time: 3.0308s
INFO:root:Epoch: 0695 lr: 0.001 train_loss: 9438.5986 train_distortion: 0.2792 train_mapscore: 0.9978 train_c: -1.0937 train_max_dist: 35.1475 train_imax: 0.4783 train_imin: -21.3124 time: 3.0514s
INFO:root:Epoch: 0700 lr: 0.001 train_loss: 9102.4844 train_distortion: 0.2866 train_mapscore: 0.9974 train_c: -1.0940 train_max_dist: 35.3906 train_imax: -0.0000 train_imin: -21.6560 time: 3.0566s
INFO:root:Epoch: 0705 lr: 0.001 train_loss: 9028.2324 train_distortion: 0.2938 train_mapscore: 0.9966 train_c: -1.0944 train_max_dist: 35.6177 train_imax: 3.2990 train_imin: -22.0613 time: 3.0123s
INFO:root:Epoch: 0710 lr: 0.001 train_loss: 8598.9492 train_distortion: 0.3009 train_mapscore: 0.9976 train_c: -1.0947 train_max_dist: 35.8496 train_imax: 3.3215 train_imin: -22.3561 time: 3.0094s
INFO:root:Epoch: 0715 lr: 0.001 train_loss: 8390.6816 train_distortion: 0.3081 train_mapscore: 0.9983 train_c: -1.0951 train_max_dist: 36.1172 train_imax: 1.7058 train_imin: -22.5463 time: 2.9935s
INFO:root:Epoch: 0720 lr: 0.001 train_loss: 12737.0713 train_distortion: 0.3135 train_mapscore: 0.9778 train_c: -1.0954 train_max_dist: 36.1709 train_imax: 1.1091 train_imin: -22.8250 time: 2.9800s
INFO:root:Epoch: 0725 lr: 0.001 train_loss: 16856.8301 train_distortion: 0.3124 train_mapscore: 0.9084 train_c: -1.0957 train_max_dist: 36.5645 train_imax: 3.7775 train_imin: -27.0876 time: 3.0043s
INFO:root:Epoch: 0730 lr: 0.001 train_loss: 15946.6758 train_distortion: 0.3126 train_mapscore: 0.9319 train_c: -1.0960 train_max_dist: 36.5938 train_imax: 4.4439 train_imin: -31.8237 time: 2.9922s
INFO:root:Epoch: 0735 lr: 0.001 train_loss: 13972.0029 train_distortion: 0.3168 train_mapscore: 0.9624 train_c: -1.0963 train_max_dist: 36.7227 train_imax: 4.3886 train_imin: -33.5147 time: 3.0309s
INFO:root:Epoch: 0740 lr: 0.001 train_loss: 12195.2070 train_distortion: 0.3231 train_mapscore: 0.9770 train_c: -1.0967 train_max_dist: 36.8984 train_imax: 4.0566 train_imin: -33.1695 time: 3.0285s
INFO:root:Epoch: 0745 lr: 0.001 train_loss: 10974.2939 train_distortion: 0.3310 train_mapscore: 0.9875 train_c: -1.0970 train_max_dist: 37.0273 train_imax: 2.8902 train_imin: -32.4590 time: 3.0166s
INFO:root:Epoch: 0750 lr: 0.001 train_loss: 9988.8398 train_distortion: 0.3396 train_mapscore: 0.9922 train_c: -1.0973 train_max_dist: 37.2197 train_imax: 1.7798 train_imin: -31.9688 time: 3.0220s
INFO:root:Epoch: 0755 lr: 0.001 train_loss: 9206.5264 train_distortion: 0.3488 train_mapscore: 0.9957 train_c: -1.0977 train_max_dist: 37.4238 train_imax: 1.4512 train_imin: -32.1212 time: 3.0183s
INFO:root:Epoch: 0760 lr: 0.001 train_loss: 8697.1553 train_distortion: 0.3579 train_mapscore: 0.9973 train_c: -1.0980 train_max_dist: 37.6357 train_imax: 0.0403 train_imin: -32.0503 time: 3.0214s
INFO:root:Epoch: 0765 lr: 0.001 train_loss: 8273.1787 train_distortion: 0.3672 train_mapscore: 0.9978 train_c: -1.0983 train_max_dist: 37.8604 train_imax: -0.0000 train_imin: -32.0941 time: 3.0082s
INFO:root:Epoch: 0770 lr: 0.001 train_loss: 7898.1592 train_distortion: 0.3765 train_mapscore: 0.9980 train_c: -1.0986 train_max_dist: 38.1621 train_imax: 0.2586 train_imin: -32.0495 time: 3.0070s
INFO:root:Epoch: 0775 lr: 0.001 train_loss: 7642.9434 train_distortion: 0.3857 train_mapscore: 0.9985 train_c: -1.0989 train_max_dist: 38.2920 train_imax: -0.0000 train_imin: -32.2660 time: 2.9979s
INFO:root:Epoch: 0780 lr: 0.001 train_loss: 7331.2573 train_distortion: 0.3946 train_mapscore: 0.9987 train_c: -1.0992 train_max_dist: 38.5859 train_imax: 0.3004 train_imin: -32.1020 time: 3.0349s
INFO:root:Epoch: 0785 lr: 0.001 train_loss: 7140.1201 train_distortion: 0.4033 train_mapscore: 0.9986 train_c: -1.0994 train_max_dist: 38.7910 train_imax: 0.6726 train_imin: -31.6880 time: 3.0195s
INFO:root:Epoch: 0790 lr: 0.001 train_loss: 6959.1157 train_distortion: 0.4116 train_mapscore: 0.9987 train_c: -1.0997 train_max_dist: 38.9131 train_imax: -0.0000 train_imin: -31.8347 time: 2.9966s
INFO:root:Epoch: 0795 lr: 0.001 train_loss: 6831.8589 train_distortion: 0.4198 train_mapscore: 0.9989 train_c: -1.1000 train_max_dist: 39.1172 train_imax: -0.0000 train_imin: -31.8363 time: 2.9871s
INFO:root:Epoch: 0800 lr: 0.001 train_loss: 6689.3926 train_distortion: 0.4279 train_mapscore: 0.9988 train_c: -1.1002 train_max_dist: 39.2861 train_imax: 0.0984 train_imin: -31.6854 time: 3.0253s
INFO:root:Epoch: 0805 lr: 0.001 train_loss: 6593.1401 train_distortion: 0.4356 train_mapscore: 0.9989 train_c: -1.1004 train_max_dist: 39.4316 train_imax: -0.0000 train_imin: -31.6281 time: 3.0241s
INFO:root:Epoch: 0810 lr: 0.001 train_loss: 6466.8613 train_distortion: 0.4430 train_mapscore: 0.9987 train_c: -1.1006 train_max_dist: 39.5801 train_imax: 0.1501 train_imin: -31.3732 time: 3.0231s
INFO:root:Epoch: 0815 lr: 0.001 train_loss: 6422.1758 train_distortion: 0.4504 train_mapscore: 0.9986 train_c: -1.1009 train_max_dist: 39.7939 train_imax: 0.3763 train_imin: -30.8921 time: 3.0255s
INFO:root:Epoch: 0820 lr: 0.001 train_loss: 6246.5723 train_distortion: 0.4573 train_mapscore: 0.9991 train_c: -1.1011 train_max_dist: 39.9004 train_imax: -0.0000 train_imin: -31.2092 time: 3.0466s
INFO:root:Epoch: 0825 lr: 0.001 train_loss: 6234.0049 train_distortion: 0.4642 train_mapscore: 0.9985 train_c: -1.1013 train_max_dist: 40.0605 train_imax: 0.1841 train_imin: -30.8241 time: 3.0422s
INFO:root:Epoch: 0830 lr: 0.001 train_loss: 6148.6094 train_distortion: 0.4707 train_mapscore: 0.9985 train_c: -1.1015 train_max_dist: 40.1152 train_imax: -0.0000 train_imin: -30.2821 time: 3.0104s
INFO:root:Epoch: 0835 lr: 0.001 train_loss: 15033.1025 train_distortion: 0.4733 train_mapscore: 0.9429 train_c: -1.1017 train_max_dist: 40.1816 train_imax: 2.5119 train_imin: -31.0367 time: 3.0332s
INFO:root:Epoch: 0840 lr: 0.001 train_loss: 22733.8672 train_distortion: 0.4609 train_mapscore: 0.7804 train_c: -1.1019 train_max_dist: 40.2578 train_imax: 5.8129 train_imin: -37.5154 time: 3.0328s
INFO:root:Epoch: 0845 lr: 0.001 train_loss: 22395.7031 train_distortion: 0.4500 train_mapscore: 0.7901 train_c: -1.1020 train_max_dist: 40.2031 train_imax: 4.1828 train_imin: -41.0168 time: 3.0353s
INFO:root:Epoch: 0850 lr: 0.001 train_loss: 19306.1797 train_distortion: 0.4449 train_mapscore: 0.8548 train_c: -1.1022 train_max_dist: 40.1074 train_imax: 2.0282 train_imin: -40.7005 time: 3.0381s
INFO:root:Epoch: 0855 lr: 0.001 train_loss: 16116.2969 train_distortion: 0.4450 train_mapscore: 0.9084 train_c: -1.1025 train_max_dist: 40.0566 train_imax: 1.6310 train_imin: -39.9205 time: 3.0284s
INFO:root:Epoch: 0860 lr: 0.001 train_loss: 13905.5537 train_distortion: 0.4489 train_mapscore: 0.9415 train_c: -1.1027 train_max_dist: 40.0127 train_imax: 2.0672 train_imin: -39.4751 time: 3.0227s
INFO:root:Epoch: 0865 lr: 0.001 train_loss: 12192.5693 train_distortion: 0.4561 train_mapscore: 0.9622 train_c: -1.1030 train_max_dist: 40.1182 train_imax: 1.3537 train_imin: -39.0020 time: 3.0695s
INFO:root:Epoch: 0870 lr: 0.001 train_loss: 10917.0332 train_distortion: 0.4654 train_mapscore: 0.9762 train_c: -1.1032 train_max_dist: 40.2490 train_imax: 1.2640 train_imin: -38.4775 time: 3.0411s
INFO:root:Epoch: 0875 lr: 0.001 train_loss: 9876.3096 train_distortion: 0.4758 train_mapscore: 0.9843 train_c: -1.1035 train_max_dist: 40.4229 train_imax: 1.2245 train_imin: -37.9000 time: 3.0079s
INFO:root:Epoch: 0880 lr: 0.001 train_loss: 10158.2812 train_distortion: 0.4863 train_mapscore: 0.9808 train_c: -1.1038 train_max_dist: 40.6602 train_imax: 1.1231 train_imin: -36.8461 time: 3.0026s
INFO:root:Epoch: 0885 lr: 0.001 train_loss: 10703.3086 train_distortion: 0.4959 train_mapscore: 0.9754 train_c: -1.1041 train_max_dist: 40.8184 train_imax: 1.3721 train_imin: -36.2220 time: 3.0161s
INFO:root:Epoch: 0890 lr: 0.001 train_loss: 10094.8438 train_distortion: 0.5057 train_mapscore: 0.9799 train_c: -1.1043 train_max_dist: 41.1328 train_imax: 6.8356 train_imin: -35.6931 time: 2.9998s
INFO:root:Epoch: 0895 lr: 0.001 train_loss: 9178.7305 train_distortion: 0.5164 train_mapscore: 0.9866 train_c: -1.1046 train_max_dist: 41.3457 train_imax: 18.6384 train_imin: -35.6125 time: 3.0260s
INFO:root:Epoch: 0900 lr: 0.001 train_loss: 8677.0830 train_distortion: 0.5277 train_mapscore: 0.9900 train_c: -1.1048 train_max_dist: 41.5605 train_imax: 21.7087 train_imin: -35.0720 time: 3.0350s
INFO:root:Epoch: 0905 lr: 0.001 train_loss: 8263.4443 train_distortion: 0.5392 train_mapscore: 0.9927 train_c: -1.1051 train_max_dist: 41.7734 train_imax: 21.7707 train_imin: -34.7635 time: 3.0585s
INFO:root:Epoch: 0910 lr: 0.001 train_loss: 7799.6211 train_distortion: 0.5511 train_mapscore: 0.9932 train_c: -1.1053 train_max_dist: 41.9551 train_imax: 21.1736 train_imin: -34.1097 time: 3.0666s
INFO:root:Epoch: 0915 lr: 0.001 train_loss: 7464.0356 train_distortion: 0.5630 train_mapscore: 0.9947 train_c: -1.1056 train_max_dist: 42.1816 train_imax: 20.7170 train_imin: -33.9462 time: 3.0317s
INFO:root:Epoch: 0920 lr: 0.001 train_loss: 7193.0059 train_distortion: 0.5745 train_mapscore: 0.9957 train_c: -1.1058 train_max_dist: 42.3750 train_imax: 20.7767 train_imin: -33.2699 time: 3.0288s
INFO:root:Epoch: 0925 lr: 0.001 train_loss: 7251.1191 train_distortion: 0.5856 train_mapscore: 0.9951 train_c: -1.1060 train_max_dist: 42.5430 train_imax: 20.9404 train_imin: -32.8198 time: 3.0325s
INFO:root:Epoch: 0930 lr: 0.001 train_loss: 7084.5669 train_distortion: 0.5962 train_mapscore: 0.9944 train_c: -1.1062 train_max_dist: 42.7188 train_imax: 20.9538 train_imin: -32.0890 time: 3.0261s
INFO:root:Epoch: 0935 lr: 0.001 train_loss: 6862.3027 train_distortion: 0.6063 train_mapscore: 0.9954 train_c: -1.1064 train_max_dist: 42.8320 train_imax: 21.0705 train_imin: -31.8942 time: 3.0250s
INFO:root:Epoch: 0940 lr: 0.001 train_loss: 6651.6157 train_distortion: 0.6163 train_mapscore: 0.9961 train_c: -1.1066 train_max_dist: 43.0254 train_imax: 21.0446 train_imin: -32.4498 time: 3.0399s
INFO:root:Epoch: 0945 lr: 0.001 train_loss: 6690.9526 train_distortion: 0.6260 train_mapscore: 0.9957 train_c: -1.1068 train_max_dist: 43.1582 train_imax: 21.2034 train_imin: -32.3065 time: 3.0307s
INFO:root:Epoch: 0950 lr: 0.001 train_loss: 6583.8945 train_distortion: 0.6352 train_mapscore: 0.9962 train_c: -1.1069 train_max_dist: 43.2754 train_imax: 21.3880 train_imin: -33.1647 time: 3.0462s
INFO:root:Epoch: 0955 lr: 0.001 train_loss: 6439.0913 train_distortion: 0.6438 train_mapscore: 0.9958 train_c: -1.1071 train_max_dist: 43.4043 train_imax: 21.5234 train_imin: -33.0071 time: 3.0133s
INFO:root:Epoch: 0960 lr: 0.001 train_loss: 6328.7334 train_distortion: 0.6524 train_mapscore: 0.9962 train_c: -1.1073 train_max_dist: 43.5215 train_imax: 21.6872 train_imin: -33.4347 time: 3.0259s
INFO:root:Epoch: 0965 lr: 0.001 train_loss: 6245.5703 train_distortion: 0.6603 train_mapscore: 0.9967 train_c: -1.1074 train_max_dist: 43.6738 train_imax: 21.8465 train_imin: -33.6823 time: 3.0120s
INFO:root:Epoch: 0970 lr: 0.001 train_loss: 8741.5742 train_distortion: 0.6657 train_mapscore: 0.9805 train_c: -1.1076 train_max_dist: 43.6445 train_imax: 22.1200 train_imin: -33.2913 time: 3.0311s
INFO:root:Epoch: 0975 lr: 0.001 train_loss: 22221.7461 train_distortion: 0.6633 train_mapscore: 0.7985 train_c: -1.1077 train_max_dist: 43.7988 train_imax: 21.4132 train_imin: -31.8839 time: 3.0262s
INFO:root:Epoch: 0980 lr: 0.001 train_loss: 24175.9922 train_distortion: 0.6490 train_mapscore: 0.7514 train_c: -1.1078 train_max_dist: 43.4922 train_imax: 20.5100 train_imin: -39.7280 time: 3.0271s
INFO:root:Epoch: 0985 lr: 0.001 train_loss: 21578.1465 train_distortion: 0.6332 train_mapscore: 0.8011 train_c: -1.1080 train_max_dist: 43.1582 train_imax: 19.8686 train_imin: -42.9298 time: 3.0272s
INFO:root:Epoch: 0990 lr: 0.001 train_loss: 19903.7578 train_distortion: 0.6223 train_mapscore: 0.8349 train_c: -1.1081 train_max_dist: 43.0195 train_imax: 18.0968 train_imin: -44.1534 time: 3.0480s
INFO:root:Epoch: 0995 lr: 0.001 train_loss: 20756.9551 train_distortion: 0.6097 train_mapscore: 0.8158 train_c: -1.1083 train_max_dist: 42.9629 train_imax: 17.2079 train_imin: -45.4109 time: 3.0497s
INFO:root:Epoch: 1000 lr: 0.001 train_loss: 17622.7852 train_distortion: 0.5987 train_mapscore: 0.8776 train_c: -1.1084 train_max_dist: 42.9658 train_imax: 23.1265 train_imin: -45.6325 time: 3.0080s
INFO:root:Epoch: 1005 lr: 0.001 train_loss: 14757.5684 train_distortion: 0.5956 train_mapscore: 0.9242 train_c: -1.1086 train_max_dist: 42.9951 train_imax: 22.3434 train_imin: -46.1091 time: 3.0070s
INFO:root:Epoch: 1010 lr: 0.001 train_loss: 12479.0928 train_distortion: 0.5989 train_mapscore: 0.9554 train_c: -1.1088 train_max_dist: 43.1084 train_imax: 21.2830 train_imin: -46.2802 time: 3.0152s
INFO:root:Epoch: 1015 lr: 0.001 train_loss: 11101.6748 train_distortion: 0.6066 train_mapscore: 0.9694 train_c: -1.1091 train_max_dist: 43.2676 train_imax: 22.0212 train_imin: -46.1889 time: 3.0280s
INFO:root:Epoch: 1020 lr: 0.001 train_loss: 9802.7676 train_distortion: 0.6180 train_mapscore: 0.9812 train_c: -1.1093 train_max_dist: 43.4922 train_imax: 20.7843 train_imin: -46.2703 time: 3.0160s
INFO:root:Epoch: 1025 lr: 0.001 train_loss: 8971.3359 train_distortion: 0.6313 train_mapscore: 0.9858 train_c: -1.1095 train_max_dist: 48.0000 train_imax: 21.5765 train_imin: -46.3737 time: 3.0127s
INFO:root:Epoch: 1030 lr: 0.001 train_loss: 8314.0898 train_distortion: 0.6457 train_mapscore: 0.9883 train_c: -1.1098 train_max_dist: 43.8809 train_imax: 21.1634 train_imin: -46.5704 time: 3.0653s
INFO:root:Epoch: 1035 lr: 0.001 train_loss: 7815.4883 train_distortion: 0.6607 train_mapscore: 0.9919 train_c: -1.1100 train_max_dist: 44.0840 train_imax: 21.2783 train_imin: -47.0343 time: 3.0638s
INFO:root:Epoch: 1040 lr: 0.001 train_loss: 7517.6475 train_distortion: 0.6761 train_mapscore: 0.9922 train_c: -1.1102 train_max_dist: 44.3018 train_imax: 21.7613 train_imin: -47.1935 time: 3.0286s
INFO:root:Epoch: 1045 lr: 0.001 train_loss: 7247.0903 train_distortion: 0.6914 train_mapscore: 0.9931 train_c: -1.1105 train_max_dist: 44.5166 train_imax: 21.5513 train_imin: -47.5140 time: 3.0416s
INFO:root:Epoch: 1050 lr: 0.001 train_loss: 6999.6997 train_distortion: 0.7061 train_mapscore: 0.9933 train_c: -1.1107 train_max_dist: 44.7207 train_imax: 22.1586 train_imin: -47.7253 time: 3.0298s
INFO:root:Epoch: 1055 lr: 0.001 train_loss: 6843.3164 train_distortion: 0.7202 train_mapscore: 0.9937 train_c: -1.1109 train_max_dist: 44.9082 train_imax: 22.2060 train_imin: -47.7119 time: 3.0302s
INFO:root:Epoch: 1060 lr: 0.001 train_loss: 6670.2114 train_distortion: 0.7336 train_mapscore: 0.9945 train_c: -1.1111 train_max_dist: 45.0693 train_imax: 22.9241 train_imin: -47.7852 time: 3.0405s
INFO:root:Epoch: 1065 lr: 0.001 train_loss: 6609.3774 train_distortion: 0.7464 train_mapscore: 0.9944 train_c: -1.1112 train_max_dist: 45.2471 train_imax: 22.5880 train_imin: -47.6507 time: 3.0377s
INFO:root:Epoch: 1070 lr: 0.001 train_loss: 6518.0576 train_distortion: 0.7585 train_mapscore: 0.9946 train_c: -1.1114 train_max_dist: 45.3945 train_imax: 23.0654 train_imin: -47.4828 time: 3.0268s
INFO:root:Epoch: 1075 lr: 0.001 train_loss: 8462.5410 train_distortion: 0.7688 train_mapscore: 0.9882 train_c: -1.1116 train_max_dist: 45.5459 train_imax: 22.9150 train_imin: -47.2313 time: 3.0809s
INFO:root:Epoch: 1080 lr: 0.001 train_loss: 8764.3047 train_distortion: 0.7752 train_mapscore: 0.9843 train_c: -1.1117 train_max_dist: 45.6455 train_imax: 23.4527 train_imin: -47.2563 time: 3.0519s
INFO:root:Epoch: 1085 lr: 0.001 train_loss: 9451.9277 train_distortion: 0.7790 train_mapscore: 0.9768 train_c: -1.1119 train_max_dist: 45.6953 train_imax: 23.7365 train_imin: -46.8998 time: 3.0167s
INFO:root:Epoch: 1090 lr: 0.001 train_loss: 8639.2148 train_distortion: 0.7837 train_mapscore: 0.9857 train_c: -1.1120 train_max_dist: 45.8027 train_imax: 23.5505 train_imin: -46.8616 time: 3.0383s
INFO:root:Epoch: 1095 lr: 0.001 train_loss: 7868.7412 train_distortion: 0.7909 train_mapscore: 0.9900 train_c: -1.1122 train_max_dist: 45.9375 train_imax: 23.2579 train_imin: -47.3124 time: 3.0201s
INFO:root:Epoch: 1100 lr: 0.001 train_loss: 8112.4385 train_distortion: 0.7994 train_mapscore: 0.9886 train_c: -1.1123 train_max_dist: 46.1387 train_imax: 23.2178 train_imin: -47.5310 time: 3.0124s
INFO:root:Epoch: 1105 lr: 0.001 train_loss: 8797.6836 train_distortion: 0.8077 train_mapscore: 0.9831 train_c: -1.1125 train_max_dist: 46.2324 train_imax: 23.5628 train_imin: -48.0728 time: 3.0321s
INFO:root:Epoch: 1110 lr: 0.001 train_loss: 8305.2051 train_distortion: 0.8154 train_mapscore: 0.9858 train_c: -1.1126 train_max_dist: 46.4082 train_imax: 23.1294 train_imin: -47.6332 time: 3.0350s
INFO:root:Epoch: 1115 lr: 0.001 train_loss: 7730.4102 train_distortion: 0.8236 train_mapscore: 0.9890 train_c: -1.1128 train_max_dist: 46.4570 train_imax: 23.9987 train_imin: -47.6057 time: 3.0771s
INFO:root:Epoch: 1120 lr: 0.001 train_loss: 7190.3901 train_distortion: 0.8325 train_mapscore: 0.9917 train_c: -1.1129 train_max_dist: 46.5605 train_imax: 22.8482 train_imin: -46.7973 time: 3.0593s
INFO:root:Epoch: 1125 lr: 0.001 train_loss: 7098.1455 train_distortion: 0.8416 train_mapscore: 0.9921 train_c: -1.1131 train_max_dist: 46.6953 train_imax: 23.5656 train_imin: -46.8928 time: 3.0122s
INFO:root:Epoch: 1130 lr: 0.001 train_loss: 7179.7812 train_distortion: 0.8499 train_mapscore: 0.9917 train_c: -1.1132 train_max_dist: 46.6738 train_imax: 22.7209 train_imin: -46.7393 time: 3.0180s
INFO:root:Epoch: 1135 lr: 0.001 train_loss: 7018.7446 train_distortion: 0.8582 train_mapscore: 0.9924 train_c: -1.1133 train_max_dist: 46.7793 train_imax: 22.9478 train_imin: -46.1905 time: 3.0239s
INFO:root:Epoch: 1140 lr: 0.001 train_loss: 6682.2158 train_distortion: 0.8661 train_mapscore: 0.9932 train_c: -1.1135 train_max_dist: 46.8652 train_imax: 23.5303 train_imin: -45.4407 time: 3.0137s
INFO:root:Epoch: 1145 lr: 0.001 train_loss: 6791.5410 train_distortion: 0.8743 train_mapscore: 0.9931 train_c: -1.1136 train_max_dist: 46.9463 train_imax: 23.6307 train_imin: -44.8701 time: 3.0144s
INFO:root:Epoch: 1150 lr: 0.001 train_loss: 6858.5176 train_distortion: 0.8809 train_mapscore: 0.9929 train_c: -1.1137 train_max_dist: 47.0430 train_imax: 24.0171 train_imin: -44.2853 time: 3.0146s
INFO:root:Epoch: 1155 lr: 0.001 train_loss: 6765.8320 train_distortion: 0.8876 train_mapscore: 0.9929 train_c: -1.1138 train_max_dist: 47.1367 train_imax: 23.7308 train_imin: -43.7845 time: 3.0059s
INFO:root:Epoch: 1160 lr: 0.001 train_loss: 6551.5625 train_distortion: 0.8945 train_mapscore: 0.9934 train_c: -1.1139 train_max_dist: 47.2197 train_imax: 24.0599 train_imin: -42.7924 time: 3.0398s
INFO:root:Epoch: 1165 lr: 0.001 train_loss: 6436.9751 train_distortion: 0.9014 train_mapscore: 0.9938 train_c: -1.1141 train_max_dist: 47.3164 train_imax: 23.4546 train_imin: -42.7912 time: 3.0442s
INFO:root:Epoch: 1170 lr: 0.001 train_loss: 6189.3579 train_distortion: 0.9084 train_mapscore: 0.9945 train_c: -1.1142 train_max_dist: 47.3926 train_imax: 23.4743 train_imin: -42.2143 time: 3.0149s
INFO:root:Epoch: 1175 lr: 0.001 train_loss: 14076.0391 train_distortion: 0.9129 train_mapscore: 0.9226 train_c: -1.1142 train_max_dist: 47.4336 train_imax: 25.8232 train_imin: -40.9505 time: 3.0206s
INFO:root:Epoch: 1180 lr: 0.001 train_loss: 13209.2500 train_distortion: 0.9074 train_mapscore: 0.9242 train_c: -1.1143 train_max_dist: 47.4062 train_imax: 26.3261 train_imin: -38.7914 time: 3.0151s
INFO:root:Epoch: 1185 lr: 0.001 train_loss: 11481.8477 train_distortion: 0.9018 train_mapscore: 0.9536 train_c: -1.1144 train_max_dist: 47.3887 train_imax: 26.8164 train_imin: -37.6445 time: 3.0149s
INFO:root:Epoch: 1190 lr: 0.001 train_loss: 10048.2510 train_distortion: 0.9007 train_mapscore: 0.9723 train_c: -1.1145 train_max_dist: 47.4023 train_imax: 26.3578 train_imin: -37.8706 time: 3.0342s
INFO:root:Epoch: 1195 lr: 0.001 train_loss: 8806.1426 train_distortion: 0.9030 train_mapscore: 0.9829 train_c: -1.1146 train_max_dist: 47.4287 train_imax: 26.4801 train_imin: -37.6853 time: 3.0282s
INFO:root:Epoch: 1200 lr: 0.001 train_loss: 9178.3418 train_distortion: 0.9081 train_mapscore: 0.9800 train_c: -1.1148 train_max_dist: 47.5186 train_imax: 26.3062 train_imin: -37.7767 time: 3.0766s
INFO:root:Epoch: 1205 lr: 0.001 train_loss: 8174.7363 train_distortion: 0.9135 train_mapscore: 0.9872 train_c: -1.1149 train_max_dist: 47.6260 train_imax: 25.6550 train_imin: -38.2134 time: 3.0635s
INFO:root:Epoch: 1210 lr: 0.001 train_loss: 7599.8555 train_distortion: 0.9202 train_mapscore: 0.9898 train_c: -1.1150 train_max_dist: 47.6953 train_imax: 26.1267 train_imin: -38.2915 time: 3.0284s
INFO:root:Epoch: 1215 lr: 0.001 train_loss: 7229.7197 train_distortion: 0.9278 train_mapscore: 0.9913 train_c: -1.1152 train_max_dist: 47.8086 train_imax: 26.4958 train_imin: -38.6553 time: 3.0399s
INFO:root:Epoch: 1220 lr: 0.001 train_loss: 6779.6992 train_distortion: 0.9364 train_mapscore: 0.9932 train_c: -1.1153 train_max_dist: 47.8867 train_imax: 26.3403 train_imin: -38.6959 time: 3.0328s
INFO:root:Epoch: 1225 lr: 0.001 train_loss: 6540.2241 train_distortion: 0.9450 train_mapscore: 0.9940 train_c: -1.1154 train_max_dist: 47.9707 train_imax: 26.1333 train_imin: -38.4958 time: 3.0118s
INFO:root:Epoch: 1230 lr: 0.001 train_loss: 8085.5098 train_distortion: 0.9531 train_mapscore: 0.9899 train_c: -1.1156 train_max_dist: 48.0537 train_imax: 25.2940 train_imin: -38.3291 time: 3.0449s
INFO:root:Epoch: 1235 lr: 0.001 train_loss: 10466.1211 train_distortion: 0.9588 train_mapscore: 0.9631 train_c: -1.1156 train_max_dist: 48.1328 train_imax: 26.8263 train_imin: -37.7802 time: 3.0342s
INFO:root:Epoch: 1240 lr: 0.001 train_loss: 9398.7021 train_distortion: 0.9603 train_mapscore: 0.9763 train_c: -1.1157 train_max_dist: 48.2188 train_imax: 26.1610 train_imin: -44.9758 time: 3.0355s
INFO:root:Epoch: 1245 lr: 0.001 train_loss: 9492.6211 train_distortion: 0.9630 train_mapscore: 0.9787 train_c: -1.1159 train_max_dist: 48.2793 train_imax: 26.9805 train_imin: -46.3073 time: 3.0668s
INFO:root:Epoch: 1250 lr: 0.001 train_loss: 8468.4590 train_distortion: 0.9667 train_mapscore: 0.9859 train_c: -1.1160 train_max_dist: 48.3145 train_imax: 26.6131 train_imin: -52.1611 time: 3.0618s
INFO:root:Epoch: 1255 lr: 0.001 train_loss: 7716.8926 train_distortion: 0.9719 train_mapscore: 0.9890 train_c: -1.1161 train_max_dist: 48.3652 train_imax: 26.2903 train_imin: -56.4067 time: 2.9962s
INFO:root:Epoch: 1260 lr: 0.001 train_loss: 7190.1001 train_distortion: 0.9787 train_mapscore: 0.9907 train_c: -1.1162 train_max_dist: 48.4609 train_imax: 25.9211 train_imin: -57.2493 time: 3.0073s
INFO:root:Epoch: 1265 lr: 0.001 train_loss: 6827.2305 train_distortion: 0.9860 train_mapscore: 0.9925 train_c: -1.1163 train_max_dist: 48.5410 train_imax: 26.6445 train_imin: -56.8045 time: 3.0022s
INFO:root:Epoch: 1270 lr: 0.001 train_loss: 6525.9604 train_distortion: 0.9934 train_mapscore: 0.9935 train_c: -1.1165 train_max_dist: 48.6270 train_imax: 26.7732 train_imin: -55.4712 time: 3.0204s
INFO:root:Epoch: 1275 lr: 0.001 train_loss: 6413.6147 train_distortion: 1.0010 train_mapscore: 0.9937 train_c: -1.1166 train_max_dist: 48.7246 train_imax: 26.7414 train_imin: -54.1138 time: 3.0190s
INFO:root:Epoch: 1280 lr: 0.001 train_loss: 6293.4404 train_distortion: 1.0079 train_mapscore: 0.9941 train_c: -1.1167 train_max_dist: 48.7715 train_imax: 26.5591 train_imin: -52.5972 time: 3.0271s
INFO:root:Epoch: 1285 lr: 0.001 train_loss: 6306.6362 train_distortion: 1.0143 train_mapscore: 0.9940 train_c: -1.1168 train_max_dist: 48.8613 train_imax: 26.2536 train_imin: -51.5695 time: 3.0495s
INFO:root:Epoch: 1290 lr: 0.001 train_loss: 6805.0947 train_distortion: 1.0201 train_mapscore: 0.9934 train_c: -1.1168 train_max_dist: 48.9688 train_imax: 25.7692 train_imin: -50.2888 time: 3.0462s
INFO:root:Epoch: 1295 lr: 0.001 train_loss: 6420.5137 train_distortion: 1.0254 train_mapscore: 0.9934 train_c: -1.1169 train_max_dist: 49.0430 train_imax: 26.1909 train_imin: -49.5650 time: 3.0169s
INFO:root:Epoch: 1300 lr: 0.001 train_loss: 6235.5234 train_distortion: 1.0305 train_mapscore: 0.9940 train_c: -1.1170 train_max_dist: 49.1211 train_imax: 26.4997 train_imin: -48.7680 time: 3.0111s
INFO:root:Epoch: 1305 lr: 0.001 train_loss: 6090.7510 train_distortion: 1.0357 train_mapscore: 0.9949 train_c: -1.1171 train_max_dist: 49.1797 train_imax: 26.5705 train_imin: -47.6422 time: 3.0052s
INFO:root:Epoch: 1310 lr: 0.001 train_loss: 5976.3887 train_distortion: 1.0408 train_mapscore: 0.9954 train_c: -1.1172 train_max_dist: 49.2266 train_imax: 26.4587 train_imin: -46.6133 time: 2.9959s
INFO:root:Epoch: 1315 lr: 0.001 train_loss: 6119.7310 train_distortion: 1.0462 train_mapscore: 0.9945 train_c: -1.1173 train_max_dist: 49.2812 train_imax: 26.6339 train_imin: -46.4534 time: 2.9846s
INFO:root:Epoch: 1320 lr: 0.001 train_loss: 14550.1973 train_distortion: 1.0455 train_mapscore: 0.9340 train_c: -1.1173 train_max_dist: 49.1797 train_imax: 25.9999 train_imin: -45.8474 time: 3.0111s
INFO:root:Epoch: 1325 lr: 0.001 train_loss: 14814.2715 train_distortion: 1.0319 train_mapscore: 0.9145 train_c: -1.1173 train_max_dist: 48.9863 train_imax: 25.8489 train_imin: -44.9979 time: 2.9925s
INFO:root:Epoch: 1330 lr: 0.001 train_loss: 13034.5049 train_distortion: 1.0176 train_mapscore: 0.9413 train_c: -1.1174 train_max_dist: 48.8164 train_imax: 26.2491 train_imin: -43.6286 time: 3.0501s
INFO:root:Epoch: 1335 lr: 0.001 train_loss: 10930.6230 train_distortion: 1.0088 train_mapscore: 0.9655 train_c: -1.1175 train_max_dist: 48.7188 train_imax: 27.3198 train_imin: -42.4784 time: 3.0102s
INFO:root:Epoch: 1340 lr: 0.001 train_loss: 9247.1055 train_distortion: 1.0061 train_mapscore: 0.9808 train_c: -1.1176 train_max_dist: 48.6875 train_imax: 26.7194 train_imin: -42.0930 time: 3.0252s
INFO:root:Epoch: 1345 lr: 0.001 train_loss: 8181.3452 train_distortion: 1.0088 train_mapscore: 0.9877 train_c: -1.1177 train_max_dist: 48.7109 train_imax: 26.5201 train_imin: -42.3834 time: 3.0247s
INFO:root:Epoch: 1350 lr: 0.001 train_loss: 7381.9297 train_distortion: 1.0144 train_mapscore: 0.9916 train_c: -1.1179 train_max_dist: 48.7812 train_imax: 26.3902 train_imin: -41.9449 time: 3.0224s
INFO:root:Epoch: 1355 lr: 0.001 train_loss: 6862.1777 train_distortion: 1.0224 train_mapscore: 0.9937 train_c: -1.1180 train_max_dist: 48.8242 train_imax: 26.0240 train_imin: -42.8452 time: 3.0297s
INFO:root:Epoch: 1360 lr: 0.001 train_loss: 6446.0137 train_distortion: 1.0313 train_mapscore: 0.9950 train_c: -1.1182 train_max_dist: 48.9004 train_imax: 25.9589 train_imin: -42.3449 time: 3.0282s
INFO:root:Epoch: 1365 lr: 0.001 train_loss: 6219.3604 train_distortion: 1.0412 train_mapscore: 0.9956 train_c: -1.1183 train_max_dist: 49.0000 train_imax: 25.7738 train_imin: -42.0571 time: 3.0219s
INFO:root:Epoch: 1370 lr: 0.001 train_loss: 22976.0039 train_distortion: 1.0477 train_mapscore: 0.8170 train_c: -1.1183 train_max_dist: 49.0547 train_imax: 28.4672 train_imin: -41.2789 time: 3.0580s
INFO:root:Epoch: 1375 lr: 0.001 train_loss: 26333.9531 train_distortion: 1.0288 train_mapscore: 0.7499 train_c: -1.1183 train_max_dist: 48.7266 train_imax: 25.2175 train_imin: -39.5453 time: 3.0555s
INFO:root:Epoch: 1380 lr: 0.001 train_loss: 24794.1699 train_distortion: 0.9974 train_mapscore: 0.7751 train_c: -1.1183 train_max_dist: 48.6445 train_imax: 28.3769 train_imin: -39.0397 time: 3.0478s
INFO:root:Epoch: 1385 lr: 0.001 train_loss: 21915.1055 train_distortion: 0.9694 train_mapscore: 0.8247 train_c: -1.1183 train_max_dist: 48.6777 train_imax: 28.0157 train_imin: -37.6386 time: 3.0398s
INFO:root:Epoch: 1390 lr: 0.001 train_loss: 18827.5352 train_distortion: 0.9476 train_mapscore: 0.8729 train_c: -1.1184 train_max_dist: 48.5430 train_imax: 25.8197 train_imin: -37.6592 time: 3.0144s
INFO:root:Epoch: 1395 lr: 0.001 train_loss: 15865.9258 train_distortion: 0.9341 train_mapscore: 0.9128 train_c: -1.1185 train_max_dist: 48.4375 train_imax: 25.7744 train_imin: -37.2639 time: 3.0076s
INFO:root:Epoch: 1400 lr: 0.001 train_loss: 14173.7188 train_distortion: 0.9290 train_mapscore: 0.9298 train_c: -1.1186 train_max_dist: 48.3984 train_imax: 24.8651 train_imin: -37.2741 time: 3.0060s
INFO:root:Epoch: 1405 lr: 0.001 train_loss: 12378.1230 train_distortion: 0.9302 train_mapscore: 0.9531 train_c: -1.1188 train_max_dist: 48.5000 train_imax: 24.7190 train_imin: -37.1791 time: 3.0018s
INFO:root:Epoch: 1410 lr: 0.001 train_loss: 11023.5537 train_distortion: 0.9367 train_mapscore: 0.9650 train_c: -1.1189 train_max_dist: 48.6094 train_imax: 25.7965 train_imin: -37.3216 time: 3.0341s
INFO:root:Epoch: 1415 lr: 0.001 train_loss: 9921.8867 train_distortion: 0.9474 train_mapscore: 0.9740 train_c: -1.1191 train_max_dist: 48.8086 train_imax: 25.8021 train_imin: -37.7656 time: 3.0596s
INFO:root:Epoch: 1420 lr: 0.001 train_loss: 9173.8477 train_distortion: 0.9608 train_mapscore: 0.9791 train_c: -1.1193 train_max_dist: 48.9570 train_imax: 25.6995 train_imin: -38.0019 time: 3.0537s
INFO:root:Epoch: 1425 lr: 0.001 train_loss: 8561.9004 train_distortion: 0.9764 train_mapscore: 0.9831 train_c: -1.1195 train_max_dist: 49.1602 train_imax: 25.8359 train_imin: -38.4926 time: 3.0197s
INFO:root:Epoch: 1430 lr: 0.001 train_loss: 8061.0732 train_distortion: 0.9932 train_mapscore: 0.9852 train_c: -1.1197 train_max_dist: 50.0000 train_imax: 26.0897 train_imin: -38.8907 time: 3.0093s
INFO:root:Epoch: 1435 lr: 0.001 train_loss: 7837.7617 train_distortion: 1.0105 train_mapscore: 0.9873 train_c: -1.1199 train_max_dist: 49.5195 train_imax: 25.9927 train_imin: -39.3612 time: 3.0063s
INFO:root:Epoch: 1440 lr: 0.001 train_loss: 7500.9688 train_distortion: 1.0274 train_mapscore: 0.9891 train_c: -1.1200 train_max_dist: 49.6953 train_imax: 26.7833 train_imin: -39.8131 time: 3.0111s
INFO:root:Epoch: 1445 lr: 0.001 train_loss: 7240.3623 train_distortion: 1.0443 train_mapscore: 0.9895 train_c: -1.1202 train_max_dist: 49.8789 train_imax: 27.1542 train_imin: -39.9766 time: 2.9999s
INFO:root:Epoch: 1450 lr: 0.001 train_loss: 7095.4756 train_distortion: 1.0608 train_mapscore: 0.9906 train_c: -1.1204 train_max_dist: 50.0000 train_imax: 27.2563 train_imin: -40.5274 time: 3.0063s
INFO:root:Epoch: 1455 lr: 0.001 train_loss: 6899.3618 train_distortion: 1.0768 train_mapscore: 0.9913 train_c: -1.1205 train_max_dist: 50.0000 train_imax: 27.2473 train_imin: -40.7039 time: 3.0206s
INFO:root:Epoch: 1460 lr: 0.001 train_loss: 6817.8545 train_distortion: 1.0921 train_mapscore: 0.9921 train_c: -1.1207 train_max_dist: 50.0000 train_imax: 27.5888 train_imin: -41.1469 time: 3.0583s
INFO:root:Epoch: 1465 lr: 0.001 train_loss: 6922.8057 train_distortion: 1.1066 train_mapscore: 0.9915 train_c: -1.1208 train_max_dist: 50.0000 train_imax: 27.5780 train_imin: -41.1841 time: 3.0195s
INFO:root:Epoch: 1470 lr: 0.001 train_loss: 6819.7324 train_distortion: 1.1201 train_mapscore: 0.9920 train_c: -1.1210 train_max_dist: 50.0000 train_imax: 28.2264 train_imin: -41.5735 time: 3.0134s
INFO:root:Epoch: 1475 lr: 0.001 train_loss: 6740.0059 train_distortion: 1.1326 train_mapscore: 0.9924 train_c: -1.1211 train_max_dist: 50.0000 train_imax: 28.0253 train_imin: -41.7776 time: 3.0099s
INFO:root:Epoch: 1480 lr: 0.001 train_loss: 6618.2637 train_distortion: 1.1448 train_mapscore: 0.9926 train_c: -1.1212 train_max_dist: 50.0000 train_imax: 28.2540 train_imin: -41.7168 time: 3.0163s
INFO:root:Epoch: 1485 lr: 0.001 train_loss: 25963.2969 train_distortion: 1.1438 train_mapscore: 0.7747 train_c: -1.1213 train_max_dist: 50.0000 train_imax: 22.5071 train_imin: -72.6281 time: 3.0156s
INFO:root:Epoch: 1490 lr: 0.001 train_loss: 30140.5234 train_distortion: 1.1087 train_mapscore: 0.7012 train_c: -1.1214 train_max_dist: 50.0000 train_imax: 27.0426 train_imin: -71.8669 time: 3.0040s
INFO:root:Epoch: 1495 lr: 0.001 train_loss: 29569.1914 train_distortion: 1.0647 train_mapscore: 0.7069 train_c: -1.1214 train_max_dist: 49.9531 train_imax: 44.0667 train_imin: -68.1726 time: 3.0499s
INFO:root:Epoch: 1500 lr: 0.001 train_loss: 25850.7305 train_distortion: 1.0262 train_mapscore: 0.7707 train_c: -1.1214 train_max_dist: 49.5039 train_imax: 44.8703 train_imin: -64.8227 time: 3.0631s
INFO:root:Epoch: 1505 lr: 0.001 train_loss: 22109.3789 train_distortion: 0.9978 train_mapscore: 0.8318 train_c: -1.1215 train_max_dist: 49.2539 train_imax: 41.5255 train_imin: -62.8672 time: 3.0397s
INFO:root:Epoch: 1510 lr: 0.001 train_loss: 18813.4004 train_distortion: 0.9807 train_mapscore: 0.8796 train_c: -1.1216 train_max_dist: 49.0312 train_imax: 39.6171 train_imin: -61.3925 time: 3.0329s
INFO:root:Epoch: 1515 lr: 0.001 train_loss: 16231.0332 train_distortion: 0.9727 train_mapscore: 0.9132 train_c: -1.1218 train_max_dist: 49.0156 train_imax: 39.4191 train_imin: -60.3215 time: 3.0288s
INFO:root:Epoch: 1520 lr: 0.001 train_loss: 32551.0352 train_distortion: 0.9634 train_mapscore: 0.6432 train_c: -1.1220 train_max_dist: 49.2461 train_imax: 38.7252 train_imin: -59.0597 time: 3.0402s
INFO:root:Epoch: 1525 lr: 0.001 train_loss: 33459.3281 train_distortion: 0.9363 train_mapscore: 0.6246 train_c: -1.1220 train_max_dist: 48.9727 train_imax: 36.9419 train_imin: -56.8048 time: 3.0241s
INFO:root:Epoch: 1530 lr: 0.001 train_loss: 30736.9883 train_distortion: 0.9047 train_mapscore: 0.6794 train_c: -1.1220 train_max_dist: 48.6016 train_imax: 35.8763 train_imin: -54.4592 time: 3.0223s
INFO:root:Epoch: 1535 lr: 0.001 train_loss: 27224.1328 train_distortion: 0.8789 train_mapscore: 0.7448 train_c: -1.1221 train_max_dist: 48.2422 train_imax: 35.0255 train_imin: -52.9815 time: 3.0364s
INFO:root:Epoch: 1540 lr: 0.001 train_loss: 23779.5547 train_distortion: 0.8618 train_mapscore: 0.8096 train_c: -1.1223 train_max_dist: 48.0352 train_imax: 34.0025 train_imin: -52.2867 time: 3.0703s
INFO:root:Epoch: 1545 lr: 0.001 train_loss: 20693.9941 train_distortion: 0.8527 train_mapscore: 0.8565 train_c: -1.1225 train_max_dist: 47.9258 train_imax: 33.6433 train_imin: -51.9624 time: 3.0569s
INFO:root:Epoch: 1550 lr: 0.001 train_loss: 19776.7148 train_distortion: 0.8497 train_mapscore: 0.8618 train_c: -1.1227 train_max_dist: 47.8438 train_imax: 33.6688 train_imin: -51.9853 time: 3.0284s
INFO:root:Epoch: 1555 lr: 0.001 train_loss: 18029.6172 train_distortion: 0.8511 train_mapscore: 0.8923 train_c: -1.1229 train_max_dist: 47.9004 train_imax: 33.3709 train_imin: -52.0756 time: 3.0392s
INFO:root:Epoch: 1560 lr: 0.001 train_loss: 16326.2617 train_distortion: 0.8581 train_mapscore: 0.9149 train_c: -1.1231 train_max_dist: 47.9414 train_imax: 33.3252 train_imin: -52.6890 time: 3.0337s
INFO:root:Epoch: 1565 lr: 0.001 train_loss: 14862.5781 train_distortion: 0.8704 train_mapscore: 0.9328 train_c: -1.1234 train_max_dist: 48.0859 train_imax: 33.0252 train_imin: -53.5070 time: 3.0111s
INFO:root:Epoch: 1570 lr: 0.001 train_loss: 13766.4316 train_distortion: 0.8871 train_mapscore: 0.9431 train_c: -1.1237 train_max_dist: 48.2285 train_imax: 33.5551 train_imin: -54.2882 time: 3.0177s
INFO:root:Epoch: 1575 lr: 0.001 train_loss: 13067.7852 train_distortion: 0.9065 train_mapscore: 0.9524 train_c: -1.1239 train_max_dist: 48.4434 train_imax: 33.5580 train_imin: -55.0219 time: 3.0133s
INFO:root:Epoch: 1580 lr: 0.001 train_loss: 12180.8945 train_distortion: 0.9286 train_mapscore: 0.9586 train_c: -1.1242 train_max_dist: 48.7129 train_imax: 34.5364 train_imin: -55.7128 time: 3.0494s
INFO:root:Epoch: 1585 lr: 0.001 train_loss: 11507.6396 train_distortion: 0.9527 train_mapscore: 0.9616 train_c: -1.1245 train_max_dist: 48.9570 train_imax: 35.1218 train_imin: -56.6133 time: 3.0509s
INFO:root:Epoch: 1590 lr: 0.001 train_loss: 10860.7148 train_distortion: 0.9776 train_mapscore: 0.9673 train_c: -1.1248 train_max_dist: 49.2539 train_imax: 35.8017 train_imin: -57.6066 time: 3.0310s
INFO:root:Epoch: 1595 lr: 0.001 train_loss: 10336.5771 train_distortion: 1.0036 train_mapscore: 0.9698 train_c: -1.1250 train_max_dist: 49.5117 train_imax: 36.3745 train_imin: -58.7530 time: 3.0289s
INFO:root:Epoch: 1600 lr: 0.001 train_loss: 10897.0361 train_distortion: 1.0297 train_mapscore: 0.9684 train_c: -1.1253 train_max_dist: 49.8281 train_imax: 37.2498 train_imin: -60.1971 time: 3.0245s
INFO:root:Epoch: 1605 lr: 0.001 train_loss: 14440.0918 train_distortion: 1.0537 train_mapscore: 0.9274 train_c: -1.1255 train_max_dist: 50.0000 train_imax: 37.6161 train_imin: -61.4511 time: 3.0143s
INFO:root:Epoch: 1610 lr: 0.001 train_loss: 15846.7949 train_distortion: 1.0707 train_mapscore: 0.9000 train_c: -1.1257 train_max_dist: 50.0000 train_imax: 37.7252 train_imin: -62.7910 time: 3.0077s
INFO:root:Epoch: 1615 lr: 0.001 train_loss: 14266.5957 train_distortion: 1.0835 train_mapscore: 0.9286 train_c: -1.1259 train_max_dist: 49.9961 train_imax: 38.2570 train_imin: -63.8190 time: 3.0121s
INFO:root:Epoch: 1620 lr: 0.001 train_loss: 12696.9580 train_distortion: 1.0974 train_mapscore: 0.9550 train_c: -1.1261 train_max_dist: 50.0000 train_imax: 38.6316 train_imin: -64.7557 time: 3.0128s
INFO:root:Epoch: 1625 lr: 0.001 train_loss: 11396.1680 train_distortion: 1.1139 train_mapscore: 0.9676 train_c: -1.1264 train_max_dist: 50.0000 train_imax: 38.9558 train_imin: -65.7378 time: 3.0323s
INFO:root:Epoch: 1630 lr: 0.001 train_loss: 14070.2617 train_distortion: 1.1288 train_mapscore: 0.9321 train_c: -1.1266 train_max_dist: 50.0000 train_imax: 27.7064 train_imin: -65.4899 time: 3.0438s
INFO:root:Epoch: 1635 lr: 0.001 train_loss: 13282.9053 train_distortion: 1.1422 train_mapscore: 0.9464 train_c: -1.1268 train_max_dist: 50.0000 train_imax: 28.6427 train_imin: -66.0132 time: 3.0253s
INFO:root:Epoch: 1640 lr: 0.001 train_loss: 11810.8535 train_distortion: 1.1558 train_mapscore: 0.9630 train_c: -1.1270 train_max_dist: 50.0000 train_imax: 29.1696 train_imin: -66.4960 time: 3.0263s
INFO:root:Epoch: 1645 lr: 0.001 train_loss: 10663.4316 train_distortion: 1.1718 train_mapscore: 0.9718 train_c: -1.1272 train_max_dist: 50.0000 train_imax: 29.8177 train_imin: -66.8915 time: 3.0294s
INFO:root:Epoch: 1650 lr: 0.001 train_loss: 9798.4082 train_distortion: 1.1895 train_mapscore: 0.9776 train_c: -1.1275 train_max_dist: 50.0000 train_imax: 30.0589 train_imin: -67.5848 time: 3.0267s
INFO:root:Epoch: 1655 lr: 0.001 train_loss: 9177.3945 train_distortion: 1.2094 train_mapscore: 0.9812 train_c: -1.1277 train_max_dist: 50.0000 train_imax: 30.2740 train_imin: -68.2726 time: 3.0156s
INFO:root:Epoch: 1660 lr: 0.001 train_loss: 8722.7969 train_distortion: 1.2304 train_mapscore: 0.9833 train_c: -1.1279 train_max_dist: 50.0000 train_imax: 30.1166 train_imin: -68.9095 time: 2.9963s
INFO:root:Epoch: 1665 lr: 0.001 train_loss: 8475.0586 train_distortion: 1.2513 train_mapscore: 0.9846 train_c: -1.1280 train_max_dist: 50.0000 train_imax: 30.3760 train_imin: -69.5974 time: 3.0339s
INFO:root:Epoch: 1670 lr: 0.001 train_loss: 8214.0811 train_distortion: 1.2719 train_mapscore: 0.9856 train_c: -1.1282 train_max_dist: 50.0000 train_imax: 30.3710 train_imin: -70.3965 time: 3.0477s
INFO:root:Epoch: 1675 lr: 0.001 train_loss: 8059.6357 train_distortion: 1.2916 train_mapscore: 0.9861 train_c: -1.1284 train_max_dist: 50.0000 train_imax: 30.1634 train_imin: -71.1922 time: 3.0143s
INFO:root:Epoch: 1680 lr: 0.001 train_loss: 7923.0107 train_distortion: 1.3107 train_mapscore: 0.9860 train_c: -1.1285 train_max_dist: 50.0000 train_imax: 30.1916 train_imin: -71.9530 time: 3.0331s
INFO:root:Epoch: 1685 lr: 0.001 train_loss: 9676.5137 train_distortion: 1.3280 train_mapscore: 0.9821 train_c: -1.1287 train_max_dist: 50.0000 train_imax: 30.2125 train_imin: -72.8031 time: 3.0235s
INFO:root:Epoch: 1690 lr: 0.001 train_loss: 12629.1328 train_distortion: 1.3392 train_mapscore: 0.9437 train_c: -1.1288 train_max_dist: 50.0000 train_imax: 30.8059 train_imin: -73.0487 time: 3.0208s
INFO:root:Epoch: 1695 lr: 0.001 train_loss: 11956.1660 train_distortion: 1.3444 train_mapscore: 0.9568 train_c: -1.1289 train_max_dist: 50.0000 train_imax: 31.6567 train_imin: -73.2357 time: 3.0206s
INFO:root:Epoch: 1700 lr: 0.001 train_loss: 10861.3672 train_distortion: 1.3515 train_mapscore: 0.9700 train_c: -1.1290 train_max_dist: 50.0000 train_imax: 32.0691 train_imin: -73.1575 time: 3.0149s
INFO:root:Epoch: 1705 lr: 0.001 train_loss: 9873.4121 train_distortion: 1.3611 train_mapscore: 0.9774 train_c: -1.1292 train_max_dist: 50.0000 train_imax: 31.0316 train_imin: -73.7372 time: 3.0164s
INFO:root:Epoch: 1710 lr: 0.001 train_loss: 9113.5859 train_distortion: 1.3731 train_mapscore: 0.9814 train_c: -1.1293 train_max_dist: 50.0000 train_imax: 30.6064 train_imin: -73.8185 time: 3.0628s
INFO:root:Epoch: 1715 lr: 0.001 train_loss: 8640.7500 train_distortion: 1.3867 train_mapscore: 0.9850 train_c: -1.1295 train_max_dist: 50.0000 train_imax: 31.0086 train_imin: -74.1416 time: 3.0280s
INFO:root:Epoch: 1720 lr: 0.001 train_loss: 8499.8965 train_distortion: 1.4007 train_mapscore: 0.9833 train_c: -1.1296 train_max_dist: 50.0000 train_imax: 30.7355 train_imin: -74.6740 time: 3.0256s
INFO:root:Epoch: 1725 lr: 0.001 train_loss: 25507.0469 train_distortion: 1.3946 train_mapscore: 0.7555 train_c: -1.1297 train_max_dist: 50.0000 train_imax: 26.0643 train_imin: -74.2503 time: 3.0393s
INFO:root:Epoch: 1730 lr: 0.001 train_loss: 24367.6387 train_distortion: 1.3653 train_mapscore: 0.7765 train_c: -1.1297 train_max_dist: 50.0000 train_imax: 24.8580 train_imin: -73.0564 time: 3.0341s
INFO:root:Epoch: 1735 lr: 0.001 train_loss: 21640.9766 train_distortion: 1.3346 train_mapscore: 0.8210 train_c: -1.1298 train_max_dist: 50.0000 train_imax: 27.0280 train_imin: -71.7589 time: 3.0287s
INFO:root:Epoch: 1740 lr: 0.001 train_loss: 18399.0508 train_distortion: 1.3120 train_mapscore: 0.8788 train_c: -1.1299 train_max_dist: 50.0000 train_imax: 27.6962 train_imin: -70.7383 time: 3.0166s
INFO:root:Epoch: 1745 lr: 0.001 train_loss: 15814.7500 train_distortion: 1.2996 train_mapscore: 0.9170 train_c: -1.1300 train_max_dist: 50.0000 train_imax: 28.2453 train_imin: -70.2808 time: 3.0154s
INFO:root:Epoch: 1750 lr: 0.001 train_loss: 13732.7070 train_distortion: 1.2961 train_mapscore: 0.9447 train_c: -1.1302 train_max_dist: 50.0000 train_imax: 27.5648 train_imin: -70.3924 time: 3.0449s
INFO:root:Epoch: 1755 lr: 0.001 train_loss: 12342.6553 train_distortion: 1.3007 train_mapscore: 0.9579 train_c: -1.1303 train_max_dist: 50.0000 train_imax: 27.6341 train_imin: -70.1731 time: 3.0443s
INFO:root:Epoch: 1760 lr: 0.001 train_loss: 11670.9355 train_distortion: 1.3101 train_mapscore: 0.9624 train_c: -1.1305 train_max_dist: 50.0000 train_imax: 26.5913 train_imin: -70.5054 time: 3.0152s
INFO:root:Epoch: 1765 lr: 0.001 train_loss: 10817.3545 train_distortion: 1.3233 train_mapscore: 0.9698 train_c: -1.1307 train_max_dist: 50.0000 train_imax: 26.8743 train_imin: -70.8391 time: 3.0181s
INFO:root:Epoch: 1770 lr: 0.001 train_loss: 10282.2832 train_distortion: 1.3391 train_mapscore: 0.9735 train_c: -1.1309 train_max_dist: 50.0000 train_imax: 27.2980 train_imin: -71.1800 time: 3.0432s
INFO:root:Epoch: 1775 lr: 0.001 train_loss: 9686.8838 train_distortion: 1.3571 train_mapscore: 0.9783 train_c: -1.1311 train_max_dist: 50.0000 train_imax: 27.3934 train_imin: -71.9249 time: 3.0191s
INFO:root:Epoch: 1780 lr: 0.001 train_loss: 9236.9668 train_distortion: 1.3767 train_mapscore: 0.9811 train_c: -1.1313 train_max_dist: 50.0000 train_imax: 27.7454 train_imin: -72.9530 time: 3.0288s
INFO:root:Epoch: 1785 lr: 0.001 train_loss: 8864.6914 train_distortion: 1.3968 train_mapscore: 0.9823 train_c: -1.1314 train_max_dist: 50.0000 train_imax: 28.2986 train_imin: -73.7753 time: 3.0311s
INFO:root:Epoch: 1790 lr: 0.001 train_loss: 9203.4404 train_distortion: 1.4160 train_mapscore: 0.9809 train_c: -1.1316 train_max_dist: 50.0000 train_imax: 28.0216 train_imin: -74.4319 time: 3.0680s
INFO:root:Epoch: 1795 lr: 0.001 train_loss: 9129.5107 train_distortion: 1.4349 train_mapscore: 0.9809 train_c: -1.1318 train_max_dist: 50.0000 train_imax: 29.3760 train_imin: -75.1459 time: 3.0667s
INFO:root:Epoch: 1800 lr: 0.001 train_loss: 8971.1084 train_distortion: 1.4534 train_mapscore: 0.9822 train_c: -1.1319 train_max_dist: 50.0000 train_imax: 29.4116 train_imin: -75.9293 time: 3.0317s
INFO:root:Epoch: 1805 lr: 0.001 train_loss: 8753.0742 train_distortion: 1.4717 train_mapscore: 0.9837 train_c: -1.1320 train_max_dist: 50.0000 train_imax: 29.4740 train_imin: -76.7616 time: 3.0195s
INFO:root:Epoch: 1810 lr: 0.001 train_loss: 8538.3154 train_distortion: 1.4898 train_mapscore: 0.9846 train_c: -1.1321 train_max_dist: 50.0000 train_imax: 29.6621 train_imin: -77.9663 time: 3.0228s
INFO:root:Epoch: 1815 lr: 0.001 train_loss: 8313.4141 train_distortion: 1.5067 train_mapscore: 0.9854 train_c: -1.1322 train_max_dist: 50.0000 train_imax: 30.4929 train_imin: -78.3655 time: 3.0388s
INFO:root:Epoch: 1820 lr: 0.001 train_loss: 8346.6133 train_distortion: 1.5227 train_mapscore: 0.9863 train_c: -1.1323 train_max_dist: 50.0000 train_imax: 30.5405 train_imin: -79.1291 time: 3.0284s
INFO:root:Epoch: 1825 lr: 0.001 train_loss: 8119.7314 train_distortion: 1.5374 train_mapscore: 0.9871 train_c: -1.1324 train_max_dist: 50.0000 train_imax: 30.3788 train_imin: -79.7027 time: 3.0288s
INFO:root:Epoch: 1830 lr: 0.001 train_loss: 7939.4292 train_distortion: 1.5513 train_mapscore: 0.9890 train_c: -1.1325 train_max_dist: 50.0000 train_imax: 30.6253 train_imin: -80.1422 time: 3.0154s
INFO:root:Epoch: 1835 lr: 0.001 train_loss: 7879.1851 train_distortion: 1.5647 train_mapscore: 0.9894 train_c: -1.1326 train_max_dist: 50.0000 train_imax: 30.6721 train_imin: -80.6998 time: 3.0401s
INFO:root:Epoch: 1840 lr: 0.001 train_loss: 7766.4746 train_distortion: 1.5779 train_mapscore: 0.9896 train_c: -1.1327 train_max_dist: 50.0000 train_imax: 32.0285 train_imin: -81.0503 time: 3.0422s
INFO:root:Epoch: 1845 lr: 0.001 train_loss: 8600.1309 train_distortion: 1.5896 train_mapscore: 0.9869 train_c: -1.1328 train_max_dist: 50.0000 train_imax: 31.5967 train_imin: -81.2381 time: 3.0132s
INFO:root:Epoch: 1850 lr: 0.001 train_loss: 24696.6113 train_distortion: 1.5807 train_mapscore: 0.7738 train_c: -1.1331 train_max_dist: 50.0000 train_imax: 38.6320 train_imin: -80.1655 time: 3.0226s
INFO:root:Epoch: 1855 lr: 0.001 train_loss: 24022.4043 train_distortion: 1.5499 train_mapscore: 0.7816 train_c: -1.1332 train_max_dist: 50.0000 train_imax: 33.3761 train_imin: -77.5733 time: 3.0467s
INFO:root:Epoch: 1860 lr: 0.001 train_loss: 20890.7363 train_distortion: 1.5166 train_mapscore: 0.8394 train_c: -1.1334 train_max_dist: 50.0000 train_imax: 31.8871 train_imin: -75.9342 time: 3.0229s
INFO:root:Epoch: 1865 lr: 0.001 train_loss: 17544.2344 train_distortion: 1.4911 train_mapscore: 0.8960 train_c: -1.1335 train_max_dist: 50.0000 train_imax: 30.9581 train_imin: -74.6491 time: 3.0136s
INFO:root:Epoch: 1870 lr: 0.001 train_loss: 15479.9072 train_distortion: 1.4743 train_mapscore: 0.9204 train_c: -1.1336 train_max_dist: 50.0000 train_imax: 30.7458 train_imin: -73.7807 time: 3.0162s
INFO:root:Epoch: 1875 lr: 0.001 train_loss: 13792.0732 train_distortion: 1.4663 train_mapscore: 0.9399 train_c: -1.1338 train_max_dist: 50.0000 train_imax: 29.7491 train_imin: -73.5690 time: 3.0830s
INFO:root:Epoch: 1880 lr: 0.001 train_loss: 12223.2070 train_distortion: 1.4665 train_mapscore: 0.9617 train_c: -1.1339 train_max_dist: 50.0000 train_imax: 30.1302 train_imin: -73.8126 time: 3.0841s
INFO:root:Epoch: 1885 lr: 0.001 train_loss: 12095.3711 train_distortion: 1.4733 train_mapscore: 0.9629 train_c: -1.1341 train_max_dist: 50.0000 train_imax: 29.8114 train_imin: -74.2764 time: 3.0372s
INFO:root:Epoch: 1890 lr: 0.001 train_loss: 12818.1924 train_distortion: 1.4824 train_mapscore: 0.9514 train_c: -1.1342 train_max_dist: 50.0000 train_imax: 30.3442 train_imin: -75.0432 time: 3.0511s
INFO:root:Epoch: 1895 lr: 0.001 train_loss: 12744.1504 train_distortion: 1.4922 train_mapscore: 0.9556 train_c: -1.1344 train_max_dist: 50.0000 train_imax: 30.1873 train_imin: -75.6801 time: 3.0538s
INFO:root:Epoch: 1900 lr: 0.001 train_loss: 13289.5615 train_distortion: 1.5014 train_mapscore: 0.9497 train_c: -1.1345 train_max_dist: 50.0000 train_imax: 30.7314 train_imin: -75.9150 time: 3.0507s
INFO:root:Epoch: 1905 lr: 0.001 train_loss: 13506.9307 train_distortion: 1.5102 train_mapscore: 0.9471 train_c: -1.1346 train_max_dist: 50.0000 train_imax: 30.8417 train_imin: -76.3158 time: 3.0475s
INFO:root:Epoch: 1910 lr: 0.001 train_loss: 12828.2607 train_distortion: 1.5198 train_mapscore: 0.9552 train_c: -1.1347 train_max_dist: 50.0000 train_imax: 30.6890 train_imin: -76.9776 time: 3.0320s
INFO:root:Epoch: 1915 lr: 0.001 train_loss: 11890.8320 train_distortion: 1.5294 train_mapscore: 0.9681 train_c: -1.1349 train_max_dist: 50.0000 train_imax: 30.7105 train_imin: -77.4981 time: 3.0288s
INFO:root:Epoch: 1920 lr: 0.001 train_loss: 11217.9551 train_distortion: 1.5404 train_mapscore: 0.9736 train_c: -1.1350 train_max_dist: 50.0000 train_imax: 31.1931 train_imin: -77.8323 time: 3.0506s
INFO:root:Epoch: 1925 lr: 0.001 train_loss: 10416.7676 train_distortion: 1.5532 train_mapscore: 0.9784 train_c: -1.1351 train_max_dist: 50.0000 train_imax: 31.5200 train_imin: -77.9258 time: 3.0474s
INFO:root:Epoch: 1930 lr: 0.001 train_loss: 10602.9219 train_distortion: 1.5672 train_mapscore: 0.9774 train_c: -1.1352 train_max_dist: 50.0000 train_imax: 31.1036 train_imin: -78.1961 time: 3.0187s
INFO:root:Epoch: 1935 lr: 0.001 train_loss: 10058.5352 train_distortion: 1.5809 train_mapscore: 0.9796 train_c: -1.1353 train_max_dist: 50.0000 train_imax: 31.2910 train_imin: -78.5933 time: 3.0164s
INFO:root:Epoch: 1940 lr: 0.001 train_loss: 9587.2754 train_distortion: 1.5944 train_mapscore: 0.9811 train_c: -1.1354 train_max_dist: 50.0000 train_imax: 31.1599 train_imin: -78.8837 time: 3.0451s
INFO:root:Epoch: 1945 lr: 0.001 train_loss: 12301.6279 train_distortion: 1.6062 train_mapscore: 0.9638 train_c: -1.1355 train_max_dist: 50.0000 train_imax: 31.6106 train_imin: -79.8346 time: 3.0330s
INFO:root:Epoch: 1950 lr: 0.001 train_loss: 13277.6621 train_distortion: 1.6117 train_mapscore: 0.9494 train_c: -1.1356 train_max_dist: 50.0000 train_imax: 32.1077 train_imin: -80.2480 time: 3.0188s
INFO:root:Epoch: 1955 lr: 0.001 train_loss: 12189.5547 train_distortion: 1.6138 train_mapscore: 0.9629 train_c: -1.1357 train_max_dist: 50.0000 train_imax: 31.6719 train_imin: -80.4846 time: 3.0254s
INFO:root:Epoch: 1960 lr: 0.001 train_loss: 11056.4580 train_distortion: 1.6182 train_mapscore: 0.9730 train_c: -1.1357 train_max_dist: 50.0000 train_imax: 31.8048 train_imin: -80.6592 time: 3.0463s
INFO:root:Epoch: 1965 lr: 0.001 train_loss: 10296.2871 train_distortion: 1.6248 train_mapscore: 0.9784 train_c: -1.1358 train_max_dist: 50.0000 train_imax: 31.6505 train_imin: -81.4419 time: 3.0503s
INFO:root:Epoch: 1970 lr: 0.001 train_loss: 9633.5947 train_distortion: 1.6343 train_mapscore: 0.9826 train_c: -1.1359 train_max_dist: 50.0000 train_imax: 31.3536 train_imin: -81.8508 time: 3.0516s
INFO:root:Epoch: 1975 lr: 0.001 train_loss: 9169.2559 train_distortion: 1.6451 train_mapscore: 0.9828 train_c: -1.1360 train_max_dist: 50.0000 train_imax: 31.6993 train_imin: -82.5241 time: 3.0382s
INFO:root:Epoch: 1980 lr: 0.001 train_loss: 8851.4375 train_distortion: 1.6565 train_mapscore: 0.9845 train_c: -1.1360 train_max_dist: 50.0000 train_imax: 31.5117 train_imin: -82.7738 time: 3.0460s
INFO:root:Epoch: 1985 lr: 0.001 train_loss: 9762.3086 train_distortion: 1.6671 train_mapscore: 0.9814 train_c: -1.1361 train_max_dist: 50.0000 train_imax: 31.7416 train_imin: -83.4316 time: 3.0512s
INFO:root:Epoch: 1990 lr: 0.001 train_loss: 9369.5312 train_distortion: 1.6751 train_mapscore: 0.9832 train_c: -1.1362 train_max_dist: 50.0000 train_imax: 31.8912 train_imin: -83.8684 time: 3.0446s
INFO:root:Epoch: 1995 lr: 0.001 train_loss: 8960.7705 train_distortion: 1.6830 train_mapscore: 0.9841 train_c: -1.1362 train_max_dist: 50.0000 train_imax: 31.6974 train_imin: -84.0426 time: 3.0543s
INFO:root:Epoch: 2000 lr: 0.00025 train_loss: 32971.7773 train_distortion: 1.6719 train_mapscore: 0.6989 train_c: -1.1364 train_max_dist: 50.0000 train_imax: 31.4160 train_imin: -81.5452 time: 3.0385s
INFO:root:Optimization Finished!
INFO:root:Total time elapsed: 6105.2068s
INFO:root:Val set results: val_distortion: 1.0000 val_mapscore: -1.0000 val_c: -1.0000 val_max_dist: 0.0000
INFO:root:Test set results: test_loss: 35430.4766 test_distortion: 1.6619 test_mapscore: 0.6596 test_c: -1.1364 test_max_dist: 50.0000 test_imax: 40.8167 test_imin: -80.5223
INFO:root:Saved model in /workspace/xiongbo/hgcn/logs/md/2021_5_22/3
