INFO:root:Using: cuda:0
INFO:root:Using seed 1234.
INFO:root:MDModel(
  (encoder): HGCN(
    (layers): Sequential(
      (0): HyperbolicGraphConvolution(
        (linear): HypLinear(
          in_features=4942, out_features=10, c=Parameter containing:
          tensor([-1.], requires_grad=True)
        )
        (agg): HypAgg(
          c=Parameter containing:
          tensor([-1.], requires_grad=True)
        )
        (hyp_act): HypAct(
          c_in=Parameter containing:
          tensor([-1.], requires_grad=True), c_out=Parameter containing:
          tensor([-1.], requires_grad=True)
        )
      )
    )
  )
  (decoder): MDDecoder()
)
INFO:root:Total number of parameters: 49432
/workspace/anaconda3/envs/geo/lib/python3.7/site-packages/torch/optim/lr_scheduler.py:370: UserWarning: To get the last learning rate computed by the scheduler, please use `get_last_lr()`.
  "please use `get_last_lr()`.", UserWarning)
INFO:root:Epoch: 0005 lr: 0.01 train_loss: 107490.0625 train_distortion: 0.9345 train_mapscore: 0.0176 train_c: -1.0004 train_max_dist: 2.8950 train_imax: -0.0000 train_imin: -1.1678 time: 4.0698s
INFO:root:Epoch: 0010 lr: 0.01 train_loss: 104273.0469 train_distortion: 0.9023 train_mapscore: 0.0437 train_c: -1.0008 train_max_dist: 3.3795 train_imax: -0.0000 train_imin: -1.0994 time: 3.5718s
INFO:root:Epoch: 0015 lr: 0.01 train_loss: 102483.1562 train_distortion: 0.8853 train_mapscore: 0.0704 train_c: -1.0014 train_max_dist: 3.7177 train_imax: -0.0000 train_imin: -1.0924 time: 3.4273s
INFO:root:Epoch: 0020 lr: 0.01 train_loss: 101346.7656 train_distortion: 0.8753 train_mapscore: 0.0881 train_c: -1.0019 train_max_dist: 3.8253 train_imax: -0.0000 train_imin: -1.0580 time: 3.3464s
INFO:root:Epoch: 0025 lr: 0.01 train_loss: 100315.6719 train_distortion: 0.8659 train_mapscore: 0.1102 train_c: -1.0025 train_max_dist: 4.2225 train_imax: -0.0000 train_imin: -1.0395 time: 3.2462s
INFO:root:Epoch: 0030 lr: 0.01 train_loss: 99249.2344 train_distortion: 0.8553 train_mapscore: 0.1256 train_c: -1.0030 train_max_dist: 4.8584 train_imax: -0.0000 train_imin: -1.0313 time: 3.1873s
INFO:root:Epoch: 0035 lr: 0.01 train_loss: 98060.9844 train_distortion: 0.8422 train_mapscore: 0.1389 train_c: -1.0036 train_max_dist: 6.7904 train_imax: -0.0000 train_imin: -1.0424 time: 3.1422s
INFO:root:Epoch: 0040 lr: 0.01 train_loss: 96667.8047 train_distortion: 0.8253 train_mapscore: 0.1559 train_c: -1.0042 train_max_dist: 9.7578 train_imax: -0.0000 train_imin: -1.0971 time: 3.1589s
INFO:root:Epoch: 0045 lr: 0.01 train_loss: 94967.5781 train_distortion: 0.8024 train_mapscore: 0.1672 train_c: -1.0047 train_max_dist: 9.8438 train_imax: 0.0000 train_imin: -1.0662 time: 3.1330s
INFO:root:Epoch: 0050 lr: 0.01 train_loss: 92840.2656 train_distortion: 0.7698 train_mapscore: 0.1736 train_c: -1.0052 train_max_dist: 9.9375 train_imax: 0.0000 train_imin: -1.0870 time: 3.1196s
INFO:root:Epoch: 0055 lr: 0.01 train_loss: 90189.2188 train_distortion: 0.7231 train_mapscore: 0.1822 train_c: -1.0057 train_max_dist: 10.2500 train_imax: 0.0135 train_imin: -1.1091 time: 3.1131s
INFO:root:Epoch: 0060 lr: 0.01 train_loss: 87002.4531 train_distortion: 0.6706 train_mapscore: 0.1935 train_c: -1.0060 train_max_dist: 10.5000 train_imax: 0.1217 train_imin: -1.1355 time: 3.1723s
INFO:root:Epoch: 0065 lr: 0.01 train_loss: 83247.0312 train_distortion: 0.6303 train_mapscore: 0.2095 train_c: -1.0062 train_max_dist: 11.0000 train_imax: 0.1288 train_imin: -1.2405 time: 3.2550s
INFO:root:Epoch: 0070 lr: 0.01 train_loss: 78584.8281 train_distortion: 0.5896 train_mapscore: 0.2219 train_c: -1.0060 train_max_dist: 13.0000 train_imax: 0.1878 train_imin: -1.5855 time: 3.3471s
INFO:root:Epoch: 0075 lr: 0.01 train_loss: 72899.1484 train_distortion: 0.5272 train_mapscore: 0.2544 train_c: -1.0057 train_max_dist: 14.5762 train_imax: 0.0000 train_imin: -1.3751 time: 3.4225s
INFO:root:Epoch: 0080 lr: 0.01 train_loss: 66847.0703 train_distortion: 0.4535 train_mapscore: 0.2800 train_c: -1.0051 train_max_dist: 17.4888 train_imax: 0.2382 train_imin: -1.8782 time: 3.4797s
INFO:root:Epoch: 0085 lr: 0.01 train_loss: 63691.7422 train_distortion: 0.3864 train_mapscore: 0.2216 train_c: -1.0044 train_max_dist: 19.6423 train_imax: 3.1751 train_imin: -2.9753 time: 3.5178s
INFO:root:Epoch: 0090 lr: 0.01 train_loss: 62214.9766 train_distortion: 0.3360 train_mapscore: 0.1815 train_c: -1.0037 train_max_dist: 22.7732 train_imax: 6.5281 train_imin: -5.3080 time: 3.5786s
INFO:root:Epoch: 0095 lr: 0.01 train_loss: 57974.5156 train_distortion: 0.2901 train_mapscore: 0.2062 train_c: -1.0030 train_max_dist: 25.4471 train_imax: 6.0189 train_imin: -6.4507 time: 3.5653s
INFO:root:Epoch: 0100 lr: 0.01 train_loss: 54063.3984 train_distortion: 0.2605 train_mapscore: 0.2353 train_c: -1.0023 train_max_dist: 27.9166 train_imax: 7.1147 train_imin: -11.8465 time: 3.6095s
INFO:root:Epoch: 0105 lr: 0.01 train_loss: 54053.9531 train_distortion: 0.2503 train_mapscore: 0.2109 train_c: -1.0017 train_max_dist: 29.6816 train_imax: 9.0269 train_imin: -10.4961 time: 3.6129s
INFO:root:Epoch: 0110 lr: 0.01 train_loss: 50986.1016 train_distortion: 0.2522 train_mapscore: 0.2501 train_c: -1.0011 train_max_dist: 30.9096 train_imax: 10.3204 train_imin: -9.1882 time: 3.5528s
INFO:root:Epoch: 0115 lr: 0.01 train_loss: 48127.7422 train_distortion: 0.2635 train_mapscore: 0.2861 train_c: -1.0005 train_max_dist: 32.4837 train_imax: 13.0039 train_imin: -12.5352 time: 3.5346s
INFO:root:Epoch: 0120 lr: 0.01 train_loss: 58511.3047 train_distortion: 0.2873 train_mapscore: 0.1720 train_c: -0.9999 train_max_dist: 34.3074 train_imax: 16.4444 train_imin: -26.6018 time: 3.5902s
INFO:root:Epoch: 0125 lr: 0.01 train_loss: 74304.9062 train_distortion: 0.2929 train_mapscore: 0.0897 train_c: -0.9994 train_max_dist: 34.0171 train_imax: 17.7776 train_imin: -28.6786 time: 3.6710s
INFO:root:Epoch: 0130 lr: 0.01 train_loss: 73108.3047 train_distortion: 0.2807 train_mapscore: 0.0881 train_c: -0.9990 train_max_dist: 32.3705 train_imax: 15.8441 train_imin: -25.6908 time: 3.6923s
INFO:root:Epoch: 0135 lr: 0.01 train_loss: 70021.0000 train_distortion: 0.2741 train_mapscore: 0.0973 train_c: -0.9986 train_max_dist: 30.6489 train_imax: 13.2121 train_imin: -18.7369 time: 3.6929s
INFO:root:Epoch: 0140 lr: 0.01 train_loss: 70212.4219 train_distortion: 0.2769 train_mapscore: 0.0931 train_c: -0.9983 train_max_dist: 28.9405 train_imax: 11.3999 train_imin: -21.4421 time: 3.6685s
INFO:root:Epoch: 0145 lr: 0.01 train_loss: 67607.5938 train_distortion: 0.2826 train_mapscore: 0.1136 train_c: -0.9980 train_max_dist: 32.0000 train_imax: 10.3216 train_imin: -20.8330 time: 3.6733s
INFO:root:Epoch: 0150 lr: 0.01 train_loss: 65766.7031 train_distortion: 0.2854 train_mapscore: 0.1268 train_c: -0.9977 train_max_dist: 27.0354 train_imax: 9.8989 train_imin: -19.0512 time: 3.6506s
INFO:root:Epoch: 0155 lr: 0.01 train_loss: 63323.3906 train_distortion: 0.2810 train_mapscore: 0.1561 train_c: -0.9973 train_max_dist: 27.2351 train_imax: 10.2288 train_imin: -17.7977 time: 3.5899s
INFO:root:Epoch: 0160 lr: 0.01 train_loss: 60643.6055 train_distortion: 0.2735 train_mapscore: 0.1888 train_c: -0.9970 train_max_dist: 28.0370 train_imax: 11.1402 train_imin: -17.4071 time: 3.6072s
INFO:root:Epoch: 0165 lr: 0.01 train_loss: 58170.7930 train_distortion: 0.2681 train_mapscore: 0.2225 train_c: -0.9966 train_max_dist: 32.0000 train_imax: 12.6648 train_imin: -17.8278 time: 3.5946s
INFO:root:Epoch: 0170 lr: 0.01 train_loss: 57862.8906 train_distortion: 0.2709 train_mapscore: 0.1870 train_c: -0.9962 train_max_dist: 31.2554 train_imax: 29.9387 train_imin: -19.6235 time: 3.6145s
INFO:root:Epoch: 0175 lr: 0.01 train_loss: 67005.6953 train_distortion: 0.2835 train_mapscore: 0.1203 train_c: -0.9959 train_max_dist: 31.8865 train_imax: 38.7105 train_imin: -22.6793 time: 3.6574s
INFO:root:Epoch: 0180 lr: 0.01 train_loss: 74984.7344 train_distortion: 0.2819 train_mapscore: 0.0782 train_c: -0.9958 train_max_dist: 30.4334 train_imax: 36.4157 train_imin: -27.7494 time: 3.6991s
INFO:root:Epoch: 0185 lr: 0.01 train_loss: 100356.2969 train_distortion: 0.3031 train_mapscore: 0.0291 train_c: -0.9963 train_max_dist: 27.6338 train_imax: 26.9330 train_imin: -23.3225 time: 4.1263s
INFO:root:Epoch: 0190 lr: 0.01 train_loss: 107267.8750 train_distortion: 0.3375 train_mapscore: 0.0206 train_c: -0.9966 train_max_dist: 25.5669 train_imax: 19.9922 train_imin: -24.0448 time: 4.4281s
INFO:root:Epoch: 0195 lr: 0.01 train_loss: 107905.7344 train_distortion: 0.3706 train_mapscore: 0.0171 train_c: -0.9968 train_max_dist: 23.8523 train_imax: 15.7180 train_imin: -21.5467 time: 4.5593s
INFO:root:Epoch: 0200 lr: 0.01 train_loss: 106476.9688 train_distortion: 0.4010 train_mapscore: 0.0164 train_c: -0.9969 train_max_dist: 22.4651 train_imax: 12.8961 train_imin: -18.8077 time: 4.6119s
INFO:root:Epoch: 0205 lr: 0.01 train_loss: 104526.4141 train_distortion: 0.4291 train_mapscore: 0.0168 train_c: -0.9969 train_max_dist: 21.3537 train_imax: 10.8287 train_imin: -16.3862 time: 4.6569s
INFO:root:Epoch: 0210 lr: 0.01 train_loss: 102768.1406 train_distortion: 0.4545 train_mapscore: 0.0179 train_c: -0.9969 train_max_dist: 20.4249 train_imax: 9.3136 train_imin: -14.4079 time: 4.5927s
INFO:root:Epoch: 0215 lr: 0.01 train_loss: 101215.3125 train_distortion: 0.4767 train_mapscore: 0.0197 train_c: -0.9970 train_max_dist: 19.6533 train_imax: 8.1819 train_imin: -12.8337 time: 4.5512s
INFO:root:Epoch: 0220 lr: 0.01 train_loss: 99923.1094 train_distortion: 0.4961 train_mapscore: 0.0199 train_c: -0.9970 train_max_dist: 18.9953 train_imax: 7.3038 train_imin: -11.5632 time: 4.4996s
INFO:root:Epoch: 0225 lr: 0.01 train_loss: 98932.0391 train_distortion: 0.5128 train_mapscore: 0.0212 train_c: -0.9970 train_max_dist: 18.4380 train_imax: 6.6147 train_imin: -10.5741 time: 4.4687s
INFO:root:Epoch: 0230 lr: 0.01 train_loss: 98101.3359 train_distortion: 0.5267 train_mapscore: 0.0212 train_c: -0.9970 train_max_dist: 18.0256 train_imax: 6.0741 train_imin: -9.8008 time: 4.4279s
INFO:root:Epoch: 0235 lr: 0.01 train_loss: 97385.5000 train_distortion: 0.5380 train_mapscore: 0.0220 train_c: -0.9969 train_max_dist: 17.7237 train_imax: 5.6515 train_imin: -9.1994 time: 4.3827s
INFO:root:Epoch: 0240 lr: 0.01 train_loss: 96914.3438 train_distortion: 0.5471 train_mapscore: 0.0231 train_c: -0.9969 train_max_dist: 17.4897 train_imax: 5.3295 train_imin: -8.7383 time: 4.3414s
INFO:root:Epoch: 0245 lr: 0.01 train_loss: 96433.7969 train_distortion: 0.5542 train_mapscore: 0.0247 train_c: -0.9969 train_max_dist: 17.3083 train_imax: 5.0756 train_imin: -8.3777 time: 4.3152s
INFO:root:Epoch: 0250 lr: 0.01 train_loss: 96082.5547 train_distortion: 0.5596 train_mapscore: 0.0265 train_c: -0.9969 train_max_dist: 17.1726 train_imax: 4.8808 train_imin: -8.0991 time: 4.3028s
INFO:root:Epoch: 0255 lr: 0.01 train_loss: 95725.5000 train_distortion: 0.5636 train_mapscore: 0.0285 train_c: -0.9969 train_max_dist: 17.0699 train_imax: 4.7263 train_imin: -7.8863 time: 4.2538s
INFO:root:Epoch: 0260 lr: 0.01 train_loss: 95481.9141 train_distortion: 0.5665 train_mapscore: 0.0306 train_c: -0.9969 train_max_dist: 20.0000 train_imax: 4.6097 train_imin: -7.7309 time: 4.2341s
INFO:root:Epoch: 0265 lr: 0.01 train_loss: 95237.3359 train_distortion: 0.5684 train_mapscore: 0.0330 train_c: -0.9969 train_max_dist: 16.9512 train_imax: 4.5210 train_imin: -7.6252 time: 4.2565s
INFO:root:Epoch: 0270 lr: 0.01 train_loss: 94964.3281 train_distortion: 0.5695 train_mapscore: 0.0324 train_c: -0.9968 train_max_dist: 16.9263 train_imax: 4.4591 train_imin: -7.5682 time: 4.2715s
INFO:root:Epoch: 0275 lr: 0.01 train_loss: 94707.5938 train_distortion: 0.5698 train_mapscore: 0.0350 train_c: -0.9968 train_max_dist: 16.9246 train_imax: 4.4173 train_imin: -7.5441 time: 4.2640s
INFO:root:Epoch: 0280 lr: 0.01 train_loss: 94481.0625 train_distortion: 0.5696 train_mapscore: 0.0393 train_c: -0.9968 train_max_dist: 16.9411 train_imax: 4.3947 train_imin: -7.5402 time: 4.2062s
INFO:root:Epoch: 0285 lr: 0.01 train_loss: 94245.0703 train_distortion: 0.5689 train_mapscore: 0.0392 train_c: -0.9968 train_max_dist: 18.0000 train_imax: 4.3812 train_imin: -7.5510 time: 4.1813s
INFO:root:Epoch: 0290 lr: 0.01 train_loss: 94058.0625 train_distortion: 0.5678 train_mapscore: 0.0388 train_c: -0.9968 train_max_dist: 17.0051 train_imax: 4.3707 train_imin: -7.5932 time: 4.1735s
INFO:root:Epoch: 0295 lr: 0.01 train_loss: 93835.7344 train_distortion: 0.5665 train_mapscore: 0.0419 train_c: -0.9967 train_max_dist: 17.0499 train_imax: 4.3729 train_imin: -7.6330 time: 4.1625s
INFO:root:Epoch: 0300 lr: 0.01 train_loss: 93645.6562 train_distortion: 0.5649 train_mapscore: 0.0455 train_c: -0.9967 train_max_dist: 17.0989 train_imax: 4.3823 train_imin: -7.6719 time: 4.1525s
INFO:root:Epoch: 0305 lr: 0.01 train_loss: 93418.6562 train_distortion: 0.5635 train_mapscore: 0.0488 train_c: -0.9967 train_max_dist: 17.1428 train_imax: 4.3881 train_imin: -7.7168 time: 4.1469s
INFO:root:Epoch: 0310 lr: 0.01 train_loss: 93193.1719 train_distortion: 0.5620 train_mapscore: 0.0544 train_c: -0.9967 train_max_dist: 17.1928 train_imax: 4.4010 train_imin: -7.7710 time: 4.1921s
INFO:root:Epoch: 0315 lr: 0.01 train_loss: 92973.6094 train_distortion: 0.5602 train_mapscore: 0.0572 train_c: -0.9967 train_max_dist: 17.2437 train_imax: 4.4209 train_imin: -7.8185 time: 4.1570s
INFO:root:Epoch: 0320 lr: 0.01 train_loss: 92762.5938 train_distortion: 0.5583 train_mapscore: 0.0621 train_c: -0.9966 train_max_dist: 17.2970 train_imax: 4.4475 train_imin: -7.8782 time: 4.1341s
INFO:root:Epoch: 0325 lr: 0.01 train_loss: 92556.9062 train_distortion: 0.5562 train_mapscore: 0.0656 train_c: -0.9966 train_max_dist: 17.3498 train_imax: 4.4774 train_imin: -7.9419 time: 4.0949s
INFO:root:Epoch: 0330 lr: 0.01 train_loss: 92339.2734 train_distortion: 0.5541 train_mapscore: 0.0725 train_c: -0.9966 train_max_dist: 17.4018 train_imax: 4.5095 train_imin: -8.0034 time: 4.1018s
INFO:root:Epoch: 0335 lr: 0.01 train_loss: 92124.6875 train_distortion: 0.5518 train_mapscore: 0.0802 train_c: -0.9966 train_max_dist: 17.4578 train_imax: 4.5483 train_imin: -8.0771 time: 4.0902s
INFO:root:Epoch: 0340 lr: 0.01 train_loss: 91911.4375 train_distortion: 0.5494 train_mapscore: 0.0817 train_c: -0.9965 train_max_dist: 17.5206 train_imax: 4.5894 train_imin: -8.1488 time: 4.1031s
INFO:root:Epoch: 0345 lr: 0.01 train_loss: 91698.9766 train_distortion: 0.5470 train_mapscore: 0.0850 train_c: -0.9965 train_max_dist: 17.5788 train_imax: 4.6305 train_imin: -8.2167 time: 4.1127s
INFO:root:Epoch: 0350 lr: 0.01 train_loss: 91488.1875 train_distortion: 0.5448 train_mapscore: 0.0863 train_c: -0.9965 train_max_dist: 17.6393 train_imax: 4.6707 train_imin: -8.2849 time: 4.0990s
INFO:root:Epoch: 0355 lr: 0.01 train_loss: 91280.9766 train_distortion: 0.5423 train_mapscore: 0.0944 train_c: -0.9964 train_max_dist: 17.7017 train_imax: 4.7198 train_imin: -8.3559 time: 4.1311s
INFO:root:Epoch: 0360 lr: 0.01 train_loss: 91065.1875 train_distortion: 0.5398 train_mapscore: 0.0970 train_c: -0.9964 train_max_dist: 17.7703 train_imax: 4.7720 train_imin: -8.4373 time: 4.1212s
INFO:root:Epoch: 0365 lr: 0.01 train_loss: 90848.4844 train_distortion: 0.5372 train_mapscore: 0.1018 train_c: -0.9964 train_max_dist: 20.0000 train_imax: 4.8269 train_imin: -8.5169 time: 4.0522s
INFO:root:Epoch: 0370 lr: 0.01 train_loss: 90631.1953 train_distortion: 0.5345 train_mapscore: 0.1079 train_c: -0.9964 train_max_dist: 17.9083 train_imax: 4.8828 train_imin: -8.6098 time: 4.0440s
INFO:root:Epoch: 0375 lr: 0.01 train_loss: 90412.3125 train_distortion: 0.5318 train_mapscore: 0.1145 train_c: -0.9963 train_max_dist: 18.0000 train_imax: 4.9393 train_imin: -8.6923 time: 4.0202s
INFO:root:Epoch: 0380 lr: 0.01 train_loss: 90193.2031 train_distortion: 0.5290 train_mapscore: 0.1184 train_c: -0.9963 train_max_dist: 18.0481 train_imax: 4.9972 train_imin: -8.7844 time: 4.0312s
INFO:root:Epoch: 0385 lr: 0.01 train_loss: 89971.8594 train_distortion: 0.5262 train_mapscore: 0.1220 train_c: -0.9963 train_max_dist: 18.1199 train_imax: 5.0584 train_imin: -8.8777 time: 4.0095s
INFO:root:Epoch: 0390 lr: 0.01 train_loss: 89749.2188 train_distortion: 0.5233 train_mapscore: 0.1279 train_c: -0.9962 train_max_dist: 24.0000 train_imax: 5.1230 train_imin: -8.9767 time: 4.0275s
INFO:root:Epoch: 0395 lr: 0.01 train_loss: 89526.0625 train_distortion: 0.5203 train_mapscore: 0.1329 train_c: -0.9962 train_max_dist: 18.2781 train_imax: 5.1886 train_imin: -9.0741 time: 4.0578s
INFO:root:Epoch: 0400 lr: 0.01 train_loss: 89302.6406 train_distortion: 0.5174 train_mapscore: 0.1388 train_c: -0.9962 train_max_dist: 18.3550 train_imax: 5.2551 train_imin: -9.1707 time: 4.0293s
INFO:root:Epoch: 0405 lr: 0.01 train_loss: 89078.1797 train_distortion: 0.5144 train_mapscore: 0.1396 train_c: -0.9961 train_max_dist: 18.4416 train_imax: 5.3255 train_imin: -9.2659 time: 4.0124s
INFO:root:Epoch: 0410 lr: 0.01 train_loss: 88853.5859 train_distortion: 0.5113 train_mapscore: 0.1403 train_c: -0.9961 train_max_dist: 18.5209 train_imax: 5.3957 train_imin: -9.3608 time: 4.0292s
INFO:root:Epoch: 0415 lr: 0.01 train_loss: 88633.5000 train_distortion: 0.5083 train_mapscore: 0.1268 train_c: -0.9961 train_max_dist: 18.6204 train_imax: 5.4683 train_imin: -9.4497 time: 3.9897s
INFO:root:Epoch: 0420 lr: 0.01 train_loss: 88403.4531 train_distortion: 0.5053 train_mapscore: 0.1314 train_c: -0.9960 train_max_dist: 18.7096 train_imax: 5.5401 train_imin: -9.5277 time: 3.9768s
INFO:root:Epoch: 0425 lr: 0.01 train_loss: 88169.2812 train_distortion: 0.5022 train_mapscore: 0.1358 train_c: -0.9960 train_max_dist: 18.7907 train_imax: 5.6131 train_imin: -9.6236 time: 3.9733s
INFO:root:Epoch: 0430 lr: 0.01 train_loss: 87936.4844 train_distortion: 0.4992 train_mapscore: 0.1445 train_c: -0.9960 train_max_dist: 18.8677 train_imax: 5.6875 train_imin: -9.7098 time: 3.9900s
INFO:root:Epoch: 0435 lr: 0.01 train_loss: 87695.4609 train_distortion: 0.4962 train_mapscore: 0.1538 train_c: -0.9959 train_max_dist: 20.0000 train_imax: 5.7616 train_imin: -9.7982 time: 3.9922s
INFO:root:Epoch: 0440 lr: 0.01 train_loss: 87454.0625 train_distortion: 0.4931 train_mapscore: 0.1606 train_c: -0.9959 train_max_dist: 19.0324 train_imax: 5.8425 train_imin: -9.8942 time: 4.0032s
INFO:root:Epoch: 0445 lr: 0.01 train_loss: 87225.1406 train_distortion: 0.4900 train_mapscore: 0.1619 train_c: -0.9959 train_max_dist: 19.1112 train_imax: 5.9227 train_imin: -9.9881 time: 4.0220s
INFO:root:Epoch: 0450 lr: 0.01 train_loss: 86979.5469 train_distortion: 0.4869 train_mapscore: 0.1688 train_c: -0.9958 train_max_dist: 19.2024 train_imax: 6.0041 train_imin: -10.0766 time: 3.9729s
INFO:root:Epoch: 0455 lr: 0.01 train_loss: 86731.9375 train_distortion: 0.4836 train_mapscore: 0.1760 train_c: -0.9958 train_max_dist: 19.2922 train_imax: 6.0895 train_imin: -10.1545 time: 3.9645s
INFO:root:Epoch: 0460 lr: 0.01 train_loss: 86485.7500 train_distortion: 0.4804 train_mapscore: 0.1788 train_c: -0.9958 train_max_dist: 19.3992 train_imax: 6.1791 train_imin: -10.2322 time: 3.9468s
INFO:root:Epoch: 0465 lr: 0.01 train_loss: 86237.0469 train_distortion: 0.4770 train_mapscore: 0.1847 train_c: -0.9957 train_max_dist: 19.5114 train_imax: 6.2735 train_imin: -10.3225 time: 3.9594s
INFO:root:Epoch: 0470 lr: 0.01 train_loss: 85989.2578 train_distortion: 0.4737 train_mapscore: 0.1908 train_c: -0.9957 train_max_dist: 19.6287 train_imax: 6.3724 train_imin: -10.4269 time: 3.9479s
INFO:root:Epoch: 0475 lr: 0.01 train_loss: 85740.2969 train_distortion: 0.4703 train_mapscore: 0.1934 train_c: -0.9956 train_max_dist: 19.7451 train_imax: 6.4745 train_imin: -10.5195 time: 3.9342s
INFO:root:Epoch: 0480 lr: 0.01 train_loss: 85486.3594 train_distortion: 0.4672 train_mapscore: 0.1993 train_c: -0.9956 train_max_dist: 19.8621 train_imax: 6.5710 train_imin: -10.6126 time: 3.9523s
INFO:root:Epoch: 0485 lr: 0.01 train_loss: 85230.5000 train_distortion: 0.4638 train_mapscore: 0.2094 train_c: -0.9956 train_max_dist: 19.9829 train_imax: 6.6740 train_imin: -10.7066 time: 3.9512s
INFO:root:Epoch: 0490 lr: 0.01 train_loss: 84971.2188 train_distortion: 0.4604 train_mapscore: 0.2121 train_c: -0.9955 train_max_dist: 20.1082 train_imax: 6.7851 train_imin: -10.7970 time: 3.9067s
INFO:root:Epoch: 0495 lr: 0.01 train_loss: 84710.1250 train_distortion: 0.4569 train_mapscore: 0.2165 train_c: -0.9955 train_max_dist: 20.2362 train_imax: 6.8976 train_imin: -10.9038 time: 3.9320s
INFO:root:Epoch: 0500 lr: 0.01 train_loss: 84457.7969 train_distortion: 0.4535 train_mapscore: 0.2022 train_c: -0.9955 train_max_dist: 20.3596 train_imax: 7.0100 train_imin: -10.9792 time: 3.9101s
INFO:root:Epoch: 0505 lr: 0.01 train_loss: 84200.8672 train_distortion: 0.4501 train_mapscore: 0.2053 train_c: -0.9954 train_max_dist: 20.4786 train_imax: 7.1318 train_imin: -11.0815 time: 3.9000s
INFO:root:Epoch: 0510 lr: 0.01 train_loss: 83938.2188 train_distortion: 0.4464 train_mapscore: 0.2111 train_c: -0.9954 train_max_dist: 24.0000 train_imax: 7.2584 train_imin: -11.1920 time: 3.9109s
INFO:root:Epoch: 0515 lr: 0.01 train_loss: 83671.5078 train_distortion: 0.4427 train_mapscore: 0.2258 train_c: -0.9953 train_max_dist: 20.7408 train_imax: 7.3885 train_imin: -11.2984 time: 3.9000s
INFO:root:Epoch: 0520 lr: 0.01 train_loss: 83414.7969 train_distortion: 0.4392 train_mapscore: 0.2194 train_c: -0.9953 train_max_dist: 20.8721 train_imax: 7.5056 train_imin: -11.4057 time: 3.8916s
INFO:root:Epoch: 0525 lr: 0.01 train_loss: 83144.6719 train_distortion: 0.4357 train_mapscore: 0.2320 train_c: -0.9953 train_max_dist: 21.0065 train_imax: 7.6246 train_imin: -11.5060 time: 3.9244s
INFO:root:Epoch: 0530 lr: 0.01 train_loss: 82875.4844 train_distortion: 0.4321 train_mapscore: 0.2353 train_c: -0.9952 train_max_dist: 21.1371 train_imax: 7.7443 train_imin: -11.6073 time: 3.9248s
INFO:root:Epoch: 0535 lr: 0.01 train_loss: 82601.9531 train_distortion: 0.4286 train_mapscore: 0.2392 train_c: -0.9952 train_max_dist: 21.2678 train_imax: 7.8682 train_imin: -11.7129 time: 3.8820s
INFO:root:Epoch: 0540 lr: 0.01 train_loss: 82320.9375 train_distortion: 0.4249 train_mapscore: 0.2477 train_c: -0.9952 train_max_dist: 24.0000 train_imax: 8.0007 train_imin: -11.8323 time: 3.8692s
INFO:root:Epoch: 0545 lr: 0.01 train_loss: 82038.3516 train_distortion: 0.4213 train_mapscore: 0.2565 train_c: -0.9951 train_max_dist: 24.0000 train_imax: 8.1329 train_imin: -11.9512 time: 3.8705s
INFO:root:Epoch: 0550 lr: 0.01 train_loss: 81752.6484 train_distortion: 0.4178 train_mapscore: 0.2626 train_c: -0.9951 train_max_dist: 21.6961 train_imax: 8.2686 train_imin: -12.0714 time: 3.8750s
INFO:root:Epoch: 0555 lr: 0.01 train_loss: 81823.7656 train_distortion: 0.4143 train_mapscore: 0.1196 train_c: -0.9950 train_max_dist: 21.8356 train_imax: 8.4456 train_imin: -12.2932 time: 3.8768s
INFO:root:Epoch: 0560 lr: 0.01 train_loss: 81617.8906 train_distortion: 0.4109 train_mapscore: 0.1301 train_c: -0.9950 train_max_dist: 21.9712 train_imax: 8.6242 train_imin: -12.3799 time: 3.8796s
INFO:root:Epoch: 0565 lr: 0.01 train_loss: 81276.1562 train_distortion: 0.4076 train_mapscore: 0.1410 train_c: -0.9950 train_max_dist: 22.1000 train_imax: 8.7935 train_imin: -12.3969 time: 3.9041s
INFO:root:Epoch: 0570 lr: 0.01 train_loss: 80911.7188 train_distortion: 0.4043 train_mapscore: 0.1546 train_c: -0.9949 train_max_dist: 22.2347 train_imax: 8.9414 train_imin: -12.3951 time: 3.8786s
INFO:root:Epoch: 0575 lr: 0.01 train_loss: 80550.3750 train_distortion: 0.4011 train_mapscore: 0.1730 train_c: -0.9949 train_max_dist: 22.3670 train_imax: 9.0595 train_imin: -12.4615 time: 3.8340s
INFO:root:Epoch: 0580 lr: 0.01 train_loss: 80188.5938 train_distortion: 0.3977 train_mapscore: 0.1863 train_c: -0.9948 train_max_dist: 22.5199 train_imax: 9.2040 train_imin: -12.6197 time: 3.8259s
INFO:root:Epoch: 0585 lr: 0.01 train_loss: 79838.5938 train_distortion: 0.3941 train_mapscore: 0.2035 train_c: -0.9948 train_max_dist: 22.6750 train_imax: 9.3673 train_imin: -12.7472 time: 3.8256s
INFO:root:Epoch: 0590 lr: 0.01 train_loss: 79506.0156 train_distortion: 0.3903 train_mapscore: 0.2144 train_c: -0.9947 train_max_dist: 22.8435 train_imax: 9.5261 train_imin: -12.8853 time: 3.8251s
INFO:root:Epoch: 0595 lr: 0.01 train_loss: 79172.0547 train_distortion: 0.3863 train_mapscore: 0.2350 train_c: -0.9947 train_max_dist: 23.0274 train_imax: 9.7146 train_imin: -13.0290 time: 3.8293s
INFO:root:Epoch: 0600 lr: 0.01 train_loss: 78838.7422 train_distortion: 0.3825 train_mapscore: 0.2493 train_c: -0.9947 train_max_dist: 23.2096 train_imax: 9.9089 train_imin: -13.1544 time: 3.8156s
INFO:root:Epoch: 0605 lr: 0.01 train_loss: 78527.5938 train_distortion: 0.3788 train_mapscore: 0.2436 train_c: -0.9946 train_max_dist: 23.4006 train_imax: 10.1128 train_imin: -13.2934 time: 3.8123s
INFO:root:Epoch: 0610 lr: 0.01 train_loss: 78216.7969 train_distortion: 0.3752 train_mapscore: 0.2550 train_c: -0.9946 train_max_dist: 23.5872 train_imax: 10.3336 train_imin: -13.3897 time: 3.8233s
INFO:root:Epoch: 0615 lr: 0.01 train_loss: 77879.2422 train_distortion: 0.3716 train_mapscore: 0.2637 train_c: -0.9945 train_max_dist: 23.7748 train_imax: 10.5556 train_imin: -13.5223 time: 3.7929s
INFO:root:Epoch: 0620 lr: 0.01 train_loss: 77539.4531 train_distortion: 0.3680 train_mapscore: 0.2802 train_c: -0.9945 train_max_dist: 23.9641 train_imax: 10.7798 train_imin: -13.6152 time: 3.8105s
INFO:root:Epoch: 0625 lr: 0.01 train_loss: 77195.9766 train_distortion: 0.3645 train_mapscore: 0.2878 train_c: -0.9945 train_max_dist: 24.1405 train_imax: 10.9909 train_imin: -13.7018 time: 3.8159s
INFO:root:Epoch: 0630 lr: 0.01 train_loss: 76856.5547 train_distortion: 0.3610 train_mapscore: 0.2823 train_c: -0.9944 train_max_dist: 24.3186 train_imax: 11.1956 train_imin: -13.8219 time: 3.8021s
INFO:root:Epoch: 0635 lr: 0.01 train_loss: 76525.8594 train_distortion: 0.3579 train_mapscore: 0.2822 train_c: -0.9944 train_max_dist: 24.4885 train_imax: 11.3932 train_imin: -13.9215 time: 3.8283s
INFO:root:Epoch: 0640 lr: 0.01 train_loss: 76153.2188 train_distortion: 0.3544 train_mapscore: 0.3057 train_c: -0.9943 train_max_dist: 24.6784 train_imax: 11.6433 train_imin: -14.0410 time: 3.7928s
INFO:root:Epoch: 0645 lr: 0.01 train_loss: 75785.0781 train_distortion: 0.3509 train_mapscore: 0.3196 train_c: -0.9943 train_max_dist: 24.8768 train_imax: 11.9135 train_imin: -14.1722 time: 3.7836s
INFO:root:Epoch: 0650 lr: 0.01 train_loss: 75427.2500 train_distortion: 0.3473 train_mapscore: 0.3298 train_c: -0.9942 train_max_dist: 25.0825 train_imax: 12.1856 train_imin: -14.3143 time: 3.7983s
INFO:root:Epoch: 0655 lr: 0.01 train_loss: 75058.1641 train_distortion: 0.3438 train_mapscore: 0.3312 train_c: -0.9942 train_max_dist: 25.2926 train_imax: 12.4730 train_imin: -14.4596 time: 3.7946s
INFO:root:Epoch: 0660 lr: 0.01 train_loss: 74688.6172 train_distortion: 0.3403 train_mapscore: 0.3457 train_c: -0.9941 train_max_dist: 25.5040 train_imax: 12.7810 train_imin: -14.6088 time: 3.7497s
INFO:root:Epoch: 0665 lr: 0.01 train_loss: 74330.8594 train_distortion: 0.3368 train_mapscore: 0.3349 train_c: -0.9941 train_max_dist: 32.0000 train_imax: 13.0926 train_imin: -14.8128 time: 3.7708s
INFO:root:Epoch: 0670 lr: 0.01 train_loss: 73952.8359 train_distortion: 0.3333 train_mapscore: 0.3444 train_c: -0.9941 train_max_dist: 25.9517 train_imax: 13.4035 train_imin: -15.0235 time: 3.7864s
INFO:root:Epoch: 0675 lr: 0.01 train_loss: 73559.7812 train_distortion: 0.3300 train_mapscore: 0.3631 train_c: -0.9940 train_max_dist: 26.1844 train_imax: 13.7325 train_imin: -15.2360 time: 3.7708s
INFO:root:Epoch: 0680 lr: 0.01 train_loss: 73164.6562 train_distortion: 0.3267 train_mapscore: 0.3705 train_c: -0.9940 train_max_dist: 26.4216 train_imax: 14.0784 train_imin: -15.6365 time: 3.7492s
INFO:root:Epoch: 0685 lr: 0.01 train_loss: 72800.2500 train_distortion: 0.3237 train_mapscore: 0.3546 train_c: -0.9939 train_max_dist: 26.6428 train_imax: 14.4349 train_imin: -16.3864 time: 3.8052s
INFO:root:Epoch: 0690 lr: 0.01 train_loss: 72397.7344 train_distortion: 0.3207 train_mapscore: 0.3662 train_c: -0.9939 train_max_dist: 26.8861 train_imax: 14.8031 train_imin: -16.8809 time: 3.7588s
INFO:root:Epoch: 0695 lr: 0.01 train_loss: 72007.1719 train_distortion: 0.3179 train_mapscore: 0.3697 train_c: -0.9938 train_max_dist: 27.1326 train_imax: 15.1800 train_imin: -17.3216 time: 3.7545s
INFO:root:Epoch: 0700 lr: 0.01 train_loss: 71602.1250 train_distortion: 0.3152 train_mapscore: 0.3863 train_c: -0.9938 train_max_dist: 27.3825 train_imax: 15.5411 train_imin: -17.6694 time: 3.7281s
INFO:root:Epoch: 0705 lr: 0.01 train_loss: 71241.3594 train_distortion: 0.3127 train_mapscore: 0.3643 train_c: -0.9937 train_max_dist: 27.6267 train_imax: 15.9669 train_imin: -18.0756 time: 3.7169s
INFO:root:Epoch: 0710 lr: 0.01 train_loss: 71149.7031 train_distortion: 0.3109 train_mapscore: 0.2854 train_c: -0.9937 train_max_dist: 27.7872 train_imax: 16.2085 train_imin: -18.2923 time: 3.7279s
INFO:root:Epoch: 0715 lr: 0.01 train_loss: 70712.5312 train_distortion: 0.3089 train_mapscore: 0.3162 train_c: -0.9937 train_max_dist: 27.9981 train_imax: 16.5417 train_imin: -18.4791 time: 3.7338s
INFO:root:Epoch: 0720 lr: 0.01 train_loss: 70254.2500 train_distortion: 0.3070 train_mapscore: 0.3385 train_c: -0.9936 train_max_dist: 32.0000 train_imax: 16.9405 train_imin: -18.7041 time: 3.7122s
INFO:root:Epoch: 0725 lr: 0.01 train_loss: 69868.5703 train_distortion: 0.3052 train_mapscore: 0.3246 train_c: -0.9936 train_max_dist: 28.4774 train_imax: 17.3350 train_imin: -19.0264 time: 3.7138s
INFO:root:Epoch: 0730 lr: 0.01 train_loss: 69430.8125 train_distortion: 0.3036 train_mapscore: 0.3390 train_c: -0.9935 train_max_dist: 28.7262 train_imax: 17.7040 train_imin: -19.4083 time: 3.7386s
INFO:root:Epoch: 0735 lr: 0.01 train_loss: 69344.2969 train_distortion: 0.3020 train_mapscore: 0.2677 train_c: -0.9935 train_max_dist: 29.0849 train_imax: 18.2173 train_imin: -19.6810 time: 3.7528s
INFO:root:Epoch: 0740 lr: 0.01 train_loss: 68835.3750 train_distortion: 0.3008 train_mapscore: 0.2902 train_c: -0.9934 train_max_dist: 29.4601 train_imax: 18.7494 train_imin: -19.8648 time: 3.7361s
INFO:root:Epoch: 0745 lr: 0.01 train_loss: 68250.8281 train_distortion: 0.2998 train_mapscore: 0.3240 train_c: -0.9934 train_max_dist: 29.7724 train_imax: 19.3641 train_imin: -20.2047 time: 3.7005s
INFO:root:Epoch: 0750 lr: 0.01 train_loss: 67671.3125 train_distortion: 0.2991 train_mapscore: 0.3577 train_c: -0.9933 train_max_dist: 30.0882 train_imax: 19.9706 train_imin: -20.7276 time: 3.6966s
INFO:root:Epoch: 0755 lr: 0.01 train_loss: 67279.3281 train_distortion: 0.2987 train_mapscore: 0.3468 train_c: -0.9933 train_max_dist: 30.4203 train_imax: 20.6256 train_imin: -21.1633 time: 3.6983s
INFO:root:Epoch: 0760 lr: 0.01 train_loss: 66762.0781 train_distortion: 0.2987 train_mapscore: 0.3716 train_c: -0.9932 train_max_dist: 30.7193 train_imax: 21.2551 train_imin: -21.7865 time: 3.6791s
INFO:root:Epoch: 0765 lr: 0.01 train_loss: 66388.7812 train_distortion: 0.2991 train_mapscore: 0.3486 train_c: -0.9932 train_max_dist: 31.0171 train_imax: 21.9347 train_imin: -22.4164 time: 3.6741s
INFO:root:Epoch: 0770 lr: 0.01 train_loss: 66228.2812 train_distortion: 0.2998 train_mapscore: 0.3146 train_c: -0.9931 train_max_dist: 31.2978 train_imax: 22.5708 train_imin: -23.0005 time: 3.6752s
INFO:root:Epoch: 0775 lr: 0.01 train_loss: 69797.8438 train_distortion: 0.3011 train_mapscore: 0.1283 train_c: -0.9931 train_max_dist: 31.8377 train_imax: 23.6529 train_imin: -23.7937 time: 3.7158s
INFO:root:Epoch: 0780 lr: 0.01 train_loss: 83921.8281 train_distortion: 0.3053 train_mapscore: 0.0560 train_c: -0.9930 train_max_dist: 32.3723 train_imax: 24.4828 train_imin: -25.0143 time: 3.8732s
INFO:root:Epoch: 0785 lr: 0.01 train_loss: 87185.6406 train_distortion: 0.3057 train_mapscore: 0.0508 train_c: -0.9930 train_max_dist: 31.6768 train_imax: 22.5880 train_imin: -25.3021 time: 3.8853s
INFO:root:Epoch: 0790 lr: 0.01 train_loss: 86099.4141 train_distortion: 0.3073 train_mapscore: 0.0544 train_c: -0.9931 train_max_dist: 30.4339 train_imax: 19.7294 train_imin: -23.2764 time: 3.9019s
INFO:root:Epoch: 0795 lr: 0.01 train_loss: 84222.4375 train_distortion: 0.3134 train_mapscore: 0.0576 train_c: -0.9931 train_max_dist: 29.1600 train_imax: 17.1627 train_imin: -20.5984 time: 3.8929s
INFO:root:Epoch: 0800 lr: 0.01 train_loss: 82574.8359 train_distortion: 0.3226 train_mapscore: 0.0611 train_c: -0.9931 train_max_dist: 28.0763 train_imax: 15.2888 train_imin: -18.1357 time: 3.8980s
INFO:root:Epoch: 0805 lr: 0.01 train_loss: 81212.5312 train_distortion: 0.3323 train_mapscore: 0.0688 train_c: -0.9931 train_max_dist: 27.2093 train_imax: 13.9310 train_imin: -16.2209 time: 3.8729s
INFO:root:Epoch: 0810 lr: 0.01 train_loss: 80188.8828 train_distortion: 0.3406 train_mapscore: 0.0775 train_c: -0.9931 train_max_dist: 26.5677 train_imax: 12.9963 train_imin: -14.9151 time: 3.8627s
INFO:root:Epoch: 0815 lr: 0.01 train_loss: 79244.0625 train_distortion: 0.3462 train_mapscore: 0.0887 train_c: -0.9931 train_max_dist: 26.1352 train_imax: 12.4205 train_imin: -14.1263 time: 3.8211s
INFO:root:Epoch: 0820 lr: 0.01 train_loss: 78445.5312 train_distortion: 0.3491 train_mapscore: 0.0991 train_c: -0.9930 train_max_dist: 25.9058 train_imax: 12.1688 train_imin: -13.8053 time: 3.8260s
INFO:root:Epoch: 0825 lr: 0.01 train_loss: 77601.3125 train_distortion: 0.3496 train_mapscore: 0.1122 train_c: -0.9930 train_max_dist: 25.8232 train_imax: 12.1642 train_imin: -13.7836 time: 3.8073s
INFO:root:Epoch: 0830 lr: 0.01 train_loss: 76854.0781 train_distortion: 0.3480 train_mapscore: 0.1233 train_c: -0.9930 train_max_dist: 25.8666 train_imax: 12.3303 train_imin: -13.9536 time: 3.7634s
INFO:root:Epoch: 0835 lr: 0.01 train_loss: 76146.6797 train_distortion: 0.3450 train_mapscore: 0.1448 train_c: -0.9929 train_max_dist: 26.0050 train_imax: 12.6134 train_imin: -14.0880 time: 3.7532s
INFO:root:Epoch: 0840 lr: 0.01 train_loss: 75404.7656 train_distortion: 0.3412 train_mapscore: 0.1629 train_c: -0.9929 train_max_dist: 26.2029 train_imax: 12.9821 train_imin: -14.2757 time: 3.7722s
INFO:root:Epoch: 0845 lr: 0.01 train_loss: 74749.9531 train_distortion: 0.3368 train_mapscore: 0.1843 train_c: -0.9928 train_max_dist: 26.4548 train_imax: 13.4262 train_imin: -14.6517 time: 3.7669s
INFO:root:Epoch: 0850 lr: 0.01 train_loss: 74037.3047 train_distortion: 0.3320 train_mapscore: 0.2069 train_c: -0.9928 train_max_dist: 26.7506 train_imax: 13.9233 train_imin: -15.0767 time: 3.7376s
INFO:root:Epoch: 0855 lr: 0.01 train_loss: 73392.6719 train_distortion: 0.3272 train_mapscore: 0.2228 train_c: -0.9927 train_max_dist: 27.0786 train_imax: 14.4962 train_imin: -15.6319 time: 3.7424s
INFO:root:Epoch: 0860 lr: 0.01 train_loss: 72793.5156 train_distortion: 0.3227 train_mapscore: 0.2352 train_c: -0.9927 train_max_dist: 27.4202 train_imax: 15.0788 train_imin: -16.1473 time: 3.7470s
INFO:root:Epoch: 0865 lr: 0.01 train_loss: 72463.6875 train_distortion: 0.3182 train_mapscore: 0.1805 train_c: -0.9926 train_max_dist: 27.8297 train_imax: 15.7741 train_imin: -16.7608 time: 3.7403s
INFO:root:Epoch: 0870 lr: 0.01 train_loss: 73006.2734 train_distortion: 0.3137 train_mapscore: 0.1330 train_c: -0.9925 train_max_dist: 28.3276 train_imax: 16.6415 train_imin: -17.3799 time: 3.7198s
INFO:root:Epoch: 0875 lr: 0.01 train_loss: 72556.3594 train_distortion: 0.3105 train_mapscore: 0.1515 train_c: -0.9925 train_max_dist: 32.0000 train_imax: 18.3668 train_imin: -17.5899 time: 3.7348s
INFO:root:Epoch: 0880 lr: 0.01 train_loss: 71802.7188 train_distortion: 0.3080 train_mapscore: 0.1692 train_c: -0.9924 train_max_dist: 28.9661 train_imax: 19.4621 train_imin: -17.8580 time: 3.7185s
INFO:root:Epoch: 0885 lr: 0.01 train_loss: 71075.9062 train_distortion: 0.3059 train_mapscore: 0.1857 train_c: -0.9924 train_max_dist: 29.2282 train_imax: 20.2158 train_imin: -18.2558 time: 3.7058s
INFO:root:Epoch: 0890 lr: 0.01 train_loss: 70340.2344 train_distortion: 0.3042 train_mapscore: 0.2055 train_c: -0.9923 train_max_dist: 29.4640 train_imax: 20.7589 train_imin: -18.4755 time: 3.7189s
INFO:root:Epoch: 0895 lr: 0.01 train_loss: 69633.1719 train_distortion: 0.3027 train_mapscore: 0.2315 train_c: -0.9923 train_max_dist: 29.7022 train_imax: 21.2536 train_imin: -18.7895 time: 3.6882s
INFO:root:Epoch: 0900 lr: 0.01 train_loss: 72193.4609 train_distortion: 0.3017 train_mapscore: 0.1005 train_c: -0.9922 train_max_dist: 29.9804 train_imax: 21.9777 train_imin: -19.5321 time: 3.7114s
INFO:root:Epoch: 0905 lr: 0.01 train_loss: 77968.0703 train_distortion: 0.3029 train_mapscore: 0.0670 train_c: -0.9922 train_max_dist: 30.2816 train_imax: 22.3925 train_imin: -20.1586 time: 3.7948s
INFO:root:Epoch: 0910 lr: 0.01 train_loss: 79287.5938 train_distortion: 0.3049 train_mapscore: 0.0678 train_c: -0.9921 train_max_dist: 30.1141 train_imax: 21.7054 train_imin: -19.7003 time: 3.8582s
INFO:root:Epoch: 0915 lr: 0.01 train_loss: 78460.2266 train_distortion: 0.3079 train_mapscore: 0.0739 train_c: -0.9921 train_max_dist: 29.6153 train_imax: 20.4413 train_imin: -18.9077 time: 3.8219s
INFO:root:Epoch: 0920 lr: 0.01 train_loss: 77102.7500 train_distortion: 0.3115 train_mapscore: 0.0805 train_c: -0.9921 train_max_dist: 29.0895 train_imax: 19.2034 train_imin: -18.0703 time: 3.7945s
INFO:root:Epoch: 0925 lr: 0.01 train_loss: 75762.5000 train_distortion: 0.3148 train_mapscore: 0.0922 train_c: -0.9921 train_max_dist: 28.6484 train_imax: 18.2537 train_imin: -17.2113 time: 3.7891s
INFO:root:Epoch: 0930 lr: 0.01 train_loss: 74683.3906 train_distortion: 0.3170 train_mapscore: 0.1049 train_c: -0.9921 train_max_dist: 28.3627 train_imax: 17.6896 train_imin: -16.6222 time: 3.7580s
INFO:root:Epoch: 0935 lr: 0.01 train_loss: 73696.6250 train_distortion: 0.3175 train_mapscore: 0.1174 train_c: -0.9920 train_max_dist: 28.2523 train_imax: 17.5079 train_imin: -16.4762 time: 3.7312s
INFO:root:Epoch: 0940 lr: 0.01 train_loss: 72772.6484 train_distortion: 0.3167 train_mapscore: 0.1411 train_c: -0.9920 train_max_dist: 28.2825 train_imax: 17.6079 train_imin: -16.3460 time: 3.7214s
INFO:root:Epoch: 0945 lr: 0.01 train_loss: 71955.9844 train_distortion: 0.3148 train_mapscore: 0.1502 train_c: -0.9919 train_max_dist: 28.4204 train_imax: 17.8646 train_imin: -16.3914 time: 3.7464s
INFO:root:Epoch: 0950 lr: 0.01 train_loss: 71204.8281 train_distortion: 0.3124 train_mapscore: 0.1638 train_c: -0.9919 train_max_dist: 28.6378 train_imax: 18.2768 train_imin: -16.5558 time: 3.7411s
INFO:root:Epoch: 0955 lr: 0.01 train_loss: 70432.0703 train_distortion: 0.3097 train_mapscore: 0.1862 train_c: -0.9918 train_max_dist: 28.9178 train_imax: 18.8401 train_imin: -16.8282 time: 3.7006s
INFO:root:Epoch: 0960 lr: 0.01 train_loss: 69754.4844 train_distortion: 0.3070 train_mapscore: 0.2072 train_c: -0.9918 train_max_dist: 29.2413 train_imax: 19.5443 train_imin: -17.1914 time: 3.6668s
INFO:root:Epoch: 0965 lr: 0.01 train_loss: 69092.6562 train_distortion: 0.3045 train_mapscore: 0.2220 train_c: -0.9917 train_max_dist: 32.0000 train_imax: 20.2698 train_imin: -17.6809 time: 3.6925s
INFO:root:Epoch: 0970 lr: 0.01 train_loss: 68353.2344 train_distortion: 0.3024 train_mapscore: 0.2589 train_c: -0.9916 train_max_dist: 29.9524 train_imax: 21.0442 train_imin: -18.1927 time: 3.6484s
INFO:root:Epoch: 0975 lr: 0.01 train_loss: 69343.3281 train_distortion: 0.3008 train_mapscore: 0.1391 train_c: -0.9916 train_max_dist: 30.1505 train_imax: 21.7469 train_imin: -19.0065 time: 3.6593s
INFO:root:Epoch: 0980 lr: 0.01 train_loss: 69525.6484 train_distortion: 0.3000 train_mapscore: 0.1474 train_c: -0.9915 train_max_dist: 30.2713 train_imax: 22.4111 train_imin: -19.3609 time: 3.6913s
INFO:root:Epoch: 0985 lr: 0.01 train_loss: 68772.2500 train_distortion: 0.2994 train_mapscore: 0.1662 train_c: -0.9914 train_max_dist: 30.4077 train_imax: 23.1257 train_imin: -19.6107 time: 3.6762s
INFO:root:Epoch: 0990 lr: 0.01 train_loss: 67761.5547 train_distortion: 0.2992 train_mapscore: 0.1859 train_c: -0.9914 train_max_dist: 30.6017 train_imax: 23.8007 train_imin: -19.7894 time: 3.6932s
INFO:root:Epoch: 0995 lr: 0.01 train_loss: 66765.1094 train_distortion: 0.2992 train_mapscore: 0.2214 train_c: -0.9913 train_max_dist: 30.8462 train_imax: 24.5303 train_imin: -19.8991 time: 3.6741s
INFO:root:Epoch: 1000 lr: 0.01 train_loss: 65854.2344 train_distortion: 0.2997 train_mapscore: 0.2460 train_c: -0.9913 train_max_dist: 31.1266 train_imax: 25.3954 train_imin: -20.0268 time: 3.6713s
INFO:root:Epoch: 1005 lr: 0.01 train_loss: 64940.3789 train_distortion: 0.3007 train_mapscore: 0.2859 train_c: -0.9912 train_max_dist: 31.4515 train_imax: 26.2959 train_imin: -20.2169 time: 3.6572s
INFO:root:Epoch: 1010 lr: 0.01 train_loss: 64063.4922 train_distortion: 0.3024 train_mapscore: 0.3221 train_c: -0.9911 train_max_dist: 50.0000 train_imax: 27.3729 train_imin: -20.4846 time: 3.6582s
INFO:root:Epoch: 1015 lr: 0.01 train_loss: 63286.8672 train_distortion: 0.3052 train_mapscore: 0.3583 train_c: -0.9911 train_max_dist: 32.2391 train_imax: 28.6692 train_imin: -20.8383 time: 3.6624s
INFO:root:Epoch: 1020 lr: 0.01 train_loss: 62643.1953 train_distortion: 0.3089 train_mapscore: 0.3571 train_c: -0.9910 train_max_dist: 32.6667 train_imax: 30.0899 train_imin: -21.4250 time: 3.6482s
INFO:root:Epoch: 1025 lr: 0.01 train_loss: 62160.6641 train_distortion: 0.3138 train_mapscore: 0.3494 train_c: -0.9909 train_max_dist: 33.1210 train_imax: 31.6264 train_imin: -22.4283 time: 3.6772s
INFO:root:Epoch: 1030 lr: 0.01 train_loss: 61516.2266 train_distortion: 0.3198 train_mapscore: 0.3758 train_c: -0.9909 train_max_dist: 33.5911 train_imax: 33.1935 train_imin: -23.1466 time: 3.6683s
INFO:root:Epoch: 1035 lr: 0.01 train_loss: 60763.7578 train_distortion: 0.3269 train_mapscore: 0.4001 train_c: -0.9908 train_max_dist: 34.0793 train_imax: 34.8167 train_imin: -24.1572 time: 3.6549s
INFO:root:Epoch: 1040 lr: 0.01 train_loss: 59976.8594 train_distortion: 0.3352 train_mapscore: 0.4320 train_c: -0.9908 train_max_dist: 34.6092 train_imax: 36.5310 train_imin: -25.2070 time: 3.6240s
INFO:root:Epoch: 1045 lr: 0.01 train_loss: 59172.0391 train_distortion: 0.3450 train_mapscore: 0.4590 train_c: -0.9907 train_max_dist: 35.1633 train_imax: 38.3493 train_imin: -26.2486 time: 3.6129s
INFO:root:Epoch: 1050 lr: 0.01 train_loss: 58463.4219 train_distortion: 0.3565 train_mapscore: 0.4663 train_c: -0.9906 train_max_dist: 35.7240 train_imax: 40.3463 train_imin: -27.4096 time: 3.6201s
INFO:root:Epoch: 1055 lr: 0.01 train_loss: 57680.0000 train_distortion: 0.3697 train_mapscore: 0.4862 train_c: -0.9905 train_max_dist: 36.3240 train_imax: 42.3570 train_imin: -28.8445 time: 3.6110s
INFO:root:Epoch: 1060 lr: 0.01 train_loss: 57975.5547 train_distortion: 0.3851 train_mapscore: 0.3748 train_c: -0.9905 train_max_dist: 36.9752 train_imax: 44.7373 train_imin: -30.3149 time: 3.6267s
INFO:root:Epoch: 1065 lr: 0.01 train_loss: 57113.8398 train_distortion: 0.4005 train_mapscore: 0.4091 train_c: -0.9904 train_max_dist: 37.5440 train_imax: 47.1737 train_imin: -31.6413 time: 3.6142s
INFO:root:Epoch: 1070 lr: 0.01 train_loss: 56099.8750 train_distortion: 0.4174 train_mapscore: 0.4430 train_c: -0.9903 train_max_dist: 40.0000 train_imax: 49.5837 train_imin: -33.0882 time: 3.6558s
INFO:root:Epoch: 1075 lr: 0.01 train_loss: 71182.8984 train_distortion: 0.4313 train_mapscore: 0.1237 train_c: -0.9903 train_max_dist: 38.6781 train_imax: 50.7501 train_imin: -35.7620 time: 3.7390s
INFO:root:Epoch: 1080 lr: 0.01 train_loss: 72616.4922 train_distortion: 0.4173 train_mapscore: 0.1205 train_c: -0.9903 train_max_dist: 38.3930 train_imax: 48.2037 train_imin: -35.6818 time: 3.7145s
INFO:root:Epoch: 1085 lr: 0.01 train_loss: 70454.2969 train_distortion: 0.3926 train_mapscore: 0.1337 train_c: -0.9903 train_max_dist: 37.6488 train_imax: 44.1896 train_imin: -33.1477 time: 3.7101s
INFO:root:Epoch: 1090 lr: 0.01 train_loss: 68113.6953 train_distortion: 0.3723 train_mapscore: 0.1510 train_c: -0.9903 train_max_dist: 36.9730 train_imax: 40.9511 train_imin: -30.8074 time: 3.6991s
INFO:root:Epoch: 1095 lr: 0.01 train_loss: 66203.3125 train_distortion: 0.3594 train_mapscore: 0.1748 train_c: -0.9902 train_max_dist: 36.4875 train_imax: 38.7504 train_imin: -29.2275 time: 3.6868s
INFO:root:Epoch: 1100 lr: 0.01 train_loss: 64465.4336 train_distortion: 0.3524 train_mapscore: 0.2059 train_c: -0.9902 train_max_dist: 36.2365 train_imax: 37.5097 train_imin: -28.1956 time: 3.6643s
INFO:root:Epoch: 1105 lr: 0.01 train_loss: 62825.0625 train_distortion: 0.3510 train_mapscore: 0.2434 train_c: -0.9901 train_max_dist: 36.2095 train_imax: 37.2105 train_imin: -28.0458 time: 3.6535s
INFO:root:Epoch: 1110 lr: 0.01 train_loss: 61511.1719 train_distortion: 0.3535 train_mapscore: 0.2735 train_c: -0.9901 train_max_dist: 36.3793 train_imax: 37.4848 train_imin: -28.2442 time: 3.6473s
INFO:root:Epoch: 1115 lr: 0.01 train_loss: 60296.5859 train_distortion: 0.3587 train_mapscore: 0.3008 train_c: -0.9900 train_max_dist: 36.6483 train_imax: 38.2109 train_imin: -28.8439 time: 3.6647s
INFO:root:Epoch: 1120 lr: 0.01 train_loss: 59364.1680 train_distortion: 0.3664 train_mapscore: 0.3239 train_c: -0.9899 train_max_dist: 36.9846 train_imax: 39.3396 train_imin: -29.7000 time: 3.6610s
INFO:root:Epoch: 1125 lr: 0.01 train_loss: 58175.6094 train_distortion: 0.3774 train_mapscore: 0.3615 train_c: -0.9899 train_max_dist: 37.4176 train_imax: 41.0378 train_imin: -30.6933 time: 3.6031s
INFO:root:Epoch: 1130 lr: 0.01 train_loss: 57105.9141 train_distortion: 0.3917 train_mapscore: 0.3960 train_c: -0.9898 train_max_dist: 37.9244 train_imax: 42.9743 train_imin: -32.1993 time: 3.6108s
INFO:root:Epoch: 1135 lr: 0.01 train_loss: 56129.2305 train_distortion: 0.4088 train_mapscore: 0.4202 train_c: -0.9897 train_max_dist: 48.0000 train_imax: 45.1479 train_imin: -33.8344 time: 3.5927s
INFO:root:Epoch: 1140 lr: 0.01 train_loss: 55062.2109 train_distortion: 0.4296 train_mapscore: 0.4573 train_c: -0.9897 train_max_dist: 39.1082 train_imax: 47.6670 train_imin: -35.8520 time: 3.5844s
INFO:root:Epoch: 1145 lr: 0.01 train_loss: 54843.5273 train_distortion: 0.4523 train_mapscore: 0.4135 train_c: -0.9896 train_max_dist: 39.7365 train_imax: 50.2261 train_imin: -37.9084 time: 3.6085s
INFO:root:Epoch: 1150 lr: 0.01 train_loss: 54662.6562 train_distortion: 0.4768 train_mapscore: 0.3933 train_c: -0.9895 train_max_dist: 40.3643 train_imax: 52.8408 train_imin: -40.1653 time: 3.5910s
INFO:root:Epoch: 1155 lr: 0.01 train_loss: 53534.4609 train_distortion: 0.5036 train_mapscore: 0.4266 train_c: -0.9894 train_max_dist: 41.0263 train_imax: 55.8269 train_imin: -42.5191 time: 3.6208s
INFO:root:Epoch: 1160 lr: 0.01 train_loss: 52361.9062 train_distortion: 0.5335 train_mapscore: 0.4600 train_c: -0.9894 train_max_dist: 48.0000 train_imax: 59.4541 train_imin: -45.0965 time: 3.6309s
INFO:root:Epoch: 1165 lr: 0.01 train_loss: 51384.0820 train_distortion: 0.5664 train_mapscore: 0.4804 train_c: -0.9893 train_max_dist: 42.4148 train_imax: 63.1959 train_imin: -48.0797 time: 3.6042s
INFO:root:Epoch: 1170 lr: 0.01 train_loss: 50547.3398 train_distortion: 0.6035 train_mapscore: 0.4996 train_c: -0.9892 train_max_dist: 50.0000 train_imax: 67.0208 train_imin: -50.7723 time: 3.6149s
INFO:root:Epoch: 1175 lr: 0.01 train_loss: 49625.7891 train_distortion: 0.6450 train_mapscore: 0.5124 train_c: -0.9891 train_max_dist: 43.9546 train_imax: 71.2783 train_imin: -53.7637 time: 3.5970s
INFO:root:Epoch: 1180 lr: 0.01 train_loss: 68815.8359 train_distortion: 0.6854 train_mapscore: 0.1459 train_c: -0.9891 train_max_dist: 44.4662 train_imax: 74.1689 train_imin: -56.0706 time: 3.6636s
INFO:root:Epoch: 1185 lr: 0.01 train_loss: 75059.1406 train_distortion: 0.6585 train_mapscore: 0.1227 train_c: -0.9890 train_max_dist: 43.5062 train_imax: 70.9634 train_imin: -52.4950 time: 3.7017s
INFO:root:Epoch: 1190 lr: 0.01 train_loss: 79239.4375 train_distortion: 0.5554 train_mapscore: 0.0908 train_c: -0.9891 train_max_dist: 40.7298 train_imax: 60.3409 train_imin: -41.9209 time: 3.7240s
INFO:root:Epoch: 1195 lr: 0.01 train_loss: 76392.7422 train_distortion: 0.4625 train_mapscore: 0.1000 train_c: -0.9891 train_max_dist: 38.5809 train_imax: 49.9369 train_imin: -34.9386 time: 3.7243s
INFO:root:Epoch: 1200 lr: 0.01 train_loss: 73411.4609 train_distortion: 0.4002 train_mapscore: 0.1109 train_c: -0.9890 train_max_dist: 36.8255 train_imax: 42.3543 train_imin: -30.8067 time: 3.7429s
INFO:root:Epoch: 1205 lr: 0.01 train_loss: 71069.6016 train_distortion: 0.3571 train_mapscore: 0.1202 train_c: -0.9890 train_max_dist: 35.2229 train_imax: 36.1144 train_imin: -26.2393 time: 3.7081s
INFO:root:Epoch: 1210 lr: 0.01 train_loss: 69347.9062 train_distortion: 0.3325 train_mapscore: 0.1329 train_c: -0.9890 train_max_dist: 33.8420 train_imax: 31.9191 train_imin: -22.9904 time: 3.6768s
INFO:root:Epoch: 1215 lr: 0.01 train_loss: 67727.0312 train_distortion: 0.3212 train_mapscore: 0.1552 train_c: -0.9890 train_max_dist: 32.9895 train_imax: 29.5993 train_imin: -21.4380 time: 3.6715s
INFO:root:Epoch: 1220 lr: 0.01 train_loss: 66313.3281 train_distortion: 0.3159 train_mapscore: 0.1801 train_c: -0.9889 train_max_dist: 32.6315 train_imax: 28.1577 train_imin: -20.6633 time: 3.6430s
INFO:root:Epoch: 1225 lr: 0.01 train_loss: 64979.3672 train_distortion: 0.3143 train_mapscore: 0.2100 train_c: -0.9889 train_max_dist: 32.5279 train_imax: 27.0025 train_imin: -20.3881 time: 3.6400s
INFO:root:Epoch: 1230 lr: 0.01 train_loss: 63882.6328 train_distortion: 0.3157 train_mapscore: 0.2482 train_c: -0.9888 train_max_dist: 32.6484 train_imax: 26.5998 train_imin: -20.5581 time: 3.6633s
INFO:root:Epoch: 1235 lr: 0.01 train_loss: 62839.3750 train_distortion: 0.3188 train_mapscore: 0.2731 train_c: -0.9888 train_max_dist: 32.8983 train_imax: 26.7692 train_imin: -20.8821 time: 3.6364s
INFO:root:Epoch: 1240 lr: 0.01 train_loss: 61775.4297 train_distortion: 0.3236 train_mapscore: 0.3123 train_c: -0.9887 train_max_dist: 33.2183 train_imax: 27.3750 train_imin: -21.4364 time: 3.6483s
INFO:root:Epoch: 1245 lr: 0.01 train_loss: 60768.5156 train_distortion: 0.3300 train_mapscore: 0.3473 train_c: -0.9886 train_max_dist: 33.6129 train_imax: 28.3165 train_imin: -22.3005 time: 3.6459s
INFO:root:Epoch: 1250 lr: 0.01 train_loss: 59832.7656 train_distortion: 0.3383 train_mapscore: 0.3751 train_c: -0.9885 train_max_dist: 34.1367 train_imax: 29.4869 train_imin: -23.3304 time: 3.6263s
INFO:root:Epoch: 1255 lr: 0.01 train_loss: 58908.4531 train_distortion: 0.3492 train_mapscore: 0.3965 train_c: -0.9885 train_max_dist: 34.6986 train_imax: 31.1073 train_imin: -24.4487 time: 3.6341s
INFO:root:Epoch: 1260 lr: 0.01 train_loss: 58985.8008 train_distortion: 0.3616 train_mapscore: 0.3336 train_c: -0.9884 train_max_dist: 35.2376 train_imax: 32.7749 train_imin: -25.6244 time: 3.6322s
INFO:root:Epoch: 1265 lr: 0.01 train_loss: 57918.2500 train_distortion: 0.3764 train_mapscore: 0.3633 train_c: -0.9883 train_max_dist: 35.8839 train_imax: 34.6970 train_imin: -27.2166 time: 3.6277s
INFO:root:Epoch: 1270 lr: 0.01 train_loss: 56859.8750 train_distortion: 0.3933 train_mapscore: 0.4021 train_c: -0.9882 train_max_dist: 36.5459 train_imax: 36.7207 train_imin: -28.9630 time: 3.6261s
INFO:root:Epoch: 1275 lr: 0.01 train_loss: 55949.7891 train_distortion: 0.4130 train_mapscore: 0.4249 train_c: -0.9881 train_max_dist: 37.2479 train_imax: 39.0010 train_imin: -30.7089 time: 3.6248s
INFO:root:Epoch: 1280 lr: 0.01 train_loss: 54947.0195 train_distortion: 0.4356 train_mapscore: 0.4535 train_c: -0.9881 train_max_dist: 38.0193 train_imax: 41.4465 train_imin: -32.3750 time: 3.6213s
INFO:root:Epoch: 1285 lr: 0.01 train_loss: 53847.2305 train_distortion: 0.4612 train_mapscore: 0.4874 train_c: -0.9880 train_max_dist: 38.7281 train_imax: 44.1146 train_imin: -34.4298 time: 3.6531s
INFO:root:Epoch: 1290 lr: 0.01 train_loss: 52668.7344 train_distortion: 0.4907 train_mapscore: 0.5175 train_c: -0.9879 train_max_dist: 39.5190 train_imax: 46.9358 train_imin: -36.7296 time: 3.6350s
INFO:root:Epoch: 1295 lr: 0.01 train_loss: 51642.0391 train_distortion: 0.5245 train_mapscore: 0.5380 train_c: -0.9878 train_max_dist: 40.3748 train_imax: 50.2680 train_imin: -39.4296 time: 3.5961s
INFO:root:Epoch: 1300 lr: 0.01 train_loss: 50678.7656 train_distortion: 0.5622 train_mapscore: 0.5517 train_c: -0.9877 train_max_dist: 41.2062 train_imax: 53.6839 train_imin: -42.2479 time: 3.5919s
INFO:root:Epoch: 1305 lr: 0.01 train_loss: 49634.3867 train_distortion: 0.6041 train_mapscore: 0.5743 train_c: -0.9876 train_max_dist: 42.0693 train_imax: 57.4927 train_imin: -44.9131 time: 3.5907s
INFO:root:Epoch: 1310 lr: 0.01 train_loss: 48667.6445 train_distortion: 0.6521 train_mapscore: 0.5904 train_c: -0.9875 train_max_dist: 42.9637 train_imax: 61.9618 train_imin: -48.1178 time: 3.5770s
INFO:root:Epoch: 1315 lr: 0.01 train_loss: 48147.5391 train_distortion: 0.7043 train_mapscore: 0.5672 train_c: -0.9874 train_max_dist: 43.8297 train_imax: 66.6732 train_imin: -51.6698 time: 3.5797s
INFO:root:Epoch: 1320 lr: 0.01 train_loss: 47521.8398 train_distortion: 0.7592 train_mapscore: 0.5628 train_c: -0.9873 train_max_dist: 44.7427 train_imax: 71.4864 train_imin: -54.7386 time: 3.6223s
INFO:root:Epoch: 1325 lr: 0.01 train_loss: 48679.5391 train_distortion: 0.8133 train_mapscore: 0.4666 train_c: -0.9872 train_max_dist: 45.5257 train_imax: 76.2397 train_imin: -57.5200 time: 3.6255s
INFO:root:Epoch: 1330 lr: 0.01 train_loss: 47658.0234 train_distortion: 0.8667 train_mapscore: 0.4962 train_c: -0.9871 train_max_dist: 48.0000 train_imax: 80.9436 train_imin: -60.7690 time: 3.6261s
INFO:root:Epoch: 1335 lr: 0.01 train_loss: 46562.8281 train_distortion: 0.9236 train_mapscore: 0.5222 train_c: -0.9870 train_max_dist: 47.0039 train_imax: 85.6144 train_imin: -64.9966 time: 3.6204s
INFO:root:Epoch: 1340 lr: 0.01 train_loss: 46061.5508 train_distortion: 0.9809 train_mapscore: 0.5278 train_c: -0.9869 train_max_dist: 47.7538 train_imax: 90.8168 train_imin: -68.0374 time: 3.6143s
INFO:root:Epoch: 1345 lr: 0.01 train_loss: 46952.8828 train_distortion: 1.0380 train_mapscore: 0.4775 train_c: -0.9868 train_max_dist: 48.3474 train_imax: 96.0065 train_imin: -71.6483 time: 3.6064s
INFO:root:Epoch: 1350 lr: 0.01 train_loss: 47133.5664 train_distortion: 1.0878 train_mapscore: 0.4668 train_c: -0.9867 train_max_dist: 49.0621 train_imax: 99.8391 train_imin: -75.5169 time: 3.6264s
INFO:root:Epoch: 1355 lr: 0.01 train_loss: 46161.6719 train_distortion: 1.1363 train_mapscore: 0.5020 train_c: -0.9866 train_max_dist: 49.5932 train_imax: 104.4733 train_imin: -79.0262 time: 3.5980s
INFO:root:Epoch: 1360 lr: 0.01 train_loss: 45358.3047 train_distortion: 1.1868 train_mapscore: 0.5198 train_c: -0.9866 train_max_dist: 50.0000 train_imax: 108.4179 train_imin: -82.5095 time: 3.6131s
INFO:root:Epoch: 1365 lr: 0.01 train_loss: 49757.4922 train_distortion: 1.2237 train_mapscore: 0.3985 train_c: -0.9865 train_max_dist: 50.0000 train_imax: 110.2282 train_imin: -86.3295 time: 3.6243s
INFO:root:Epoch: 1370 lr: 0.01 train_loss: 48261.2461 train_distortion: 1.2453 train_mapscore: 0.4371 train_c: -0.9864 train_max_dist: 50.0000 train_imax: 111.6729 train_imin: -117.3071 time: 3.6543s
INFO:root:Epoch: 1375 lr: 0.01 train_loss: 47645.0781 train_distortion: 1.2701 train_mapscore: 0.4514 train_c: -0.9863 train_max_dist: 50.0000 train_imax: 114.3223 train_imin: -127.4899 time: 3.6192s
INFO:root:Epoch: 1380 lr: 0.01 train_loss: 65578.3203 train_distortion: 1.2702 train_mapscore: 0.2079 train_c: -0.9862 train_max_dist: 50.0000 train_imax: 114.6960 train_imin: -122.3736 time: 3.6451s
INFO:root:Epoch: 1385 lr: 0.01 train_loss: 65440.9727 train_distortion: 1.1647 train_mapscore: 0.2145 train_c: -0.9861 train_max_dist: 50.0000 train_imax: 113.7864 train_imin: -115.2377 time: 3.6452s
INFO:root:Epoch: 1390 lr: 0.01 train_loss: 61802.0664 train_distortion: 1.0456 train_mapscore: 0.2472 train_c: -0.9860 train_max_dist: 50.0000 train_imax: 110.9130 train_imin: -114.3352 time: 3.6342s
INFO:root:Epoch: 1395 lr: 0.01 train_loss: 113053.5156 train_distortion: 1.0582 train_mapscore: 0.0599 train_c: -0.9858 train_max_dist: 49.2578 train_imax: 112.1107 train_imin: -136.3984 time: 3.8034s
INFO:root:Epoch: 1400 lr: 0.01 train_loss: 124173.8359 train_distortion: 0.8475 train_mapscore: 0.0468 train_c: -0.9855 train_max_dist: 46.4605 train_imax: 86.2953 train_imin: -114.0354 time: 3.9755s
INFO:root:Epoch: 1405 lr: 0.01 train_loss: 116694.6797 train_distortion: 0.5840 train_mapscore: 0.0438 train_c: -0.9853 train_max_dist: 42.2101 train_imax: 57.8435 train_imin: -78.0975 time: 4.0397s
INFO:root:Epoch: 1410 lr: 0.01 train_loss: 106430.7188 train_distortion: 0.4097 train_mapscore: 0.0422 train_c: -0.9850 train_max_dist: 37.6517 train_imax: 38.7451 train_imin: -50.6769 time: 4.1192s
INFO:root:Epoch: 1415 lr: 0.01 train_loss: 98964.4297 train_distortion: 0.3350 train_mapscore: 0.0413 train_c: -0.9849 train_max_dist: 33.6868 train_imax: 28.1474 train_imin: -33.7266 time: 4.1489s
INFO:root:Epoch: 1420 lr: 0.01 train_loss: 93966.7812 train_distortion: 0.3230 train_mapscore: 0.0420 train_c: -0.9848 train_max_dist: 30.4926 train_imax: 21.4802 train_imin: -23.8181 time: 4.1072s
INFO:root:Epoch: 1425 lr: 0.01 train_loss: 91134.2031 train_distortion: 0.3402 train_mapscore: 0.0435 train_c: -0.9847 train_max_dist: 28.0495 train_imax: 17.1547 train_imin: -17.9623 time: 4.0870s
INFO:root:Epoch: 1430 lr: 0.01 train_loss: 89367.5625 train_distortion: 0.3660 train_mapscore: 0.0445 train_c: -0.9847 train_max_dist: 26.2004 train_imax: 14.3237 train_imin: -14.5059 time: 4.0650s
INFO:root:Epoch: 1435 lr: 0.01 train_loss: 88288.8281 train_distortion: 0.3870 train_mapscore: 0.0475 train_c: -0.9847 train_max_dist: 24.9946 train_imax: 12.6256 train_imin: -12.7243 time: 4.0426s
INFO:root:Epoch: 1440 lr: 0.01 train_loss: 87524.9219 train_distortion: 0.4001 train_mapscore: 0.0520 train_c: -0.9847 train_max_dist: 24.2684 train_imax: 11.6640 train_imin: -11.8581 time: 4.0282s
INFO:root:Epoch: 1445 lr: 0.01 train_loss: 86814.6797 train_distortion: 0.4088 train_mapscore: 0.0550 train_c: -0.9847 train_max_dist: 24.0000 train_imax: 11.0258 train_imin: -11.3448 time: 3.9933s
INFO:root:Epoch: 1450 lr: 0.01 train_loss: 86311.6172 train_distortion: 0.4136 train_mapscore: 0.0573 train_c: -0.9847 train_max_dist: 23.4753 train_imax: 10.6352 train_imin: -11.0910 time: 4.0197s
INFO:root:Epoch: 1455 lr: 0.01 train_loss: 85767.0312 train_distortion: 0.4121 train_mapscore: 0.0629 train_c: -0.9847 train_max_dist: 23.4240 train_imax: 10.5474 train_imin: -11.2128 time: 3.9740s
INFO:root:Epoch: 1460 lr: 0.01 train_loss: 85219.4375 train_distortion: 0.4079 train_mapscore: 0.0690 train_c: -0.9847 train_max_dist: 23.4683 train_imax: 10.6318 train_imin: -11.4893 time: 3.9343s
INFO:root:Epoch: 1465 lr: 0.01 train_loss: 84703.6484 train_distortion: 0.4032 train_mapscore: 0.0756 train_c: -0.9847 train_max_dist: 23.5538 train_imax: 10.7877 train_imin: -11.7659 time: 3.9088s
INFO:root:Epoch: 1470 lr: 0.01 train_loss: 84203.9531 train_distortion: 0.3992 train_mapscore: 0.0827 train_c: -0.9846 train_max_dist: 23.6419 train_imax: 10.9657 train_imin: -11.9877 time: 3.9083s
INFO:root:Epoch: 1475 lr: 0.01 train_loss: 83704.3594 train_distortion: 0.3951 train_mapscore: 0.0970 train_c: -0.9845 train_max_dist: 23.7513 train_imax: 11.1433 train_imin: -12.2102 time: 3.8975s
INFO:root:Epoch: 1480 lr: 0.01 train_loss: 83245.4844 train_distortion: 0.3909 train_mapscore: 0.1045 train_c: -0.9845 train_max_dist: 23.8878 train_imax: 11.3513 train_imin: -12.4704 time: 3.9121s
INFO:root:Epoch: 1485 lr: 0.01 train_loss: 82806.8438 train_distortion: 0.3862 train_mapscore: 0.1149 train_c: -0.9844 train_max_dist: 24.0478 train_imax: 11.5819 train_imin: -12.7792 time: 3.9110s
INFO:root:Epoch: 1490 lr: 0.01 train_loss: 82374.2500 train_distortion: 0.3821 train_mapscore: 0.1292 train_c: -0.9843 train_max_dist: 24.1980 train_imax: 11.8081 train_imin: -13.0440 time: 3.9023s
INFO:root:Epoch: 1495 lr: 0.01 train_loss: 81906.8906 train_distortion: 0.3780 train_mapscore: 0.1422 train_c: -0.9843 train_max_dist: 24.3529 train_imax: 12.0191 train_imin: -13.3177 time: 3.9188s
INFO:root:Epoch: 1500 lr: 0.01 train_loss: 81483.9922 train_distortion: 0.3738 train_mapscore: 0.1584 train_c: -0.9842 train_max_dist: 24.5118 train_imax: 12.2342 train_imin: -13.6181 time: 3.9261s
INFO:root:Epoch: 1505 lr: 0.01 train_loss: 81059.5312 train_distortion: 0.3701 train_mapscore: 0.1650 train_c: -0.9841 train_max_dist: 24.6532 train_imax: 12.4606 train_imin: -13.8994 time: 3.8530s
INFO:root:Epoch: 1510 lr: 0.01 train_loss: 80646.4844 train_distortion: 0.3663 train_mapscore: 0.1761 train_c: -0.9841 train_max_dist: 24.7998 train_imax: 12.7190 train_imin: -14.1980 time: 3.8641s
INFO:root:Epoch: 1515 lr: 0.01 train_loss: 80220.3750 train_distortion: 0.3623 train_mapscore: 0.1953 train_c: -0.9840 train_max_dist: 24.9359 train_imax: 12.9975 train_imin: -14.5318 time: 3.8387s
INFO:root:Epoch: 1520 lr: 0.01 train_loss: 79804.8359 train_distortion: 0.3584 train_mapscore: 0.2083 train_c: -0.9839 train_max_dist: 25.0519 train_imax: 13.2558 train_imin: -14.8585 time: 3.8365s
INFO:root:Epoch: 1525 lr: 0.01 train_loss: 79352.8906 train_distortion: 0.3546 train_mapscore: 0.2187 train_c: -0.9838 train_max_dist: 25.1870 train_imax: 13.5313 train_imin: -15.2054 time: 3.8413s
INFO:root:Epoch: 1530 lr: 0.01 train_loss: 78937.7188 train_distortion: 0.3508 train_mapscore: 0.2352 train_c: -0.9837 train_max_dist: 25.3296 train_imax: 13.8007 train_imin: -15.5722 time: 3.8518s
INFO:root:Epoch: 1535 lr: 0.01 train_loss: 78509.0703 train_distortion: 0.3472 train_mapscore: 0.2493 train_c: -0.9837 train_max_dist: 25.4785 train_imax: 14.0646 train_imin: -15.9361 time: 3.8755s
INFO:root:Epoch: 1540 lr: 0.01 train_loss: 78078.7188 train_distortion: 0.3437 train_mapscore: 0.2636 train_c: -0.9836 train_max_dist: 25.6445 train_imax: 14.3131 train_imin: -16.3171 time: 3.8789s
INFO:root:Epoch: 1545 lr: 0.01 train_loss: 77674.5469 train_distortion: 0.3402 train_mapscore: 0.2559 train_c: -0.9835 train_max_dist: 28.0000 train_imax: 14.5776 train_imin: -16.7150 time: 3.8009s
INFO:root:Epoch: 1550 lr: 0.01 train_loss: 77807.2109 train_distortion: 0.3386 train_mapscore: 0.1498 train_c: -0.9834 train_max_dist: 25.8630 train_imax: 14.6348 train_imin: -16.8155 time: 3.8116s
INFO:root:Epoch: 1555 lr: 0.01 train_loss: 78410.8359 train_distortion: 0.3374 train_mapscore: 0.0925 train_c: -0.9833 train_max_dist: 28.0000 train_imax: 14.5808 train_imin: -17.1472 time: 3.7995s
INFO:root:Epoch: 1560 lr: 0.01 train_loss: 79062.9219 train_distortion: 0.3360 train_mapscore: 0.0870 train_c: -0.9833 train_max_dist: 25.8120 train_imax: 14.5289 train_imin: -20.4133 time: 3.8200s
INFO:root:Epoch: 1565 lr: 0.01 train_loss: 78946.9844 train_distortion: 0.3354 train_mapscore: 0.0903 train_c: -0.9832 train_max_dist: 26.0022 train_imax: 14.4307 train_imin: -21.7238 time: 3.8239s
INFO:root:Epoch: 1570 lr: 0.01 train_loss: 78509.6875 train_distortion: 0.3347 train_mapscore: 0.1009 train_c: -0.9831 train_max_dist: 26.1390 train_imax: 14.3616 train_imin: -22.2848 time: 3.8241s
INFO:root:Epoch: 1575 lr: 0.01 train_loss: 77872.7734 train_distortion: 0.3337 train_mapscore: 0.1148 train_c: -0.9831 train_max_dist: 26.2626 train_imax: 14.3643 train_imin: -22.5720 time: 3.8198s
INFO:root:Epoch: 1580 lr: 0.01 train_loss: 77234.4062 train_distortion: 0.3321 train_mapscore: 0.1314 train_c: -0.9830 train_max_dist: 26.3975 train_imax: 14.4541 train_imin: -22.7966 time: 3.8483s
INFO:root:Epoch: 1585 lr: 0.01 train_loss: 76582.1172 train_distortion: 0.3299 train_mapscore: 0.1495 train_c: -0.9829 train_max_dist: 26.5615 train_imax: 14.6120 train_imin: -23.0414 time: 3.8168s
INFO:root:Epoch: 1590 lr: 0.01 train_loss: 75998.1562 train_distortion: 0.3276 train_mapscore: 0.1756 train_c: -0.9828 train_max_dist: 26.7394 train_imax: 14.8006 train_imin: -23.3045 time: 3.8157s
INFO:root:Epoch: 1595 lr: 0.01 train_loss: 75425.0547 train_distortion: 0.3251 train_mapscore: 0.1905 train_c: -0.9827 train_max_dist: 26.9295 train_imax: 15.0136 train_imin: -23.6076 time: 3.7902s
INFO:root:Epoch: 1600 lr: 0.01 train_loss: 74880.5938 train_distortion: 0.3224 train_mapscore: 0.2160 train_c: -0.9826 train_max_dist: 27.1437 train_imax: 15.2798 train_imin: -23.9860 time: 3.7869s
INFO:root:Epoch: 1605 lr: 0.01 train_loss: 74318.3047 train_distortion: 0.3197 train_mapscore: 0.2374 train_c: -0.9825 train_max_dist: 27.3860 train_imax: 15.5678 train_imin: -24.4081 time: 3.7835s
INFO:root:Epoch: 1610 lr: 0.01 train_loss: 73792.0156 train_distortion: 0.3170 train_mapscore: 0.2653 train_c: -0.9824 train_max_dist: 27.6520 train_imax: 15.9166 train_imin: -24.8889 time: 3.7563s
INFO:root:Epoch: 1615 lr: 0.01 train_loss: 73276.7969 train_distortion: 0.3144 train_mapscore: 0.2862 train_c: -0.9823 train_max_dist: 27.9377 train_imax: 16.3330 train_imin: -25.4453 time: 3.7495s
INFO:root:Epoch: 1620 lr: 0.01 train_loss: 72759.8125 train_distortion: 0.3121 train_mapscore: 0.3051 train_c: -0.9822 train_max_dist: 28.2205 train_imax: 16.8088 train_imin: -26.0112 time: 3.8000s
INFO:root:Epoch: 1625 lr: 0.01 train_loss: 72297.1875 train_distortion: 0.3101 train_mapscore: 0.3136 train_c: -0.9821 train_max_dist: 28.4984 train_imax: 17.2884 train_imin: -26.5732 time: 3.7731s
INFO:root:Epoch: 1630 lr: 0.01 train_loss: 71818.2344 train_distortion: 0.3085 train_mapscore: 0.3351 train_c: -0.9820 train_max_dist: 28.7951 train_imax: 17.7986 train_imin: -27.1520 time: 3.7291s
INFO:root:Epoch: 1635 lr: 0.01 train_loss: 71334.4062 train_distortion: 0.3071 train_mapscore: 0.3460 train_c: -0.9819 train_max_dist: 32.0000 train_imax: 18.2610 train_imin: -27.6931 time: 3.7240s
INFO:root:Epoch: 1640 lr: 0.01 train_loss: 70837.8906 train_distortion: 0.3061 train_mapscore: 0.3679 train_c: -0.9818 train_max_dist: 29.3964 train_imax: 18.7372 train_imin: -28.3044 time: 3.7413s
INFO:root:Epoch: 1645 lr: 0.01 train_loss: 70374.0703 train_distortion: 0.3054 train_mapscore: 0.3749 train_c: -0.9818 train_max_dist: 29.7124 train_imax: 19.1768 train_imin: -28.9062 time: 3.7221s
INFO:root:Epoch: 1650 lr: 0.01 train_loss: 69922.9453 train_distortion: 0.3050 train_mapscore: 0.3769 train_c: -0.9817 train_max_dist: 30.0186 train_imax: 19.6577 train_imin: -29.5090 time: 3.7197s
INFO:root:Epoch: 1655 lr: 0.01 train_loss: 69575.7578 train_distortion: 0.3051 train_mapscore: 0.3486 train_c: -0.9816 train_max_dist: 30.3244 train_imax: 20.1161 train_imin: -30.2010 time: 3.7399s
INFO:root:Epoch: 1660 lr: 0.01 train_loss: 69162.0469 train_distortion: 0.3055 train_mapscore: 0.3578 train_c: -0.9815 train_max_dist: 30.6258 train_imax: 20.6147 train_imin: -30.9397 time: 3.7363s
INFO:root:Epoch: 1665 lr: 0.01 train_loss: 68628.6094 train_distortion: 0.3064 train_mapscore: 0.3903 train_c: -0.9814 train_max_dist: 30.9492 train_imax: 21.1791 train_imin: -31.6887 time: 3.7625s
INFO:root:Epoch: 1670 lr: 0.01 train_loss: 68113.4688 train_distortion: 0.3077 train_mapscore: 0.4090 train_c: -0.9813 train_max_dist: 32.0000 train_imax: 21.7128 train_imin: -32.5365 time: 3.7691s
INFO:root:Epoch: 1675 lr: 0.01 train_loss: 67620.9531 train_distortion: 0.3095 train_mapscore: 0.4210 train_c: -0.9812 train_max_dist: 31.6336 train_imax: 22.2786 train_imin: -33.4023 time: 3.7211s
INFO:root:Epoch: 1680 lr: 0.01 train_loss: 67064.2500 train_distortion: 0.3119 train_mapscore: 0.4402 train_c: -0.9811 train_max_dist: 31.9989 train_imax: 22.8980 train_imin: -34.3453 time: 3.7281s
INFO:root:Epoch: 1685 lr: 0.01 train_loss: 67307.0312 train_distortion: 0.3149 train_mapscore: 0.2966 train_c: -0.9810 train_max_dist: 32.3753 train_imax: 23.5061 train_imin: -35.4062 time: 3.7167s
INFO:root:Epoch: 1690 lr: 0.01 train_loss: 67446.9375 train_distortion: 0.3179 train_mapscore: 0.2786 train_c: -0.9809 train_max_dist: 32.6886 train_imax: 23.9651 train_imin: -36.2879 time: 3.7148s
INFO:root:Epoch: 1695 lr: 0.01 train_loss: 67116.2344 train_distortion: 0.3212 train_mapscore: 0.2652 train_c: -0.9808 train_max_dist: 32.9966 train_imax: 24.6338 train_imin: -37.1643 time: 3.7202s
INFO:root:Epoch: 1700 lr: 0.01 train_loss: 67084.4062 train_distortion: 0.3240 train_mapscore: 0.2508 train_c: -0.9808 train_max_dist: 33.2729 train_imax: 25.3784 train_imin: -37.7463 time: 3.7109s
INFO:root:Epoch: 1705 lr: 0.01 train_loss: 66300.9922 train_distortion: 0.3275 train_mapscore: 0.2888 train_c: -0.9807 train_max_dist: 33.5498 train_imax: 26.1139 train_imin: -38.3985 time: 3.7091s
INFO:root:Epoch: 1710 lr: 0.01 train_loss: 65489.8438 train_distortion: 0.3316 train_mapscore: 0.3226 train_c: -0.9806 train_max_dist: 33.8129 train_imax: 26.8502 train_imin: -39.1416 time: 3.7275s
INFO:root:Epoch: 1715 lr: 0.01 train_loss: 64758.5781 train_distortion: 0.3361 train_mapscore: 0.3547 train_c: -0.9805 train_max_dist: 34.0918 train_imax: 27.7077 train_imin: -40.5541 time: 3.6945s
INFO:root:Epoch: 1720 lr: 0.01 train_loss: 64131.8594 train_distortion: 0.3419 train_mapscore: 0.3699 train_c: -0.9804 train_max_dist: 40.0000 train_imax: 28.6324 train_imin: -42.1784 time: 3.6836s
INFO:root:Epoch: 1725 lr: 0.01 train_loss: 63512.2188 train_distortion: 0.3486 train_mapscore: 0.4075 train_c: -0.9803 train_max_dist: 40.0000 train_imax: 29.7038 train_imin: -43.7262 time: 3.6817s
INFO:root:Epoch: 1730 lr: 0.01 train_loss: 62853.7344 train_distortion: 0.3562 train_mapscore: 0.4288 train_c: -0.9802 train_max_dist: 35.1875 train_imax: 30.8262 train_imin: -45.2471 time: 3.6971s
INFO:root:Epoch: 1735 lr: 0.01 train_loss: 62794.3477 train_distortion: 0.3655 train_mapscore: 0.3696 train_c: -0.9801 train_max_dist: 35.5886 train_imax: 32.0808 train_imin: -46.8191 time: 3.6772s
INFO:root:Epoch: 1740 lr: 0.01 train_loss: 62134.8867 train_distortion: 0.3764 train_mapscore: 0.3946 train_c: -0.9799 train_max_dist: 36.0181 train_imax: 33.4547 train_imin: -48.6238 time: 3.6622s
INFO:root:Epoch: 1745 lr: 0.01 train_loss: 61338.2930 train_distortion: 0.3882 train_mapscore: 0.4322 train_c: -0.9798 train_max_dist: 36.4681 train_imax: 34.9106 train_imin: -50.2930 time: 3.6542s
INFO:root:Epoch: 1750 lr: 0.01 train_loss: 60933.0781 train_distortion: 0.4011 train_mapscore: 0.4163 train_c: -0.9797 train_max_dist: 36.9347 train_imax: 36.4407 train_imin: -51.9638 time: 3.6794s
INFO:root:Epoch: 1755 lr: 0.01 train_loss: 60194.2109 train_distortion: 0.4148 train_mapscore: 0.4465 train_c: -0.9796 train_max_dist: 37.4004 train_imax: 38.4033 train_imin: -53.6864 time: 3.6594s
INFO:root:Epoch: 1760 lr: 0.01 train_loss: 59412.0156 train_distortion: 0.4306 train_mapscore: 0.4846 train_c: -0.9795 train_max_dist: 37.8982 train_imax: 40.3768 train_imin: -55.7175 time: 3.6446s
INFO:root:Epoch: 1765 lr: 0.01 train_loss: 58652.7422 train_distortion: 0.4485 train_mapscore: 0.5048 train_c: -0.9793 train_max_dist: 38.4264 train_imax: 42.3388 train_imin: -57.9884 time: 3.6562s
INFO:root:Epoch: 1770 lr: 0.01 train_loss: 57979.1875 train_distortion: 0.4678 train_mapscore: 0.5300 train_c: -0.9792 train_max_dist: 38.9691 train_imax: 44.2443 train_imin: -60.2823 time: 3.6513s
INFO:root:Epoch: 1775 lr: 0.01 train_loss: 57189.3672 train_distortion: 0.4899 train_mapscore: 0.5507 train_c: -0.9791 train_max_dist: 39.5490 train_imax: 46.4585 train_imin: -62.8684 time: 3.6392s
INFO:root:Epoch: 1780 lr: 0.01 train_loss: 56499.3281 train_distortion: 0.5145 train_mapscore: 0.5614 train_c: -0.9790 train_max_dist: 48.0000 train_imax: 48.7731 train_imin: -65.8023 time: 3.6743s
INFO:root:Epoch: 1785 lr: 0.01 train_loss: 55767.2578 train_distortion: 0.5415 train_mapscore: 0.5781 train_c: -0.9788 train_max_dist: 40.7781 train_imax: 51.4508 train_imin: -69.0766 time: 3.6696s
INFO:root:Epoch: 1790 lr: 0.01 train_loss: 55108.9531 train_distortion: 0.5720 train_mapscore: 0.5834 train_c: -0.9787 train_max_dist: 41.4458 train_imax: 54.4981 train_imin: -72.7334 time: 3.6938s
INFO:root:Epoch: 1795 lr: 0.01 train_loss: 54475.2031 train_distortion: 0.6042 train_mapscore: 0.5783 train_c: -0.9786 train_max_dist: 42.1195 train_imax: 57.6396 train_imin: -76.6493 time: 3.6986s
INFO:root:Epoch: 1800 lr: 0.01 train_loss: 54410.4531 train_distortion: 0.6376 train_mapscore: 0.5411 train_c: -0.9784 train_max_dist: 48.0000 train_imax: 60.9820 train_imin: -80.4802 time: 3.6614s
INFO:root:Epoch: 1805 lr: 0.01 train_loss: 54374.9062 train_distortion: 0.6723 train_mapscore: 0.5160 train_c: -0.9783 train_max_dist: 43.4081 train_imax: 64.3338 train_imin: -84.4238 time: 3.6508s
INFO:root:Epoch: 1810 lr: 0.01 train_loss: 53675.8711 train_distortion: 0.7076 train_mapscore: 0.5425 train_c: -0.9782 train_max_dist: 48.0000 train_imax: 67.4800 train_imin: -88.2871 time: 3.6580s
INFO:root:Epoch: 1815 lr: 0.01 train_loss: 53794.1211 train_distortion: 0.7444 train_mapscore: 0.5048 train_c: -0.9780 train_max_dist: 44.6968 train_imax: 70.6784 train_imin: -92.4020 time: 3.6512s
INFO:root:Epoch: 1820 lr: 0.01 train_loss: 53193.7305 train_distortion: 0.7829 train_mapscore: 0.5244 train_c: -0.9779 train_max_dist: 50.0000 train_imax: 74.0638 train_imin: -96.8138 time: 3.6363s
INFO:root:Epoch: 1825 lr: 0.01 train_loss: 53189.6680 train_distortion: 0.8249 train_mapscore: 0.4988 train_c: -0.9778 train_max_dist: 50.0000 train_imax: 77.7771 train_imin: -101.3660 time: 3.6401s
INFO:root:Epoch: 1830 lr: 0.01 train_loss: 54109.2734 train_distortion: 0.8650 train_mapscore: 0.4472 train_c: -0.9776 train_max_dist: 50.0000 train_imax: 81.6045 train_imin: -105.6541 time: 3.6688s
INFO:root:Epoch: 1835 lr: 0.01 train_loss: 53650.2422 train_distortion: 0.8961 train_mapscore: 0.4513 train_c: -0.9775 train_max_dist: 46.8697 train_imax: 84.7025 train_imin: -109.1129 time: 3.6954s
INFO:root:Epoch: 1840 lr: 0.01 train_loss: 52588.0703 train_distortion: 0.9265 train_mapscore: 0.4885 train_c: -0.9774 train_max_dist: 47.2572 train_imax: 87.6045 train_imin: -112.7922 time: 3.6489s
INFO:root:Epoch: 1845 lr: 0.01 train_loss: 51452.5977 train_distortion: 0.9601 train_mapscore: 0.5265 train_c: -0.9772 train_max_dist: 47.6945 train_imax: 90.3939 train_imin: -116.1355 time: 3.6457s
INFO:root:Epoch: 1850 lr: 0.01 train_loss: 50462.5352 train_distortion: 1.0021 train_mapscore: 0.5562 train_c: -0.9771 train_max_dist: 48.2079 train_imax: 93.8989 train_imin: -120.9579 time: 3.6249s
INFO:root:Epoch: 1855 lr: 0.01 train_loss: 50013.0391 train_distortion: 1.0495 train_mapscore: 0.5593 train_c: -0.9769 train_max_dist: 48.8160 train_imax: 98.3746 train_imin: -126.0830 time: 3.6233s
INFO:root:Epoch: 1860 lr: 0.01 train_loss: 50410.6562 train_distortion: 1.1030 train_mapscore: 0.5342 train_c: -0.9768 train_max_dist: 49.4310 train_imax: 102.9089 train_imin: -132.0047 time: 3.6252s
INFO:root:Epoch: 1865 lr: 0.01 train_loss: 50677.7422 train_distortion: 1.1487 train_mapscore: 0.5179 train_c: -0.9766 train_max_dist: 50.0000 train_imax: 106.5274 train_imin: -136.4917 time: 3.6257s
INFO:root:Epoch: 1870 lr: 0.01 train_loss: 50846.0781 train_distortion: 1.1914 train_mapscore: 0.5063 train_c: -0.9765 train_max_dist: 50.0000 train_imax: 110.6707 train_imin: -140.9658 time: 3.6342s
INFO:root:Epoch: 1875 lr: 0.01 train_loss: 71279.5000 train_distortion: 1.2300 train_mapscore: 0.1939 train_c: -0.9764 train_max_dist: 50.0000 train_imax: 114.4544 train_imin: -141.3027 time: 3.7050s
INFO:root:Epoch: 1880 lr: 0.01 train_loss: 78834.6094 train_distortion: 1.1216 train_mapscore: 0.1518 train_c: -0.9765 train_max_dist: 49.6376 train_imax: 107.9529 train_imin: -139.2562 time: 3.7316s
INFO:root:Epoch: 1885 lr: 0.01 train_loss: 77262.5469 train_distortion: 0.9464 train_mapscore: 0.1499 train_c: -0.9764 train_max_dist: 47.4833 train_imax: 93.9814 train_imin: -126.4034 time: 3.7302s
INFO:root:Epoch: 1890 lr: 0.01 train_loss: 72375.6641 train_distortion: 0.7831 train_mapscore: 0.1754 train_c: -0.9764 train_max_dist: 45.2781 train_imax: 80.0779 train_imin: -134.1786 time: 3.7191s
INFO:root:Epoch: 1895 lr: 0.01 train_loss: 68488.0234 train_distortion: 0.6667 train_mapscore: 0.1934 train_c: -0.9763 train_max_dist: 43.3522 train_imax: 69.7193 train_imin: -121.8948 time: 3.7011s
INFO:root:Epoch: 1900 lr: 0.01 train_loss: 65930.1250 train_distortion: 0.5896 train_mapscore: 0.2178 train_c: -0.9762 train_max_dist: 41.9830 train_imax: 62.4478 train_imin: -109.4004 time: 3.7028s
INFO:root:Epoch: 1905 lr: 0.01 train_loss: 63492.4219 train_distortion: 0.5452 train_mapscore: 0.2574 train_c: -0.9762 train_max_dist: 41.1000 train_imax: 57.9909 train_imin: -99.9888 time: 3.6901s
INFO:root:Epoch: 1910 lr: 0.01 train_loss: 61616.5898 train_distortion: 0.5244 train_mapscore: 0.2925 train_c: -0.9761 train_max_dist: 40.6048 train_imax: 55.7337 train_imin: -94.9305 time: 3.6776s
INFO:root:Epoch: 1915 lr: 0.01 train_loss: 60191.0117 train_distortion: 0.5179 train_mapscore: 0.3277 train_c: -0.9760 train_max_dist: 40.4767 train_imax: 54.9200 train_imin: -92.4002 time: 3.6891s
INFO:root:Epoch: 1920 lr: 0.01 train_loss: 58697.9062 train_distortion: 0.5209 train_mapscore: 0.3695 train_c: -0.9759 train_max_dist: 40.6171 train_imax: 54.8529 train_imin: -92.2311 time: 3.6872s
INFO:root:Epoch: 1925 lr: 0.01 train_loss: 57365.6797 train_distortion: 0.5342 train_mapscore: 0.4210 train_c: -0.9757 train_max_dist: 40.9621 train_imax: 55.8147 train_imin: -94.1350 time: 3.6366s
INFO:root:Epoch: 1930 lr: 0.01 train_loss: 56390.2812 train_distortion: 0.5541 train_mapscore: 0.4402 train_c: -0.9756 train_max_dist: 50.0000 train_imax: 57.6800 train_imin: -97.0904 time: 3.6236s
INFO:root:Epoch: 1935 lr: 0.01 train_loss: 55394.2422 train_distortion: 0.5800 train_mapscore: 0.4788 train_c: -0.9755 train_max_dist: 41.9622 train_imax: 60.3903 train_imin: -101.1936 time: 3.6404s
INFO:root:Epoch: 1940 lr: 0.01 train_loss: 54415.2852 train_distortion: 0.6119 train_mapscore: 0.5037 train_c: -0.9753 train_max_dist: 42.5694 train_imax: 63.6277 train_imin: -106.2370 time: 3.6320s
INFO:root:Epoch: 1945 lr: 0.01 train_loss: 53869.8750 train_distortion: 0.6477 train_mapscore: 0.4981 train_c: -0.9752 train_max_dist: 43.2450 train_imax: 66.9427 train_imin: -111.3783 time: 3.6268s
INFO:root:Epoch: 1950 lr: 0.01 train_loss: 52701.2266 train_distortion: 0.6878 train_mapscore: 0.5404 train_c: -0.9751 train_max_dist: 43.9518 train_imax: 70.5455 train_imin: -117.1167 time: 3.6379s
INFO:root:Epoch: 1955 lr: 0.01 train_loss: 51780.7422 train_distortion: 0.7309 train_mapscore: 0.5581 train_c: -0.9749 train_max_dist: 44.7055 train_imax: 74.5386 train_imin: -123.9607 time: 3.6313s
INFO:root:Epoch: 1960 lr: 0.01 train_loss: 50885.8906 train_distortion: 0.7791 train_mapscore: 0.5653 train_c: -0.9748 train_max_dist: 45.4787 train_imax: 79.0025 train_imin: -131.1645 time: 3.6556s
INFO:root:Epoch: 1965 lr: 0.01 train_loss: 82779.1016 train_distortion: 0.8025 train_mapscore: 0.1027 train_c: -0.9748 train_max_dist: 45.2814 train_imax: 83.2128 train_imin: -136.0112 time: 3.7526s
INFO:root:Epoch: 1970 lr: 0.01 train_loss: 127343.2969 train_distortion: 0.6688 train_mapscore: 0.0364 train_c: -0.9752 train_max_dist: 42.9921 train_imax: 76.6330 train_imin: -116.5975 time: 4.1102s
INFO:root:Epoch: 1975 lr: 0.01 train_loss: 129545.7344 train_distortion: 0.5064 train_mapscore: 0.0294 train_c: -0.9754 train_max_dist: 39.8444 train_imax: 61.1085 train_imin: -88.4356 time: 4.3123s
INFO:root:Epoch: 1980 lr: 0.01 train_loss: 121678.7500 train_distortion: 0.3902 train_mapscore: 0.0279 train_c: -0.9754 train_max_dist: 36.1740 train_imax: 45.3973 train_imin: -62.4689 time: 4.3933s
INFO:root:Epoch: 1985 lr: 0.01 train_loss: 112204.9219 train_distortion: 0.3418 train_mapscore: 0.0269 train_c: -0.9754 train_max_dist: 32.3937 train_imax: 32.0938 train_imin: -41.3783 time: 4.4112s
INFO:root:Epoch: 1990 lr: 0.01 train_loss: 104697.7812 train_distortion: 0.3590 train_mapscore: 0.0223 train_c: -0.9754 train_max_dist: 28.5076 train_imax: 21.6213 train_imin: -25.8623 time: 4.4450s
INFO:root:Epoch: 1995 lr: 0.01 train_loss: 100389.9141 train_distortion: 0.4130 train_mapscore: 0.0215 train_c: -0.9755 train_max_dist: 25.3958 train_imax: 15.3267 train_imin: -17.1661 time: 4.4272s
INFO:root:Epoch: 2000 lr: 0.0025 train_loss: 98604.5781 train_distortion: 0.4720 train_mapscore: 0.0205 train_c: -0.9755 train_max_dist: 23.0538 train_imax: 11.8682 train_imin: -12.4851 time: 4.4229s
INFO:root:Optimization Finished!
INFO:root:Total time elapsed: 7587.9843s
INFO:root:Val set results: val_distortion: 1.0000 val_mapscore: -1.0000 val_c: -1.0000 val_max_dist: 0.0000
INFO:root:Test set results: test_loss: 98380.3750 test_distortion: 0.4827 test_mapscore: 0.0209 test_c: -0.9756 test_max_dist: 22.6649 test_imax: 11.3860 test_imin: -11.8245
INFO:root:Saved model in /workspace/xiongbo/hgcn/logs/md/2021_5_22/5
