INFO:root:Using: cuda:0
INFO:root:Using seed 1234.
INFO:root:MDModel(
  (encoder): HGCN(
    (layers): Sequential(
      (0): HyperbolicGraphConvolution(
        (linear): HypLinear(
          in_features=4942, out_features=10, c=Parameter containing:
          tensor([-1.], requires_grad=True)
        )
        (agg): HypAgg(
          c=Parameter containing:
          tensor([-1.], requires_grad=True)
        )
        (hyp_act): HypAct(
          c_in=Parameter containing:
          tensor([-1.], requires_grad=True), c_out=Parameter containing:
          tensor([-1.], requires_grad=True)
        )
      )
    )
  )
  (decoder): MDDecoder()
)
INFO:root:Total number of parameters: 49432
/workspace/anaconda3/envs/geo/lib/python3.7/site-packages/torch/optim/lr_scheduler.py:370: UserWarning: To get the last learning rate computed by the scheduler, please use `get_last_lr()`.
  "please use `get_last_lr()`.", UserWarning)
INFO:root:Epoch: 0005 lr: 0.001 train_loss: 109408.1406 train_distortion: 0.9186 train_mapscore: 0.0156 train_c: -1.0004 train_max_dist: 1.7821 train_imax: -0.0000 train_imin: -1.5419 time: 4.4925s
INFO:root:Epoch: 0010 lr: 0.001 train_loss: 107860.2422 train_distortion: 0.9083 train_mapscore: 0.0388 train_c: -1.0009 train_max_dist: 1.9738 train_imax: -0.0000 train_imin: -1.6063 time: 4.0005s
INFO:root:Epoch: 0015 lr: 0.001 train_loss: 106432.4688 train_distortion: 0.8987 train_mapscore: 0.0739 train_c: -1.0014 train_max_dist: 2.0902 train_imax: -0.0000 train_imin: -1.6414 time: 3.6552s
INFO:root:Epoch: 0020 lr: 0.001 train_loss: 105153.6172 train_distortion: 0.8903 train_mapscore: 0.1158 train_c: -1.0020 train_max_dist: 2.2220 train_imax: -0.0000 train_imin: -1.6894 time: 3.4664s
INFO:root:Epoch: 0025 lr: 0.001 train_loss: 104009.5938 train_distortion: 0.8828 train_mapscore: 0.1607 train_c: -1.0026 train_max_dist: 2.4950 train_imax: -0.0000 train_imin: -1.7951 time: 3.3410s
INFO:root:Epoch: 0030 lr: 0.001 train_loss: 102976.1484 train_distortion: 0.8761 train_mapscore: 0.2051 train_c: -1.0031 train_max_dist: 2.7011 train_imax: -0.0000 train_imin: -1.8673 time: 3.2349s
INFO:root:Epoch: 0035 lr: 0.001 train_loss: 102030.2734 train_distortion: 0.8700 train_mapscore: 0.2435 train_c: -1.0038 train_max_dist: 2.8396 train_imax: -0.0000 train_imin: -1.9169 time: 3.1769s
INFO:root:Epoch: 0040 lr: 0.001 train_loss: 101154.7812 train_distortion: 0.8643 train_mapscore: 0.2777 train_c: -1.0044 train_max_dist: 2.9260 train_imax: -0.0000 train_imin: -1.9686 time: 3.1271s
INFO:root:Epoch: 0045 lr: 0.001 train_loss: 100336.4609 train_distortion: 0.8588 train_mapscore: 0.3078 train_c: -1.0050 train_max_dist: 3.1155 train_imax: -0.0000 train_imin: -2.0264 time: 3.0833s
INFO:root:Epoch: 0050 lr: 0.001 train_loss: 99565.6875 train_distortion: 0.8535 train_mapscore: 0.3316 train_c: -1.0057 train_max_dist: 3.3321 train_imax: -0.0000 train_imin: -2.0672 time: 3.0471s
INFO:root:Epoch: 0055 lr: 0.001 train_loss: 98834.9062 train_distortion: 0.8483 train_mapscore: 0.3534 train_c: -1.0063 train_max_dist: 3.5295 train_imax: -0.0000 train_imin: -2.1005 time: 3.0257s
INFO:root:Epoch: 0060 lr: 0.001 train_loss: 98135.5547 train_distortion: 0.8433 train_mapscore: 0.3694 train_c: -1.0070 train_max_dist: 3.7139 train_imax: -0.0000 train_imin: -2.1206 time: 2.9747s
INFO:root:Epoch: 0065 lr: 0.001 train_loss: 97459.5703 train_distortion: 0.8382 train_mapscore: 0.3827 train_c: -1.0077 train_max_dist: 3.8875 train_imax: -0.0000 train_imin: -2.1363 time: 2.9560s
INFO:root:Epoch: 0070 lr: 0.001 train_loss: 96803.8047 train_distortion: 0.8333 train_mapscore: 0.3927 train_c: -1.0083 train_max_dist: 4.0539 train_imax: -0.0000 train_imin: -2.1993 time: 2.9333s
INFO:root:Epoch: 0075 lr: 0.001 train_loss: 96165.3594 train_distortion: 0.8283 train_mapscore: 0.4027 train_c: -1.0090 train_max_dist: 4.2035 train_imax: -0.0000 train_imin: -2.2552 time: 2.9220s
INFO:root:Epoch: 0080 lr: 0.001 train_loss: 95538.8750 train_distortion: 0.8234 train_mapscore: 0.4110 train_c: -1.0097 train_max_dist: 4.3336 train_imax: -0.0000 train_imin: -2.2995 time: 2.9204s
INFO:root:Epoch: 0085 lr: 0.001 train_loss: 94924.9922 train_distortion: 0.8184 train_mapscore: 0.4188 train_c: -1.0104 train_max_dist: 4.4625 train_imax: -0.0000 train_imin: -2.3319 time: 2.9247s
INFO:root:Epoch: 0090 lr: 0.001 train_loss: 94319.0469 train_distortion: 0.8135 train_mapscore: 0.4246 train_c: -1.0111 train_max_dist: 4.6367 train_imax: -0.0000 train_imin: -2.3517 time: 2.8978s
INFO:root:Epoch: 0095 lr: 0.001 train_loss: 93717.2422 train_distortion: 0.8086 train_mapscore: 0.4332 train_c: -1.0118 train_max_dist: 4.8050 train_imax: -0.0000 train_imin: -2.3581 time: 2.9632s
INFO:root:Epoch: 0100 lr: 0.001 train_loss: 93120.6641 train_distortion: 0.8036 train_mapscore: 0.4427 train_c: -1.0125 train_max_dist: 4.9725 train_imax: -0.0000 train_imin: -2.4119 time: 2.9061s
INFO:root:Epoch: 0105 lr: 0.001 train_loss: 92527.0781 train_distortion: 0.7987 train_mapscore: 0.4535 train_c: -1.0132 train_max_dist: 5.1684 train_imax: -0.0000 train_imin: -2.4878 time: 2.9010s
INFO:root:Epoch: 0110 lr: 0.001 train_loss: 91935.9219 train_distortion: 0.7937 train_mapscore: 0.4620 train_c: -1.0139 train_max_dist: 5.3633 train_imax: -0.0000 train_imin: -2.5804 time: 2.8867s
INFO:root:Epoch: 0115 lr: 0.001 train_loss: 91344.5156 train_distortion: 0.7888 train_mapscore: 0.4755 train_c: -1.0146 train_max_dist: 5.5492 train_imax: -0.0000 train_imin: -2.6594 time: 2.9184s
INFO:root:Epoch: 0120 lr: 0.001 train_loss: 90751.9844 train_distortion: 0.7838 train_mapscore: 0.4891 train_c: -1.0153 train_max_dist: 5.7168 train_imax: -0.0000 train_imin: -2.7247 time: 2.8952s
INFO:root:Epoch: 0125 lr: 0.001 train_loss: 90157.1250 train_distortion: 0.7787 train_mapscore: 0.4992 train_c: -1.0161 train_max_dist: 5.8700 train_imax: -0.0000 train_imin: -2.7889 time: 2.8705s
INFO:root:Epoch: 0130 lr: 0.001 train_loss: 89556.7969 train_distortion: 0.7737 train_mapscore: 0.5111 train_c: -1.0168 train_max_dist: 6.0122 train_imax: -0.0000 train_imin: -2.8266 time: 2.8801s
INFO:root:Epoch: 0135 lr: 0.001 train_loss: 88950.1875 train_distortion: 0.7685 train_mapscore: 0.5236 train_c: -1.0175 train_max_dist: 6.1532 train_imax: -0.0000 train_imin: -2.8482 time: 2.8839s
INFO:root:Epoch: 0140 lr: 0.001 train_loss: 88334.3672 train_distortion: 0.7633 train_mapscore: 0.5346 train_c: -1.0182 train_max_dist: 6.3039 train_imax: -0.0000 train_imin: -2.8508 time: 2.8800s
INFO:root:Epoch: 0145 lr: 0.001 train_loss: 87708.5156 train_distortion: 0.7579 train_mapscore: 0.5455 train_c: -1.0189 train_max_dist: 6.4568 train_imax: -0.0000 train_imin: -2.8341 time: 2.8654s
INFO:root:Epoch: 0150 lr: 0.001 train_loss: 87070.1016 train_distortion: 0.7525 train_mapscore: 0.5570 train_c: -1.0196 train_max_dist: 6.6083 train_imax: -0.0000 train_imin: -2.7877 time: 2.8545s
INFO:root:Epoch: 0155 lr: 0.001 train_loss: 86417.0078 train_distortion: 0.7469 train_mapscore: 0.5683 train_c: -1.0203 train_max_dist: 6.7748 train_imax: -0.0000 train_imin: -2.7060 time: 2.8542s
INFO:root:Epoch: 0160 lr: 0.001 train_loss: 85748.3359 train_distortion: 0.7411 train_mapscore: 0.5792 train_c: -1.0211 train_max_dist: 6.9322 train_imax: -0.0000 train_imin: -2.6256 time: 2.8267s
INFO:root:Epoch: 0165 lr: 0.001 train_loss: 85061.6094 train_distortion: 0.7351 train_mapscore: 0.5883 train_c: -1.0218 train_max_dist: 7.0851 train_imax: -0.0000 train_imin: -2.5270 time: 2.8273s
INFO:root:Epoch: 0170 lr: 0.001 train_loss: 84354.5234 train_distortion: 0.7289 train_mapscore: 0.5968 train_c: -1.0225 train_max_dist: 7.2537 train_imax: -0.0000 train_imin: -2.4540 time: 2.8245s
INFO:root:Epoch: 0175 lr: 0.001 train_loss: 83626.3516 train_distortion: 0.7225 train_mapscore: 0.6048 train_c: -1.0232 train_max_dist: 7.4093 train_imax: -0.0000 train_imin: -2.4339 time: 2.8218s
INFO:root:Epoch: 0180 lr: 0.001 train_loss: 82875.0156 train_distortion: 0.7159 train_mapscore: 0.6104 train_c: -1.0240 train_max_dist: 7.5669 train_imax: -0.0000 train_imin: -2.4342 time: 2.8363s
INFO:root:Epoch: 0185 lr: 0.001 train_loss: 82100.5703 train_distortion: 0.7090 train_mapscore: 0.6151 train_c: -1.0247 train_max_dist: 7.7445 train_imax: -0.0000 train_imin: -2.4380 time: 2.8194s
INFO:root:Epoch: 0190 lr: 0.001 train_loss: 81298.5938 train_distortion: 0.7018 train_mapscore: 0.6204 train_c: -1.0254 train_max_dist: 7.9079 train_imax: -0.0000 train_imin: -2.4510 time: 2.8189s
INFO:root:Epoch: 0195 lr: 0.001 train_loss: 80472.4375 train_distortion: 0.6943 train_mapscore: 0.6235 train_c: -1.0262 train_max_dist: 8.0711 train_imax: -0.0000 train_imin: -2.4707 time: 2.8130s
INFO:root:Epoch: 0200 lr: 0.001 train_loss: 79616.7656 train_distortion: 0.6865 train_mapscore: 0.6283 train_c: -1.0269 train_max_dist: 8.2242 train_imax: -0.0000 train_imin: -2.4859 time: 2.7953s
INFO:root:Epoch: 0205 lr: 0.001 train_loss: 78732.6562 train_distortion: 0.6784 train_mapscore: 0.6307 train_c: -1.0277 train_max_dist: 8.4091 train_imax: -0.0000 train_imin: -2.4962 time: 2.8049s
INFO:root:Epoch: 0210 lr: 0.001 train_loss: 77820.9062 train_distortion: 0.6700 train_mapscore: 0.6345 train_c: -1.0284 train_max_dist: 8.6666 train_imax: -0.0000 train_imin: -2.5043 time: 2.8284s
INFO:root:Epoch: 0215 lr: 0.001 train_loss: 76878.1875 train_distortion: 0.6613 train_mapscore: 0.6366 train_c: -1.0292 train_max_dist: 8.9025 train_imax: -0.0000 train_imin: -2.5216 time: 2.8234s
INFO:root:Epoch: 0220 lr: 0.001 train_loss: 75907.8984 train_distortion: 0.6523 train_mapscore: 0.6390 train_c: -1.0299 train_max_dist: 9.1376 train_imax: -0.0000 train_imin: -2.5028 time: 2.8407s
INFO:root:Epoch: 0225 lr: 0.001 train_loss: 74907.5781 train_distortion: 0.6429 train_mapscore: 0.6406 train_c: -1.0307 train_max_dist: 9.3612 train_imax: -0.0000 train_imin: -2.5169 time: 2.8133s
INFO:root:Epoch: 0230 lr: 0.001 train_loss: 73880.1016 train_distortion: 0.6333 train_mapscore: 0.6429 train_c: -1.0314 train_max_dist: 9.5848 train_imax: -0.0000 train_imin: -2.5356 time: 2.8195s
INFO:root:Epoch: 0235 lr: 0.001 train_loss: 72822.4453 train_distortion: 0.6233 train_mapscore: 0.6458 train_c: -1.0322 train_max_dist: 9.8233 train_imax: -0.0000 train_imin: -2.5311 time: 2.8054s
INFO:root:Epoch: 0240 lr: 0.001 train_loss: 71736.7734 train_distortion: 0.6130 train_mapscore: 0.6483 train_c: -1.0329 train_max_dist: 10.0733 train_imax: -0.0000 train_imin: -2.5349 time: 2.8032s
INFO:root:Epoch: 0245 lr: 0.001 train_loss: 70622.7500 train_distortion: 0.6024 train_mapscore: 0.6520 train_c: -1.0337 train_max_dist: 10.3236 train_imax: -0.0000 train_imin: -2.5676 time: 2.7954s
INFO:root:Epoch: 0250 lr: 0.001 train_loss: 69482.4219 train_distortion: 0.5915 train_mapscore: 0.6547 train_c: -1.0345 train_max_dist: 10.5847 train_imax: -0.0000 train_imin: -2.5760 time: 2.7923s
INFO:root:Epoch: 0255 lr: 0.001 train_loss: 68317.2188 train_distortion: 0.5804 train_mapscore: 0.6592 train_c: -1.0352 train_max_dist: 10.8499 train_imax: -0.0000 train_imin: -2.5506 time: 2.7955s
INFO:root:Epoch: 0260 lr: 0.001 train_loss: 67125.6562 train_distortion: 0.5690 train_mapscore: 0.6628 train_c: -1.0360 train_max_dist: 11.1351 train_imax: -0.0000 train_imin: -2.5768 time: 2.8111s
INFO:root:Epoch: 0265 lr: 0.001 train_loss: 65911.1094 train_distortion: 0.5573 train_mapscore: 0.6687 train_c: -1.0368 train_max_dist: 11.4671 train_imax: -0.0000 train_imin: -2.6412 time: 2.8137s
INFO:root:Epoch: 0270 lr: 0.001 train_loss: 64673.8828 train_distortion: 0.5454 train_mapscore: 0.6728 train_c: -1.0376 train_max_dist: 11.7935 train_imax: -0.0000 train_imin: -2.6940 time: 2.8170s
INFO:root:Epoch: 0275 lr: 0.001 train_loss: 63414.6680 train_distortion: 0.5333 train_mapscore: 0.6760 train_c: -1.0383 train_max_dist: 12.1320 train_imax: -0.0000 train_imin: -2.6978 time: 2.8178s
INFO:root:Epoch: 0280 lr: 0.001 train_loss: 62137.1797 train_distortion: 0.5210 train_mapscore: 0.6834 train_c: -1.0391 train_max_dist: 12.4789 train_imax: -0.0000 train_imin: -2.7063 time: 2.8235s
INFO:root:Epoch: 0285 lr: 0.001 train_loss: 60839.1875 train_distortion: 0.5086 train_mapscore: 0.6877 train_c: -1.0399 train_max_dist: 12.8245 train_imax: -0.0000 train_imin: -2.6988 time: 2.8104s
INFO:root:Epoch: 0290 lr: 0.001 train_loss: 59524.3984 train_distortion: 0.4960 train_mapscore: 0.6937 train_c: -1.0407 train_max_dist: 13.1799 train_imax: -0.0000 train_imin: -2.7228 time: 2.8156s
INFO:root:Epoch: 0295 lr: 0.001 train_loss: 58196.2812 train_distortion: 0.4833 train_mapscore: 0.6994 train_c: -1.0415 train_max_dist: 13.5419 train_imax: -0.0000 train_imin: -2.7639 time: 2.7894s
INFO:root:Epoch: 0300 lr: 0.001 train_loss: 56855.6484 train_distortion: 0.4705 train_mapscore: 0.7039 train_c: -1.0422 train_max_dist: 13.9104 train_imax: -0.0000 train_imin: -2.8312 time: 2.7995s
INFO:root:Epoch: 0305 lr: 0.001 train_loss: 55501.3672 train_distortion: 0.4576 train_mapscore: 0.7109 train_c: -1.0430 train_max_dist: 14.2763 train_imax: -0.0000 train_imin: -2.9008 time: 2.7945s
INFO:root:Epoch: 0310 lr: 0.001 train_loss: 54140.0938 train_distortion: 0.4447 train_mapscore: 0.7167 train_c: -1.0438 train_max_dist: 14.6446 train_imax: -0.0000 train_imin: -2.9207 time: 2.7858s
INFO:root:Epoch: 0315 lr: 0.001 train_loss: 52773.7109 train_distortion: 0.4318 train_mapscore: 0.7229 train_c: -1.0446 train_max_dist: 15.0332 train_imax: -0.0000 train_imin: -2.9860 time: 2.7986s
INFO:root:Epoch: 0320 lr: 0.001 train_loss: 51405.4375 train_distortion: 0.4189 train_mapscore: 0.7289 train_c: -1.0453 train_max_dist: 15.4067 train_imax: -0.0000 train_imin: -3.0296 time: 2.7941s
INFO:root:Epoch: 0325 lr: 0.001 train_loss: 50034.4141 train_distortion: 0.4060 train_mapscore: 0.7356 train_c: -1.0461 train_max_dist: 15.7803 train_imax: -0.0000 train_imin: -3.1133 time: 2.7866s
INFO:root:Epoch: 0330 lr: 0.001 train_loss: 48669.3828 train_distortion: 0.3933 train_mapscore: 0.7423 train_c: -1.0469 train_max_dist: 16.1590 train_imax: -0.0000 train_imin: -3.1683 time: 2.8244s
INFO:root:Epoch: 0335 lr: 0.001 train_loss: 47309.4180 train_distortion: 0.3806 train_mapscore: 0.7500 train_c: -1.0476 train_max_dist: 16.5313 train_imax: -0.0000 train_imin: -3.2526 time: 2.7933s
INFO:root:Epoch: 0340 lr: 0.001 train_loss: 45958.9609 train_distortion: 0.3682 train_mapscore: 0.7568 train_c: -1.0484 train_max_dist: 16.9008 train_imax: -0.0000 train_imin: -3.3285 time: 2.8131s
INFO:root:Epoch: 0345 lr: 0.001 train_loss: 44623.3438 train_distortion: 0.3559 train_mapscore: 0.7643 train_c: -1.0491 train_max_dist: 17.2785 train_imax: -0.0000 train_imin: -3.4574 time: 2.8214s
INFO:root:Epoch: 0350 lr: 0.001 train_loss: 43302.5312 train_distortion: 0.3438 train_mapscore: 0.7702 train_c: -1.0499 train_max_dist: 17.6284 train_imax: -0.0000 train_imin: -3.5427 time: 2.8228s
INFO:root:Epoch: 0355 lr: 0.001 train_loss: 42001.8477 train_distortion: 0.3320 train_mapscore: 0.7763 train_c: -1.0506 train_max_dist: 17.9992 train_imax: -0.0000 train_imin: -3.6950 time: 2.8205s
INFO:root:Epoch: 0360 lr: 0.001 train_loss: 40727.1523 train_distortion: 0.3204 train_mapscore: 0.7830 train_c: -1.0514 train_max_dist: 18.3455 train_imax: -0.0000 train_imin: -3.7506 time: 2.8150s
INFO:root:Epoch: 0365 lr: 0.001 train_loss: 39479.1875 train_distortion: 0.3092 train_mapscore: 0.7893 train_c: -1.0521 train_max_dist: 18.6808 train_imax: -0.0000 train_imin: -3.8782 time: 2.8362s
INFO:root:Epoch: 0370 lr: 0.001 train_loss: 38265.0625 train_distortion: 0.2983 train_mapscore: 0.7957 train_c: -1.0528 train_max_dist: 19.0284 train_imax: -0.0000 train_imin: -3.9301 time: 2.8355s
INFO:root:Epoch: 0375 lr: 0.001 train_loss: 37087.8789 train_distortion: 0.2878 train_mapscore: 0.8029 train_c: -1.0535 train_max_dist: 19.3674 train_imax: -0.0000 train_imin: -4.0304 time: 2.8152s
INFO:root:Epoch: 0380 lr: 0.001 train_loss: 35950.7812 train_distortion: 0.2778 train_mapscore: 0.8087 train_c: -1.0542 train_max_dist: 19.6877 train_imax: -0.0000 train_imin: -4.1127 time: 2.8164s
INFO:root:Epoch: 0385 lr: 0.001 train_loss: 34861.1406 train_distortion: 0.2681 train_mapscore: 0.8149 train_c: -1.0549 train_max_dist: 20.0217 train_imax: -0.0000 train_imin: -4.2560 time: 2.8322s
INFO:root:Epoch: 0390 lr: 0.001 train_loss: 33819.7344 train_distortion: 0.2589 train_mapscore: 0.8212 train_c: -1.0556 train_max_dist: 20.3267 train_imax: -0.0000 train_imin: -4.3208 time: 2.8348s
INFO:root:Epoch: 0395 lr: 0.001 train_loss: 32830.8516 train_distortion: 0.2501 train_mapscore: 0.8266 train_c: -1.0562 train_max_dist: 20.6011 train_imax: -0.0000 train_imin: -4.4241 time: 2.8211s
INFO:root:Epoch: 0400 lr: 0.001 train_loss: 31897.3535 train_distortion: 0.2418 train_mapscore: 0.8315 train_c: -1.0569 train_max_dist: 20.8953 train_imax: -0.0000 train_imin: -4.5087 time: 2.8189s
INFO:root:Epoch: 0405 lr: 0.001 train_loss: 31020.9277 train_distortion: 0.2341 train_mapscore: 0.8361 train_c: -1.0575 train_max_dist: 21.1425 train_imax: -0.0000 train_imin: -4.6211 time: 2.8228s
INFO:root:Epoch: 0410 lr: 0.001 train_loss: 30203.3574 train_distortion: 0.2268 train_mapscore: 0.8401 train_c: -1.0581 train_max_dist: 21.1487 train_imax: -0.0000 train_imin: -4.6577 time: 2.8148s
INFO:root:Epoch: 0415 lr: 0.001 train_loss: 29445.6016 train_distortion: 0.2201 train_mapscore: 0.8449 train_c: -1.0587 train_max_dist: 21.3099 train_imax: -0.0000 train_imin: -4.7274 time: 2.8232s
INFO:root:Epoch: 0420 lr: 0.001 train_loss: 28745.4180 train_distortion: 0.2138 train_mapscore: 0.8485 train_c: -1.0593 train_max_dist: 21.5803 train_imax: -0.0000 train_imin: -4.7538 time: 2.8344s
INFO:root:Epoch: 0425 lr: 0.001 train_loss: 28103.8691 train_distortion: 0.2080 train_mapscore: 0.8526 train_c: -1.0598 train_max_dist: 21.7650 train_imax: -0.0000 train_imin: -4.8500 time: 2.8166s
INFO:root:Epoch: 0430 lr: 0.001 train_loss: 27516.9258 train_distortion: 0.2026 train_mapscore: 0.8558 train_c: -1.0603 train_max_dist: 21.9320 train_imax: -0.0000 train_imin: -5.0148 time: 2.8154s
INFO:root:Epoch: 0435 lr: 0.001 train_loss: 26982.5898 train_distortion: 0.1977 train_mapscore: 0.8590 train_c: -1.0609 train_max_dist: 22.0719 train_imax: -0.0000 train_imin: -5.1594 time: 2.8158s
INFO:root:Epoch: 0440 lr: 0.001 train_loss: 26499.2148 train_distortion: 0.1932 train_mapscore: 0.8608 train_c: -1.0613 train_max_dist: 22.0695 train_imax: -0.0000 train_imin: -5.2956 time: 2.8173s
INFO:root:Epoch: 0445 lr: 0.001 train_loss: 26060.2461 train_distortion: 0.1891 train_mapscore: 0.8635 train_c: -1.0618 train_max_dist: 22.1355 train_imax: -0.0000 train_imin: -5.5028 time: 2.8365s
INFO:root:Epoch: 0450 lr: 0.001 train_loss: 25663.3730 train_distortion: 0.1854 train_mapscore: 0.8661 train_c: -1.0623 train_max_dist: 22.3059 train_imax: -0.0000 train_imin: -5.6828 time: 2.8443s
INFO:root:Epoch: 0455 lr: 0.001 train_loss: 25304.0312 train_distortion: 0.1820 train_mapscore: 0.8683 train_c: -1.0627 train_max_dist: 22.4287 train_imax: -0.0000 train_imin: -5.8679 time: 2.8419s
INFO:root:Epoch: 0460 lr: 0.001 train_loss: 24979.0078 train_distortion: 0.1789 train_mapscore: 0.8706 train_c: -1.0631 train_max_dist: 22.5034 train_imax: -0.0000 train_imin: -5.9791 time: 2.8553s
INFO:root:Epoch: 0465 lr: 0.001 train_loss: 24682.1484 train_distortion: 0.1761 train_mapscore: 0.8739 train_c: -1.0635 train_max_dist: 22.5477 train_imax: -0.0000 train_imin: -6.1399 time: 2.8327s
INFO:root:Epoch: 0470 lr: 0.001 train_loss: 24412.6836 train_distortion: 0.1735 train_mapscore: 0.8755 train_c: -1.0639 train_max_dist: 22.7299 train_imax: -0.0000 train_imin: -6.2450 time: 2.8251s
INFO:root:Epoch: 0475 lr: 0.001 train_loss: 24167.6172 train_distortion: 0.1711 train_mapscore: 0.8775 train_c: -1.0642 train_max_dist: 22.9015 train_imax: -0.0000 train_imin: -6.3344 time: 2.8278s
INFO:root:Epoch: 0480 lr: 0.001 train_loss: 23944.8438 train_distortion: 0.1690 train_mapscore: 0.8790 train_c: -1.0646 train_max_dist: 23.0354 train_imax: -0.0000 train_imin: -6.2865 time: 2.8258s
INFO:root:Epoch: 0485 lr: 0.001 train_loss: 23740.7227 train_distortion: 0.1670 train_mapscore: 0.8808 train_c: -1.0649 train_max_dist: 23.0859 train_imax: -0.0000 train_imin: -6.1469 time: 2.8158s
INFO:root:Epoch: 0490 lr: 0.001 train_loss: 23550.8672 train_distortion: 0.1651 train_mapscore: 0.8825 train_c: -1.0652 train_max_dist: 22.9890 train_imax: -0.0000 train_imin: -5.7978 time: 2.8218s
INFO:root:Epoch: 0495 lr: 0.001 train_loss: 23376.7129 train_distortion: 0.1634 train_mapscore: 0.8837 train_c: -1.0655 train_max_dist: 22.9629 train_imax: -0.0000 train_imin: -5.3439 time: 2.8191s
INFO:root:Epoch: 0500 lr: 0.001 train_loss: 23214.0312 train_distortion: 0.1618 train_mapscore: 0.8854 train_c: -1.0658 train_max_dist: 23.1278 train_imax: -0.0000 train_imin: -4.9730 time: 2.8376s
INFO:root:Epoch: 0505 lr: 0.001 train_loss: 23064.2285 train_distortion: 0.1603 train_mapscore: 0.8866 train_c: -1.0661 train_max_dist: 23.2729 train_imax: -0.0000 train_imin: -4.7619 time: 2.8307s
INFO:root:Epoch: 0510 lr: 0.001 train_loss: 22925.2812 train_distortion: 0.1590 train_mapscore: 0.8882 train_c: -1.0664 train_max_dist: 23.4071 train_imax: -0.0000 train_imin: -4.6423 time: 2.8374s
INFO:root:Epoch: 0515 lr: 0.001 train_loss: 22793.8730 train_distortion: 0.1577 train_mapscore: 0.8893 train_c: -1.0667 train_max_dist: 23.5159 train_imax: -0.0000 train_imin: -4.6209 time: 2.8209s
INFO:root:Epoch: 0520 lr: 0.001 train_loss: 22670.6992 train_distortion: 0.1565 train_mapscore: 0.8902 train_c: -1.0670 train_max_dist: 23.5728 train_imax: -0.0000 train_imin: -4.5893 time: 2.8197s
INFO:root:Epoch: 0525 lr: 0.001 train_loss: 22556.2891 train_distortion: 0.1555 train_mapscore: 0.8923 train_c: -1.0672 train_max_dist: 23.5674 train_imax: -0.0000 train_imin: -4.5748 time: 2.8175s
INFO:root:Epoch: 0530 lr: 0.001 train_loss: 22447.2344 train_distortion: 0.1545 train_mapscore: 0.8933 train_c: -1.0675 train_max_dist: 23.4867 train_imax: -0.0000 train_imin: -4.5547 time: 2.8150s
INFO:root:Epoch: 0535 lr: 0.001 train_loss: 22343.8750 train_distortion: 0.1535 train_mapscore: 0.8946 train_c: -1.0677 train_max_dist: 23.5457 train_imax: -0.0000 train_imin: -4.5190 time: 2.8166s
INFO:root:Epoch: 0540 lr: 0.001 train_loss: 22246.4883 train_distortion: 0.1526 train_mapscore: 0.8957 train_c: -1.0680 train_max_dist: 23.6260 train_imax: -0.0000 train_imin: -4.4913 time: 2.8214s
INFO:root:Epoch: 0545 lr: 0.001 train_loss: 22153.9473 train_distortion: 0.1518 train_mapscore: 0.8965 train_c: -1.0682 train_max_dist: 23.6802 train_imax: -0.0000 train_imin: -4.4758 time: 2.8372s
INFO:root:Epoch: 0550 lr: 0.001 train_loss: 22067.9883 train_distortion: 0.1510 train_mapscore: 0.8976 train_c: -1.0684 train_max_dist: 23.7498 train_imax: -0.0000 train_imin: -4.4605 time: 2.8372s
INFO:root:Epoch: 0555 lr: 0.001 train_loss: 21985.8535 train_distortion: 0.1503 train_mapscore: 0.8980 train_c: -1.0686 train_max_dist: 23.7651 train_imax: -0.0000 train_imin: -4.4386 time: 2.8367s
INFO:root:Epoch: 0560 lr: 0.001 train_loss: 21905.1953 train_distortion: 0.1496 train_mapscore: 0.8991 train_c: -1.0689 train_max_dist: 23.7811 train_imax: -0.0000 train_imin: -4.3706 time: 2.8301s
INFO:root:Epoch: 0565 lr: 0.001 train_loss: 21828.9590 train_distortion: 0.1489 train_mapscore: 0.8999 train_c: -1.0691 train_max_dist: 23.7772 train_imax: -0.0000 train_imin: -4.3287 time: 2.8204s
INFO:root:Epoch: 0570 lr: 0.001 train_loss: 21757.3281 train_distortion: 0.1483 train_mapscore: 0.9007 train_c: -1.0693 train_max_dist: 23.8777 train_imax: -0.0000 train_imin: -4.2808 time: 2.8180s
INFO:root:Epoch: 0575 lr: 0.001 train_loss: 21687.7227 train_distortion: 0.1477 train_mapscore: 0.9013 train_c: -1.0695 train_max_dist: 23.9662 train_imax: -0.0000 train_imin: -4.2505 time: 2.8148s
INFO:root:Epoch: 0580 lr: 0.001 train_loss: 21624.3320 train_distortion: 0.1471 train_mapscore: 0.9021 train_c: -1.0697 train_max_dist: 24.0526 train_imax: -0.0000 train_imin: -4.2206 time: 2.8181s
INFO:root:Epoch: 0585 lr: 0.001 train_loss: 21561.4766 train_distortion: 0.1466 train_mapscore: 0.9026 train_c: -1.0699 train_max_dist: 24.1439 train_imax: -0.0000 train_imin: -4.2217 time: 2.8174s
INFO:root:Epoch: 0590 lr: 0.001 train_loss: 21500.8047 train_distortion: 0.1461 train_mapscore: 0.9034 train_c: -1.0701 train_max_dist: 24.2227 train_imax: -0.0000 train_imin: -4.1463 time: 2.8019s
INFO:root:Epoch: 0595 lr: 0.001 train_loss: 21441.1152 train_distortion: 0.1456 train_mapscore: 0.9040 train_c: -1.0703 train_max_dist: 24.2922 train_imax: -0.0000 train_imin: -4.0972 time: 2.8254s
INFO:root:Epoch: 0600 lr: 0.001 train_loss: 21384.4570 train_distortion: 0.1452 train_mapscore: 0.9047 train_c: -1.0705 train_max_dist: 24.3641 train_imax: -0.0000 train_imin: -4.1118 time: 2.8282s
INFO:root:Epoch: 0605 lr: 0.001 train_loss: 21332.5156 train_distortion: 0.1448 train_mapscore: 0.9050 train_c: -1.0707 train_max_dist: 24.4456 train_imax: -0.0000 train_imin: -4.1325 time: 2.8334s
INFO:root:Epoch: 0610 lr: 0.001 train_loss: 21279.2266 train_distortion: 0.1443 train_mapscore: 0.9054 train_c: -1.0709 train_max_dist: 24.5249 train_imax: -0.0000 train_imin: -4.1221 time: 2.8340s
INFO:root:Epoch: 0615 lr: 0.001 train_loss: 21229.4062 train_distortion: 0.1439 train_mapscore: 0.9060 train_c: -1.0711 train_max_dist: 24.5901 train_imax: -0.0000 train_imin: -4.1529 time: 2.8239s
INFO:root:Epoch: 0620 lr: 0.001 train_loss: 21183.3164 train_distortion: 0.1436 train_mapscore: 0.9061 train_c: -1.0713 train_max_dist: 24.6467 train_imax: -0.0000 train_imin: -4.1082 time: 2.8260s
INFO:root:Epoch: 0625 lr: 0.001 train_loss: 21136.3828 train_distortion: 0.1432 train_mapscore: 0.9062 train_c: -1.0715 train_max_dist: 24.6926 train_imax: -0.0000 train_imin: -4.1169 time: 2.8156s
INFO:root:Epoch: 0630 lr: 0.001 train_loss: 21090.1699 train_distortion: 0.1429 train_mapscore: 0.9068 train_c: -1.0717 train_max_dist: 24.7302 train_imax: -0.0000 train_imin: -4.0756 time: 2.8125s
INFO:root:Epoch: 0635 lr: 0.001 train_loss: 21046.5312 train_distortion: 0.1426 train_mapscore: 0.9073 train_c: -1.0718 train_max_dist: 24.7581 train_imax: -0.0000 train_imin: -4.2085 time: 2.8144s
INFO:root:Epoch: 0640 lr: 0.001 train_loss: 21005.6230 train_distortion: 0.1422 train_mapscore: 0.9077 train_c: -1.0720 train_max_dist: 24.7756 train_imax: -0.0000 train_imin: -4.1391 time: 2.8151s
INFO:root:Epoch: 0645 lr: 0.001 train_loss: 20965.5020 train_distortion: 0.1419 train_mapscore: 0.9081 train_c: -1.0722 train_max_dist: 24.7861 train_imax: -0.0000 train_imin: -4.0954 time: 2.8235s
INFO:root:Epoch: 0650 lr: 0.001 train_loss: 20927.9180 train_distortion: 0.1416 train_mapscore: 0.9087 train_c: -1.0724 train_max_dist: 24.7766 train_imax: -0.0000 train_imin: -4.0957 time: 2.8481s
INFO:root:Epoch: 0655 lr: 0.001 train_loss: 20888.0645 train_distortion: 0.1414 train_mapscore: 0.9093 train_c: -1.0725 train_max_dist: 24.7681 train_imax: -0.0000 train_imin: -4.1095 time: 2.8330s
INFO:root:Epoch: 0660 lr: 0.001 train_loss: 20850.3984 train_distortion: 0.1411 train_mapscore: 0.9098 train_c: -1.0727 train_max_dist: 24.8109 train_imax: -0.0000 train_imin: -4.0949 time: 2.8498s
INFO:root:Epoch: 0665 lr: 0.001 train_loss: 20814.5410 train_distortion: 0.1409 train_mapscore: 0.9106 train_c: -1.0729 train_max_dist: 24.8783 train_imax: -0.0000 train_imin: -4.1431 time: 2.8319s
INFO:root:Epoch: 0670 lr: 0.001 train_loss: 20780.9922 train_distortion: 0.1406 train_mapscore: 0.9120 train_c: -1.0730 train_max_dist: 24.9407 train_imax: -0.0000 train_imin: -4.0983 time: 2.8416s
INFO:root:Epoch: 0675 lr: 0.001 train_loss: 20748.6211 train_distortion: 0.1404 train_mapscore: 0.9122 train_c: -1.0732 train_max_dist: 25.0017 train_imax: -0.0000 train_imin: -4.1539 time: 2.8426s
INFO:root:Epoch: 0680 lr: 0.001 train_loss: 20715.9297 train_distortion: 0.1402 train_mapscore: 0.9133 train_c: -1.0734 train_max_dist: 25.0554 train_imax: -0.0000 train_imin: -4.0452 time: 2.8225s
INFO:root:Epoch: 0685 lr: 0.001 train_loss: 20684.8301 train_distortion: 0.1400 train_mapscore: 0.9136 train_c: -1.0735 train_max_dist: 25.1135 train_imax: -0.0000 train_imin: -4.0671 time: 2.8160s
INFO:root:Epoch: 0690 lr: 0.001 train_loss: 20652.1406 train_distortion: 0.1398 train_mapscore: 0.9142 train_c: -1.0737 train_max_dist: 25.1602 train_imax: -0.0000 train_imin: -4.1193 time: 2.8168s
INFO:root:Epoch: 0695 lr: 0.001 train_loss: 20621.4980 train_distortion: 0.1397 train_mapscore: 0.9148 train_c: -1.0739 train_max_dist: 25.2102 train_imax: -0.0000 train_imin: -4.0845 time: 2.8126s
INFO:root:Epoch: 0700 lr: 0.001 train_loss: 20591.2402 train_distortion: 0.1395 train_mapscore: 0.9155 train_c: -1.0740 train_max_dist: 25.2539 train_imax: -0.0000 train_imin: -4.0954 time: 2.8191s
INFO:root:Epoch: 0705 lr: 0.001 train_loss: 20563.5469 train_distortion: 0.1393 train_mapscore: 0.9160 train_c: -1.0742 train_max_dist: 25.3015 train_imax: -0.0000 train_imin: -4.1130 time: 2.8140s
INFO:root:Epoch: 0710 lr: 0.001 train_loss: 20539.8398 train_distortion: 0.1392 train_mapscore: 0.9168 train_c: -1.0744 train_max_dist: 25.3394 train_imax: -0.0000 train_imin: -4.0947 time: 2.8167s
INFO:root:Epoch: 0715 lr: 0.001 train_loss: 20510.0547 train_distortion: 0.1390 train_mapscore: 0.9168 train_c: -1.0745 train_max_dist: 25.3755 train_imax: -0.0000 train_imin: -4.0902 time: 2.8287s
INFO:root:Epoch: 0720 lr: 0.001 train_loss: 20481.4395 train_distortion: 0.1389 train_mapscore: 0.9178 train_c: -1.0747 train_max_dist: 25.4065 train_imax: -0.0000 train_imin: -4.0634 time: 2.8429s
INFO:root:Epoch: 0725 lr: 0.001 train_loss: 20455.7598 train_distortion: 0.1388 train_mapscore: 0.9185 train_c: -1.0748 train_max_dist: 25.4270 train_imax: -0.0000 train_imin: -4.1513 time: 2.8205s
INFO:root:Epoch: 0730 lr: 0.001 train_loss: 20431.9844 train_distortion: 0.1387 train_mapscore: 0.9190 train_c: -1.0750 train_max_dist: 25.4514 train_imax: -0.0000 train_imin: -4.0348 time: 2.8122s
INFO:root:Epoch: 0735 lr: 0.001 train_loss: 20408.4297 train_distortion: 0.1386 train_mapscore: 0.9205 train_c: -1.0751 train_max_dist: 25.4705 train_imax: -0.0000 train_imin: -4.0962 time: 2.8229s
INFO:root:Epoch: 0740 lr: 0.001 train_loss: 20383.2676 train_distortion: 0.1385 train_mapscore: 0.9211 train_c: -1.0753 train_max_dist: 25.4907 train_imax: -0.0000 train_imin: -4.0983 time: 2.8138s
INFO:root:Epoch: 0745 lr: 0.001 train_loss: 20360.4805 train_distortion: 0.1384 train_mapscore: 0.9218 train_c: -1.0754 train_max_dist: 25.5090 train_imax: -0.0000 train_imin: -4.1102 time: 2.8149s
INFO:root:Epoch: 0750 lr: 0.001 train_loss: 20337.3281 train_distortion: 0.1383 train_mapscore: 0.9224 train_c: -1.0756 train_max_dist: 25.5166 train_imax: -0.0000 train_imin: -4.0983 time: 2.8161s
INFO:root:Epoch: 0755 lr: 0.001 train_loss: 20317.1191 train_distortion: 0.1382 train_mapscore: 0.9232 train_c: -1.0757 train_max_dist: 25.5663 train_imax: -0.0000 train_imin: -4.1337 time: 2.8392s
INFO:root:Epoch: 0760 lr: 0.001 train_loss: 20294.9219 train_distortion: 0.1381 train_mapscore: 0.9239 train_c: -1.0759 train_max_dist: 25.6112 train_imax: -0.0000 train_imin: -4.1160 time: 2.8307s
INFO:root:Epoch: 0765 lr: 0.001 train_loss: 20271.9922 train_distortion: 0.1380 train_mapscore: 0.9246 train_c: -1.0760 train_max_dist: 25.6548 train_imax: -0.0000 train_imin: -4.0762 time: 2.8412s
INFO:root:Epoch: 0770 lr: 0.001 train_loss: 20250.7383 train_distortion: 0.1380 train_mapscore: 0.9253 train_c: -1.0762 train_max_dist: 25.7009 train_imax: -0.0000 train_imin: -4.1137 time: 2.8385s
INFO:root:Epoch: 0775 lr: 0.001 train_loss: 20231.8418 train_distortion: 0.1379 train_mapscore: 0.9264 train_c: -1.0763 train_max_dist: 25.7329 train_imax: -0.0000 train_imin: -4.1212 time: 2.8398s
INFO:root:Epoch: 0780 lr: 0.001 train_loss: 20213.2480 train_distortion: 0.1379 train_mapscore: 0.9273 train_c: -1.0765 train_max_dist: 25.7764 train_imax: -0.0000 train_imin: -4.1562 time: 2.8232s
INFO:root:Epoch: 0785 lr: 0.001 train_loss: 20192.3398 train_distortion: 0.1378 train_mapscore: 0.9279 train_c: -1.0766 train_max_dist: 25.8007 train_imax: -0.0000 train_imin: -4.0970 time: 2.8149s
INFO:root:Epoch: 0790 lr: 0.001 train_loss: 20173.2031 train_distortion: 0.1378 train_mapscore: 0.9293 train_c: -1.0768 train_max_dist: 25.8267 train_imax: -0.0000 train_imin: -4.0936 time: 2.8176s
INFO:root:Epoch: 0795 lr: 0.001 train_loss: 20153.7070 train_distortion: 0.1377 train_mapscore: 0.9291 train_c: -1.0769 train_max_dist: 25.8567 train_imax: -0.0000 train_imin: -4.1076 time: 2.8162s
INFO:root:Epoch: 0800 lr: 0.001 train_loss: 20136.2695 train_distortion: 0.1377 train_mapscore: 0.9298 train_c: -1.0770 train_max_dist: 25.8755 train_imax: -0.0000 train_imin: -4.1108 time: 2.8157s
INFO:root:Epoch: 0805 lr: 0.001 train_loss: 20117.7578 train_distortion: 0.1377 train_mapscore: 0.9308 train_c: -1.0772 train_max_dist: 25.8951 train_imax: -0.0000 train_imin: -4.1313 time: 2.8177s
INFO:root:Epoch: 0810 lr: 0.001 train_loss: 20102.9863 train_distortion: 0.1377 train_mapscore: 0.9310 train_c: -1.0773 train_max_dist: 25.9060 train_imax: -0.0000 train_imin: -4.0826 time: 2.8279s
INFO:root:Epoch: 0815 lr: 0.001 train_loss: 20083.7188 train_distortion: 0.1376 train_mapscore: 0.9314 train_c: -1.0775 train_max_dist: 25.9504 train_imax: -0.0000 train_imin: -4.1507 time: 2.8142s
INFO:root:Epoch: 0820 lr: 0.001 train_loss: 20066.3672 train_distortion: 0.1376 train_mapscore: 0.9321 train_c: -1.0776 train_max_dist: 25.9915 train_imax: -0.0000 train_imin: -4.1181 time: 2.8356s
INFO:root:Epoch: 0825 lr: 0.001 train_loss: 20050.7695 train_distortion: 0.1376 train_mapscore: 0.9327 train_c: -1.0778 train_max_dist: 26.0476 train_imax: -0.0000 train_imin: -4.1200 time: 2.8371s
INFO:root:Epoch: 0830 lr: 0.001 train_loss: 20034.1230 train_distortion: 0.1376 train_mapscore: 0.9335 train_c: -1.0779 train_max_dist: 26.1062 train_imax: -0.0000 train_imin: -4.1188 time: 2.8391s
INFO:root:Epoch: 0835 lr: 0.001 train_loss: 20018.9180 train_distortion: 0.1376 train_mapscore: 0.9345 train_c: -1.0780 train_max_dist: 26.1729 train_imax: -0.0000 train_imin: -4.1394 time: 2.8313s
INFO:root:Epoch: 0840 lr: 0.001 train_loss: 20002.4570 train_distortion: 0.1376 train_mapscore: 0.9349 train_c: -1.0782 train_max_dist: 26.2318 train_imax: -0.0000 train_imin: -4.0966 time: 2.8191s
INFO:root:Epoch: 0845 lr: 0.001 train_loss: 19990.0547 train_distortion: 0.1376 train_mapscore: 0.9347 train_c: -1.0783 train_max_dist: 26.2939 train_imax: -0.0000 train_imin: -4.2043 time: 2.8138s
INFO:root:Epoch: 0850 lr: 0.001 train_loss: 19974.1152 train_distortion: 0.1376 train_mapscore: 0.9367 train_c: -1.0784 train_max_dist: 26.3514 train_imax: -0.0000 train_imin: -4.1063 time: 2.8161s
INFO:root:Epoch: 0855 lr: 0.001 train_loss: 19959.0508 train_distortion: 0.1376 train_mapscore: 0.9365 train_c: -1.0786 train_max_dist: 26.4070 train_imax: -0.0000 train_imin: -4.0850 time: 2.8222s
INFO:root:Epoch: 0860 lr: 0.001 train_loss: 19942.9883 train_distortion: 0.1376 train_mapscore: 0.9372 train_c: -1.0787 train_max_dist: 26.4739 train_imax: -0.0000 train_imin: -4.0985 time: 2.8183s
INFO:root:Epoch: 0865 lr: 0.001 train_loss: 19927.7910 train_distortion: 0.1376 train_mapscore: 0.9382 train_c: -1.0788 train_max_dist: 26.5195 train_imax: -0.0000 train_imin: -4.1111 time: 2.8159s
INFO:root:Epoch: 0870 lr: 0.001 train_loss: 19915.4961 train_distortion: 0.1376 train_mapscore: 0.9386 train_c: -1.0790 train_max_dist: 26.5847 train_imax: -0.0000 train_imin: -4.1036 time: 2.8383s
INFO:root:Epoch: 0875 lr: 0.001 train_loss: 19904.1543 train_distortion: 0.1377 train_mapscore: 0.9390 train_c: -1.0791 train_max_dist: 26.6448 train_imax: -0.0000 train_imin: -4.0794 time: 2.8339s
INFO:root:Epoch: 0880 lr: 0.001 train_loss: 19888.6992 train_distortion: 0.1377 train_mapscore: 0.9393 train_c: -1.0793 train_max_dist: 26.7095 train_imax: -0.0000 train_imin: -4.0830 time: 2.8281s
INFO:root:Epoch: 0885 lr: 0.001 train_loss: 19875.7695 train_distortion: 0.1377 train_mapscore: 0.9396 train_c: -1.0794 train_max_dist: 26.7538 train_imax: -0.0000 train_imin: -4.1220 time: 2.8421s
INFO:root:Epoch: 0890 lr: 0.001 train_loss: 19862.0586 train_distortion: 0.1378 train_mapscore: 0.9402 train_c: -1.0795 train_max_dist: 26.8174 train_imax: -0.0000 train_imin: -4.1383 time: 2.8334s
INFO:root:Epoch: 0895 lr: 0.001 train_loss: 19848.1426 train_distortion: 0.1378 train_mapscore: 0.9408 train_c: -1.0796 train_max_dist: 26.8749 train_imax: -0.0000 train_imin: -4.1084 time: 2.8418s
INFO:root:Epoch: 0900 lr: 0.001 train_loss: 19836.8301 train_distortion: 0.1378 train_mapscore: 0.9415 train_c: -1.0798 train_max_dist: 26.9270 train_imax: -0.0000 train_imin: -4.0975 time: 2.8255s
INFO:root:Epoch: 0905 lr: 0.001 train_loss: 19827.3672 train_distortion: 0.1379 train_mapscore: 0.9416 train_c: -1.0799 train_max_dist: 26.9722 train_imax: -0.0000 train_imin: -4.1115 time: 2.8150s
INFO:root:Epoch: 0910 lr: 0.001 train_loss: 19811.9238 train_distortion: 0.1379 train_mapscore: 0.9418 train_c: -1.0800 train_max_dist: 27.0190 train_imax: -0.0000 train_imin: -4.1163 time: 2.8590s
INFO:root:Epoch: 0915 lr: 0.001 train_loss: 19800.3555 train_distortion: 0.1380 train_mapscore: 0.9424 train_c: -1.0802 train_max_dist: 27.0690 train_imax: -0.0000 train_imin: -4.0876 time: 2.8135s
INFO:root:Epoch: 0920 lr: 0.001 train_loss: 19787.7285 train_distortion: 0.1380 train_mapscore: 0.9434 train_c: -1.0803 train_max_dist: 27.1196 train_imax: -0.0000 train_imin: -4.1231 time: 2.8170s
INFO:root:Epoch: 0925 lr: 0.001 train_loss: 19777.1523 train_distortion: 0.1381 train_mapscore: 0.9437 train_c: -1.0804 train_max_dist: 27.1726 train_imax: -0.0000 train_imin: -4.1030 time: 2.8332s
INFO:root:Epoch: 0930 lr: 0.001 train_loss: 19766.6523 train_distortion: 0.1381 train_mapscore: 0.9435 train_c: -1.0806 train_max_dist: 27.2181 train_imax: -0.0000 train_imin: -4.0717 time: 2.8316s
INFO:root:Epoch: 0935 lr: 0.001 train_loss: 19753.8242 train_distortion: 0.1382 train_mapscore: 0.9443 train_c: -1.0807 train_max_dist: 27.2612 train_imax: -0.0000 train_imin: -4.0882 time: 2.8400s
INFO:root:Epoch: 0940 lr: 0.001 train_loss: 19742.6270 train_distortion: 0.1383 train_mapscore: 0.9449 train_c: -1.0808 train_max_dist: 27.3152 train_imax: -0.0000 train_imin: -4.1099 time: 2.8327s
INFO:root:Epoch: 0945 lr: 0.001 train_loss: 19732.8164 train_distortion: 0.1384 train_mapscore: 0.9451 train_c: -1.0810 train_max_dist: 27.3706 train_imax: -0.0000 train_imin: -4.0967 time: 2.8500s
INFO:root:Epoch: 0950 lr: 0.001 train_loss: 19727.0078 train_distortion: 0.1384 train_mapscore: 0.9452 train_c: -1.0811 train_max_dist: 27.4077 train_imax: -0.0000 train_imin: -4.1466 time: 2.8328s
INFO:root:Epoch: 0955 lr: 0.001 train_loss: 19712.7734 train_distortion: 0.1385 train_mapscore: 0.9458 train_c: -1.0812 train_max_dist: 27.4634 train_imax: -0.0000 train_imin: -4.1154 time: 2.8177s
INFO:root:Epoch: 0960 lr: 0.001 train_loss: 19701.6953 train_distortion: 0.1386 train_mapscore: 0.9462 train_c: -1.0813 train_max_dist: 27.5052 train_imax: -0.0000 train_imin: -4.1135 time: 2.8070s
INFO:root:Epoch: 0965 lr: 0.001 train_loss: 19690.7129 train_distortion: 0.1387 train_mapscore: 0.9469 train_c: -1.0815 train_max_dist: 27.5605 train_imax: -0.0000 train_imin: -4.1276 time: 2.8165s
INFO:root:Epoch: 0970 lr: 0.001 train_loss: 19679.4219 train_distortion: 0.1387 train_mapscore: 0.9474 train_c: -1.0816 train_max_dist: 27.5983 train_imax: -0.0000 train_imin: -4.1288 time: 2.8202s
INFO:root:Epoch: 0975 lr: 0.001 train_loss: 19669.4316 train_distortion: 0.1388 train_mapscore: 0.9477 train_c: -1.0817 train_max_dist: 27.6451 train_imax: -0.0000 train_imin: -4.1240 time: 2.8159s
INFO:root:Epoch: 0980 lr: 0.001 train_loss: 19661.1406 train_distortion: 0.1389 train_mapscore: 0.9481 train_c: -1.0818 train_max_dist: 27.6909 train_imax: -0.0000 train_imin: -4.1227 time: 2.8172s
INFO:root:Epoch: 0985 lr: 0.001 train_loss: 19652.7539 train_distortion: 0.1390 train_mapscore: 0.9483 train_c: -1.0820 train_max_dist: 27.7217 train_imax: -0.0000 train_imin: -4.1140 time: 2.8332s
INFO:root:Epoch: 0990 lr: 0.001 train_loss: 19642.8594 train_distortion: 0.1391 train_mapscore: 0.9484 train_c: -1.0821 train_max_dist: 27.7729 train_imax: -0.0000 train_imin: -4.1204 time: 2.8287s
INFO:root:Epoch: 0995 lr: 0.001 train_loss: 19632.7969 train_distortion: 0.1392 train_mapscore: 0.9491 train_c: -1.0822 train_max_dist: 27.8208 train_imax: -0.0000 train_imin: -4.1410 time: 2.8197s
INFO:root:Epoch: 1000 lr: 0.001 train_loss: 19621.5488 train_distortion: 0.1393 train_mapscore: 0.9495 train_c: -1.0823 train_max_dist: 27.8677 train_imax: -0.0000 train_imin: -4.1408 time: 2.8091s
INFO:root:Epoch: 1005 lr: 0.001 train_loss: 19613.3711 train_distortion: 0.1394 train_mapscore: 0.9500 train_c: -1.0825 train_max_dist: 27.9116 train_imax: -0.0000 train_imin: -4.1127 time: 2.8110s
INFO:root:Epoch: 1010 lr: 0.001 train_loss: 19604.8301 train_distortion: 0.1395 train_mapscore: 0.9498 train_c: -1.0826 train_max_dist: 27.9448 train_imax: -0.0000 train_imin: -4.1217 time: 2.8132s
INFO:root:Epoch: 1015 lr: 0.001 train_loss: 19596.8613 train_distortion: 0.1396 train_mapscore: 0.9509 train_c: -1.0827 train_max_dist: 27.9998 train_imax: -0.0000 train_imin: -4.1253 time: 2.8181s
INFO:root:Epoch: 1020 lr: 0.001 train_loss: 19589.2656 train_distortion: 0.1397 train_mapscore: 0.9512 train_c: -1.0828 train_max_dist: 28.0400 train_imax: -0.0000 train_imin: -4.1332 time: 2.8133s
INFO:root:Epoch: 1025 lr: 0.001 train_loss: 19580.5371 train_distortion: 0.1398 train_mapscore: 0.9509 train_c: -1.0830 train_max_dist: 28.0759 train_imax: -0.0000 train_imin: -4.1245 time: 2.8403s
INFO:root:Epoch: 1030 lr: 0.001 train_loss: 19571.2422 train_distortion: 0.1399 train_mapscore: 0.9517 train_c: -1.0831 train_max_dist: 28.1201 train_imax: -0.0000 train_imin: -4.0864 time: 2.8366s
INFO:root:Epoch: 1035 lr: 0.001 train_loss: 19564.9824 train_distortion: 0.1401 train_mapscore: 0.9520 train_c: -1.0832 train_max_dist: 28.1553 train_imax: -0.0000 train_imin: -4.1226 time: 2.8504s
INFO:root:Epoch: 1040 lr: 0.001 train_loss: 19553.4141 train_distortion: 0.1402 train_mapscore: 0.9526 train_c: -1.0833 train_max_dist: 28.2053 train_imax: -0.0000 train_imin: -4.1014 time: 2.8405s
INFO:root:Epoch: 1045 lr: 0.001 train_loss: 19544.5195 train_distortion: 0.1403 train_mapscore: 0.9530 train_c: -1.0835 train_max_dist: 28.2568 train_imax: -0.0000 train_imin: -4.1171 time: 2.8460s
INFO:root:Epoch: 1050 lr: 0.001 train_loss: 19536.2578 train_distortion: 0.1404 train_mapscore: 0.9532 train_c: -1.0836 train_max_dist: 28.2891 train_imax: -0.0000 train_imin: -4.1301 time: 2.8386s
INFO:root:Epoch: 1055 lr: 0.001 train_loss: 19529.8281 train_distortion: 0.1406 train_mapscore: 0.9538 train_c: -1.0837 train_max_dist: 28.3333 train_imax: -0.0000 train_imin: -4.1385 time: 2.8469s
INFO:root:Epoch: 1060 lr: 0.001 train_loss: 19524.5723 train_distortion: 0.1407 train_mapscore: 0.9533 train_c: -1.0838 train_max_dist: 28.3696 train_imax: -0.0000 train_imin: -4.1137 time: 2.8328s
INFO:root:Epoch: 1065 lr: 0.001 train_loss: 19516.0215 train_distortion: 0.1408 train_mapscore: 0.9540 train_c: -1.0839 train_max_dist: 28.4104 train_imax: -0.0000 train_imin: -4.1246 time: 2.8179s
INFO:root:Epoch: 1070 lr: 0.001 train_loss: 19507.7773 train_distortion: 0.1410 train_mapscore: 0.9538 train_c: -1.0841 train_max_dist: 28.4570 train_imax: -0.0000 train_imin: -4.0974 time: 2.8347s
INFO:root:Epoch: 1075 lr: 0.001 train_loss: 19498.5879 train_distortion: 0.1411 train_mapscore: 0.9545 train_c: -1.0842 train_max_dist: 28.4890 train_imax: -0.0000 train_imin: -4.1279 time: 2.8381s
INFO:root:Epoch: 1080 lr: 0.001 train_loss: 19489.8965 train_distortion: 0.1412 train_mapscore: 0.9544 train_c: -1.0843 train_max_dist: 28.5286 train_imax: -0.0000 train_imin: -4.1291 time: 2.8368s
INFO:root:Epoch: 1085 lr: 0.001 train_loss: 19482.3047 train_distortion: 0.1414 train_mapscore: 0.9545 train_c: -1.0844 train_max_dist: 28.5767 train_imax: -0.0000 train_imin: -4.1192 time: 2.8402s
INFO:root:Epoch: 1090 lr: 0.001 train_loss: 19475.6758 train_distortion: 0.1415 train_mapscore: 0.9547 train_c: -1.0845 train_max_dist: 28.6108 train_imax: -0.0000 train_imin: -4.1130 time: 2.8299s
INFO:root:Epoch: 1095 lr: 0.001 train_loss: 19471.0117 train_distortion: 0.1417 train_mapscore: 0.9552 train_c: -1.0847 train_max_dist: 28.6624 train_imax: -0.0000 train_imin: -4.1429 time: 2.8440s
INFO:root:Epoch: 1100 lr: 0.001 train_loss: 19464.4512 train_distortion: 0.1418 train_mapscore: 0.9561 train_c: -1.0848 train_max_dist: 28.7051 train_imax: -0.0000 train_imin: -4.1113 time: 2.8335s
INFO:root:Epoch: 1105 lr: 0.001 train_loss: 19456.1133 train_distortion: 0.1420 train_mapscore: 0.9557 train_c: -1.0849 train_max_dist: 28.7383 train_imax: -0.0000 train_imin: -4.1350 time: 2.8303s
INFO:root:Epoch: 1110 lr: 0.001 train_loss: 19449.0117 train_distortion: 0.1421 train_mapscore: 0.9559 train_c: -1.0850 train_max_dist: 28.7788 train_imax: -0.0000 train_imin: -4.1278 time: 2.8220s
INFO:root:Epoch: 1115 lr: 0.001 train_loss: 19443.8633 train_distortion: 0.1423 train_mapscore: 0.9559 train_c: -1.0851 train_max_dist: 28.8384 train_imax: -0.0000 train_imin: -4.1495 time: 2.8182s
INFO:root:Epoch: 1120 lr: 0.001 train_loss: 19435.1367 train_distortion: 0.1424 train_mapscore: 0.9557 train_c: -1.0853 train_max_dist: 28.8652 train_imax: -0.0000 train_imin: -4.1431 time: 2.8199s
INFO:root:Epoch: 1125 lr: 0.001 train_loss: 19427.9023 train_distortion: 0.1426 train_mapscore: 0.9563 train_c: -1.0854 train_max_dist: 28.9067 train_imax: -0.0000 train_imin: -4.1346 time: 2.8166s
INFO:root:Epoch: 1130 lr: 0.001 train_loss: 19421.0332 train_distortion: 0.1428 train_mapscore: 0.9564 train_c: -1.0855 train_max_dist: 28.9458 train_imax: -0.0000 train_imin: -4.1140 time: 2.8202s
INFO:root:Epoch: 1135 lr: 0.001 train_loss: 19414.8145 train_distortion: 0.1429 train_mapscore: 0.9564 train_c: -1.0856 train_max_dist: 28.9805 train_imax: -0.0000 train_imin: -4.1303 time: 2.8201s
INFO:root:Epoch: 1140 lr: 0.001 train_loss: 19407.4766 train_distortion: 0.1431 train_mapscore: 0.9570 train_c: -1.0857 train_max_dist: 29.0249 train_imax: -0.0000 train_imin: -4.1151 time: 2.8411s
INFO:root:Epoch: 1145 lr: 0.001 train_loss: 19401.9531 train_distortion: 0.1432 train_mapscore: 0.9572 train_c: -1.0858 train_max_dist: 29.0703 train_imax: -0.0000 train_imin: -4.1306 time: 2.8484s
INFO:root:Epoch: 1150 lr: 0.001 train_loss: 19400.6973 train_distortion: 0.1434 train_mapscore: 0.9569 train_c: -1.0860 train_max_dist: 29.1069 train_imax: -0.0000 train_imin: -4.1354 time: 2.8357s
INFO:root:Epoch: 1155 lr: 0.001 train_loss: 19392.5723 train_distortion: 0.1436 train_mapscore: 0.9574 train_c: -1.0861 train_max_dist: 29.1489 train_imax: -0.0000 train_imin: -4.1313 time: 2.8516s
INFO:root:Epoch: 1160 lr: 0.001 train_loss: 19385.1934 train_distortion: 0.1437 train_mapscore: 0.9579 train_c: -1.0862 train_max_dist: 29.1860 train_imax: -0.0000 train_imin: -4.1064 time: 2.8391s
INFO:root:Epoch: 1165 lr: 0.001 train_loss: 19377.8477 train_distortion: 0.1439 train_mapscore: 0.9574 train_c: -1.0863 train_max_dist: 29.2178 train_imax: -0.0000 train_imin: -4.1079 time: 2.8483s
INFO:root:Epoch: 1170 lr: 0.001 train_loss: 19371.2812 train_distortion: 0.1441 train_mapscore: 0.9578 train_c: -1.0864 train_max_dist: 29.2661 train_imax: -0.0000 train_imin: -4.0979 time: 2.8378s
INFO:root:Epoch: 1175 lr: 0.001 train_loss: 19365.4648 train_distortion: 0.1443 train_mapscore: 0.9578 train_c: -1.0866 train_max_dist: 29.3066 train_imax: -0.0000 train_imin: -4.1398 time: 2.8478s
INFO:root:Epoch: 1180 lr: 0.001 train_loss: 19359.8262 train_distortion: 0.1444 train_mapscore: 0.9578 train_c: -1.0867 train_max_dist: 29.3359 train_imax: -0.0000 train_imin: -4.1315 time: 2.8412s
INFO:root:Epoch: 1185 lr: 0.001 train_loss: 19358.8828 train_distortion: 0.1446 train_mapscore: 0.9582 train_c: -1.0868 train_max_dist: 29.3745 train_imax: -0.0000 train_imin: -4.1332 time: 2.8480s
INFO:root:Epoch: 1190 lr: 0.001 train_loss: 19349.7637 train_distortion: 0.1448 train_mapscore: 0.9578 train_c: -1.0869 train_max_dist: 29.4116 train_imax: -0.0000 train_imin: -4.1150 time: 2.8387s
INFO:root:Epoch: 1195 lr: 0.001 train_loss: 19343.2188 train_distortion: 0.1450 train_mapscore: 0.9581 train_c: -1.0870 train_max_dist: 29.4451 train_imax: -0.0000 train_imin: -4.1191 time: 2.8415s
INFO:root:Epoch: 1200 lr: 0.001 train_loss: 19336.4609 train_distortion: 0.1452 train_mapscore: 0.9585 train_c: -1.0871 train_max_dist: 29.4890 train_imax: -0.0000 train_imin: -4.1199 time: 2.8362s
INFO:root:Epoch: 1205 lr: 0.001 train_loss: 19331.0469 train_distortion: 0.1453 train_mapscore: 0.9584 train_c: -1.0873 train_max_dist: 29.5176 train_imax: -0.0000 train_imin: -4.1267 time: 2.8407s
INFO:root:Epoch: 1210 lr: 0.001 train_loss: 19325.3066 train_distortion: 0.1455 train_mapscore: 0.9584 train_c: -1.0874 train_max_dist: 29.5491 train_imax: -0.0000 train_imin: -4.1197 time: 2.8246s
INFO:root:Epoch: 1215 lr: 0.001 train_loss: 19321.3672 train_distortion: 0.1457 train_mapscore: 0.9585 train_c: -1.0875 train_max_dist: 29.5947 train_imax: -0.0000 train_imin: -4.1316 time: 2.8320s
INFO:root:Epoch: 1220 lr: 0.001 train_loss: 19324.1211 train_distortion: 0.1459 train_mapscore: 0.9588 train_c: -1.0876 train_max_dist: 29.6248 train_imax: -0.0000 train_imin: -4.0973 time: 2.8155s
INFO:root:Epoch: 1225 lr: 0.001 train_loss: 19313.9746 train_distortion: 0.1461 train_mapscore: 0.9590 train_c: -1.0877 train_max_dist: 29.6743 train_imax: -0.0000 train_imin: -4.1197 time: 2.8163s
INFO:root:Epoch: 1230 lr: 0.001 train_loss: 19306.9902 train_distortion: 0.1463 train_mapscore: 0.9585 train_c: -1.0878 train_max_dist: 29.7080 train_imax: -0.0000 train_imin: -4.1091 time: 2.8155s
INFO:root:Epoch: 1235 lr: 0.001 train_loss: 19300.5586 train_distortion: 0.1464 train_mapscore: 0.9590 train_c: -1.0879 train_max_dist: 29.7632 train_imax: -0.0000 train_imin: -4.1310 time: 2.8181s
INFO:root:Epoch: 1240 lr: 0.001 train_loss: 19294.4668 train_distortion: 0.1466 train_mapscore: 0.9593 train_c: -1.0881 train_max_dist: 29.7888 train_imax: -0.0000 train_imin: -4.1334 time: 2.8180s
INFO:root:Epoch: 1245 lr: 0.001 train_loss: 19290.4141 train_distortion: 0.1468 train_mapscore: 0.9594 train_c: -1.0882 train_max_dist: 29.8264 train_imax: -0.0000 train_imin: -4.1557 time: 2.8368s
INFO:root:Epoch: 1250 lr: 0.001 train_loss: 19285.8750 train_distortion: 0.1470 train_mapscore: 0.9599 train_c: -1.0883 train_max_dist: 29.8589 train_imax: -0.0000 train_imin: -4.1022 time: 2.8476s
INFO:root:Epoch: 1255 lr: 0.001 train_loss: 19280.0664 train_distortion: 0.1472 train_mapscore: 0.9601 train_c: -1.0884 train_max_dist: 29.8931 train_imax: -0.0000 train_imin: -4.1509 time: 2.8247s
INFO:root:Epoch: 1260 lr: 0.001 train_loss: 19276.5449 train_distortion: 0.1474 train_mapscore: 0.9599 train_c: -1.0885 train_max_dist: 29.9253 train_imax: -0.0000 train_imin: -4.1391 time: 2.8163s
INFO:root:Epoch: 1265 lr: 0.001 train_loss: 19270.6719 train_distortion: 0.1476 train_mapscore: 0.9599 train_c: -1.0886 train_max_dist: 29.9534 train_imax: -0.0000 train_imin: -4.1185 time: 2.8129s
INFO:root:Epoch: 1270 lr: 0.001 train_loss: 19264.9609 train_distortion: 0.1478 train_mapscore: 0.9600 train_c: -1.0887 train_max_dist: 29.9849 train_imax: -0.0000 train_imin: -4.1225 time: 2.8192s
INFO:root:Epoch: 1275 lr: 0.001 train_loss: 19259.4121 train_distortion: 0.1480 train_mapscore: 0.9598 train_c: -1.0889 train_max_dist: 30.0264 train_imax: -0.0000 train_imin: -4.1201 time: 2.8205s
INFO:root:Epoch: 1280 lr: 0.001 train_loss: 19256.0078 train_distortion: 0.1482 train_mapscore: 0.9600 train_c: -1.0890 train_max_dist: 30.0681 train_imax: -0.0000 train_imin: -4.1129 time: 2.8202s
INFO:root:Epoch: 1285 lr: 0.001 train_loss: 19256.8301 train_distortion: 0.1484 train_mapscore: 0.9601 train_c: -1.0891 train_max_dist: 30.0981 train_imax: -0.0000 train_imin: -4.1490 time: 2.8211s
INFO:root:Epoch: 1290 lr: 0.001 train_loss: 19247.6211 train_distortion: 0.1486 train_mapscore: 0.9606 train_c: -1.0892 train_max_dist: 30.1479 train_imax: -0.0000 train_imin: -4.1662 time: 2.8217s
INFO:root:Epoch: 1295 lr: 0.001 train_loss: 19243.5664 train_distortion: 0.1488 train_mapscore: 0.9605 train_c: -1.0893 train_max_dist: 30.1782 train_imax: -0.0000 train_imin: -4.1517 time: 2.8421s
INFO:root:Epoch: 1300 lr: 0.001 train_loss: 19237.2324 train_distortion: 0.1490 train_mapscore: 0.9607 train_c: -1.0894 train_max_dist: 30.2153 train_imax: -0.0000 train_imin: -4.1351 time: 2.8459s
INFO:root:Epoch: 1305 lr: 0.001 train_loss: 19231.9453 train_distortion: 0.1492 train_mapscore: 0.9608 train_c: -1.0895 train_max_dist: 30.2336 train_imax: -0.0000 train_imin: -4.1352 time: 2.8354s
INFO:root:Epoch: 1310 lr: 0.001 train_loss: 19228.4082 train_distortion: 0.1495 train_mapscore: 0.9607 train_c: -1.0897 train_max_dist: 30.2754 train_imax: -0.0000 train_imin: -4.1247 time: 2.8427s
INFO:root:Epoch: 1315 lr: 0.001 train_loss: 19224.4297 train_distortion: 0.1497 train_mapscore: 0.9612 train_c: -1.0898 train_max_dist: 30.3149 train_imax: -0.0000 train_imin: -4.1153 time: 2.8356s
INFO:root:Epoch: 1320 lr: 0.001 train_loss: 19220.9922 train_distortion: 0.1499 train_mapscore: 0.9614 train_c: -1.0899 train_max_dist: 30.3447 train_imax: -0.0000 train_imin: -4.1364 time: 2.8596s
INFO:root:Epoch: 1325 lr: 0.001 train_loss: 19220.6699 train_distortion: 0.1501 train_mapscore: 0.9609 train_c: -1.0900 train_max_dist: 30.3687 train_imax: -0.0000 train_imin: -4.1138 time: 2.8369s
INFO:root:Epoch: 1330 lr: 0.001 train_loss: 19214.2539 train_distortion: 0.1503 train_mapscore: 0.9617 train_c: -1.0901 train_max_dist: 30.4119 train_imax: -0.0000 train_imin: -4.1474 time: 2.8222s
INFO:root:Epoch: 1335 lr: 0.001 train_loss: 19207.3574 train_distortion: 0.1505 train_mapscore: 0.9619 train_c: -1.0902 train_max_dist: 30.4453 train_imax: -0.0000 train_imin: -4.1696 time: 2.8210s
INFO:root:Epoch: 1340 lr: 0.001 train_loss: 19201.9023 train_distortion: 0.1507 train_mapscore: 0.9620 train_c: -1.0903 train_max_dist: 30.4766 train_imax: -0.0000 train_imin: -4.1518 time: 2.8200s
INFO:root:Epoch: 1345 lr: 0.001 train_loss: 19197.1680 train_distortion: 0.1510 train_mapscore: 0.9622 train_c: -1.0904 train_max_dist: 30.5093 train_imax: -0.0000 train_imin: -4.1242 time: 2.8154s
INFO:root:Epoch: 1350 lr: 0.001 train_loss: 19192.6934 train_distortion: 0.1512 train_mapscore: 0.9618 train_c: -1.0906 train_max_dist: 30.5452 train_imax: -0.0000 train_imin: -4.1311 time: 2.8202s
INFO:root:Epoch: 1355 lr: 0.001 train_loss: 19189.5156 train_distortion: 0.1514 train_mapscore: 0.9625 train_c: -1.0907 train_max_dist: 30.5815 train_imax: -0.0000 train_imin: -4.1469 time: 2.8182s
INFO:root:Epoch: 1360 lr: 0.001 train_loss: 19187.8066 train_distortion: 0.1516 train_mapscore: 0.9621 train_c: -1.0908 train_max_dist: 30.6069 train_imax: -0.0000 train_imin: -4.1257 time: 2.8182s
INFO:root:Epoch: 1365 lr: 0.001 train_loss: 19184.4121 train_distortion: 0.1518 train_mapscore: 0.9622 train_c: -1.0909 train_max_dist: 30.6497 train_imax: -0.0000 train_imin: -4.1130 time: 2.8334s
INFO:root:Epoch: 1370 lr: 0.001 train_loss: 19179.8320 train_distortion: 0.1520 train_mapscore: 0.9622 train_c: -1.0910 train_max_dist: 30.6855 train_imax: -0.0000 train_imin: -4.1493 time: 2.8398s
INFO:root:Epoch: 1375 lr: 0.001 train_loss: 19176.2598 train_distortion: 0.1523 train_mapscore: 0.9624 train_c: -1.0911 train_max_dist: 30.7065 train_imax: -0.0000 train_imin: -4.1016 time: 2.8286s
INFO:root:Epoch: 1380 lr: 0.001 train_loss: 19173.0625 train_distortion: 0.1525 train_mapscore: 0.9625 train_c: -1.0912 train_max_dist: 30.7502 train_imax: -0.0000 train_imin: -4.1143 time: 2.8355s
INFO:root:Epoch: 1385 lr: 0.001 train_loss: 19166.4531 train_distortion: 0.1527 train_mapscore: 0.9630 train_c: -1.0913 train_max_dist: 30.7803 train_imax: -0.0000 train_imin: -4.1656 time: 2.8183s
INFO:root:Epoch: 1390 lr: 0.001 train_loss: 19161.8574 train_distortion: 0.1529 train_mapscore: 0.9631 train_c: -1.0915 train_max_dist: 30.8115 train_imax: -0.0000 train_imin: -4.1659 time: 2.8369s
INFO:root:Epoch: 1395 lr: 0.001 train_loss: 19158.3262 train_distortion: 0.1532 train_mapscore: 0.9630 train_c: -1.0916 train_max_dist: 30.8511 train_imax: -0.0000 train_imin: -4.1150 time: 2.8487s
INFO:root:Epoch: 1400 lr: 0.001 train_loss: 19154.9219 train_distortion: 0.1534 train_mapscore: 0.9628 train_c: -1.0917 train_max_dist: 30.8828 train_imax: -0.0000 train_imin: -4.1576 time: 2.8352s
INFO:root:Epoch: 1405 lr: 0.001 train_loss: 19153.0801 train_distortion: 0.1536 train_mapscore: 0.9634 train_c: -1.0918 train_max_dist: 30.9092 train_imax: -0.0000 train_imin: -4.1355 time: 2.8463s
INFO:root:Epoch: 1410 lr: 0.001 train_loss: 19149.5469 train_distortion: 0.1539 train_mapscore: 0.9637 train_c: -1.0919 train_max_dist: 30.9443 train_imax: -0.0000 train_imin: -4.1475 time: 2.8538s
INFO:root:Epoch: 1415 lr: 0.001 train_loss: 19145.1445 train_distortion: 0.1541 train_mapscore: 0.9638 train_c: -1.0920 train_max_dist: 30.9805 train_imax: -0.0000 train_imin: -4.1096 time: 2.8356s
INFO:root:Epoch: 1420 lr: 0.001 train_loss: 19142.4258 train_distortion: 0.1543 train_mapscore: 0.9633 train_c: -1.0921 train_max_dist: 31.0020 train_imax: -0.0000 train_imin: -4.1298 time: 2.8471s
INFO:root:Epoch: 1425 lr: 0.001 train_loss: 19137.9844 train_distortion: 0.1546 train_mapscore: 0.9635 train_c: -1.0922 train_max_dist: 31.0469 train_imax: -0.0000 train_imin: -4.1410 time: 2.8255s
INFO:root:Epoch: 1430 lr: 0.001 train_loss: 19133.3828 train_distortion: 0.1548 train_mapscore: 0.9638 train_c: -1.0924 train_max_dist: 31.0801 train_imax: -0.0000 train_imin: -4.1654 time: 2.8154s
INFO:root:Epoch: 1435 lr: 0.001 train_loss: 19129.4883 train_distortion: 0.1551 train_mapscore: 0.9639 train_c: -1.0925 train_max_dist: 31.1045 train_imax: -0.0000 train_imin: -4.1322 time: 2.8120s
INFO:root:Epoch: 1440 lr: 0.001 train_loss: 19125.7695 train_distortion: 0.1553 train_mapscore: 0.9639 train_c: -1.0926 train_max_dist: 31.1445 train_imax: -0.0000 train_imin: -4.1414 time: 2.8212s
INFO:root:Epoch: 1445 lr: 0.001 train_loss: 19122.3242 train_distortion: 0.1555 train_mapscore: 0.9642 train_c: -1.0927 train_max_dist: 31.1602 train_imax: -0.0000 train_imin: -4.1364 time: 2.8197s
INFO:root:Epoch: 1450 lr: 0.001 train_loss: 19119.5586 train_distortion: 0.1558 train_mapscore: 0.9638 train_c: -1.0928 train_max_dist: 31.1865 train_imax: -0.0000 train_imin: -4.1179 time: 2.8167s
INFO:root:Epoch: 1455 lr: 0.001 train_loss: 19119.3906 train_distortion: 0.1560 train_mapscore: 0.9642 train_c: -1.0929 train_max_dist: 31.2305 train_imax: -0.0000 train_imin: -4.1514 time: 2.8325s
INFO:root:Epoch: 1460 lr: 0.001 train_loss: 19113.4102 train_distortion: 0.1563 train_mapscore: 0.9642 train_c: -1.0930 train_max_dist: 31.2708 train_imax: -0.0000 train_imin: -4.1254 time: 2.8209s
INFO:root:Epoch: 1465 lr: 0.001 train_loss: 19110.1074 train_distortion: 0.1565 train_mapscore: 0.9639 train_c: -1.0931 train_max_dist: 31.2947 train_imax: -0.0000 train_imin: -4.1102 time: 2.8174s
INFO:root:Epoch: 1470 lr: 0.001 train_loss: 19106.1641 train_distortion: 0.1568 train_mapscore: 0.9643 train_c: -1.0932 train_max_dist: 31.3320 train_imax: -0.0000 train_imin: -4.1385 time: 2.8192s
INFO:root:Epoch: 1475 lr: 0.001 train_loss: 19102.9531 train_distortion: 0.1570 train_mapscore: 0.9647 train_c: -1.0934 train_max_dist: 31.3645 train_imax: -0.0000 train_imin: -4.1106 time: 2.8182s
INFO:root:Epoch: 1480 lr: 0.001 train_loss: 19100.2441 train_distortion: 0.1572 train_mapscore: 0.9643 train_c: -1.0935 train_max_dist: 31.3928 train_imax: -0.0000 train_imin: -4.1236 time: 2.8469s
INFO:root:Epoch: 1485 lr: 0.001 train_loss: 19096.5273 train_distortion: 0.1575 train_mapscore: 0.9645 train_c: -1.0936 train_max_dist: 31.4058 train_imax: -0.0000 train_imin: -4.1131 time: 2.8408s
INFO:root:Epoch: 1490 lr: 0.001 train_loss: 19092.3496 train_distortion: 0.1577 train_mapscore: 0.9645 train_c: -1.0937 train_max_dist: 31.4541 train_imax: -0.0000 train_imin: -4.1538 time: 2.8522s
INFO:root:Epoch: 1495 lr: 0.001 train_loss: 19089.8613 train_distortion: 0.1580 train_mapscore: 0.9642 train_c: -1.0938 train_max_dist: 31.4795 train_imax: -0.0000 train_imin: -4.1624 time: 2.8402s
INFO:root:Epoch: 1500 lr: 0.001 train_loss: 19087.6172 train_distortion: 0.1582 train_mapscore: 0.9649 train_c: -1.0939 train_max_dist: 31.5122 train_imax: -0.0000 train_imin: -4.1103 time: 2.8470s
INFO:root:Epoch: 1505 lr: 0.001 train_loss: 19085.6133 train_distortion: 0.1585 train_mapscore: 0.9646 train_c: -1.0940 train_max_dist: 31.5491 train_imax: -0.0000 train_imin: -4.1431 time: 2.8339s
INFO:root:Epoch: 1510 lr: 0.001 train_loss: 19081.0879 train_distortion: 0.1588 train_mapscore: 0.9646 train_c: -1.0941 train_max_dist: 31.5808 train_imax: -0.0000 train_imin: -4.1270 time: 2.8427s
INFO:root:Epoch: 1515 lr: 0.001 train_loss: 19078.3965 train_distortion: 0.1590 train_mapscore: 0.9650 train_c: -1.0942 train_max_dist: 31.5996 train_imax: -0.0000 train_imin: -4.1207 time: 2.8267s
INFO:root:Epoch: 1520 lr: 0.001 train_loss: 19073.9844 train_distortion: 0.1592 train_mapscore: 0.9648 train_c: -1.0943 train_max_dist: 31.6350 train_imax: -0.0000 train_imin: -4.1435 time: 2.8189s
INFO:root:Epoch: 1525 lr: 0.001 train_loss: 19071.3027 train_distortion: 0.1595 train_mapscore: 0.9650 train_c: -1.0945 train_max_dist: 31.6562 train_imax: -0.0000 train_imin: -4.0890 time: 2.8469s
INFO:root:Epoch: 1530 lr: 0.001 train_loss: 19069.2402 train_distortion: 0.1598 train_mapscore: 0.9648 train_c: -1.0946 train_max_dist: 31.6997 train_imax: -0.0000 train_imin: -4.1300 time: 2.8338s
INFO:root:Epoch: 1535 lr: 0.001 train_loss: 19064.9941 train_distortion: 0.1600 train_mapscore: 0.9650 train_c: -1.0947 train_max_dist: 31.7070 train_imax: -0.0000 train_imin: -4.1033 time: 2.8608s
INFO:root:Epoch: 1540 lr: 0.001 train_loss: 19062.0781 train_distortion: 0.1603 train_mapscore: 0.9647 train_c: -1.0948 train_max_dist: 31.7578 train_imax: -0.0000 train_imin: -4.1123 time: 2.8771s
INFO:root:Epoch: 1545 lr: 0.001 train_loss: 19059.7266 train_distortion: 0.1605 train_mapscore: 0.9650 train_c: -1.0949 train_max_dist: 31.7861 train_imax: -0.0000 train_imin: -4.1283 time: 2.8638s
INFO:root:Epoch: 1550 lr: 0.001 train_loss: 19056.1953 train_distortion: 0.1608 train_mapscore: 0.9654 train_c: -1.0950 train_max_dist: 31.8086 train_imax: -0.0000 train_imin: -4.1138 time: 2.8599s
INFO:root:Epoch: 1555 lr: 0.001 train_loss: 19054.2266 train_distortion: 0.1610 train_mapscore: 0.9651 train_c: -1.0951 train_max_dist: 31.8457 train_imax: -0.0000 train_imin: -4.1223 time: 2.8437s
INFO:root:Epoch: 1560 lr: 0.001 train_loss: 19052.0273 train_distortion: 0.1613 train_mapscore: 0.9651 train_c: -1.0952 train_max_dist: 31.8789 train_imax: -0.0000 train_imin: -4.1367 time: 2.8290s
INFO:root:Epoch: 1565 lr: 0.001 train_loss: 19050.1465 train_distortion: 0.1615 train_mapscore: 0.9652 train_c: -1.0953 train_max_dist: 31.9092 train_imax: -0.0000 train_imin: -4.1180 time: 2.8231s
INFO:root:Epoch: 1570 lr: 0.001 train_loss: 19044.9395 train_distortion: 0.1618 train_mapscore: 0.9651 train_c: -1.0955 train_max_dist: 31.9321 train_imax: -0.0000 train_imin: -4.1382 time: 2.8313s
INFO:root:Epoch: 1575 lr: 0.001 train_loss: 19042.9258 train_distortion: 0.1621 train_mapscore: 0.9651 train_c: -1.0956 train_max_dist: 31.9570 train_imax: -0.0000 train_imin: -4.1179 time: 2.8223s
INFO:root:Epoch: 1580 lr: 0.001 train_loss: 19040.1094 train_distortion: 0.1624 train_mapscore: 0.9651 train_c: -1.0957 train_max_dist: 31.9966 train_imax: -0.0000 train_imin: -4.0862 time: 2.8384s
INFO:root:Epoch: 1585 lr: 0.001 train_loss: 19036.5547 train_distortion: 0.1626 train_mapscore: 0.9653 train_c: -1.0958 train_max_dist: 32.0215 train_imax: -0.0000 train_imin: -4.1658 time: 2.8464s
INFO:root:Epoch: 1590 lr: 0.001 train_loss: 19035.9258 train_distortion: 0.1628 train_mapscore: 0.9653 train_c: -1.0959 train_max_dist: 32.0513 train_imax: -0.0000 train_imin: -4.0822 time: 2.8560s
INFO:root:Epoch: 1595 lr: 0.001 train_loss: 19032.5625 train_distortion: 0.1631 train_mapscore: 0.9652 train_c: -1.0960 train_max_dist: 32.0869 train_imax: -0.0000 train_imin: -4.1089 time: 2.8405s
INFO:root:Epoch: 1600 lr: 0.001 train_loss: 19036.2969 train_distortion: 0.1634 train_mapscore: 0.9659 train_c: -1.0961 train_max_dist: 32.1064 train_imax: -0.0000 train_imin: -4.1216 time: 2.8481s
INFO:root:Epoch: 1605 lr: 0.001 train_loss: 19030.7344 train_distortion: 0.1636 train_mapscore: 0.9656 train_c: -1.0962 train_max_dist: 32.1567 train_imax: -0.0000 train_imin: -4.1314 time: 2.8473s
INFO:root:Epoch: 1610 lr: 0.001 train_loss: 19026.2910 train_distortion: 0.1639 train_mapscore: 0.9657 train_c: -1.0963 train_max_dist: 32.1919 train_imax: -0.0000 train_imin: -4.0973 time: 2.8301s
INFO:root:Epoch: 1615 lr: 0.001 train_loss: 19021.0625 train_distortion: 0.1641 train_mapscore: 0.9656 train_c: -1.0964 train_max_dist: 32.2251 train_imax: -0.0000 train_imin: -4.1053 time: 2.8171s
INFO:root:Epoch: 1620 lr: 0.001 train_loss: 19017.0273 train_distortion: 0.1644 train_mapscore: 0.9652 train_c: -1.0966 train_max_dist: 32.2446 train_imax: -0.0000 train_imin: -4.1242 time: 2.8201s
INFO:root:Epoch: 1625 lr: 0.001 train_loss: 19013.5762 train_distortion: 0.1647 train_mapscore: 0.9658 train_c: -1.0967 train_max_dist: 32.2744 train_imax: -0.0000 train_imin: -4.0954 time: 2.8163s
INFO:root:Epoch: 1630 lr: 0.001 train_loss: 19011.3008 train_distortion: 0.1650 train_mapscore: 0.9656 train_c: -1.0968 train_max_dist: 32.2930 train_imax: -0.0000 train_imin: -4.1129 time: 2.8178s
INFO:root:Epoch: 1635 lr: 0.001 train_loss: 19011.7695 train_distortion: 0.1653 train_mapscore: 0.9653 train_c: -1.0969 train_max_dist: 32.3125 train_imax: -0.0000 train_imin: -4.0875 time: 2.8158s
INFO:root:Epoch: 1640 lr: 0.001 train_loss: 19012.5391 train_distortion: 0.1656 train_mapscore: 0.9652 train_c: -1.0970 train_max_dist: 32.3408 train_imax: -0.0000 train_imin: -4.1504 time: 2.8397s
INFO:root:Epoch: 1645 lr: 0.001 train_loss: 19008.1133 train_distortion: 0.1658 train_mapscore: 0.9653 train_c: -1.0971 train_max_dist: 32.3760 train_imax: -0.0000 train_imin: -4.0976 time: 2.8500s
INFO:root:Epoch: 1650 lr: 0.001 train_loss: 19004.4180 train_distortion: 0.1661 train_mapscore: 0.9653 train_c: -1.0972 train_max_dist: 32.3994 train_imax: -0.0000 train_imin: -4.0780 time: 2.8426s
INFO:root:Epoch: 1655 lr: 0.001 train_loss: 18999.0059 train_distortion: 0.1664 train_mapscore: 0.9656 train_c: -1.0973 train_max_dist: 32.4238 train_imax: -0.0000 train_imin: -4.1126 time: 2.8450s
INFO:root:Epoch: 1660 lr: 0.001 train_loss: 18996.0898 train_distortion: 0.1666 train_mapscore: 0.9657 train_c: -1.0974 train_max_dist: 32.4512 train_imax: -0.0000 train_imin: -4.1210 time: 2.8566s
INFO:root:Epoch: 1665 lr: 0.001 train_loss: 18992.9629 train_distortion: 0.1669 train_mapscore: 0.9660 train_c: -1.0975 train_max_dist: 32.4766 train_imax: -0.0000 train_imin: -4.1006 time: 2.8343s
INFO:root:Epoch: 1670 lr: 0.001 train_loss: 18990.8477 train_distortion: 0.1672 train_mapscore: 0.9658 train_c: -1.0977 train_max_dist: 32.5049 train_imax: -0.0000 train_imin: -4.1035 time: 2.8451s
INFO:root:Epoch: 1675 lr: 0.001 train_loss: 18990.4648 train_distortion: 0.1675 train_mapscore: 0.9658 train_c: -1.0978 train_max_dist: 32.5283 train_imax: -0.0000 train_imin: -4.0861 time: 2.8482s
INFO:root:Epoch: 1680 lr: 0.001 train_loss: 18991.8828 train_distortion: 0.1678 train_mapscore: 0.9658 train_c: -1.0979 train_max_dist: 32.5645 train_imax: -0.0000 train_imin: -4.1341 time: 2.8311s
INFO:root:Epoch: 1685 lr: 0.001 train_loss: 18986.6992 train_distortion: 0.1680 train_mapscore: 0.9659 train_c: -1.0980 train_max_dist: 32.5737 train_imax: -0.0000 train_imin: -4.0901 time: 2.8323s
INFO:root:Epoch: 1690 lr: 0.001 train_loss: 18985.1543 train_distortion: 0.1683 train_mapscore: 0.9656 train_c: -1.0981 train_max_dist: 32.6143 train_imax: -0.0000 train_imin: -4.0996 time: 2.8459s
INFO:root:Epoch: 1695 lr: 0.001 train_loss: 18980.8633 train_distortion: 0.1686 train_mapscore: 0.9658 train_c: -1.0982 train_max_dist: 32.6426 train_imax: -0.0000 train_imin: -4.1452 time: 2.8469s
INFO:root:Epoch: 1700 lr: 0.001 train_loss: 18979.2168 train_distortion: 0.1688 train_mapscore: 0.9657 train_c: -1.0983 train_max_dist: 32.6733 train_imax: -0.0000 train_imin: -4.0951 time: 2.8404s
INFO:root:Epoch: 1705 lr: 0.001 train_loss: 18976.0312 train_distortion: 0.1691 train_mapscore: 0.9659 train_c: -1.0984 train_max_dist: 32.6973 train_imax: -0.0000 train_imin: -4.0998 time: 2.8497s
INFO:root:Epoch: 1710 lr: 0.001 train_loss: 18973.0234 train_distortion: 0.1694 train_mapscore: 0.9657 train_c: -1.0985 train_max_dist: 32.7129 train_imax: -0.0000 train_imin: -4.1124 time: 2.8385s
INFO:root:Epoch: 1715 lr: 0.001 train_loss: 18972.1250 train_distortion: 0.1697 train_mapscore: 0.9659 train_c: -1.0986 train_max_dist: 32.7422 train_imax: -0.0000 train_imin: -4.1100 time: 2.8345s
INFO:root:Epoch: 1720 lr: 0.001 train_loss: 18970.6621 train_distortion: 0.1700 train_mapscore: 0.9661 train_c: -1.0988 train_max_dist: 32.7686 train_imax: -0.0000 train_imin: -4.1147 time: 2.8233s
INFO:root:Epoch: 1725 lr: 0.001 train_loss: 18968.1113 train_distortion: 0.1702 train_mapscore: 0.9659 train_c: -1.0989 train_max_dist: 32.7900 train_imax: -0.0000 train_imin: -4.1061 time: 2.8316s
INFO:root:Epoch: 1730 lr: 0.001 train_loss: 18964.8418 train_distortion: 0.1705 train_mapscore: 0.9659 train_c: -1.0990 train_max_dist: 32.8169 train_imax: -0.0000 train_imin: -4.1068 time: 2.8311s
INFO:root:Epoch: 1735 lr: 0.001 train_loss: 18962.1191 train_distortion: 0.1708 train_mapscore: 0.9661 train_c: -1.0991 train_max_dist: 32.8545 train_imax: -0.0000 train_imin: -4.1017 time: 2.8228s
INFO:root:Epoch: 1740 lr: 0.001 train_loss: 18960.1875 train_distortion: 0.1711 train_mapscore: 0.9663 train_c: -1.0992 train_max_dist: 32.8696 train_imax: -0.0000 train_imin: -4.1103 time: 2.8254s
INFO:root:Epoch: 1745 lr: 0.001 train_loss: 18958.0430 train_distortion: 0.1714 train_mapscore: 0.9661 train_c: -1.0993 train_max_dist: 32.8940 train_imax: -0.0000 train_imin: -4.0955 time: 2.8400s
INFO:root:Epoch: 1750 lr: 0.001 train_loss: 18955.8242 train_distortion: 0.1717 train_mapscore: 0.9663 train_c: -1.0994 train_max_dist: 32.9248 train_imax: -0.0000 train_imin: -4.1074 time: 2.8514s
INFO:root:Epoch: 1755 lr: 0.001 train_loss: 18956.3945 train_distortion: 0.1719 train_mapscore: 0.9662 train_c: -1.0995 train_max_dist: 32.9512 train_imax: -0.0000 train_imin: -4.1053 time: 2.8247s
INFO:root:Epoch: 1760 lr: 0.001 train_loss: 18955.3535 train_distortion: 0.1722 train_mapscore: 0.9664 train_c: -1.0996 train_max_dist: 32.9839 train_imax: -0.0000 train_imin: -4.1018 time: 2.8197s
INFO:root:Epoch: 1765 lr: 0.001 train_loss: 18952.4121 train_distortion: 0.1725 train_mapscore: 0.9662 train_c: -1.0997 train_max_dist: 32.9902 train_imax: -0.0000 train_imin: -4.0998 time: 2.8190s
INFO:root:Epoch: 1770 lr: 0.001 train_loss: 18947.5898 train_distortion: 0.1728 train_mapscore: 0.9662 train_c: -1.0998 train_max_dist: 33.0146 train_imax: -0.0000 train_imin: -4.1162 time: 2.8162s
INFO:root:Epoch: 1775 lr: 0.001 train_loss: 18943.9961 train_distortion: 0.1731 train_mapscore: 0.9665 train_c: -1.1000 train_max_dist: 33.0557 train_imax: -0.0000 train_imin: -4.1207 time: 2.8187s
INFO:root:Epoch: 1780 lr: 0.001 train_loss: 18941.9570 train_distortion: 0.1734 train_mapscore: 0.9665 train_c: -1.1001 train_max_dist: 33.0688 train_imax: -0.0000 train_imin: -4.1072 time: 2.8210s
INFO:root:Epoch: 1785 lr: 0.001 train_loss: 18940.1348 train_distortion: 0.1737 train_mapscore: 0.9665 train_c: -1.1002 train_max_dist: 33.1060 train_imax: -0.0000 train_imin: -4.1036 time: 2.8149s
INFO:root:Epoch: 1790 lr: 0.001 train_loss: 18938.5938 train_distortion: 0.1740 train_mapscore: 0.9669 train_c: -1.1003 train_max_dist: 33.1196 train_imax: -0.0000 train_imin: -4.1052 time: 2.8191s
INFO:root:Epoch: 1795 lr: 0.001 train_loss: 18937.3672 train_distortion: 0.1742 train_mapscore: 0.9668 train_c: -1.1004 train_max_dist: 33.1572 train_imax: -0.0000 train_imin: -4.1156 time: 2.8536s
INFO:root:Epoch: 1800 lr: 0.001 train_loss: 18938.2520 train_distortion: 0.1745 train_mapscore: 0.9664 train_c: -1.1005 train_max_dist: 33.1670 train_imax: -0.0000 train_imin: -4.1004 time: 2.8371s
INFO:root:Epoch: 1805 lr: 0.001 train_loss: 18934.3555 train_distortion: 0.1748 train_mapscore: 0.9664 train_c: -1.1006 train_max_dist: 33.1914 train_imax: -0.0000 train_imin: -4.1109 time: 2.8419s
INFO:root:Epoch: 1810 lr: 0.001 train_loss: 18932.5000 train_distortion: 0.1751 train_mapscore: 0.9668 train_c: -1.1007 train_max_dist: 33.2222 train_imax: -0.0000 train_imin: -4.1237 time: 2.8384s
INFO:root:Epoch: 1815 lr: 0.001 train_loss: 18929.1406 train_distortion: 0.1754 train_mapscore: 0.9666 train_c: -1.1008 train_max_dist: 33.2290 train_imax: -0.0000 train_imin: -4.1010 time: 2.8574s
INFO:root:Epoch: 1820 lr: 0.001 train_loss: 18927.1328 train_distortion: 0.1757 train_mapscore: 0.9666 train_c: -1.1009 train_max_dist: 33.2764 train_imax: -0.0000 train_imin: -4.1219 time: 2.8205s
INFO:root:Epoch: 1825 lr: 0.001 train_loss: 18924.2090 train_distortion: 0.1760 train_mapscore: 0.9667 train_c: -1.1011 train_max_dist: 33.2954 train_imax: -0.0000 train_imin: -4.1156 time: 2.8188s
INFO:root:Epoch: 1830 lr: 0.001 train_loss: 18921.6543 train_distortion: 0.1762 train_mapscore: 0.9668 train_c: -1.1012 train_max_dist: 33.3213 train_imax: -0.0000 train_imin: -4.1171 time: 2.8433s
INFO:root:Epoch: 1835 lr: 0.001 train_loss: 18920.7422 train_distortion: 0.1765 train_mapscore: 0.9665 train_c: -1.1013 train_max_dist: 33.3320 train_imax: -0.0000 train_imin: -4.1290 time: 2.8455s
INFO:root:Epoch: 1840 lr: 0.001 train_loss: 18920.9492 train_distortion: 0.1768 train_mapscore: 0.9666 train_c: -1.1014 train_max_dist: 33.3613 train_imax: -0.0000 train_imin: -4.1147 time: 2.8502s
INFO:root:Epoch: 1845 lr: 0.001 train_loss: 18918.8223 train_distortion: 0.1771 train_mapscore: 0.9667 train_c: -1.1015 train_max_dist: 33.3804 train_imax: -0.0000 train_imin: -4.1348 time: 2.8588s
INFO:root:Epoch: 1850 lr: 0.001 train_loss: 18917.4922 train_distortion: 0.1774 train_mapscore: 0.9665 train_c: -1.1016 train_max_dist: 33.4131 train_imax: -0.0000 train_imin: -4.1218 time: 2.8411s
INFO:root:Epoch: 1855 lr: 0.001 train_loss: 18913.8281 train_distortion: 0.1777 train_mapscore: 0.9667 train_c: -1.1017 train_max_dist: 33.4561 train_imax: -0.0000 train_imin: -4.1243 time: 2.8494s
INFO:root:Epoch: 1860 lr: 0.001 train_loss: 18911.5215 train_distortion: 0.1779 train_mapscore: 0.9668 train_c: -1.1018 train_max_dist: 33.4648 train_imax: -0.0000 train_imin: -4.1188 time: 2.8512s
INFO:root:Epoch: 1865 lr: 0.001 train_loss: 18908.8867 train_distortion: 0.1783 train_mapscore: 0.9667 train_c: -1.1019 train_max_dist: 33.4746 train_imax: -0.0000 train_imin: -4.1183 time: 2.8328s
INFO:root:Epoch: 1870 lr: 0.001 train_loss: 18908.7227 train_distortion: 0.1786 train_mapscore: 0.9671 train_c: -1.1020 train_max_dist: 33.5020 train_imax: -0.0000 train_imin: -4.1274 time: 2.8454s
INFO:root:Epoch: 1875 lr: 0.001 train_loss: 18908.6914 train_distortion: 0.1788 train_mapscore: 0.9669 train_c: -1.1022 train_max_dist: 33.5312 train_imax: -0.0000 train_imin: -4.1213 time: 2.8504s
INFO:root:Epoch: 1880 lr: 0.001 train_loss: 18903.5078 train_distortion: 0.1791 train_mapscore: 0.9671 train_c: -1.1023 train_max_dist: 33.5391 train_imax: -0.0000 train_imin: -4.1326 time: 2.8292s
INFO:root:Epoch: 1885 lr: 0.001 train_loss: 18901.8555 train_distortion: 0.1794 train_mapscore: 0.9670 train_c: -1.1024 train_max_dist: 33.5684 train_imax: -0.0000 train_imin: -4.1187 time: 2.8212s
INFO:root:Epoch: 1890 lr: 0.001 train_loss: 18901.2422 train_distortion: 0.1797 train_mapscore: 0.9668 train_c: -1.1025 train_max_dist: 33.5923 train_imax: -0.0000 train_imin: -4.1259 time: 2.8464s
INFO:root:Epoch: 1895 lr: 0.001 train_loss: 18897.7656 train_distortion: 0.1800 train_mapscore: 0.9669 train_c: -1.1026 train_max_dist: 33.6001 train_imax: -0.0000 train_imin: -4.1213 time: 2.8290s
INFO:root:Epoch: 1900 lr: 0.001 train_loss: 18897.2109 train_distortion: 0.1803 train_mapscore: 0.9674 train_c: -1.1027 train_max_dist: 33.6211 train_imax: -0.0000 train_imin: -4.1289 time: 2.8253s
INFO:root:Epoch: 1905 lr: 0.001 train_loss: 18894.5566 train_distortion: 0.1806 train_mapscore: 0.9671 train_c: -1.1028 train_max_dist: 33.6558 train_imax: -0.0000 train_imin: -4.1352 time: 2.8190s
INFO:root:Epoch: 1910 lr: 0.001 train_loss: 18894.2422 train_distortion: 0.1809 train_mapscore: 0.9671 train_c: -1.1029 train_max_dist: 33.6958 train_imax: -0.0000 train_imin: -4.1237 time: 2.8537s
INFO:root:Epoch: 1915 lr: 0.001 train_loss: 18892.0742 train_distortion: 0.1812 train_mapscore: 0.9674 train_c: -1.1030 train_max_dist: 33.6855 train_imax: -0.0000 train_imin: -4.1406 time: 2.8523s
INFO:root:Epoch: 1920 lr: 0.001 train_loss: 18892.8047 train_distortion: 0.1814 train_mapscore: 0.9675 train_c: -1.1031 train_max_dist: 33.7183 train_imax: -0.0000 train_imin: -4.1205 time: 2.8437s
INFO:root:Epoch: 1925 lr: 0.001 train_loss: 18890.3457 train_distortion: 0.1818 train_mapscore: 0.9671 train_c: -1.1033 train_max_dist: 33.7490 train_imax: -0.0000 train_imin: -4.1366 time: 2.8405s
INFO:root:Epoch: 1930 lr: 0.001 train_loss: 18887.3242 train_distortion: 0.1821 train_mapscore: 0.9675 train_c: -1.1034 train_max_dist: 33.7646 train_imax: -0.0000 train_imin: -4.1336 time: 2.8243s
INFO:root:Epoch: 1935 lr: 0.001 train_loss: 18884.7383 train_distortion: 0.1823 train_mapscore: 0.9673 train_c: -1.1035 train_max_dist: 33.7861 train_imax: -0.0000 train_imin: -4.1327 time: 2.8186s
INFO:root:Epoch: 1940 lr: 0.001 train_loss: 18884.0000 train_distortion: 0.1827 train_mapscore: 0.9675 train_c: -1.1036 train_max_dist: 33.7959 train_imax: -0.0000 train_imin: -4.1339 time: 2.8182s
INFO:root:Epoch: 1945 lr: 0.001 train_loss: 18882.8633 train_distortion: 0.1830 train_mapscore: 0.9673 train_c: -1.1037 train_max_dist: 33.8174 train_imax: -0.0000 train_imin: -4.1423 time: 2.8185s
INFO:root:Epoch: 1950 lr: 0.001 train_loss: 18879.4980 train_distortion: 0.1832 train_mapscore: 0.9675 train_c: -1.1038 train_max_dist: 33.8340 train_imax: -0.0000 train_imin: -4.1399 time: 2.8192s
INFO:root:Epoch: 1955 lr: 0.001 train_loss: 18877.1387 train_distortion: 0.1835 train_mapscore: 0.9678 train_c: -1.1039 train_max_dist: 33.8564 train_imax: -0.0000 train_imin: -4.1405 time: 2.8167s
INFO:root:Epoch: 1960 lr: 0.001 train_loss: 18874.4570 train_distortion: 0.1839 train_mapscore: 0.9679 train_c: -1.1040 train_max_dist: 33.8789 train_imax: -0.0000 train_imin: -4.1351 time: 2.8555s
INFO:root:Epoch: 1965 lr: 0.001 train_loss: 18872.5352 train_distortion: 0.1841 train_mapscore: 0.9673 train_c: -1.1041 train_max_dist: 33.9180 train_imax: -0.0000 train_imin: -4.1415 time: 2.8305s
INFO:root:Epoch: 1970 lr: 0.001 train_loss: 18871.3906 train_distortion: 0.1845 train_mapscore: 0.9674 train_c: -1.1042 train_max_dist: 33.9175 train_imax: -0.0000 train_imin: -4.1304 time: 2.8210s
INFO:root:Epoch: 1975 lr: 0.001 train_loss: 18870.5703 train_distortion: 0.1848 train_mapscore: 0.9674 train_c: -1.1044 train_max_dist: 33.9478 train_imax: -0.0000 train_imin: -4.1411 time: 2.8206s
INFO:root:Epoch: 1980 lr: 0.001 train_loss: 18872.0371 train_distortion: 0.1850 train_mapscore: 0.9673 train_c: -1.1045 train_max_dist: 33.9717 train_imax: -0.0000 train_imin: -4.1445 time: 2.8178s
INFO:root:Epoch: 1985 lr: 0.001 train_loss: 18870.6562 train_distortion: 0.1853 train_mapscore: 0.9677 train_c: -1.1046 train_max_dist: 33.9854 train_imax: -0.0000 train_imin: -4.1412 time: 2.8200s
INFO:root:Epoch: 1990 lr: 0.001 train_loss: 18867.1797 train_distortion: 0.1856 train_mapscore: 0.9676 train_c: -1.1047 train_max_dist: 34.0220 train_imax: -0.0000 train_imin: -4.1439 time: 2.8574s
INFO:root:Epoch: 1995 lr: 0.001 train_loss: 18864.5000 train_distortion: 0.1859 train_mapscore: 0.9675 train_c: -1.1048 train_max_dist: 34.0205 train_imax: -0.0000 train_imin: -4.1458 time: 2.8356s
INFO:root:Epoch: 2000 lr: 0.00025 train_loss: 18862.5898 train_distortion: 0.1862 train_mapscore: 0.9676 train_c: -1.1049 train_max_dist: 34.0479 train_imax: -0.0000 train_imin: -4.1531 time: 2.8508s
INFO:root:Optimization Finished!
INFO:root:Total time elapsed: 5713.5023s
INFO:root:Val set results: val_distortion: 1.0000 val_mapscore: -1.0000 val_c: -1.0000 val_max_dist: 0.0000
INFO:root:Test set results: test_loss: 18862.4102 test_distortion: 0.1863 test_mapscore: 0.9676 test_c: -1.1049 test_max_dist: 34.0586 test_imax: -0.0000 test_imin: -4.1390
INFO:root:Saved model in /workspace/xiongbo/hgcn/logs/md/2021_5_22/0
