INFO:root:Using: cuda:0
INFO:root:Using seed 1234.
INFO:root:MDModel(
  (encoder): HGCN(
    (layers): Sequential(
      (0): HyperbolicGraphConvolution(
        (linear): HypLinear(
          in_features=4942, out_features=10, c=Parameter containing:
          tensor([-1.], requires_grad=True)
        )
        (agg): HypAgg(
          c=Parameter containing:
          tensor([-1.], requires_grad=True)
        )
        (hyp_act): HypAct(
          c_in=Parameter containing:
          tensor([-1.], requires_grad=True), c_out=Parameter containing:
          tensor([-1.], requires_grad=True)
        )
      )
    )
  )
  (decoder): MDDecoder()
)
INFO:root:Total number of parameters: 49432
/workspace/anaconda3/envs/geo/lib/python3.7/site-packages/torch/optim/lr_scheduler.py:370: UserWarning: To get the last learning rate computed by the scheduler, please use `get_last_lr()`.
  "please use `get_last_lr()`.", UserWarning)
INFO:root:Epoch: 0005 lr: 0.01 train_loss: 103411.0469 train_distortion: 0.8831 train_mapscore: 0.1821 train_c: -1.0004 train_max_dist: 2.8348 train_imax: -0.0000 train_imin: -0.9967 time: 3.2242s
INFO:root:Epoch: 0010 lr: 0.01 train_loss: 101181.5469 train_distortion: 0.8717 train_mapscore: 0.2855 train_c: -1.0009 train_max_dist: 3.3741 train_imax: -0.0000 train_imin: -0.9973 time: 3.0263s
INFO:root:Epoch: 0015 lr: 0.01 train_loss: 100142.8281 train_distortion: 0.8664 train_mapscore: 0.3309 train_c: -1.0014 train_max_dist: 3.5665 train_imax: -0.0000 train_imin: -1.0005 time: 2.9763s
INFO:root:Epoch: 0020 lr: 0.01 train_loss: 99441.0000 train_distortion: 0.8623 train_mapscore: 0.3349 train_c: -1.0019 train_max_dist: 3.4969 train_imax: -0.0000 train_imin: -1.0012 time: 2.9460s
INFO:root:Epoch: 0025 lr: 0.01 train_loss: 98933.8906 train_distortion: 0.8591 train_mapscore: 0.3359 train_c: -1.0025 train_max_dist: 3.3275 train_imax: -0.0000 train_imin: -1.0016 time: 2.9353s
INFO:root:Epoch: 0030 lr: 0.01 train_loss: 98540.9531 train_distortion: 0.8565 train_mapscore: 0.3303 train_c: -1.0030 train_max_dist: 3.3234 train_imax: -0.0000 train_imin: -1.0019 time: 2.9307s
INFO:root:Epoch: 0035 lr: 0.01 train_loss: 98221.5938 train_distortion: 0.8544 train_mapscore: 0.3223 train_c: -1.0036 train_max_dist: 3.3396 train_imax: -0.0000 train_imin: -1.0028 time: 2.9425s
INFO:root:Epoch: 0040 lr: 0.01 train_loss: 97957.0781 train_distortion: 0.8526 train_mapscore: 0.3084 train_c: -1.0041 train_max_dist: 3.2831 train_imax: -0.0000 train_imin: -1.0035 time: 2.9152s
INFO:root:Epoch: 0045 lr: 0.01 train_loss: 97732.0078 train_distortion: 0.8511 train_mapscore: 0.2972 train_c: -1.0047 train_max_dist: 3.2566 train_imax: -0.0000 train_imin: -1.0041 time: 2.9093s
INFO:root:Epoch: 0050 lr: 0.01 train_loss: 97537.9688 train_distortion: 0.8498 train_mapscore: 0.2845 train_c: -1.0052 train_max_dist: 3.2609 train_imax: -0.0000 train_imin: -1.0049 time: 2.9072s
INFO:root:Epoch: 0055 lr: 0.01 train_loss: 97365.6719 train_distortion: 0.8486 train_mapscore: 0.2731 train_c: -1.0058 train_max_dist: 3.2674 train_imax: -0.0000 train_imin: -1.0057 time: 2.9239s
INFO:root:Epoch: 0060 lr: 0.01 train_loss: 97215.8125 train_distortion: 0.8476 train_mapscore: 0.2613 train_c: -1.0063 train_max_dist: 3.2523 train_imax: -0.0000 train_imin: -1.0062 time: 2.9129s
INFO:root:Epoch: 0065 lr: 0.01 train_loss: 97077.6406 train_distortion: 0.8466 train_mapscore: 0.2519 train_c: -1.0069 train_max_dist: 3.2230 train_imax: -0.0000 train_imin: -1.0067 time: 2.9171s
INFO:root:Epoch: 0070 lr: 0.01 train_loss: 96954.5938 train_distortion: 0.8457 train_mapscore: 0.2444 train_c: -1.0074 train_max_dist: 3.2298 train_imax: -0.0000 train_imin: -1.0072 time: 2.9092s
INFO:root:Epoch: 0075 lr: 0.01 train_loss: 96843.9531 train_distortion: 0.8449 train_mapscore: 0.2344 train_c: -1.0080 train_max_dist: 3.2362 train_imax: -0.0000 train_imin: -1.0078 time: 2.9439s
INFO:root:Epoch: 0080 lr: 0.01 train_loss: 96741.0547 train_distortion: 0.8442 train_mapscore: 0.2281 train_c: -1.0085 train_max_dist: 3.2470 train_imax: -0.0000 train_imin: -1.0084 time: 2.9353s
INFO:root:Epoch: 0085 lr: 0.01 train_loss: 96647.1250 train_distortion: 0.8435 train_mapscore: 0.2203 train_c: -1.0090 train_max_dist: 3.2441 train_imax: -0.0000 train_imin: -1.0089 time: 2.9438s
INFO:root:Epoch: 0090 lr: 0.01 train_loss: 96560.3750 train_distortion: 0.8430 train_mapscore: 0.2128 train_c: -1.0096 train_max_dist: 3.2382 train_imax: -0.0000 train_imin: -1.0094 time: 2.9555s
INFO:root:Epoch: 0095 lr: 0.01 train_loss: 96479.4453 train_distortion: 0.8424 train_mapscore: 0.2065 train_c: -1.0101 train_max_dist: 3.2318 train_imax: -0.0000 train_imin: -1.0100 time: 2.9569s
INFO:root:Epoch: 0100 lr: 0.01 train_loss: 96403.7500 train_distortion: 0.8419 train_mapscore: 0.1999 train_c: -1.0107 train_max_dist: 3.2434 train_imax: -0.0000 train_imin: -1.0106 time: 2.9542s
INFO:root:Epoch: 0105 lr: 0.01 train_loss: 96333.5312 train_distortion: 0.8414 train_mapscore: 0.1962 train_c: -1.0112 train_max_dist: 3.2717 train_imax: -0.0000 train_imin: -1.0111 time: 2.9487s
INFO:root:Epoch: 0110 lr: 0.01 train_loss: 96267.0625 train_distortion: 0.8410 train_mapscore: 0.1914 train_c: -1.0117 train_max_dist: 3.2741 train_imax: -0.0000 train_imin: -1.0116 time: 2.9654s
INFO:root:Epoch: 0115 lr: 0.01 train_loss: 96205.2344 train_distortion: 0.8406 train_mapscore: 0.1870 train_c: -1.0123 train_max_dist: 3.2712 train_imax: -0.0000 train_imin: -1.0122 time: 2.9607s
INFO:root:Epoch: 0120 lr: 0.01 train_loss: 96147.9453 train_distortion: 0.8402 train_mapscore: 0.1804 train_c: -1.0128 train_max_dist: 3.2670 train_imax: -0.0000 train_imin: -1.0128 time: 2.9692s
INFO:root:Epoch: 0125 lr: 0.01 train_loss: 96095.9375 train_distortion: 0.8399 train_mapscore: 0.1757 train_c: -1.0133 train_max_dist: 3.2694 train_imax: -0.0000 train_imin: -1.0132 time: 2.9800s
INFO:root:Epoch: 0130 lr: 0.01 train_loss: 96048.9688 train_distortion: 0.8396 train_mapscore: 0.1733 train_c: -1.0139 train_max_dist: 3.2658 train_imax: -0.0000 train_imin: -1.0138 time: 2.9959s
INFO:root:Epoch: 0135 lr: 0.01 train_loss: 96003.2344 train_distortion: 0.8393 train_mapscore: 0.1690 train_c: -1.0144 train_max_dist: 3.2757 train_imax: -0.0000 train_imin: -1.0143 time: 2.9792s
INFO:root:Epoch: 0140 lr: 0.01 train_loss: 95961.2500 train_distortion: 0.8391 train_mapscore: 0.1647 train_c: -1.0149 train_max_dist: 3.2704 train_imax: -0.0000 train_imin: -1.0149 time: 2.9657s
INFO:root:Epoch: 0145 lr: 0.01 train_loss: 95922.2656 train_distortion: 0.8388 train_mapscore: 0.1631 train_c: -1.0155 train_max_dist: 3.2702 train_imax: -0.0000 train_imin: -1.0154 time: 2.9752s
INFO:root:Epoch: 0150 lr: 0.01 train_loss: 95884.6094 train_distortion: 0.8386 train_mapscore: 0.1588 train_c: -1.0160 train_max_dist: 3.2798 train_imax: -0.0000 train_imin: -1.0160 time: 2.9715s
INFO:root:Epoch: 0155 lr: 0.01 train_loss: 95848.5000 train_distortion: 0.8383 train_mapscore: 0.1573 train_c: -1.0165 train_max_dist: 3.2852 train_imax: -0.0000 train_imin: -1.0165 time: 2.9687s
INFO:root:Epoch: 0160 lr: 0.01 train_loss: 95814.7188 train_distortion: 0.8381 train_mapscore: 0.1555 train_c: -1.0170 train_max_dist: 3.2696 train_imax: -0.0000 train_imin: -1.0170 time: 2.9773s
INFO:root:Epoch: 0165 lr: 0.01 train_loss: 95782.6328 train_distortion: 0.8379 train_mapscore: 0.1537 train_c: -1.0176 train_max_dist: 3.2685 train_imax: -0.0000 train_imin: -1.0175 time: 2.9604s
INFO:root:Epoch: 0170 lr: 0.01 train_loss: 95750.8828 train_distortion: 0.8377 train_mapscore: 0.1508 train_c: -1.0181 train_max_dist: 3.2662 train_imax: -0.0000 train_imin: -1.0181 time: 2.9716s
INFO:root:Epoch: 0175 lr: 0.01 train_loss: 95720.1797 train_distortion: 0.8375 train_mapscore: 0.1474 train_c: -1.0186 train_max_dist: 3.2436 train_imax: -0.0000 train_imin: -1.0186 time: 2.9772s
INFO:root:Epoch: 0180 lr: 0.01 train_loss: 95691.7969 train_distortion: 0.8373 train_mapscore: 0.1462 train_c: -1.0191 train_max_dist: 3.2386 train_imax: -0.0000 train_imin: -1.0191 time: 2.9992s
INFO:root:Epoch: 0185 lr: 0.01 train_loss: 95664.2188 train_distortion: 0.8371 train_mapscore: 0.1433 train_c: -1.0197 train_max_dist: 3.2207 train_imax: -0.0000 train_imin: -1.0196 time: 2.9892s
INFO:root:Epoch: 0190 lr: 0.01 train_loss: 95637.0312 train_distortion: 0.8369 train_mapscore: 0.1416 train_c: -1.0202 train_max_dist: 3.2118 train_imax: -0.0000 train_imin: -1.0201 time: 3.0052s
INFO:root:Epoch: 0195 lr: 0.01 train_loss: 95610.2344 train_distortion: 0.8367 train_mapscore: 0.1401 train_c: -1.0207 train_max_dist: 3.1912 train_imax: -0.0000 train_imin: -1.0207 time: 3.0165s
INFO:root:Epoch: 0200 lr: 0.01 train_loss: 95585.2422 train_distortion: 0.8365 train_mapscore: 0.1380 train_c: -1.0212 train_max_dist: 3.1655 train_imax: -0.0000 train_imin: -1.0212 time: 3.0201s
INFO:root:Epoch: 0205 lr: 0.01 train_loss: 95560.4062 train_distortion: 0.8364 train_mapscore: 0.1346 train_c: -1.0217 train_max_dist: 3.1485 train_imax: -0.0000 train_imin: -1.0217 time: 3.0255s
INFO:root:Epoch: 0210 lr: 0.01 train_loss: 95536.6094 train_distortion: 0.8362 train_mapscore: 0.1341 train_c: -1.0223 train_max_dist: 3.1616 train_imax: -0.0000 train_imin: -1.0222 time: 3.0115s
INFO:root:Epoch: 0215 lr: 0.01 train_loss: 95513.7969 train_distortion: 0.8361 train_mapscore: 0.1326 train_c: -1.0228 train_max_dist: 3.1536 train_imax: -0.0000 train_imin: -1.0228 time: 3.0177s
INFO:root:Epoch: 0220 lr: 0.01 train_loss: 95491.6016 train_distortion: 0.8359 train_mapscore: 0.1315 train_c: -1.0233 train_max_dist: 3.1587 train_imax: -0.0000 train_imin: -1.0233 time: 3.0172s
INFO:root:Epoch: 0225 lr: 0.01 train_loss: 95470.7344 train_distortion: 0.8358 train_mapscore: 0.1287 train_c: -1.0238 train_max_dist: 3.1496 train_imax: -0.0000 train_imin: -1.0238 time: 3.0239s
INFO:root:Epoch: 0230 lr: 0.01 train_loss: 95451.8125 train_distortion: 0.8357 train_mapscore: 0.1264 train_c: -1.0243 train_max_dist: 3.1582 train_imax: -0.0000 train_imin: -1.0243 time: 3.0291s
INFO:root:Epoch: 0235 lr: 0.01 train_loss: 95432.3125 train_distortion: 0.8355 train_mapscore: 0.1259 train_c: -1.0248 train_max_dist: 3.1516 train_imax: -0.0000 train_imin: -1.0248 time: 3.0191s
INFO:root:Epoch: 0240 lr: 0.01 train_loss: 95414.5000 train_distortion: 0.8354 train_mapscore: 0.1234 train_c: -1.0254 train_max_dist: 3.1332 train_imax: -0.0000 train_imin: -1.0253 time: 3.0172s
INFO:root:Epoch: 0245 lr: 0.01 train_loss: 95397.0859 train_distortion: 0.8353 train_mapscore: 0.1240 train_c: -1.0259 train_max_dist: 3.1401 train_imax: -0.0000 train_imin: -1.0259 time: 3.0082s
INFO:root:Epoch: 0250 lr: 0.01 train_loss: 95380.7656 train_distortion: 0.8352 train_mapscore: 0.1223 train_c: -1.0264 train_max_dist: 3.1332 train_imax: -0.0000 train_imin: -1.0264 time: 3.0198s
INFO:root:Epoch: 0255 lr: 0.01 train_loss: 95364.8984 train_distortion: 0.8351 train_mapscore: 0.1225 train_c: -1.0269 train_max_dist: 3.1375 train_imax: -0.0000 train_imin: -1.0269 time: 3.0006s
INFO:root:Epoch: 0260 lr: 0.01 train_loss: 95348.9375 train_distortion: 0.8350 train_mapscore: 0.1217 train_c: -1.0274 train_max_dist: 3.1247 train_imax: -0.0000 train_imin: -1.0274 time: 3.0206s
INFO:root:Epoch: 0265 lr: 0.01 train_loss: 95333.9766 train_distortion: 0.8349 train_mapscore: 0.1234 train_c: -1.0279 train_max_dist: 3.1114 train_imax: -0.0000 train_imin: -1.0279 time: 3.0150s
INFO:root:Epoch: 0270 lr: 0.01 train_loss: 95319.8125 train_distortion: 0.8348 train_mapscore: 0.1228 train_c: -1.0284 train_max_dist: 3.1042 train_imax: -0.0000 train_imin: -1.0284 time: 3.0176s
INFO:root:Epoch: 0275 lr: 0.01 train_loss: 95305.4297 train_distortion: 0.8347 train_mapscore: 0.1234 train_c: -1.0290 train_max_dist: 3.0977 train_imax: -0.0000 train_imin: -1.0290 time: 3.0474s
INFO:root:Epoch: 0280 lr: 0.01 train_loss: 95291.3750 train_distortion: 0.8346 train_mapscore: 0.1211 train_c: -1.0295 train_max_dist: 3.0923 train_imax: -0.0000 train_imin: -1.0295 time: 3.0195s
INFO:root:Epoch: 0285 lr: 0.01 train_loss: 95277.6875 train_distortion: 0.8345 train_mapscore: 0.1206 train_c: -1.0300 train_max_dist: 3.0915 train_imax: -0.0000 train_imin: -1.0300 time: 3.0251s
INFO:root:Epoch: 0290 lr: 0.01 train_loss: 95263.3672 train_distortion: 0.8344 train_mapscore: 0.1198 train_c: -1.0305 train_max_dist: 3.0854 train_imax: -0.0000 train_imin: -1.0305 time: 3.0292s
INFO:root:Epoch: 0295 lr: 0.01 train_loss: 95249.4219 train_distortion: 0.8343 train_mapscore: 0.1192 train_c: -1.0310 train_max_dist: 3.0669 train_imax: -0.0000 train_imin: -1.0310 time: 3.0220s
INFO:root:Epoch: 0300 lr: 0.01 train_loss: 95235.6406 train_distortion: 0.8342 train_mapscore: 0.1179 train_c: -1.0315 train_max_dist: 3.0686 train_imax: -0.0000 train_imin: -1.0315 time: 3.0163s
INFO:root:Epoch: 0305 lr: 0.01 train_loss: 95222.3438 train_distortion: 0.8341 train_mapscore: 0.1180 train_c: -1.0320 train_max_dist: 3.0683 train_imax: -0.0000 train_imin: -1.0320 time: 3.0267s
INFO:root:Epoch: 0310 lr: 0.01 train_loss: 95208.1719 train_distortion: 0.8340 train_mapscore: 0.1177 train_c: -1.0325 train_max_dist: 3.0641 train_imax: -0.0000 train_imin: -1.0325 time: 3.0217s
INFO:root:Epoch: 0315 lr: 0.01 train_loss: 95194.2812 train_distortion: 0.8339 train_mapscore: 0.1175 train_c: -1.0331 train_max_dist: 3.0665 train_imax: -0.0000 train_imin: -1.0330 time: 3.0256s
INFO:root:Epoch: 0320 lr: 0.01 train_loss: 95180.7969 train_distortion: 0.8338 train_mapscore: 0.1163 train_c: -1.0336 train_max_dist: 3.0749 train_imax: -0.0000 train_imin: -1.0336 time: 3.0236s
INFO:root:Epoch: 0325 lr: 0.01 train_loss: 95167.7500 train_distortion: 0.8337 train_mapscore: 0.1147 train_c: -1.0341 train_max_dist: 3.0632 train_imax: -0.0000 train_imin: -1.0341 time: 3.0281s
INFO:root:Epoch: 0330 lr: 0.01 train_loss: 95154.2891 train_distortion: 0.8336 train_mapscore: 0.1157 train_c: -1.0346 train_max_dist: 3.0764 train_imax: -0.0000 train_imin: -1.0346 time: 3.0231s
INFO:root:Epoch: 0335 lr: 0.01 train_loss: 95141.2344 train_distortion: 0.8335 train_mapscore: 0.1158 train_c: -1.0351 train_max_dist: 3.0700 train_imax: -0.0000 train_imin: -1.0351 time: 3.0159s
INFO:root:Epoch: 0340 lr: 0.01 train_loss: 95128.3750 train_distortion: 0.8334 train_mapscore: 0.1139 train_c: -1.0356 train_max_dist: 3.0760 train_imax: -0.0000 train_imin: -1.0356 time: 3.0177s
INFO:root:Epoch: 0345 lr: 0.01 train_loss: 95116.3203 train_distortion: 0.8334 train_mapscore: 0.1124 train_c: -1.0361 train_max_dist: 3.0791 train_imax: -0.0000 train_imin: -1.0361 time: 3.0240s
INFO:root:Epoch: 0350 lr: 0.01 train_loss: 95103.6016 train_distortion: 0.8333 train_mapscore: 0.1098 train_c: -1.0366 train_max_dist: 3.0781 train_imax: -0.0000 train_imin: -1.0366 time: 3.0179s
INFO:root:Epoch: 0355 lr: 0.01 train_loss: 95090.6016 train_distortion: 0.8332 train_mapscore: 0.1087 train_c: -1.0371 train_max_dist: 3.0734 train_imax: -0.0000 train_imin: -1.0371 time: 3.0319s
INFO:root:Epoch: 0360 lr: 0.01 train_loss: 95078.0391 train_distortion: 0.8331 train_mapscore: 0.1102 train_c: -1.0376 train_max_dist: 3.0842 train_imax: -0.0000 train_imin: -1.0376 time: 3.0291s
INFO:root:Epoch: 0365 lr: 0.01 train_loss: 95065.9766 train_distortion: 0.8331 train_mapscore: 0.1097 train_c: -1.0382 train_max_dist: 3.0819 train_imax: -0.0000 train_imin: -1.0381 time: 3.0311s
INFO:root:Epoch: 0370 lr: 0.01 train_loss: 95054.1875 train_distortion: 0.8330 train_mapscore: 0.1099 train_c: -1.0387 train_max_dist: 3.0847 train_imax: -0.0000 train_imin: -1.0387 time: 3.0366s
INFO:root:Epoch: 0375 lr: 0.01 train_loss: 95041.3906 train_distortion: 0.8329 train_mapscore: 0.1080 train_c: -1.0392 train_max_dist: 3.0846 train_imax: -0.0000 train_imin: -1.0392 time: 3.0350s
INFO:root:Epoch: 0380 lr: 0.01 train_loss: 95028.4375 train_distortion: 0.8328 train_mapscore: 0.1070 train_c: -1.0397 train_max_dist: 3.0837 train_imax: -0.0000 train_imin: -1.0397 time: 3.0475s
INFO:root:Epoch: 0385 lr: 0.01 train_loss: 95015.8906 train_distortion: 0.8327 train_mapscore: 0.1049 train_c: -1.0402 train_max_dist: 3.0870 train_imax: -0.0000 train_imin: -1.0402 time: 3.0372s
INFO:root:Epoch: 0390 lr: 0.01 train_loss: 95004.1875 train_distortion: 0.8326 train_mapscore: 0.1036 train_c: -1.0407 train_max_dist: 3.0936 train_imax: -0.0000 train_imin: -1.0407 time: 3.0511s
INFO:root:Epoch: 0395 lr: 0.01 train_loss: 94991.2969 train_distortion: 0.8325 train_mapscore: 0.1023 train_c: -1.0412 train_max_dist: 3.1030 train_imax: -0.0000 train_imin: -1.0412 time: 3.0358s
INFO:root:Epoch: 0400 lr: 0.01 train_loss: 94978.7109 train_distortion: 0.8324 train_mapscore: 0.1009 train_c: -1.0417 train_max_dist: 3.1045 train_imax: -0.0000 train_imin: -1.0417 time: 3.0388s
INFO:root:Epoch: 0405 lr: 0.01 train_loss: 94966.8281 train_distortion: 0.8323 train_mapscore: 0.1024 train_c: -1.0422 train_max_dist: 3.1031 train_imax: -0.0000 train_imin: -1.0422 time: 3.0393s
INFO:root:Epoch: 0410 lr: 0.01 train_loss: 94955.8516 train_distortion: 0.8322 train_mapscore: 0.1021 train_c: -1.0427 train_max_dist: 3.1035 train_imax: -0.0000 train_imin: -1.0427 time: 3.0495s
INFO:root:Epoch: 0415 lr: 0.01 train_loss: 94944.3750 train_distortion: 0.8321 train_mapscore: 0.1021 train_c: -1.0432 train_max_dist: 3.1091 train_imax: -0.0000 train_imin: -1.0432 time: 3.0320s
INFO:root:Epoch: 0420 lr: 0.01 train_loss: 94933.0234 train_distortion: 0.8321 train_mapscore: 0.1024 train_c: -1.0437 train_max_dist: 3.1077 train_imax: -0.0000 train_imin: -1.0437 time: 3.0471s
INFO:root:Epoch: 0425 lr: 0.01 train_loss: 94922.2656 train_distortion: 0.8320 train_mapscore: 0.1027 train_c: -1.0442 train_max_dist: 3.1039 train_imax: -0.0000 train_imin: -1.0442 time: 3.0331s
INFO:root:Epoch: 0430 lr: 0.01 train_loss: 94912.1406 train_distortion: 0.8319 train_mapscore: 0.1015 train_c: -1.0447 train_max_dist: 3.1041 train_imax: -0.0000 train_imin: -1.0447 time: 3.0545s
INFO:root:Epoch: 0435 lr: 0.01 train_loss: 94902.8438 train_distortion: 0.8319 train_mapscore: 0.1018 train_c: -1.0452 train_max_dist: 3.1159 train_imax: -0.0000 train_imin: -1.0452 time: 3.0550s
INFO:root:Epoch: 0440 lr: 0.01 train_loss: 94892.1719 train_distortion: 0.8318 train_mapscore: 0.1019 train_c: -1.0457 train_max_dist: 3.1156 train_imax: -0.0000 train_imin: -1.0457 time: 3.0606s
INFO:root:Epoch: 0445 lr: 0.01 train_loss: 94882.1250 train_distortion: 0.8317 train_mapscore: 0.1023 train_c: -1.0463 train_max_dist: 3.1250 train_imax: -0.0000 train_imin: -1.0463 time: 3.0584s
INFO:root:Epoch: 0450 lr: 0.01 train_loss: 94872.4531 train_distortion: 0.8316 train_mapscore: 0.1016 train_c: -1.0468 train_max_dist: 3.1323 train_imax: -0.0000 train_imin: -1.0468 time: 3.0615s
INFO:root:Epoch: 0455 lr: 0.01 train_loss: 94863.1719 train_distortion: 0.8316 train_mapscore: 0.1008 train_c: -1.0473 train_max_dist: 3.1433 train_imax: -0.0000 train_imin: -1.0473 time: 3.0690s
INFO:root:Epoch: 0460 lr: 0.01 train_loss: 94854.0469 train_distortion: 0.8315 train_mapscore: 0.1002 train_c: -1.0478 train_max_dist: 3.1585 train_imax: -0.0000 train_imin: -1.0478 time: 3.0571s
INFO:root:Epoch: 0465 lr: 0.01 train_loss: 94844.4219 train_distortion: 0.8314 train_mapscore: 0.1003 train_c: -1.0483 train_max_dist: 3.1663 train_imax: -0.0000 train_imin: -1.0483 time: 3.0592s
INFO:root:Epoch: 0470 lr: 0.01 train_loss: 94834.5000 train_distortion: 0.8314 train_mapscore: 0.0994 train_c: -1.0488 train_max_dist: 3.1730 train_imax: -0.0000 train_imin: -1.0488 time: 3.0605s
INFO:root:Epoch: 0475 lr: 0.01 train_loss: 94824.9297 train_distortion: 0.8313 train_mapscore: 0.0994 train_c: -1.0493 train_max_dist: 3.1909 train_imax: -0.0000 train_imin: -1.0493 time: 3.0537s
INFO:root:Epoch: 0480 lr: 0.01 train_loss: 94815.4531 train_distortion: 0.8312 train_mapscore: 0.0986 train_c: -1.0498 train_max_dist: 3.1995 train_imax: -0.0000 train_imin: -1.0498 time: 3.0476s
INFO:root:Epoch: 0485 lr: 0.01 train_loss: 94806.0234 train_distortion: 0.8311 train_mapscore: 0.0979 train_c: -1.0503 train_max_dist: 3.2084 train_imax: -0.0000 train_imin: -1.0503 time: 3.0565s
INFO:root:Epoch: 0490 lr: 0.01 train_loss: 94796.1641 train_distortion: 0.8311 train_mapscore: 0.0977 train_c: -1.0508 train_max_dist: 3.2253 train_imax: -0.0000 train_imin: -1.0508 time: 3.0657s
INFO:root:Epoch: 0495 lr: 0.01 train_loss: 94786.5625 train_distortion: 0.8310 train_mapscore: 0.0983 train_c: -1.0513 train_max_dist: 3.2328 train_imax: -0.0000 train_imin: -1.0513 time: 3.0475s
INFO:root:Epoch: 0500 lr: 0.01 train_loss: 94777.2422 train_distortion: 0.8309 train_mapscore: 0.0972 train_c: -1.0518 train_max_dist: 3.2361 train_imax: -0.0000 train_imin: -1.0518 time: 3.0386s
INFO:root:Epoch: 0505 lr: 0.01 train_loss: 94768.0000 train_distortion: 0.8309 train_mapscore: 0.0964 train_c: -1.0523 train_max_dist: 3.2483 train_imax: -0.0000 train_imin: -1.0523 time: 3.0523s
INFO:root:Epoch: 0510 lr: 0.01 train_loss: 94758.5156 train_distortion: 0.8308 train_mapscore: 0.0969 train_c: -1.0528 train_max_dist: 3.2594 train_imax: -0.0000 train_imin: -1.0528 time: 3.0769s
INFO:root:Epoch: 0515 lr: 0.01 train_loss: 94749.1953 train_distortion: 0.8307 train_mapscore: 0.0967 train_c: -1.0533 train_max_dist: 3.2596 train_imax: -0.0000 train_imin: -1.0533 time: 3.0713s
INFO:root:Epoch: 0520 lr: 0.01 train_loss: 94740.2500 train_distortion: 0.8307 train_mapscore: 0.0964 train_c: -1.0538 train_max_dist: 3.2662 train_imax: -0.0000 train_imin: -1.0538 time: 3.0629s
INFO:root:Epoch: 0525 lr: 0.01 train_loss: 94731.4844 train_distortion: 0.8306 train_mapscore: 0.0946 train_c: -1.0543 train_max_dist: 3.2733 train_imax: -0.0000 train_imin: -1.0543 time: 3.0654s
INFO:root:Epoch: 0530 lr: 0.01 train_loss: 94722.7500 train_distortion: 0.8305 train_mapscore: 0.0953 train_c: -1.0548 train_max_dist: 3.2842 train_imax: -0.0000 train_imin: -1.0548 time: 3.0558s
INFO:root:Epoch: 0535 lr: 0.01 train_loss: 94714.2578 train_distortion: 0.8304 train_mapscore: 0.0945 train_c: -1.0553 train_max_dist: 3.2824 train_imax: -0.0000 train_imin: -1.0553 time: 3.0571s
INFO:root:Epoch: 0540 lr: 0.01 train_loss: 94705.5156 train_distortion: 0.8304 train_mapscore: 0.0934 train_c: -1.0558 train_max_dist: 3.2793 train_imax: -0.0000 train_imin: -1.0558 time: 3.0744s
INFO:root:Epoch: 0545 lr: 0.01 train_loss: 94696.8281 train_distortion: 0.8303 train_mapscore: 0.0939 train_c: -1.0563 train_max_dist: 3.2840 train_imax: -0.0000 train_imin: -1.0563 time: 3.0895s
INFO:root:Epoch: 0550 lr: 0.01 train_loss: 94688.1953 train_distortion: 0.8302 train_mapscore: 0.0920 train_c: -1.0568 train_max_dist: 3.2856 train_imax: -0.0000 train_imin: -1.0568 time: 3.0636s
INFO:root:Epoch: 0555 lr: 0.01 train_loss: 94679.6875 train_distortion: 0.8302 train_mapscore: 0.0923 train_c: -1.0573 train_max_dist: 3.2872 train_imax: -0.0000 train_imin: -1.0573 time: 3.0674s
INFO:root:Epoch: 0560 lr: 0.01 train_loss: 94671.0625 train_distortion: 0.8301 train_mapscore: 0.0914 train_c: -1.0578 train_max_dist: 3.2945 train_imax: -0.0000 train_imin: -1.0578 time: 3.0796s
INFO:root:Epoch: 0565 lr: 0.01 train_loss: 94662.3281 train_distortion: 0.8300 train_mapscore: 0.0923 train_c: -1.0583 train_max_dist: 3.2924 train_imax: -0.0000 train_imin: -1.0583 time: 3.0759s
INFO:root:Epoch: 0570 lr: 0.01 train_loss: 94653.7969 train_distortion: 0.8299 train_mapscore: 0.0921 train_c: -1.0588 train_max_dist: 3.2922 train_imax: -0.0000 train_imin: -1.0588 time: 3.0527s
INFO:root:Epoch: 0575 lr: 0.01 train_loss: 94645.4375 train_distortion: 0.8299 train_mapscore: 0.0922 train_c: -1.0593 train_max_dist: 3.2918 train_imax: -0.0000 train_imin: -1.0593 time: 3.0533s
INFO:root:Epoch: 0580 lr: 0.01 train_loss: 94636.9609 train_distortion: 0.8298 train_mapscore: 0.0924 train_c: -1.0598 train_max_dist: 3.2932 train_imax: -0.0000 train_imin: -1.0598 time: 3.0601s
INFO:root:Epoch: 0585 lr: 0.01 train_loss: 94628.4219 train_distortion: 0.8297 train_mapscore: 0.0929 train_c: -1.0603 train_max_dist: 3.2932 train_imax: -0.0000 train_imin: -1.0603 time: 3.0497s
INFO:root:Epoch: 0590 lr: 0.01 train_loss: 94620.1250 train_distortion: 0.8296 train_mapscore: 0.0938 train_c: -1.0609 train_max_dist: 3.2963 train_imax: -0.0000 train_imin: -1.0609 time: 3.0481s
INFO:root:Epoch: 0595 lr: 0.01 train_loss: 94611.6016 train_distortion: 0.8296 train_mapscore: 0.0924 train_c: -1.0614 train_max_dist: 3.2992 train_imax: -0.0000 train_imin: -1.0614 time: 3.0579s
INFO:root:Epoch: 0600 lr: 0.01 train_loss: 94603.2188 train_distortion: 0.8295 train_mapscore: 0.0926 train_c: -1.0619 train_max_dist: 3.2970 train_imax: -0.0000 train_imin: -1.0619 time: 3.0636s
INFO:root:Epoch: 0605 lr: 0.01 train_loss: 94594.9453 train_distortion: 0.8294 train_mapscore: 0.0922 train_c: -1.0624 train_max_dist: 3.2969 train_imax: -0.0000 train_imin: -1.0624 time: 3.0831s
INFO:root:Epoch: 0610 lr: 0.01 train_loss: 94586.6562 train_distortion: 0.8293 train_mapscore: 0.0935 train_c: -1.0629 train_max_dist: 3.2981 train_imax: -0.0000 train_imin: -1.0629 time: 3.0771s
INFO:root:Epoch: 0615 lr: 0.01 train_loss: 94578.5078 train_distortion: 0.8293 train_mapscore: 0.0937 train_c: -1.0634 train_max_dist: 3.3011 train_imax: -0.0000 train_imin: -1.0634 time: 3.0634s
INFO:root:Epoch: 0620 lr: 0.01 train_loss: 94570.3438 train_distortion: 0.8292 train_mapscore: 0.0940 train_c: -1.0639 train_max_dist: 3.3079 train_imax: -0.0000 train_imin: -1.0639 time: 3.0601s
INFO:root:Epoch: 0625 lr: 0.01 train_loss: 94562.1250 train_distortion: 0.8291 train_mapscore: 0.0942 train_c: -1.0644 train_max_dist: 3.3077 train_imax: -0.0000 train_imin: -1.0644 time: 3.0669s
INFO:root:Epoch: 0630 lr: 0.01 train_loss: 94553.7969 train_distortion: 0.8291 train_mapscore: 0.0952 train_c: -1.0649 train_max_dist: 3.3081 train_imax: -0.0000 train_imin: -1.0649 time: 3.0714s
INFO:root:Epoch: 0635 lr: 0.01 train_loss: 94545.4609 train_distortion: 0.8290 train_mapscore: 0.0950 train_c: -1.0654 train_max_dist: 3.3034 train_imax: -0.0000 train_imin: -1.0654 time: 3.0511s
INFO:root:Epoch: 0640 lr: 0.01 train_loss: 94537.0156 train_distortion: 0.8289 train_mapscore: 0.0956 train_c: -1.0659 train_max_dist: 3.3092 train_imax: -0.0000 train_imin: -1.0659 time: 3.0602s
INFO:root:Epoch: 0645 lr: 0.01 train_loss: 94528.5312 train_distortion: 0.8288 train_mapscore: 0.0961 train_c: -1.0664 train_max_dist: 3.3070 train_imax: -0.0000 train_imin: -1.0664 time: 3.0589s
INFO:root:Epoch: 0650 lr: 0.01 train_loss: 94519.9688 train_distortion: 0.8288 train_mapscore: 0.0966 train_c: -1.0669 train_max_dist: 3.3031 train_imax: -0.0000 train_imin: -1.0669 time: 3.0639s
INFO:root:Epoch: 0655 lr: 0.01 train_loss: 94511.5312 train_distortion: 0.8287 train_mapscore: 0.0975 train_c: -1.0674 train_max_dist: 3.2994 train_imax: -0.0000 train_imin: -1.0674 time: 3.0666s
INFO:root:Epoch: 0660 lr: 0.01 train_loss: 94503.0312 train_distortion: 0.8286 train_mapscore: 0.0971 train_c: -1.0679 train_max_dist: 3.3020 train_imax: -0.0000 train_imin: -1.0679 time: 3.0711s
INFO:root:Epoch: 0665 lr: 0.01 train_loss: 94494.6641 train_distortion: 0.8286 train_mapscore: 0.0974 train_c: -1.0684 train_max_dist: 3.2934 train_imax: -0.0000 train_imin: -1.0684 time: 3.0714s
INFO:root:Epoch: 0670 lr: 0.01 train_loss: 94486.3750 train_distortion: 0.8285 train_mapscore: 0.0960 train_c: -1.0689 train_max_dist: 3.2941 train_imax: -0.0000 train_imin: -1.0689 time: 3.0898s
INFO:root:Epoch: 0675 lr: 0.01 train_loss: 94477.9375 train_distortion: 0.8284 train_mapscore: 0.0962 train_c: -1.0694 train_max_dist: 3.2911 train_imax: -0.0000 train_imin: -1.0694 time: 3.0786s
INFO:root:Epoch: 0680 lr: 0.01 train_loss: 94469.4844 train_distortion: 0.8283 train_mapscore: 0.0968 train_c: -1.0699 train_max_dist: 3.2869 train_imax: -0.0000 train_imin: -1.0699 time: 3.0788s
INFO:root:Epoch: 0685 lr: 0.01 train_loss: 94461.0234 train_distortion: 0.8283 train_mapscore: 0.0961 train_c: -1.0704 train_max_dist: 3.2760 train_imax: -0.0000 train_imin: -1.0704 time: 3.0701s
INFO:root:Epoch: 0690 lr: 0.01 train_loss: 94452.4219 train_distortion: 0.8282 train_mapscore: 0.0961 train_c: -1.0709 train_max_dist: 3.2689 train_imax: -0.0000 train_imin: -1.0709 time: 3.0813s
INFO:root:Epoch: 0695 lr: 0.01 train_loss: 94443.8594 train_distortion: 0.8281 train_mapscore: 0.0971 train_c: -1.0714 train_max_dist: 3.2583 train_imax: -0.0000 train_imin: -1.0714 time: 3.0810s
INFO:root:Epoch: 0700 lr: 0.01 train_loss: 94435.3125 train_distortion: 0.8281 train_mapscore: 0.0968 train_c: -1.0719 train_max_dist: 3.2531 train_imax: -0.0000 train_imin: -1.0719 time: 3.0697s
INFO:root:Epoch: 0705 lr: 0.01 train_loss: 94426.2969 train_distortion: 0.8280 train_mapscore: 0.0973 train_c: -1.0724 train_max_dist: 3.2517 train_imax: -0.0000 train_imin: -1.0724 time: 3.0482s
INFO:root:Epoch: 0710 lr: 0.01 train_loss: 94417.4375 train_distortion: 0.8279 train_mapscore: 0.0967 train_c: -1.0729 train_max_dist: 3.2589 train_imax: -0.0000 train_imin: -1.0729 time: 3.0553s
INFO:root:Epoch: 0715 lr: 0.01 train_loss: 94408.7109 train_distortion: 0.8279 train_mapscore: 0.0976 train_c: -1.0734 train_max_dist: 3.2547 train_imax: -0.0000 train_imin: -1.0734 time: 3.0461s
INFO:root:Epoch: 0720 lr: 0.01 train_loss: 94400.0156 train_distortion: 0.8278 train_mapscore: 0.0965 train_c: -1.0739 train_max_dist: 3.2641 train_imax: -0.0000 train_imin: -1.0739 time: 3.0440s
INFO:root:Epoch: 0725 lr: 0.01 train_loss: 94391.2891 train_distortion: 0.8277 train_mapscore: 0.0973 train_c: -1.0744 train_max_dist: 3.2663 train_imax: -0.0000 train_imin: -1.0744 time: 3.0505s
INFO:root:Epoch: 0730 lr: 0.01 train_loss: 94382.3672 train_distortion: 0.8277 train_mapscore: 0.0970 train_c: -1.0749 train_max_dist: 3.2670 train_imax: -0.0000 train_imin: -1.0749 time: 3.0773s
INFO:root:Epoch: 0735 lr: 0.01 train_loss: 94373.4922 train_distortion: 0.8276 train_mapscore: 0.0985 train_c: -1.0754 train_max_dist: 3.2707 train_imax: -0.0000 train_imin: -1.0754 time: 3.0656s
INFO:root:Epoch: 0740 lr: 0.01 train_loss: 94364.4688 train_distortion: 0.8276 train_mapscore: 0.0981 train_c: -1.0759 train_max_dist: 3.2699 train_imax: -0.0000 train_imin: -1.0759 time: 3.0680s
INFO:root:Epoch: 0745 lr: 0.01 train_loss: 94355.5391 train_distortion: 0.8275 train_mapscore: 0.0996 train_c: -1.0764 train_max_dist: 3.2674 train_imax: -0.0000 train_imin: -1.0764 time: 3.0498s
INFO:root:Epoch: 0750 lr: 0.01 train_loss: 94346.4219 train_distortion: 0.8275 train_mapscore: 0.0992 train_c: -1.0769 train_max_dist: 3.2664 train_imax: -0.0000 train_imin: -1.0769 time: 3.0457s
INFO:root:Epoch: 0755 lr: 0.01 train_loss: 94335.9375 train_distortion: 0.8274 train_mapscore: 0.0982 train_c: -1.0774 train_max_dist: 3.2641 train_imax: -0.0000 train_imin: -1.0774 time: 3.0512s
INFO:root:Epoch: 0760 lr: 0.01 train_loss: 94325.6562 train_distortion: 0.8273 train_mapscore: 0.0976 train_c: -1.0779 train_max_dist: 3.2641 train_imax: -0.0000 train_imin: -1.0779 time: 3.0573s
INFO:root:Epoch: 0765 lr: 0.01 train_loss: 94315.9766 train_distortion: 0.8273 train_mapscore: 0.0982 train_c: -1.0784 train_max_dist: 3.2663 train_imax: -0.0000 train_imin: -1.0784 time: 3.0597s
INFO:root:Epoch: 0770 lr: 0.01 train_loss: 94306.7344 train_distortion: 0.8272 train_mapscore: 0.0976 train_c: -1.0789 train_max_dist: 3.2673 train_imax: -0.0000 train_imin: -1.0789 time: 3.0514s
INFO:root:Epoch: 0775 lr: 0.01 train_loss: 94297.0312 train_distortion: 0.8272 train_mapscore: 0.0986 train_c: -1.0794 train_max_dist: 3.2610 train_imax: -0.0000 train_imin: -1.0794 time: 3.0411s
INFO:root:Epoch: 0780 lr: 0.01 train_loss: 94287.3438 train_distortion: 0.8271 train_mapscore: 0.0982 train_c: -1.0799 train_max_dist: 3.2618 train_imax: -0.0000 train_imin: -1.0799 time: 3.0483s
INFO:root:Epoch: 0785 lr: 0.01 train_loss: 94277.7031 train_distortion: 0.8270 train_mapscore: 0.0986 train_c: -1.0804 train_max_dist: 3.2618 train_imax: -0.0000 train_imin: -1.0804 time: 3.0392s
INFO:root:Epoch: 0790 lr: 0.01 train_loss: 94268.3203 train_distortion: 0.8269 train_mapscore: 0.0992 train_c: -1.0809 train_max_dist: 3.2610 train_imax: -0.0000 train_imin: -1.0809 time: 3.0452s
INFO:root:Epoch: 0795 lr: 0.01 train_loss: 94258.8438 train_distortion: 0.8269 train_mapscore: 0.0997 train_c: -1.0814 train_max_dist: 3.2607 train_imax: -0.0000 train_imin: -1.0814 time: 3.0395s
INFO:root:Epoch: 0800 lr: 0.01 train_loss: 94249.0781 train_distortion: 0.8268 train_mapscore: 0.0983 train_c: -1.0819 train_max_dist: 3.2629 train_imax: -0.0000 train_imin: -1.0819 time: 3.0492s
INFO:root:Epoch: 0805 lr: 0.01 train_loss: 94239.7188 train_distortion: 0.8267 train_mapscore: 0.0982 train_c: -1.0824 train_max_dist: 3.2650 train_imax: -0.0000 train_imin: -1.0824 time: 3.0594s
INFO:root:Epoch: 0810 lr: 0.01 train_loss: 94230.0156 train_distortion: 0.8267 train_mapscore: 0.0994 train_c: -1.0829 train_max_dist: 3.2656 train_imax: -0.0000 train_imin: -1.0829 time: 3.0621s
INFO:root:Epoch: 0815 lr: 0.01 train_loss: 94218.6406 train_distortion: 0.8266 train_mapscore: 0.0971 train_c: -1.0834 train_max_dist: 3.2727 train_imax: -0.0000 train_imin: -1.0834 time: 3.0412s
INFO:root:Epoch: 0820 lr: 0.01 train_loss: 94208.9062 train_distortion: 0.8265 train_mapscore: 0.0971 train_c: -1.0839 train_max_dist: 3.2748 train_imax: -0.0000 train_imin: -1.0839 time: 3.0516s
INFO:root:Epoch: 0825 lr: 0.01 train_loss: 94198.6719 train_distortion: 0.8264 train_mapscore: 0.0973 train_c: -1.0844 train_max_dist: 3.2750 train_imax: -0.0000 train_imin: -1.0844 time: 3.0514s
INFO:root:Epoch: 0830 lr: 0.01 train_loss: 94188.5781 train_distortion: 0.8263 train_mapscore: 0.0971 train_c: -1.0849 train_max_dist: 3.2770 train_imax: -0.0000 train_imin: -1.0849 time: 3.0602s
INFO:root:Epoch: 0835 lr: 0.01 train_loss: 94178.9609 train_distortion: 0.8262 train_mapscore: 0.0980 train_c: -1.0854 train_max_dist: 3.2836 train_imax: -0.0000 train_imin: -1.0854 time: 3.0722s
INFO:root:Epoch: 0840 lr: 0.01 train_loss: 94169.2266 train_distortion: 0.8261 train_mapscore: 0.0972 train_c: -1.0859 train_max_dist: 3.2813 train_imax: -0.0000 train_imin: -1.0859 time: 3.0656s
INFO:root:Epoch: 0845 lr: 0.01 train_loss: 94159.4453 train_distortion: 0.8261 train_mapscore: 0.0970 train_c: -1.0864 train_max_dist: 3.2831 train_imax: -0.0000 train_imin: -1.0864 time: 3.0596s
INFO:root:Epoch: 0850 lr: 0.01 train_loss: 94149.2656 train_distortion: 0.8260 train_mapscore: 0.0961 train_c: -1.0869 train_max_dist: 3.2799 train_imax: -0.0000 train_imin: -1.0869 time: 3.0535s
INFO:root:Epoch: 0855 lr: 0.01 train_loss: 94139.6562 train_distortion: 0.8259 train_mapscore: 0.0966 train_c: -1.0874 train_max_dist: 3.2810 train_imax: -0.0000 train_imin: -1.0874 time: 3.0547s
INFO:root:Epoch: 0860 lr: 0.01 train_loss: 94130.3203 train_distortion: 0.8258 train_mapscore: 0.0964 train_c: -1.0879 train_max_dist: 3.2869 train_imax: -0.0000 train_imin: -1.0879 time: 3.0615s
INFO:root:Epoch: 0865 lr: 0.01 train_loss: 94121.2891 train_distortion: 0.8257 train_mapscore: 0.0969 train_c: -1.0884 train_max_dist: 3.2895 train_imax: -0.0000 train_imin: -1.0884 time: 3.0421s
INFO:root:Epoch: 0870 lr: 0.01 train_loss: 94112.1641 train_distortion: 0.8256 train_mapscore: 0.0977 train_c: -1.0889 train_max_dist: 3.2917 train_imax: -0.0000 train_imin: -1.0889 time: 3.0509s
INFO:root:Epoch: 0875 lr: 0.01 train_loss: 94102.9062 train_distortion: 0.8255 train_mapscore: 0.0973 train_c: -1.0894 train_max_dist: 3.2917 train_imax: -0.0000 train_imin: -1.0894 time: 3.0545s
INFO:root:Epoch: 0880 lr: 0.01 train_loss: 94093.7656 train_distortion: 0.8254 train_mapscore: 0.0969 train_c: -1.0899 train_max_dist: 3.2979 train_imax: -0.0000 train_imin: -1.0899 time: 3.0706s
INFO:root:Epoch: 0885 lr: 0.01 train_loss: 94084.9062 train_distortion: 0.8254 train_mapscore: 0.0952 train_c: -1.0904 train_max_dist: 3.3006 train_imax: -0.0000 train_imin: -1.0904 time: 3.0815s
INFO:root:Epoch: 0890 lr: 0.01 train_loss: 94075.5312 train_distortion: 0.8253 train_mapscore: 0.0948 train_c: -1.0909 train_max_dist: 3.3012 train_imax: -0.0000 train_imin: -1.0909 time: 3.0770s
INFO:root:Epoch: 0895 lr: 0.01 train_loss: 94066.1406 train_distortion: 0.8252 train_mapscore: 0.0946 train_c: -1.0914 train_max_dist: 3.2981 train_imax: -0.0000 train_imin: -1.0914 time: 3.0617s
INFO:root:Epoch: 0900 lr: 0.01 train_loss: 94056.8594 train_distortion: 0.8251 train_mapscore: 0.0940 train_c: -1.0919 train_max_dist: 3.2984 train_imax: -0.0000 train_imin: -1.0919 time: 3.0672s
INFO:root:Epoch: 0905 lr: 0.01 train_loss: 94047.5703 train_distortion: 0.8250 train_mapscore: 0.0936 train_c: -1.0924 train_max_dist: 3.2981 train_imax: -0.0000 train_imin: -1.0924 time: 3.0809s
INFO:root:Epoch: 0910 lr: 0.01 train_loss: 94038.4062 train_distortion: 0.8250 train_mapscore: 0.0945 train_c: -1.0929 train_max_dist: 3.2976 train_imax: -0.0000 train_imin: -1.0929 time: 3.0696s
INFO:root:Epoch: 0915 lr: 0.01 train_loss: 94029.4531 train_distortion: 0.8249 train_mapscore: 0.0930 train_c: -1.0934 train_max_dist: 3.2991 train_imax: -0.0000 train_imin: -1.0934 time: 3.0677s
INFO:root:Epoch: 0920 lr: 0.01 train_loss: 94020.6562 train_distortion: 0.8248 train_mapscore: 0.0935 train_c: -1.0939 train_max_dist: 3.3000 train_imax: -0.0000 train_imin: -1.0939 time: 3.0711s
INFO:root:Epoch: 0925 lr: 0.01 train_loss: 94011.6172 train_distortion: 0.8247 train_mapscore: 0.0943 train_c: -1.0944 train_max_dist: 3.2980 train_imax: -0.0000 train_imin: -1.0944 time: 3.0747s
INFO:root:Epoch: 0930 lr: 0.01 train_loss: 94002.6641 train_distortion: 0.8247 train_mapscore: 0.0941 train_c: -1.0949 train_max_dist: 3.3008 train_imax: -0.0000 train_imin: -1.0949 time: 3.0657s
INFO:root:Epoch: 0935 lr: 0.01 train_loss: 93993.6172 train_distortion: 0.8246 train_mapscore: 0.0941 train_c: -1.0954 train_max_dist: 3.3018 train_imax: -0.0000 train_imin: -1.0954 time: 3.0463s
INFO:root:Epoch: 0940 lr: 0.01 train_loss: 93984.4375 train_distortion: 0.8245 train_mapscore: 0.0940 train_c: -1.0959 train_max_dist: 3.2993 train_imax: -0.0000 train_imin: -1.0959 time: 3.0504s
INFO:root:Epoch: 0945 lr: 0.01 train_loss: 93975.2500 train_distortion: 0.8244 train_mapscore: 0.0930 train_c: -1.0964 train_max_dist: 3.3048 train_imax: -0.0000 train_imin: -1.0964 time: 3.0627s
INFO:root:Epoch: 0950 lr: 0.01 train_loss: 93965.8047 train_distortion: 0.8244 train_mapscore: 0.0949 train_c: -1.0969 train_max_dist: 3.3073 train_imax: -0.0000 train_imin: -1.0969 time: 3.0973s
INFO:root:Epoch: 0955 lr: 0.01 train_loss: 93956.3438 train_distortion: 0.8243 train_mapscore: 0.0949 train_c: -1.0974 train_max_dist: 3.3087 train_imax: -0.0000 train_imin: -1.0974 time: 3.0384s
INFO:root:Epoch: 0960 lr: 0.01 train_loss: 93947.1875 train_distortion: 0.8242 train_mapscore: 0.0946 train_c: -1.0979 train_max_dist: 3.3142 train_imax: -0.0000 train_imin: -1.0979 time: 3.0538s
INFO:root:Epoch: 0965 lr: 0.01 train_loss: 93938.1406 train_distortion: 0.8242 train_mapscore: 0.0957 train_c: -1.0984 train_max_dist: 3.3110 train_imax: -0.0000 train_imin: -1.0984 time: 3.0543s
INFO:root:Epoch: 0970 lr: 0.01 train_loss: 93929.1875 train_distortion: 0.8241 train_mapscore: 0.0948 train_c: -1.0989 train_max_dist: 3.3146 train_imax: -0.0000 train_imin: -1.0989 time: 3.0823s
INFO:root:Epoch: 0975 lr: 0.01 train_loss: 93920.2812 train_distortion: 0.8240 train_mapscore: 0.0955 train_c: -1.0994 train_max_dist: 3.3146 train_imax: -0.0000 train_imin: -1.0994 time: 3.0713s
INFO:root:Epoch: 0980 lr: 0.01 train_loss: 93911.4922 train_distortion: 0.8240 train_mapscore: 0.0968 train_c: -1.0999 train_max_dist: 3.3106 train_imax: -0.0000 train_imin: -1.0999 time: 3.0839s
INFO:root:Epoch: 0985 lr: 0.01 train_loss: 93902.7500 train_distortion: 0.8239 train_mapscore: 0.0956 train_c: -1.1004 train_max_dist: 3.3098 train_imax: -0.0000 train_imin: -1.1004 time: 3.0736s
INFO:root:Epoch: 0990 lr: 0.01 train_loss: 93893.5156 train_distortion: 0.8238 train_mapscore: 0.0960 train_c: -1.1009 train_max_dist: 3.3075 train_imax: -0.0000 train_imin: -1.1009 time: 3.0862s
INFO:root:Epoch: 0995 lr: 0.01 train_loss: 93884.6406 train_distortion: 0.8237 train_mapscore: 0.0967 train_c: -1.1014 train_max_dist: 3.3057 train_imax: -0.0000 train_imin: -1.1014 time: 3.0761s
INFO:root:Epoch: 1000 lr: 0.01 train_loss: 93875.9766 train_distortion: 0.8237 train_mapscore: 0.0954 train_c: -1.1019 train_max_dist: 3.3061 train_imax: -0.0000 train_imin: -1.1019 time: 3.0840s
INFO:root:Epoch: 1005 lr: 0.01 train_loss: 93867.4453 train_distortion: 0.8236 train_mapscore: 0.0961 train_c: -1.1024 train_max_dist: 3.3074 train_imax: -0.0000 train_imin: -1.1024 time: 3.0830s
INFO:root:Epoch: 1010 lr: 0.01 train_loss: 93858.7969 train_distortion: 0.8235 train_mapscore: 0.0961 train_c: -1.1029 train_max_dist: 3.3059 train_imax: -0.0000 train_imin: -1.1029 time: 3.0831s
INFO:root:Epoch: 1015 lr: 0.01 train_loss: 93850.3281 train_distortion: 0.8234 train_mapscore: 0.0956 train_c: -1.1034 train_max_dist: 3.3071 train_imax: -0.0000 train_imin: -1.1034 time: 3.0729s
INFO:root:Epoch: 1020 lr: 0.01 train_loss: 93841.7734 train_distortion: 0.8234 train_mapscore: 0.0975 train_c: -1.1039 train_max_dist: 3.3110 train_imax: -0.0000 train_imin: -1.1039 time: 3.0882s
INFO:root:Epoch: 1025 lr: 0.01 train_loss: 93833.2422 train_distortion: 0.8233 train_mapscore: 0.0968 train_c: -1.1044 train_max_dist: 3.3143 train_imax: -0.0000 train_imin: -1.1044 time: 3.0793s
INFO:root:Epoch: 1030 lr: 0.01 train_loss: 93824.6484 train_distortion: 0.8232 train_mapscore: 0.0968 train_c: -1.1049 train_max_dist: 3.3113 train_imax: -0.0000 train_imin: -1.1049 time: 3.0934s
INFO:root:Epoch: 1035 lr: 0.01 train_loss: 93816.0781 train_distortion: 0.8231 train_mapscore: 0.0982 train_c: -1.1054 train_max_dist: 3.3163 train_imax: -0.0000 train_imin: -1.1054 time: 3.0735s
INFO:root:Epoch: 1040 lr: 0.01 train_loss: 93807.4844 train_distortion: 0.8231 train_mapscore: 0.0969 train_c: -1.1059 train_max_dist: 3.3157 train_imax: -0.0000 train_imin: -1.1059 time: 3.0637s
INFO:root:Epoch: 1045 lr: 0.01 train_loss: 93799.0469 train_distortion: 0.8230 train_mapscore: 0.0972 train_c: -1.1064 train_max_dist: 3.3194 train_imax: -0.0000 train_imin: -1.1064 time: 3.0574s
INFO:root:Epoch: 1050 lr: 0.01 train_loss: 93790.4688 train_distortion: 0.8229 train_mapscore: 0.0966 train_c: -1.1069 train_max_dist: 3.3196 train_imax: -0.0000 train_imin: -1.1069 time: 3.0600s
INFO:root:Epoch: 1055 lr: 0.01 train_loss: 93781.7188 train_distortion: 0.8228 train_mapscore: 0.0955 train_c: -1.1074 train_max_dist: 3.3207 train_imax: -0.0000 train_imin: -1.1074 time: 3.0647s
INFO:root:Epoch: 1060 lr: 0.01 train_loss: 93772.7969 train_distortion: 0.8227 train_mapscore: 0.0970 train_c: -1.1079 train_max_dist: 3.3265 train_imax: -0.0000 train_imin: -1.1079 time: 3.0522s
INFO:root:Epoch: 1065 lr: 0.01 train_loss: 93764.1641 train_distortion: 0.8226 train_mapscore: 0.0953 train_c: -1.1084 train_max_dist: 3.3293 train_imax: -0.0000 train_imin: -1.1084 time: 3.0539s
INFO:root:Epoch: 1070 lr: 0.01 train_loss: 93755.7344 train_distortion: 0.8226 train_mapscore: 0.0949 train_c: -1.1089 train_max_dist: 3.3278 train_imax: -0.0000 train_imin: -1.1089 time: 3.0512s
INFO:root:Epoch: 1075 lr: 0.01 train_loss: 93747.3359 train_distortion: 0.8225 train_mapscore: 0.0953 train_c: -1.1094 train_max_dist: 3.3294 train_imax: -0.0000 train_imin: -1.1094 time: 3.0751s
INFO:root:Epoch: 1080 lr: 0.01 train_loss: 93739.0000 train_distortion: 0.8224 train_mapscore: 0.0948 train_c: -1.1099 train_max_dist: 3.3324 train_imax: -0.0000 train_imin: -1.1099 time: 3.0781s
INFO:root:Epoch: 1085 lr: 0.01 train_loss: 93730.6641 train_distortion: 0.8223 train_mapscore: 0.0947 train_c: -1.1104 train_max_dist: 3.3326 train_imax: -0.0000 train_imin: -1.1104 time: 3.0842s
INFO:root:Epoch: 1090 lr: 0.01 train_loss: 93722.3984 train_distortion: 0.8222 train_mapscore: 0.0940 train_c: -1.1109 train_max_dist: 3.3347 train_imax: -0.0000 train_imin: -1.1109 time: 3.0802s
INFO:root:Epoch: 1095 lr: 0.01 train_loss: 93714.1328 train_distortion: 0.8221 train_mapscore: 0.0938 train_c: -1.1114 train_max_dist: 3.3371 train_imax: -0.0000 train_imin: -1.1114 time: 3.0824s
INFO:root:Epoch: 1100 lr: 0.01 train_loss: 93705.8281 train_distortion: 0.8221 train_mapscore: 0.0942 train_c: -1.1119 train_max_dist: 3.3396 train_imax: -0.0000 train_imin: -1.1119 time: 3.0985s
INFO:root:Epoch: 1105 lr: 0.01 train_loss: 93697.5234 train_distortion: 0.8220 train_mapscore: 0.0947 train_c: -1.1124 train_max_dist: 3.3429 train_imax: -0.0000 train_imin: -1.1124 time: 3.0818s
INFO:root:Epoch: 1110 lr: 0.01 train_loss: 93689.2109 train_distortion: 0.8219 train_mapscore: 0.0948 train_c: -1.1129 train_max_dist: 3.3460 train_imax: -0.0000 train_imin: -1.1129 time: 3.0892s
INFO:root:Epoch: 1115 lr: 0.01 train_loss: 93680.9297 train_distortion: 0.8218 train_mapscore: 0.0945 train_c: -1.1134 train_max_dist: 3.3495 train_imax: -0.0000 train_imin: -1.1134 time: 3.0838s
INFO:root:Epoch: 1120 lr: 0.01 train_loss: 93672.6406 train_distortion: 0.8217 train_mapscore: 0.0950 train_c: -1.1139 train_max_dist: 3.3495 train_imax: -0.0000 train_imin: -1.1139 time: 3.0780s
INFO:root:Epoch: 1125 lr: 0.01 train_loss: 93664.2812 train_distortion: 0.8217 train_mapscore: 0.0959 train_c: -1.1144 train_max_dist: 3.3526 train_imax: -0.0000 train_imin: -1.1144 time: 3.0834s
INFO:root:Epoch: 1130 lr: 0.01 train_loss: 93656.0469 train_distortion: 0.8216 train_mapscore: 0.0956 train_c: -1.1149 train_max_dist: 3.3553 train_imax: -0.0000 train_imin: -1.1149 time: 3.0733s
INFO:root:Epoch: 1135 lr: 0.01 train_loss: 93647.7422 train_distortion: 0.8215 train_mapscore: 0.0951 train_c: -1.1154 train_max_dist: 3.3569 train_imax: -0.0000 train_imin: -1.1154 time: 3.0806s
INFO:root:Epoch: 1140 lr: 0.01 train_loss: 93639.4688 train_distortion: 0.8214 train_mapscore: 0.0956 train_c: -1.1159 train_max_dist: 3.3604 train_imax: -0.0000 train_imin: -1.1159 time: 3.0668s
INFO:root:Epoch: 1145 lr: 0.01 train_loss: 93631.1562 train_distortion: 0.8213 train_mapscore: 0.0963 train_c: -1.1164 train_max_dist: 3.3611 train_imax: -0.0000 train_imin: -1.1164 time: 3.0736s
INFO:root:Epoch: 1150 lr: 0.01 train_loss: 93622.8516 train_distortion: 0.8212 train_mapscore: 0.0963 train_c: -1.1169 train_max_dist: 3.3648 train_imax: -0.0000 train_imin: -1.1169 time: 3.0656s
INFO:root:Epoch: 1155 lr: 0.01 train_loss: 93614.5000 train_distortion: 0.8211 train_mapscore: 0.0960 train_c: -1.1174 train_max_dist: 3.3686 train_imax: -0.0000 train_imin: -1.1174 time: 3.0707s
INFO:root:Epoch: 1160 lr: 0.01 train_loss: 93605.9844 train_distortion: 0.8210 train_mapscore: 0.0969 train_c: -1.1179 train_max_dist: 3.3668 train_imax: -0.0000 train_imin: -1.1179 time: 3.0605s
INFO:root:Epoch: 1165 lr: 0.01 train_loss: 93597.4297 train_distortion: 0.8210 train_mapscore: 0.0960 train_c: -1.1184 train_max_dist: 3.3694 train_imax: -0.0000 train_imin: -1.1184 time: 3.0541s
INFO:root:Epoch: 1170 lr: 0.01 train_loss: 93589.0781 train_distortion: 0.8209 train_mapscore: 0.0954 train_c: -1.1189 train_max_dist: 3.3738 train_imax: -0.0000 train_imin: -1.1189 time: 3.0736s
INFO:root:Epoch: 1175 lr: 0.01 train_loss: 93580.7344 train_distortion: 0.8208 train_mapscore: 0.0967 train_c: -1.1194 train_max_dist: 3.3748 train_imax: -0.0000 train_imin: -1.1194 time: 3.0615s
INFO:root:Epoch: 1180 lr: 0.01 train_loss: 93572.3281 train_distortion: 0.8207 train_mapscore: 0.0966 train_c: -1.1199 train_max_dist: 3.3762 train_imax: -0.0000 train_imin: -1.1199 time: 3.0929s
INFO:root:Epoch: 1185 lr: 0.01 train_loss: 93563.8906 train_distortion: 0.8206 train_mapscore: 0.0960 train_c: -1.1204 train_max_dist: 3.3812 train_imax: -0.0000 train_imin: -1.1204 time: 3.0808s
INFO:root:Epoch: 1190 lr: 0.01 train_loss: 93555.4531 train_distortion: 0.8205 train_mapscore: 0.0966 train_c: -1.1209 train_max_dist: 3.3836 train_imax: -0.0000 train_imin: -1.1209 time: 3.0812s
INFO:root:Epoch: 1195 lr: 0.01 train_loss: 93546.9062 train_distortion: 0.8205 train_mapscore: 0.0973 train_c: -1.1214 train_max_dist: 3.3855 train_imax: -0.0000 train_imin: -1.1214 time: 3.0837s
INFO:root:Epoch: 1200 lr: 0.01 train_loss: 93538.3047 train_distortion: 0.8204 train_mapscore: 0.0962 train_c: -1.1219 train_max_dist: 3.3881 train_imax: -0.0000 train_imin: -1.1219 time: 3.0873s
INFO:root:Epoch: 1205 lr: 0.01 train_loss: 93529.8594 train_distortion: 0.8203 train_mapscore: 0.0972 train_c: -1.1224 train_max_dist: 3.3924 train_imax: -0.0000 train_imin: -1.1224 time: 3.0713s
INFO:root:Epoch: 1210 lr: 0.01 train_loss: 93521.1562 train_distortion: 0.8202 train_mapscore: 0.0967 train_c: -1.1230 train_max_dist: 3.3951 train_imax: -0.0000 train_imin: -1.1229 time: 3.0814s
INFO:root:Epoch: 1215 lr: 0.01 train_loss: 93512.4375 train_distortion: 0.8201 train_mapscore: 0.0977 train_c: -1.1235 train_max_dist: 3.3963 train_imax: -0.0000 train_imin: -1.1234 time: 3.0722s
INFO:root:Epoch: 1220 lr: 0.01 train_loss: 93503.6875 train_distortion: 0.8200 train_mapscore: 0.0974 train_c: -1.1240 train_max_dist: 3.3978 train_imax: -0.0000 train_imin: -1.1240 time: 3.0816s
INFO:root:Epoch: 1225 lr: 0.01 train_loss: 93494.9375 train_distortion: 0.8200 train_mapscore: 0.0983 train_c: -1.1245 train_max_dist: 3.3997 train_imax: -0.0000 train_imin: -1.1245 time: 3.0725s
INFO:root:Epoch: 1230 lr: 0.01 train_loss: 93486.2500 train_distortion: 0.8199 train_mapscore: 0.0987 train_c: -1.1250 train_max_dist: 3.4020 train_imax: -0.0000 train_imin: -1.1250 time: 3.0651s
INFO:root:Epoch: 1235 lr: 0.01 train_loss: 93477.4219 train_distortion: 0.8198 train_mapscore: 0.0985 train_c: -1.1255 train_max_dist: 3.4069 train_imax: -0.0000 train_imin: -1.1255 time: 3.0659s
INFO:root:Epoch: 1240 lr: 0.01 train_loss: 93468.5781 train_distortion: 0.8197 train_mapscore: 0.0988 train_c: -1.1260 train_max_dist: 3.4097 train_imax: -0.0000 train_imin: -1.1260 time: 3.0704s
INFO:root:Epoch: 1245 lr: 0.01 train_loss: 93459.9141 train_distortion: 0.8197 train_mapscore: 0.0990 train_c: -1.1265 train_max_dist: 3.4141 train_imax: -0.0000 train_imin: -1.1265 time: 3.0557s
INFO:root:Epoch: 1250 lr: 0.01 train_loss: 93451.3750 train_distortion: 0.8196 train_mapscore: 0.0996 train_c: -1.1270 train_max_dist: 3.4162 train_imax: -0.0000 train_imin: -1.1270 time: 3.0393s
INFO:root:Epoch: 1255 lr: 0.01 train_loss: 93442.6719 train_distortion: 0.8195 train_mapscore: 0.0995 train_c: -1.1275 train_max_dist: 3.4165 train_imax: -0.0000 train_imin: -1.1275 time: 3.0516s
INFO:root:Epoch: 1260 lr: 0.01 train_loss: 93434.0469 train_distortion: 0.8194 train_mapscore: 0.0976 train_c: -1.1280 train_max_dist: 3.4187 train_imax: -0.0000 train_imin: -1.1280 time: 3.0492s
INFO:root:Epoch: 1265 lr: 0.01 train_loss: 93425.5000 train_distortion: 0.8193 train_mapscore: 0.0978 train_c: -1.1285 train_max_dist: 3.4174 train_imax: -0.0000 train_imin: -1.1285 time: 3.0436s
INFO:root:Epoch: 1270 lr: 0.01 train_loss: 93416.9844 train_distortion: 0.8193 train_mapscore: 0.0989 train_c: -1.1290 train_max_dist: 3.4196 train_imax: -0.0000 train_imin: -1.1290 time: 3.0497s
INFO:root:Epoch: 1275 lr: 0.01 train_loss: 93408.4688 train_distortion: 0.8192 train_mapscore: 0.0982 train_c: -1.1295 train_max_dist: 3.4196 train_imax: -0.0000 train_imin: -1.1295 time: 3.0660s
INFO:root:Epoch: 1280 lr: 0.01 train_loss: 93399.9297 train_distortion: 0.8191 train_mapscore: 0.0986 train_c: -1.1300 train_max_dist: 3.4210 train_imax: -0.0000 train_imin: -1.1300 time: 3.0647s
INFO:root:Epoch: 1285 lr: 0.01 train_loss: 93391.4922 train_distortion: 0.8190 train_mapscore: 0.0989 train_c: -1.1305 train_max_dist: 3.4201 train_imax: -0.0000 train_imin: -1.1305 time: 3.0640s
INFO:root:Epoch: 1290 lr: 0.01 train_loss: 93382.8828 train_distortion: 0.8189 train_mapscore: 0.0985 train_c: -1.1310 train_max_dist: 3.4197 train_imax: -0.0000 train_imin: -1.1310 time: 3.0639s
INFO:root:Epoch: 1295 lr: 0.01 train_loss: 93374.2188 train_distortion: 0.8189 train_mapscore: 0.0996 train_c: -1.1315 train_max_dist: 3.4236 train_imax: -0.0000 train_imin: -1.1315 time: 3.0483s
INFO:root:Epoch: 1300 lr: 0.01 train_loss: 93365.5625 train_distortion: 0.8188 train_mapscore: 0.0990 train_c: -1.1320 train_max_dist: 3.4229 train_imax: -0.0000 train_imin: -1.1320 time: 3.0557s
INFO:root:Epoch: 1305 lr: 0.01 train_loss: 93356.9219 train_distortion: 0.8187 train_mapscore: 0.0988 train_c: -1.1325 train_max_dist: 3.4252 train_imax: -0.0000 train_imin: -1.1325 time: 3.0684s
INFO:root:Epoch: 1310 lr: 0.01 train_loss: 93348.1562 train_distortion: 0.8187 train_mapscore: 0.1001 train_c: -1.1330 train_max_dist: 3.4267 train_imax: -0.0000 train_imin: -1.1330 time: 3.0641s
INFO:root:Epoch: 1315 lr: 0.01 train_loss: 93339.2656 train_distortion: 0.8186 train_mapscore: 0.1004 train_c: -1.1335 train_max_dist: 3.4273 train_imax: -0.0000 train_imin: -1.1335 time: 3.0679s
INFO:root:Epoch: 1320 lr: 0.01 train_loss: 93330.1172 train_distortion: 0.8185 train_mapscore: 0.1013 train_c: -1.1340 train_max_dist: 3.4308 train_imax: -0.0000 train_imin: -1.1340 time: 3.0504s
INFO:root:Epoch: 1325 lr: 0.01 train_loss: 93320.8281 train_distortion: 0.8185 train_mapscore: 0.1012 train_c: -1.1345 train_max_dist: 3.4301 train_imax: -0.0000 train_imin: -1.1345 time: 3.0597s
INFO:root:Epoch: 1330 lr: 0.01 train_loss: 93311.6719 train_distortion: 0.8184 train_mapscore: 0.1018 train_c: -1.1350 train_max_dist: 3.4296 train_imax: -0.0000 train_imin: -1.1350 time: 3.0394s
INFO:root:Epoch: 1335 lr: 0.01 train_loss: 93302.4844 train_distortion: 0.8184 train_mapscore: 0.1015 train_c: -1.1355 train_max_dist: 3.4314 train_imax: -0.0000 train_imin: -1.1355 time: 3.0288s
INFO:root:Epoch: 1340 lr: 0.01 train_loss: 93292.5781 train_distortion: 0.8183 train_mapscore: 0.1010 train_c: -1.1360 train_max_dist: 3.4321 train_imax: -0.0000 train_imin: -1.1360 time: 3.0267s
INFO:root:Epoch: 1345 lr: 0.01 train_loss: 93283.0938 train_distortion: 0.8182 train_mapscore: 0.1011 train_c: -1.1365 train_max_dist: 3.4341 train_imax: -0.0000 train_imin: -1.1365 time: 3.0334s
INFO:root:Epoch: 1350 lr: 0.01 train_loss: 93273.8828 train_distortion: 0.8182 train_mapscore: 0.1013 train_c: -1.1370 train_max_dist: 3.4345 train_imax: -0.0000 train_imin: -1.1370 time: 3.0376s
INFO:root:Epoch: 1355 lr: 0.01 train_loss: 93264.7812 train_distortion: 0.8181 train_mapscore: 0.1029 train_c: -1.1375 train_max_dist: 3.4380 train_imax: -0.0000 train_imin: -1.1375 time: 3.0362s
INFO:root:Epoch: 1360 lr: 0.01 train_loss: 93255.6250 train_distortion: 0.8180 train_mapscore: 0.1007 train_c: -1.1380 train_max_dist: 3.4408 train_imax: -0.0000 train_imin: -1.1380 time: 3.0267s
INFO:root:Epoch: 1365 lr: 0.01 train_loss: 93246.5078 train_distortion: 0.8179 train_mapscore: 0.1017 train_c: -1.1385 train_max_dist: 3.4443 train_imax: -0.0000 train_imin: -1.1385 time: 3.0219s
INFO:root:Epoch: 1370 lr: 0.01 train_loss: 93237.3750 train_distortion: 0.8178 train_mapscore: 0.1002 train_c: -1.1390 train_max_dist: 3.4469 train_imax: -0.0000 train_imin: -1.1390 time: 3.0516s
INFO:root:Epoch: 1375 lr: 0.01 train_loss: 93228.4609 train_distortion: 0.8177 train_mapscore: 0.0995 train_c: -1.1395 train_max_dist: 3.4495 train_imax: -0.0000 train_imin: -1.1395 time: 3.0599s
INFO:root:Epoch: 1380 lr: 0.01 train_loss: 93219.7188 train_distortion: 0.8176 train_mapscore: 0.0975 train_c: -1.1400 train_max_dist: 3.4524 train_imax: -0.0000 train_imin: -1.1400 time: 3.0621s
INFO:root:Epoch: 1385 lr: 0.01 train_loss: 93211.0469 train_distortion: 0.8176 train_mapscore: 0.0965 train_c: -1.1405 train_max_dist: 3.4534 train_imax: -0.0000 train_imin: -1.1405 time: 3.0632s
INFO:root:Epoch: 1390 lr: 0.01 train_loss: 93202.1719 train_distortion: 0.8175 train_mapscore: 0.0977 train_c: -1.1410 train_max_dist: 3.4561 train_imax: -0.0000 train_imin: -1.1410 time: 3.0575s
INFO:root:Epoch: 1395 lr: 0.01 train_loss: 93193.5078 train_distortion: 0.8174 train_mapscore: 0.0964 train_c: -1.1415 train_max_dist: 3.4577 train_imax: -0.0000 train_imin: -1.1415 time: 3.0640s
INFO:root:Epoch: 1400 lr: 0.01 train_loss: 93184.8359 train_distortion: 0.8173 train_mapscore: 0.0964 train_c: -1.1420 train_max_dist: 3.4586 train_imax: -0.0000 train_imin: -1.1420 time: 3.0692s
INFO:root:Epoch: 1405 lr: 0.01 train_loss: 93176.1641 train_distortion: 0.8172 train_mapscore: 0.0967 train_c: -1.1425 train_max_dist: 3.4622 train_imax: -0.0000 train_imin: -1.1425 time: 3.0543s
INFO:root:Epoch: 1410 lr: 0.01 train_loss: 93167.5547 train_distortion: 0.8171 train_mapscore: 0.0963 train_c: -1.1430 train_max_dist: 3.4639 train_imax: -0.0000 train_imin: -1.1430 time: 3.0612s
INFO:root:Epoch: 1415 lr: 0.01 train_loss: 93158.8906 train_distortion: 0.8170 train_mapscore: 0.0956 train_c: -1.1435 train_max_dist: 3.4647 train_imax: -0.0000 train_imin: -1.1435 time: 3.0548s
INFO:root:Epoch: 1420 lr: 0.01 train_loss: 93150.2500 train_distortion: 0.8169 train_mapscore: 0.0957 train_c: -1.1440 train_max_dist: 3.4677 train_imax: -0.0000 train_imin: -1.1440 time: 3.0588s
INFO:root:Epoch: 1425 lr: 0.01 train_loss: 93141.5781 train_distortion: 0.8168 train_mapscore: 0.0956 train_c: -1.1445 train_max_dist: 3.4714 train_imax: -0.0000 train_imin: -1.1445 time: 3.0694s
INFO:root:Epoch: 1430 lr: 0.01 train_loss: 93132.9141 train_distortion: 0.8167 train_mapscore: 0.0954 train_c: -1.1450 train_max_dist: 3.4707 train_imax: -0.0000 train_imin: -1.1450 time: 3.0753s
INFO:root:Epoch: 1435 lr: 0.01 train_loss: 93124.1953 train_distortion: 0.8166 train_mapscore: 0.0948 train_c: -1.1455 train_max_dist: 3.4750 train_imax: -0.0000 train_imin: -1.1455 time: 3.0628s
INFO:root:Epoch: 1440 lr: 0.01 train_loss: 93115.3125 train_distortion: 0.8166 train_mapscore: 0.0965 train_c: -1.1460 train_max_dist: 3.4764 train_imax: -0.0000 train_imin: -1.1460 time: 3.0252s
INFO:root:Epoch: 1445 lr: 0.01 train_loss: 93106.4531 train_distortion: 0.8165 train_mapscore: 0.0969 train_c: -1.1465 train_max_dist: 3.4774 train_imax: -0.0000 train_imin: -1.1465 time: 3.0499s
INFO:root:Epoch: 1450 lr: 0.01 train_loss: 93097.6094 train_distortion: 0.8164 train_mapscore: 0.0970 train_c: -1.1470 train_max_dist: 3.4814 train_imax: -0.0000 train_imin: -1.1470 time: 3.0289s
INFO:root:Epoch: 1455 lr: 0.01 train_loss: 93088.6406 train_distortion: 0.8163 train_mapscore: 0.0956 train_c: -1.1475 train_max_dist: 3.4829 train_imax: -0.0000 train_imin: -1.1475 time: 3.0580s
INFO:root:Epoch: 1460 lr: 0.01 train_loss: 93079.8594 train_distortion: 0.8162 train_mapscore: 0.0965 train_c: -1.1480 train_max_dist: 3.4845 train_imax: -0.0000 train_imin: -1.1480 time: 3.0635s
INFO:root:Epoch: 1465 lr: 0.01 train_loss: 93071.0234 train_distortion: 0.8161 train_mapscore: 0.0961 train_c: -1.1485 train_max_dist: 3.4880 train_imax: -0.0000 train_imin: -1.1485 time: 3.0495s
INFO:root:Epoch: 1470 lr: 0.01 train_loss: 93062.1875 train_distortion: 0.8160 train_mapscore: 0.0963 train_c: -1.1490 train_max_dist: 3.4899 train_imax: -0.0000 train_imin: -1.1490 time: 3.0714s
INFO:root:Epoch: 1475 lr: 0.01 train_loss: 93053.3984 train_distortion: 0.8159 train_mapscore: 0.0964 train_c: -1.1495 train_max_dist: 3.4906 train_imax: -0.0000 train_imin: -1.1495 time: 3.0753s
INFO:root:Epoch: 1480 lr: 0.01 train_loss: 93044.6484 train_distortion: 0.8158 train_mapscore: 0.0971 train_c: -1.1500 train_max_dist: 3.4927 train_imax: -0.0000 train_imin: -1.1500 time: 3.0666s
INFO:root:Epoch: 1485 lr: 0.01 train_loss: 93035.8828 train_distortion: 0.8157 train_mapscore: 0.0963 train_c: -1.1505 train_max_dist: 3.4932 train_imax: -0.0000 train_imin: -1.1505 time: 3.0818s
INFO:root:Epoch: 1490 lr: 0.01 train_loss: 93027.1406 train_distortion: 0.8156 train_mapscore: 0.0958 train_c: -1.1510 train_max_dist: 3.4953 train_imax: -0.0000 train_imin: -1.1510 time: 3.0731s
INFO:root:Epoch: 1495 lr: 0.01 train_loss: 93018.3594 train_distortion: 0.8156 train_mapscore: 0.0979 train_c: -1.1515 train_max_dist: 3.4967 train_imax: -0.0000 train_imin: -1.1515 time: 3.0642s
INFO:root:Epoch: 1500 lr: 0.01 train_loss: 93009.5156 train_distortion: 0.8155 train_mapscore: 0.0976 train_c: -1.1520 train_max_dist: 3.4991 train_imax: -0.0000 train_imin: -1.1520 time: 3.0664s
INFO:root:Epoch: 1505 lr: 0.01 train_loss: 93000.4922 train_distortion: 0.8154 train_mapscore: 0.0979 train_c: -1.1525 train_max_dist: 3.5014 train_imax: -0.0000 train_imin: -1.1525 time: 3.0655s
INFO:root:Epoch: 1510 lr: 0.01 train_loss: 92991.5312 train_distortion: 0.8153 train_mapscore: 0.0990 train_c: -1.1530 train_max_dist: 3.5042 train_imax: -0.0000 train_imin: -1.1530 time: 3.0588s
INFO:root:Epoch: 1515 lr: 0.01 train_loss: 92982.5938 train_distortion: 0.8152 train_mapscore: 0.0997 train_c: -1.1535 train_max_dist: 3.5061 train_imax: -0.0000 train_imin: -1.1535 time: 3.0555s
INFO:root:Epoch: 1520 lr: 0.01 train_loss: 92973.5078 train_distortion: 0.8151 train_mapscore: 0.1011 train_c: -1.1540 train_max_dist: 3.5086 train_imax: -0.0000 train_imin: -1.1540 time: 3.0501s
INFO:root:Epoch: 1525 lr: 0.01 train_loss: 92964.4375 train_distortion: 0.8151 train_mapscore: 0.0999 train_c: -1.1545 train_max_dist: 3.5109 train_imax: -0.0000 train_imin: -1.1545 time: 3.0408s
INFO:root:Epoch: 1530 lr: 0.01 train_loss: 92955.1719 train_distortion: 0.8150 train_mapscore: 0.0999 train_c: -1.1550 train_max_dist: 3.5073 train_imax: -0.0000 train_imin: -1.1550 time: 3.0573s
INFO:root:Epoch: 1535 lr: 0.01 train_loss: 92945.8281 train_distortion: 0.8149 train_mapscore: 0.1010 train_c: -1.1555 train_max_dist: 3.5085 train_imax: -0.0000 train_imin: -1.1555 time: 3.0450s
INFO:root:Epoch: 1540 lr: 0.01 train_loss: 92936.4531 train_distortion: 0.8148 train_mapscore: 0.1001 train_c: -1.1560 train_max_dist: 3.5117 train_imax: -0.0000 train_imin: -1.1560 time: 3.0324s
INFO:root:Epoch: 1545 lr: 0.01 train_loss: 92926.5391 train_distortion: 0.8147 train_mapscore: 0.1008 train_c: -1.1565 train_max_dist: 3.5124 train_imax: -0.0000 train_imin: -1.1565 time: 3.0500s
INFO:root:Epoch: 1550 lr: 0.01 train_loss: 92916.6719 train_distortion: 0.8147 train_mapscore: 0.1010 train_c: -1.1570 train_max_dist: 3.5162 train_imax: -0.0000 train_imin: -1.1570 time: 3.0333s
INFO:root:Epoch: 1555 lr: 0.01 train_loss: 92906.9531 train_distortion: 0.8146 train_mapscore: 0.0999 train_c: -1.1575 train_max_dist: 3.5199 train_imax: -0.0000 train_imin: -1.1575 time: 3.0387s
INFO:root:Epoch: 1560 lr: 0.01 train_loss: 92897.5625 train_distortion: 0.8145 train_mapscore: 0.1001 train_c: -1.1580 train_max_dist: 3.5219 train_imax: -0.0000 train_imin: -1.1580 time: 3.0609s
INFO:root:Epoch: 1565 lr: 0.01 train_loss: 92888.1875 train_distortion: 0.8144 train_mapscore: 0.1004 train_c: -1.1585 train_max_dist: 3.5195 train_imax: -0.0000 train_imin: -1.1585 time: 3.0634s
INFO:root:Epoch: 1570 lr: 0.01 train_loss: 92878.9609 train_distortion: 0.8143 train_mapscore: 0.1003 train_c: -1.1590 train_max_dist: 3.5217 train_imax: -0.0000 train_imin: -1.1590 time: 3.0675s
INFO:root:Epoch: 1575 lr: 0.01 train_loss: 92869.8125 train_distortion: 0.8142 train_mapscore: 0.1007 train_c: -1.1595 train_max_dist: 3.5229 train_imax: -0.0000 train_imin: -1.1595 time: 3.0603s
INFO:root:Epoch: 1580 lr: 0.01 train_loss: 92860.7188 train_distortion: 0.8141 train_mapscore: 0.0999 train_c: -1.1600 train_max_dist: 3.5258 train_imax: -0.0000 train_imin: -1.1600 time: 3.0690s
INFO:root:Epoch: 1585 lr: 0.01 train_loss: 92851.5469 train_distortion: 0.8140 train_mapscore: 0.0996 train_c: -1.1605 train_max_dist: 3.5262 train_imax: -0.0000 train_imin: -1.1605 time: 3.0698s
INFO:root:Epoch: 1590 lr: 0.01 train_loss: 92842.4766 train_distortion: 0.8139 train_mapscore: 0.0983 train_c: -1.1610 train_max_dist: 3.5292 train_imax: -0.0000 train_imin: -1.1610 time: 3.0602s
INFO:root:Epoch: 1595 lr: 0.01 train_loss: 92833.5000 train_distortion: 0.8138 train_mapscore: 0.0987 train_c: -1.1615 train_max_dist: 3.5301 train_imax: -0.0000 train_imin: -1.1615 time: 3.0684s
INFO:root:Epoch: 1600 lr: 0.01 train_loss: 92824.5547 train_distortion: 0.8137 train_mapscore: 0.0991 train_c: -1.1620 train_max_dist: 3.5332 train_imax: -0.0000 train_imin: -1.1620 time: 3.0800s
INFO:root:Epoch: 1605 lr: 0.01 train_loss: 92815.6641 train_distortion: 0.8136 train_mapscore: 0.0983 train_c: -1.1625 train_max_dist: 3.5382 train_imax: -0.0000 train_imin: -1.1625 time: 3.0832s
INFO:root:Epoch: 1610 lr: 0.01 train_loss: 92806.8359 train_distortion: 0.8135 train_mapscore: 0.0979 train_c: -1.1630 train_max_dist: 3.5407 train_imax: -0.0000 train_imin: -1.1630 time: 3.0581s
INFO:root:Epoch: 1615 lr: 0.01 train_loss: 92797.8750 train_distortion: 0.8135 train_mapscore: 0.0966 train_c: -1.1635 train_max_dist: 3.5443 train_imax: -0.0000 train_imin: -1.1635 time: 3.0710s
INFO:root:Epoch: 1620 lr: 0.01 train_loss: 92788.9531 train_distortion: 0.8134 train_mapscore: 0.0986 train_c: -1.1640 train_max_dist: 3.5466 train_imax: -0.0000 train_imin: -1.1640 time: 3.0708s
INFO:root:Epoch: 1625 lr: 0.01 train_loss: 92779.9531 train_distortion: 0.8133 train_mapscore: 0.0983 train_c: -1.1645 train_max_dist: 3.5495 train_imax: -0.0000 train_imin: -1.1645 time: 3.0795s
INFO:root:Epoch: 1630 lr: 0.01 train_loss: 92770.9219 train_distortion: 0.8132 train_mapscore: 0.0994 train_c: -1.1650 train_max_dist: 3.5519 train_imax: -0.0000 train_imin: -1.1650 time: 3.0409s
INFO:root:Epoch: 1635 lr: 0.01 train_loss: 92761.8906 train_distortion: 0.8131 train_mapscore: 0.0981 train_c: -1.1655 train_max_dist: 3.5523 train_imax: -0.0000 train_imin: -1.1655 time: 3.0586s
INFO:root:Epoch: 1640 lr: 0.01 train_loss: 92752.8281 train_distortion: 0.8130 train_mapscore: 0.0985 train_c: -1.1660 train_max_dist: 3.5530 train_imax: -0.0000 train_imin: -1.1660 time: 3.0677s
INFO:root:Epoch: 1645 lr: 0.01 train_loss: 92743.8438 train_distortion: 0.8129 train_mapscore: 0.1003 train_c: -1.1665 train_max_dist: 3.5567 train_imax: -0.0000 train_imin: -1.1665 time: 3.0372s
INFO:root:Epoch: 1650 lr: 0.01 train_loss: 92734.8750 train_distortion: 0.8128 train_mapscore: 0.0975 train_c: -1.1670 train_max_dist: 3.5558 train_imax: -0.0000 train_imin: -1.1670 time: 3.0598s
INFO:root:Epoch: 1655 lr: 0.01 train_loss: 92725.8594 train_distortion: 0.8127 train_mapscore: 0.0980 train_c: -1.1676 train_max_dist: 3.5603 train_imax: -0.0000 train_imin: -1.1675 time: 3.0604s
INFO:root:Epoch: 1660 lr: 0.01 train_loss: 92716.7578 train_distortion: 0.8126 train_mapscore: 0.0975 train_c: -1.1681 train_max_dist: 3.5611 train_imax: -0.0000 train_imin: -1.1681 time: 3.0458s
INFO:root:Epoch: 1665 lr: 0.01 train_loss: 92707.7500 train_distortion: 0.8125 train_mapscore: 0.0984 train_c: -1.1686 train_max_dist: 3.5641 train_imax: -0.0000 train_imin: -1.1686 time: 3.0630s
INFO:root:Epoch: 1670 lr: 0.01 train_loss: 92698.7656 train_distortion: 0.8124 train_mapscore: 0.0989 train_c: -1.1691 train_max_dist: 3.5703 train_imax: -0.0000 train_imin: -1.1691 time: 3.0627s
INFO:root:Epoch: 1675 lr: 0.01 train_loss: 92689.8672 train_distortion: 0.8123 train_mapscore: 0.0988 train_c: -1.1696 train_max_dist: 3.5707 train_imax: -0.0000 train_imin: -1.1696 time: 3.0746s
INFO:root:Epoch: 1680 lr: 0.01 train_loss: 92680.7031 train_distortion: 0.8122 train_mapscore: 0.0987 train_c: -1.1701 train_max_dist: 3.5723 train_imax: -0.0000 train_imin: -1.1701 time: 3.1044s
INFO:root:Epoch: 1685 lr: 0.01 train_loss: 92671.5938 train_distortion: 0.8121 train_mapscore: 0.0993 train_c: -1.1706 train_max_dist: 3.5776 train_imax: -0.0000 train_imin: -1.1706 time: 3.0655s
INFO:root:Epoch: 1690 lr: 0.01 train_loss: 92662.5078 train_distortion: 0.8120 train_mapscore: 0.0994 train_c: -1.1711 train_max_dist: 3.5831 train_imax: -0.0000 train_imin: -1.1711 time: 3.0704s
INFO:root:Epoch: 1695 lr: 0.01 train_loss: 92653.5000 train_distortion: 0.8119 train_mapscore: 0.0986 train_c: -1.1716 train_max_dist: 3.5871 train_imax: -0.0000 train_imin: -1.1716 time: 3.0833s
INFO:root:Epoch: 1700 lr: 0.01 train_loss: 92644.5391 train_distortion: 0.8118 train_mapscore: 0.0997 train_c: -1.1721 train_max_dist: 3.5895 train_imax: -0.0000 train_imin: -1.1721 time: 3.0603s
INFO:root:Epoch: 1705 lr: 0.01 train_loss: 92635.5859 train_distortion: 0.8117 train_mapscore: 0.0989 train_c: -1.1726 train_max_dist: 3.5911 train_imax: -0.0000 train_imin: -1.1726 time: 3.0642s
INFO:root:Epoch: 1710 lr: 0.01 train_loss: 92626.5703 train_distortion: 0.8116 train_mapscore: 0.0982 train_c: -1.1731 train_max_dist: 3.5941 train_imax: -0.0000 train_imin: -1.1731 time: 3.0672s
INFO:root:Epoch: 1715 lr: 0.01 train_loss: 92617.6484 train_distortion: 0.8115 train_mapscore: 0.0985 train_c: -1.1736 train_max_dist: 3.5954 train_imax: -0.0000 train_imin: -1.1736 time: 3.0721s
INFO:root:Epoch: 1720 lr: 0.01 train_loss: 92608.6719 train_distortion: 0.8114 train_mapscore: 0.0995 train_c: -1.1741 train_max_dist: 3.5985 train_imax: -0.0000 train_imin: -1.1741 time: 3.0743s
INFO:root:Epoch: 1725 lr: 0.01 train_loss: 92599.7031 train_distortion: 0.8113 train_mapscore: 0.0986 train_c: -1.1746 train_max_dist: 3.6012 train_imax: -0.0000 train_imin: -1.1746 time: 3.0734s
INFO:root:Epoch: 1730 lr: 0.01 train_loss: 92590.7344 train_distortion: 0.8112 train_mapscore: 0.0979 train_c: -1.1751 train_max_dist: 3.6019 train_imax: -0.0000 train_imin: -1.1751 time: 3.0656s
INFO:root:Epoch: 1735 lr: 0.01 train_loss: 92581.7344 train_distortion: 0.8111 train_mapscore: 0.0983 train_c: -1.1756 train_max_dist: 3.6042 train_imax: -0.0000 train_imin: -1.1756 time: 3.0868s
INFO:root:Epoch: 1740 lr: 0.01 train_loss: 92572.7344 train_distortion: 0.8110 train_mapscore: 0.0982 train_c: -1.1761 train_max_dist: 3.6077 train_imax: -0.0000 train_imin: -1.1761 time: 3.0772s
INFO:root:Epoch: 1745 lr: 0.01 train_loss: 92563.7188 train_distortion: 0.8109 train_mapscore: 0.0976 train_c: -1.1766 train_max_dist: 3.6095 train_imax: -0.0000 train_imin: -1.1766 time: 3.0736s
INFO:root:Epoch: 1750 lr: 0.01 train_loss: 92554.7188 train_distortion: 0.8108 train_mapscore: 0.0966 train_c: -1.1771 train_max_dist: 3.6111 train_imax: -0.0000 train_imin: -1.1771 time: 3.0721s
INFO:root:Epoch: 1755 lr: 0.01 train_loss: 92545.7422 train_distortion: 0.8107 train_mapscore: 0.0980 train_c: -1.1776 train_max_dist: 3.6143 train_imax: -0.0000 train_imin: -1.1776 time: 3.0472s
INFO:root:Epoch: 1760 lr: 0.01 train_loss: 92536.7266 train_distortion: 0.8106 train_mapscore: 0.0977 train_c: -1.1781 train_max_dist: 3.6149 train_imax: -0.0000 train_imin: -1.1781 time: 3.0537s
INFO:root:Epoch: 1765 lr: 0.01 train_loss: 92527.6562 train_distortion: 0.8105 train_mapscore: 0.0990 train_c: -1.1786 train_max_dist: 3.6200 train_imax: -0.0000 train_imin: -1.1786 time: 3.0531s
INFO:root:Epoch: 1770 lr: 0.01 train_loss: 92518.4844 train_distortion: 0.8104 train_mapscore: 0.0996 train_c: -1.1791 train_max_dist: 3.6212 train_imax: -0.0000 train_imin: -1.1791 time: 3.0410s
INFO:root:Epoch: 1775 lr: 0.01 train_loss: 92509.1875 train_distortion: 0.8103 train_mapscore: 0.0999 train_c: -1.1796 train_max_dist: 3.6242 train_imax: -0.0000 train_imin: -1.1796 time: 3.0606s
INFO:root:Epoch: 1780 lr: 0.01 train_loss: 92499.9297 train_distortion: 0.8102 train_mapscore: 0.1007 train_c: -1.1801 train_max_dist: 3.6266 train_imax: -0.0000 train_imin: -1.1801 time: 3.0539s
INFO:root:Epoch: 1785 lr: 0.01 train_loss: 92490.7891 train_distortion: 0.8101 train_mapscore: 0.0997 train_c: -1.1806 train_max_dist: 3.6289 train_imax: -0.0000 train_imin: -1.1806 time: 3.0623s
INFO:root:Epoch: 1790 lr: 0.01 train_loss: 92481.6719 train_distortion: 0.8100 train_mapscore: 0.0993 train_c: -1.1811 train_max_dist: 3.6314 train_imax: -0.0000 train_imin: -1.1811 time: 3.0699s
INFO:root:Epoch: 1795 lr: 0.01 train_loss: 92472.6250 train_distortion: 0.8099 train_mapscore: 0.0999 train_c: -1.1816 train_max_dist: 3.6326 train_imax: -0.0000 train_imin: -1.1816 time: 3.0705s
INFO:root:Epoch: 1800 lr: 0.01 train_loss: 92463.5859 train_distortion: 0.8098 train_mapscore: 0.0990 train_c: -1.1821 train_max_dist: 3.6350 train_imax: -0.0000 train_imin: -1.1821 time: 3.0685s
INFO:root:Epoch: 1805 lr: 0.01 train_loss: 92454.5547 train_distortion: 0.8097 train_mapscore: 0.0997 train_c: -1.1826 train_max_dist: 3.6366 train_imax: -0.0000 train_imin: -1.1826 time: 3.0521s
INFO:root:Epoch: 1810 lr: 0.01 train_loss: 92445.5156 train_distortion: 0.8096 train_mapscore: 0.0987 train_c: -1.1831 train_max_dist: 3.6410 train_imax: -0.0000 train_imin: -1.1831 time: 3.0670s
INFO:root:Epoch: 1815 lr: 0.01 train_loss: 92436.4531 train_distortion: 0.8095 train_mapscore: 0.0986 train_c: -1.1836 train_max_dist: 3.6414 train_imax: -0.0000 train_imin: -1.1836 time: 3.0716s
INFO:root:Epoch: 1820 lr: 0.01 train_loss: 92427.4141 train_distortion: 0.8094 train_mapscore: 0.0996 train_c: -1.1841 train_max_dist: 3.6437 train_imax: -0.0000 train_imin: -1.1841 time: 3.0728s
INFO:root:Epoch: 1825 lr: 0.01 train_loss: 92418.3672 train_distortion: 0.8093 train_mapscore: 0.0998 train_c: -1.1846 train_max_dist: 3.6453 train_imax: -0.0000 train_imin: -1.1846 time: 3.0667s
INFO:root:Epoch: 1830 lr: 0.01 train_loss: 92409.2891 train_distortion: 0.8092 train_mapscore: 0.1003 train_c: -1.1851 train_max_dist: 3.6474 train_imax: -0.0000 train_imin: -1.1851 time: 3.0629s
INFO:root:Epoch: 1835 lr: 0.01 train_loss: 92400.2031 train_distortion: 0.8091 train_mapscore: 0.1004 train_c: -1.1856 train_max_dist: 3.6504 train_imax: -0.0000 train_imin: -1.1856 time: 3.0464s
INFO:root:Epoch: 1840 lr: 0.01 train_loss: 92391.0469 train_distortion: 0.8089 train_mapscore: 0.0999 train_c: -1.1861 train_max_dist: 3.6540 train_imax: -0.0000 train_imin: -1.1861 time: 3.0610s
INFO:root:Epoch: 1845 lr: 0.01 train_loss: 92381.9453 train_distortion: 0.8088 train_mapscore: 0.1003 train_c: -1.1866 train_max_dist: 3.6552 train_imax: -0.0000 train_imin: -1.1866 time: 3.0663s
INFO:root:Epoch: 1850 lr: 0.01 train_loss: 92372.8438 train_distortion: 0.8087 train_mapscore: 0.0991 train_c: -1.1871 train_max_dist: 3.6576 train_imax: -0.0000 train_imin: -1.1871 time: 3.0451s
INFO:root:Epoch: 1855 lr: 0.01 train_loss: 92363.7500 train_distortion: 0.8086 train_mapscore: 0.1008 train_c: -1.1876 train_max_dist: 3.6605 train_imax: -0.0000 train_imin: -1.1876 time: 3.0642s
INFO:root:Epoch: 1860 lr: 0.01 train_loss: 92354.6250 train_distortion: 0.8085 train_mapscore: 0.1015 train_c: -1.1881 train_max_dist: 3.6631 train_imax: -0.0000 train_imin: -1.1881 time: 3.0571s
INFO:root:Epoch: 1865 lr: 0.01 train_loss: 92345.5469 train_distortion: 0.8084 train_mapscore: 0.1002 train_c: -1.1886 train_max_dist: 3.6653 train_imax: -0.0000 train_imin: -1.1886 time: 3.0728s
INFO:root:Epoch: 1870 lr: 0.01 train_loss: 92336.4375 train_distortion: 0.8083 train_mapscore: 0.0998 train_c: -1.1891 train_max_dist: 3.6669 train_imax: -0.0000 train_imin: -1.1891 time: 3.0641s
INFO:root:Epoch: 1875 lr: 0.01 train_loss: 92327.3281 train_distortion: 0.8082 train_mapscore: 0.0995 train_c: -1.1896 train_max_dist: 3.6684 train_imax: -0.0000 train_imin: -1.1896 time: 3.0725s
INFO:root:Epoch: 1880 lr: 0.01 train_loss: 92318.2188 train_distortion: 0.8081 train_mapscore: 0.1006 train_c: -1.1901 train_max_dist: 3.6726 train_imax: -0.0000 train_imin: -1.1901 time: 3.0486s
INFO:root:Epoch: 1885 lr: 0.01 train_loss: 92309.0938 train_distortion: 0.8080 train_mapscore: 0.1015 train_c: -1.1906 train_max_dist: 3.6741 train_imax: -0.0000 train_imin: -1.1906 time: 3.0489s
INFO:root:Epoch: 1890 lr: 0.01 train_loss: 92299.9688 train_distortion: 0.8079 train_mapscore: 0.1009 train_c: -1.1911 train_max_dist: 3.6753 train_imax: -0.0000 train_imin: -1.1911 time: 3.0432s
INFO:root:Epoch: 1895 lr: 0.01 train_loss: 92290.8359 train_distortion: 0.8078 train_mapscore: 0.1008 train_c: -1.1916 train_max_dist: 3.6768 train_imax: -0.0000 train_imin: -1.1916 time: 3.0533s
INFO:root:Epoch: 1900 lr: 0.01 train_loss: 92281.7031 train_distortion: 0.8077 train_mapscore: 0.1011 train_c: -1.1921 train_max_dist: 3.6794 train_imax: -0.0000 train_imin: -1.1921 time: 3.0495s
INFO:root:Epoch: 1905 lr: 0.01 train_loss: 92272.5625 train_distortion: 0.8076 train_mapscore: 0.1011 train_c: -1.1926 train_max_dist: 3.6829 train_imax: -0.0000 train_imin: -1.1926 time: 3.0414s
INFO:root:Epoch: 1910 lr: 0.01 train_loss: 92263.3984 train_distortion: 0.8075 train_mapscore: 0.1014 train_c: -1.1931 train_max_dist: 3.6843 train_imax: -0.0000 train_imin: -1.1931 time: 3.0447s
INFO:root:Epoch: 1915 lr: 0.01 train_loss: 92254.2500 train_distortion: 0.8074 train_mapscore: 0.1015 train_c: -1.1936 train_max_dist: 3.6876 train_imax: -0.0000 train_imin: -1.1936 time: 3.0437s
INFO:root:Epoch: 1920 lr: 0.01 train_loss: 92245.0781 train_distortion: 0.8073 train_mapscore: 0.1019 train_c: -1.1941 train_max_dist: 3.6891 train_imax: -0.0000 train_imin: -1.1941 time: 3.0421s
INFO:root:Epoch: 1925 lr: 0.01 train_loss: 92235.9141 train_distortion: 0.8072 train_mapscore: 0.1022 train_c: -1.1946 train_max_dist: 3.6927 train_imax: -0.0000 train_imin: -1.1946 time: 3.0621s
INFO:root:Epoch: 1930 lr: 0.01 train_loss: 92226.7266 train_distortion: 0.8071 train_mapscore: 0.1023 train_c: -1.1951 train_max_dist: 3.6945 train_imax: -0.0000 train_imin: -1.1951 time: 3.0630s
INFO:root:Epoch: 1935 lr: 0.01 train_loss: 92217.5391 train_distortion: 0.8070 train_mapscore: 0.1030 train_c: -1.1956 train_max_dist: 3.6946 train_imax: -0.0000 train_imin: -1.1956 time: 3.0548s
INFO:root:Epoch: 1940 lr: 0.01 train_loss: 92208.3359 train_distortion: 0.8069 train_mapscore: 0.1035 train_c: -1.1961 train_max_dist: 3.6982 train_imax: -0.0000 train_imin: -1.1961 time: 3.0619s
INFO:root:Epoch: 1945 lr: 0.01 train_loss: 92199.0938 train_distortion: 0.8068 train_mapscore: 0.1026 train_c: -1.1966 train_max_dist: 3.7005 train_imax: -0.0000 train_imin: -1.1966 time: 3.0549s
INFO:root:Epoch: 1950 lr: 0.01 train_loss: 92189.8750 train_distortion: 0.8067 train_mapscore: 0.1036 train_c: -1.1971 train_max_dist: 3.7003 train_imax: -0.0000 train_imin: -1.1971 time: 3.0511s
INFO:root:Epoch: 1955 lr: 0.01 train_loss: 92180.6641 train_distortion: 0.8066 train_mapscore: 0.1030 train_c: -1.1976 train_max_dist: 3.7031 train_imax: -0.0000 train_imin: -1.1976 time: 3.0586s
INFO:root:Epoch: 1960 lr: 0.01 train_loss: 92171.4609 train_distortion: 0.8065 train_mapscore: 0.1028 train_c: -1.1981 train_max_dist: 3.7069 train_imax: -0.0000 train_imin: -1.1981 time: 3.0600s
INFO:root:Epoch: 1965 lr: 0.01 train_loss: 92162.2188 train_distortion: 0.8064 train_mapscore: 0.1038 train_c: -1.1986 train_max_dist: 3.7080 train_imax: -0.0000 train_imin: -1.1986 time: 3.0510s
INFO:root:Epoch: 1970 lr: 0.01 train_loss: 92152.9922 train_distortion: 0.8063 train_mapscore: 0.1031 train_c: -1.1991 train_max_dist: 3.7100 train_imax: -0.0000 train_imin: -1.1991 time: 3.0516s
INFO:root:Epoch: 1975 lr: 0.01 train_loss: 92143.7344 train_distortion: 0.8062 train_mapscore: 0.1047 train_c: -1.1996 train_max_dist: 3.7114 train_imax: -0.0000 train_imin: -1.1996 time: 3.0504s
INFO:root:Epoch: 1980 lr: 0.01 train_loss: 92134.4766 train_distortion: 0.8060 train_mapscore: 0.1026 train_c: -1.2001 train_max_dist: 3.7148 train_imax: -0.0000 train_imin: -1.2001 time: 3.0535s
INFO:root:Epoch: 1985 lr: 0.01 train_loss: 92125.2344 train_distortion: 0.8059 train_mapscore: 0.1033 train_c: -1.2006 train_max_dist: 3.7168 train_imax: -0.0000 train_imin: -1.2006 time: 3.0585s
INFO:root:Epoch: 1990 lr: 0.01 train_loss: 92115.9531 train_distortion: 0.8058 train_mapscore: 0.1039 train_c: -1.2011 train_max_dist: 3.7193 train_imax: -0.0000 train_imin: -1.2011 time: 3.0498s
INFO:root:Epoch: 1995 lr: 0.01 train_loss: 92106.6875 train_distortion: 0.8057 train_mapscore: 0.1040 train_c: -1.2016 train_max_dist: 3.7214 train_imax: -0.0000 train_imin: -1.2016 time: 3.0439s
INFO:root:Epoch: 2000 lr: 0.0025 train_loss: 92097.3906 train_distortion: 0.8056 train_mapscore: 0.1037 train_c: -1.2021 train_max_dist: 3.7225 train_imax: -0.0000 train_imin: -1.2021 time: 3.0585s
INFO:root:Optimization Finished!
INFO:root:Total time elapsed: 6113.2322s
INFO:root:Val set results: val_distortion: 1.0000 val_mapscore: -1.0000 val_c: -1.0000 val_max_dist: 0.0000
INFO:root:Test set results: test_loss: 92095.5469 test_distortion: 0.8056 test_mapscore: 0.1023 test_c: -1.2022 test_max_dist: 3.7238 test_imax: -0.0000 test_imin: -1.2022
INFO:root:Saved model in /workspace/xiongbo/hgcn/logs/md/2021_5_23/12
