INFO:root:Using: cuda:0
INFO:root:Using seed 1234.
INFO:root:MDModel(
  (encoder): HGCN(
    (layers): Sequential(
      (0): HyperbolicGraphConvolution(
        (linear): HypLinear(
          in_features=2275, out_features=10, c=Parameter containing:
          tensor([-1.], requires_grad=True)
        )
        (agg): HypAgg(
          c=Parameter containing:
          tensor([-1.], requires_grad=True)
        )
        (hyp_act): HypAct(
          c_in=Parameter containing:
          tensor([-1.], requires_grad=True), c_out=Parameter containing:
          tensor([-1.], requires_grad=True)
        )
      )
    )
  )
  (decoder): MDDecoder()
)
INFO:root:Total number of parameters: 22762
/workspace/anaconda3/envs/geo/lib/python3.7/site-packages/torch/optim/lr_scheduler.py:370: UserWarning: To get the last learning rate computed by the scheduler, please use `get_last_lr()`.
  "please use `get_last_lr()`.", UserWarning)
INFO:root:Epoch: 0005 lr: 0.01 train_loss: 1154581.2500 train_distortion: 0.8112 train_mapscore: 0.6188 train_c: -1.0356 train_max_dist: 1.4101 train_imax: -0.0000 train_imin: -1.4797 time: 1.8612s
INFO:root:Epoch: 0010 lr: 0.01 train_loss: 1085720.1250 train_distortion: 0.5922 train_mapscore: 0.6453 train_c: -1.0822 train_max_dist: 3.0007 train_imax: -0.0000 train_imin: -1.9554 time: 1.8177s
INFO:root:Epoch: 0015 lr: 0.01 train_loss: 1028713.7500 train_distortion: 0.4359 train_mapscore: 0.6613 train_c: -1.1337 train_max_dist: 4.7410 train_imax: -0.0000 train_imin: -2.5333 time: 1.7821s
INFO:root:Epoch: 0020 lr: 0.01 train_loss: 973449.7500 train_distortion: 0.3162 train_mapscore: 0.6711 train_c: -1.1885 train_max_dist: 6.5932 train_imax: -0.0000 train_imin: -3.0589 time: 1.8092s
INFO:root:Epoch: 0025 lr: 0.01 train_loss: 908040.6250 train_distortion: 0.2370 train_mapscore: 0.6865 train_c: -1.2457 train_max_dist: 8.5405 train_imax: -0.0000 train_imin: -3.7541 time: 1.8030s
INFO:root:Epoch: 0030 lr: 0.01 train_loss: 820945.8125 train_distortion: 0.2770 train_mapscore: 0.7101 train_c: -1.3048 train_max_dist: 10.9559 train_imax: -0.0000 train_imin: -4.9193 time: 1.7809s
INFO:root:Epoch: 0035 lr: 0.01 train_loss: 696478.1250 train_distortion: 0.7519 train_mapscore: 0.7395 train_c: -1.3658 train_max_dist: 14.5148 train_imax: -0.0000 train_imin: -7.4257 time: 1.7927s
INFO:root:Epoch: 0040 lr: 0.01 train_loss: 534616.1875 train_distortion: 2.7541 train_mapscore: 0.7563 train_c: -1.4282 train_max_dist: 19.3854 train_imax: -0.0000 train_imin: -12.0739 time: 1.8530s
INFO:root:Epoch: 0045 lr: 0.01 train_loss: 452014.3125 train_distortion: 7.9680 train_mapscore: 0.7797 train_c: -1.4834 train_max_dist: 25.0291 train_imax: -0.0000 train_imin: -19.7719 time: 1.8357s
INFO:root:Epoch: 0050 lr: 0.01 train_loss: 421707.4062 train_distortion: 10.1421 train_mapscore: 0.7938 train_c: -1.5141 train_max_dist: 27.8425 train_imax: -0.0000 train_imin: -28.0091 time: 1.8309s
INFO:root:Epoch: 0055 lr: 0.01 train_loss: 384580.5000 train_distortion: 9.8393 train_mapscore: 0.8098 train_c: -1.5300 train_max_dist: 28.1564 train_imax: 0.3495 train_imin: -27.6493 time: 1.8338s
INFO:root:Epoch: 0060 lr: 0.01 train_loss: 354862.5312 train_distortion: 9.4335 train_mapscore: 0.8133 train_c: -1.5401 train_max_dist: 28.2296 train_imax: 1.1017 train_imin: -26.9562 time: 1.7748s
INFO:root:Epoch: 0065 lr: 0.01 train_loss: 329719.1562 train_distortion: 9.8942 train_mapscore: 0.8207 train_c: -1.5486 train_max_dist: 29.2515 train_imax: 1.9828 train_imin: -27.2534 time: 1.8002s
INFO:root:Epoch: 0070 lr: 0.01 train_loss: 312085.1562 train_distortion: 10.0728 train_mapscore: 0.8270 train_c: -1.5547 train_max_dist: 29.5521 train_imax: 2.2443 train_imin: -26.5680 time: 1.7853s
INFO:root:Epoch: 0075 lr: 0.01 train_loss: 298242.3750 train_distortion: 10.5872 train_mapscore: 0.8323 train_c: -1.5601 train_max_dist: 30.3716 train_imax: 2.4899 train_imin: -26.6577 time: 1.8492s
INFO:root:Epoch: 0080 lr: 0.01 train_loss: 284558.5625 train_distortion: 11.4463 train_mapscore: 0.8382 train_c: -1.5645 train_max_dist: 31.5652 train_imax: 2.4011 train_imin: -27.3283 time: 1.8291s
INFO:root:Epoch: 0085 lr: 0.01 train_loss: 273186.5938 train_distortion: 10.8740 train_mapscore: 0.8433 train_c: -1.5675 train_max_dist: 31.5020 train_imax: 2.5318 train_imin: -26.5607 time: 1.8550s
INFO:root:Epoch: 0090 lr: 0.01 train_loss: 268023.0625 train_distortion: 10.8732 train_mapscore: 0.8478 train_c: -1.5707 train_max_dist: 31.7397 train_imax: 3.2676 train_imin: -26.1023 time: 1.8378s
INFO:root:Epoch: 0095 lr: 0.01 train_loss: 258431.2812 train_distortion: 11.1548 train_mapscore: 0.8516 train_c: -1.5745 train_max_dist: 32.3562 train_imax: 2.9919 train_imin: -26.0189 time: 1.7988s
INFO:root:Epoch: 0100 lr: 0.01 train_loss: 252549.1562 train_distortion: 11.6129 train_mapscore: 0.8537 train_c: -1.5789 train_max_dist: 32.6985 train_imax: 2.3186 train_imin: -25.8750 time: 1.7789s
INFO:root:Epoch: 0105 lr: 0.01 train_loss: 251183.2188 train_distortion: 11.4844 train_mapscore: 0.8567 train_c: -1.5823 train_max_dist: 32.5818 train_imax: 1.9741 train_imin: -25.3602 time: 1.8009s
INFO:root:Epoch: 0110 lr: 0.01 train_loss: 247296.0625 train_distortion: 11.8360 train_mapscore: 0.8584 train_c: -1.5863 train_max_dist: 32.7295 train_imax: 2.4346 train_imin: -25.2297 time: 1.8421s
INFO:root:Epoch: 0115 lr: 0.01 train_loss: 244894.9062 train_distortion: 11.6220 train_mapscore: 0.8597 train_c: -1.5907 train_max_dist: 32.2710 train_imax: 1.6693 train_imin: -24.7294 time: 1.7866s
INFO:root:Epoch: 0120 lr: 0.01 train_loss: 240070.8906 train_distortion: 11.9843 train_mapscore: 0.8609 train_c: -1.5949 train_max_dist: 33.0029 train_imax: 1.7038 train_imin: -25.1571 time: 1.8181s
INFO:root:Epoch: 0125 lr: 0.01 train_loss: 237191.9844 train_distortion: 12.2723 train_mapscore: 0.8622 train_c: -1.5988 train_max_dist: 33.3750 train_imax: 2.2462 train_imin: -25.5389 time: 1.8066s
INFO:root:Epoch: 0130 lr: 0.01 train_loss: 237909.2656 train_distortion: 11.7549 train_mapscore: 0.8629 train_c: -1.6019 train_max_dist: 33.1836 train_imax: 2.1919 train_imin: -24.7177 time: 1.8016s
INFO:root:Epoch: 0135 lr: 0.01 train_loss: 233484.2031 train_distortion: 12.3455 train_mapscore: 0.8651 train_c: -1.6068 train_max_dist: 33.7529 train_imax: 1.8428 train_imin: -26.0367 time: 1.8401s
INFO:root:Epoch: 0140 lr: 0.01 train_loss: 231857.2188 train_distortion: 12.2785 train_mapscore: 0.8651 train_c: -1.6108 train_max_dist: 33.7412 train_imax: 1.7386 train_imin: -25.8846 time: 1.8030s
INFO:root:Epoch: 0145 lr: 0.01 train_loss: 228292.1562 train_distortion: 12.5362 train_mapscore: 0.8655 train_c: -1.6147 train_max_dist: 34.0732 train_imax: 2.1104 train_imin: -26.2776 time: 1.8328s
INFO:root:Epoch: 0150 lr: 0.01 train_loss: 229425.4062 train_distortion: 12.5134 train_mapscore: 0.8659 train_c: -1.6189 train_max_dist: 34.2515 train_imax: 1.8345 train_imin: -26.4125 time: 1.8353s
INFO:root:Epoch: 0155 lr: 0.01 train_loss: 229207.2812 train_distortion: 12.5575 train_mapscore: 0.8666 train_c: -1.6228 train_max_dist: 34.4575 train_imax: 1.5642 train_imin: -26.8608 time: 1.8398s
INFO:root:Epoch: 0160 lr: 0.01 train_loss: 226058.0938 train_distortion: 12.6636 train_mapscore: 0.8681 train_c: -1.6269 train_max_dist: 34.6777 train_imax: 1.9467 train_imin: -26.7355 time: 1.8332s
INFO:root:Epoch: 0165 lr: 0.01 train_loss: 222977.8594 train_distortion: 12.5521 train_mapscore: 0.8687 train_c: -1.6307 train_max_dist: 34.9644 train_imax: 1.7562 train_imin: -26.4508 time: 1.7846s
INFO:root:Epoch: 0170 lr: 0.01 train_loss: 222486.1875 train_distortion: 12.5300 train_mapscore: 0.8690 train_c: -1.6346 train_max_dist: 34.9863 train_imax: 1.9649 train_imin: -26.7660 time: 1.7910s
INFO:root:Epoch: 0175 lr: 0.01 train_loss: 220904.5781 train_distortion: 12.2413 train_mapscore: 0.8701 train_c: -1.6381 train_max_dist: 35.1934 train_imax: 2.3198 train_imin: -26.5277 time: 1.7839s
INFO:root:Epoch: 0180 lr: 0.01 train_loss: 221374.0000 train_distortion: 12.7380 train_mapscore: 0.8696 train_c: -1.6421 train_max_dist: 35.7373 train_imax: 2.3780 train_imin: -26.6878 time: 1.8474s
INFO:root:Epoch: 0185 lr: 0.01 train_loss: 219259.9688 train_distortion: 12.9405 train_mapscore: 0.8715 train_c: -1.6463 train_max_dist: 36.1094 train_imax: 2.2745 train_imin: -26.9666 time: 1.8414s
INFO:root:Epoch: 0190 lr: 0.01 train_loss: 218230.8281 train_distortion: 12.7743 train_mapscore: 0.8716 train_c: -1.6507 train_max_dist: 36.2324 train_imax: 2.4242 train_imin: -26.7188 time: 1.8525s
INFO:root:Epoch: 0195 lr: 0.01 train_loss: 215242.4688 train_distortion: 13.3006 train_mapscore: 0.8726 train_c: -1.6542 train_max_dist: 36.8931 train_imax: 2.9833 train_imin: -27.5400 time: 1.8400s
INFO:root:Epoch: 0200 lr: 0.01 train_loss: 217641.5312 train_distortion: 12.4468 train_mapscore: 0.8726 train_c: -1.6568 train_max_dist: 36.5479 train_imax: 2.7008 train_imin: -26.4966 time: 1.7966s
INFO:root:Epoch: 0205 lr: 0.01 train_loss: 216629.3594 train_distortion: 13.1115 train_mapscore: 0.8731 train_c: -1.6618 train_max_dist: 37.2207 train_imax: 2.9092 train_imin: -27.1641 time: 1.8246s
INFO:root:Epoch: 0210 lr: 0.01 train_loss: 216948.5625 train_distortion: 12.8568 train_mapscore: 0.8726 train_c: -1.6653 train_max_dist: 37.2168 train_imax: 2.6965 train_imin: -26.8918 time: 1.8057s
INFO:root:Epoch: 0215 lr: 0.01 train_loss: 214341.1250 train_distortion: 13.2395 train_mapscore: 0.8722 train_c: -1.6693 train_max_dist: 37.5928 train_imax: 2.3986 train_imin: -27.6413 time: 1.8350s
INFO:root:Epoch: 0220 lr: 0.01 train_loss: 208834.7969 train_distortion: 13.2849 train_mapscore: 0.8730 train_c: -1.6733 train_max_dist: 37.7598 train_imax: 2.5121 train_imin: -27.6672 time: 1.7949s
INFO:root:Epoch: 0225 lr: 0.01 train_loss: 208454.7188 train_distortion: 13.1664 train_mapscore: 0.8730 train_c: -1.6765 train_max_dist: 37.8164 train_imax: 2.3643 train_imin: -27.5635 time: 1.8262s
INFO:root:Epoch: 0230 lr: 0.01 train_loss: 211418.0312 train_distortion: 12.7965 train_mapscore: 0.8730 train_c: -1.6808 train_max_dist: 37.4971 train_imax: 2.3287 train_imin: -28.0453 time: 1.8637s
INFO:root:Epoch: 0235 lr: 0.01 train_loss: 209703.4219 train_distortion: 13.7145 train_mapscore: 0.8731 train_c: -1.6853 train_max_dist: 38.2949 train_imax: 2.4792 train_imin: -29.7897 time: 1.8153s
INFO:root:Epoch: 0240 lr: 0.01 train_loss: 207755.2969 train_distortion: 13.8152 train_mapscore: 0.8739 train_c: -1.6890 train_max_dist: 38.6797 train_imax: 2.3659 train_imin: -28.7339 time: 1.8242s
INFO:root:Epoch: 0245 lr: 0.01 train_loss: 203490.4375 train_distortion: 13.4086 train_mapscore: 0.8742 train_c: -1.6920 train_max_dist: 38.3481 train_imax: 2.2194 train_imin: -28.0392 time: 1.7993s
INFO:root:Epoch: 0250 lr: 0.01 train_loss: 202110.5312 train_distortion: 13.5225 train_mapscore: 0.8743 train_c: -1.6956 train_max_dist: 38.6572 train_imax: 2.3513 train_imin: -27.6181 time: 1.8525s
INFO:root:Epoch: 0255 lr: 0.01 train_loss: 203858.4219 train_distortion: 13.8481 train_mapscore: 0.8746 train_c: -1.6989 train_max_dist: 38.9883 train_imax: 2.4536 train_imin: -27.2206 time: 1.8348s
INFO:root:Epoch: 0260 lr: 0.01 train_loss: 202291.5938 train_distortion: 14.1025 train_mapscore: 0.8751 train_c: -1.7034 train_max_dist: 39.1973 train_imax: 1.2048 train_imin: -27.1990 time: 1.8360s
INFO:root:Epoch: 0265 lr: 0.01 train_loss: 204666.8125 train_distortion: 13.6526 train_mapscore: 0.8752 train_c: -1.7061 train_max_dist: 39.2725 train_imax: 1.2707 train_imin: -26.9131 time: 1.8429s
INFO:root:Epoch: 0270 lr: 0.01 train_loss: 201818.6875 train_distortion: 13.4189 train_mapscore: 0.8751 train_c: -1.7096 train_max_dist: 38.8066 train_imax: 1.4445 train_imin: -26.6534 time: 1.8018s
INFO:root:Epoch: 0275 lr: 0.01 train_loss: 205559.7500 train_distortion: 12.9970 train_mapscore: 0.8751 train_c: -1.7118 train_max_dist: 38.7178 train_imax: 1.5239 train_imin: -25.5211 time: 1.8250s
INFO:root:Epoch: 0280 lr: 0.01 train_loss: 200423.3750 train_distortion: 13.4324 train_mapscore: 0.8747 train_c: -1.7166 train_max_dist: 39.2227 train_imax: 1.6308 train_imin: -26.2524 time: 1.8174s
INFO:root:Epoch: 0285 lr: 0.01 train_loss: 198140.2188 train_distortion: 14.9608 train_mapscore: 0.8761 train_c: -1.7212 train_max_dist: 40.5342 train_imax: 1.5661 train_imin: -27.8833 time: 1.8193s
INFO:root:Epoch: 0290 lr: 0.01 train_loss: 198532.5156 train_distortion: 13.8205 train_mapscore: 0.8762 train_c: -1.7240 train_max_dist: 39.6953 train_imax: 1.4535 train_imin: -26.5190 time: 1.8410s
INFO:root:Epoch: 0295 lr: 0.01 train_loss: 199456.7031 train_distortion: 14.1511 train_mapscore: 0.8767 train_c: -1.7267 train_max_dist: 39.9678 train_imax: 1.7102 train_imin: -26.9876 time: 1.8448s
INFO:root:Epoch: 0300 lr: 0.01 train_loss: 194867.3906 train_distortion: 14.3524 train_mapscore: 0.8769 train_c: -1.7298 train_max_dist: 40.0869 train_imax: 1.6431 train_imin: -27.1866 time: 1.8513s
INFO:root:Epoch: 0305 lr: 0.01 train_loss: 191199.1250 train_distortion: 14.6140 train_mapscore: 0.8773 train_c: -1.7331 train_max_dist: 40.3193 train_imax: 1.6723 train_imin: -27.4186 time: 1.8083s
INFO:root:Epoch: 0310 lr: 0.01 train_loss: 192587.0156 train_distortion: 14.6283 train_mapscore: 0.8774 train_c: -1.7358 train_max_dist: 40.4629 train_imax: 1.7610 train_imin: -27.6288 time: 1.7983s
INFO:root:Epoch: 0315 lr: 0.01 train_loss: 191328.4219 train_distortion: 14.7162 train_mapscore: 0.8773 train_c: -1.7391 train_max_dist: 40.3652 train_imax: 1.5956 train_imin: -28.1377 time: 1.8148s
INFO:root:Epoch: 0320 lr: 0.01 train_loss: 193212.8438 train_distortion: 14.7345 train_mapscore: 0.8773 train_c: -1.7418 train_max_dist: 40.4336 train_imax: 1.5466 train_imin: -28.2434 time: 1.8283s
INFO:root:Epoch: 0325 lr: 0.01 train_loss: 189852.6094 train_distortion: 14.5250 train_mapscore: 0.8777 train_c: -1.7447 train_max_dist: 40.1064 train_imax: 1.3828 train_imin: -28.1648 time: 1.8213s
INFO:root:Epoch: 0330 lr: 0.01 train_loss: 188225.2969 train_distortion: 14.6491 train_mapscore: 0.8780 train_c: -1.7478 train_max_dist: 40.4229 train_imax: 1.1579 train_imin: -28.4769 time: 1.8622s
INFO:root:Epoch: 0335 lr: 0.01 train_loss: 188303.6875 train_distortion: 14.7176 train_mapscore: 0.8790 train_c: -1.7509 train_max_dist: 40.5918 train_imax: 1.1550 train_imin: -28.1601 time: 1.8305s
INFO:root:Epoch: 0340 lr: 0.01 train_loss: 186849.3750 train_distortion: 14.5295 train_mapscore: 0.8796 train_c: -1.7547 train_max_dist: 40.2969 train_imax: 1.2345 train_imin: -28.2462 time: 1.8070s
INFO:root:Epoch: 0345 lr: 0.01 train_loss: 186503.7500 train_distortion: 15.0146 train_mapscore: 0.8797 train_c: -1.7577 train_max_dist: 40.6514 train_imax: 1.3588 train_imin: -29.0164 time: 1.8347s
INFO:root:Epoch: 0350 lr: 0.01 train_loss: 187380.0312 train_distortion: 14.6352 train_mapscore: 0.8796 train_c: -1.7607 train_max_dist: 40.2363 train_imax: 1.0490 train_imin: -28.5946 time: 1.7937s
INFO:root:Epoch: 0355 lr: 0.01 train_loss: 185041.9062 train_distortion: 14.8127 train_mapscore: 0.8801 train_c: -1.7639 train_max_dist: 40.5400 train_imax: 1.2701 train_imin: -29.5585 time: 1.8419s
INFO:root:Epoch: 0360 lr: 0.01 train_loss: 184722.1562 train_distortion: 14.7530 train_mapscore: 0.8795 train_c: -1.7669 train_max_dist: 40.6045 train_imax: 1.7020 train_imin: -29.9073 time: 1.8382s
INFO:root:Epoch: 0365 lr: 0.01 train_loss: 185269.8438 train_distortion: 14.7652 train_mapscore: 0.8799 train_c: -1.7703 train_max_dist: 40.5078 train_imax: 0.9840 train_imin: -30.6654 time: 1.8453s
INFO:root:Epoch: 0370 lr: 0.01 train_loss: 185133.0000 train_distortion: 15.6921 train_mapscore: 0.8804 train_c: -1.7744 train_max_dist: 41.1777 train_imax: 0.9999 train_imin: -31.8115 time: 1.8301s
INFO:root:Epoch: 0375 lr: 0.01 train_loss: 185583.0781 train_distortion: 15.4433 train_mapscore: 0.8805 train_c: -1.7768 train_max_dist: 41.0332 train_imax: 1.3787 train_imin: -31.8028 time: 1.8028s
INFO:root:Epoch: 0380 lr: 0.01 train_loss: 191689.0000 train_distortion: 13.6477 train_mapscore: 0.8795 train_c: -1.7795 train_max_dist: 39.6953 train_imax: 1.7644 train_imin: -30.0660 time: 1.7860s
INFO:root:Epoch: 0385 lr: 0.01 train_loss: 185611.4375 train_distortion: 15.1127 train_mapscore: 0.8797 train_c: -1.7837 train_max_dist: 40.9062 train_imax: 1.2379 train_imin: -31.6972 time: 1.8060s
INFO:root:Epoch: 0390 lr: 0.01 train_loss: 182378.7188 train_distortion: 15.7862 train_mapscore: 0.8799 train_c: -1.7883 train_max_dist: 41.0928 train_imax: 0.9001 train_imin: -31.9649 time: 1.8501s
INFO:root:Epoch: 0395 lr: 0.01 train_loss: 181844.5781 train_distortion: 14.8906 train_mapscore: 0.8805 train_c: -1.7904 train_max_dist: 40.3828 train_imax: 1.3238 train_imin: -31.2565 time: 1.8328s
INFO:root:Epoch: 0400 lr: 0.01 train_loss: 182263.7344 train_distortion: 15.6582 train_mapscore: 0.8805 train_c: -1.7938 train_max_dist: 41.1289 train_imax: 0.8232 train_imin: -33.1690 time: 1.8400s
INFO:root:Epoch: 0405 lr: 0.01 train_loss: 179591.3438 train_distortion: 15.9932 train_mapscore: 0.8804 train_c: -1.7967 train_max_dist: 41.1914 train_imax: 1.3641 train_imin: -33.6833 time: 1.8292s
INFO:root:Epoch: 0410 lr: 0.01 train_loss: 182431.2188 train_distortion: 13.4660 train_mapscore: 0.8794 train_c: -1.7994 train_max_dist: 39.4258 train_imax: 1.2862 train_imin: -31.6102 time: 1.7987s
INFO:root:Epoch: 0415 lr: 0.01 train_loss: 182511.9062 train_distortion: 16.3241 train_mapscore: 0.8775 train_c: -1.8030 train_max_dist: 42.0996 train_imax: 1.8113 train_imin: -36.8579 time: 1.7891s
INFO:root:Epoch: 0420 lr: 0.01 train_loss: 181667.4062 train_distortion: 14.9959 train_mapscore: 0.8785 train_c: -1.8059 train_max_dist: 41.1484 train_imax: 1.1652 train_imin: -33.6502 time: 1.7781s
INFO:root:Epoch: 0425 lr: 0.01 train_loss: 180639.5938 train_distortion: 15.8206 train_mapscore: 0.8793 train_c: -1.8089 train_max_dist: 42.1187 train_imax: 1.2811 train_imin: -35.0269 time: 1.8172s
INFO:root:Epoch: 0430 lr: 0.01 train_loss: 180533.7812 train_distortion: 16.2067 train_mapscore: 0.8799 train_c: -1.8128 train_max_dist: 42.3916 train_imax: 1.4193 train_imin: -35.2779 time: 1.7962s
INFO:root:Epoch: 0435 lr: 0.01 train_loss: 181643.3594 train_distortion: 15.0847 train_mapscore: 0.8802 train_c: -1.8147 train_max_dist: 41.9209 train_imax: 1.2342 train_imin: -34.0703 time: 1.8510s
INFO:root:Epoch: 0440 lr: 0.01 train_loss: 177091.7500 train_distortion: 15.7896 train_mapscore: 0.8807 train_c: -1.8176 train_max_dist: 42.5469 train_imax: 1.5295 train_imin: -34.7675 time: 1.8581s
INFO:root:Epoch: 0445 lr: 0.01 train_loss: 178701.2812 train_distortion: 15.5200 train_mapscore: 0.8812 train_c: -1.8197 train_max_dist: 42.4795 train_imax: 1.3156 train_imin: -34.3781 time: 1.7970s
INFO:root:Epoch: 0450 lr: 0.01 train_loss: 173775.6875 train_distortion: 16.0164 train_mapscore: 0.8817 train_c: -1.8230 train_max_dist: 42.9629 train_imax: 1.2992 train_imin: -34.9483 time: 1.8429s
INFO:root:Epoch: 0455 lr: 0.01 train_loss: 174386.6875 train_distortion: 16.0564 train_mapscore: 0.8820 train_c: -1.8262 train_max_dist: 43.0752 train_imax: 1.4672 train_imin: -35.1318 time: 1.8065s
INFO:root:Epoch: 0460 lr: 0.01 train_loss: 174839.8281 train_distortion: 16.2868 train_mapscore: 0.8821 train_c: -1.8287 train_max_dist: 43.3867 train_imax: 1.1586 train_imin: -35.5403 time: 1.8534s
INFO:root:Epoch: 0465 lr: 0.01 train_loss: 174354.8281 train_distortion: 16.1018 train_mapscore: 0.8828 train_c: -1.8322 train_max_dist: 43.2900 train_imax: 0.9011 train_imin: -35.1743 time: 1.8471s
INFO:root:Epoch: 0470 lr: 0.01 train_loss: 172304.0000 train_distortion: 15.8695 train_mapscore: 0.8823 train_c: -1.8345 train_max_dist: 43.1494 train_imax: 0.8780 train_imin: -34.9306 time: 1.8272s
INFO:root:Epoch: 0475 lr: 0.01 train_loss: 172203.0469 train_distortion: 16.1056 train_mapscore: 0.8825 train_c: -1.8372 train_max_dist: 43.4434 train_imax: 0.8876 train_imin: -34.7576 time: 1.8270s
INFO:root:Epoch: 0480 lr: 0.01 train_loss: 178519.8438 train_distortion: 13.5801 train_mapscore: 0.8821 train_c: -1.8398 train_max_dist: 41.3184 train_imax: 0.8263 train_imin: -30.1548 time: 1.8106s
INFO:root:Epoch: 0485 lr: 0.01 train_loss: 185849.5938 train_distortion: 16.4736 train_mapscore: 0.8780 train_c: -1.8505 train_max_dist: 43.5723 train_imax: 1.0214 train_imin: -32.4048 time: 1.8012s
INFO:root:Epoch: 0490 lr: 0.01 train_loss: 184819.6406 train_distortion: 15.0295 train_mapscore: 0.8782 train_c: -1.8553 train_max_dist: 42.8301 train_imax: 1.1393 train_imin: -31.0729 time: 1.8106s
INFO:root:Epoch: 0495 lr: 0.01 train_loss: 181086.4844 train_distortion: 15.7434 train_mapscore: 0.8784 train_c: -1.8606 train_max_dist: 43.7988 train_imax: 1.1319 train_imin: -31.3864 time: 1.8152s
INFO:root:Epoch: 0500 lr: 0.01 train_loss: 180957.6562 train_distortion: 16.4504 train_mapscore: 0.8795 train_c: -1.8651 train_max_dist: 44.6855 train_imax: 1.2135 train_imin: -31.7876 time: 1.8330s
INFO:root:Epoch: 0505 lr: 0.01 train_loss: 178945.9062 train_distortion: 16.1220 train_mapscore: 0.8797 train_c: -1.8678 train_max_dist: 44.7764 train_imax: 1.2275 train_imin: -31.2686 time: 1.8267s
INFO:root:Epoch: 0510 lr: 0.01 train_loss: 177416.2188 train_distortion: 16.4255 train_mapscore: 0.8801 train_c: -1.8695 train_max_dist: 45.4971 train_imax: 1.3310 train_imin: -30.9724 time: 1.8439s
INFO:root:Epoch: 0515 lr: 0.01 train_loss: 177251.1406 train_distortion: 15.7394 train_mapscore: 0.8808 train_c: -1.8710 train_max_dist: 45.1631 train_imax: 1.3272 train_imin: -29.6448 time: 1.8088s
INFO:root:Epoch: 0520 lr: 0.01 train_loss: 176343.7812 train_distortion: 16.3315 train_mapscore: 0.8815 train_c: -1.8736 train_max_dist: 45.5801 train_imax: 1.2300 train_imin: -30.2964 time: 1.8026s
INFO:root:Epoch: 0525 lr: 0.01 train_loss: 175167.0938 train_distortion: 15.7410 train_mapscore: 0.8820 train_c: -1.8763 train_max_dist: 45.0371 train_imax: 0.9774 train_imin: -29.7864 time: 1.8063s
INFO:root:Epoch: 0530 lr: 0.01 train_loss: 173587.6094 train_distortion: 16.1782 train_mapscore: 0.8824 train_c: -1.8793 train_max_dist: 45.4785 train_imax: 1.1208 train_imin: -29.8340 time: 1.8229s
INFO:root:Epoch: 0535 lr: 0.01 train_loss: 179941.4375 train_distortion: 14.2185 train_mapscore: 0.8805 train_c: -1.8823 train_max_dist: 43.9258 train_imax: 0.9351 train_imin: -26.9583 time: 1.7927s
INFO:root:Epoch: 0540 lr: 0.01 train_loss: 190323.5625 train_distortion: 15.0696 train_mapscore: 0.8746 train_c: -1.8923 train_max_dist: 44.6504 train_imax: 1.5873 train_imin: -31.4826 time: 1.8481s
INFO:root:Epoch: 0545 lr: 0.01 train_loss: 191534.9219 train_distortion: 16.8873 train_mapscore: 0.8735 train_c: -1.8947 train_max_dist: 46.2686 train_imax: 1.3428 train_imin: -37.0411 time: 1.8216s
INFO:root:Epoch: 0550 lr: 0.01 train_loss: 188377.6406 train_distortion: 14.9043 train_mapscore: 0.8745 train_c: -1.8944 train_max_dist: 44.7002 train_imax: 1.2008 train_imin: -36.1466 time: 1.8136s
INFO:root:Epoch: 0555 lr: 0.01 train_loss: 183190.7656 train_distortion: 16.4564 train_mapscore: 0.8748 train_c: -1.8968 train_max_dist: 45.7002 train_imax: 1.6008 train_imin: -39.4022 time: 1.8542s
INFO:root:Epoch: 0560 lr: 0.01 train_loss: 182627.5938 train_distortion: 16.2383 train_mapscore: 0.8747 train_c: -1.8971 train_max_dist: 45.5645 train_imax: 1.5823 train_imin: -41.0654 time: 1.8058s
INFO:root:Epoch: 0565 lr: 0.01 train_loss: 179868.2500 train_distortion: 16.0847 train_mapscore: 0.8760 train_c: -1.8981 train_max_dist: 45.5762 train_imax: 1.5323 train_imin: -40.7473 time: 1.8493s
INFO:root:Epoch: 0570 lr: 0.01 train_loss: 176900.1094 train_distortion: 16.6121 train_mapscore: 0.8766 train_c: -1.8999 train_max_dist: 46.2588 train_imax: 1.7741 train_imin: -41.5158 time: 1.8325s
INFO:root:Epoch: 0575 lr: 0.01 train_loss: 176501.8594 train_distortion: 16.3779 train_mapscore: 0.8781 train_c: -1.9015 train_max_dist: 46.2773 train_imax: 1.4289 train_imin: -40.7108 time: 1.8153s
INFO:root:Epoch: 0580 lr: 0.01 train_loss: 174481.6562 train_distortion: 16.7226 train_mapscore: 0.8786 train_c: -1.9029 train_max_dist: 46.5898 train_imax: 1.1423 train_imin: -40.9171 time: 1.8387s
INFO:root:Epoch: 0585 lr: 0.01 train_loss: 174631.0469 train_distortion: 16.5161 train_mapscore: 0.8778 train_c: -1.9030 train_max_dist: 46.5225 train_imax: 1.4230 train_imin: -40.3262 time: 1.7931s
INFO:root:Epoch: 0590 lr: 0.01 train_loss: 173158.6406 train_distortion: 16.6507 train_mapscore: 0.8780 train_c: -1.9052 train_max_dist: 46.6582 train_imax: 1.0102 train_imin: -39.8782 time: 1.8107s
INFO:root:Epoch: 0595 lr: 0.01 train_loss: 175396.7188 train_distortion: 16.4182 train_mapscore: 0.8784 train_c: -1.9068 train_max_dist: 46.5068 train_imax: 1.0522 train_imin: -38.7499 time: 1.8336s
INFO:root:Epoch: 0600 lr: 0.01 train_loss: 172819.6719 train_distortion: 16.5620 train_mapscore: 0.8791 train_c: -1.9076 train_max_dist: 46.6270 train_imax: 1.0844 train_imin: -38.7802 time: 1.8524s
INFO:root:Epoch: 0605 lr: 0.01 train_loss: 172675.0938 train_distortion: 16.7522 train_mapscore: 0.8791 train_c: -1.9091 train_max_dist: 46.9287 train_imax: 1.1616 train_imin: -39.1271 time: 1.8229s
INFO:root:Epoch: 0610 lr: 0.01 train_loss: 170303.7500 train_distortion: 16.7667 train_mapscore: 0.8791 train_c: -1.9112 train_max_dist: 47.0000 train_imax: 1.0623 train_imin: -39.3920 time: 1.8718s
INFO:root:Epoch: 0615 lr: 0.01 train_loss: 171414.3281 train_distortion: 16.6922 train_mapscore: 0.8791 train_c: -1.9121 train_max_dist: 47.1475 train_imax: 1.3093 train_imin: -39.5437 time: 1.8300s
INFO:root:Epoch: 0620 lr: 0.01 train_loss: 169682.9219 train_distortion: 16.7941 train_mapscore: 0.8794 train_c: -1.9139 train_max_dist: 47.3438 train_imax: 1.2504 train_imin: -39.9780 time: 1.8053s
INFO:root:Epoch: 0625 lr: 0.01 train_loss: 170509.0000 train_distortion: 16.5038 train_mapscore: 0.8805 train_c: -1.9166 train_max_dist: 47.1533 train_imax: 1.2350 train_imin: -39.3702 time: 1.7906s
INFO:root:Epoch: 0630 lr: 0.01 train_loss: 170771.7188 train_distortion: 17.1683 train_mapscore: 0.8796 train_c: -1.9190 train_max_dist: 47.7197 train_imax: 0.8433 train_imin: -40.3809 time: 1.8368s
INFO:root:Epoch: 0635 lr: 0.01 train_loss: 170427.4375 train_distortion: 16.8053 train_mapscore: 0.8802 train_c: -1.9206 train_max_dist: 47.4951 train_imax: 0.8616 train_imin: -39.8142 time: 1.8218s
INFO:root:Epoch: 0640 lr: 0.01 train_loss: 169743.0781 train_distortion: 17.0221 train_mapscore: 0.8804 train_c: -1.9228 train_max_dist: 47.7334 train_imax: 1.1409 train_imin: -40.1331 time: 1.8036s
INFO:root:Epoch: 0645 lr: 0.01 train_loss: 171145.0938 train_distortion: 16.7895 train_mapscore: 0.8806 train_c: -1.9253 train_max_dist: 47.6221 train_imax: 1.3135 train_imin: -40.3243 time: 1.8433s
INFO:root:Epoch: 0650 lr: 0.01 train_loss: 174683.1094 train_distortion: 18.4513 train_mapscore: 0.8796 train_c: -1.9268 train_max_dist: 49.1191 train_imax: 1.4745 train_imin: -43.4238 time: 1.8390s
INFO:root:Epoch: 0655 lr: 0.01 train_loss: 173292.8125 train_distortion: 16.2617 train_mapscore: 0.8792 train_c: -1.9303 train_max_dist: 47.5498 train_imax: 1.6951 train_imin: -40.1819 time: 1.8097s
INFO:root:Epoch: 0660 lr: 0.01 train_loss: 172438.1719 train_distortion: 16.7903 train_mapscore: 0.8794 train_c: -1.9342 train_max_dist: 47.6045 train_imax: 1.9703 train_imin: -40.9962 time: 1.8441s
INFO:root:Epoch: 0665 lr: 0.01 train_loss: 169204.9375 train_distortion: 16.9973 train_mapscore: 0.8798 train_c: -1.9358 train_max_dist: 47.6221 train_imax: 1.6881 train_imin: -41.5999 time: 1.8255s
INFO:root:Epoch: 0670 lr: 0.01 train_loss: 169385.4688 train_distortion: 16.5641 train_mapscore: 0.8800 train_c: -1.9371 train_max_dist: 47.2607 train_imax: 1.5223 train_imin: -40.7918 time: 1.8537s
INFO:root:Epoch: 0675 lr: 0.01 train_loss: 169725.6562 train_distortion: 17.1347 train_mapscore: 0.8801 train_c: -1.9403 train_max_dist: 47.7822 train_imax: 1.3852 train_imin: -40.9261 time: 1.8224s
INFO:root:Epoch: 0680 lr: 0.01 train_loss: 167471.2500 train_distortion: 16.9766 train_mapscore: 0.8803 train_c: -1.9424 train_max_dist: 47.8311 train_imax: 1.3338 train_imin: -40.1938 time: 1.8249s
INFO:root:Epoch: 0685 lr: 0.01 train_loss: 167508.5312 train_distortion: 17.2572 train_mapscore: 0.8811 train_c: -1.9455 train_max_dist: 48.0078 train_imax: 1.2032 train_imin: -40.0722 time: 1.8414s
INFO:root:Epoch: 0690 lr: 0.01 train_loss: 165572.3750 train_distortion: 17.2018 train_mapscore: 0.8808 train_c: -1.9468 train_max_dist: 48.0283 train_imax: 1.1609 train_imin: -39.7463 time: 1.7891s
INFO:root:Epoch: 0695 lr: 0.01 train_loss: 165474.9531 train_distortion: 17.1682 train_mapscore: 0.8817 train_c: -1.9481 train_max_dist: 47.9170 train_imax: 1.4617 train_imin: -39.5411 time: 1.7838s
INFO:root:Epoch: 0700 lr: 0.01 train_loss: 166707.7031 train_distortion: 17.4852 train_mapscore: 0.8816 train_c: -1.9516 train_max_dist: 48.0195 train_imax: 1.0374 train_imin: -39.9299 time: 1.8269s
INFO:root:Epoch: 0705 lr: 0.01 train_loss: 166361.2188 train_distortion: 17.4197 train_mapscore: 0.8815 train_c: -1.9530 train_max_dist: 48.1533 train_imax: 0.9720 train_imin: -39.7355 time: 1.8330s
INFO:root:Epoch: 0710 lr: 0.01 train_loss: 166748.7188 train_distortion: 17.2800 train_mapscore: 0.8817 train_c: -1.9542 train_max_dist: 48.1650 train_imax: 1.2819 train_imin: -39.5619 time: 1.8481s
INFO:root:Epoch: 0715 lr: 0.01 train_loss: 166777.1250 train_distortion: 17.4707 train_mapscore: 0.8813 train_c: -1.9565 train_max_dist: 48.3516 train_imax: 1.1190 train_imin: -39.9116 time: 1.8484s
INFO:root:Epoch: 0720 lr: 0.01 train_loss: 165819.1562 train_distortion: 17.5774 train_mapscore: 0.8817 train_c: -1.9580 train_max_dist: 48.5322 train_imax: 1.2504 train_imin: -40.2651 time: 1.8398s
INFO:root:Epoch: 0725 lr: 0.01 train_loss: 167473.4531 train_distortion: 17.4164 train_mapscore: 0.8815 train_c: -1.9601 train_max_dist: 48.4424 train_imax: 1.2842 train_imin: -40.1346 time: 1.8065s
INFO:root:Epoch: 0730 lr: 0.01 train_loss: 164871.7812 train_distortion: 17.5607 train_mapscore: 0.8819 train_c: -1.9629 train_max_dist: 48.4619 train_imax: 1.1052 train_imin: -40.2676 time: 1.8021s
INFO:root:Epoch: 0735 lr: 0.01 train_loss: 166678.9688 train_distortion: 17.2127 train_mapscore: 0.8820 train_c: -1.9649 train_max_dist: 48.2314 train_imax: 1.0433 train_imin: -39.6524 time: 1.7962s
INFO:root:Epoch: 0740 lr: 0.01 train_loss: 164917.6406 train_distortion: 17.5653 train_mapscore: 0.8821 train_c: -1.9667 train_max_dist: 48.6621 train_imax: 0.7664 train_imin: -39.7871 time: 1.8357s
INFO:root:Epoch: 0745 lr: 0.01 train_loss: 186707.2500 train_distortion: 20.4961 train_mapscore: 0.8762 train_c: -1.9709 train_max_dist: 50.1436 train_imax: 3.2956 train_imin: -41.2732 time: 1.7972s
INFO:root:Epoch: 0750 lr: 0.01 train_loss: 186143.5625 train_distortion: 15.0072 train_mapscore: 0.8751 train_c: -1.9772 train_max_dist: 45.8906 train_imax: 1.7968 train_imin: -31.7423 time: 1.8404s
INFO:root:Epoch: 0755 lr: 0.01 train_loss: 184613.9062 train_distortion: 18.2102 train_mapscore: 0.8769 train_c: -1.9867 train_max_dist: 48.1387 train_imax: 2.7985 train_imin: -33.7767 time: 1.8325s
INFO:root:Epoch: 0760 lr: 0.01 train_loss: 178117.4688 train_distortion: 15.9824 train_mapscore: 0.8779 train_c: -1.9913 train_max_dist: 47.0967 train_imax: 3.2764 train_imin: -30.8948 time: 1.7846s
INFO:root:Epoch: 0765 lr: 0.01 train_loss: 176815.1250 train_distortion: 17.7780 train_mapscore: 0.8788 train_c: -1.9961 train_max_dist: 48.9395 train_imax: 3.4892 train_imin: -32.7180 time: 1.8402s
INFO:root:Epoch: 0770 lr: 0.01 train_loss: 173152.5625 train_distortion: 16.9338 train_mapscore: 0.8796 train_c: -1.9992 train_max_dist: 48.5039 train_imax: 2.9628 train_imin: -31.9185 time: 1.7974s
INFO:root:Epoch: 0775 lr: 0.01 train_loss: 171146.7656 train_distortion: 17.4797 train_mapscore: 0.8792 train_c: -2.0031 train_max_dist: 48.9414 train_imax: 2.5333 train_imin: -32.8062 time: 1.8333s
INFO:root:Epoch: 0780 lr: 0.01 train_loss: 171112.7500 train_distortion: 17.5188 train_mapscore: 0.8799 train_c: -2.0048 train_max_dist: 49.0684 train_imax: 2.2298 train_imin: -33.2980 time: 1.8404s
INFO:root:Epoch: 0785 lr: 0.01 train_loss: 169824.0938 train_distortion: 17.2205 train_mapscore: 0.8804 train_c: -2.0064 train_max_dist: 49.0156 train_imax: 2.0270 train_imin: -33.4973 time: 1.8282s
INFO:root:Epoch: 0790 lr: 0.01 train_loss: 168824.4219 train_distortion: 17.6170 train_mapscore: 0.8801 train_c: -2.0076 train_max_dist: 49.4023 train_imax: 1.6489 train_imin: -34.5923 time: 1.8305s
INFO:root:Epoch: 0795 lr: 0.01 train_loss: 168227.7969 train_distortion: 17.4074 train_mapscore: 0.8806 train_c: -2.0096 train_max_dist: 49.2637 train_imax: 1.5450 train_imin: -34.7964 time: 1.7916s
INFO:root:Epoch: 0800 lr: 0.01 train_loss: 167032.4531 train_distortion: 17.8880 train_mapscore: 0.8810 train_c: -2.0112 train_max_dist: 49.7246 train_imax: 1.5789 train_imin: -35.9196 time: 1.7947s
INFO:root:Epoch: 0805 lr: 0.01 train_loss: 164676.7656 train_distortion: 17.7622 train_mapscore: 0.8809 train_c: -2.0135 train_max_dist: 49.6504 train_imax: 1.4800 train_imin: -35.8377 time: 1.7912s
INFO:root:Epoch: 0810 lr: 0.01 train_loss: 167092.6562 train_distortion: 17.8959 train_mapscore: 0.8809 train_c: -2.0152 train_max_dist: 49.6992 train_imax: 1.4210 train_imin: -36.4056 time: 1.8347s
INFO:root:Epoch: 0815 lr: 0.01 train_loss: 166239.7344 train_distortion: 17.5618 train_mapscore: 0.8812 train_c: -2.0168 train_max_dist: 49.5176 train_imax: 1.4127 train_imin: -36.2493 time: 1.8191s
INFO:root:Epoch: 0820 lr: 0.01 train_loss: 165703.7969 train_distortion: 17.6363 train_mapscore: 0.8812 train_c: -2.0179 train_max_dist: 49.7500 train_imax: 1.7888 train_imin: -36.4916 time: 1.8488s
INFO:root:Epoch: 0825 lr: 0.01 train_loss: 164633.6719 train_distortion: 17.9278 train_mapscore: 0.8815 train_c: -2.0202 train_max_dist: 49.7227 train_imax: 1.5750 train_imin: -37.0954 time: 1.8298s
INFO:root:Epoch: 0830 lr: 0.01 train_loss: 164851.5625 train_distortion: 18.0372 train_mapscore: 0.8815 train_c: -2.0227 train_max_dist: 49.9043 train_imax: 1.5118 train_imin: -37.3565 time: 1.8082s
INFO:root:Epoch: 0835 lr: 0.01 train_loss: 165474.7812 train_distortion: 17.5778 train_mapscore: 0.8814 train_c: -2.0252 train_max_dist: 49.5664 train_imax: 1.2106 train_imin: -36.8805 time: 1.7928s
INFO:root:Epoch: 0840 lr: 0.01 train_loss: 164204.5938 train_distortion: 18.3008 train_mapscore: 0.8817 train_c: -2.0269 train_max_dist: 50.2070 train_imax: 1.3295 train_imin: -37.6932 time: 1.7961s
INFO:root:Epoch: 0845 lr: 0.01 train_loss: 163309.5938 train_distortion: 17.8072 train_mapscore: 0.8819 train_c: -2.0283 train_max_dist: 49.8223 train_imax: 1.4974 train_imin: -37.2854 time: 1.8309s
INFO:root:Epoch: 0850 lr: 0.01 train_loss: 165387.9844 train_distortion: 18.1688 train_mapscore: 0.8818 train_c: -2.0306 train_max_dist: 50.0449 train_imax: 1.6149 train_imin: -37.6535 time: 1.7958s
INFO:root:Epoch: 0855 lr: 0.01 train_loss: 165006.5469 train_distortion: 18.0432 train_mapscore: 0.8816 train_c: -2.0329 train_max_dist: 49.8457 train_imax: 1.6074 train_imin: -37.7686 time: 1.8309s
INFO:root:Epoch: 0860 lr: 0.01 train_loss: 163919.0625 train_distortion: 18.0268 train_mapscore: 0.8816 train_c: -2.0337 train_max_dist: 49.9922 train_imax: 1.3437 train_imin: -37.8352 time: 1.8388s
INFO:root:Epoch: 0865 lr: 0.01 train_loss: 163052.2031 train_distortion: 17.8947 train_mapscore: 0.8824 train_c: -2.0355 train_max_dist: 49.8125 train_imax: 1.4719 train_imin: -37.8446 time: 1.7814s
INFO:root:Epoch: 0870 lr: 0.01 train_loss: 163562.2344 train_distortion: 18.1351 train_mapscore: 0.8825 train_c: -2.0373 train_max_dist: 49.9863 train_imax: 1.4729 train_imin: -38.3188 time: 1.8302s
INFO:root:Epoch: 0875 lr: 0.01 train_loss: 163433.4375 train_distortion: 18.4779 train_mapscore: 0.8828 train_c: -2.0410 train_max_dist: 50.2656 train_imax: 1.1486 train_imin: -38.7240 time: 1.8109s
INFO:root:Epoch: 0880 lr: 0.01 train_loss: 162597.1094 train_distortion: 18.4773 train_mapscore: 0.8826 train_c: -2.0429 train_max_dist: 50.1914 train_imax: 1.1896 train_imin: -38.9585 time: 1.8345s
INFO:root:Epoch: 0885 lr: 0.01 train_loss: 162244.6562 train_distortion: 18.2367 train_mapscore: 0.8828 train_c: -2.0429 train_max_dist: 50.0898 train_imax: 1.4687 train_imin: -38.7858 time: 1.8305s
INFO:root:Epoch: 0890 lr: 0.01 train_loss: 162661.6250 train_distortion: 18.2986 train_mapscore: 0.8827 train_c: -2.0446 train_max_dist: 50.2070 train_imax: 1.4750 train_imin: -38.9756 time: 1.8466s
INFO:root:Epoch: 0895 lr: 0.01 train_loss: 163457.2344 train_distortion: 18.2452 train_mapscore: 0.8826 train_c: -2.0471 train_max_dist: 50.0879 train_imax: 1.3480 train_imin: -39.2137 time: 1.8252s
INFO:root:Epoch: 0900 lr: 0.01 train_loss: 162810.3906 train_distortion: 17.9793 train_mapscore: 0.8829 train_c: -2.0486 train_max_dist: 49.7949 train_imax: 1.2628 train_imin: -38.9061 time: 1.8162s
INFO:root:Epoch: 0905 lr: 0.01 train_loss: 163281.6250 train_distortion: 18.6839 train_mapscore: 0.8830 train_c: -2.0503 train_max_dist: 50.2129 train_imax: 1.4111 train_imin: -40.0190 time: 1.8217s
INFO:root:Epoch: 0910 lr: 0.01 train_loss: 162715.5625 train_distortion: 18.0985 train_mapscore: 0.8829 train_c: -2.0529 train_max_dist: 49.8008 train_imax: 1.2338 train_imin: -39.4840 time: 1.7971s
INFO:root:Epoch: 0915 lr: 0.01 train_loss: 162197.4688 train_distortion: 18.8468 train_mapscore: 0.8831 train_c: -2.0549 train_max_dist: 50.5938 train_imax: 1.2541 train_imin: -40.3565 time: 1.8366s
INFO:root:Epoch: 0920 lr: 0.01 train_loss: 160614.7500 train_distortion: 18.2812 train_mapscore: 0.8832 train_c: -2.0559 train_max_dist: 49.8867 train_imax: 1.2931 train_imin: -39.6668 time: 1.8396s
INFO:root:Epoch: 0925 lr: 0.01 train_loss: 159574.0156 train_distortion: 18.7630 train_mapscore: 0.8831 train_c: -2.0579 train_max_dist: 50.2129 train_imax: 1.0340 train_imin: -40.3866 time: 1.8267s
INFO:root:Epoch: 0930 lr: 0.01 train_loss: 161002.0625 train_distortion: 18.3626 train_mapscore: 0.8828 train_c: -2.0580 train_max_dist: 49.9609 train_imax: 1.3598 train_imin: -40.0448 time: 1.8313s
INFO:root:Epoch: 0935 lr: 0.01 train_loss: 163124.3281 train_distortion: 18.5547 train_mapscore: 0.8833 train_c: -2.0608 train_max_dist: 50.1250 train_imax: 1.3676 train_imin: -40.1421 time: 1.7925s
INFO:root:Epoch: 0940 lr: 0.01 train_loss: 162969.3438 train_distortion: 18.4928 train_mapscore: 0.8833 train_c: -2.0635 train_max_dist: 49.9805 train_imax: 1.2503 train_imin: -40.1819 time: 1.7865s
INFO:root:Epoch: 0945 lr: 0.01 train_loss: 161674.9219 train_distortion: 18.7751 train_mapscore: 0.8827 train_c: -2.0645 train_max_dist: 50.0723 train_imax: 1.0685 train_imin: -40.7489 time: 1.7848s
INFO:root:Epoch: 0950 lr: 0.01 train_loss: 160023.3125 train_distortion: 18.3711 train_mapscore: 0.8831 train_c: -2.0657 train_max_dist: 49.9121 train_imax: 1.0289 train_imin: -40.5032 time: 1.8288s
INFO:root:Epoch: 0955 lr: 0.01 train_loss: 161854.7812 train_distortion: 18.5982 train_mapscore: 0.8829 train_c: -2.0681 train_max_dist: 50.1074 train_imax: 1.2437 train_imin: -40.7440 time: 1.7900s
INFO:root:Epoch: 0960 lr: 0.01 train_loss: 163513.1250 train_distortion: 18.6543 train_mapscore: 0.8830 train_c: -2.0706 train_max_dist: 50.0918 train_imax: 1.2901 train_imin: -40.8112 time: 1.8309s
INFO:root:Epoch: 0965 lr: 0.01 train_loss: 158782.2500 train_distortion: 18.5328 train_mapscore: 0.8837 train_c: -2.0722 train_max_dist: 49.9336 train_imax: 1.0568 train_imin: -40.7464 time: 1.8331s
INFO:root:Epoch: 0970 lr: 0.01 train_loss: 159049.3594 train_distortion: 18.8980 train_mapscore: 0.8834 train_c: -2.0738 train_max_dist: 50.3516 train_imax: 1.1989 train_imin: -41.4784 time: 1.7992s
INFO:root:Epoch: 0975 lr: 0.01 train_loss: 158380.8594 train_distortion: 18.8352 train_mapscore: 0.8835 train_c: -2.0754 train_max_dist: 50.2842 train_imax: 1.2576 train_imin: -41.9671 time: 1.8279s
INFO:root:Epoch: 0980 lr: 0.01 train_loss: 161123.1562 train_distortion: 19.3812 train_mapscore: 0.8837 train_c: -2.0785 train_max_dist: 50.7637 train_imax: 1.2174 train_imin: -42.8802 time: 1.7795s
INFO:root:Epoch: 0985 lr: 0.01 train_loss: 162841.9844 train_distortion: 18.3761 train_mapscore: 0.8833 train_c: -2.0783 train_max_dist: 50.0137 train_imax: 1.1082 train_imin: -41.9105 time: 1.8227s
INFO:root:Epoch: 0990 lr: 0.01 train_loss: 159632.2031 train_distortion: 19.1805 train_mapscore: 0.8834 train_c: -2.0805 train_max_dist: 50.6367 train_imax: 1.3374 train_imin: -43.1078 time: 1.8446s
INFO:root:Epoch: 0995 lr: 0.01 train_loss: 160166.0781 train_distortion: 18.5834 train_mapscore: 0.8835 train_c: -2.0823 train_max_dist: 50.2969 train_imax: 1.1218 train_imin: -42.4172 time: 1.8430s
INFO:root:Epoch: 1000 lr: 0.01 train_loss: 160719.7031 train_distortion: 19.0208 train_mapscore: 0.8841 train_c: -2.0835 train_max_dist: 50.6367 train_imax: 1.2071 train_imin: -43.0280 time: 1.8411s
INFO:root:Epoch: 1005 lr: 0.01 train_loss: 161278.7500 train_distortion: 18.7421 train_mapscore: 0.8838 train_c: -2.0846 train_max_dist: 50.4160 train_imax: 0.9697 train_imin: -42.4776 time: 1.8077s
INFO:root:Epoch: 1010 lr: 0.01 train_loss: 159654.6719 train_distortion: 18.9422 train_mapscore: 0.8839 train_c: -2.0869 train_max_dist: 50.6465 train_imax: 0.8486 train_imin: -42.9442 time: 1.8073s
INFO:root:Epoch: 1015 lr: 0.01 train_loss: 160989.4219 train_distortion: 18.7532 train_mapscore: 0.8839 train_c: -2.0884 train_max_dist: 50.5586 train_imax: 0.8784 train_imin: -42.8514 time: 1.7876s
INFO:root:Epoch: 1020 lr: 0.01 train_loss: 159187.6875 train_distortion: 18.8251 train_mapscore: 0.8838 train_c: -2.0900 train_max_dist: 50.5469 train_imax: 1.0121 train_imin: -42.7883 time: 1.8355s
INFO:root:Epoch: 1025 lr: 0.01 train_loss: 157928.0000 train_distortion: 18.7304 train_mapscore: 0.8838 train_c: -2.0914 train_max_dist: 50.4243 train_imax: 0.7917 train_imin: -42.7343 time: 1.8360s
INFO:root:Epoch: 1030 lr: 0.01 train_loss: 159283.5000 train_distortion: 19.0827 train_mapscore: 0.8837 train_c: -2.0929 train_max_dist: 50.7051 train_imax: 1.0238 train_imin: -43.2803 time: 1.8294s
INFO:root:Epoch: 1035 lr: 0.01 train_loss: 159001.7188 train_distortion: 18.7025 train_mapscore: 0.8841 train_c: -2.0950 train_max_dist: 50.5293 train_imax: 0.9883 train_imin: -42.9334 time: 1.8558s
INFO:root:Epoch: 1040 lr: 0.01 train_loss: 158656.7969 train_distortion: 19.5182 train_mapscore: 0.8844 train_c: -2.0957 train_max_dist: 51.0508 train_imax: 1.3168 train_imin: -44.4472 time: 1.8070s
INFO:root:Epoch: 1045 lr: 0.01 train_loss: 159459.0312 train_distortion: 18.9000 train_mapscore: 0.8842 train_c: -2.0981 train_max_dist: 50.6465 train_imax: 1.0547 train_imin: -43.2773 time: 1.7819s
INFO:root:Epoch: 1050 lr: 0.01 train_loss: 159473.0312 train_distortion: 19.1505 train_mapscore: 0.8843 train_c: -2.0995 train_max_dist: 51.0664 train_imax: 1.0041 train_imin: -43.8072 time: 1.8091s
INFO:root:Epoch: 1055 lr: 0.01 train_loss: 157879.9219 train_distortion: 18.7948 train_mapscore: 0.8846 train_c: -2.1003 train_max_dist: 50.6855 train_imax: 1.0573 train_imin: -43.3285 time: 1.8253s
INFO:root:Epoch: 1060 lr: 0.01 train_loss: 159595.5625 train_distortion: 19.3666 train_mapscore: 0.8844 train_c: -2.1018 train_max_dist: 51.2227 train_imax: 1.0918 train_imin: -44.1423 time: 1.8241s
INFO:root:Epoch: 1065 lr: 0.01 train_loss: 160174.7500 train_distortion: 18.7023 train_mapscore: 0.8835 train_c: -2.1037 train_max_dist: 50.6660 train_imax: 0.8667 train_imin: -43.0019 time: 1.8303s
INFO:root:Epoch: 1070 lr: 0.01 train_loss: 160046.5156 train_distortion: 19.3700 train_mapscore: 0.8836 train_c: -2.1059 train_max_dist: 51.3613 train_imax: 0.9890 train_imin: -43.7686 time: 1.8262s
INFO:root:Epoch: 1075 lr: 0.01 train_loss: 162212.4375 train_distortion: 18.9693 train_mapscore: 0.8838 train_c: -2.1082 train_max_dist: 50.9785 train_imax: 0.8962 train_imin: -43.2062 time: 1.7921s
INFO:root:Epoch: 1080 lr: 0.01 train_loss: 161637.0156 train_distortion: 19.2401 train_mapscore: 0.8840 train_c: -2.1105 train_max_dist: 51.0117 train_imax: 0.8114 train_imin: -43.3856 time: 1.8203s
INFO:root:Epoch: 1085 lr: 0.01 train_loss: 161622.5469 train_distortion: 19.1820 train_mapscore: 0.8843 train_c: -2.1113 train_max_dist: 50.9922 train_imax: 0.7917 train_imin: -43.3231 time: 1.7795s
INFO:root:Epoch: 1090 lr: 0.01 train_loss: 160036.5781 train_distortion: 19.2482 train_mapscore: 0.8843 train_c: -2.1128 train_max_dist: 51.1621 train_imax: 1.1923 train_imin: -43.4142 time: 1.8485s
INFO:root:Epoch: 1095 lr: 0.01 train_loss: 160146.4688 train_distortion: 19.1343 train_mapscore: 0.8847 train_c: -2.1143 train_max_dist: 51.1699 train_imax: 1.2171 train_imin: -43.3504 time: 1.8363s
INFO:root:Epoch: 1100 lr: 0.01 train_loss: 158220.1406 train_distortion: 19.8044 train_mapscore: 0.8849 train_c: -2.1169 train_max_dist: 51.5625 train_imax: 1.0718 train_imin: -44.9711 time: 1.8452s
INFO:root:Epoch: 1105 lr: 0.01 train_loss: 160438.9375 train_distortion: 19.2526 train_mapscore: 0.8849 train_c: -2.1189 train_max_dist: 51.2637 train_imax: 0.8716 train_imin: -44.5101 time: 1.8319s
INFO:root:Epoch: 1110 lr: 0.01 train_loss: 158337.6250 train_distortion: 19.0287 train_mapscore: 0.8852 train_c: -2.1193 train_max_dist: 51.2617 train_imax: 0.7461 train_imin: -44.6342 time: 1.8170s
INFO:root:Epoch: 1115 lr: 0.01 train_loss: 160170.9688 train_distortion: 19.4169 train_mapscore: 0.8853 train_c: -2.1203 train_max_dist: 51.4609 train_imax: 0.7720 train_imin: -45.3484 time: 1.8008s
INFO:root:Epoch: 1120 lr: 0.01 train_loss: 159763.6719 train_distortion: 18.8323 train_mapscore: 0.8854 train_c: -2.1216 train_max_dist: 51.0703 train_imax: 0.9559 train_imin: -44.6645 time: 1.7983s
INFO:root:Epoch: 1125 lr: 0.01 train_loss: 160591.3594 train_distortion: 18.6463 train_mapscore: 0.8855 train_c: -2.1227 train_max_dist: 51.0801 train_imax: 0.9901 train_imin: -44.2513 time: 1.8447s
INFO:root:Epoch: 1130 lr: 0.01 train_loss: 157223.6562 train_distortion: 19.2757 train_mapscore: 0.8855 train_c: -2.1250 train_max_dist: 51.6016 train_imax: 1.1555 train_imin: -45.0874 time: 1.8186s
INFO:root:Epoch: 1135 lr: 0.01 train_loss: 158590.6094 train_distortion: 19.0605 train_mapscore: 0.8856 train_c: -2.1271 train_max_dist: 51.4102 train_imax: 0.7015 train_imin: -44.6112 time: 1.8236s
INFO:root:Epoch: 1140 lr: 0.01 train_loss: 155711.2969 train_distortion: 19.4919 train_mapscore: 0.8859 train_c: -2.1288 train_max_dist: 51.8398 train_imax: 0.7429 train_imin: -45.8249 time: 1.8522s
INFO:root:Epoch: 1145 lr: 0.01 train_loss: 156694.7656 train_distortion: 19.3550 train_mapscore: 0.8859 train_c: -2.1300 train_max_dist: 51.7578 train_imax: 0.8156 train_imin: -45.9348 time: 1.7950s
INFO:root:Epoch: 1150 lr: 0.01 train_loss: 156350.1875 train_distortion: 19.0263 train_mapscore: 0.8858 train_c: -2.1309 train_max_dist: 51.6152 train_imax: 0.8499 train_imin: -45.3531 time: 1.7858s
INFO:root:Epoch: 1155 lr: 0.01 train_loss: 156817.5469 train_distortion: 19.4688 train_mapscore: 0.8856 train_c: -2.1322 train_max_dist: 52.2090 train_imax: 1.2756 train_imin: -45.7043 time: 1.7895s
INFO:root:Epoch: 1160 lr: 0.01 train_loss: 155842.5156 train_distortion: 19.6059 train_mapscore: 0.8855 train_c: -2.1346 train_max_dist: 52.3789 train_imax: 1.0744 train_imin: -45.9652 time: 1.8449s
INFO:root:Epoch: 1165 lr: 0.01 train_loss: 156793.2969 train_distortion: 19.5259 train_mapscore: 0.8854 train_c: -2.1364 train_max_dist: 52.3730 train_imax: 1.0312 train_imin: -45.9418 time: 1.8014s
INFO:root:Epoch: 1170 lr: 0.01 train_loss: 154674.8438 train_distortion: 19.6885 train_mapscore: 0.8856 train_c: -2.1380 train_max_dist: 52.5820 train_imax: 0.8701 train_imin: -46.1932 time: 1.8329s
INFO:root:Epoch: 1175 lr: 0.01 train_loss: 155409.1406 train_distortion: 19.3726 train_mapscore: 0.8852 train_c: -2.1381 train_max_dist: 52.3828 train_imax: 0.6936 train_imin: -46.0256 time: 1.8414s
INFO:root:Epoch: 1180 lr: 0.01 train_loss: 155267.2344 train_distortion: 19.9013 train_mapscore: 0.8857 train_c: -2.1398 train_max_dist: 52.8145 train_imax: 0.8784 train_imin: -46.8849 time: 1.7810s
INFO:root:Epoch: 1185 lr: 0.01 train_loss: 156040.5000 train_distortion: 19.0289 train_mapscore: 0.8857 train_c: -2.1409 train_max_dist: 52.2852 train_imax: 0.7172 train_imin: -45.3705 time: 1.8578s
INFO:root:Epoch: 1190 lr: 0.01 train_loss: 156218.6875 train_distortion: 19.7552 train_mapscore: 0.8860 train_c: -2.1423 train_max_dist: 52.7656 train_imax: 0.6868 train_imin: -46.6731 time: 1.8023s
INFO:root:Epoch: 1195 lr: 0.01 train_loss: 155840.1094 train_distortion: 19.2113 train_mapscore: 0.8858 train_c: -2.1434 train_max_dist: 52.4434 train_imax: 0.9070 train_imin: -46.1875 time: 1.8336s
INFO:root:Epoch: 1200 lr: 0.01 train_loss: 158274.5156 train_distortion: 19.6929 train_mapscore: 0.8857 train_c: -2.1452 train_max_dist: 52.8047 train_imax: 0.9055 train_imin: -46.9644 time: 1.8502s
INFO:root:Epoch: 1205 lr: 0.01 train_loss: 156570.0312 train_distortion: 19.2291 train_mapscore: 0.8857 train_c: -2.1469 train_max_dist: 52.4180 train_imax: 0.9514 train_imin: -46.1447 time: 1.8347s
INFO:root:Epoch: 1210 lr: 0.01 train_loss: 156398.9219 train_distortion: 19.7699 train_mapscore: 0.8859 train_c: -2.1487 train_max_dist: 52.8125 train_imax: 1.0810 train_imin: -46.5766 time: 1.8681s
INFO:root:Epoch: 1215 lr: 0.01 train_loss: 155667.0625 train_distortion: 19.6875 train_mapscore: 0.8860 train_c: -2.1505 train_max_dist: 52.8008 train_imax: 1.0837 train_imin: -46.1676 time: 1.7916s
INFO:root:Epoch: 1220 lr: 0.01 train_loss: 157052.0312 train_distortion: 20.1318 train_mapscore: 0.8862 train_c: -2.1525 train_max_dist: 53.1348 train_imax: 0.8811 train_imin: -46.9137 time: 1.8132s
INFO:root:Epoch: 1225 lr: 0.01 train_loss: 154097.9688 train_distortion: 20.1399 train_mapscore: 0.8861 train_c: -2.1545 train_max_dist: 53.1934 train_imax: 0.6594 train_imin: -47.2280 time: 1.8162s
INFO:root:Epoch: 1230 lr: 0.01 train_loss: 154522.5781 train_distortion: 19.7291 train_mapscore: 0.8857 train_c: -2.1539 train_max_dist: 53.1074 train_imax: 0.8951 train_imin: -46.8447 time: 1.8330s
INFO:root:Epoch: 1235 lr: 0.01 train_loss: 154743.1250 train_distortion: 19.8027 train_mapscore: 0.8860 train_c: -2.1557 train_max_dist: 53.1895 train_imax: 0.8965 train_imin: -47.2569 time: 1.8347s
INFO:root:Epoch: 1240 lr: 0.01 train_loss: 154576.7031 train_distortion: 19.7023 train_mapscore: 0.8856 train_c: -2.1577 train_max_dist: 53.1113 train_imax: 0.8150 train_imin: -47.1284 time: 1.8495s
INFO:root:Epoch: 1245 lr: 0.01 train_loss: 156158.9375 train_distortion: 20.0342 train_mapscore: 0.8862 train_c: -2.1586 train_max_dist: 53.1973 train_imax: 0.8840 train_imin: -47.8414 time: 1.8132s
INFO:root:Epoch: 1250 lr: 0.01 train_loss: 155911.8125 train_distortion: 19.5086 train_mapscore: 0.8862 train_c: -2.1602 train_max_dist: 52.9434 train_imax: 0.7255 train_imin: -46.8883 time: 1.7886s
INFO:root:Epoch: 1255 lr: 0.01 train_loss: 153135.8594 train_distortion: 20.1021 train_mapscore: 0.8864 train_c: -2.1619 train_max_dist: 53.3457 train_imax: 0.7217 train_imin: -47.2425 time: 1.7794s
INFO:root:Epoch: 1260 lr: 0.01 train_loss: 153799.1875 train_distortion: 19.8537 train_mapscore: 0.8862 train_c: -2.1644 train_max_dist: 53.2051 train_imax: 0.6587 train_imin: -46.6743 time: 1.7887s
INFO:root:Epoch: 1265 lr: 0.01 train_loss: 153406.9531 train_distortion: 19.8832 train_mapscore: 0.8860 train_c: -2.1645 train_max_dist: 53.3574 train_imax: 0.6581 train_imin: -46.7643 time: 1.8387s
INFO:root:Epoch: 1270 lr: 0.01 train_loss: 154228.2188 train_distortion: 20.2245 train_mapscore: 0.8861 train_c: -2.1669 train_max_dist: 53.5879 train_imax: 0.8450 train_imin: -47.0095 time: 1.7898s
INFO:root:Epoch: 1275 lr: 0.01 train_loss: 152497.7031 train_distortion: 19.7651 train_mapscore: 0.8860 train_c: -2.1672 train_max_dist: 53.4277 train_imax: 0.7465 train_imin: -46.3007 time: 1.8429s
INFO:root:Epoch: 1280 lr: 0.01 train_loss: 154539.4375 train_distortion: 19.6700 train_mapscore: 0.8861 train_c: -2.1694 train_max_dist: 53.4199 train_imax: 0.8221 train_imin: -46.2966 time: 1.8222s
INFO:root:Epoch: 1285 lr: 0.01 train_loss: 156138.0938 train_distortion: 20.5613 train_mapscore: 0.8865 train_c: -2.1716 train_max_dist: 54.0293 train_imax: 0.7181 train_imin: -47.6056 time: 1.8052s
INFO:root:Epoch: 1290 lr: 0.01 train_loss: 154178.7969 train_distortion: 19.7347 train_mapscore: 0.8863 train_c: -2.1723 train_max_dist: 53.5664 train_imax: 0.6373 train_imin: -46.4799 time: 1.8265s
INFO:root:Epoch: 1295 lr: 0.01 train_loss: 154496.3594 train_distortion: 20.0037 train_mapscore: 0.8862 train_c: -2.1724 train_max_dist: 53.5742 train_imax: 0.7988 train_imin: -47.0479 time: 1.7910s
INFO:root:Epoch: 1300 lr: 0.01 train_loss: 154815.2812 train_distortion: 19.9588 train_mapscore: 0.8865 train_c: -2.1751 train_max_dist: 53.6426 train_imax: 0.7411 train_imin: -46.7155 time: 1.8315s
INFO:root:Epoch: 1305 lr: 0.01 train_loss: 153486.9062 train_distortion: 19.9602 train_mapscore: 0.8863 train_c: -2.1771 train_max_dist: 53.6328 train_imax: 0.6923 train_imin: -46.7593 time: 1.8361s
INFO:root:Epoch: 1310 lr: 0.01 train_loss: 153839.7188 train_distortion: 19.9403 train_mapscore: 0.8863 train_c: -2.1778 train_max_dist: 53.7637 train_imax: 1.0371 train_imin: -46.8024 time: 1.8503s
INFO:root:Epoch: 1315 lr: 0.01 train_loss: 150802.9531 train_distortion: 20.6439 train_mapscore: 0.8864 train_c: -2.1792 train_max_dist: 54.1738 train_imax: 0.8959 train_imin: -47.5461 time: 1.8398s
INFO:root:Epoch: 1320 lr: 0.01 train_loss: 153694.7812 train_distortion: 20.0799 train_mapscore: 0.8865 train_c: -2.1814 train_max_dist: 53.6934 train_imax: 0.7372 train_imin: -46.5591 time: 1.8055s
INFO:root:Epoch: 1325 lr: 0.01 train_loss: 154058.2500 train_distortion: 20.7561 train_mapscore: 0.8867 train_c: -2.1825 train_max_dist: 54.4141 train_imax: 0.7438 train_imin: -47.2633 time: 1.8092s
INFO:root:Epoch: 1330 lr: 0.01 train_loss: 151729.4531 train_distortion: 19.9630 train_mapscore: 0.8866 train_c: -2.1830 train_max_dist: 53.7500 train_imax: 0.8109 train_imin: -46.6276 time: 1.8018s
INFO:root:Epoch: 1335 lr: 0.01 train_loss: 154901.9375 train_distortion: 20.5007 train_mapscore: 0.8866 train_c: -2.1843 train_max_dist: 54.2070 train_imax: 0.6771 train_imin: -47.0712 time: 1.8178s
INFO:root:Epoch: 1340 lr: 0.01 train_loss: 154326.0469 train_distortion: 19.5014 train_mapscore: 0.8863 train_c: -2.1857 train_max_dist: 53.4355 train_imax: 0.6556 train_imin: -45.5952 time: 1.8250s
INFO:root:Epoch: 1345 lr: 0.01 train_loss: 151755.5000 train_distortion: 20.6203 train_mapscore: 0.8867 train_c: -2.1883 train_max_dist: 54.2578 train_imax: 0.8544 train_imin: -47.1194 time: 1.8241s
INFO:root:Epoch: 1350 lr: 0.01 train_loss: 151600.2188 train_distortion: 19.8590 train_mapscore: 0.8865 train_c: -2.1881 train_max_dist: 53.7910 train_imax: 0.7133 train_imin: -46.4652 time: 1.8354s
INFO:root:Epoch: 1355 lr: 0.01 train_loss: 153409.6406 train_distortion: 20.7910 train_mapscore: 0.8867 train_c: -2.1909 train_max_dist: 54.4277 train_imax: 0.6457 train_imin: -47.6389 time: 1.7901s
INFO:root:Epoch: 1360 lr: 0.01 train_loss: 152611.3125 train_distortion: 19.7568 train_mapscore: 0.8865 train_c: -2.1901 train_max_dist: 53.8711 train_imax: 0.8836 train_imin: -46.5161 time: 1.7940s
INFO:root:Epoch: 1365 lr: 0.01 train_loss: 152466.1562 train_distortion: 19.6493 train_mapscore: 0.8865 train_c: -2.1925 train_max_dist: 53.6855 train_imax: 0.9112 train_imin: -46.4133 time: 1.7893s
INFO:root:Epoch: 1370 lr: 0.01 train_loss: 155103.7812 train_distortion: 20.9909 train_mapscore: 0.8866 train_c: -2.1959 train_max_dist: 54.6816 train_imax: 0.6685 train_imin: -48.1140 time: 1.8339s
INFO:root:Epoch: 1375 lr: 0.01 train_loss: 153169.2812 train_distortion: 20.0957 train_mapscore: 0.8869 train_c: -2.1966 train_max_dist: 54.0820 train_imax: 0.6354 train_imin: -47.4204 time: 1.7925s
INFO:root:Epoch: 1380 lr: 0.01 train_loss: 155210.8906 train_distortion: 20.5384 train_mapscore: 0.8869 train_c: -2.1980 train_max_dist: 54.5547 train_imax: 0.6188 train_imin: -48.6591 time: 1.8326s
INFO:root:Epoch: 1385 lr: 0.01 train_loss: 154289.0781 train_distortion: 19.6629 train_mapscore: 0.8867 train_c: -2.1987 train_max_dist: 53.8379 train_imax: 0.5716 train_imin: -48.1508 time: 1.8451s
INFO:root:Epoch: 1390 lr: 0.01 train_loss: 156074.2031 train_distortion: 20.2935 train_mapscore: 0.8870 train_c: -2.1993 train_max_dist: 54.5312 train_imax: 0.8806 train_imin: -49.1857 time: 1.8007s
INFO:root:Epoch: 1395 lr: 0.01 train_loss: 153184.4844 train_distortion: 19.7995 train_mapscore: 0.8869 train_c: -2.2016 train_max_dist: 53.9590 train_imax: 0.5183 train_imin: -48.3046 time: 1.8268s
INFO:root:Epoch: 1400 lr: 0.01 train_loss: 152428.0781 train_distortion: 20.6878 train_mapscore: 0.8869 train_c: -2.2035 train_max_dist: 54.7715 train_imax: 0.7597 train_imin: -49.5832 time: 1.7855s
INFO:root:Epoch: 1405 lr: 0.01 train_loss: 151705.1875 train_distortion: 20.3526 train_mapscore: 0.8871 train_c: -2.2051 train_max_dist: 54.3965 train_imax: 0.5385 train_imin: -48.6737 time: 1.8215s
INFO:root:Epoch: 1410 lr: 0.01 train_loss: 151303.2500 train_distortion: 20.4415 train_mapscore: 0.8869 train_c: -2.2055 train_max_dist: 54.7539 train_imax: 0.8083 train_imin: -48.7380 time: 1.8502s
INFO:root:Epoch: 1415 lr: 0.01 train_loss: 153154.1250 train_distortion: 19.9957 train_mapscore: 0.8870 train_c: -2.2064 train_max_dist: 54.4375 train_imax: 0.8505 train_imin: -48.0212 time: 1.8329s
INFO:root:Epoch: 1420 lr: 0.01 train_loss: 153707.1094 train_distortion: 20.6280 train_mapscore: 0.8866 train_c: -2.2086 train_max_dist: 54.8047 train_imax: 0.5742 train_imin: -48.8589 time: 1.8238s
INFO:root:Epoch: 1425 lr: 0.01 train_loss: 152937.5781 train_distortion: 20.7394 train_mapscore: 0.8865 train_c: -2.2093 train_max_dist: 54.8574 train_imax: 0.7552 train_imin: -49.2755 time: 1.7735s
INFO:root:Epoch: 1430 lr: 0.01 train_loss: 151771.3750 train_distortion: 20.4323 train_mapscore: 0.8871 train_c: -2.2103 train_max_dist: 54.8711 train_imax: 0.7147 train_imin: -49.2423 time: 1.7984s
INFO:root:Epoch: 1435 lr: 0.01 train_loss: 151511.7344 train_distortion: 20.8479 train_mapscore: 0.8871 train_c: -2.2124 train_max_dist: 55.0547 train_imax: 0.7520 train_imin: -49.5298 time: 1.8024s
INFO:root:Epoch: 1440 lr: 0.01 train_loss: 156138.3125 train_distortion: 22.3378 train_mapscore: 0.8862 train_c: -2.2144 train_max_dist: 56.3359 train_imax: 0.8101 train_imin: -52.5080 time: 1.8298s
INFO:root:Epoch: 1445 lr: 0.01 train_loss: 155713.6250 train_distortion: 19.8896 train_mapscore: 0.8855 train_c: -2.2152 train_max_dist: 54.5293 train_imax: 0.7595 train_imin: -49.5519 time: 1.8253s
INFO:root:Epoch: 1450 lr: 0.01 train_loss: 153890.7812 train_distortion: 20.7519 train_mapscore: 0.8852 train_c: -2.2149 train_max_dist: 54.9849 train_imax: 0.8840 train_imin: -51.5536 time: 1.8510s
INFO:root:Epoch: 1455 lr: 0.01 train_loss: 154128.6562 train_distortion: 20.0365 train_mapscore: 0.8858 train_c: -2.2160 train_max_dist: 54.4492 train_imax: 0.6854 train_imin: -50.9638 time: 1.8264s
INFO:root:Epoch: 1460 lr: 0.01 train_loss: 155441.2031 train_distortion: 20.5819 train_mapscore: 0.8854 train_c: -2.2177 train_max_dist: 54.8530 train_imax: 0.7385 train_imin: -52.2959 time: 1.7855s
INFO:root:Epoch: 1465 lr: 0.01 train_loss: 152244.7344 train_distortion: 21.1061 train_mapscore: 0.8858 train_c: -2.2192 train_max_dist: 55.5586 train_imax: 0.5854 train_imin: -53.6177 time: 1.7961s
INFO:root:Epoch: 1470 lr: 0.01 train_loss: 152263.0312 train_distortion: 20.0161 train_mapscore: 0.8857 train_c: -2.2192 train_max_dist: 55.1953 train_imax: 0.8705 train_imin: -52.0631 time: 1.8046s
INFO:root:Epoch: 1475 lr: 0.01 train_loss: 150956.2500 train_distortion: 20.8689 train_mapscore: 0.8861 train_c: -2.2207 train_max_dist: 55.7959 train_imax: 0.6268 train_imin: -53.1036 time: 1.8332s
INFO:root:Epoch: 1480 lr: 0.01 train_loss: 151419.0625 train_distortion: 20.3390 train_mapscore: 0.8859 train_c: -2.2209 train_max_dist: 55.4272 train_imax: 0.6896 train_imin: -52.5755 time: 1.7888s
INFO:root:Epoch: 1485 lr: 0.01 train_loss: 153676.7656 train_distortion: 21.4906 train_mapscore: 0.8862 train_c: -2.2215 train_max_dist: 56.0781 train_imax: 0.9034 train_imin: -54.1186 time: 1.8279s
INFO:root:Epoch: 1490 lr: 0.01 train_loss: 151718.2500 train_distortion: 19.9527 train_mapscore: 0.8866 train_c: -2.2228 train_max_dist: 54.7544 train_imax: 0.6748 train_imin: -51.4713 time: 1.8351s
INFO:root:Epoch: 1495 lr: 0.01 train_loss: 151546.2031 train_distortion: 20.4829 train_mapscore: 0.8865 train_c: -2.2240 train_max_dist: 55.1934 train_imax: 0.7976 train_imin: -52.4832 time: 1.8006s
INFO:root:Epoch: 1500 lr: 0.01 train_loss: 151854.8750 train_distortion: 21.0342 train_mapscore: 0.8867 train_c: -2.2248 train_max_dist: 56.0430 train_imax: 0.9279 train_imin: -53.2474 time: 1.8428s
INFO:root:Epoch: 1505 lr: 0.01 train_loss: 151614.7812 train_distortion: 20.6640 train_mapscore: 0.8870 train_c: -2.2265 train_max_dist: 56.0996 train_imax: 0.9635 train_imin: -52.4955 time: 1.7899s
INFO:root:Epoch: 1510 lr: 0.01 train_loss: 149877.9844 train_distortion: 20.6473 train_mapscore: 0.8869 train_c: -2.2270 train_max_dist: 56.4453 train_imax: 0.9005 train_imin: -52.7396 time: 1.8203s
INFO:root:Epoch: 1515 lr: 0.01 train_loss: 150774.3281 train_distortion: 20.7793 train_mapscore: 0.8870 train_c: -2.2283 train_max_dist: 56.5938 train_imax: 0.6964 train_imin: -52.7467 time: 1.8385s
INFO:root:Epoch: 1520 lr: 0.01 train_loss: 149566.4844 train_distortion: 20.6744 train_mapscore: 0.8869 train_c: -2.2303 train_max_dist: 56.0547 train_imax: 0.6847 train_imin: -52.7012 time: 1.8314s
INFO:root:Epoch: 1525 lr: 0.01 train_loss: 152692.9062 train_distortion: 20.8451 train_mapscore: 0.8874 train_c: -2.2309 train_max_dist: 55.9727 train_imax: 0.7687 train_imin: -53.0542 time: 1.8222s
INFO:root:Epoch: 1530 lr: 0.01 train_loss: 151846.1094 train_distortion: 20.5241 train_mapscore: 0.8870 train_c: -2.2325 train_max_dist: 55.6997 train_imax: 0.7798 train_imin: -52.7026 time: 1.7960s
INFO:root:Epoch: 1535 lr: 0.01 train_loss: 149398.4062 train_distortion: 20.5176 train_mapscore: 0.8870 train_c: -2.2337 train_max_dist: 55.7344 train_imax: 0.8076 train_imin: -52.6304 time: 1.7959s
INFO:root:Epoch: 1540 lr: 0.01 train_loss: 151246.7500 train_distortion: 21.7530 train_mapscore: 0.8872 train_c: -2.2363 train_max_dist: 56.4048 train_imax: 0.7173 train_imin: -54.3364 time: 1.8187s
INFO:root:Epoch: 1545 lr: 0.01 train_loss: 150858.8125 train_distortion: 20.4902 train_mapscore: 0.8873 train_c: -2.2360 train_max_dist: 55.4844 train_imax: 0.7303 train_imin: -52.5735 time: 1.8099s
INFO:root:Epoch: 1550 lr: 0.01 train_loss: 165120.0312 train_distortion: 15.8263 train_mapscore: 0.8851 train_c: -2.2391 train_max_dist: 54.4492 train_imax: -0.0000 train_imin: -44.7093 time: 1.8331s
INFO:root:Epoch: 1555 lr: 0.01 train_loss: 164710.6406 train_distortion: 22.7194 train_mapscore: 0.8841 train_c: -2.2434 train_max_dist: 62.3389 train_imax: 0.7977 train_imin: -54.5987 time: 1.8517s
INFO:root:Epoch: 1560 lr: 0.01 train_loss: 163186.1094 train_distortion: 18.2340 train_mapscore: 0.8829 train_c: -2.2439 train_max_dist: 59.8672 train_imax: 0.1345 train_imin: -48.4092 time: 1.8353s
INFO:root:Epoch: 1565 lr: 0.01 train_loss: 158537.3281 train_distortion: 21.4165 train_mapscore: 0.8856 train_c: -2.2453 train_max_dist: 62.9951 train_imax: 0.5518 train_imin: -54.0272 time: 1.8014s
INFO:root:Epoch: 1570 lr: 0.01 train_loss: 156938.7188 train_distortion: 19.8306 train_mapscore: 0.8858 train_c: -2.2452 train_max_dist: 61.8984 train_imax: 0.4681 train_imin: -52.4515 time: 1.7978s
INFO:root:Epoch: 1575 lr: 0.01 train_loss: 156588.3125 train_distortion: 20.1578 train_mapscore: 0.8856 train_c: -2.2456 train_max_dist: 62.2539 train_imax: 0.7454 train_imin: -53.2727 time: 1.7906s
INFO:root:Epoch: 1580 lr: 0.01 train_loss: 154628.4375 train_distortion: 20.5675 train_mapscore: 0.8857 train_c: -2.2462 train_max_dist: 62.4609 train_imax: 0.7943 train_imin: -54.6378 time: 1.8291s
INFO:root:Epoch: 1585 lr: 0.01 train_loss: 155171.5000 train_distortion: 21.1737 train_mapscore: 0.8856 train_c: -2.2467 train_max_dist: 62.8320 train_imax: 0.7136 train_imin: -56.2372 time: 1.8064s
INFO:root:Epoch: 1590 lr: 0.01 train_loss: 154807.0469 train_distortion: 20.5436 train_mapscore: 0.8854 train_c: -2.2464 train_max_dist: 62.1445 train_imax: 0.6832 train_imin: -56.3709 time: 1.8056s
INFO:root:Epoch: 1595 lr: 0.01 train_loss: 153321.9844 train_distortion: 20.6813 train_mapscore: 0.8853 train_c: -2.2467 train_max_dist: 62.0303 train_imax: 0.7054 train_imin: -56.4537 time: 1.8403s
INFO:root:Epoch: 1600 lr: 0.01 train_loss: 150950.1875 train_distortion: 20.7734 train_mapscore: 0.8853 train_c: -2.2480 train_max_dist: 61.7324 train_imax: 0.6895 train_imin: -56.3984 time: 1.7894s
INFO:root:Epoch: 1605 lr: 0.01 train_loss: 152801.0938 train_distortion: 21.0225 train_mapscore: 0.8852 train_c: -2.2483 train_max_dist: 61.8037 train_imax: 0.8391 train_imin: -56.4070 time: 1.8270s
INFO:root:Epoch: 1610 lr: 0.01 train_loss: 153696.7188 train_distortion: 20.9352 train_mapscore: 0.8856 train_c: -2.2491 train_max_dist: 61.5977 train_imax: 0.5461 train_imin: -56.0904 time: 1.8050s
INFO:root:Epoch: 1615 lr: 0.01 train_loss: 152938.1875 train_distortion: 20.6690 train_mapscore: 0.8858 train_c: -2.2493 train_max_dist: 61.2480 train_imax: 0.6226 train_imin: -56.1161 time: 1.8272s
INFO:root:Epoch: 1620 lr: 0.01 train_loss: 151826.2812 train_distortion: 20.9939 train_mapscore: 0.8862 train_c: -2.2501 train_max_dist: 61.3789 train_imax: 0.5551 train_imin: -57.3870 time: 1.8256s
INFO:root:Epoch: 1625 lr: 0.01 train_loss: 149232.3750 train_distortion: 20.7561 train_mapscore: 0.8863 train_c: -2.2519 train_max_dist: 61.1289 train_imax: 0.4813 train_imin: -57.6218 time: 1.8407s
INFO:root:Epoch: 1630 lr: 0.01 train_loss: 153247.2656 train_distortion: 21.4636 train_mapscore: 0.8868 train_c: -2.2530 train_max_dist: 61.5840 train_imax: 0.7972 train_imin: -58.7486 time: 1.8260s
INFO:root:Epoch: 1635 lr: 0.01 train_loss: 152378.1094 train_distortion: 21.1787 train_mapscore: 0.8870 train_c: -2.2540 train_max_dist: 61.3555 train_imax: 0.5508 train_imin: -58.2707 time: 1.7905s
INFO:root:Epoch: 1640 lr: 0.01 train_loss: 152001.3125 train_distortion: 21.4874 train_mapscore: 0.8871 train_c: -2.2549 train_max_dist: 61.7188 train_imax: 0.5051 train_imin: -59.2945 time: 1.8040s
INFO:root:Epoch: 1645 lr: 0.01 train_loss: 151679.2656 train_distortion: 21.1255 train_mapscore: 0.8868 train_c: -2.2549 train_max_dist: 61.5713 train_imax: 0.6394 train_imin: -58.5074 time: 1.8033s
INFO:root:Epoch: 1650 lr: 0.01 train_loss: 151290.9375 train_distortion: 21.2317 train_mapscore: 0.8872 train_c: -2.2561 train_max_dist: 61.5020 train_imax: 0.4830 train_imin: -58.5743 time: 1.8267s
INFO:root:Epoch: 1655 lr: 0.01 train_loss: 149202.4062 train_distortion: 21.1510 train_mapscore: 0.8873 train_c: -2.2564 train_max_dist: 61.4004 train_imax: 0.5171 train_imin: -58.5463 time: 1.8104s
INFO:root:Epoch: 1660 lr: 0.01 train_loss: 149190.9688 train_distortion: 21.2484 train_mapscore: 0.8876 train_c: -2.2576 train_max_dist: 61.5127 train_imax: 0.6274 train_imin: -59.3558 time: 1.8388s
INFO:root:Epoch: 1665 lr: 0.01 train_loss: 148757.7188 train_distortion: 21.3772 train_mapscore: 0.8874 train_c: -2.2590 train_max_dist: 61.6855 train_imax: 0.6570 train_imin: -60.0217 time: 1.8230s
INFO:root:Epoch: 1670 lr: 0.01 train_loss: 149080.5625 train_distortion: 21.2257 train_mapscore: 0.8874 train_c: -2.2597 train_max_dist: 61.6611 train_imax: 0.5175 train_imin: -60.6937 time: 1.7933s
INFO:root:Epoch: 1675 lr: 0.01 train_loss: 147059.0469 train_distortion: 21.4669 train_mapscore: 0.8879 train_c: -2.2598 train_max_dist: 61.8828 train_imax: 0.5719 train_imin: -61.4503 time: 1.7945s
INFO:root:Epoch: 1680 lr: 0.01 train_loss: 146706.6875 train_distortion: 21.3997 train_mapscore: 0.8881 train_c: -2.2620 train_max_dist: 61.8574 train_imax: 0.6655 train_imin: -61.6270 time: 1.8132s
INFO:root:Epoch: 1685 lr: 0.01 train_loss: 149888.6562 train_distortion: 21.5582 train_mapscore: 0.8878 train_c: -2.2620 train_max_dist: 62.1504 train_imax: 0.4576 train_imin: -61.6818 time: 1.8286s
INFO:root:Epoch: 1690 lr: 0.01 train_loss: 150513.8750 train_distortion: 21.2036 train_mapscore: 0.8878 train_c: -2.2638 train_max_dist: 61.7549 train_imax: 0.4142 train_imin: -61.3549 time: 1.7953s
INFO:root:Epoch: 1695 lr: 0.01 train_loss: 150253.3125 train_distortion: 21.7453 train_mapscore: 0.8881 train_c: -2.2654 train_max_dist: 62.2324 train_imax: 0.4122 train_imin: -62.4095 time: 1.8622s
INFO:root:Epoch: 1700 lr: 0.01 train_loss: 149420.8594 train_distortion: 21.5681 train_mapscore: 0.8878 train_c: -2.2663 train_max_dist: 62.0703 train_imax: 0.5579 train_imin: -62.2495 time: 1.8295s
INFO:root:Epoch: 1705 lr: 0.01 train_loss: 150280.3438 train_distortion: 21.1982 train_mapscore: 0.8880 train_c: -2.2672 train_max_dist: 61.7305 train_imax: 0.4800 train_imin: -61.7458 time: 1.8115s
INFO:root:Epoch: 1710 lr: 0.01 train_loss: 148047.0000 train_distortion: 21.1562 train_mapscore: 0.8880 train_c: -2.2675 train_max_dist: 61.8320 train_imax: 0.5105 train_imin: -61.8438 time: 1.8342s
INFO:root:Epoch: 1715 lr: 0.01 train_loss: 155450.5000 train_distortion: 24.8691 train_mapscore: 0.8872 train_c: -2.2692 train_max_dist: 96.0000 train_imax: 0.7842 train_imin: -70.7144 time: 1.8006s
INFO:root:Epoch: 1720 lr: 0.01 train_loss: 158182.9688 train_distortion: 20.1032 train_mapscore: 0.8860 train_c: -2.2690 train_max_dist: 63.3633 train_imax: 0.3284 train_imin: -65.1022 time: 1.8342s
INFO:root:Epoch: 1725 lr: 0.01 train_loss: 155605.9844 train_distortion: 21.8891 train_mapscore: 0.8859 train_c: -2.2714 train_max_dist: 65.3838 train_imax: 0.3004 train_imin: -69.8948 time: 1.8351s
INFO:root:Epoch: 1730 lr: 0.01 train_loss: 154922.3906 train_distortion: 21.3277 train_mapscore: 0.8865 train_c: -2.2718 train_max_dist: 65.5811 train_imax: 0.2856 train_imin: -69.5688 time: 1.8244s
INFO:root:Epoch: 1735 lr: 0.01 train_loss: 156162.5781 train_distortion: 21.4079 train_mapscore: 0.8866 train_c: -2.2722 train_max_dist: 65.7266 train_imax: 0.4360 train_imin: -70.3803 time: 1.8212s
INFO:root:Epoch: 1740 lr: 0.01 train_loss: 150203.4219 train_distortion: 21.1920 train_mapscore: 0.8866 train_c: -2.2720 train_max_dist: 65.7656 train_imax: 0.3533 train_imin: -71.4076 time: 1.7887s
INFO:root:Epoch: 1745 lr: 0.01 train_loss: 150222.2969 train_distortion: 21.9759 train_mapscore: 0.8865 train_c: -2.2725 train_max_dist: 66.3330 train_imax: 0.4243 train_imin: -74.4108 time: 1.7993s
INFO:root:Epoch: 1750 lr: 0.01 train_loss: 152103.7500 train_distortion: 19.6353 train_mapscore: 0.8864 train_c: -2.2725 train_max_dist: 64.3594 train_imax: 0.1265 train_imin: -66.4247 time: 1.8047s
INFO:root:Epoch: 1755 lr: 0.01 train_loss: 151688.5938 train_distortion: 22.2241 train_mapscore: 0.8871 train_c: -2.2745 train_max_dist: 66.4492 train_imax: 0.3715 train_imin: -70.2796 time: 1.8645s
INFO:root:Epoch: 1760 lr: 0.01 train_loss: 152564.4219 train_distortion: 21.2085 train_mapscore: 0.8870 train_c: -2.2749 train_max_dist: 65.6543 train_imax: 0.2344 train_imin: -68.6146 time: 1.8356s
INFO:root:Epoch: 1765 lr: 0.01 train_loss: 149981.7656 train_distortion: 21.8355 train_mapscore: 0.8870 train_c: -2.2774 train_max_dist: 66.0342 train_imax: 0.3046 train_imin: -70.8099 time: 1.8236s
INFO:root:Epoch: 1770 lr: 0.01 train_loss: 150550.3438 train_distortion: 20.8681 train_mapscore: 0.8874 train_c: -2.2768 train_max_dist: 65.3555 train_imax: 0.3575 train_imin: -70.2475 time: 1.8606s
INFO:root:Epoch: 1775 lr: 0.01 train_loss: 150729.6562 train_distortion: 21.5784 train_mapscore: 0.8878 train_c: -2.2773 train_max_dist: 66.0547 train_imax: 0.4536 train_imin: -72.8983 time: 1.8036s
INFO:root:Epoch: 1780 lr: 0.01 train_loss: 149925.2500 train_distortion: 21.6615 train_mapscore: 0.8880 train_c: -2.2795 train_max_dist: 65.9570 train_imax: 0.3779 train_imin: -73.9713 time: 1.7918s
INFO:root:Epoch: 1785 lr: 0.01 train_loss: 150851.5938 train_distortion: 21.4826 train_mapscore: 0.8882 train_c: -2.2813 train_max_dist: 65.8418 train_imax: 0.3459 train_imin: -74.0167 time: 1.8008s
INFO:root:Epoch: 1790 lr: 0.01 train_loss: 150952.5938 train_distortion: 22.0739 train_mapscore: 0.8879 train_c: -2.2831 train_max_dist: 66.1680 train_imax: 0.3351 train_imin: -75.2710 time: 1.8180s
INFO:root:Epoch: 1795 lr: 0.01 train_loss: 147037.8750 train_distortion: 21.7083 train_mapscore: 0.8880 train_c: -2.2825 train_max_dist: 65.9258 train_imax: 0.4291 train_imin: -75.1770 time: 1.7934s
INFO:root:Epoch: 1800 lr: 0.01 train_loss: 149307.4375 train_distortion: 21.7442 train_mapscore: 0.8879 train_c: -2.2827 train_max_dist: 65.9971 train_imax: 0.4975 train_imin: -75.5822 time: 1.8447s
INFO:root:Epoch: 1805 lr: 0.01 train_loss: 147777.6562 train_distortion: 21.5031 train_mapscore: 0.8879 train_c: -2.2841 train_max_dist: 65.8828 train_imax: 0.3517 train_imin: -74.8374 time: 1.8402s
INFO:root:Epoch: 1810 lr: 0.01 train_loss: 147350.5625 train_distortion: 22.0039 train_mapscore: 0.8878 train_c: -2.2856 train_max_dist: 66.3018 train_imax: 0.4232 train_imin: -75.2456 time: 1.8049s
INFO:root:Epoch: 1815 lr: 0.01 train_loss: 147923.6719 train_distortion: 21.9368 train_mapscore: 0.8880 train_c: -2.2866 train_max_dist: 66.3164 train_imax: 0.5999 train_imin: -75.4588 time: 1.8552s
INFO:root:Epoch: 1820 lr: 0.01 train_loss: 147970.7812 train_distortion: 21.8372 train_mapscore: 0.8881 train_c: -2.2865 train_max_dist: 66.2148 train_imax: 0.7360 train_imin: -76.2951 time: 1.8134s
INFO:root:Epoch: 1825 lr: 0.01 train_loss: 148312.9062 train_distortion: 21.4792 train_mapscore: 0.8877 train_c: -2.2873 train_max_dist: 65.9492 train_imax: 0.6987 train_imin: -75.2405 time: 1.8305s
INFO:root:Epoch: 1830 lr: 0.01 train_loss: 149910.9531 train_distortion: 22.1040 train_mapscore: 0.8879 train_c: -2.2892 train_max_dist: 66.4805 train_imax: 0.5624 train_imin: -76.2429 time: 1.8240s
INFO:root:Epoch: 1835 lr: 0.01 train_loss: 147573.8438 train_distortion: 21.3860 train_mapscore: 0.8883 train_c: -2.2898 train_max_dist: 65.8691 train_imax: 0.5652 train_imin: -73.6646 time: 1.8101s
INFO:root:Epoch: 1840 lr: 0.01 train_loss: 150786.0312 train_distortion: 21.9774 train_mapscore: 0.8884 train_c: -2.2906 train_max_dist: 66.2969 train_imax: 0.6889 train_imin: -75.1219 time: 1.8251s
INFO:root:Epoch: 1845 lr: 0.01 train_loss: 148898.6719 train_distortion: 21.3276 train_mapscore: 0.8883 train_c: -2.2924 train_max_dist: 65.8086 train_imax: 0.3473 train_imin: -74.3508 time: 1.8096s
INFO:root:Epoch: 1850 lr: 0.01 train_loss: 146686.3125 train_distortion: 21.9900 train_mapscore: 0.8880 train_c: -2.2939 train_max_dist: 66.4414 train_imax: 0.4438 train_imin: -77.3686 time: 1.7951s
INFO:root:Epoch: 1855 lr: 0.01 train_loss: 146857.1562 train_distortion: 21.7900 train_mapscore: 0.8883 train_c: -2.2943 train_max_dist: 66.2070 train_imax: 0.4559 train_imin: -77.0287 time: 1.8067s
INFO:root:Epoch: 1860 lr: 0.01 train_loss: 146433.7969 train_distortion: 21.9015 train_mapscore: 0.8882 train_c: -2.2945 train_max_dist: 66.3945 train_imax: 0.6379 train_imin: -76.8183 time: 1.8160s
INFO:root:Epoch: 1865 lr: 0.01 train_loss: 148434.8438 train_distortion: 21.7304 train_mapscore: 0.8885 train_c: -2.2964 train_max_dist: 66.1455 train_imax: 0.4406 train_imin: -76.8174 time: 1.8415s
INFO:root:Epoch: 1870 lr: 0.01 train_loss: 150567.7656 train_distortion: 22.3197 train_mapscore: 0.8879 train_c: -2.2987 train_max_dist: 66.4336 train_imax: 0.4661 train_imin: -78.8062 time: 1.8312s
INFO:root:Epoch: 1875 lr: 0.01 train_loss: 148989.0938 train_distortion: 22.1652 train_mapscore: 0.8882 train_c: -2.2997 train_max_dist: 66.3633 train_imax: 0.3062 train_imin: -77.7736 time: 1.8383s
INFO:root:Epoch: 1880 lr: 0.01 train_loss: 146054.1094 train_distortion: 21.7200 train_mapscore: 0.8885 train_c: -2.2995 train_max_dist: 66.1221 train_imax: 0.4973 train_imin: -76.5586 time: 1.7948s
INFO:root:Epoch: 1885 lr: 0.01 train_loss: 145923.1875 train_distortion: 22.0341 train_mapscore: 0.8885 train_c: -2.3006 train_max_dist: 66.2695 train_imax: 0.7791 train_imin: -77.3098 time: 1.8063s
INFO:root:Epoch: 1890 lr: 0.01 train_loss: 146885.3281 train_distortion: 21.8438 train_mapscore: 0.8885 train_c: -2.3009 train_max_dist: 66.0010 train_imax: 0.6586 train_imin: -76.5122 time: 1.8069s
INFO:root:Epoch: 1895 lr: 0.01 train_loss: 147371.6094 train_distortion: 22.0644 train_mapscore: 0.8885 train_c: -2.3014 train_max_dist: 66.2617 train_imax: 0.8442 train_imin: -76.4818 time: 1.8273s
INFO:root:Epoch: 1900 lr: 0.01 train_loss: 145962.0938 train_distortion: 22.0555 train_mapscore: 0.8888 train_c: -2.3032 train_max_dist: 66.2070 train_imax: 0.6334 train_imin: -76.6773 time: 1.7992s
INFO:root:Epoch: 1905 lr: 0.01 train_loss: 145694.1562 train_distortion: 22.2319 train_mapscore: 0.8884 train_c: -2.3038 train_max_dist: 66.4541 train_imax: 0.7700 train_imin: -77.9510 time: 1.8161s
INFO:root:Epoch: 1910 lr: 0.01 train_loss: 145284.1406 train_distortion: 22.3527 train_mapscore: 0.8884 train_c: -2.3050 train_max_dist: 66.5703 train_imax: 0.7607 train_imin: -78.0783 time: 1.8311s
INFO:root:Epoch: 1915 lr: 0.01 train_loss: 147283.0781 train_distortion: 22.1214 train_mapscore: 0.8884 train_c: -2.3052 train_max_dist: 66.4033 train_imax: 0.7474 train_imin: -77.9167 time: 1.7847s
INFO:root:Epoch: 1920 lr: 0.01 train_loss: 146143.5625 train_distortion: 21.6826 train_mapscore: 0.8886 train_c: -2.3069 train_max_dist: 65.9395 train_imax: 0.6878 train_imin: -77.1962 time: 1.8236s
INFO:root:Epoch: 1925 lr: 0.01 train_loss: 145975.5625 train_distortion: 22.6843 train_mapscore: 0.8886 train_c: -2.3081 train_max_dist: 66.7266 train_imax: 0.6772 train_imin: -79.2466 time: 1.7911s
INFO:root:Epoch: 1930 lr: 0.01 train_loss: 144704.0469 train_distortion: 21.9233 train_mapscore: 0.8887 train_c: -2.3086 train_max_dist: 66.1094 train_imax: 0.6517 train_imin: -78.8339 time: 1.8363s
INFO:root:Epoch: 1935 lr: 0.01 train_loss: 145536.1250 train_distortion: 22.5292 train_mapscore: 0.8889 train_c: -2.3101 train_max_dist: 66.6494 train_imax: 0.7053 train_imin: -81.5228 time: 1.8528s
INFO:root:Epoch: 1940 lr: 0.01 train_loss: 143654.7812 train_distortion: 22.1581 train_mapscore: 0.8889 train_c: -2.3112 train_max_dist: 66.3672 train_imax: 0.6547 train_imin: -80.8200 time: 1.8183s
INFO:root:Epoch: 1945 lr: 0.01 train_loss: 147456.4688 train_distortion: 22.6561 train_mapscore: 0.8888 train_c: -2.3130 train_max_dist: 66.7734 train_imax: 0.7208 train_imin: -81.2796 time: 1.8310s
INFO:root:Epoch: 1950 lr: 0.01 train_loss: 147883.9844 train_distortion: 22.1833 train_mapscore: 0.8887 train_c: -2.3144 train_max_dist: 66.3594 train_imax: 0.7209 train_imin: -79.7160 time: 1.7823s
INFO:root:Epoch: 1955 lr: 0.01 train_loss: 144220.0469 train_distortion: 22.1313 train_mapscore: 0.8887 train_c: -2.3136 train_max_dist: 66.5156 train_imax: 0.9430 train_imin: -79.8977 time: 1.8058s
INFO:root:Epoch: 1960 lr: 0.01 train_loss: 147717.7344 train_distortion: 22.0835 train_mapscore: 0.8887 train_c: -2.3153 train_max_dist: 66.4688 train_imax: 0.6083 train_imin: -80.3774 time: 1.8001s
INFO:root:Epoch: 1965 lr: 0.01 train_loss: 145889.1406 train_distortion: 21.8982 train_mapscore: 0.8891 train_c: -2.3171 train_max_dist: 66.1846 train_imax: 0.5186 train_imin: -79.7425 time: 1.8382s
INFO:root:Epoch: 1970 lr: 0.01 train_loss: 147297.5625 train_distortion: 22.0131 train_mapscore: 0.8894 train_c: -2.3166 train_max_dist: 66.4004 train_imax: 0.9119 train_imin: -79.6429 time: 1.8293s
INFO:root:Epoch: 1975 lr: 0.01 train_loss: 147855.3750 train_distortion: 22.0598 train_mapscore: 0.8891 train_c: -2.3190 train_max_dist: 66.1406 train_imax: 0.6125 train_imin: -78.5456 time: 1.8199s
INFO:root:Epoch: 1980 lr: 0.01 train_loss: 153164.9062 train_distortion: 26.5577 train_mapscore: 0.8890 train_c: -2.3202 train_max_dist: 69.5469 train_imax: 0.9613 train_imin: -90.0138 time: 1.8575s
INFO:root:Epoch: 1985 lr: 0.01 train_loss: 151790.6719 train_distortion: 21.2004 train_mapscore: 0.8875 train_c: -2.3186 train_max_dist: 64.4463 train_imax: 0.9091 train_imin: -77.2850 time: 1.8098s
INFO:root:Epoch: 1990 lr: 0.01 train_loss: 153561.7812 train_distortion: 23.6642 train_mapscore: 0.8878 train_c: -2.3272 train_max_dist: 76.5547 train_imax: 0.7013 train_imin: -79.3648 time: 1.8154s
INFO:root:Epoch: 1995 lr: 0.01 train_loss: 149082.4375 train_distortion: 22.0448 train_mapscore: 0.8882 train_c: -2.3356 train_max_dist: 83.5938 train_imax: 0.5061 train_imin: -74.8477 time: 1.7903s
INFO:root:Epoch: 2000 lr: 0.0025 train_loss: 148435.7969 train_distortion: 23.9051 train_mapscore: 0.8879 train_c: -2.3410 train_max_dist: 87.8281 train_imax: 0.5503 train_imin: -92.3176 time: 1.8394s

