INFO:root:Using: cuda:0
INFO:root:Using seed 1234.
INFO:root:LPModel(
  (encoder): HGCN(
    (layers): Sequential(
      (0): HyperbolicGraphConvolution(
        (linear): HypLinear(
          in_features=501, out_features=16, c=Parameter containing:
          tensor([-1.], requires_grad=True)
        )
        (agg): HypAgg(
          c=Parameter containing:
          tensor([-1.], requires_grad=True)
        )
        (hyp_act): HypAct(
          c_in=Parameter containing:
          tensor([-1.], requires_grad=True), c_out=Parameter containing:
          tensor([-1.], requires_grad=True)
        )
      )
      (1): HyperbolicGraphConvolution(
        (linear): HypLinear(
          in_features=16, out_features=16, c=Parameter containing:
          tensor([-1.], requires_grad=True)
        )
        (agg): HypAgg(
          c=Parameter containing:
          tensor([-1.], requires_grad=True)
        )
        (hyp_act): HypAct(
          c_in=Parameter containing:
          tensor([-1.], requires_grad=True), c_out=Parameter containing:
          tensor([-1.], requires_grad=True)
        )
      )
    )
  )
  (dc): FermiDiracDecoder()
)
INFO:root:Total number of parameters: 8307
/workspace/anaconda3/envs/geo/lib/python3.7/site-packages/torch/optim/lr_scheduler.py:370: UserWarning: To get the last learning rate computed by the scheduler, please use `get_last_lr()`.
  "please use `get_last_lr()`.", UserWarning)
INFO:root:Epoch: 0005 lr: 0.01 train_loss: 2.0148 train_roc: 0.9321 train_ap: 0.9159 time: 0.8873s
INFO:root:Epoch: 0005 val_loss: 1.9411 val_roc: 0.8103 val_ap: 0.8063
INFO:root:Epoch: 0010 lr: 0.01 train_loss: 1.9682 train_roc: 0.9131 train_ap: 0.8824 time: 0.8912s
INFO:root:Epoch: 0010 val_loss: 1.6925 val_roc: 0.8483 val_ap: 0.8412
INFO:root:Epoch: 0015 lr: 0.01 train_loss: 1.6637 train_roc: 0.9400 train_ap: 0.9254 time: 0.9143s
INFO:root:Epoch: 0015 val_loss: 1.3995 val_roc: 0.8727 val_ap: 0.8736
INFO:root:Epoch: 0020 lr: 0.01 train_loss: 1.1461 train_roc: 0.9571 train_ap: 0.9451 time: 0.8849s
INFO:root:Epoch: 0020 val_loss: 1.0690 val_roc: 0.8794 val_ap: 0.8670
INFO:root:Epoch: 0025 lr: 0.01 train_loss: 0.9199 train_roc: 0.9498 train_ap: 0.9329 time: 0.8886s
INFO:root:Epoch: 0025 val_loss: 0.8907 val_roc: 0.8790 val_ap: 0.8580
INFO:root:Epoch: 0030 lr: 0.01 train_loss: 0.7600 train_roc: 0.9489 train_ap: 0.9370 time: 0.8938s
INFO:root:Epoch: 0030 val_loss: 0.9364 val_roc: 0.8908 val_ap: 0.8766
INFO:root:Epoch: 0035 lr: 0.01 train_loss: 0.5503 train_roc: 0.9529 train_ap: 0.9315 time: 0.8990s
INFO:root:Epoch: 0035 val_loss: 1.2297 val_roc: 0.8962 val_ap: 0.8830
INFO:root:Epoch: 0040 lr: 0.01 train_loss: 0.4978 train_roc: 0.9710 train_ap: 0.9630 time: 0.8788s
INFO:root:Epoch: 0040 val_loss: 1.3990 val_roc: 0.9052 val_ap: 0.8961
INFO:root:Epoch: 0045 lr: 0.01 train_loss: 0.4934 train_roc: 0.9734 train_ap: 0.9660 time: 0.8526s
INFO:root:Epoch: 0045 val_loss: 1.1239 val_roc: 0.9089 val_ap: 0.9043
INFO:root:Epoch: 0050 lr: 0.01 train_loss: 0.5163 train_roc: 0.9708 train_ap: 0.9637 time: 0.8597s
INFO:root:Epoch: 0050 val_loss: 0.8851 val_roc: 0.9109 val_ap: 0.9080
INFO:root:Epoch: 0055 lr: 0.01 train_loss: 0.4921 train_roc: 0.9728 train_ap: 0.9682 time: 0.8498s
INFO:root:Epoch: 0055 val_loss: 0.9260 val_roc: 0.9194 val_ap: 0.9159
INFO:root:Epoch: 0060 lr: 0.01 train_loss: 0.4868 train_roc: 0.9749 train_ap: 0.9716 time: 0.8436s
INFO:root:Epoch: 0060 val_loss: 1.0273 val_roc: 0.9247 val_ap: 0.9197
INFO:root:Epoch: 0065 lr: 0.01 train_loss: 0.4895 train_roc: 0.9697 train_ap: 0.9630 time: 0.8750s
INFO:root:Epoch: 0065 val_loss: 0.9353 val_roc: 0.9271 val_ap: 0.9226
INFO:root:Epoch: 0070 lr: 0.01 train_loss: 0.4353 train_roc: 0.9816 train_ap: 0.9788 time: 0.8445s
INFO:root:Epoch: 0070 val_loss: 0.8263 val_roc: 0.9295 val_ap: 0.9259
INFO:root:Epoch: 0075 lr: 0.01 train_loss: 0.4327 train_roc: 0.9840 train_ap: 0.9809 time: 0.9023s
INFO:root:Epoch: 0075 val_loss: 0.8285 val_roc: 0.9325 val_ap: 0.9288
INFO:root:Epoch: 0080 lr: 0.01 train_loss: 0.4415 train_roc: 0.9799 train_ap: 0.9775 time: 0.8202s
INFO:root:Epoch: 0080 val_loss: 0.8518 val_roc: 0.9336 val_ap: 0.9299
INFO:root:Epoch: 0085 lr: 0.01 train_loss: 0.4331 train_roc: 0.9817 train_ap: 0.9785 time: 0.8545s
INFO:root:Epoch: 0085 val_loss: 0.8743 val_roc: 0.9346 val_ap: 0.9311
INFO:root:Epoch: 0090 lr: 0.01 train_loss: 0.4528 train_roc: 0.9774 train_ap: 0.9722 time: 0.8439s
INFO:root:Epoch: 0090 val_loss: 0.9212 val_roc: 0.9357 val_ap: 0.9325
INFO:root:Epoch: 0095 lr: 0.01 train_loss: 0.4583 train_roc: 0.9806 train_ap: 0.9778 time: 0.8817s
INFO:root:Epoch: 0095 val_loss: 0.9222 val_roc: 0.9368 val_ap: 0.9338
INFO:root:Epoch: 0100 lr: 0.01 train_loss: 0.4343 train_roc: 0.9812 train_ap: 0.9789 time: 0.8337s
INFO:root:Epoch: 0100 val_loss: 0.8118 val_roc: 0.9375 val_ap: 0.9352
INFO:root:Epoch: 0105 lr: 0.01 train_loss: 0.4385 train_roc: 0.9829 train_ap: 0.9796 time: 0.8343s
INFO:root:Epoch: 0105 val_loss: 0.7865 val_roc: 0.9385 val_ap: 0.9367
INFO:root:Epoch: 0110 lr: 0.01 train_loss: 0.4156 train_roc: 0.9833 train_ap: 0.9804 time: 0.8309s
INFO:root:Epoch: 0110 val_loss: 0.8514 val_roc: 0.9407 val_ap: 0.9383
INFO:root:Epoch: 0115 lr: 0.01 train_loss: 0.4204 train_roc: 0.9837 train_ap: 0.9808 time: 2.6429s
INFO:root:Epoch: 0115 val_loss: 0.8250 val_roc: 0.9421 val_ap: 0.9397
INFO:root:Epoch: 0120 lr: 0.01 train_loss: 0.4453 train_roc: 0.9827 train_ap: 0.9802 time: 2.6825s
INFO:root:Epoch: 0120 val_loss: 0.8289 val_roc: 0.9435 val_ap: 0.9409
INFO:root:Epoch: 0125 lr: 0.01 train_loss: 0.4157 train_roc: 0.9854 train_ap: 0.9838 time: 2.6848s
INFO:root:Epoch: 0125 val_loss: 0.8657 val_roc: 0.9434 val_ap: 0.9403
INFO:root:Epoch: 0130 lr: 0.01 train_loss: 0.4153 train_roc: 0.9844 train_ap: 0.9818 time: 2.6429s
INFO:root:Epoch: 0130 val_loss: 0.7729 val_roc: 0.9430 val_ap: 0.9402
INFO:root:Epoch: 0135 lr: 0.01 train_loss: 0.4406 train_roc: 0.9853 train_ap: 0.9823 time: 2.7034s
INFO:root:Epoch: 0135 val_loss: 0.7494 val_roc: 0.9439 val_ap: 0.9414
INFO:root:Epoch: 0140 lr: 0.01 train_loss: 0.4287 train_roc: 0.9845 train_ap: 0.9821 time: 2.7213s
INFO:root:Epoch: 0140 val_loss: 0.8050 val_roc: 0.9447 val_ap: 0.9424
INFO:root:Epoch: 0145 lr: 0.01 train_loss: 0.3809 train_roc: 0.9885 train_ap: 0.9863 time: 2.6580s
INFO:root:Epoch: 0145 val_loss: 0.8048 val_roc: 0.9447 val_ap: 0.9427
INFO:root:Epoch: 0150 lr: 0.01 train_loss: 0.4045 train_roc: 0.9885 train_ap: 0.9859 time: 2.6470s
INFO:root:Epoch: 0150 val_loss: 0.7614 val_roc: 0.9448 val_ap: 0.9431
INFO:root:Epoch: 0155 lr: 0.01 train_loss: 0.4075 train_roc: 0.9857 train_ap: 0.9832 time: 2.7623s
INFO:root:Epoch: 0155 val_loss: 0.8271 val_roc: 0.9450 val_ap: 0.9432
INFO:root:Epoch: 0160 lr: 0.01 train_loss: 0.4321 train_roc: 0.9826 train_ap: 0.9787 time: 2.6550s
INFO:root:Epoch: 0160 val_loss: 0.8162 val_roc: 0.9453 val_ap: 0.9434
INFO:root:Epoch: 0165 lr: 0.01 train_loss: 0.4227 train_roc: 0.9811 train_ap: 0.9770 time: 2.7346s
INFO:root:Epoch: 0165 val_loss: 0.7492 val_roc: 0.9451 val_ap: 0.9436
INFO:root:Epoch: 0170 lr: 0.01 train_loss: 0.3966 train_roc: 0.9842 train_ap: 0.9805 time: 0.8693s
INFO:root:Epoch: 0170 val_loss: 0.7370 val_roc: 0.9459 val_ap: 0.9447
INFO:root:Epoch: 0175 lr: 0.01 train_loss: 0.3912 train_roc: 0.9874 train_ap: 0.9841 time: 0.8614s
INFO:root:Epoch: 0175 val_loss: 0.7120 val_roc: 0.9472 val_ap: 0.9460
INFO:root:Epoch: 0180 lr: 0.01 train_loss: 0.3932 train_roc: 0.9890 train_ap: 0.9863 time: 0.8431s
INFO:root:Epoch: 0180 val_loss: 0.8972 val_roc: 0.9480 val_ap: 0.9460
INFO:root:Epoch: 0185 lr: 0.01 train_loss: 0.4055 train_roc: 0.9860 train_ap: 0.9838 time: 0.8492s
INFO:root:Epoch: 0185 val_loss: 0.8907 val_roc: 0.9478 val_ap: 0.9453
INFO:root:Epoch: 0190 lr: 0.01 train_loss: 0.4024 train_roc: 0.9863 train_ap: 0.9835 time: 0.8387s
INFO:root:Epoch: 0190 val_loss: 0.7623 val_roc: 0.9482 val_ap: 0.9460
INFO:root:Epoch: 0195 lr: 0.01 train_loss: 0.3948 train_roc: 0.9870 train_ap: 0.9846 time: 0.8453s
INFO:root:Epoch: 0195 val_loss: 0.8467 val_roc: 0.9492 val_ap: 0.9464
INFO:root:Epoch: 0200 lr: 0.01 train_loss: 0.3890 train_roc: 0.9882 train_ap: 0.9857 time: 0.8348s
INFO:root:Epoch: 0200 val_loss: 0.8404 val_roc: 0.9479 val_ap: 0.9454
INFO:root:Epoch: 0205 lr: 0.01 train_loss: 0.3824 train_roc: 0.9876 train_ap: 0.9842 time: 0.8572s
INFO:root:Epoch: 0205 val_loss: 0.7539 val_roc: 0.9474 val_ap: 0.9456
INFO:root:Epoch: 0210 lr: 0.01 train_loss: 0.4000 train_roc: 0.9866 train_ap: 0.9844 time: 0.8539s
INFO:root:Epoch: 0210 val_loss: 0.7471 val_roc: 0.9478 val_ap: 0.9461
INFO:root:Epoch: 0215 lr: 0.01 train_loss: 0.3855 train_roc: 0.9877 train_ap: 0.9848 time: 0.8599s
INFO:root:Epoch: 0215 val_loss: 0.7112 val_roc: 0.9483 val_ap: 0.9466
INFO:root:Epoch: 0220 lr: 0.01 train_loss: 0.4139 train_roc: 0.9865 train_ap: 0.9839 time: 0.8422s
INFO:root:Epoch: 0220 val_loss: 0.8184 val_roc: 0.9487 val_ap: 0.9468
INFO:root:Epoch: 0225 lr: 0.01 train_loss: 0.3980 train_roc: 0.9872 train_ap: 0.9849 time: 0.8990s
INFO:root:Epoch: 0225 val_loss: 0.8918 val_roc: 0.9490 val_ap: 0.9470
INFO:root:Epoch: 0230 lr: 0.01 train_loss: 0.3767 train_roc: 0.9887 train_ap: 0.9860 time: 0.8623s
INFO:root:Epoch: 0230 val_loss: 0.7489 val_roc: 0.9486 val_ap: 0.9467
INFO:root:Epoch: 0235 lr: 0.01 train_loss: 0.3999 train_roc: 0.9884 train_ap: 0.9863 time: 0.8318s
INFO:root:Epoch: 0235 val_loss: 0.7217 val_roc: 0.9488 val_ap: 0.9469
INFO:root:Epoch: 0240 lr: 0.01 train_loss: 0.3744 train_roc: 0.9886 train_ap: 0.9861 time: 0.8384s
INFO:root:Epoch: 0240 val_loss: 0.8311 val_roc: 0.9496 val_ap: 0.9475
INFO:root:Epoch: 0245 lr: 0.01 train_loss: 0.4135 train_roc: 0.9853 train_ap: 0.9814 time: 0.8323s
INFO:root:Epoch: 0245 val_loss: 0.8096 val_roc: 0.9497 val_ap: 0.9477
INFO:root:Epoch: 0250 lr: 0.01 train_loss: 0.4112 train_roc: 0.9854 train_ap: 0.9832 time: 0.8594s
INFO:root:Epoch: 0250 val_loss: 0.7097 val_roc: 0.9489 val_ap: 0.9474
INFO:root:Epoch: 0255 lr: 0.01 train_loss: 0.3769 train_roc: 0.9901 train_ap: 0.9883 time: 0.8354s
INFO:root:Epoch: 0255 val_loss: 0.7912 val_roc: 0.9494 val_ap: 0.9478
INFO:root:Epoch: 0260 lr: 0.01 train_loss: 0.4046 train_roc: 0.9883 train_ap: 0.9860 time: 0.8840s
INFO:root:Epoch: 0260 val_loss: 0.8318 val_roc: 0.9488 val_ap: 0.9474
INFO:root:Epoch: 0265 lr: 0.01 train_loss: 0.3945 train_roc: 0.9877 train_ap: 0.9860 time: 0.8620s
INFO:root:Epoch: 0265 val_loss: 0.7543 val_roc: 0.9483 val_ap: 0.9470
INFO:root:Epoch: 0270 lr: 0.01 train_loss: 0.4026 train_roc: 0.9851 train_ap: 0.9823 time: 0.8390s
INFO:root:Epoch: 0270 val_loss: 0.7197 val_roc: 0.9487 val_ap: 0.9475
INFO:root:Epoch: 0275 lr: 0.01 train_loss: 0.3834 train_roc: 0.9894 train_ap: 0.9869 time: 0.8453s
INFO:root:Epoch: 0275 val_loss: 0.7376 val_roc: 0.9492 val_ap: 0.9478
INFO:root:Epoch: 0280 lr: 0.01 train_loss: 0.3972 train_roc: 0.9866 train_ap: 0.9847 time: 0.8420s
INFO:root:Epoch: 0280 val_loss: 0.8716 val_roc: 0.9487 val_ap: 0.9471
INFO:root:Epoch: 0285 lr: 0.01 train_loss: 0.4516 train_roc: 0.9893 train_ap: 0.9873 time: 0.8527s
INFO:root:Epoch: 0285 val_loss: 0.9243 val_roc: 0.9492 val_ap: 0.9475
INFO:root:Epoch: 0290 lr: 0.01 train_loss: 0.3831 train_roc: 0.9878 train_ap: 0.9851 time: 0.8640s
INFO:root:Epoch: 0290 val_loss: 0.7083 val_roc: 0.9497 val_ap: 0.9483
INFO:root:Epoch: 0295 lr: 0.01 train_loss: 0.3875 train_roc: 0.9877 train_ap: 0.9860 time: 0.9140s
INFO:root:Epoch: 0295 val_loss: 0.6844 val_roc: 0.9496 val_ap: 0.9485
INFO:root:Epoch: 0300 lr: 0.01 train_loss: 0.3866 train_roc: 0.9879 train_ap: 0.9853 time: 0.8261s
INFO:root:Epoch: 0300 val_loss: 0.8669 val_roc: 0.9503 val_ap: 0.9491
INFO:root:Epoch: 0305 lr: 0.01 train_loss: 0.4094 train_roc: 0.9859 train_ap: 0.9826 time: 0.8677s
INFO:root:Epoch: 0305 val_loss: 0.8648 val_roc: 0.9504 val_ap: 0.9492
INFO:root:Epoch: 0310 lr: 0.01 train_loss: 0.3688 train_roc: 0.9900 train_ap: 0.9873 time: 0.8505s
INFO:root:Epoch: 0310 val_loss: 0.7103 val_roc: 0.9501 val_ap: 0.9493
INFO:root:Epoch: 0315 lr: 0.01 train_loss: 0.4234 train_roc: 0.9879 train_ap: 0.9859 time: 0.8428s
INFO:root:Epoch: 0315 val_loss: 0.6813 val_roc: 0.9500 val_ap: 0.9495
INFO:root:Epoch: 0320 lr: 0.01 train_loss: 0.4128 train_roc: 0.9860 train_ap: 0.9827 time: 0.8609s
INFO:root:Epoch: 0320 val_loss: 0.8608 val_roc: 0.9506 val_ap: 0.9497
INFO:root:Epoch: 0325 lr: 0.01 train_loss: 0.3997 train_roc: 0.9883 train_ap: 0.9865 time: 0.8336s
INFO:root:Epoch: 0325 val_loss: 0.8452 val_roc: 0.9501 val_ap: 0.9495
INFO:root:Epoch: 0330 lr: 0.01 train_loss: 0.3725 train_roc: 0.9890 train_ap: 0.9868 time: 0.8859s
INFO:root:Epoch: 0330 val_loss: 0.7271 val_roc: 0.9496 val_ap: 0.9492
INFO:root:Epoch: 0335 lr: 0.01 train_loss: 0.3838 train_roc: 0.9890 train_ap: 0.9869 time: 0.8324s
INFO:root:Epoch: 0335 val_loss: 0.7795 val_roc: 0.9501 val_ap: 0.9495
INFO:root:Epoch: 0340 lr: 0.01 train_loss: 0.4077 train_roc: 0.9879 train_ap: 0.9857 time: 0.8342s
INFO:root:Epoch: 0340 val_loss: 0.7657 val_roc: 0.9499 val_ap: 0.9494
INFO:root:Epoch: 0345 lr: 0.01 train_loss: 0.3798 train_roc: 0.9892 train_ap: 0.9868 time: 0.8705s
INFO:root:Epoch: 0345 val_loss: 0.7033 val_roc: 0.9492 val_ap: 0.9488
INFO:root:Epoch: 0350 lr: 0.01 train_loss: 0.3873 train_roc: 0.9870 train_ap: 0.9837 time: 0.8576s
INFO:root:Epoch: 0350 val_loss: 0.7419 val_roc: 0.9496 val_ap: 0.9491
INFO:root:Epoch: 0355 lr: 0.01 train_loss: 0.3741 train_roc: 0.9894 train_ap: 0.9867 time: 0.8603s
INFO:root:Epoch: 0355 val_loss: 0.8408 val_roc: 0.9505 val_ap: 0.9494
INFO:root:Epoch: 0360 lr: 0.01 train_loss: 0.3984 train_roc: 0.9881 train_ap: 0.9852 time: 2.7300s
INFO:root:Epoch: 0360 val_loss: 0.8075 val_roc: 0.9510 val_ap: 0.9498
INFO:root:Epoch: 0365 lr: 0.01 train_loss: 0.3795 train_roc: 0.9894 train_ap: 0.9866 time: 2.6882s
INFO:root:Epoch: 0365 val_loss: 0.7636 val_roc: 0.9522 val_ap: 0.9509
INFO:root:Epoch: 0370 lr: 0.01 train_loss: 0.3889 train_roc: 0.9874 train_ap: 0.9851 time: 2.6987s
INFO:root:Epoch: 0370 val_loss: 0.7135 val_roc: 0.9522 val_ap: 0.9511
INFO:root:Epoch: 0375 lr: 0.01 train_loss: 0.3889 train_roc: 0.9888 train_ap: 0.9878 time: 2.6422s
INFO:root:Epoch: 0375 val_loss: 0.7529 val_roc: 0.9519 val_ap: 0.9510
INFO:root:Epoch: 0380 lr: 0.01 train_loss: 0.3881 train_roc: 0.9890 train_ap: 0.9869 time: 2.7372s
INFO:root:Epoch: 0380 val_loss: 0.7480 val_roc: 0.9518 val_ap: 0.9509
INFO:root:Epoch: 0385 lr: 0.01 train_loss: 0.3754 train_roc: 0.9884 train_ap: 0.9861 time: 2.7498s
INFO:root:Epoch: 0385 val_loss: 0.7658 val_roc: 0.9523 val_ap: 0.9513
INFO:root:Epoch: 0390 lr: 0.01 train_loss: 0.3810 train_roc: 0.9900 train_ap: 0.9881 time: 2.7097s
INFO:root:Epoch: 0390 val_loss: 0.7111 val_roc: 0.9520 val_ap: 0.9510
INFO:root:Epoch: 0395 lr: 0.01 train_loss: 0.3932 train_roc: 0.9891 train_ap: 0.9862 time: 2.7171s
INFO:root:Epoch: 0395 val_loss: 0.7461 val_roc: 0.9522 val_ap: 0.9509
INFO:root:Epoch: 0400 lr: 0.01 train_loss: 0.3905 train_roc: 0.9884 train_ap: 0.9856 time: 2.7114s
INFO:root:Epoch: 0400 val_loss: 0.7618 val_roc: 0.9524 val_ap: 0.9510
INFO:root:Epoch: 0405 lr: 0.01 train_loss: 0.3806 train_roc: 0.9884 train_ap: 0.9854 time: 2.6627s
INFO:root:Epoch: 0405 val_loss: 0.7475 val_roc: 0.9526 val_ap: 0.9513
INFO:root:Epoch: 0410 lr: 0.01 train_loss: 0.4031 train_roc: 0.9858 train_ap: 0.9828 time: 2.7497s
INFO:root:Epoch: 0410 val_loss: 0.7806 val_roc: 0.9529 val_ap: 0.9519
INFO:root:Epoch: 0415 lr: 0.01 train_loss: 0.3938 train_roc: 0.9875 train_ap: 0.9849 time: 2.7070s
INFO:root:Epoch: 0415 val_loss: 0.7686 val_roc: 0.9527 val_ap: 0.9521
INFO:root:Epoch: 0420 lr: 0.01 train_loss: 0.3724 train_roc: 0.9892 train_ap: 0.9865 time: 2.7920s
INFO:root:Epoch: 0420 val_loss: 0.7073 val_roc: 0.9531 val_ap: 0.9523
INFO:root:Epoch: 0425 lr: 0.01 train_loss: 0.3930 train_roc: 0.9900 train_ap: 0.9883 time: 2.7826s
INFO:root:Epoch: 0425 val_loss: 0.7489 val_roc: 0.9534 val_ap: 0.9524
INFO:root:Epoch: 0430 lr: 0.01 train_loss: 0.3760 train_roc: 0.9891 train_ap: 0.9868 time: 2.7635s
INFO:root:Epoch: 0430 val_loss: 0.8390 val_roc: 0.9534 val_ap: 0.9522
INFO:root:Epoch: 0435 lr: 0.01 train_loss: 0.3759 train_roc: 0.9903 train_ap: 0.9883 time: 0.8289s
INFO:root:Epoch: 0435 val_loss: 0.8027 val_roc: 0.9529 val_ap: 0.9519
INFO:root:Epoch: 0440 lr: 0.01 train_loss: 0.3942 train_roc: 0.9873 train_ap: 0.9850 time: 0.8527s
INFO:root:Epoch: 0440 val_loss: 0.6796 val_roc: 0.9522 val_ap: 0.9517
INFO:root:Epoch: 0445 lr: 0.01 train_loss: 0.4039 train_roc: 0.9859 train_ap: 0.9827 time: 0.8621s
INFO:root:Epoch: 0445 val_loss: 0.7678 val_roc: 0.9531 val_ap: 0.9525
INFO:root:Epoch: 0450 lr: 0.01 train_loss: 0.3747 train_roc: 0.9900 train_ap: 0.9882 time: 0.8298s
INFO:root:Epoch: 0450 val_loss: 0.8464 val_roc: 0.9536 val_ap: 0.9531
INFO:root:Epoch: 0455 lr: 0.01 train_loss: 0.3805 train_roc: 0.9889 train_ap: 0.9874 time: 0.8549s
INFO:root:Epoch: 0455 val_loss: 0.7261 val_roc: 0.9533 val_ap: 0.9528
INFO:root:Epoch: 0460 lr: 0.01 train_loss: 0.3748 train_roc: 0.9891 train_ap: 0.9872 time: 0.8608s
INFO:root:Epoch: 0460 val_loss: 0.7754 val_roc: 0.9534 val_ap: 0.9524
INFO:root:Epoch: 0465 lr: 0.01 train_loss: 0.3817 train_roc: 0.9890 train_ap: 0.9861 time: 0.8464s
INFO:root:Epoch: 0465 val_loss: 0.7738 val_roc: 0.9528 val_ap: 0.9516
INFO:root:Epoch: 0470 lr: 0.01 train_loss: 0.3823 train_roc: 0.9889 train_ap: 0.9868 time: 0.8596s
INFO:root:Epoch: 0470 val_loss: 0.7782 val_roc: 0.9521 val_ap: 0.9507
INFO:root:Epoch: 0475 lr: 0.01 train_loss: 0.3690 train_roc: 0.9912 train_ap: 0.9893 time: 0.8443s
INFO:root:Epoch: 0475 val_loss: 0.7879 val_roc: 0.9524 val_ap: 0.9511
INFO:root:Epoch: 0480 lr: 0.01 train_loss: 0.4219 train_roc: 0.9898 train_ap: 0.9871 time: 0.8496s
INFO:root:Epoch: 0480 val_loss: 0.7169 val_roc: 0.9528 val_ap: 0.9517
INFO:root:Epoch: 0485 lr: 0.01 train_loss: 0.3671 train_roc: 0.9915 train_ap: 0.9900 time: 0.8333s
INFO:root:Epoch: 0485 val_loss: 0.6379 val_roc: 0.9527 val_ap: 0.9520
INFO:root:Epoch: 0490 lr: 0.01 train_loss: 0.3791 train_roc: 0.9889 train_ap: 0.9866 time: 0.8556s
INFO:root:Epoch: 0490 val_loss: 0.7398 val_roc: 0.9533 val_ap: 0.9524
INFO:root:Epoch: 0495 lr: 0.01 train_loss: 0.3809 train_roc: 0.9899 train_ap: 0.9877 time: 0.8470s
INFO:root:Epoch: 0495 val_loss: 0.9963 val_roc: 0.9537 val_ap: 0.9527
INFO:root:Epoch: 0500 lr: 0.01 train_loss: 0.3805 train_roc: 0.9888 train_ap: 0.9861 time: 0.8602s
INFO:root:Epoch: 0500 val_loss: 0.7578 val_roc: 0.9523 val_ap: 0.9519
INFO:root:Epoch: 0505 lr: 0.01 train_loss: 0.4532 train_roc: 0.9902 train_ap: 0.9884 time: 0.8535s
INFO:root:Epoch: 0505 val_loss: 0.6591 val_roc: 0.9518 val_ap: 0.9515
INFO:root:Epoch: 0510 lr: 0.01 train_loss: 0.3680 train_roc: 0.9905 train_ap: 0.9892 time: 0.8463s
INFO:root:Epoch: 0510 val_loss: 0.7977 val_roc: 0.9533 val_ap: 0.9528
INFO:root:Epoch: 0515 lr: 0.01 train_loss: 0.3694 train_roc: 0.9895 train_ap: 0.9868 time: 0.8642s
INFO:root:Epoch: 0515 val_loss: 0.8943 val_roc: 0.9535 val_ap: 0.9529
INFO:root:Epoch: 0520 lr: 0.01 train_loss: 0.3846 train_roc: 0.9898 train_ap: 0.9878 time: 0.8614s
INFO:root:Epoch: 0520 val_loss: 0.7041 val_roc: 0.9529 val_ap: 0.9528
INFO:root:Epoch: 0525 lr: 0.01 train_loss: 0.4388 train_roc: 0.9903 train_ap: 0.9891 time: 0.8758s
INFO:root:Epoch: 0525 val_loss: 0.6594 val_roc: 0.9511 val_ap: 0.9513
INFO:root:Epoch: 0530 lr: 0.01 train_loss: 0.3896 train_roc: 0.9899 train_ap: 0.9889 time: 0.8474s
INFO:root:Epoch: 0530 val_loss: 0.8165 val_roc: 0.9503 val_ap: 0.9506
INFO:root:Epoch: 0535 lr: 0.01 train_loss: 0.3881 train_roc: 0.9892 train_ap: 0.9879 time: 2.6076s
INFO:root:Epoch: 0535 val_loss: 0.8925 val_roc: 0.9498 val_ap: 0.9501
INFO:root:Epoch: 0540 lr: 0.01 train_loss: 0.4046 train_roc: 0.9876 train_ap: 0.9859 time: 2.6642s
INFO:root:Epoch: 0540 val_loss: 0.7998 val_roc: 0.9498 val_ap: 0.9501
INFO:root:Epoch: 0545 lr: 0.01 train_loss: 0.4173 train_roc: 0.9880 train_ap: 0.9868 time: 2.5326s
INFO:root:Epoch: 0545 val_loss: 0.7345 val_roc: 0.9508 val_ap: 0.9509
INFO:root:Epoch: 0550 lr: 0.01 train_loss: 0.4193 train_roc: 0.9845 train_ap: 0.9813 time: 2.5820s
INFO:root:Epoch: 0550 val_loss: 0.8049 val_roc: 0.9524 val_ap: 0.9521
INFO:root:Early stopping
INFO:root:Optimization Finished!
INFO:root:Total time elapsed: 1016.7098s
INFO:root:Val set results: val_loss: 0.8374 val_roc: 0.9536 val_ap: 0.9531
INFO:root:Test set results: test_loss: 0.8341 test_roc: 0.9535 test_ap: 0.9509
INFO:root:Saved model in /workspace/xiongbo/hgcn/logs/lp/2021_5_7/9
