INFO:root:Using: cuda:0
INFO:root:Using seed 1234.
INFO:root:LPModel(
  (encoder): HGCN(
    (layers): Sequential(
      (0): HyperbolicGraphConvolution(
        (linear): HypLinear(
          in_features=501, out_features=16, c=Parameter containing:
          tensor([-1.], requires_grad=True)
        )
        (agg): HypAgg(
          c=Parameter containing:
          tensor([-1.], requires_grad=True)
        )
        (hyp_act): HypAct(
          c_in=Parameter containing:
          tensor([-1.], requires_grad=True), c_out=Parameter containing:
          tensor([-1.], requires_grad=True)
        )
      )
      (1): HyperbolicGraphConvolution(
        (linear): HypLinear(
          in_features=16, out_features=16, c=Parameter containing:
          tensor([-1.], requires_grad=True)
        )
        (agg): HypAgg(
          c=Parameter containing:
          tensor([-1.], requires_grad=True)
        )
        (hyp_act): HypAct(
          c_in=Parameter containing:
          tensor([-1.], requires_grad=True), c_out=Parameter containing:
          tensor([-1.], requires_grad=True)
        )
      )
    )
  )
  (dc): FermiDiracDecoder()
)
INFO:root:Total number of parameters: 8307
/workspace/anaconda3/envs/geo/lib/python3.7/site-packages/torch/optim/lr_scheduler.py:370: UserWarning: To get the last learning rate computed by the scheduler, please use `get_last_lr()`.
  "please use `get_last_lr()`.", UserWarning)
INFO:root:Epoch: 0005 lr: 0.01 train_loss: 2.0645 train_roc: 0.8873 train_ap: 0.8540 time: 0.8802s
INFO:root:Epoch: 0005 val_loss: 2.0288 val_roc: 0.7753 val_ap: 0.7671
INFO:root:Epoch: 0010 lr: 0.01 train_loss: 2.0478 train_roc: 0.9014 train_ap: 0.8679 time: 0.9071s
INFO:root:Epoch: 0010 val_loss: 1.7629 val_roc: 0.8301 val_ap: 0.8131
INFO:root:Epoch: 0015 lr: 0.01 train_loss: 1.7364 train_roc: 0.9368 train_ap: 0.9174 time: 0.8968s
INFO:root:Epoch: 0015 val_loss: 1.5348 val_roc: 0.8475 val_ap: 0.8391
INFO:root:Epoch: 0020 lr: 0.01 train_loss: 1.3317 train_roc: 0.9521 train_ap: 0.9331 time: 0.8855s
INFO:root:Epoch: 0020 val_loss: 1.1889 val_roc: 0.8536 val_ap: 0.8254
INFO:root:Epoch: 0025 lr: 0.01 train_loss: 0.9994 train_roc: 0.9489 train_ap: 0.9341 time: 0.8970s
INFO:root:Epoch: 0025 val_loss: 0.9750 val_roc: 0.8650 val_ap: 0.8420
INFO:root:Epoch: 0030 lr: 0.01 train_loss: 0.8207 train_roc: 0.9465 train_ap: 0.9300 time: 0.8773s
INFO:root:Epoch: 0030 val_loss: 0.8768 val_roc: 0.8898 val_ap: 0.8718
INFO:root:Epoch: 0035 lr: 0.01 train_loss: 0.5862 train_roc: 0.9476 train_ap: 0.9281 time: 0.8829s
INFO:root:Epoch: 0035 val_loss: 1.0841 val_roc: 0.9003 val_ap: 0.8842
INFO:root:Epoch: 0040 lr: 0.01 train_loss: 0.5290 train_roc: 0.9682 train_ap: 0.9603 time: 0.8957s
INFO:root:Epoch: 0040 val_loss: 1.3590 val_roc: 0.9047 val_ap: 0.8919
INFO:root:Epoch: 0045 lr: 0.01 train_loss: 0.5130 train_roc: 0.9700 train_ap: 0.9641 time: 0.8751s
INFO:root:Epoch: 0045 val_loss: 1.1453 val_roc: 0.9070 val_ap: 0.9024
INFO:root:Epoch: 0050 lr: 0.01 train_loss: 0.5598 train_roc: 0.9663 train_ap: 0.9603 time: 0.8446s
INFO:root:Epoch: 0050 val_loss: 0.9352 val_roc: 0.9114 val_ap: 0.9071
INFO:root:Epoch: 0055 lr: 0.01 train_loss: 0.4755 train_roc: 0.9749 train_ap: 0.9712 time: 0.8300s
INFO:root:Epoch: 0055 val_loss: 1.0190 val_roc: 0.9202 val_ap: 0.9142
INFO:root:Epoch: 0060 lr: 0.01 train_loss: 0.4795 train_roc: 0.9763 train_ap: 0.9719 time: 0.8707s
INFO:root:Epoch: 0060 val_loss: 1.0276 val_roc: 0.9242 val_ap: 0.9175
INFO:root:Epoch: 0065 lr: 0.01 train_loss: 0.4896 train_roc: 0.9702 train_ap: 0.9647 time: 0.8658s
INFO:root:Epoch: 0065 val_loss: 0.9418 val_roc: 0.9284 val_ap: 0.9222
INFO:root:Epoch: 0070 lr: 0.01 train_loss: 0.5113 train_roc: 0.9678 train_ap: 0.9581 time: 0.8734s
INFO:root:Epoch: 0070 val_loss: 0.8580 val_roc: 0.9315 val_ap: 0.9262
INFO:root:Epoch: 0075 lr: 0.01 train_loss: 0.4597 train_roc: 0.9771 train_ap: 0.9730 time: 0.8532s
INFO:root:Epoch: 0075 val_loss: 0.8592 val_roc: 0.9330 val_ap: 0.9274
INFO:root:Epoch: 0080 lr: 0.01 train_loss: 0.4754 train_roc: 0.9738 train_ap: 0.9695 time: 0.8532s
INFO:root:Epoch: 0080 val_loss: 0.8738 val_roc: 0.9339 val_ap: 0.9285
INFO:root:Epoch: 0085 lr: 0.01 train_loss: 0.4374 train_roc: 0.9810 train_ap: 0.9772 time: 0.8459s
INFO:root:Epoch: 0085 val_loss: 0.8423 val_roc: 0.9349 val_ap: 0.9299
INFO:root:Epoch: 0090 lr: 0.01 train_loss: 0.4763 train_roc: 0.9764 train_ap: 0.9709 time: 0.8421s
INFO:root:Epoch: 0090 val_loss: 0.8664 val_roc: 0.9358 val_ap: 0.9316
INFO:root:Epoch: 0095 lr: 0.01 train_loss: 0.4511 train_roc: 0.9809 train_ap: 0.9771 time: 0.8751s
INFO:root:Epoch: 0095 val_loss: 1.0053 val_roc: 0.9356 val_ap: 0.9317
INFO:root:Epoch: 0100 lr: 0.01 train_loss: 0.4425 train_roc: 0.9787 train_ap: 0.9752 time: 0.8549s
INFO:root:Epoch: 0100 val_loss: 0.8639 val_roc: 0.9346 val_ap: 0.9318
INFO:root:Epoch: 0105 lr: 0.01 train_loss: 0.4783 train_roc: 0.9812 train_ap: 0.9788 time: 0.8563s
INFO:root:Epoch: 0105 val_loss: 0.8179 val_roc: 0.9349 val_ap: 0.9324
INFO:root:Epoch: 0110 lr: 0.01 train_loss: 0.4134 train_roc: 0.9836 train_ap: 0.9806 time: 0.8539s
INFO:root:Epoch: 0110 val_loss: 0.8688 val_roc: 0.9375 val_ap: 0.9345
INFO:root:Epoch: 0115 lr: 0.01 train_loss: 0.4328 train_roc: 0.9810 train_ap: 0.9775 time: 0.8601s
INFO:root:Epoch: 0115 val_loss: 0.8637 val_roc: 0.9408 val_ap: 0.9376
INFO:root:Epoch: 0120 lr: 0.01 train_loss: 0.4237 train_roc: 0.9828 train_ap: 0.9791 time: 0.8777s
INFO:root:Epoch: 0120 val_loss: 0.8257 val_roc: 0.9428 val_ap: 0.9392
INFO:root:Epoch: 0125 lr: 0.01 train_loss: 0.4167 train_roc: 0.9844 train_ap: 0.9822 time: 0.8353s
INFO:root:Epoch: 0125 val_loss: 0.8738 val_roc: 0.9432 val_ap: 0.9395
INFO:root:Epoch: 0130 lr: 0.01 train_loss: 0.4191 train_roc: 0.9824 train_ap: 0.9793 time: 0.8539s
INFO:root:Epoch: 0130 val_loss: 0.8421 val_roc: 0.9431 val_ap: 0.9397
INFO:root:Epoch: 0135 lr: 0.01 train_loss: 0.4427 train_roc: 0.9834 train_ap: 0.9800 time: 0.8832s
INFO:root:Epoch: 0135 val_loss: 0.7978 val_roc: 0.9432 val_ap: 0.9401
INFO:root:Epoch: 0140 lr: 0.01 train_loss: 0.4382 train_roc: 0.9844 train_ap: 0.9819 time: 0.8514s
INFO:root:Epoch: 0140 val_loss: 0.8442 val_roc: 0.9434 val_ap: 0.9404
INFO:root:Epoch: 0145 lr: 0.01 train_loss: 0.3894 train_roc: 0.9857 train_ap: 0.9823 time: 0.8412s
INFO:root:Epoch: 0145 val_loss: 0.8630 val_roc: 0.9430 val_ap: 0.9403
INFO:root:Epoch: 0150 lr: 0.01 train_loss: 0.3877 train_roc: 0.9870 train_ap: 0.9836 time: 0.8350s
INFO:root:Epoch: 0150 val_loss: 0.8189 val_roc: 0.9431 val_ap: 0.9405
INFO:root:Epoch: 0155 lr: 0.01 train_loss: 0.4337 train_roc: 0.9835 train_ap: 0.9811 time: 0.8644s
INFO:root:Epoch: 0155 val_loss: 0.8400 val_roc: 0.9442 val_ap: 0.9417
INFO:root:Epoch: 0160 lr: 0.01 train_loss: 0.4266 train_roc: 0.9839 train_ap: 0.9813 time: 0.8599s
INFO:root:Epoch: 0160 val_loss: 0.8788 val_roc: 0.9451 val_ap: 0.9428
INFO:root:Epoch: 0165 lr: 0.01 train_loss: 0.4242 train_roc: 0.9802 train_ap: 0.9750 time: 0.8532s
INFO:root:Epoch: 0165 val_loss: 0.8419 val_roc: 0.9445 val_ap: 0.9426
INFO:root:Epoch: 0170 lr: 0.01 train_loss: 0.3964 train_roc: 0.9860 train_ap: 0.9829 time: 0.8357s
INFO:root:Epoch: 0170 val_loss: 0.7611 val_roc: 0.9439 val_ap: 0.9425
INFO:root:Epoch: 0175 lr: 0.01 train_loss: 0.4335 train_roc: 0.9867 train_ap: 0.9837 time: 0.8799s
INFO:root:Epoch: 0175 val_loss: 0.7393 val_roc: 0.9451 val_ap: 0.9440
INFO:root:Epoch: 0180 lr: 0.01 train_loss: 0.4011 train_roc: 0.9872 train_ap: 0.9846 time: 0.8476s
INFO:root:Epoch: 0180 val_loss: 1.0275 val_roc: 0.9468 val_ap: 0.9450
INFO:root:Epoch: 0185 lr: 0.01 train_loss: 0.4317 train_roc: 0.9813 train_ap: 0.9778 time: 0.8487s
INFO:root:Epoch: 0185 val_loss: 0.9461 val_roc: 0.9471 val_ap: 0.9454
INFO:root:Epoch: 0190 lr: 0.01 train_loss: 0.4093 train_roc: 0.9864 train_ap: 0.9835 time: 0.8341s
INFO:root:Epoch: 0190 val_loss: 0.8009 val_roc: 0.9469 val_ap: 0.9453
INFO:root:Epoch: 0195 lr: 0.01 train_loss: 0.3920 train_roc: 0.9866 train_ap: 0.9839 time: 0.8240s
INFO:root:Epoch: 0195 val_loss: 0.8894 val_roc: 0.9467 val_ap: 0.9452
INFO:root:Epoch: 0200 lr: 0.01 train_loss: 0.3959 train_roc: 0.9864 train_ap: 0.9828 time: 0.8569s
INFO:root:Epoch: 0200 val_loss: 0.9108 val_roc: 0.9455 val_ap: 0.9442
INFO:root:Epoch: 0205 lr: 0.01 train_loss: 0.3925 train_roc: 0.9854 train_ap: 0.9815 time: 0.8572s
INFO:root:Epoch: 0205 val_loss: 0.8673 val_roc: 0.9456 val_ap: 0.9444
INFO:root:Epoch: 0210 lr: 0.01 train_loss: 0.4117 train_roc: 0.9853 train_ap: 0.9826 time: 0.8612s
INFO:root:Epoch: 0210 val_loss: 0.9279 val_roc: 0.9468 val_ap: 0.9455
INFO:root:Epoch: 0215 lr: 0.01 train_loss: 0.4181 train_roc: 0.9851 train_ap: 0.9823 time: 0.8648s
INFO:root:Epoch: 0215 val_loss: 0.7800 val_roc: 0.9473 val_ap: 0.9463
INFO:root:Epoch: 0220 lr: 0.01 train_loss: 0.4018 train_roc: 0.9869 train_ap: 0.9847 time: 0.8335s
INFO:root:Epoch: 0220 val_loss: 0.8034 val_roc: 0.9474 val_ap: 0.9465
INFO:root:Epoch: 0225 lr: 0.01 train_loss: 0.4345 train_roc: 0.9860 train_ap: 0.9832 time: 0.8563s
INFO:root:Epoch: 0225 val_loss: 0.9122 val_roc: 0.9482 val_ap: 0.9471
INFO:root:Epoch: 0230 lr: 0.01 train_loss: 0.4291 train_roc: 0.9852 train_ap: 0.9829 time: 0.8611s
INFO:root:Epoch: 0230 val_loss: 0.8427 val_roc: 0.9488 val_ap: 0.9477
INFO:root:Epoch: 0235 lr: 0.01 train_loss: 0.3818 train_roc: 0.9877 train_ap: 0.9855 time: 0.8548s
INFO:root:Epoch: 0235 val_loss: 0.7726 val_roc: 0.9493 val_ap: 0.9481
INFO:root:Epoch: 0240 lr: 0.01 train_loss: 0.3831 train_roc: 0.9870 train_ap: 0.9843 time: 0.8258s
INFO:root:Epoch: 0240 val_loss: 0.8117 val_roc: 0.9499 val_ap: 0.9487
INFO:root:Epoch: 0245 lr: 0.01 train_loss: 0.4155 train_roc: 0.9841 train_ap: 0.9803 time: 0.8710s
INFO:root:Epoch: 0245 val_loss: 0.8236 val_roc: 0.9498 val_ap: 0.9487
INFO:root:Epoch: 0250 lr: 0.01 train_loss: 0.4132 train_roc: 0.9828 train_ap: 0.9800 time: 0.8561s
INFO:root:Epoch: 0250 val_loss: 0.7921 val_roc: 0.9495 val_ap: 0.9487
INFO:root:Epoch: 0255 lr: 0.01 train_loss: 0.3823 train_roc: 0.9896 train_ap: 0.9879 time: 0.8461s
INFO:root:Epoch: 0255 val_loss: 0.7961 val_roc: 0.9492 val_ap: 0.9486
INFO:root:Epoch: 0260 lr: 0.01 train_loss: 0.3799 train_roc: 0.9898 train_ap: 0.9882 time: 0.8529s
INFO:root:Epoch: 0260 val_loss: 0.7715 val_roc: 0.9493 val_ap: 0.9488
INFO:root:Epoch: 0265 lr: 0.01 train_loss: 0.4080 train_roc: 0.9838 train_ap: 0.9804 time: 0.8555s
INFO:root:Epoch: 0265 val_loss: 0.7565 val_roc: 0.9492 val_ap: 0.9488
INFO:root:Epoch: 0270 lr: 0.01 train_loss: 0.4074 train_roc: 0.9859 train_ap: 0.9835 time: 0.8382s
INFO:root:Epoch: 0270 val_loss: 0.8034 val_roc: 0.9494 val_ap: 0.9490
INFO:root:Epoch: 0275 lr: 0.01 train_loss: 0.3899 train_roc: 0.9887 train_ap: 0.9855 time: 0.8574s
INFO:root:Epoch: 0275 val_loss: 0.7542 val_roc: 0.9488 val_ap: 0.9485
INFO:root:Epoch: 0280 lr: 0.01 train_loss: 0.4064 train_roc: 0.9871 train_ap: 0.9857 time: 0.8291s
INFO:root:Epoch: 0280 val_loss: 0.8563 val_roc: 0.9493 val_ap: 0.9490
INFO:root:Epoch: 0285 lr: 0.01 train_loss: 0.4308 train_roc: 0.9889 train_ap: 0.9871 time: 0.8634s
INFO:root:Epoch: 0285 val_loss: 0.9328 val_roc: 0.9493 val_ap: 0.9491
INFO:root:Epoch: 0290 lr: 0.01 train_loss: 0.3872 train_roc: 0.9865 train_ap: 0.9830 time: 0.8509s
INFO:root:Epoch: 0290 val_loss: 0.7463 val_roc: 0.9482 val_ap: 0.9482
INFO:root:Epoch: 0295 lr: 0.01 train_loss: 0.3880 train_roc: 0.9878 train_ap: 0.9857 time: 0.8699s
INFO:root:Epoch: 0295 val_loss: 0.6836 val_roc: 0.9474 val_ap: 0.9475
INFO:root:Epoch: 0300 lr: 0.01 train_loss: 0.4114 train_roc: 0.9850 train_ap: 0.9827 time: 0.8506s
INFO:root:Epoch: 0300 val_loss: 0.9115 val_roc: 0.9488 val_ap: 0.9486
INFO:root:Epoch: 0305 lr: 0.01 train_loss: 0.4003 train_roc: 0.9859 train_ap: 0.9823 time: 0.8905s
INFO:root:Epoch: 0305 val_loss: 0.9566 val_roc: 0.9490 val_ap: 0.9489
INFO:root:Epoch: 0310 lr: 0.01 train_loss: 0.3971 train_roc: 0.9882 train_ap: 0.9853 time: 0.8597s
INFO:root:Epoch: 0310 val_loss: 0.7465 val_roc: 0.9481 val_ap: 0.9481
INFO:root:Epoch: 0315 lr: 0.01 train_loss: 0.4913 train_roc: 0.9885 train_ap: 0.9866 time: 0.8709s
INFO:root:Epoch: 0315 val_loss: 0.6576 val_roc: 0.9476 val_ap: 0.9477
INFO:root:Epoch: 0320 lr: 0.01 train_loss: 0.4167 train_roc: 0.9853 train_ap: 0.9819 time: 0.8559s
INFO:root:Epoch: 0320 val_loss: 0.8803 val_roc: 0.9500 val_ap: 0.9493
INFO:root:Epoch: 0325 lr: 0.01 train_loss: 0.4080 train_roc: 0.9895 train_ap: 0.9872 time: 0.8589s
INFO:root:Epoch: 0325 val_loss: 1.0218 val_roc: 0.9497 val_ap: 0.9486
INFO:root:Epoch: 0330 lr: 0.01 train_loss: 0.3931 train_roc: 0.9860 train_ap: 0.9833 time: 0.8619s
INFO:root:Epoch: 0330 val_loss: 0.7551 val_roc: 0.9488 val_ap: 0.9479
INFO:root:Epoch: 0335 lr: 0.01 train_loss: 0.3956 train_roc: 0.9874 train_ap: 0.9848 time: 0.9107s
INFO:root:Epoch: 0335 val_loss: 0.7455 val_roc: 0.9487 val_ap: 0.9478
INFO:root:Epoch: 0340 lr: 0.01 train_loss: 0.4389 train_roc: 0.9849 train_ap: 0.9832 time: 0.8696s
INFO:root:Epoch: 0340 val_loss: 0.7869 val_roc: 0.9484 val_ap: 0.9476
INFO:root:Epoch: 0345 lr: 0.01 train_loss: 0.3892 train_roc: 0.9862 train_ap: 0.9832 time: 0.8741s
INFO:root:Epoch: 0345 val_loss: 0.7713 val_roc: 0.9474 val_ap: 0.9468
INFO:root:Epoch: 0350 lr: 0.01 train_loss: 0.3850 train_roc: 0.9881 train_ap: 0.9855 time: 0.8630s
INFO:root:Epoch: 0350 val_loss: 0.7692 val_roc: 0.9470 val_ap: 0.9465
INFO:root:Epoch: 0355 lr: 0.01 train_loss: 0.3908 train_roc: 0.9869 train_ap: 0.9840 time: 0.8667s
INFO:root:Epoch: 0355 val_loss: 0.7399 val_roc: 0.9469 val_ap: 0.9465
INFO:root:Epoch: 0360 lr: 0.01 train_loss: 0.3877 train_roc: 0.9872 train_ap: 0.9842 time: 0.8346s
INFO:root:Epoch: 0360 val_loss: 0.7715 val_roc: 0.9476 val_ap: 0.9471
INFO:root:Epoch: 0365 lr: 0.01 train_loss: 0.3814 train_roc: 0.9898 train_ap: 0.9873 time: 0.8631s
INFO:root:Epoch: 0365 val_loss: 0.8473 val_roc: 0.9488 val_ap: 0.9480
INFO:root:Epoch: 0370 lr: 0.01 train_loss: 0.3907 train_roc: 0.9862 train_ap: 0.9836 time: 0.8336s
INFO:root:Epoch: 0370 val_loss: 0.7905 val_roc: 0.9491 val_ap: 0.9484
INFO:root:Epoch: 0375 lr: 0.01 train_loss: 0.3832 train_roc: 0.9887 train_ap: 0.9871 time: 0.8388s
INFO:root:Epoch: 0375 val_loss: 0.7656 val_roc: 0.9483 val_ap: 0.9477
INFO:root:Epoch: 0380 lr: 0.01 train_loss: 0.3911 train_roc: 0.9884 train_ap: 0.9864 time: 0.8521s
INFO:root:Epoch: 0380 val_loss: 0.8253 val_roc: 0.9487 val_ap: 0.9478
INFO:root:Epoch: 0385 lr: 0.01 train_loss: 0.3981 train_roc: 0.9863 train_ap: 0.9840 time: 0.8643s
INFO:root:Epoch: 0385 val_loss: 0.7940 val_roc: 0.9490 val_ap: 0.9481
INFO:root:Epoch: 0390 lr: 0.01 train_loss: 0.4483 train_roc: 0.9882 train_ap: 0.9859 time: 0.8738s
INFO:root:Epoch: 0390 val_loss: 0.6960 val_roc: 0.9490 val_ap: 0.9484
INFO:root:Epoch: 0395 lr: 0.01 train_loss: 0.3792 train_roc: 0.9895 train_ap: 0.9872 time: 0.8601s
INFO:root:Epoch: 0395 val_loss: 0.8177 val_roc: 0.9521 val_ap: 0.9511
INFO:root:Epoch: 0400 lr: 0.01 train_loss: 0.3861 train_roc: 0.9882 train_ap: 0.9850 time: 0.8754s
INFO:root:Epoch: 0400 val_loss: 0.8789 val_roc: 0.9528 val_ap: 0.9514
INFO:root:Epoch: 0405 lr: 0.01 train_loss: 0.3823 train_roc: 0.9878 train_ap: 0.9845 time: 0.9085s
INFO:root:Epoch: 0405 val_loss: 0.7692 val_roc: 0.9521 val_ap: 0.9509
INFO:root:Epoch: 0410 lr: 0.01 train_loss: 0.4149 train_roc: 0.9866 train_ap: 0.9838 time: 0.8758s
INFO:root:Epoch: 0410 val_loss: 0.7802 val_roc: 0.9516 val_ap: 0.9507
INFO:root:Epoch: 0415 lr: 0.01 train_loss: 0.3974 train_roc: 0.9878 train_ap: 0.9856 time: 0.8862s
INFO:root:Epoch: 0415 val_loss: 0.8212 val_roc: 0.9509 val_ap: 0.9503
INFO:root:Epoch: 0420 lr: 0.01 train_loss: 0.4277 train_roc: 0.9877 train_ap: 0.9853 time: 0.8773s
INFO:root:Epoch: 0420 val_loss: 0.9022 val_roc: 0.9512 val_ap: 0.9505
INFO:root:Epoch: 0425 lr: 0.01 train_loss: 0.3935 train_roc: 0.9870 train_ap: 0.9848 time: 0.8648s
INFO:root:Epoch: 0425 val_loss: 0.7787 val_roc: 0.9508 val_ap: 0.9504
INFO:root:Epoch: 0430 lr: 0.01 train_loss: 0.4918 train_roc: 0.9867 train_ap: 0.9849 time: 0.8758s
INFO:root:Epoch: 0430 val_loss: 0.7403 val_roc: 0.9514 val_ap: 0.9508
INFO:root:Epoch: 0435 lr: 0.01 train_loss: 0.3698 train_roc: 0.9908 train_ap: 0.9886 time: 0.8822s
INFO:root:Epoch: 0435 val_loss: 0.9231 val_roc: 0.9527 val_ap: 0.9519
INFO:root:Epoch: 0440 lr: 0.01 train_loss: 0.3947 train_roc: 0.9877 train_ap: 0.9859 time: 0.8551s
INFO:root:Epoch: 0440 val_loss: 0.7496 val_roc: 0.9523 val_ap: 0.9516
INFO:root:Epoch: 0445 lr: 0.01 train_loss: 0.4123 train_roc: 0.9884 train_ap: 0.9857 time: 0.8526s
INFO:root:Epoch: 0445 val_loss: 0.6945 val_roc: 0.9518 val_ap: 0.9510
INFO:root:Epoch: 0450 lr: 0.01 train_loss: 0.3812 train_roc: 0.9884 train_ap: 0.9863 time: 0.8707s
INFO:root:Epoch: 0450 val_loss: 0.8229 val_roc: 0.9515 val_ap: 0.9506
INFO:root:Epoch: 0455 lr: 0.01 train_loss: 0.3914 train_roc: 0.9875 train_ap: 0.9854 time: 0.8443s
INFO:root:Epoch: 0455 val_loss: 0.8923 val_roc: 0.9511 val_ap: 0.9502
INFO:root:Epoch: 0460 lr: 0.01 train_loss: 0.3644 train_roc: 0.9902 train_ap: 0.9880 time: 0.8583s
INFO:root:Epoch: 0460 val_loss: 0.8935 val_roc: 0.9512 val_ap: 0.9502
INFO:root:Epoch: 0465 lr: 0.01 train_loss: 0.3830 train_roc: 0.9879 train_ap: 0.9848 time: 0.8588s
INFO:root:Epoch: 0465 val_loss: 0.7895 val_roc: 0.9514 val_ap: 0.9505
INFO:root:Epoch: 0470 lr: 0.01 train_loss: 0.3948 train_roc: 0.9890 train_ap: 0.9867 time: 0.8682s
INFO:root:Epoch: 0470 val_loss: 0.7128 val_roc: 0.9515 val_ap: 0.9507
INFO:root:Epoch: 0475 lr: 0.01 train_loss: 0.3906 train_roc: 0.9889 train_ap: 0.9865 time: 0.8615s
INFO:root:Epoch: 0475 val_loss: 0.8471 val_roc: 0.9522 val_ap: 0.9512
INFO:root:Epoch: 0480 lr: 0.01 train_loss: 0.3802 train_roc: 0.9893 train_ap: 0.9862 time: 0.8594s
INFO:root:Epoch: 0480 val_loss: 0.8204 val_roc: 0.9523 val_ap: 0.9514
INFO:root:Epoch: 0485 lr: 0.01 train_loss: 0.3738 train_roc: 0.9903 train_ap: 0.9887 time: 0.8489s
INFO:root:Epoch: 0485 val_loss: 0.7007 val_roc: 0.9516 val_ap: 0.9509
INFO:root:Epoch: 0490 lr: 0.01 train_loss: 0.3767 train_roc: 0.9893 train_ap: 0.9874 time: 0.8663s
INFO:root:Epoch: 0490 val_loss: 0.7532 val_roc: 0.9519 val_ap: 0.9512
INFO:root:Epoch: 0495 lr: 0.01 train_loss: 0.3735 train_roc: 0.9887 train_ap: 0.9861 time: 0.8630s
INFO:root:Epoch: 0495 val_loss: 0.9247 val_roc: 0.9530 val_ap: 0.9522
INFO:root:Epoch: 0500 lr: 0.01 train_loss: 0.4181 train_roc: 0.9854 train_ap: 0.9832 time: 0.9163s
INFO:root:Epoch: 0500 val_loss: 0.9529 val_roc: 0.9533 val_ap: 0.9525
INFO:root:Epoch: 0505 lr: 0.01 train_loss: 0.3863 train_roc: 0.9886 train_ap: 0.9869 time: 0.8568s
INFO:root:Epoch: 0505 val_loss: 0.7892 val_roc: 0.9533 val_ap: 0.9526
INFO:root:Epoch: 0510 lr: 0.01 train_loss: 0.3956 train_roc: 0.9904 train_ap: 0.9890 time: 0.8627s
INFO:root:Epoch: 0510 val_loss: 0.7108 val_roc: 0.9537 val_ap: 0.9531
INFO:root:Epoch: 0515 lr: 0.01 train_loss: 0.3861 train_roc: 0.9897 train_ap: 0.9874 time: 0.8645s
INFO:root:Epoch: 0515 val_loss: 0.8567 val_roc: 0.9546 val_ap: 0.9539
INFO:root:Epoch: 0520 lr: 0.01 train_loss: 0.4074 train_roc: 0.9877 train_ap: 0.9851 time: 0.9037s
INFO:root:Epoch: 0520 val_loss: 0.8701 val_roc: 0.9541 val_ap: 0.9533
INFO:root:Epoch: 0525 lr: 0.01 train_loss: 0.3874 train_roc: 0.9897 train_ap: 0.9885 time: 0.8704s
INFO:root:Epoch: 0525 val_loss: 0.6983 val_roc: 0.9517 val_ap: 0.9510
INFO:root:Epoch: 0530 lr: 0.01 train_loss: 0.4049 train_roc: 0.9870 train_ap: 0.9857 time: 0.8538s
INFO:root:Epoch: 0530 val_loss: 0.7521 val_roc: 0.9514 val_ap: 0.9507
INFO:root:Epoch: 0535 lr: 0.01 train_loss: 0.3856 train_roc: 0.9896 train_ap: 0.9887 time: 0.8515s
INFO:root:Epoch: 0535 val_loss: 0.9062 val_roc: 0.9520 val_ap: 0.9512
INFO:root:Epoch: 0540 lr: 0.01 train_loss: 0.3852 train_roc: 0.9886 train_ap: 0.9872 time: 0.8688s
INFO:root:Epoch: 0540 val_loss: 0.8508 val_roc: 0.9509 val_ap: 0.9502
INFO:root:Epoch: 0545 lr: 0.01 train_loss: 0.3781 train_roc: 0.9893 train_ap: 0.9878 time: 0.8437s
INFO:root:Epoch: 0545 val_loss: 0.7356 val_roc: 0.9498 val_ap: 0.9491
INFO:root:Epoch: 0550 lr: 0.01 train_loss: 0.4001 train_roc: 0.9893 train_ap: 0.9872 time: 0.8694s
INFO:root:Epoch: 0550 val_loss: 0.7649 val_roc: 0.9512 val_ap: 0.9504
INFO:root:Epoch: 0555 lr: 0.01 train_loss: 0.3864 train_roc: 0.9880 train_ap: 0.9860 time: 0.8771s
INFO:root:Epoch: 0555 val_loss: 0.9187 val_roc: 0.9520 val_ap: 0.9512
INFO:root:Epoch: 0560 lr: 0.01 train_loss: 0.3974 train_roc: 0.9883 train_ap: 0.9870 time: 0.8433s
INFO:root:Epoch: 0560 val_loss: 0.8351 val_roc: 0.9515 val_ap: 0.9504
INFO:root:Epoch: 0565 lr: 0.01 train_loss: 0.3791 train_roc: 0.9890 train_ap: 0.9864 time: 0.8733s
INFO:root:Epoch: 0565 val_loss: 0.7554 val_roc: 0.9510 val_ap: 0.9499
INFO:root:Epoch: 0570 lr: 0.01 train_loss: 0.3922 train_roc: 0.9910 train_ap: 0.9892 time: 0.8504s
INFO:root:Epoch: 0570 val_loss: 0.8176 val_roc: 0.9526 val_ap: 0.9516
INFO:root:Epoch: 0575 lr: 0.01 train_loss: 0.3829 train_roc: 0.9903 train_ap: 0.9883 time: 0.8558s
INFO:root:Epoch: 0575 val_loss: 0.8579 val_roc: 0.9534 val_ap: 0.9524
INFO:root:Epoch: 0580 lr: 0.01 train_loss: 0.3775 train_roc: 0.9901 train_ap: 0.9873 time: 0.8672s
INFO:root:Epoch: 0580 val_loss: 0.8672 val_roc: 0.9539 val_ap: 0.9529
INFO:root:Epoch: 0585 lr: 0.01 train_loss: 0.3984 train_roc: 0.9868 train_ap: 0.9841 time: 0.8761s
INFO:root:Epoch: 0585 val_loss: 0.8021 val_roc: 0.9542 val_ap: 0.9532
INFO:root:Epoch: 0590 lr: 0.01 train_loss: 0.3690 train_roc: 0.9902 train_ap: 0.9880 time: 0.8562s
INFO:root:Epoch: 0590 val_loss: 0.7548 val_roc: 0.9527 val_ap: 0.9519
INFO:root:Epoch: 0595 lr: 0.01 train_loss: 0.4000 train_roc: 0.9867 train_ap: 0.9842 time: 0.8622s
INFO:root:Epoch: 0595 val_loss: 0.9440 val_roc: 0.9511 val_ap: 0.9503
INFO:root:Epoch: 0600 lr: 0.01 train_loss: 0.3980 train_roc: 0.9862 train_ap: 0.9833 time: 0.8747s
INFO:root:Epoch: 0600 val_loss: 0.9150 val_roc: 0.9499 val_ap: 0.9494
INFO:root:Epoch: 0605 lr: 0.01 train_loss: 0.3804 train_roc: 0.9882 train_ap: 0.9861 time: 0.8450s
INFO:root:Epoch: 0605 val_loss: 0.7638 val_roc: 0.9499 val_ap: 0.9494
INFO:root:Epoch: 0610 lr: 0.01 train_loss: 0.4195 train_roc: 0.9884 train_ap: 0.9867 time: 0.8935s
INFO:root:Epoch: 0610 val_loss: 0.8953 val_roc: 0.9504 val_ap: 0.9498
INFO:root:Epoch: 0615 lr: 0.01 train_loss: 0.3991 train_roc: 0.9872 train_ap: 0.9853 time: 0.8657s
INFO:root:Epoch: 0615 val_loss: 1.0680 val_roc: 0.9505 val_ap: 0.9497
INFO:root:Early stopping
INFO:root:Optimization Finished!
INFO:root:Total time elapsed: 809.4073s
INFO:root:Val set results: val_loss: 0.8941 val_roc: 0.9547 val_ap: 0.9539
INFO:root:Test set results: test_loss: 0.9002 test_roc: 0.9539 test_ap: 0.9524
INFO:root:Saved model in /workspace/xiongbo/hgcn/logs/lp/2021_5_7/11
