INFO:root:Using: cuda:0
INFO:root:Using seed 1234.
INFO:root:LPModel(
  (encoder): HGCN(
    (layers): Sequential(
      (0): HyperbolicGraphConvolution(
        (linear): HypLinear(
          in_features=501, out_features=16, c=Parameter containing:
          tensor([-1.], requires_grad=True)
        )
        (agg): HypAgg(
          c=Parameter containing:
          tensor([-1.], requires_grad=True)
        )
        (hyp_act): HypAct(
          c_in=Parameter containing:
          tensor([-1.], requires_grad=True), c_out=Parameter containing:
          tensor([-1.], requires_grad=True)
        )
      )
      (1): HyperbolicGraphConvolution(
        (linear): HypLinear(
          in_features=16, out_features=16, c=Parameter containing:
          tensor([-1.], requires_grad=True)
        )
        (agg): HypAgg(
          c=Parameter containing:
          tensor([-1.], requires_grad=True)
        )
        (hyp_act): HypAct(
          c_in=Parameter containing:
          tensor([-1.], requires_grad=True), c_out=Parameter containing:
          tensor([-1.], requires_grad=True)
        )
      )
    )
  )
  (dc): FermiDiracDecoder()
)
INFO:root:Total number of parameters: 8307
/workspace/anaconda3/envs/geo/lib/python3.7/site-packages/torch/optim/lr_scheduler.py:370: UserWarning: To get the last learning rate computed by the scheduler, please use `get_last_lr()`.
  "please use `get_last_lr()`.", UserWarning)
INFO:root:Epoch: 0005 lr: 0.01 train_loss: 2.1606 train_roc: 0.8282 train_ap: 0.7903 time: 0.8870s
INFO:root:Epoch: 0005 val_loss: 2.1570 val_roc: 0.7159 val_ap: 0.7101
INFO:root:Epoch: 0010 lr: 0.01 train_loss: 2.0893 train_roc: 0.8779 train_ap: 0.8451 time: 0.8931s
INFO:root:Epoch: 0010 val_loss: 1.8592 val_roc: 0.8207 val_ap: 0.8035
INFO:root:Epoch: 0015 lr: 0.01 train_loss: 1.8425 train_roc: 0.9243 train_ap: 0.9004 time: 0.8983s
INFO:root:Epoch: 0015 val_loss: 1.6925 val_roc: 0.8491 val_ap: 0.8503
INFO:root:Epoch: 0020 lr: 0.01 train_loss: 1.5800 train_roc: 0.9442 train_ap: 0.9303 time: 0.9018s
INFO:root:Epoch: 0020 val_loss: 1.3926 val_roc: 0.8652 val_ap: 0.8642
INFO:root:Epoch: 0025 lr: 0.01 train_loss: 1.2409 train_roc: 0.9404 train_ap: 0.9214 time: 0.8775s
INFO:root:Epoch: 0025 val_loss: 1.0988 val_roc: 0.8564 val_ap: 0.8415
INFO:root:Epoch: 0030 lr: 0.01 train_loss: 0.8735 train_roc: 0.9313 train_ap: 0.9072 time: 0.8994s
INFO:root:Epoch: 0030 val_loss: 0.9257 val_roc: 0.8724 val_ap: 0.8603
INFO:root:Epoch: 0035 lr: 0.01 train_loss: 0.8037 train_roc: 0.9394 train_ap: 0.9233 time: 0.8942s
INFO:root:Epoch: 0035 val_loss: 0.9709 val_roc: 0.8845 val_ap: 0.8756
INFO:root:Epoch: 0040 lr: 0.01 train_loss: 0.5933 train_roc: 0.9469 train_ap: 0.9331 time: 0.8830s
INFO:root:Epoch: 0040 val_loss: 1.2511 val_roc: 0.8858 val_ap: 0.8808
INFO:root:Epoch: 0045 lr: 0.01 train_loss: 0.5973 train_roc: 0.9547 train_ap: 0.9454 time: 0.8749s
INFO:root:Epoch: 0045 val_loss: 1.3992 val_roc: 0.8894 val_ap: 0.8870
INFO:root:Epoch: 0050 lr: 0.01 train_loss: 0.7069 train_roc: 0.9324 train_ap: 0.9227 time: 0.8875s
INFO:root:Epoch: 0050 val_loss: 1.1167 val_roc: 0.8908 val_ap: 0.8903
INFO:root:Epoch: 0055 lr: 0.01 train_loss: 0.5327 train_roc: 0.9659 train_ap: 0.9609 time: 0.8614s
INFO:root:Epoch: 0055 val_loss: 0.9151 val_roc: 0.9001 val_ap: 0.9001
INFO:root:Epoch: 0060 lr: 0.01 train_loss: 0.5172 train_roc: 0.9676 train_ap: 0.9613 time: 0.8765s
INFO:root:Epoch: 0060 val_loss: 0.8866 val_roc: 0.9116 val_ap: 0.9107
INFO:root:Epoch: 0065 lr: 0.01 train_loss: 0.5353 train_roc: 0.9651 train_ap: 0.9589 time: 0.8780s
INFO:root:Epoch: 0065 val_loss: 1.0198 val_roc: 0.9185 val_ap: 0.9149
INFO:root:Epoch: 0070 lr: 0.01 train_loss: 0.5544 train_roc: 0.9600 train_ap: 0.9525 time: 0.8831s
INFO:root:Epoch: 0070 val_loss: 1.0597 val_roc: 0.9224 val_ap: 0.9181
INFO:root:Epoch: 0075 lr: 0.01 train_loss: 0.5399 train_roc: 0.9641 train_ap: 0.9582 time: 0.8812s
INFO:root:Epoch: 0075 val_loss: 0.9977 val_roc: 0.9249 val_ap: 0.9213
INFO:root:Epoch: 0080 lr: 0.01 train_loss: 0.5116 train_roc: 0.9729 train_ap: 0.9682 time: 0.8604s
INFO:root:Epoch: 0080 val_loss: 0.9061 val_roc: 0.9258 val_ap: 0.9235
INFO:root:Epoch: 0085 lr: 0.01 train_loss: 0.4841 train_roc: 0.9746 train_ap: 0.9707 time: 0.8564s
INFO:root:Epoch: 0085 val_loss: 0.8623 val_roc: 0.9266 val_ap: 0.9249
INFO:root:Epoch: 0090 lr: 0.01 train_loss: 0.4538 train_roc: 0.9767 train_ap: 0.9705 time: 0.8783s
INFO:root:Epoch: 0090 val_loss: 0.9342 val_roc: 0.9281 val_ap: 0.9267
INFO:root:Epoch: 0095 lr: 0.01 train_loss: 0.4838 train_roc: 0.9750 train_ap: 0.9702 time: 0.8650s
INFO:root:Epoch: 0095 val_loss: 0.9808 val_roc: 0.9272 val_ap: 0.9265
INFO:root:Epoch: 0100 lr: 0.01 train_loss: 0.4894 train_roc: 0.9716 train_ap: 0.9673 time: 0.8812s
INFO:root:Epoch: 0100 val_loss: 0.8782 val_roc: 0.9261 val_ap: 0.9267
INFO:root:Epoch: 0105 lr: 0.01 train_loss: 0.4423 train_roc: 0.9803 train_ap: 0.9764 time: 0.8902s
INFO:root:Epoch: 0105 val_loss: 0.8633 val_roc: 0.9268 val_ap: 0.9280
INFO:root:Epoch: 0110 lr: 0.01 train_loss: 0.4432 train_roc: 0.9778 train_ap: 0.9729 time: 0.8795s
INFO:root:Epoch: 0110 val_loss: 0.8680 val_roc: 0.9299 val_ap: 0.9308
INFO:root:Epoch: 0115 lr: 0.01 train_loss: 0.4585 train_roc: 0.9783 train_ap: 0.9750 time: 0.8619s
INFO:root:Epoch: 0115 val_loss: 0.9201 val_roc: 0.9340 val_ap: 0.9332
INFO:root:Epoch: 0120 lr: 0.01 train_loss: 0.4513 train_roc: 0.9787 train_ap: 0.9749 time: 0.8883s
INFO:root:Epoch: 0120 val_loss: 1.0339 val_roc: 0.9356 val_ap: 0.9332
INFO:root:Epoch: 0125 lr: 0.01 train_loss: 0.4482 train_roc: 0.9786 train_ap: 0.9760 time: 0.8835s
INFO:root:Epoch: 0125 val_loss: 0.9831 val_roc: 0.9359 val_ap: 0.9325
INFO:root:Epoch: 0130 lr: 0.01 train_loss: 0.4429 train_roc: 0.9818 train_ap: 0.9795 time: 0.8804s
INFO:root:Epoch: 0130 val_loss: 0.8448 val_roc: 0.9366 val_ap: 0.9334
INFO:root:Epoch: 0135 lr: 0.01 train_loss: 0.4359 train_roc: 0.9812 train_ap: 0.9774 time: 0.8778s
INFO:root:Epoch: 0135 val_loss: 0.7574 val_roc: 0.9378 val_ap: 0.9348
INFO:root:Epoch: 0140 lr: 0.01 train_loss: 0.4387 train_roc: 0.9819 train_ap: 0.9783 time: 0.8769s
INFO:root:Epoch: 0140 val_loss: 0.7974 val_roc: 0.9386 val_ap: 0.9353
INFO:root:Epoch: 0145 lr: 0.01 train_loss: 0.4116 train_roc: 0.9826 train_ap: 0.9782 time: 0.8678s
INFO:root:Epoch: 0145 val_loss: 0.9344 val_roc: 0.9387 val_ap: 0.9350
INFO:root:Epoch: 0150 lr: 0.01 train_loss: 0.4309 train_roc: 0.9821 train_ap: 0.9780 time: 0.8704s
INFO:root:Epoch: 0150 val_loss: 0.9468 val_roc: 0.9374 val_ap: 0.9339
INFO:root:Epoch: 0155 lr: 0.01 train_loss: 0.4640 train_roc: 0.9772 train_ap: 0.9741 time: 0.9106s
INFO:root:Epoch: 0155 val_loss: 0.9143 val_roc: 0.9376 val_ap: 0.9344
INFO:root:Epoch: 0160 lr: 0.01 train_loss: 0.4482 train_roc: 0.9786 train_ap: 0.9743 time: 0.8766s
INFO:root:Epoch: 0160 val_loss: 0.8500 val_roc: 0.9407 val_ap: 0.9374
INFO:root:Epoch: 0165 lr: 0.01 train_loss: 0.4386 train_roc: 0.9782 train_ap: 0.9728 time: 0.8716s
INFO:root:Epoch: 0165 val_loss: 0.8233 val_roc: 0.9414 val_ap: 0.9386
INFO:root:Epoch: 0170 lr: 0.01 train_loss: 0.4165 train_roc: 0.9846 train_ap: 0.9814 time: 0.8474s
INFO:root:Epoch: 0170 val_loss: 0.7854 val_roc: 0.9419 val_ap: 0.9394
INFO:root:Epoch: 0175 lr: 0.01 train_loss: 0.4404 train_roc: 0.9816 train_ap: 0.9768 time: 0.8881s
INFO:root:Epoch: 0175 val_loss: 0.7516 val_roc: 0.9436 val_ap: 0.9414
INFO:root:Epoch: 0180 lr: 0.01 train_loss: 0.4297 train_roc: 0.9818 train_ap: 0.9777 time: 0.8641s
INFO:root:Epoch: 0180 val_loss: 0.9321 val_roc: 0.9453 val_ap: 0.9426
INFO:root:Epoch: 0185 lr: 0.01 train_loss: 0.5095 train_roc: 0.9733 train_ap: 0.9697 time: 0.8687s
INFO:root:Epoch: 0185 val_loss: 0.9431 val_roc: 0.9452 val_ap: 0.9423
INFO:root:Epoch: 0190 lr: 0.01 train_loss: 0.4259 train_roc: 0.9848 train_ap: 0.9817 time: 0.8690s
INFO:root:Epoch: 0190 val_loss: 0.8026 val_roc: 0.9442 val_ap: 0.9418
INFO:root:Epoch: 0195 lr: 0.01 train_loss: 0.4072 train_roc: 0.9846 train_ap: 0.9817 time: 0.8685s
INFO:root:Epoch: 0195 val_loss: 0.8386 val_roc: 0.9438 val_ap: 0.9417
INFO:root:Epoch: 0200 lr: 0.01 train_loss: 0.4288 train_roc: 0.9817 train_ap: 0.9781 time: 0.8702s
INFO:root:Epoch: 0200 val_loss: 0.9078 val_roc: 0.9439 val_ap: 0.9419
INFO:root:Epoch: 0205 lr: 0.01 train_loss: 0.4302 train_roc: 0.9823 train_ap: 0.9770 time: 0.8812s
INFO:root:Epoch: 0205 val_loss: 0.8347 val_roc: 0.9447 val_ap: 0.9427
INFO:root:Epoch: 0210 lr: 0.01 train_loss: 0.4497 train_roc: 0.9814 train_ap: 0.9789 time: 0.8865s
INFO:root:Epoch: 0210 val_loss: 0.8977 val_roc: 0.9459 val_ap: 0.9433
INFO:root:Epoch: 0215 lr: 0.01 train_loss: 0.4251 train_roc: 0.9821 train_ap: 0.9789 time: 0.8566s
INFO:root:Epoch: 0215 val_loss: 0.8454 val_roc: 0.9446 val_ap: 0.9420
INFO:root:Epoch: 0220 lr: 0.01 train_loss: 0.4188 train_roc: 0.9848 train_ap: 0.9820 time: 0.8828s
INFO:root:Epoch: 0220 val_loss: 0.9862 val_roc: 0.9449 val_ap: 0.9421
INFO:root:Epoch: 0225 lr: 0.01 train_loss: 0.4569 train_roc: 0.9866 train_ap: 0.9843 time: 0.8764s
INFO:root:Epoch: 0225 val_loss: 0.8950 val_roc: 0.9444 val_ap: 0.9420
INFO:root:Epoch: 0230 lr: 0.01 train_loss: 0.4354 train_roc: 0.9823 train_ap: 0.9792 time: 0.8853s
INFO:root:Epoch: 0230 val_loss: 0.7513 val_roc: 0.9433 val_ap: 0.9410
INFO:root:Epoch: 0235 lr: 0.01 train_loss: 0.4159 train_roc: 0.9837 train_ap: 0.9809 time: 0.8622s
INFO:root:Epoch: 0235 val_loss: 0.8009 val_roc: 0.9420 val_ap: 0.9396
INFO:root:Epoch: 0240 lr: 0.01 train_loss: 0.4555 train_roc: 0.9821 train_ap: 0.9794 time: 0.8590s
INFO:root:Epoch: 0240 val_loss: 0.8565 val_roc: 0.9413 val_ap: 0.9388
INFO:root:Epoch: 0245 lr: 0.01 train_loss: 0.4394 train_roc: 0.9802 train_ap: 0.9754 time: 0.8719s
INFO:root:Epoch: 0245 val_loss: 0.8608 val_roc: 0.9406 val_ap: 0.9382
INFO:root:Epoch: 0250 lr: 0.01 train_loss: 0.4144 train_roc: 0.9843 train_ap: 0.9812 time: 0.9009s
INFO:root:Epoch: 0250 val_loss: 0.9217 val_roc: 0.9411 val_ap: 0.9385
INFO:root:Epoch: 0255 lr: 0.01 train_loss: 0.4355 train_roc: 0.9857 train_ap: 0.9833 time: 0.8707s
INFO:root:Epoch: 0255 val_loss: 0.8695 val_roc: 0.9417 val_ap: 0.9391
INFO:root:Epoch: 0260 lr: 0.01 train_loss: 0.4165 train_roc: 0.9851 train_ap: 0.9826 time: 0.8718s
INFO:root:Epoch: 0260 val_loss: 0.8618 val_roc: 0.9429 val_ap: 0.9401
INFO:root:Epoch: 0265 lr: 0.01 train_loss: 0.4383 train_roc: 0.9817 train_ap: 0.9789 time: 0.8665s
INFO:root:Epoch: 0265 val_loss: 0.8651 val_roc: 0.9447 val_ap: 0.9418
INFO:root:Epoch: 0270 lr: 0.01 train_loss: 0.4225 train_roc: 0.9842 train_ap: 0.9815 time: 0.8845s
INFO:root:Epoch: 0270 val_loss: 0.8978 val_roc: 0.9469 val_ap: 0.9438
INFO:root:Epoch: 0275 lr: 0.01 train_loss: 0.4142 train_roc: 0.9847 train_ap: 0.9812 time: 0.8650s
INFO:root:Epoch: 0275 val_loss: 0.7441 val_roc: 0.9477 val_ap: 0.9446
INFO:root:Epoch: 0280 lr: 0.01 train_loss: 0.4240 train_roc: 0.9808 train_ap: 0.9767 time: 0.8903s
INFO:root:Epoch: 0280 val_loss: 0.8350 val_roc: 0.9474 val_ap: 0.9449
INFO:root:Epoch: 0285 lr: 0.01 train_loss: 0.4518 train_roc: 0.9846 train_ap: 0.9816 time: 0.8630s
INFO:root:Epoch: 0285 val_loss: 0.9796 val_roc: 0.9462 val_ap: 0.9440
INFO:root:Epoch: 0290 lr: 0.01 train_loss: 0.4182 train_roc: 0.9838 train_ap: 0.9815 time: 0.8822s
INFO:root:Epoch: 0290 val_loss: 0.7861 val_roc: 0.9454 val_ap: 0.9438
INFO:root:Epoch: 0295 lr: 0.01 train_loss: 0.4401 train_roc: 0.9818 train_ap: 0.9798 time: 0.8840s
INFO:root:Epoch: 0295 val_loss: 0.8143 val_roc: 0.9460 val_ap: 0.9443
INFO:root:Epoch: 0300 lr: 0.01 train_loss: 0.4292 train_roc: 0.9856 train_ap: 0.9820 time: 0.8614s
INFO:root:Epoch: 0300 val_loss: 1.0003 val_roc: 0.9467 val_ap: 0.9446
INFO:root:Epoch: 0305 lr: 0.01 train_loss: 0.4355 train_roc: 0.9826 train_ap: 0.9794 time: 0.8848s
INFO:root:Epoch: 0305 val_loss: 0.7987 val_roc: 0.9466 val_ap: 0.9445
INFO:root:Epoch: 0310 lr: 0.01 train_loss: 0.3978 train_roc: 0.9866 train_ap: 0.9830 time: 0.8602s
INFO:root:Epoch: 0310 val_loss: 0.7481 val_roc: 0.9470 val_ap: 0.9447
INFO:root:Epoch: 0315 lr: 0.01 train_loss: 0.4306 train_roc: 0.9850 train_ap: 0.9821 time: 0.8687s
INFO:root:Epoch: 0315 val_loss: 0.6989 val_roc: 0.9472 val_ap: 0.9449
INFO:root:Epoch: 0320 lr: 0.01 train_loss: 0.4572 train_roc: 0.9814 train_ap: 0.9784 time: 0.8723s
INFO:root:Epoch: 0320 val_loss: 0.9462 val_roc: 0.9485 val_ap: 0.9458
INFO:root:Epoch: 0325 lr: 0.01 train_loss: 0.3961 train_roc: 0.9867 train_ap: 0.9845 time: 0.8699s
INFO:root:Epoch: 0325 val_loss: 0.9828 val_roc: 0.9495 val_ap: 0.9465
INFO:root:Epoch: 0330 lr: 0.01 train_loss: 0.4066 train_roc: 0.9831 train_ap: 0.9799 time: 0.8613s
INFO:root:Epoch: 0330 val_loss: 0.7831 val_roc: 0.9497 val_ap: 0.9468
INFO:root:Epoch: 0335 lr: 0.01 train_loss: 0.4328 train_roc: 0.9849 train_ap: 0.9825 time: 0.8516s
INFO:root:Epoch: 0335 val_loss: 0.7332 val_roc: 0.9499 val_ap: 0.9473
INFO:root:Epoch: 0340 lr: 0.01 train_loss: 0.4216 train_roc: 0.9840 train_ap: 0.9816 time: 0.8746s
INFO:root:Epoch: 0340 val_loss: 0.8286 val_roc: 0.9501 val_ap: 0.9475
INFO:root:Epoch: 0345 lr: 0.01 train_loss: 0.4094 train_roc: 0.9831 train_ap: 0.9797 time: 0.8730s
INFO:root:Epoch: 0345 val_loss: 0.7907 val_roc: 0.9496 val_ap: 0.9472
INFO:root:Epoch: 0350 lr: 0.01 train_loss: 0.4111 train_roc: 0.9836 train_ap: 0.9806 time: 0.9060s
INFO:root:Epoch: 0350 val_loss: 0.7841 val_roc: 0.9494 val_ap: 0.9471
INFO:root:Epoch: 0355 lr: 0.01 train_loss: 0.4157 train_roc: 0.9852 train_ap: 0.9824 time: 0.8819s
INFO:root:Epoch: 0355 val_loss: 0.7831 val_roc: 0.9497 val_ap: 0.9476
INFO:root:Epoch: 0360 lr: 0.01 train_loss: 0.3918 train_roc: 0.9861 train_ap: 0.9825 time: 0.8696s
INFO:root:Epoch: 0360 val_loss: 0.7548 val_roc: 0.9492 val_ap: 0.9474
INFO:root:Epoch: 0365 lr: 0.01 train_loss: 0.4102 train_roc: 0.9850 train_ap: 0.9822 time: 0.9123s
INFO:root:Epoch: 0365 val_loss: 0.8601 val_roc: 0.9487 val_ap: 0.9470
INFO:root:Epoch: 0370 lr: 0.01 train_loss: 0.4132 train_roc: 0.9862 train_ap: 0.9840 time: 0.8631s
INFO:root:Epoch: 0370 val_loss: 0.9637 val_roc: 0.9487 val_ap: 0.9470
INFO:root:Epoch: 0375 lr: 0.01 train_loss: 0.4212 train_roc: 0.9851 train_ap: 0.9829 time: 0.8628s
INFO:root:Epoch: 0375 val_loss: 0.8191 val_roc: 0.9486 val_ap: 0.9468
INFO:root:Epoch: 0380 lr: 0.01 train_loss: 0.4163 train_roc: 0.9854 train_ap: 0.9829 time: 0.8647s
INFO:root:Epoch: 0380 val_loss: 0.8381 val_roc: 0.9494 val_ap: 0.9475
INFO:root:Epoch: 0385 lr: 0.01 train_loss: 0.4071 train_roc: 0.9860 train_ap: 0.9843 time: 0.9026s
INFO:root:Epoch: 0385 val_loss: 0.8408 val_roc: 0.9500 val_ap: 0.9481
INFO:root:Epoch: 0390 lr: 0.01 train_loss: 0.4091 train_roc: 0.9837 train_ap: 0.9804 time: 0.8773s
INFO:root:Epoch: 0390 val_loss: 0.7444 val_roc: 0.9507 val_ap: 0.9489
INFO:root:Epoch: 0395 lr: 0.01 train_loss: 0.4050 train_roc: 0.9871 train_ap: 0.9845 time: 0.8619s
INFO:root:Epoch: 0395 val_loss: 0.7671 val_roc: 0.9508 val_ap: 0.9491
INFO:root:Epoch: 0400 lr: 0.01 train_loss: 0.4363 train_roc: 0.9825 train_ap: 0.9793 time: 0.8761s
INFO:root:Epoch: 0400 val_loss: 0.7899 val_roc: 0.9508 val_ap: 0.9493
INFO:root:Epoch: 0405 lr: 0.01 train_loss: 0.4222 train_roc: 0.9862 train_ap: 0.9835 time: 0.8538s
INFO:root:Epoch: 0405 val_loss: 0.7951 val_roc: 0.9504 val_ap: 0.9488
INFO:root:Epoch: 0410 lr: 0.01 train_loss: 0.4109 train_roc: 0.9858 train_ap: 0.9829 time: 0.8612s
INFO:root:Epoch: 0410 val_loss: 0.9124 val_roc: 0.9500 val_ap: 0.9485
INFO:root:Epoch: 0415 lr: 0.01 train_loss: 0.3954 train_roc: 0.9879 train_ap: 0.9853 time: 0.8850s
INFO:root:Epoch: 0415 val_loss: 0.9581 val_roc: 0.9496 val_ap: 0.9484
INFO:root:Epoch: 0420 lr: 0.01 train_loss: 0.4555 train_roc: 0.9877 train_ap: 0.9853 time: 0.8726s
INFO:root:Epoch: 0420 val_loss: 0.8806 val_roc: 0.9495 val_ap: 0.9482
INFO:root:Epoch: 0425 lr: 0.01 train_loss: 0.3950 train_roc: 0.9875 train_ap: 0.9856 time: 0.8741s
INFO:root:Epoch: 0425 val_loss: 0.7372 val_roc: 0.9492 val_ap: 0.9479
INFO:root:Epoch: 0430 lr: 0.01 train_loss: 0.5159 train_roc: 0.9875 train_ap: 0.9851 time: 0.8814s
INFO:root:Epoch: 0430 val_loss: 0.7405 val_roc: 0.9492 val_ap: 0.9476
INFO:root:Epoch: 0435 lr: 0.01 train_loss: 0.4031 train_roc: 0.9869 train_ap: 0.9846 time: 0.8656s
INFO:root:Epoch: 0435 val_loss: 0.8447 val_roc: 0.9499 val_ap: 0.9481
INFO:root:Epoch: 0440 lr: 0.01 train_loss: 0.3994 train_roc: 0.9872 train_ap: 0.9848 time: 0.8746s
INFO:root:Epoch: 0440 val_loss: 0.7228 val_roc: 0.9499 val_ap: 0.9482
INFO:root:Epoch: 0445 lr: 0.01 train_loss: 0.4150 train_roc: 0.9854 train_ap: 0.9816 time: 0.8615s
INFO:root:Epoch: 0445 val_loss: 0.6666 val_roc: 0.9497 val_ap: 0.9486
INFO:root:Epoch: 0450 lr: 0.01 train_loss: 0.4161 train_roc: 0.9853 train_ap: 0.9836 time: 0.8699s
INFO:root:Epoch: 0450 val_loss: 0.7089 val_roc: 0.9489 val_ap: 0.9480
INFO:root:Epoch: 0455 lr: 0.01 train_loss: 0.4135 train_roc: 0.9863 train_ap: 0.9847 time: 0.8287s
INFO:root:Epoch: 0455 val_loss: 0.8716 val_roc: 0.9488 val_ap: 0.9478
INFO:root:Epoch: 0460 lr: 0.01 train_loss: 0.4177 train_roc: 0.9881 train_ap: 0.9860 time: 0.8811s
INFO:root:Epoch: 0460 val_loss: 1.0717 val_roc: 0.9481 val_ap: 0.9466
INFO:root:Epoch: 0465 lr: 0.01 train_loss: 0.4175 train_roc: 0.9873 train_ap: 0.9852 time: 0.8532s
INFO:root:Epoch: 0465 val_loss: 0.7265 val_roc: 0.9460 val_ap: 0.9447
INFO:root:Epoch: 0470 lr: 0.01 train_loss: 0.4323 train_roc: 0.9846 train_ap: 0.9825 time: 0.8876s
INFO:root:Epoch: 0470 val_loss: 0.6434 val_roc: 0.9455 val_ap: 0.9444
INFO:root:Epoch: 0475 lr: 0.01 train_loss: 0.4257 train_roc: 0.9863 train_ap: 0.9838 time: 0.8724s
INFO:root:Epoch: 0475 val_loss: 0.7376 val_roc: 0.9482 val_ap: 0.9467
INFO:root:Epoch: 0480 lr: 0.01 train_loss: 0.4671 train_roc: 0.9834 train_ap: 0.9802 time: 0.8788s
INFO:root:Epoch: 0480 val_loss: 0.9355 val_roc: 0.9494 val_ap: 0.9477
INFO:root:Epoch: 0485 lr: 0.01 train_loss: 0.4013 train_roc: 0.9869 train_ap: 0.9849 time: 0.8878s
INFO:root:Epoch: 0485 val_loss: 0.6715 val_roc: 0.9488 val_ap: 0.9475
INFO:root:Epoch: 0490 lr: 0.01 train_loss: 0.4011 train_roc: 0.9885 train_ap: 0.9866 time: 0.8588s
INFO:root:Epoch: 0490 val_loss: 0.6452 val_roc: 0.9485 val_ap: 0.9472
INFO:root:Epoch: 0495 lr: 0.01 train_loss: 0.3924 train_roc: 0.9871 train_ap: 0.9851 time: 0.8735s
INFO:root:Epoch: 0495 val_loss: 0.7838 val_roc: 0.9492 val_ap: 0.9476
INFO:root:Early stopping
INFO:root:Optimization Finished!
INFO:root:Total time elapsed: 666.2024s
INFO:root:Val set results: val_loss: 0.8027 val_roc: 0.9509 val_ap: 0.9493
INFO:root:Test set results: test_loss: 0.8141 test_roc: 0.9489 test_ap: 0.9444
INFO:root:Saved model in /workspace/xiongbo/hgcn/logs/lp/2021_5_8/0
