INFO:root:Using: cuda:0
INFO:root:Using seed 1234.
INFO:root:LPModel(
  (encoder): HGCN(
    (layers): Sequential(
      (0): HyperbolicGraphConvolution(
        (linear): HypLinear(
          in_features=501, out_features=16, c=Parameter containing:
          tensor([-1.], requires_grad=True)
        )
        (agg): HypAgg(
          c=Parameter containing:
          tensor([-1.], requires_grad=True)
        )
        (hyp_act): HypAct(
          c_in=Parameter containing:
          tensor([-1.], requires_grad=True), c_out=Parameter containing:
          tensor([-1.], requires_grad=True)
        )
      )
      (1): HyperbolicGraphConvolution(
        (linear): HypLinear(
          in_features=16, out_features=16, c=Parameter containing:
          tensor([-1.], requires_grad=True)
        )
        (agg): HypAgg(
          c=Parameter containing:
          tensor([-1.], requires_grad=True)
        )
        (hyp_act): HypAct(
          c_in=Parameter containing:
          tensor([-1.], requires_grad=True), c_out=Parameter containing:
          tensor([-1.], requires_grad=True)
        )
      )
    )
  )
  (dc): FermiDiracDecoder()
)
INFO:root:Total number of parameters: 8307
/workspace/anaconda3/envs/geo/lib/python3.7/site-packages/torch/optim/lr_scheduler.py:370: UserWarning: To get the last learning rate computed by the scheduler, please use `get_last_lr()`.
  "please use `get_last_lr()`.", UserWarning)
INFO:root:Epoch: 0005 lr: 0.01 train_loss: 1.7949 train_roc: 0.8122 train_ap: 0.8038 time: 2.2126s
INFO:root:Epoch: 0005 val_loss: 1.8112 val_roc: 0.7554 val_ap: 0.7569
INFO:root:Epoch: 0010 lr: 0.01 train_loss: 1.7088 train_roc: 0.8474 train_ap: 0.8376 time: 2.2316s
INFO:root:Epoch: 0010 val_loss: 1.6542 val_roc: 0.8165 val_ap: 0.8142
INFO:root:Epoch: 0015 lr: 0.01 train_loss: 1.5079 train_roc: 0.8813 train_ap: 0.8701 time: 2.2765s
INFO:root:Epoch: 0015 val_loss: 1.4380 val_roc: 0.8378 val_ap: 0.8333
INFO:root:Epoch: 0020 lr: 0.01 train_loss: 1.3470 train_roc: 0.8853 train_ap: 0.8744 time: 0.9253s
INFO:root:Epoch: 0020 val_loss: 1.2962 val_roc: 0.8416 val_ap: 0.8365
INFO:root:Epoch: 0025 lr: 0.01 train_loss: 1.2198 train_roc: 0.8984 train_ap: 0.8898 time: 2.2910s
INFO:root:Epoch: 0025 val_loss: 1.2327 val_roc: 0.8483 val_ap: 0.8426
INFO:root:Epoch: 0030 lr: 0.01 train_loss: 1.1707 train_roc: 0.8903 train_ap: 0.8823 time: 2.2790s
INFO:root:Epoch: 0030 val_loss: 1.1943 val_roc: 0.8530 val_ap: 0.8479
INFO:root:Epoch: 0035 lr: 0.01 train_loss: 1.0899 train_roc: 0.8926 train_ap: 0.8826 time: 2.2423s
INFO:root:Epoch: 0035 val_loss: 1.1329 val_roc: 0.8535 val_ap: 0.8451
INFO:root:Epoch: 0040 lr: 0.01 train_loss: 1.0340 train_roc: 0.8978 train_ap: 0.8916 time: 2.3018s
INFO:root:Epoch: 0040 val_loss: 1.0917 val_roc: 0.8635 val_ap: 0.8554
INFO:root:Epoch: 0045 lr: 0.01 train_loss: 1.0338 train_roc: 0.8994 train_ap: 0.8889 time: 2.3069s
INFO:root:Epoch: 0045 val_loss: 1.0488 val_roc: 0.8722 val_ap: 0.8643
INFO:root:Epoch: 0050 lr: 0.01 train_loss: 0.9487 train_roc: 0.9034 train_ap: 0.8932 time: 2.3059s
INFO:root:Epoch: 0050 val_loss: 1.0014 val_roc: 0.8767 val_ap: 0.8685
INFO:root:Epoch: 0055 lr: 0.01 train_loss: 0.9032 train_roc: 0.9053 train_ap: 0.8959 time: 2.3137s
INFO:root:Epoch: 0055 val_loss: 0.9653 val_roc: 0.8803 val_ap: 0.8724
INFO:root:Epoch: 0060 lr: 0.01 train_loss: 0.8895 train_roc: 0.9028 train_ap: 0.8905 time: 2.2738s
INFO:root:Epoch: 0060 val_loss: 0.9330 val_roc: 0.8838 val_ap: 0.8748
INFO:root:Epoch: 0065 lr: 0.01 train_loss: 0.8700 train_roc: 0.9002 train_ap: 0.8872 time: 2.3044s
INFO:root:Epoch: 0065 val_loss: 0.9085 val_roc: 0.8876 val_ap: 0.8791
INFO:root:Epoch: 0070 lr: 0.01 train_loss: 0.8146 train_roc: 0.9102 train_ap: 0.8993 time: 2.2948s
INFO:root:Epoch: 0070 val_loss: 0.8747 val_roc: 0.8938 val_ap: 0.8862
INFO:root:Epoch: 0075 lr: 0.01 train_loss: 0.7862 train_roc: 0.9110 train_ap: 0.8989 time: 2.3072s
INFO:root:Epoch: 0075 val_loss: 0.8447 val_roc: 0.8994 val_ap: 0.8920
INFO:root:Epoch: 0080 lr: 0.01 train_loss: 0.7785 train_roc: 0.9113 train_ap: 0.8971 time: 2.2722s
INFO:root:Epoch: 0080 val_loss: 0.8176 val_roc: 0.9044 val_ap: 0.8950
INFO:root:Epoch: 0085 lr: 0.01 train_loss: 0.7821 train_roc: 0.9124 train_ap: 0.8999 time: 2.3181s
INFO:root:Epoch: 0085 val_loss: 0.7942 val_roc: 0.9087 val_ap: 0.8971
INFO:root:Epoch: 0090 lr: 0.01 train_loss: 0.7456 train_roc: 0.9217 train_ap: 0.9085 time: 2.2809s
INFO:root:Epoch: 0090 val_loss: 0.7653 val_roc: 0.9151 val_ap: 0.9021
INFO:root:Epoch: 0095 lr: 0.01 train_loss: 0.7397 train_roc: 0.9230 train_ap: 0.9110 time: 2.2810s
INFO:root:Epoch: 0095 val_loss: 0.7469 val_roc: 0.9201 val_ap: 0.9070
INFO:root:Epoch: 0100 lr: 0.01 train_loss: 0.7089 train_roc: 0.9328 train_ap: 0.9224 time: 2.3127s
INFO:root:Epoch: 0100 val_loss: 0.7377 val_roc: 0.9221 val_ap: 0.9084
INFO:root:Epoch: 0105 lr: 0.01 train_loss: 0.7532 train_roc: 0.9236 train_ap: 0.9119 time: 2.2763s
INFO:root:Epoch: 0105 val_loss: 0.7245 val_roc: 0.9247 val_ap: 0.9103
INFO:root:Epoch: 0110 lr: 0.01 train_loss: 0.7054 train_roc: 0.9319 train_ap: 0.9198 time: 2.2951s
INFO:root:Epoch: 0110 val_loss: 0.7189 val_roc: 0.9258 val_ap: 0.9111
INFO:root:Epoch: 0115 lr: 0.01 train_loss: 0.6994 train_roc: 0.9342 train_ap: 0.9222 time: 2.1589s
INFO:root:Epoch: 0115 val_loss: 0.7130 val_roc: 0.9273 val_ap: 0.9128
INFO:root:Epoch: 0120 lr: 0.01 train_loss: 0.7153 train_roc: 0.9334 train_ap: 0.9224 time: 2.2768s
INFO:root:Epoch: 0120 val_loss: 0.7078 val_roc: 0.9289 val_ap: 0.9151
INFO:root:Epoch: 0125 lr: 0.01 train_loss: 0.6912 train_roc: 0.9391 train_ap: 0.9296 time: 2.2961s
INFO:root:Epoch: 0125 val_loss: 0.7020 val_roc: 0.9303 val_ap: 0.9165
INFO:root:Epoch: 0130 lr: 0.01 train_loss: 0.6731 train_roc: 0.9400 train_ap: 0.9297 time: 2.3045s
INFO:root:Epoch: 0130 val_loss: 0.6980 val_roc: 0.9315 val_ap: 0.9179
INFO:root:Epoch: 0135 lr: 0.01 train_loss: 0.6865 train_roc: 0.9383 train_ap: 0.9278 time: 2.2666s
INFO:root:Epoch: 0135 val_loss: 0.6959 val_roc: 0.9314 val_ap: 0.9175
INFO:root:Epoch: 0140 lr: 0.01 train_loss: 0.6761 train_roc: 0.9409 train_ap: 0.9306 time: 2.2969s
INFO:root:Epoch: 0140 val_loss: 0.6892 val_roc: 0.9333 val_ap: 0.9205
INFO:root:Epoch: 0145 lr: 0.01 train_loss: 0.6738 train_roc: 0.9410 train_ap: 0.9304 time: 2.2713s
INFO:root:Epoch: 0145 val_loss: 0.6876 val_roc: 0.9334 val_ap: 0.9208
INFO:root:Epoch: 0150 lr: 0.01 train_loss: 0.6952 train_roc: 0.9382 train_ap: 0.9277 time: 2.2562s
INFO:root:Epoch: 0150 val_loss: 0.6951 val_roc: 0.9319 val_ap: 0.9192
INFO:root:Epoch: 0155 lr: 0.01 train_loss: 0.6762 train_roc: 0.9410 train_ap: 0.9302 time: 2.2873s
INFO:root:Epoch: 0155 val_loss: 0.6799 val_roc: 0.9352 val_ap: 0.9229
INFO:root:Epoch: 0160 lr: 0.01 train_loss: 0.6761 train_roc: 0.9416 train_ap: 0.9313 time: 2.2679s
INFO:root:Epoch: 0160 val_loss: 0.6868 val_roc: 0.9352 val_ap: 0.9241
INFO:root:Epoch: 0165 lr: 0.01 train_loss: 0.6541 train_roc: 0.9459 train_ap: 0.9353 time: 0.9473s
INFO:root:Epoch: 0165 val_loss: 0.6849 val_roc: 0.9348 val_ap: 0.9237
INFO:root:Epoch: 0170 lr: 0.01 train_loss: 0.6501 train_roc: 0.9468 train_ap: 0.9366 time: 2.2999s
INFO:root:Epoch: 0170 val_loss: 0.6795 val_roc: 0.9355 val_ap: 0.9241
INFO:root:Epoch: 0175 lr: 0.01 train_loss: 0.6671 train_roc: 0.9425 train_ap: 0.9308 time: 2.2314s
INFO:root:Epoch: 0175 val_loss: 0.6736 val_roc: 0.9357 val_ap: 0.9239
INFO:root:Epoch: 0180 lr: 0.01 train_loss: 0.6390 train_roc: 0.9479 train_ap: 0.9366 time: 2.2400s
INFO:root:Epoch: 0180 val_loss: 0.6701 val_roc: 0.9364 val_ap: 0.9248
INFO:root:Epoch: 0185 lr: 0.01 train_loss: 0.6372 train_roc: 0.9478 train_ap: 0.9374 time: 2.2779s
INFO:root:Epoch: 0185 val_loss: 0.6681 val_roc: 0.9377 val_ap: 0.9269
INFO:root:Epoch: 0190 lr: 0.01 train_loss: 0.6351 train_roc: 0.9474 train_ap: 0.9356 time: 2.2389s
INFO:root:Epoch: 0190 val_loss: 0.6672 val_roc: 0.9380 val_ap: 0.9274
INFO:root:Epoch: 0195 lr: 0.01 train_loss: 0.6599 train_roc: 0.9462 train_ap: 0.9356 time: 2.2355s
INFO:root:Epoch: 0195 val_loss: 0.6645 val_roc: 0.9390 val_ap: 0.9287
INFO:root:Epoch: 0200 lr: 0.01 train_loss: 0.6353 train_roc: 0.9495 train_ap: 0.9383 time: 2.2294s
INFO:root:Epoch: 0200 val_loss: 0.6632 val_roc: 0.9382 val_ap: 0.9274
INFO:root:Epoch: 0205 lr: 0.01 train_loss: 0.6409 train_roc: 0.9482 train_ap: 0.9365 time: 2.1275s
INFO:root:Epoch: 0205 val_loss: 0.6711 val_roc: 0.9365 val_ap: 0.9255
INFO:root:Epoch: 0210 lr: 0.01 train_loss: 0.6285 train_roc: 0.9494 train_ap: 0.9384 time: 2.2689s
INFO:root:Epoch: 0210 val_loss: 0.6626 val_roc: 0.9384 val_ap: 0.9275
INFO:root:Epoch: 0215 lr: 0.01 train_loss: 0.6475 train_roc: 0.9475 train_ap: 0.9363 time: 2.2852s
INFO:root:Epoch: 0215 val_loss: 0.6611 val_roc: 0.9393 val_ap: 0.9289
INFO:root:Epoch: 0220 lr: 0.01 train_loss: 0.6373 train_roc: 0.9490 train_ap: 0.9380 time: 2.2082s
INFO:root:Epoch: 0220 val_loss: 0.6664 val_roc: 0.9372 val_ap: 0.9262
INFO:root:Epoch: 0225 lr: 0.01 train_loss: 0.6287 train_roc: 0.9503 train_ap: 0.9411 time: 2.2455s
INFO:root:Epoch: 0225 val_loss: 0.6608 val_roc: 0.9392 val_ap: 0.9299
INFO:root:Epoch: 0230 lr: 0.01 train_loss: 0.6262 train_roc: 0.9518 train_ap: 0.9414 time: 2.2318s
INFO:root:Epoch: 0230 val_loss: 0.6605 val_roc: 0.9396 val_ap: 0.9302
INFO:root:Epoch: 0235 lr: 0.01 train_loss: 0.6283 train_roc: 0.9515 train_ap: 0.9411 time: 2.2626s
INFO:root:Epoch: 0235 val_loss: 0.6608 val_roc: 0.9388 val_ap: 0.9290
INFO:root:Epoch: 0240 lr: 0.01 train_loss: 0.6187 train_roc: 0.9529 train_ap: 0.9427 time: 2.2689s
INFO:root:Epoch: 0240 val_loss: 0.6651 val_roc: 0.9378 val_ap: 0.9281
INFO:root:Epoch: 0245 lr: 0.01 train_loss: 0.6149 train_roc: 0.9538 train_ap: 0.9434 time: 2.3074s
INFO:root:Epoch: 0245 val_loss: 0.6580 val_roc: 0.9392 val_ap: 0.9296
INFO:root:Epoch: 0250 lr: 0.01 train_loss: 0.6154 train_roc: 0.9523 train_ap: 0.9417 time: 2.2484s
INFO:root:Epoch: 0250 val_loss: 0.6541 val_roc: 0.9400 val_ap: 0.9302
INFO:root:Epoch: 0255 lr: 0.01 train_loss: 0.6159 train_roc: 0.9533 train_ap: 0.9423 time: 2.0940s
INFO:root:Epoch: 0255 val_loss: 0.6580 val_roc: 0.9390 val_ap: 0.9292
INFO:root:Epoch: 0260 lr: 0.01 train_loss: 0.6109 train_roc: 0.9535 train_ap: 0.9439 time: 2.2334s
INFO:root:Epoch: 0260 val_loss: 0.6536 val_roc: 0.9402 val_ap: 0.9307
INFO:root:Epoch: 0265 lr: 0.01 train_loss: 0.6099 train_roc: 0.9545 train_ap: 0.9444 time: 2.3162s
INFO:root:Epoch: 0265 val_loss: 0.6535 val_roc: 0.9408 val_ap: 0.9314
INFO:root:Epoch: 0270 lr: 0.01 train_loss: 0.6422 train_roc: 0.9499 train_ap: 0.9387 time: 2.2270s
INFO:root:Epoch: 0270 val_loss: 0.6556 val_roc: 0.9398 val_ap: 0.9300
INFO:root:Epoch: 0275 lr: 0.01 train_loss: 0.6083 train_roc: 0.9556 train_ap: 0.9448 time: 2.2683s
INFO:root:Epoch: 0275 val_loss: 0.6595 val_roc: 0.9386 val_ap: 0.9287
INFO:root:Epoch: 0280 lr: 0.01 train_loss: 0.6128 train_roc: 0.9546 train_ap: 0.9460 time: 2.2723s
INFO:root:Epoch: 0280 val_loss: 0.6546 val_roc: 0.9397 val_ap: 0.9299
INFO:root:Epoch: 0285 lr: 0.01 train_loss: 0.6272 train_roc: 0.9529 train_ap: 0.9432 time: 2.2357s
INFO:root:Epoch: 0285 val_loss: 0.6540 val_roc: 0.9401 val_ap: 0.9306
INFO:root:Epoch: 0290 lr: 0.01 train_loss: 0.6137 train_roc: 0.9576 train_ap: 0.9491 time: 2.2701s
INFO:root:Epoch: 0290 val_loss: 0.6536 val_roc: 0.9402 val_ap: 0.9308
INFO:root:Epoch: 0295 lr: 0.01 train_loss: 0.6128 train_roc: 0.9554 train_ap: 0.9467 time: 2.2784s
INFO:root:Epoch: 0295 val_loss: 0.6480 val_roc: 0.9415 val_ap: 0.9324
INFO:root:Epoch: 0300 lr: 0.01 train_loss: 0.6282 train_roc: 0.9550 train_ap: 0.9450 time: 2.2618s
INFO:root:Epoch: 0300 val_loss: 0.6486 val_roc: 0.9416 val_ap: 0.9328
INFO:root:Epoch: 0305 lr: 0.01 train_loss: 0.5972 train_roc: 0.9563 train_ap: 0.9449 time: 2.1531s
INFO:root:Epoch: 0305 val_loss: 0.6484 val_roc: 0.9417 val_ap: 0.9331
INFO:root:Epoch: 0310 lr: 0.01 train_loss: 0.5999 train_roc: 0.9541 train_ap: 0.9432 time: 0.9337s
INFO:root:Epoch: 0310 val_loss: 0.6452 val_roc: 0.9422 val_ap: 0.9336
INFO:root:Epoch: 0315 lr: 0.01 train_loss: 0.5939 train_roc: 0.9558 train_ap: 0.9459 time: 2.2589s
INFO:root:Epoch: 0315 val_loss: 0.6524 val_roc: 0.9401 val_ap: 0.9307
INFO:root:Epoch: 0320 lr: 0.01 train_loss: 0.6145 train_roc: 0.9538 train_ap: 0.9426 time: 2.2798s
INFO:root:Epoch: 0320 val_loss: 0.6465 val_roc: 0.9416 val_ap: 0.9326
INFO:root:Epoch: 0325 lr: 0.01 train_loss: 0.5902 train_roc: 0.9593 train_ap: 0.9487 time: 2.3082s
INFO:root:Epoch: 0325 val_loss: 0.6429 val_roc: 0.9429 val_ap: 0.9348
INFO:root:Epoch: 0330 lr: 0.01 train_loss: 0.5971 train_roc: 0.9579 train_ap: 0.9489 time: 2.2656s
INFO:root:Epoch: 0330 val_loss: 0.6433 val_roc: 0.9431 val_ap: 0.9351
INFO:root:Epoch: 0335 lr: 0.01 train_loss: 0.5997 train_roc: 0.9570 train_ap: 0.9480 time: 2.2881s
INFO:root:Epoch: 0335 val_loss: 0.6433 val_roc: 0.9425 val_ap: 0.9338
INFO:root:Epoch: 0340 lr: 0.01 train_loss: 0.6267 train_roc: 0.9538 train_ap: 0.9442 time: 2.3509s
INFO:root:Epoch: 0340 val_loss: 0.6430 val_roc: 0.9424 val_ap: 0.9333
INFO:root:Epoch: 0345 lr: 0.01 train_loss: 0.5922 train_roc: 0.9583 train_ap: 0.9491 time: 2.2967s
INFO:root:Epoch: 0345 val_loss: 0.6405 val_roc: 0.9436 val_ap: 0.9352
INFO:root:Epoch: 0350 lr: 0.01 train_loss: 0.6039 train_roc: 0.9580 train_ap: 0.9481 time: 2.3045s
INFO:root:Epoch: 0350 val_loss: 0.6401 val_roc: 0.9438 val_ap: 0.9355
INFO:root:Epoch: 0355 lr: 0.01 train_loss: 0.5968 train_roc: 0.9577 train_ap: 0.9474 time: 2.2796s
INFO:root:Epoch: 0355 val_loss: 0.6443 val_roc: 0.9425 val_ap: 0.9337
INFO:root:Epoch: 0360 lr: 0.01 train_loss: 0.5777 train_roc: 0.9596 train_ap: 0.9494 time: 2.2651s
INFO:root:Epoch: 0360 val_loss: 0.6367 val_roc: 0.9437 val_ap: 0.9344
INFO:root:Epoch: 0365 lr: 0.01 train_loss: 0.6262 train_roc: 0.9541 train_ap: 0.9432 time: 2.2722s
INFO:root:Epoch: 0365 val_loss: 0.6362 val_roc: 0.9436 val_ap: 0.9340
INFO:root:Epoch: 0370 lr: 0.01 train_loss: 0.5848 train_roc: 0.9599 train_ap: 0.9503 time: 2.2937s
INFO:root:Epoch: 0370 val_loss: 0.6420 val_roc: 0.9423 val_ap: 0.9328
INFO:root:Epoch: 0375 lr: 0.01 train_loss: 0.6050 train_roc: 0.9581 train_ap: 0.9502 time: 2.2686s
INFO:root:Epoch: 0375 val_loss: 0.6426 val_roc: 0.9426 val_ap: 0.9338
INFO:root:Epoch: 0380 lr: 0.01 train_loss: 0.6106 train_roc: 0.9550 train_ap: 0.9450 time: 2.2604s
INFO:root:Epoch: 0380 val_loss: 0.6440 val_roc: 0.9436 val_ap: 0.9360
INFO:root:Epoch: 0385 lr: 0.01 train_loss: 0.5804 train_roc: 0.9589 train_ap: 0.9484 time: 2.2799s
INFO:root:Epoch: 0385 val_loss: 0.6396 val_roc: 0.9443 val_ap: 0.9366
INFO:root:Epoch: 0390 lr: 0.01 train_loss: 0.5899 train_roc: 0.9595 train_ap: 0.9502 time: 2.3041s
INFO:root:Epoch: 0390 val_loss: 0.6425 val_roc: 0.9427 val_ap: 0.9338
INFO:root:Epoch: 0395 lr: 0.01 train_loss: 0.5824 train_roc: 0.9601 train_ap: 0.9500 time: 2.3011s
INFO:root:Epoch: 0395 val_loss: 0.6523 val_roc: 0.9405 val_ap: 0.9314
INFO:root:Epoch: 0400 lr: 0.01 train_loss: 0.5892 train_roc: 0.9592 train_ap: 0.9496 time: 2.2450s
INFO:root:Epoch: 0400 val_loss: 0.6455 val_roc: 0.9424 val_ap: 0.9342
INFO:root:Epoch: 0405 lr: 0.01 train_loss: 0.5778 train_roc: 0.9630 train_ap: 0.9542 time: 2.2976s
INFO:root:Epoch: 0405 val_loss: 0.6435 val_roc: 0.9430 val_ap: 0.9347
INFO:root:Epoch: 0410 lr: 0.01 train_loss: 0.6013 train_roc: 0.9568 train_ap: 0.9465 time: 2.2766s
INFO:root:Epoch: 0410 val_loss: 0.6428 val_roc: 0.9431 val_ap: 0.9346
INFO:root:Epoch: 0415 lr: 0.01 train_loss: 0.5841 train_roc: 0.9608 train_ap: 0.9519 time: 2.2923s
INFO:root:Epoch: 0415 val_loss: 0.6422 val_roc: 0.9428 val_ap: 0.9335
INFO:root:Epoch: 0420 lr: 0.01 train_loss: 0.5770 train_roc: 0.9642 train_ap: 0.9561 time: 2.2806s
INFO:root:Epoch: 0420 val_loss: 0.6440 val_roc: 0.9422 val_ap: 0.9325
INFO:root:Epoch: 0425 lr: 0.01 train_loss: 0.5771 train_roc: 0.9615 train_ap: 0.9518 time: 2.2459s
INFO:root:Epoch: 0425 val_loss: 0.6374 val_roc: 0.9440 val_ap: 0.9345
INFO:root:Epoch: 0430 lr: 0.01 train_loss: 0.5666 train_roc: 0.9623 train_ap: 0.9515 time: 2.2957s
INFO:root:Epoch: 0430 val_loss: 0.6350 val_roc: 0.9444 val_ap: 0.9349
INFO:root:Epoch: 0435 lr: 0.01 train_loss: 0.5599 train_roc: 0.9640 train_ap: 0.9549 time: 2.2714s
INFO:root:Epoch: 0435 val_loss: 0.6421 val_roc: 0.9429 val_ap: 0.9335
INFO:root:Epoch: 0440 lr: 0.01 train_loss: 0.5783 train_roc: 0.9620 train_ap: 0.9532 time: 2.3043s
INFO:root:Epoch: 0440 val_loss: 0.6386 val_roc: 0.9438 val_ap: 0.9351
INFO:root:Epoch: 0445 lr: 0.01 train_loss: 0.5602 train_roc: 0.9629 train_ap: 0.9530 time: 2.3128s
INFO:root:Epoch: 0445 val_loss: 0.6339 val_roc: 0.9447 val_ap: 0.9365
INFO:root:Epoch: 0450 lr: 0.01 train_loss: 0.5458 train_roc: 0.9649 train_ap: 0.9550 time: 2.2921s
INFO:root:Epoch: 0450 val_loss: 0.6296 val_roc: 0.9455 val_ap: 0.9374
INFO:root:Epoch: 0455 lr: 0.01 train_loss: 0.5936 train_roc: 0.9590 train_ap: 0.9501 time: 2.2799s
INFO:root:Epoch: 0455 val_loss: 0.6283 val_roc: 0.9460 val_ap: 0.9381
INFO:root:Epoch: 0460 lr: 0.01 train_loss: 0.5893 train_roc: 0.9593 train_ap: 0.9492 time: 2.2524s
INFO:root:Epoch: 0460 val_loss: 0.6379 val_roc: 0.9439 val_ap: 0.9354
INFO:root:Epoch: 0465 lr: 0.01 train_loss: 0.5782 train_roc: 0.9597 train_ap: 0.9495 time: 2.2678s
INFO:root:Epoch: 0465 val_loss: 0.6418 val_roc: 0.9431 val_ap: 0.9344
INFO:root:Epoch: 0470 lr: 0.01 train_loss: 0.5727 train_roc: 0.9605 train_ap: 0.9514 time: 2.2942s
INFO:root:Epoch: 0470 val_loss: 0.6412 val_roc: 0.9432 val_ap: 0.9348
INFO:root:Epoch: 0475 lr: 0.01 train_loss: 0.5775 train_roc: 0.9605 train_ap: 0.9508 time: 2.3090s
INFO:root:Epoch: 0475 val_loss: 0.6336 val_roc: 0.9453 val_ap: 0.9378
INFO:root:Epoch: 0480 lr: 0.01 train_loss: 0.5746 train_roc: 0.9613 train_ap: 0.9503 time: 2.2719s
INFO:root:Epoch: 0480 val_loss: 0.6327 val_roc: 0.9454 val_ap: 0.9375
INFO:root:Epoch: 0485 lr: 0.01 train_loss: 0.5934 train_roc: 0.9613 train_ap: 0.9518 time: 2.3316s
INFO:root:Epoch: 0485 val_loss: 0.6328 val_roc: 0.9453 val_ap: 0.9372
INFO:root:Epoch: 0490 lr: 0.01 train_loss: 0.5568 train_roc: 0.9647 train_ap: 0.9559 time: 2.2955s
INFO:root:Epoch: 0490 val_loss: 0.6296 val_roc: 0.9460 val_ap: 0.9377
INFO:root:Epoch: 0495 lr: 0.01 train_loss: 0.5570 train_roc: 0.9620 train_ap: 0.9515 time: 2.2949s
INFO:root:Epoch: 0495 val_loss: 0.6310 val_roc: 0.9452 val_ap: 0.9364
INFO:root:Epoch: 0500 lr: 0.01 train_loss: 0.5763 train_roc: 0.9652 train_ap: 0.9570 time: 0.9221s
INFO:root:Epoch: 0500 val_loss: 0.6381 val_roc: 0.9436 val_ap: 0.9343
INFO:root:Epoch: 0505 lr: 0.01 train_loss: 0.5455 train_roc: 0.9663 train_ap: 0.9580 time: 0.8960s
INFO:root:Epoch: 0505 val_loss: 0.6378 val_roc: 0.9441 val_ap: 0.9355
INFO:root:Epoch: 0510 lr: 0.01 train_loss: 0.5695 train_roc: 0.9623 train_ap: 0.9517 time: 0.8926s
INFO:root:Epoch: 0510 val_loss: 0.6350 val_roc: 0.9449 val_ap: 0.9368
INFO:root:Epoch: 0515 lr: 0.01 train_loss: 0.5603 train_roc: 0.9625 train_ap: 0.9523 time: 0.8595s
INFO:root:Epoch: 0515 val_loss: 0.6341 val_roc: 0.9449 val_ap: 0.9364
INFO:root:Epoch: 0520 lr: 0.01 train_loss: 0.5566 train_roc: 0.9657 train_ap: 0.9572 time: 0.9024s
INFO:root:Epoch: 0520 val_loss: 0.6405 val_roc: 0.9432 val_ap: 0.9336
INFO:root:Epoch: 0525 lr: 0.01 train_loss: 0.5348 train_roc: 0.9663 train_ap: 0.9581 time: 0.8762s
INFO:root:Epoch: 0525 val_loss: 0.6359 val_roc: 0.9444 val_ap: 0.9350
INFO:root:Epoch: 0530 lr: 0.01 train_loss: 0.5404 train_roc: 0.9670 train_ap: 0.9592 time: 0.8915s
INFO:root:Epoch: 0530 val_loss: 0.6351 val_roc: 0.9445 val_ap: 0.9352
INFO:root:Epoch: 0535 lr: 0.01 train_loss: 0.5657 train_roc: 0.9638 train_ap: 0.9556 time: 0.8776s
INFO:root:Epoch: 0535 val_loss: 0.6305 val_roc: 0.9454 val_ap: 0.9363
INFO:root:Epoch: 0540 lr: 0.01 train_loss: 0.5416 train_roc: 0.9655 train_ap: 0.9563 time: 0.9015s
INFO:root:Epoch: 0540 val_loss: 0.6309 val_roc: 0.9452 val_ap: 0.9360
INFO:root:Epoch: 0545 lr: 0.01 train_loss: 0.5629 train_roc: 0.9651 train_ap: 0.9576 time: 0.8584s
INFO:root:Epoch: 0545 val_loss: 0.6335 val_roc: 0.9450 val_ap: 0.9363
INFO:root:Epoch: 0550 lr: 0.01 train_loss: 0.5510 train_roc: 0.9662 train_ap: 0.9587 time: 0.8788s
INFO:root:Epoch: 0550 val_loss: 0.6335 val_roc: 0.9454 val_ap: 0.9371
INFO:root:Early stopping
INFO:root:Optimization Finished!
INFO:root:Total time elapsed: 1487.9351s
INFO:root:Val set results: val_loss: 0.6279 val_roc: 0.9461 val_ap: 0.9383
INFO:root:Test set results: test_loss: 0.6271 test_roc: 0.9449 test_ap: 0.9360
INFO:root:Saved model in /workspace/xiongbo/hgcn/logs/lp/2021_5_2/30
