INFO:root:Using: cuda:0
INFO:root:Using seed 1234.
INFO:root:Num classes: 3
INFO:root:NCModel(
  (encoder): HGCN(
    (layers): Sequential(
      (0): HyperbolicGraphConvolution(
        (linear): HypLinear(
          in_features=501, out_features=16, c=Parameter containing:
          tensor([-1.], requires_grad=True)
        )
        (agg): HypAgg(
          c=Parameter containing:
          tensor([-1.], requires_grad=True)
        )
        (hyp_act): HypAct(
          c_in=Parameter containing:
          tensor([-1.], requires_grad=True), c_out=Parameter containing:
          tensor([-1.], requires_grad=True)
        )
      )
    )
  )
  (decoder): LinearDecoder(
    in_features=16, out_features=3, bias=1, c=Parameter containing:
    tensor([-1.], requires_grad=True)
    (cls): Linear(
      (linear): Linear(in_features=16, out_features=3, bias=True)
    )
  )
)
INFO:root:Total number of parameters: 8085
/workspace/anaconda3/envs/geo/lib/python3.7/site-packages/torch/optim/lr_scheduler.py:370: UserWarning: To get the last learning rate computed by the scheduler, please use `get_last_lr()`.
  "please use `get_last_lr()`.", UserWarning)
INFO:root:Epoch: 0005 lr: 0.01 train_loss: 1.0129 train_acc: 0.5333 train_f1: 0.5333 time: 0.6401s
INFO:root:Epoch: 0005 val_loss: 1.0055 val_acc: 0.6620 val_f1: 0.6620
INFO:root:Epoch: 0010 lr: 0.01 train_loss: 0.8805 train_acc: 0.6833 train_f1: 0.6833 time: 0.6384s
INFO:root:Epoch: 0010 val_loss: 0.9488 val_acc: 0.6960 val_f1: 0.6960
INFO:root:Epoch: 0015 lr: 0.01 train_loss: 0.8102 train_acc: 0.7167 train_f1: 0.7167 time: 0.6375s
INFO:root:Epoch: 0015 val_loss: 0.9032 val_acc: 0.7000 val_f1: 0.7000
INFO:root:Epoch: 0020 lr: 0.01 train_loss: 0.7374 train_acc: 0.6500 train_f1: 0.6500 time: 0.6389s
INFO:root:Epoch: 0020 val_loss: 0.8403 val_acc: 0.7240 val_f1: 0.7240
INFO:root:Epoch: 0025 lr: 0.01 train_loss: 0.6192 train_acc: 0.8333 train_f1: 0.8333 time: 0.6382s
INFO:root:Epoch: 0025 val_loss: 0.7886 val_acc: 0.7280 val_f1: 0.7280
INFO:root:Epoch: 0030 lr: 0.01 train_loss: 0.5155 train_acc: 0.8333 train_f1: 0.8333 time: 0.6059s
INFO:root:Epoch: 0030 val_loss: 0.7549 val_acc: 0.7280 val_f1: 0.7280
INFO:root:Epoch: 0035 lr: 0.01 train_loss: 0.5300 train_acc: 0.7833 train_f1: 0.7833 time: 0.5923s
INFO:root:Epoch: 0035 val_loss: 0.7272 val_acc: 0.7300 val_f1: 0.7300
INFO:root:Epoch: 0040 lr: 0.01 train_loss: 0.4187 train_acc: 0.7500 train_f1: 0.7500 time: 0.5922s
INFO:root:Epoch: 0040 val_loss: 0.7145 val_acc: 0.7320 val_f1: 0.7320
INFO:root:Epoch: 0045 lr: 0.01 train_loss: 0.4946 train_acc: 0.7167 train_f1: 0.7167 time: 0.6291s
INFO:root:Epoch: 0045 val_loss: 0.7120 val_acc: 0.7200 val_f1: 0.7200
INFO:root:Epoch: 0050 lr: 0.01 train_loss: 0.4085 train_acc: 0.7833 train_f1: 0.7833 time: 0.5933s
INFO:root:Epoch: 0050 val_loss: 0.7227 val_acc: 0.7180 val_f1: 0.7180
INFO:root:Epoch: 0055 lr: 0.01 train_loss: 0.3468 train_acc: 0.7833 train_f1: 0.7833 time: 0.6411s
INFO:root:Epoch: 0055 val_loss: 0.7272 val_acc: 0.7220 val_f1: 0.7220
INFO:root:Epoch: 0060 lr: 0.01 train_loss: 0.4175 train_acc: 0.6667 train_f1: 0.6667 time: 0.6111s
INFO:root:Epoch: 0060 val_loss: 0.7643 val_acc: 0.7120 val_f1: 0.7120
INFO:root:Epoch: 0065 lr: 0.01 train_loss: 0.3371 train_acc: 0.8167 train_f1: 0.8167 time: 0.6152s
INFO:root:Epoch: 0065 val_loss: 0.8355 val_acc: 0.7120 val_f1: 0.7120
INFO:root:Epoch: 0070 lr: 0.01 train_loss: 0.2635 train_acc: 0.8500 train_f1: 0.8500 time: 0.6490s
INFO:root:Epoch: 0070 val_loss: 0.9004 val_acc: 0.7100 val_f1: 0.7100
INFO:root:Epoch: 0075 lr: 0.01 train_loss: 0.2401 train_acc: 0.8833 train_f1: 0.8833 time: 0.6515s
INFO:root:Epoch: 0075 val_loss: 0.9244 val_acc: 0.7120 val_f1: 0.7120
INFO:root:Epoch: 0080 lr: 0.01 train_loss: 0.2753 train_acc: 0.7667 train_f1: 0.7667 time: 0.6426s
INFO:root:Epoch: 0080 val_loss: 0.8829 val_acc: 0.7100 val_f1: 0.7100
INFO:root:Epoch: 0085 lr: 0.01 train_loss: 0.3541 train_acc: 0.7000 train_f1: 0.7000 time: 0.6554s
INFO:root:Epoch: 0085 val_loss: 0.8347 val_acc: 0.7000 val_f1: 0.7000
INFO:root:Epoch: 0090 lr: 0.01 train_loss: 0.3393 train_acc: 0.7500 train_f1: 0.7500 time: 0.6532s
INFO:root:Epoch: 0090 val_loss: 0.8853 val_acc: 0.7120 val_f1: 0.7120
INFO:root:Epoch: 0095 lr: 0.01 train_loss: 0.3214 train_acc: 0.8000 train_f1: 0.8000 time: 0.6494s
INFO:root:Epoch: 0095 val_loss: 0.9415 val_acc: 0.7140 val_f1: 0.7140
INFO:root:Epoch: 0100 lr: 0.01 train_loss: 0.3682 train_acc: 0.7500 train_f1: 0.7500 time: 0.6268s
INFO:root:Epoch: 0100 val_loss: 0.9177 val_acc: 0.7080 val_f1: 0.7080
INFO:root:Epoch: 0105 lr: 0.01 train_loss: 0.3057 train_acc: 0.8000 train_f1: 0.8000 time: 0.6557s
INFO:root:Epoch: 0105 val_loss: 0.9678 val_acc: 0.7060 val_f1: 0.7060
INFO:root:Epoch: 0110 lr: 0.01 train_loss: 0.3811 train_acc: 0.7333 train_f1: 0.7333 time: 0.6365s
INFO:root:Epoch: 0110 val_loss: 0.9680 val_acc: 0.7040 val_f1: 0.7040
INFO:root:Epoch: 0115 lr: 0.01 train_loss: 0.2586 train_acc: 0.8500 train_f1: 0.8500 time: 0.6222s
INFO:root:Epoch: 0115 val_loss: 0.9863 val_acc: 0.7020 val_f1: 0.7020
INFO:root:Epoch: 0120 lr: 0.01 train_loss: 0.3124 train_acc: 0.7500 train_f1: 0.7500 time: 0.6250s
INFO:root:Epoch: 0120 val_loss: 0.9701 val_acc: 0.7020 val_f1: 0.7020
INFO:root:Epoch: 0125 lr: 0.01 train_loss: 0.2525 train_acc: 0.7833 train_f1: 0.7833 time: 0.6515s
INFO:root:Epoch: 0125 val_loss: 0.9934 val_acc: 0.7040 val_f1: 0.7040
INFO:root:Epoch: 0130 lr: 0.01 train_loss: 0.3225 train_acc: 0.8000 train_f1: 0.8000 time: 0.6086s
INFO:root:Epoch: 0130 val_loss: 0.9903 val_acc: 0.7100 val_f1: 0.7100
INFO:root:Epoch: 0135 lr: 0.01 train_loss: 0.3080 train_acc: 0.7833 train_f1: 0.7833 time: 0.6071s
INFO:root:Epoch: 0135 val_loss: 0.9980 val_acc: 0.7000 val_f1: 0.7000
INFO:root:Epoch: 0140 lr: 0.01 train_loss: 0.2757 train_acc: 0.8000 train_f1: 0.8000 time: 0.6412s
INFO:root:Epoch: 0140 val_loss: 1.0103 val_acc: 0.7000 val_f1: 0.7000
INFO:root:Early stopping
INFO:root:Optimization Finished!
INFO:root:Total time elapsed: 141.6996s
INFO:root:Val set results: val_loss: 0.7145 val_acc: 0.7320 val_f1: 0.7320
INFO:root:Test set results: test_loss: 0.7222 test_acc: 0.7100 test_f1: 0.7100
INFO:root:Saved model in /workspace/xiongbo/hgcn/logs/nc/2021_5_2/23
