INFO:root:Using: cuda:0
INFO:root:Using seed 1234.
INFO:root:LPModel(
  (encoder): HNN(
    (layers): Sequential(
      (0): HNNLayer(
        (linear): HypLinear(
          in_features=501, out_features=16, c=Parameter containing:
          tensor([-1.], requires_grad=True)
        )
        (hyp_act): HypAct(
          c_in=Parameter containing:
          tensor([-1.], requires_grad=True), c_out=Parameter containing:
          tensor([-1.], requires_grad=True)
        )
      )
      (1): HNNLayer(
        (linear): HypLinear(
          in_features=16, out_features=16, c=Parameter containing:
          tensor([-1.], requires_grad=True)
        )
        (hyp_act): HypAct(
          c_in=Parameter containing:
          tensor([-1.], requires_grad=True), c_out=Parameter containing:
          tensor([-1.], requires_grad=True)
        )
      )
    )
  )
  (dc): FermiDiracDecoder()
)
INFO:root:Total number of parameters: 8305
/workspace/anaconda3/envs/geo/lib/python3.7/site-packages/torch/optim/lr_scheduler.py:370: UserWarning: To get the last learning rate computed by the scheduler, please use `get_last_lr()`.
  "please use `get_last_lr()`.", UserWarning)
INFO:root:Epoch: 0005 lr: 0.01 train_loss: 1.9421 train_roc: 0.5685 train_ap: 0.5599 time: 2.3988s
INFO:root:Epoch: 0005 val_loss: 1.9407 val_roc: 0.5907 val_ap: 0.5772
INFO:root:Epoch: 0010 lr: 0.01 train_loss: 1.9436 train_roc: 0.5825 train_ap: 0.5706 time: 2.4162s
INFO:root:Epoch: 0010 val_loss: 1.7664 val_roc: 0.6242 val_ap: 0.6185
INFO:root:Epoch: 0015 lr: 0.01 train_loss: 1.7368 train_roc: 0.5973 train_ap: 0.5847 time: 2.3794s
INFO:root:Epoch: 0015 val_loss: 1.5686 val_roc: 0.6385 val_ap: 0.6305
INFO:root:Epoch: 0020 lr: 0.01 train_loss: 1.4910 train_roc: 0.6125 train_ap: 0.6136 time: 2.4322s
INFO:root:Epoch: 0020 val_loss: 1.3946 val_roc: 0.6630 val_ap: 0.6477
INFO:root:Epoch: 0025 lr: 0.01 train_loss: 1.3794 train_roc: 0.6501 train_ap: 0.6400 time: 2.4882s
INFO:root:Epoch: 0025 val_loss: 1.2777 val_roc: 0.7143 val_ap: 0.6854
INFO:root:Epoch: 0030 lr: 0.01 train_loss: 1.3334 train_roc: 0.6934 train_ap: 0.6880 time: 2.4706s
INFO:root:Epoch: 0030 val_loss: 1.1669 val_roc: 0.7728 val_ap: 0.7503
INFO:root:Epoch: 0035 lr: 0.01 train_loss: 1.2942 train_roc: 0.7352 train_ap: 0.7248 time: 2.4224s
INFO:root:Epoch: 0035 val_loss: 1.0481 val_roc: 0.8217 val_ap: 0.8045
INFO:root:Epoch: 0040 lr: 0.01 train_loss: 1.1404 train_roc: 0.7877 train_ap: 0.7783 time: 2.3068s
INFO:root:Epoch: 0040 val_loss: 1.0136 val_roc: 0.8353 val_ap: 0.8111
INFO:root:Epoch: 0045 lr: 0.01 train_loss: 1.1309 train_roc: 0.7906 train_ap: 0.7785 time: 2.2741s
INFO:root:Epoch: 0045 val_loss: 0.9742 val_roc: 0.8509 val_ap: 0.8285
INFO:root:Epoch: 0050 lr: 0.01 train_loss: 1.0813 train_roc: 0.8120 train_ap: 0.8011 time: 2.3017s
INFO:root:Epoch: 0050 val_loss: 0.9429 val_roc: 0.8627 val_ap: 0.8415
INFO:root:Epoch: 0055 lr: 0.01 train_loss: 1.0545 train_roc: 0.8244 train_ap: 0.8187 time: 2.2406s
INFO:root:Epoch: 0055 val_loss: 0.9014 val_roc: 0.8744 val_ap: 0.8559
INFO:root:Epoch: 0060 lr: 0.01 train_loss: 1.0232 train_roc: 0.8310 train_ap: 0.8121 time: 2.1829s
INFO:root:Epoch: 0060 val_loss: 0.8582 val_roc: 0.8862 val_ap: 0.8685
INFO:root:Epoch: 0065 lr: 0.01 train_loss: 1.1240 train_roc: 0.8081 train_ap: 0.8025 time: 2.3723s
INFO:root:Epoch: 0065 val_loss: 0.8457 val_roc: 0.8913 val_ap: 0.8738
INFO:root:Epoch: 0070 lr: 0.01 train_loss: 1.0411 train_roc: 0.8338 train_ap: 0.8229 time: 2.3311s
INFO:root:Epoch: 0070 val_loss: 0.8347 val_roc: 0.8945 val_ap: 0.8771
INFO:root:Epoch: 0075 lr: 0.01 train_loss: 1.0005 train_roc: 0.8385 train_ap: 0.8213 time: 0.7322s
INFO:root:Epoch: 0075 val_loss: 0.8165 val_roc: 0.8977 val_ap: 0.8819
INFO:root:Epoch: 0080 lr: 0.01 train_loss: 0.9665 train_roc: 0.8578 train_ap: 0.8443 time: 0.7190s
INFO:root:Epoch: 0080 val_loss: 0.7969 val_roc: 0.9039 val_ap: 0.8879
INFO:root:Epoch: 0085 lr: 0.01 train_loss: 0.9747 train_roc: 0.8639 train_ap: 0.8497 time: 0.7183s
INFO:root:Epoch: 0085 val_loss: 0.7955 val_roc: 0.9074 val_ap: 0.8916
INFO:root:Epoch: 0090 lr: 0.01 train_loss: 0.9300 train_roc: 0.8647 train_ap: 0.8503 time: 0.7168s
INFO:root:Epoch: 0090 val_loss: 0.7842 val_roc: 0.9066 val_ap: 0.8918
INFO:root:Epoch: 0095 lr: 0.01 train_loss: 0.9459 train_roc: 0.8674 train_ap: 0.8500 time: 0.7322s
INFO:root:Epoch: 0095 val_loss: 0.7839 val_roc: 0.9061 val_ap: 0.8905
INFO:root:Epoch: 0100 lr: 0.01 train_loss: 0.9091 train_roc: 0.8705 train_ap: 0.8565 time: 0.6911s
INFO:root:Epoch: 0100 val_loss: 0.7765 val_roc: 0.9088 val_ap: 0.8935
INFO:root:Epoch: 0105 lr: 0.01 train_loss: 0.9163 train_roc: 0.8743 train_ap: 0.8622 time: 0.7324s
INFO:root:Epoch: 0105 val_loss: 0.7726 val_roc: 0.9109 val_ap: 0.8952
INFO:root:Epoch: 0110 lr: 0.01 train_loss: 0.8846 train_roc: 0.8767 train_ap: 0.8614 time: 0.7053s
INFO:root:Epoch: 0110 val_loss: 0.7641 val_roc: 0.9123 val_ap: 0.8949
INFO:root:Epoch: 0115 lr: 0.01 train_loss: 0.9024 train_roc: 0.8747 train_ap: 0.8624 time: 0.7049s
INFO:root:Epoch: 0115 val_loss: 0.7581 val_roc: 0.9136 val_ap: 0.8959
INFO:root:Epoch: 0120 lr: 0.01 train_loss: 0.8809 train_roc: 0.8787 train_ap: 0.8644 time: 0.7068s
INFO:root:Epoch: 0120 val_loss: 0.7516 val_roc: 0.9146 val_ap: 0.8976
INFO:root:Epoch: 0125 lr: 0.01 train_loss: 0.9383 train_roc: 0.8634 train_ap: 0.8537 time: 0.7653s
INFO:root:Epoch: 0125 val_loss: 0.7461 val_roc: 0.9153 val_ap: 0.8980
INFO:root:Epoch: 0130 lr: 0.01 train_loss: 0.8892 train_roc: 0.8787 train_ap: 0.8645 time: 0.7069s
INFO:root:Epoch: 0130 val_loss: 0.7452 val_roc: 0.9163 val_ap: 0.8996
INFO:root:Epoch: 0135 lr: 0.01 train_loss: 0.8820 train_roc: 0.8808 train_ap: 0.8664 time: 0.7056s
INFO:root:Epoch: 0135 val_loss: 0.7401 val_roc: 0.9180 val_ap: 0.9021
INFO:root:Epoch: 0140 lr: 0.01 train_loss: 0.9062 train_roc: 0.8690 train_ap: 0.8496 time: 0.7071s
INFO:root:Epoch: 0140 val_loss: 0.7398 val_roc: 0.9190 val_ap: 0.9038
INFO:root:Epoch: 0145 lr: 0.01 train_loss: 0.8536 train_roc: 0.8869 train_ap: 0.8711 time: 0.7058s
INFO:root:Epoch: 0145 val_loss: 0.7408 val_roc: 0.9198 val_ap: 0.9053
INFO:root:Epoch: 0150 lr: 0.01 train_loss: 0.8505 train_roc: 0.8917 train_ap: 0.8783 time: 0.6949s
INFO:root:Epoch: 0150 val_loss: 0.7397 val_roc: 0.9193 val_ap: 0.9044
INFO:root:Epoch: 0155 lr: 0.01 train_loss: 0.9658 train_roc: 0.8632 train_ap: 0.8558 time: 0.7198s
INFO:root:Epoch: 0155 val_loss: 0.7356 val_roc: 0.9189 val_ap: 0.9034
INFO:root:Epoch: 0160 lr: 0.01 train_loss: 0.8868 train_roc: 0.8826 train_ap: 0.8691 time: 0.7163s
INFO:root:Epoch: 0160 val_loss: 0.7398 val_roc: 0.9172 val_ap: 0.9010
INFO:root:Epoch: 0165 lr: 0.01 train_loss: 0.9123 train_roc: 0.8714 train_ap: 0.8583 time: 0.7451s
INFO:root:Epoch: 0165 val_loss: 0.7492 val_roc: 0.9185 val_ap: 0.9044
INFO:root:Epoch: 0170 lr: 0.01 train_loss: 0.8474 train_roc: 0.8909 train_ap: 0.8798 time: 0.6984s
INFO:root:Epoch: 0170 val_loss: 0.7542 val_roc: 0.9183 val_ap: 0.9049
INFO:root:Epoch: 0175 lr: 0.01 train_loss: 0.8715 train_roc: 0.8881 train_ap: 0.8748 time: 0.7336s
INFO:root:Epoch: 0175 val_loss: 0.7471 val_roc: 0.9188 val_ap: 0.9036
INFO:root:Epoch: 0180 lr: 0.01 train_loss: 0.8477 train_roc: 0.8906 train_ap: 0.8761 time: 0.7239s
INFO:root:Epoch: 0180 val_loss: 0.7362 val_roc: 0.9176 val_ap: 0.8986
INFO:root:Epoch: 0185 lr: 0.01 train_loss: 0.8441 train_roc: 0.8891 train_ap: 0.8727 time: 0.7233s
INFO:root:Epoch: 0185 val_loss: 0.7305 val_roc: 0.9191 val_ap: 0.8997
INFO:root:Epoch: 0190 lr: 0.01 train_loss: 0.8495 train_roc: 0.8914 train_ap: 0.8762 time: 0.7225s
INFO:root:Epoch: 0190 val_loss: 0.7363 val_roc: 0.9208 val_ap: 0.9032
INFO:root:Epoch: 0195 lr: 0.01 train_loss: 0.8200 train_roc: 0.8952 train_ap: 0.8773 time: 0.7518s
INFO:root:Epoch: 0195 val_loss: 0.7253 val_roc: 0.9211 val_ap: 0.9031
INFO:root:Epoch: 0200 lr: 0.01 train_loss: 0.8660 train_roc: 0.8932 train_ap: 0.8774 time: 0.7330s
INFO:root:Epoch: 0200 val_loss: 0.7273 val_roc: 0.9212 val_ap: 0.9044
INFO:root:Epoch: 0205 lr: 0.01 train_loss: 0.8096 train_roc: 0.8998 train_ap: 0.8834 time: 0.7118s
INFO:root:Epoch: 0205 val_loss: 0.7563 val_roc: 0.9196 val_ap: 0.9056
INFO:root:Epoch: 0210 lr: 0.01 train_loss: 0.8562 train_roc: 0.8914 train_ap: 0.8760 time: 0.7015s
INFO:root:Epoch: 0210 val_loss: 0.7500 val_roc: 0.9189 val_ap: 0.9038
INFO:root:Epoch: 0215 lr: 0.01 train_loss: 0.8406 train_roc: 0.8920 train_ap: 0.8789 time: 0.7155s
INFO:root:Epoch: 0215 val_loss: 0.7386 val_roc: 0.9184 val_ap: 0.9022
INFO:root:Epoch: 0220 lr: 0.01 train_loss: 0.8419 train_roc: 0.8936 train_ap: 0.8795 time: 0.7078s
INFO:root:Epoch: 0220 val_loss: 0.7262 val_roc: 0.9207 val_ap: 0.9045
INFO:root:Epoch: 0225 lr: 0.01 train_loss: 0.8987 train_roc: 0.8853 train_ap: 0.8737 time: 0.7368s
INFO:root:Epoch: 0225 val_loss: 0.7273 val_roc: 0.9216 val_ap: 0.9060
INFO:root:Epoch: 0230 lr: 0.01 train_loss: 0.9243 train_roc: 0.8773 train_ap: 0.8633 time: 0.7641s
INFO:root:Epoch: 0230 val_loss: 0.7336 val_roc: 0.9228 val_ap: 0.9087
INFO:root:Epoch: 0235 lr: 0.01 train_loss: 0.8109 train_roc: 0.8992 train_ap: 0.8841 time: 0.7281s
INFO:root:Epoch: 0235 val_loss: 0.7180 val_roc: 0.9222 val_ap: 0.9064
INFO:root:Epoch: 0240 lr: 0.01 train_loss: 0.8106 train_roc: 0.9002 train_ap: 0.8857 time: 0.7050s
INFO:root:Epoch: 0240 val_loss: 0.7194 val_roc: 0.9218 val_ap: 0.9062
INFO:root:Epoch: 0245 lr: 0.01 train_loss: 0.8814 train_roc: 0.8909 train_ap: 0.8768 time: 0.7146s
INFO:root:Epoch: 0245 val_loss: 0.7325 val_roc: 0.9224 val_ap: 0.9092
INFO:root:Epoch: 0250 lr: 0.01 train_loss: 0.8854 train_roc: 0.8841 train_ap: 0.8723 time: 0.7016s
INFO:root:Epoch: 0250 val_loss: 0.7625 val_roc: 0.9196 val_ap: 0.9078
INFO:root:Epoch: 0255 lr: 0.01 train_loss: 0.8348 train_roc: 0.8958 train_ap: 0.8779 time: 0.7164s
INFO:root:Epoch: 0255 val_loss: 0.7363 val_roc: 0.9189 val_ap: 0.9052
INFO:root:Epoch: 0260 lr: 0.01 train_loss: 0.8471 train_roc: 0.8995 train_ap: 0.8824 time: 0.7277s
INFO:root:Epoch: 0260 val_loss: 0.7285 val_roc: 0.9207 val_ap: 0.9053
INFO:root:Epoch: 0265 lr: 0.01 train_loss: 0.8217 train_roc: 0.8960 train_ap: 0.8811 time: 0.7320s
INFO:root:Epoch: 0265 val_loss: 0.7262 val_roc: 0.9223 val_ap: 0.9083
INFO:root:Epoch: 0270 lr: 0.01 train_loss: 0.8882 train_roc: 0.8818 train_ap: 0.8676 time: 0.7058s
INFO:root:Epoch: 0270 val_loss: 0.7574 val_roc: 0.9202 val_ap: 0.9070
INFO:root:Epoch: 0275 lr: 0.01 train_loss: 0.8299 train_roc: 0.8953 train_ap: 0.8806 time: 0.7352s
INFO:root:Epoch: 0275 val_loss: 0.7457 val_roc: 0.9208 val_ap: 0.9071
INFO:root:Epoch: 0280 lr: 0.01 train_loss: 0.8846 train_roc: 0.8854 train_ap: 0.8702 time: 0.7246s
INFO:root:Epoch: 0280 val_loss: 0.7297 val_roc: 0.9199 val_ap: 0.9032
INFO:root:Epoch: 0285 lr: 0.01 train_loss: 0.8724 train_roc: 0.8898 train_ap: 0.8746 time: 0.7691s
INFO:root:Epoch: 0285 val_loss: 0.7266 val_roc: 0.9204 val_ap: 0.9037
INFO:root:Epoch: 0290 lr: 0.01 train_loss: 0.8294 train_roc: 0.8937 train_ap: 0.8773 time: 0.7438s
INFO:root:Epoch: 0290 val_loss: 0.7391 val_roc: 0.9216 val_ap: 0.9065
INFO:root:Epoch: 0295 lr: 0.01 train_loss: 0.8366 train_roc: 0.8919 train_ap: 0.8763 time: 0.7279s
INFO:root:Epoch: 0295 val_loss: 0.7325 val_roc: 0.9220 val_ap: 0.9068
INFO:root:Epoch: 0300 lr: 0.01 train_loss: 0.8876 train_roc: 0.8763 train_ap: 0.8607 time: 0.7081s
INFO:root:Epoch: 0300 val_loss: 0.7212 val_roc: 0.9218 val_ap: 0.9063
INFO:root:Epoch: 0305 lr: 0.01 train_loss: 0.8751 train_roc: 0.8863 train_ap: 0.8718 time: 0.7155s
INFO:root:Epoch: 0305 val_loss: 0.7293 val_roc: 0.9201 val_ap: 0.9047
INFO:root:Epoch: 0310 lr: 0.01 train_loss: 0.8441 train_roc: 0.8904 train_ap: 0.8752 time: 0.7340s
INFO:root:Epoch: 0310 val_loss: 0.7400 val_roc: 0.9181 val_ap: 0.9035
INFO:root:Epoch: 0315 lr: 0.01 train_loss: 0.8727 train_roc: 0.8966 train_ap: 0.8835 time: 0.7127s
INFO:root:Epoch: 0315 val_loss: 0.7342 val_roc: 0.9221 val_ap: 0.9092
INFO:root:Epoch: 0320 lr: 0.01 train_loss: 0.8350 train_roc: 0.8902 train_ap: 0.8722 time: 0.7337s
INFO:root:Epoch: 0320 val_loss: 0.7172 val_roc: 0.9231 val_ap: 0.9095
INFO:root:Epoch: 0325 lr: 0.01 train_loss: 0.8166 train_roc: 0.8983 train_ap: 0.8840 time: 0.7020s
INFO:root:Epoch: 0325 val_loss: 0.7118 val_roc: 0.9235 val_ap: 0.9092
INFO:root:Epoch: 0330 lr: 0.01 train_loss: 0.8228 train_roc: 0.8966 train_ap: 0.8823 time: 0.7060s
INFO:root:Epoch: 0330 val_loss: 0.7116 val_roc: 0.9247 val_ap: 0.9109
INFO:root:Epoch: 0335 lr: 0.01 train_loss: 0.8513 train_roc: 0.8928 train_ap: 0.8815 time: 0.7058s
INFO:root:Epoch: 0335 val_loss: 0.7173 val_roc: 0.9233 val_ap: 0.9088
INFO:root:Epoch: 0340 lr: 0.01 train_loss: 0.8620 train_roc: 0.8952 train_ap: 0.8787 time: 0.7514s
INFO:root:Epoch: 0340 val_loss: 0.7271 val_roc: 0.9212 val_ap: 0.9062
INFO:root:Epoch: 0345 lr: 0.01 train_loss: 0.8263 train_roc: 0.8995 train_ap: 0.8855 time: 0.7450s
INFO:root:Epoch: 0345 val_loss: 0.7272 val_roc: 0.9214 val_ap: 0.9061
INFO:root:Epoch: 0350 lr: 0.01 train_loss: 0.8244 train_roc: 0.8952 train_ap: 0.8793 time: 0.7241s
INFO:root:Epoch: 0350 val_loss: 0.7202 val_roc: 0.9221 val_ap: 0.9059
INFO:root:Epoch: 0355 lr: 0.01 train_loss: 0.8009 train_roc: 0.9031 train_ap: 0.8873 time: 0.7126s
INFO:root:Epoch: 0355 val_loss: 0.7207 val_roc: 0.9223 val_ap: 0.9070
INFO:root:Epoch: 0360 lr: 0.01 train_loss: 0.8358 train_roc: 0.8933 train_ap: 0.8769 time: 0.7081s
INFO:root:Epoch: 0360 val_loss: 0.7281 val_roc: 0.9203 val_ap: 0.9047
INFO:root:Epoch: 0365 lr: 0.01 train_loss: 0.8396 train_roc: 0.8923 train_ap: 0.8786 time: 0.7310s
INFO:root:Epoch: 0365 val_loss: 0.7333 val_roc: 0.9194 val_ap: 0.9027
INFO:root:Epoch: 0370 lr: 0.01 train_loss: 0.8389 train_roc: 0.8969 train_ap: 0.8812 time: 0.7125s
INFO:root:Epoch: 0370 val_loss: 0.7172 val_roc: 0.9225 val_ap: 0.9057
INFO:root:Epoch: 0375 lr: 0.01 train_loss: 0.8103 train_roc: 0.8994 train_ap: 0.8838 time: 0.7344s
INFO:root:Epoch: 0375 val_loss: 0.7183 val_roc: 0.9237 val_ap: 0.9081
INFO:root:Epoch: 0380 lr: 0.01 train_loss: 0.8365 train_roc: 0.8970 train_ap: 0.8841 time: 0.7418s
INFO:root:Epoch: 0380 val_loss: 0.7171 val_roc: 0.9236 val_ap: 0.9091
INFO:root:Epoch: 0385 lr: 0.01 train_loss: 0.8337 train_roc: 0.9010 train_ap: 0.8889 time: 0.7004s
INFO:root:Epoch: 0385 val_loss: 0.7111 val_roc: 0.9248 val_ap: 0.9110
INFO:root:Epoch: 0390 lr: 0.01 train_loss: 0.8673 train_roc: 0.8941 train_ap: 0.8794 time: 0.7350s
INFO:root:Epoch: 0390 val_loss: 0.7347 val_roc: 0.9248 val_ap: 0.9117
INFO:root:Epoch: 0395 lr: 0.01 train_loss: 0.8526 train_roc: 0.8946 train_ap: 0.8805 time: 0.7168s
INFO:root:Epoch: 0395 val_loss: 0.7207 val_roc: 0.9236 val_ap: 0.9106
INFO:root:Epoch: 0400 lr: 0.01 train_loss: 0.8528 train_roc: 0.8923 train_ap: 0.8773 time: 0.7201s
INFO:root:Epoch: 0400 val_loss: 0.7258 val_roc: 0.9211 val_ap: 0.9065
INFO:root:Epoch: 0405 lr: 0.01 train_loss: 0.8725 train_roc: 0.8832 train_ap: 0.8705 time: 0.7326s
INFO:root:Epoch: 0405 val_loss: 0.7128 val_roc: 0.9241 val_ap: 0.9098
INFO:root:Epoch: 0410 lr: 0.01 train_loss: 0.8423 train_roc: 0.8966 train_ap: 0.8837 time: 0.7224s
INFO:root:Epoch: 0410 val_loss: 0.7196 val_roc: 0.9226 val_ap: 0.9088
INFO:root:Epoch: 0415 lr: 0.01 train_loss: 0.8279 train_roc: 0.8958 train_ap: 0.8791 time: 0.7205s
INFO:root:Epoch: 0415 val_loss: 0.7255 val_roc: 0.9216 val_ap: 0.9079
INFO:root:Epoch: 0420 lr: 0.01 train_loss: 0.7912 train_roc: 0.9045 train_ap: 0.8882 time: 0.6945s
INFO:root:Epoch: 0420 val_loss: 0.7144 val_roc: 0.9241 val_ap: 0.9103
INFO:root:Epoch: 0425 lr: 0.01 train_loss: 0.8275 train_roc: 0.8952 train_ap: 0.8812 time: 0.7221s
INFO:root:Epoch: 0425 val_loss: 0.7203 val_roc: 0.9238 val_ap: 0.9106
INFO:root:Epoch: 0430 lr: 0.01 train_loss: 0.8660 train_roc: 0.8885 train_ap: 0.8759 time: 0.7584s
INFO:root:Epoch: 0430 val_loss: 0.7230 val_roc: 0.9242 val_ap: 0.9114
INFO:root:Epoch: 0435 lr: 0.01 train_loss: 0.7973 train_roc: 0.9047 train_ap: 0.8898 time: 0.7236s
INFO:root:Epoch: 0435 val_loss: 0.7100 val_roc: 0.9246 val_ap: 0.9100
INFO:root:Epoch: 0440 lr: 0.01 train_loss: 0.8496 train_roc: 0.8876 train_ap: 0.8703 time: 0.7443s
INFO:root:Epoch: 0440 val_loss: 0.7083 val_roc: 0.9242 val_ap: 0.9093
INFO:root:Epoch: 0445 lr: 0.01 train_loss: 0.8193 train_roc: 0.8974 train_ap: 0.8822 time: 0.6941s
INFO:root:Epoch: 0445 val_loss: 0.7145 val_roc: 0.9245 val_ap: 0.9116
INFO:root:Epoch: 0450 lr: 0.01 train_loss: 0.7906 train_roc: 0.9055 train_ap: 0.8902 time: 0.7115s
INFO:root:Epoch: 0450 val_loss: 0.7418 val_roc: 0.9229 val_ap: 0.9114
INFO:root:Epoch: 0455 lr: 0.01 train_loss: 0.8480 train_roc: 0.8910 train_ap: 0.8786 time: 0.7369s
INFO:root:Epoch: 0455 val_loss: 0.7214 val_roc: 0.9226 val_ap: 0.9099
INFO:root:Epoch: 0460 lr: 0.01 train_loss: 0.7981 train_roc: 0.9096 train_ap: 0.8945 time: 0.7526s
INFO:root:Epoch: 0460 val_loss: 0.7184 val_roc: 0.9232 val_ap: 0.9092
INFO:root:Epoch: 0465 lr: 0.01 train_loss: 0.8161 train_roc: 0.9003 train_ap: 0.8843 time: 0.7226s
INFO:root:Epoch: 0465 val_loss: 0.7144 val_roc: 0.9250 val_ap: 0.9126
INFO:root:Epoch: 0470 lr: 0.01 train_loss: 0.8255 train_roc: 0.9017 train_ap: 0.8865 time: 0.6983s
INFO:root:Epoch: 0470 val_loss: 0.7119 val_roc: 0.9254 val_ap: 0.9127
INFO:root:Epoch: 0475 lr: 0.01 train_loss: 0.7982 train_roc: 0.9027 train_ap: 0.8872 time: 0.7044s
INFO:root:Epoch: 0475 val_loss: 0.7144 val_roc: 0.9233 val_ap: 0.9096
INFO:root:Epoch: 0480 lr: 0.01 train_loss: 0.8231 train_roc: 0.8963 train_ap: 0.8803 time: 0.7342s
INFO:root:Epoch: 0480 val_loss: 0.7132 val_roc: 0.9234 val_ap: 0.9089
INFO:root:Epoch: 0485 lr: 0.01 train_loss: 0.8140 train_roc: 0.9032 train_ap: 0.8874 time: 0.7366s
INFO:root:Epoch: 0485 val_loss: 0.7114 val_roc: 0.9245 val_ap: 0.9105
INFO:root:Epoch: 0490 lr: 0.01 train_loss: 0.8897 train_roc: 0.8929 train_ap: 0.8774 time: 0.7296s
INFO:root:Epoch: 0490 val_loss: 0.7654 val_roc: 0.9245 val_ap: 0.9121
INFO:root:Epoch: 0495 lr: 0.01 train_loss: 0.8071 train_roc: 0.9031 train_ap: 0.8883 time: 0.7355s
INFO:root:Epoch: 0495 val_loss: 0.7200 val_roc: 0.9220 val_ap: 0.9080
INFO:root:Epoch: 0500 lr: 0.01 train_loss: 0.8832 train_roc: 0.8788 train_ap: 0.8633 time: 0.7457s
INFO:root:Epoch: 0500 val_loss: 0.7360 val_roc: 0.9203 val_ap: 0.9055
INFO:root:Epoch: 0505 lr: 0.01 train_loss: 0.8139 train_roc: 0.8989 train_ap: 0.8833 time: 0.7377s
INFO:root:Epoch: 0505 val_loss: 0.7207 val_roc: 0.9211 val_ap: 0.9067
INFO:root:Epoch: 0510 lr: 0.01 train_loss: 0.8200 train_roc: 0.8992 train_ap: 0.8848 time: 0.7133s
INFO:root:Epoch: 0510 val_loss: 0.7397 val_roc: 0.9213 val_ap: 0.9080
INFO:root:Epoch: 0515 lr: 0.01 train_loss: 0.8381 train_roc: 0.8992 train_ap: 0.8849 time: 0.7203s
INFO:root:Epoch: 0515 val_loss: 0.7311 val_roc: 0.9196 val_ap: 0.9064
INFO:root:Epoch: 0520 lr: 0.01 train_loss: 0.8386 train_roc: 0.8945 train_ap: 0.8800 time: 0.7378s
INFO:root:Epoch: 0520 val_loss: 0.7330 val_roc: 0.9199 val_ap: 0.9071
INFO:root:Epoch: 0525 lr: 0.01 train_loss: 0.8159 train_roc: 0.8978 train_ap: 0.8830 time: 0.7051s
INFO:root:Epoch: 0525 val_loss: 0.7243 val_roc: 0.9223 val_ap: 0.9105
INFO:root:Epoch: 0530 lr: 0.01 train_loss: 0.8665 train_roc: 0.8977 train_ap: 0.8848 time: 0.7311s
INFO:root:Epoch: 0530 val_loss: 0.7335 val_roc: 0.9235 val_ap: 0.9122
INFO:root:Epoch: 0535 lr: 0.01 train_loss: 0.8108 train_roc: 0.9000 train_ap: 0.8866 time: 0.7220s
INFO:root:Epoch: 0535 val_loss: 0.7145 val_roc: 0.9239 val_ap: 0.9118
INFO:root:Epoch: 0540 lr: 0.01 train_loss: 0.8712 train_roc: 0.8912 train_ap: 0.8798 time: 0.7554s
INFO:root:Epoch: 0540 val_loss: 0.7200 val_roc: 0.9229 val_ap: 0.9099
INFO:root:Epoch: 0545 lr: 0.01 train_loss: 0.8144 train_roc: 0.8980 train_ap: 0.8834 time: 0.7086s
INFO:root:Epoch: 0545 val_loss: 0.7198 val_roc: 0.9221 val_ap: 0.9090
INFO:root:Epoch: 0550 lr: 0.01 train_loss: 0.9183 train_roc: 0.8882 train_ap: 0.8748 time: 0.7253s
INFO:root:Epoch: 0550 val_loss: 0.7285 val_roc: 0.9222 val_ap: 0.9095
INFO:root:Epoch: 0555 lr: 0.01 train_loss: 0.8219 train_roc: 0.8965 train_ap: 0.8807 time: 0.7139s
INFO:root:Epoch: 0555 val_loss: 0.7204 val_roc: 0.9219 val_ap: 0.9083
INFO:root:Epoch: 0560 lr: 0.01 train_loss: 0.8301 train_roc: 0.8954 train_ap: 0.8818 time: 0.7195s
INFO:root:Epoch: 0560 val_loss: 0.7161 val_roc: 0.9230 val_ap: 0.9099
INFO:root:Epoch: 0565 lr: 0.01 train_loss: 0.8171 train_roc: 0.8985 train_ap: 0.8821 time: 0.7382s
INFO:root:Epoch: 0565 val_loss: 0.7177 val_roc: 0.9235 val_ap: 0.9117
INFO:root:Early stopping
INFO:root:Optimization Finished!
INFO:root:Total time elapsed: 748.5530s
INFO:root:Val set results: val_loss: 0.7181 val_roc: 0.9258 val_ap: 0.9138
INFO:root:Test set results: test_loss: 0.7145 test_roc: 0.9239 test_ap: 0.9086
INFO:root:Saved model in /workspace/xiongbo/hgcn/logs/lp/2021_5_7/10
