INFO:root:Using: cuda:0
INFO:root:Using seed 1234.
INFO:root:LPModel(
  (encoder): HGCN(
    (layers): Sequential(
      (0): HyperbolicGraphConvolution(
        (linear): HypLinear(
          in_features=501, out_features=16, c=Parameter containing:
          tensor([-1.], requires_grad=True)
        )
        (agg): HypAgg(
          c=Parameter containing:
          tensor([-1.], requires_grad=True)
        )
        (hyp_act): HypAct(
          c_in=Parameter containing:
          tensor([-1.], requires_grad=True), c_out=Parameter containing:
          tensor([-1.], requires_grad=True)
        )
      )
      (1): HyperbolicGraphConvolution(
        (linear): HypLinear(
          in_features=16, out_features=16, c=Parameter containing:
          tensor([-1.], requires_grad=True)
        )
        (agg): HypAgg(
          c=Parameter containing:
          tensor([-1.], requires_grad=True)
        )
        (hyp_act): HypAct(
          c_in=Parameter containing:
          tensor([-1.], requires_grad=True), c_out=Parameter containing:
          tensor([-1.], requires_grad=True)
        )
      )
    )
  )
  (dc): FermiDiracDecoder()
)
INFO:root:Total number of parameters: 8307
/workspace/anaconda3/envs/geo/lib/python3.7/site-packages/torch/optim/lr_scheduler.py:370: UserWarning: To get the last learning rate computed by the scheduler, please use `get_last_lr()`.
  "please use `get_last_lr()`.", UserWarning)
INFO:root:Epoch: 0005 lr: 0.01 train_loss: 2.1684 train_roc: 0.8307 train_ap: 0.7950 time: 0.9182s
INFO:root:Epoch: 0005 val_loss: 2.1554 val_roc: 0.6936 val_ap: 0.6856
INFO:root:Epoch: 0010 lr: 0.01 train_loss: 2.1045 train_roc: 0.8756 train_ap: 0.8431 time: 0.8891s
INFO:root:Epoch: 0010 val_loss: 1.8974 val_roc: 0.8118 val_ap: 0.7972
INFO:root:Epoch: 0015 lr: 0.01 train_loss: 1.8628 train_roc: 0.9214 train_ap: 0.8967 time: 0.9072s
INFO:root:Epoch: 0015 val_loss: 1.6799 val_roc: 0.8634 val_ap: 0.8675
INFO:root:Epoch: 0020 lr: 0.01 train_loss: 1.5768 train_roc: 0.9570 train_ap: 0.9469 time: 0.9011s
INFO:root:Epoch: 0020 val_loss: 1.3802 val_roc: 0.8643 val_ap: 0.8609
INFO:root:Epoch: 0025 lr: 0.01 train_loss: 1.2207 train_roc: 0.9551 train_ap: 0.9436 time: 0.8926s
INFO:root:Epoch: 0025 val_loss: 1.0714 val_roc: 0.8722 val_ap: 0.8638
INFO:root:Epoch: 0030 lr: 0.01 train_loss: 0.9213 train_roc: 0.9502 train_ap: 0.9334 time: 0.8924s
INFO:root:Epoch: 0030 val_loss: 0.8708 val_roc: 0.8906 val_ap: 0.8833
INFO:root:Epoch: 0035 lr: 0.01 train_loss: 0.7275 train_roc: 0.9531 train_ap: 0.9404 time: 0.8964s
INFO:root:Epoch: 0035 val_loss: 0.8671 val_roc: 0.9040 val_ap: 0.8990
INFO:root:Epoch: 0040 lr: 0.01 train_loss: 0.5666 train_roc: 0.9534 train_ap: 0.9416 time: 0.9048s
INFO:root:Epoch: 0040 val_loss: 1.1803 val_roc: 0.9006 val_ap: 0.8939
INFO:root:Epoch: 0045 lr: 0.01 train_loss: 0.5365 train_roc: 0.9672 train_ap: 0.9587 time: 0.8918s
INFO:root:Epoch: 0045 val_loss: 1.3460 val_roc: 0.9046 val_ap: 0.8975
INFO:root:Epoch: 0050 lr: 0.01 train_loss: 0.5563 train_roc: 0.9590 train_ap: 0.9510 time: 0.8804s
INFO:root:Epoch: 0050 val_loss: 1.0776 val_roc: 0.9076 val_ap: 0.9044
INFO:root:Epoch: 0055 lr: 0.01 train_loss: 0.5096 train_roc: 0.9695 train_ap: 0.9643 time: 0.8948s
INFO:root:Epoch: 0055 val_loss: 0.8998 val_roc: 0.9133 val_ap: 0.9114
INFO:root:Epoch: 0060 lr: 0.01 train_loss: 0.4905 train_roc: 0.9714 train_ap: 0.9656 time: 0.8857s
INFO:root:Epoch: 0060 val_loss: 0.9049 val_roc: 0.9233 val_ap: 0.9209
INFO:root:Epoch: 0065 lr: 0.01 train_loss: 0.4750 train_roc: 0.9742 train_ap: 0.9689 time: 0.8959s
INFO:root:Epoch: 0065 val_loss: 0.9901 val_roc: 0.9279 val_ap: 0.9238
INFO:root:Epoch: 0070 lr: 0.01 train_loss: 0.4870 train_roc: 0.9728 train_ap: 0.9680 time: 0.8834s
INFO:root:Epoch: 0070 val_loss: 1.0187 val_roc: 0.9295 val_ap: 0.9252
INFO:root:Epoch: 0075 lr: 0.01 train_loss: 0.4860 train_roc: 0.9698 train_ap: 0.9607 time: 0.8733s
INFO:root:Epoch: 0075 val_loss: 0.9852 val_roc: 0.9312 val_ap: 0.9274
INFO:root:Epoch: 0080 lr: 0.01 train_loss: 0.4687 train_roc: 0.9755 train_ap: 0.9718 time: 0.8552s
INFO:root:Epoch: 0080 val_loss: 0.9432 val_roc: 0.9322 val_ap: 0.9286
INFO:root:Epoch: 0085 lr: 0.01 train_loss: 0.4362 train_roc: 0.9799 train_ap: 0.9750 time: 0.8578s
INFO:root:Epoch: 0085 val_loss: 0.8909 val_roc: 0.9324 val_ap: 0.9291
INFO:root:Epoch: 0090 lr: 0.01 train_loss: 0.4392 train_roc: 0.9783 train_ap: 0.9721 time: 0.8892s
INFO:root:Epoch: 0090 val_loss: 0.8604 val_roc: 0.9334 val_ap: 0.9309
INFO:root:Epoch: 0095 lr: 0.01 train_loss: 0.4353 train_roc: 0.9805 train_ap: 0.9772 time: 0.8861s
INFO:root:Epoch: 0095 val_loss: 0.9125 val_roc: 0.9345 val_ap: 0.9327
INFO:root:Epoch: 0100 lr: 0.01 train_loss: 0.4407 train_roc: 0.9802 train_ap: 0.9763 time: 0.8849s
INFO:root:Epoch: 0100 val_loss: 0.9078 val_roc: 0.9334 val_ap: 0.9322
INFO:root:Epoch: 0105 lr: 0.01 train_loss: 0.4456 train_roc: 0.9815 train_ap: 0.9788 time: 0.8703s
INFO:root:Epoch: 0105 val_loss: 0.9230 val_roc: 0.9325 val_ap: 0.9317
INFO:root:Epoch: 0110 lr: 0.01 train_loss: 0.4240 train_roc: 0.9819 train_ap: 0.9787 time: 0.8583s
INFO:root:Epoch: 0110 val_loss: 0.9026 val_roc: 0.9338 val_ap: 0.9331
INFO:root:Epoch: 0115 lr: 0.01 train_loss: 0.4533 train_roc: 0.9819 train_ap: 0.9790 time: 0.8503s
INFO:root:Epoch: 0115 val_loss: 0.8520 val_roc: 0.9368 val_ap: 0.9357
INFO:root:Epoch: 0120 lr: 0.01 train_loss: 0.4645 train_roc: 0.9778 train_ap: 0.9741 time: 0.8698s
INFO:root:Epoch: 0120 val_loss: 0.9534 val_roc: 0.9379 val_ap: 0.9361
INFO:root:Epoch: 0125 lr: 0.01 train_loss: 0.4583 train_roc: 0.9777 train_ap: 0.9749 time: 0.8774s
INFO:root:Epoch: 0125 val_loss: 0.9032 val_roc: 0.9378 val_ap: 0.9359
INFO:root:Epoch: 0130 lr: 0.01 train_loss: 0.4254 train_roc: 0.9827 train_ap: 0.9801 time: 0.8748s
INFO:root:Epoch: 0130 val_loss: 0.8180 val_roc: 0.9384 val_ap: 0.9368
INFO:root:Epoch: 0135 lr: 0.01 train_loss: 0.4217 train_roc: 0.9839 train_ap: 0.9806 time: 0.8846s
INFO:root:Epoch: 0135 val_loss: 0.8011 val_roc: 0.9400 val_ap: 0.9388
INFO:root:Epoch: 0140 lr: 0.01 train_loss: 0.4162 train_roc: 0.9855 train_ap: 0.9829 time: 0.8659s
INFO:root:Epoch: 0140 val_loss: 0.8412 val_roc: 0.9408 val_ap: 0.9401
INFO:root:Epoch: 0145 lr: 0.01 train_loss: 0.3945 train_roc: 0.9849 train_ap: 0.9812 time: 0.8551s
INFO:root:Epoch: 0145 val_loss: 0.9141 val_roc: 0.9419 val_ap: 0.9411
INFO:root:Epoch: 0150 lr: 0.01 train_loss: 0.4162 train_roc: 0.9838 train_ap: 0.9806 time: 0.8721s
INFO:root:Epoch: 0150 val_loss: 0.8708 val_roc: 0.9428 val_ap: 0.9421
INFO:root:Epoch: 0155 lr: 0.01 train_loss: 0.4683 train_roc: 0.9795 train_ap: 0.9765 time: 0.8628s
INFO:root:Epoch: 0155 val_loss: 0.8323 val_roc: 0.9435 val_ap: 0.9428
INFO:root:Epoch: 0160 lr: 0.01 train_loss: 0.4399 train_roc: 0.9800 train_ap: 0.9760 time: 0.8751s
INFO:root:Epoch: 0160 val_loss: 0.8071 val_roc: 0.9433 val_ap: 0.9426
INFO:root:Epoch: 0165 lr: 0.01 train_loss: 0.4472 train_roc: 0.9784 train_ap: 0.9740 time: 0.8635s
INFO:root:Epoch: 0165 val_loss: 0.8099 val_roc: 0.9429 val_ap: 0.9424
INFO:root:Epoch: 0170 lr: 0.01 train_loss: 0.4050 train_roc: 0.9848 train_ap: 0.9819 time: 0.8750s
INFO:root:Epoch: 0170 val_loss: 0.7934 val_roc: 0.9430 val_ap: 0.9429
INFO:root:Epoch: 0175 lr: 0.01 train_loss: 0.4138 train_roc: 0.9849 train_ap: 0.9811 time: 0.8813s
INFO:root:Epoch: 0175 val_loss: 0.7864 val_roc: 0.9441 val_ap: 0.9441
INFO:root:Epoch: 0180 lr: 0.01 train_loss: 0.4102 train_roc: 0.9846 train_ap: 0.9819 time: 0.8647s
INFO:root:Epoch: 0180 val_loss: 0.9470 val_roc: 0.9455 val_ap: 0.9451
INFO:root:Epoch: 0185 lr: 0.01 train_loss: 0.4445 train_roc: 0.9829 train_ap: 0.9801 time: 0.8765s
INFO:root:Epoch: 0185 val_loss: 0.9622 val_roc: 0.9465 val_ap: 0.9460
INFO:root:Epoch: 0190 lr: 0.01 train_loss: 0.4242 train_roc: 0.9850 train_ap: 0.9816 time: 0.8653s
INFO:root:Epoch: 0190 val_loss: 0.8240 val_roc: 0.9469 val_ap: 0.9464
INFO:root:Epoch: 0195 lr: 0.01 train_loss: 0.4116 train_roc: 0.9843 train_ap: 0.9818 time: 0.8622s
INFO:root:Epoch: 0195 val_loss: 0.8118 val_roc: 0.9470 val_ap: 0.9465
INFO:root:Epoch: 0200 lr: 0.01 train_loss: 0.4055 train_roc: 0.9851 train_ap: 0.9820 time: 0.8706s
INFO:root:Epoch: 0200 val_loss: 0.8692 val_roc: 0.9475 val_ap: 0.9469
INFO:root:Epoch: 0205 lr: 0.01 train_loss: 0.4422 train_roc: 0.9830 train_ap: 0.9781 time: 0.8727s
INFO:root:Epoch: 0205 val_loss: 0.9286 val_roc: 0.9482 val_ap: 0.9474
INFO:root:Epoch: 0210 lr: 0.01 train_loss: 0.4285 train_roc: 0.9847 train_ap: 0.9820 time: 0.9262s
INFO:root:Epoch: 0210 val_loss: 0.8840 val_roc: 0.9486 val_ap: 0.9476
INFO:root:Epoch: 0215 lr: 0.01 train_loss: 0.4119 train_roc: 0.9836 train_ap: 0.9802 time: 0.8714s
INFO:root:Epoch: 0215 val_loss: 0.7274 val_roc: 0.9485 val_ap: 0.9478
INFO:root:Epoch: 0220 lr: 0.01 train_loss: 0.3875 train_roc: 0.9877 train_ap: 0.9852 time: 0.8310s
INFO:root:Epoch: 0220 val_loss: 0.7601 val_roc: 0.9480 val_ap: 0.9474
INFO:root:Epoch: 0225 lr: 0.01 train_loss: 0.4232 train_roc: 0.9867 train_ap: 0.9847 time: 0.8721s
INFO:root:Epoch: 0225 val_loss: 0.9097 val_roc: 0.9482 val_ap: 0.9475
INFO:root:Epoch: 0230 lr: 0.01 train_loss: 0.4387 train_roc: 0.9817 train_ap: 0.9791 time: 0.8690s
INFO:root:Epoch: 0230 val_loss: 0.8373 val_roc: 0.9483 val_ap: 0.9475
INFO:root:Epoch: 0235 lr: 0.01 train_loss: 0.4007 train_roc: 0.9860 train_ap: 0.9832 time: 0.8607s
INFO:root:Epoch: 0235 val_loss: 0.7619 val_roc: 0.9479 val_ap: 0.9468
INFO:root:Epoch: 0240 lr: 0.01 train_loss: 0.3872 train_roc: 0.9875 train_ap: 0.9847 time: 0.8568s
INFO:root:Epoch: 0240 val_loss: 0.7744 val_roc: 0.9479 val_ap: 0.9466
INFO:root:Epoch: 0245 lr: 0.01 train_loss: 0.4383 train_roc: 0.9800 train_ap: 0.9755 time: 0.8880s
INFO:root:Epoch: 0245 val_loss: 0.7990 val_roc: 0.9480 val_ap: 0.9467
INFO:root:Epoch: 0250 lr: 0.01 train_loss: 0.4136 train_roc: 0.9831 train_ap: 0.9802 time: 0.8786s
INFO:root:Epoch: 0250 val_loss: 0.8153 val_roc: 0.9478 val_ap: 0.9471
INFO:root:Epoch: 0255 lr: 0.01 train_loss: 0.4020 train_roc: 0.9861 train_ap: 0.9839 time: 0.8767s
INFO:root:Epoch: 0255 val_loss: 0.8213 val_roc: 0.9467 val_ap: 0.9462
INFO:root:Epoch: 0260 lr: 0.01 train_loss: 0.4152 train_roc: 0.9858 train_ap: 0.9834 time: 0.8478s
INFO:root:Epoch: 0260 val_loss: 0.8139 val_roc: 0.9463 val_ap: 0.9456
INFO:root:Epoch: 0265 lr: 0.01 train_loss: 0.4051 train_roc: 0.9848 train_ap: 0.9828 time: 0.8663s
INFO:root:Epoch: 0265 val_loss: 0.7904 val_roc: 0.9467 val_ap: 0.9458
INFO:root:Epoch: 0270 lr: 0.01 train_loss: 0.4281 train_roc: 0.9857 train_ap: 0.9827 time: 0.8693s
INFO:root:Epoch: 0270 val_loss: 0.7691 val_roc: 0.9482 val_ap: 0.9473
INFO:root:Epoch: 0275 lr: 0.01 train_loss: 0.3980 train_roc: 0.9870 train_ap: 0.9840 time: 0.8627s
INFO:root:Epoch: 0275 val_loss: 0.7366 val_roc: 0.9489 val_ap: 0.9480
INFO:root:Epoch: 0280 lr: 0.01 train_loss: 0.4383 train_roc: 0.9813 train_ap: 0.9793 time: 0.8398s
INFO:root:Epoch: 0280 val_loss: 0.8019 val_roc: 0.9491 val_ap: 0.9481
INFO:root:Epoch: 0285 lr: 0.01 train_loss: 0.4174 train_roc: 0.9859 train_ap: 0.9839 time: 0.8686s
INFO:root:Epoch: 0285 val_loss: 0.9081 val_roc: 0.9493 val_ap: 0.9481
INFO:root:Epoch: 0290 lr: 0.01 train_loss: 0.4087 train_roc: 0.9835 train_ap: 0.9804 time: 0.8724s
INFO:root:Epoch: 0290 val_loss: 0.7805 val_roc: 0.9491 val_ap: 0.9480
INFO:root:Epoch: 0295 lr: 0.01 train_loss: 0.4019 train_roc: 0.9857 train_ap: 0.9840 time: 0.8713s
INFO:root:Epoch: 0295 val_loss: 0.7184 val_roc: 0.9492 val_ap: 0.9479
INFO:root:Epoch: 0300 lr: 0.01 train_loss: 0.4155 train_roc: 0.9838 train_ap: 0.9813 time: 0.8585s
INFO:root:Epoch: 0300 val_loss: 0.8760 val_roc: 0.9489 val_ap: 0.9474
INFO:root:Epoch: 0305 lr: 0.01 train_loss: 0.3989 train_roc: 0.9863 train_ap: 0.9831 time: 0.8787s
INFO:root:Epoch: 0305 val_loss: 0.9569 val_roc: 0.9484 val_ap: 0.9465
INFO:root:Epoch: 0310 lr: 0.01 train_loss: 0.4358 train_roc: 0.9857 train_ap: 0.9830 time: 0.8709s
INFO:root:Epoch: 0310 val_loss: 0.8088 val_roc: 0.9474 val_ap: 0.9451
INFO:root:Epoch: 0315 lr: 0.01 train_loss: 0.5241 train_roc: 0.9872 train_ap: 0.9851 time: 0.8721s
INFO:root:Epoch: 0315 val_loss: 0.6828 val_roc: 0.9461 val_ap: 0.9435
INFO:root:Epoch: 0320 lr: 0.01 train_loss: 0.4128 train_roc: 0.9843 train_ap: 0.9812 time: 0.8647s
INFO:root:Epoch: 0320 val_loss: 0.8326 val_roc: 0.9488 val_ap: 0.9458
INFO:root:Epoch: 0325 lr: 0.01 train_loss: 0.4025 train_roc: 0.9868 train_ap: 0.9846 time: 0.8645s
INFO:root:Epoch: 0325 val_loss: 0.9663 val_roc: 0.9496 val_ap: 0.9462
INFO:root:Epoch: 0330 lr: 0.01 train_loss: 0.4197 train_roc: 0.9816 train_ap: 0.9780 time: 0.8734s
INFO:root:Epoch: 0330 val_loss: 0.8224 val_roc: 0.9498 val_ap: 0.9463
INFO:root:Epoch: 0335 lr: 0.01 train_loss: 0.4352 train_roc: 0.9842 train_ap: 0.9809 time: 0.8507s
INFO:root:Epoch: 0335 val_loss: 0.7294 val_roc: 0.9497 val_ap: 0.9465
INFO:root:Epoch: 0340 lr: 0.01 train_loss: 0.4289 train_roc: 0.9848 train_ap: 0.9827 time: 0.8622s
INFO:root:Epoch: 0340 val_loss: 0.7625 val_roc: 0.9493 val_ap: 0.9463
INFO:root:Epoch: 0345 lr: 0.01 train_loss: 0.4088 train_roc: 0.9838 train_ap: 0.9805 time: 0.8452s
INFO:root:Epoch: 0345 val_loss: 0.8172 val_roc: 0.9489 val_ap: 0.9455
INFO:root:Epoch: 0350 lr: 0.01 train_loss: 0.3957 train_roc: 0.9860 train_ap: 0.9827 time: 0.8589s
INFO:root:Epoch: 0350 val_loss: 0.8373 val_roc: 0.9491 val_ap: 0.9456
INFO:root:Epoch: 0355 lr: 0.01 train_loss: 0.3964 train_roc: 0.9876 train_ap: 0.9851 time: 0.8436s
INFO:root:Epoch: 0355 val_loss: 0.7278 val_roc: 0.9494 val_ap: 0.9456
INFO:root:Epoch: 0360 lr: 0.01 train_loss: 0.3846 train_roc: 0.9883 train_ap: 0.9854 time: 0.8716s
INFO:root:Epoch: 0360 val_loss: 0.6732 val_roc: 0.9498 val_ap: 0.9457
INFO:root:Epoch: 0365 lr: 0.01 train_loss: 0.3831 train_roc: 0.9880 train_ap: 0.9853 time: 0.8718s
INFO:root:Epoch: 0365 val_loss: 0.7897 val_roc: 0.9504 val_ap: 0.9462
INFO:root:Epoch: 0370 lr: 0.01 train_loss: 0.4155 train_roc: 0.9848 train_ap: 0.9830 time: 0.8427s
INFO:root:Epoch: 0370 val_loss: 0.8204 val_roc: 0.9506 val_ap: 0.9469
INFO:root:Epoch: 0375 lr: 0.01 train_loss: 0.4112 train_roc: 0.9862 train_ap: 0.9846 time: 0.8459s
INFO:root:Epoch: 0375 val_loss: 0.7584 val_roc: 0.9502 val_ap: 0.9469
INFO:root:Epoch: 0380 lr: 0.01 train_loss: 0.4178 train_roc: 0.9853 train_ap: 0.9827 time: 0.8645s
INFO:root:Epoch: 0380 val_loss: 0.8188 val_roc: 0.9505 val_ap: 0.9470
INFO:root:Epoch: 0385 lr: 0.01 train_loss: 0.3906 train_roc: 0.9867 train_ap: 0.9847 time: 0.8401s
INFO:root:Epoch: 0385 val_loss: 0.7843 val_roc: 0.9505 val_ap: 0.9471
INFO:root:Epoch: 0390 lr: 0.01 train_loss: 0.3964 train_roc: 0.9872 train_ap: 0.9846 time: 0.8580s
INFO:root:Epoch: 0390 val_loss: 0.7165 val_roc: 0.9499 val_ap: 0.9471
INFO:root:Epoch: 0395 lr: 0.01 train_loss: 0.4147 train_roc: 0.9880 train_ap: 0.9853 time: 0.8383s
INFO:root:Epoch: 0395 val_loss: 0.7775 val_roc: 0.9495 val_ap: 0.9468
INFO:root:Epoch: 0400 lr: 0.01 train_loss: 0.4355 train_roc: 0.9843 train_ap: 0.9804 time: 0.8729s
INFO:root:Epoch: 0400 val_loss: 0.8732 val_roc: 0.9505 val_ap: 0.9476
INFO:root:Epoch: 0405 lr: 0.01 train_loss: 0.4095 train_roc: 0.9829 train_ap: 0.9787 time: 0.8746s
INFO:root:Epoch: 0405 val_loss: 0.7811 val_roc: 0.9503 val_ap: 0.9477
INFO:root:Epoch: 0410 lr: 0.01 train_loss: 0.3925 train_roc: 0.9867 train_ap: 0.9836 time: 0.8857s
INFO:root:Epoch: 0410 val_loss: 0.7535 val_roc: 0.9498 val_ap: 0.9474
INFO:root:Epoch: 0415 lr: 0.01 train_loss: 0.3929 train_roc: 0.9877 train_ap: 0.9851 time: 0.8781s
INFO:root:Epoch: 0415 val_loss: 0.8389 val_roc: 0.9502 val_ap: 0.9477
INFO:root:Epoch: 0420 lr: 0.01 train_loss: 0.4019 train_roc: 0.9886 train_ap: 0.9860 time: 0.8951s
INFO:root:Epoch: 0420 val_loss: 0.9903 val_roc: 0.9507 val_ap: 0.9481
INFO:root:Epoch: 0425 lr: 0.01 train_loss: 0.3954 train_roc: 0.9867 train_ap: 0.9844 time: 0.8701s
INFO:root:Epoch: 0425 val_loss: 0.8241 val_roc: 0.9501 val_ap: 0.9476
INFO:root:Epoch: 0430 lr: 0.01 train_loss: 0.4003 train_roc: 0.9875 train_ap: 0.9847 time: 0.8585s
INFO:root:Epoch: 0430 val_loss: 0.7142 val_roc: 0.9499 val_ap: 0.9476
INFO:root:Epoch: 0435 lr: 0.01 train_loss: 0.3857 train_roc: 0.9892 train_ap: 0.9872 time: 0.8805s
INFO:root:Epoch: 0435 val_loss: 0.7212 val_roc: 0.9506 val_ap: 0.9480
INFO:root:Epoch: 0440 lr: 0.01 train_loss: 0.3979 train_roc: 0.9878 train_ap: 0.9856 time: 0.8544s
INFO:root:Epoch: 0440 val_loss: 0.7288 val_roc: 0.9511 val_ap: 0.9482
INFO:root:Epoch: 0445 lr: 0.01 train_loss: 0.3888 train_roc: 0.9869 train_ap: 0.9837 time: 0.8486s
INFO:root:Epoch: 0445 val_loss: 0.8315 val_roc: 0.9515 val_ap: 0.9482
INFO:root:Epoch: 0450 lr: 0.01 train_loss: 0.3902 train_roc: 0.9874 train_ap: 0.9854 time: 0.8706s
INFO:root:Epoch: 0450 val_loss: 0.7652 val_roc: 0.9510 val_ap: 0.9480
INFO:root:Epoch: 0455 lr: 0.01 train_loss: 0.4014 train_roc: 0.9860 train_ap: 0.9842 time: 0.8630s
INFO:root:Epoch: 0455 val_loss: 0.8093 val_roc: 0.9504 val_ap: 0.9475
INFO:root:Epoch: 0460 lr: 0.01 train_loss: 0.3809 train_roc: 0.9884 train_ap: 0.9864 time: 0.9123s
INFO:root:Epoch: 0460 val_loss: 0.8645 val_roc: 0.9504 val_ap: 0.9473
INFO:root:Epoch: 0465 lr: 0.01 train_loss: 0.4043 train_roc: 0.9887 train_ap: 0.9860 time: 0.8720s
INFO:root:Epoch: 0465 val_loss: 0.7627 val_roc: 0.9504 val_ap: 0.9473
INFO:root:Epoch: 0470 lr: 0.01 train_loss: 0.4212 train_roc: 0.9880 train_ap: 0.9858 time: 0.8646s
INFO:root:Epoch: 0470 val_loss: 0.7510 val_roc: 0.9504 val_ap: 0.9471
INFO:root:Epoch: 0475 lr: 0.01 train_loss: 0.3990 train_roc: 0.9882 train_ap: 0.9860 time: 0.8651s
INFO:root:Epoch: 0475 val_loss: 0.8356 val_roc: 0.9509 val_ap: 0.9477
INFO:root:Epoch: 0480 lr: 0.01 train_loss: 0.4026 train_roc: 0.9862 train_ap: 0.9825 time: 0.8828s
INFO:root:Epoch: 0480 val_loss: 0.8001 val_roc: 0.9507 val_ap: 0.9476
INFO:root:Epoch: 0485 lr: 0.01 train_loss: 0.3689 train_roc: 0.9899 train_ap: 0.9882 time: 0.8600s
INFO:root:Epoch: 0485 val_loss: 0.6901 val_roc: 0.9506 val_ap: 0.9479
INFO:root:Epoch: 0490 lr: 0.01 train_loss: 0.3908 train_roc: 0.9888 train_ap: 0.9869 time: 0.8692s
INFO:root:Epoch: 0490 val_loss: 0.7235 val_roc: 0.9512 val_ap: 0.9488
INFO:root:Epoch: 0495 lr: 0.01 train_loss: 0.4067 train_roc: 0.9879 train_ap: 0.9856 time: 0.8589s
INFO:root:Epoch: 0495 val_loss: 1.0201 val_roc: 0.9519 val_ap: 0.9494
INFO:root:Epoch: 0500 lr: 0.01 train_loss: 0.4104 train_roc: 0.9864 train_ap: 0.9835 time: 0.8763s
INFO:root:Epoch: 0500 val_loss: 0.8488 val_roc: 0.9509 val_ap: 0.9486
INFO:root:Epoch: 0505 lr: 0.01 train_loss: 0.4057 train_roc: 0.9865 train_ap: 0.9842 time: 0.8659s
INFO:root:Epoch: 0505 val_loss: 0.7209 val_roc: 0.9508 val_ap: 0.9487
INFO:root:Epoch: 0510 lr: 0.01 train_loss: 0.4153 train_roc: 0.9882 train_ap: 0.9864 time: 0.8675s
INFO:root:Epoch: 0510 val_loss: 0.7501 val_roc: 0.9513 val_ap: 0.9491
INFO:root:Epoch: 0515 lr: 0.01 train_loss: 0.3841 train_roc: 0.9877 train_ap: 0.9850 time: 0.9013s
INFO:root:Epoch: 0515 val_loss: 0.9781 val_roc: 0.9524 val_ap: 0.9497
INFO:root:Epoch: 0520 lr: 0.01 train_loss: 0.4195 train_roc: 0.9865 train_ap: 0.9836 time: 0.8740s
INFO:root:Epoch: 0520 val_loss: 0.8280 val_roc: 0.9522 val_ap: 0.9496
INFO:root:Epoch: 0525 lr: 0.01 train_loss: 0.3960 train_roc: 0.9891 train_ap: 0.9878 time: 0.8621s
INFO:root:Epoch: 0525 val_loss: 0.6545 val_roc: 0.9510 val_ap: 0.9489
INFO:root:Epoch: 0530 lr: 0.01 train_loss: 0.3838 train_roc: 0.9887 train_ap: 0.9871 time: 0.8506s
INFO:root:Epoch: 0530 val_loss: 0.6846 val_roc: 0.9510 val_ap: 0.9490
INFO:root:Epoch: 0535 lr: 0.01 train_loss: 0.3864 train_roc: 0.9883 train_ap: 0.9869 time: 0.8618s
INFO:root:Epoch: 0535 val_loss: 0.8245 val_roc: 0.9511 val_ap: 0.9490
INFO:root:Epoch: 0540 lr: 0.01 train_loss: 0.3960 train_roc: 0.9864 train_ap: 0.9844 time: 0.8564s
INFO:root:Epoch: 0540 val_loss: 0.9710 val_roc: 0.9514 val_ap: 0.9492
INFO:root:Epoch: 0545 lr: 0.01 train_loss: 0.3776 train_roc: 0.9882 train_ap: 0.9864 time: 0.8577s
INFO:root:Epoch: 0545 val_loss: 0.8030 val_roc: 0.9514 val_ap: 0.9492
INFO:root:Epoch: 0550 lr: 0.01 train_loss: 0.4474 train_roc: 0.9848 train_ap: 0.9823 time: 0.8698s
INFO:root:Epoch: 0550 val_loss: 0.7511 val_roc: 0.9512 val_ap: 0.9492
INFO:root:Epoch: 0555 lr: 0.01 train_loss: 0.3946 train_roc: 0.9869 train_ap: 0.9842 time: 0.8865s
INFO:root:Epoch: 0555 val_loss: 0.9145 val_roc: 0.9514 val_ap: 0.9494
INFO:root:Epoch: 0560 lr: 0.01 train_loss: 0.3860 train_roc: 0.9879 train_ap: 0.9864 time: 0.8714s
INFO:root:Epoch: 0560 val_loss: 0.8304 val_roc: 0.9503 val_ap: 0.9484
INFO:root:Epoch: 0565 lr: 0.01 train_loss: 0.4163 train_roc: 0.9877 train_ap: 0.9850 time: 0.8631s
INFO:root:Epoch: 0565 val_loss: 0.7262 val_roc: 0.9493 val_ap: 0.9476
INFO:root:Epoch: 0570 lr: 0.01 train_loss: 0.3720 train_roc: 0.9902 train_ap: 0.9880 time: 0.8742s
INFO:root:Epoch: 0570 val_loss: 0.9199 val_roc: 0.9504 val_ap: 0.9482
INFO:root:Epoch: 0575 lr: 0.01 train_loss: 0.4134 train_roc: 0.9877 train_ap: 0.9849 time: 0.8788s
INFO:root:Epoch: 0575 val_loss: 0.9088 val_roc: 0.9512 val_ap: 0.9483
INFO:root:Epoch: 0580 lr: 0.01 train_loss: 0.3984 train_roc: 0.9866 train_ap: 0.9831 time: 0.8801s
INFO:root:Epoch: 0580 val_loss: 0.8053 val_roc: 0.9512 val_ap: 0.9484
INFO:root:Epoch: 0585 lr: 0.01 train_loss: 0.4109 train_roc: 0.9849 train_ap: 0.9825 time: 0.8723s
INFO:root:Epoch: 0585 val_loss: 0.7763 val_roc: 0.9521 val_ap: 0.9494
INFO:root:Epoch: 0590 lr: 0.01 train_loss: 0.3790 train_roc: 0.9886 train_ap: 0.9862 time: 0.9044s
INFO:root:Epoch: 0590 val_loss: 0.8246 val_roc: 0.9531 val_ap: 0.9502
INFO:root:Epoch: 0595 lr: 0.01 train_loss: 0.3723 train_roc: 0.9894 train_ap: 0.9873 time: 0.8580s
INFO:root:Epoch: 0595 val_loss: 0.9115 val_roc: 0.9531 val_ap: 0.9503
INFO:root:Epoch: 0600 lr: 0.01 train_loss: 0.4197 train_roc: 0.9846 train_ap: 0.9820 time: 0.8687s
INFO:root:Epoch: 0600 val_loss: 0.8324 val_roc: 0.9520 val_ap: 0.9495
INFO:root:Epoch: 0605 lr: 0.01 train_loss: 0.4125 train_roc: 0.9862 train_ap: 0.9837 time: 0.8641s
INFO:root:Epoch: 0605 val_loss: 0.7771 val_roc: 0.9512 val_ap: 0.9487
INFO:root:Epoch: 0610 lr: 0.01 train_loss: 0.5087 train_roc: 0.9867 train_ap: 0.9845 time: 0.8661s
INFO:root:Epoch: 0610 val_loss: 0.9724 val_roc: 0.9511 val_ap: 0.9486
INFO:root:Epoch: 0615 lr: 0.01 train_loss: 0.4273 train_roc: 0.9826 train_ap: 0.9802 time: 0.8687s
INFO:root:Epoch: 0615 val_loss: 1.0056 val_roc: 0.9498 val_ap: 0.9474
INFO:root:Epoch: 0620 lr: 0.01 train_loss: 0.3947 train_roc: 0.9879 train_ap: 0.9859 time: 0.8692s
INFO:root:Epoch: 0620 val_loss: 0.7323 val_roc: 0.9479 val_ap: 0.9459
INFO:root:Epoch: 0625 lr: 0.01 train_loss: 0.3872 train_roc: 0.9895 train_ap: 0.9876 time: 0.8581s
INFO:root:Epoch: 0625 val_loss: 0.6633 val_roc: 0.9477 val_ap: 0.9457
INFO:root:Epoch: 0630 lr: 0.01 train_loss: 0.4294 train_roc: 0.9883 train_ap: 0.9864 time: 0.8755s
INFO:root:Epoch: 0630 val_loss: 0.7139 val_roc: 0.9493 val_ap: 0.9471
INFO:root:Epoch: 0635 lr: 0.01 train_loss: 0.3951 train_roc: 0.9870 train_ap: 0.9849 time: 0.8601s
INFO:root:Epoch: 0635 val_loss: 0.8729 val_roc: 0.9505 val_ap: 0.9480
INFO:root:Epoch: 0640 lr: 0.01 train_loss: 0.4344 train_roc: 0.9841 train_ap: 0.9819 time: 0.8654s
INFO:root:Epoch: 0640 val_loss: 0.8731 val_roc: 0.9507 val_ap: 0.9483
INFO:root:Epoch: 0645 lr: 0.01 train_loss: 0.3756 train_roc: 0.9883 train_ap: 0.9865 time: 0.9105s
INFO:root:Epoch: 0645 val_loss: 0.7196 val_roc: 0.9498 val_ap: 0.9476
INFO:root:Epoch: 0650 lr: 0.01 train_loss: 0.4054 train_roc: 0.9851 train_ap: 0.9825 time: 0.8652s
INFO:root:Epoch: 0650 val_loss: 0.7305 val_roc: 0.9496 val_ap: 0.9473
INFO:root:Epoch: 0655 lr: 0.01 train_loss: 0.4480 train_roc: 0.9873 train_ap: 0.9850 time: 0.8743s
INFO:root:Epoch: 0655 val_loss: 0.8612 val_roc: 0.9494 val_ap: 0.9474
INFO:root:Epoch: 0660 lr: 0.01 train_loss: 0.4106 train_roc: 0.9866 train_ap: 0.9841 time: 0.8669s
INFO:root:Epoch: 0660 val_loss: 0.9532 val_roc: 0.9500 val_ap: 0.9483
INFO:root:Epoch: 0665 lr: 0.01 train_loss: 0.4040 train_roc: 0.9879 train_ap: 0.9853 time: 0.9147s
INFO:root:Epoch: 0665 val_loss: 0.7811 val_roc: 0.9499 val_ap: 0.9485
INFO:root:Epoch: 0670 lr: 0.01 train_loss: 0.4100 train_roc: 0.9881 train_ap: 0.9865 time: 0.8675s
INFO:root:Epoch: 0670 val_loss: 0.8655 val_roc: 0.9500 val_ap: 0.9487
INFO:root:Epoch: 0675 lr: 0.01 train_loss: 0.3807 train_roc: 0.9899 train_ap: 0.9881 time: 0.8709s
INFO:root:Epoch: 0675 val_loss: 0.8373 val_roc: 0.9481 val_ap: 0.9471
INFO:root:Epoch: 0680 lr: 0.01 train_loss: 0.4207 train_roc: 0.9880 train_ap: 0.9860 time: 0.8620s
INFO:root:Epoch: 0680 val_loss: 0.7193 val_roc: 0.9461 val_ap: 0.9455
INFO:root:Epoch: 0685 lr: 0.01 train_loss: 0.4039 train_roc: 0.9864 train_ap: 0.9847 time: 0.8806s
INFO:root:Epoch: 0685 val_loss: 0.8202 val_roc: 0.9467 val_ap: 0.9459
INFO:root:Epoch: 0690 lr: 0.01 train_loss: 0.3992 train_roc: 0.9867 train_ap: 0.9846 time: 0.8442s
INFO:root:Epoch: 0690 val_loss: 0.9807 val_roc: 0.9481 val_ap: 0.9468
INFO:root:Early stopping
INFO:root:Optimization Finished!
INFO:root:Total time elapsed: 921.8810s
INFO:root:Val set results: val_loss: 0.8852 val_roc: 0.9532 val_ap: 0.9504
INFO:root:Test set results: test_loss: 0.9138 test_roc: 0.9504 test_ap: 0.9474
INFO:root:Saved model in /workspace/xiongbo/hgcn/logs/lp/2021_5_3/15
