INFO:root:Using: cuda:0
INFO:root:Using seed 1234.
INFO:root:LPModel(
  (encoder): HNN(
    (layers): Sequential(
      (0): HNNLayer(
        (linear): HypLinear(
          in_features=3704, out_features=16, c=Parameter containing:
          tensor([-1.], requires_grad=True)
        )
        (hyp_act): HypAct(
          c_in=Parameter containing:
          tensor([-1.], requires_grad=True), c_out=Parameter containing:
          tensor([-1.], requires_grad=True)
        )
      )
      (1): HNNLayer(
        (linear): HypLinear(
          in_features=16, out_features=16, c=Parameter containing:
          tensor([-1.], requires_grad=True)
        )
        (hyp_act): HypAct(
          c_in=Parameter containing:
          tensor([-1.], requires_grad=True), c_out=Parameter containing:
          tensor([-1.], requires_grad=True)
        )
      )
    )
  )
  (dc): FermiDiracDecoder()
)
INFO:root:Total number of parameters: 59553
/workspace/anaconda3/envs/geo/lib/python3.7/site-packages/torch/optim/lr_scheduler.py:370: UserWarning: To get the last learning rate computed by the scheduler, please use `get_last_lr()`.
  "please use `get_last_lr()`.", UserWarning)
INFO:root:Epoch: 0005 lr: 0.01 train_loss: 2.1329 train_roc: 0.5539 train_ap: 0.5681 time: 0.6381s
INFO:root:Epoch: 0005 val_loss: 1.9418 val_roc: 0.5769 val_ap: 0.5850
INFO:root:Epoch: 0010 lr: 0.01 train_loss: 1.9445 train_roc: 0.5948 train_ap: 0.5898 time: 0.6391s
INFO:root:Epoch: 0010 val_loss: 1.8329 val_roc: 0.5718 val_ap: 0.5540
INFO:root:Epoch: 0015 lr: 0.01 train_loss: 1.8492 train_roc: 0.5714 train_ap: 0.5571 time: 0.6095s
INFO:root:Epoch: 0015 val_loss: 1.8559 val_roc: 0.5603 val_ap: 0.5387
INFO:root:Epoch: 0020 lr: 0.01 train_loss: 1.8579 train_roc: 0.5660 train_ap: 0.5501 time: 0.6432s
INFO:root:Epoch: 0020 val_loss: 1.8587 val_roc: 0.5558 val_ap: 0.5363
INFO:root:Epoch: 0025 lr: 0.01 train_loss: 1.8761 train_roc: 0.5660 train_ap: 0.5485 time: 0.6345s
INFO:root:Epoch: 0025 val_loss: 1.8255 val_roc: 0.5626 val_ap: 0.5467
INFO:root:Epoch: 0030 lr: 0.01 train_loss: 1.7496 train_roc: 0.5673 train_ap: 0.5479 time: 0.6367s
INFO:root:Epoch: 0030 val_loss: 1.7915 val_roc: 0.5539 val_ap: 0.5323
INFO:root:Epoch: 0035 lr: 0.01 train_loss: 1.7378 train_roc: 0.5790 train_ap: 0.5530 time: 0.5858s
INFO:root:Epoch: 0035 val_loss: 1.7869 val_roc: 0.5498 val_ap: 0.5279
INFO:root:Epoch: 0040 lr: 0.01 train_loss: 1.6374 train_roc: 0.5917 train_ap: 0.5630 time: 0.6321s
INFO:root:Epoch: 0040 val_loss: 1.7173 val_roc: 0.5640 val_ap: 0.5380
INFO:root:Epoch: 0045 lr: 0.01 train_loss: 1.7600 train_roc: 0.5547 train_ap: 0.5380 time: 0.6430s
INFO:root:Epoch: 0045 val_loss: 1.6558 val_roc: 0.5723 val_ap: 0.5488
INFO:root:Epoch: 0050 lr: 0.01 train_loss: 1.8609 train_roc: 0.5634 train_ap: 0.5460 time: 0.6404s
INFO:root:Epoch: 0050 val_loss: 1.7439 val_roc: 0.5546 val_ap: 0.5350
INFO:root:Epoch: 0055 lr: 0.01 train_loss: 1.5171 train_roc: 0.6138 train_ap: 0.5845 time: 0.5843s
INFO:root:Epoch: 0055 val_loss: 1.5637 val_roc: 0.5973 val_ap: 0.5645
INFO:root:Epoch: 0060 lr: 0.01 train_loss: 1.4505 train_roc: 0.6373 train_ap: 0.6091 time: 0.6328s
INFO:root:Epoch: 0060 val_loss: 1.5048 val_roc: 0.6072 val_ap: 0.5866
INFO:root:Epoch: 0065 lr: 0.01 train_loss: 1.5158 train_roc: 0.6105 train_ap: 0.5847 time: 0.6236s
INFO:root:Epoch: 0065 val_loss: 1.4983 val_roc: 0.6060 val_ap: 0.5910
INFO:root:Epoch: 0070 lr: 0.01 train_loss: 1.3776 train_roc: 0.6791 train_ap: 0.6486 time: 0.6742s
INFO:root:Epoch: 0070 val_loss: 1.4701 val_roc: 0.6230 val_ap: 0.6036
INFO:root:Epoch: 0075 lr: 0.01 train_loss: 1.3813 train_roc: 0.6675 train_ap: 0.6476 time: 0.6386s
INFO:root:Epoch: 0075 val_loss: 1.5133 val_roc: 0.6178 val_ap: 0.6145
INFO:root:Epoch: 0080 lr: 0.01 train_loss: 1.3844 train_roc: 0.6982 train_ap: 0.6863 time: 0.6353s
INFO:root:Epoch: 0080 val_loss: 1.5172 val_roc: 0.6349 val_ap: 0.6245
INFO:root:Epoch: 0085 lr: 0.01 train_loss: 1.4327 train_roc: 0.7025 train_ap: 0.6869 time: 0.6741s
INFO:root:Epoch: 0085 val_loss: 1.4541 val_roc: 0.6857 val_ap: 0.6607
INFO:root:Epoch: 0090 lr: 0.01 train_loss: 1.3158 train_roc: 0.7361 train_ap: 0.7191 time: 0.6357s
INFO:root:Epoch: 0090 val_loss: 1.3834 val_roc: 0.7069 val_ap: 0.6734
INFO:root:Epoch: 0095 lr: 0.01 train_loss: 1.2626 train_roc: 0.7499 train_ap: 0.7257 time: 0.6382s
INFO:root:Epoch: 0095 val_loss: 1.3758 val_roc: 0.7143 val_ap: 0.6737
INFO:root:Epoch: 0100 lr: 0.01 train_loss: 1.2520 train_roc: 0.7809 train_ap: 0.7635 time: 0.6448s
INFO:root:Epoch: 0100 val_loss: 1.3197 val_roc: 0.7421 val_ap: 0.7078
INFO:root:Epoch: 0105 lr: 0.01 train_loss: 1.2711 train_roc: 0.7861 train_ap: 0.7767 time: 0.6042s
INFO:root:Epoch: 0105 val_loss: 1.3120 val_roc: 0.7581 val_ap: 0.7394
INFO:root:Epoch: 0110 lr: 0.01 train_loss: 1.2724 train_roc: 0.7684 train_ap: 0.7409 time: 0.6385s
INFO:root:Epoch: 0110 val_loss: 1.2765 val_roc: 0.7688 val_ap: 0.7447
INFO:root:Epoch: 0115 lr: 0.01 train_loss: 1.0673 train_roc: 0.8265 train_ap: 0.8008 time: 0.6339s
INFO:root:Epoch: 0115 val_loss: 1.2564 val_roc: 0.7756 val_ap: 0.7523
INFO:root:Epoch: 0120 lr: 0.01 train_loss: 1.2819 train_roc: 0.7800 train_ap: 0.7788 time: 0.6981s
INFO:root:Epoch: 0120 val_loss: 1.2563 val_roc: 0.7830 val_ap: 0.7670
INFO:root:Epoch: 0125 lr: 0.01 train_loss: 1.1658 train_roc: 0.8060 train_ap: 0.7761 time: 0.6698s
INFO:root:Epoch: 0125 val_loss: 1.2130 val_roc: 0.7974 val_ap: 0.7861
INFO:root:Epoch: 0130 lr: 0.01 train_loss: 1.0759 train_roc: 0.8482 train_ap: 0.8251 time: 0.6585s
INFO:root:Epoch: 0130 val_loss: 1.1654 val_roc: 0.8134 val_ap: 0.7985
INFO:root:Epoch: 0135 lr: 0.01 train_loss: 1.0913 train_roc: 0.8488 train_ap: 0.8271 time: 2.2754s
INFO:root:Epoch: 0135 val_loss: 1.1110 val_roc: 0.8264 val_ap: 0.8023
INFO:root:Epoch: 0140 lr: 0.01 train_loss: 1.0170 train_roc: 0.8631 train_ap: 0.8338 time: 2.2490s
INFO:root:Epoch: 0140 val_loss: 1.0831 val_roc: 0.8322 val_ap: 0.8179
INFO:root:Epoch: 0145 lr: 0.01 train_loss: 1.0904 train_roc: 0.8340 train_ap: 0.8165 time: 2.4755s
INFO:root:Epoch: 0145 val_loss: 1.0967 val_roc: 0.8288 val_ap: 0.8148
INFO:root:Epoch: 0150 lr: 0.01 train_loss: 0.9535 train_roc: 0.8652 train_ap: 0.8472 time: 2.4640s
INFO:root:Epoch: 0150 val_loss: 1.0893 val_roc: 0.8316 val_ap: 0.8214
INFO:root:Epoch: 0155 lr: 0.01 train_loss: 1.0323 train_roc: 0.8683 train_ap: 0.8463 time: 2.4897s
INFO:root:Epoch: 0155 val_loss: 1.0316 val_roc: 0.8446 val_ap: 0.8276
INFO:root:Epoch: 0160 lr: 0.01 train_loss: 1.0384 train_roc: 0.8520 train_ap: 0.8351 time: 2.5215s
INFO:root:Epoch: 0160 val_loss: 1.0566 val_roc: 0.8404 val_ap: 0.8268
INFO:root:Epoch: 0165 lr: 0.01 train_loss: 0.9783 train_roc: 0.8683 train_ap: 0.8552 time: 2.3989s
INFO:root:Epoch: 0165 val_loss: 1.0241 val_roc: 0.8466 val_ap: 0.8311
INFO:root:Epoch: 0170 lr: 0.01 train_loss: 0.9663 train_roc: 0.8772 train_ap: 0.8552 time: 2.2809s
INFO:root:Epoch: 0170 val_loss: 0.9433 val_roc: 0.8603 val_ap: 0.8451
INFO:root:Epoch: 0175 lr: 0.01 train_loss: 0.8713 train_roc: 0.8923 train_ap: 0.8737 time: 2.4470s
INFO:root:Epoch: 0175 val_loss: 0.9588 val_roc: 0.8636 val_ap: 0.8561
INFO:root:Epoch: 0180 lr: 0.01 train_loss: 0.8212 train_roc: 0.9010 train_ap: 0.8848 time: 2.5203s
INFO:root:Epoch: 0180 val_loss: 0.9133 val_roc: 0.8706 val_ap: 0.8648
INFO:root:Epoch: 0185 lr: 0.01 train_loss: 0.8278 train_roc: 0.8953 train_ap: 0.8739 time: 2.4435s
INFO:root:Epoch: 0185 val_loss: 0.9676 val_roc: 0.8657 val_ap: 0.8659
INFO:root:Epoch: 0190 lr: 0.01 train_loss: 0.8811 train_roc: 0.8900 train_ap: 0.8796 time: 2.4505s
INFO:root:Epoch: 0190 val_loss: 0.9197 val_roc: 0.8748 val_ap: 0.8696
INFO:root:Epoch: 0195 lr: 0.01 train_loss: 0.8126 train_roc: 0.9083 train_ap: 0.8922 time: 2.3693s
INFO:root:Epoch: 0195 val_loss: 0.9150 val_roc: 0.8730 val_ap: 0.8689
INFO:root:Epoch: 0200 lr: 0.01 train_loss: 0.8299 train_roc: 0.9029 train_ap: 0.8884 time: 2.4690s
INFO:root:Epoch: 0200 val_loss: 0.8915 val_roc: 0.8786 val_ap: 0.8679
INFO:root:Epoch: 0205 lr: 0.01 train_loss: 0.8214 train_roc: 0.9061 train_ap: 0.8857 time: 2.4557s
INFO:root:Epoch: 0205 val_loss: 0.8775 val_roc: 0.8824 val_ap: 0.8704
INFO:root:Epoch: 0210 lr: 0.01 train_loss: 0.8880 train_roc: 0.8770 train_ap: 0.8553 time: 2.4601s
INFO:root:Epoch: 0210 val_loss: 0.8658 val_roc: 0.8883 val_ap: 0.8700
INFO:root:Epoch: 0215 lr: 0.01 train_loss: 0.8793 train_roc: 0.8990 train_ap: 0.8872 time: 2.4551s
INFO:root:Epoch: 0215 val_loss: 0.8611 val_roc: 0.8880 val_ap: 0.8790
INFO:root:Epoch: 0220 lr: 0.01 train_loss: 0.7767 train_roc: 0.9102 train_ap: 0.8915 time: 0.6645s
INFO:root:Epoch: 0220 val_loss: 0.9094 val_roc: 0.8803 val_ap: 0.8826
INFO:root:Epoch: 0225 lr: 0.01 train_loss: 0.7639 train_roc: 0.9222 train_ap: 0.9077 time: 0.6701s
INFO:root:Epoch: 0225 val_loss: 0.9001 val_roc: 0.8847 val_ap: 0.8847
INFO:root:Epoch: 0230 lr: 0.01 train_loss: 0.8178 train_roc: 0.8982 train_ap: 0.8845 time: 0.6772s
INFO:root:Epoch: 0230 val_loss: 0.9284 val_roc: 0.8855 val_ap: 0.8876
INFO:root:Epoch: 0235 lr: 0.01 train_loss: 0.6837 train_roc: 0.9269 train_ap: 0.9091 time: 0.6603s
INFO:root:Epoch: 0235 val_loss: 0.8658 val_roc: 0.8982 val_ap: 0.8967
INFO:root:Epoch: 0240 lr: 0.01 train_loss: 0.8115 train_roc: 0.9013 train_ap: 0.8886 time: 0.6420s
INFO:root:Epoch: 0240 val_loss: 0.8747 val_roc: 0.8889 val_ap: 0.8906
INFO:root:Epoch: 0245 lr: 0.01 train_loss: 0.7382 train_roc: 0.9187 train_ap: 0.9034 time: 0.6802s
INFO:root:Epoch: 0245 val_loss: 0.8991 val_roc: 0.8836 val_ap: 0.8816
INFO:root:Epoch: 0250 lr: 0.01 train_loss: 0.7318 train_roc: 0.9257 train_ap: 0.9096 time: 0.6878s
INFO:root:Epoch: 0250 val_loss: 0.8524 val_roc: 0.8955 val_ap: 0.8886
INFO:root:Epoch: 0255 lr: 0.01 train_loss: 0.8214 train_roc: 0.8959 train_ap: 0.8764 time: 0.7419s
INFO:root:Epoch: 0255 val_loss: 0.9049 val_roc: 0.8926 val_ap: 0.8882
INFO:root:Epoch: 0260 lr: 0.01 train_loss: 0.8532 train_roc: 0.8909 train_ap: 0.8653 time: 0.6837s
INFO:root:Epoch: 0260 val_loss: 0.8291 val_roc: 0.9057 val_ap: 0.8972
INFO:root:Epoch: 0265 lr: 0.01 train_loss: 0.7199 train_roc: 0.9242 train_ap: 0.9125 time: 0.6848s
INFO:root:Epoch: 0265 val_loss: 0.8105 val_roc: 0.9091 val_ap: 0.8999
INFO:root:Epoch: 0270 lr: 0.01 train_loss: 0.8000 train_roc: 0.9077 train_ap: 0.8912 time: 0.7180s
INFO:root:Epoch: 0270 val_loss: 0.8340 val_roc: 0.9066 val_ap: 0.9001
INFO:root:Epoch: 0275 lr: 0.01 train_loss: 0.6668 train_roc: 0.9332 train_ap: 0.9204 time: 0.6772s
INFO:root:Epoch: 0275 val_loss: 0.8023 val_roc: 0.9136 val_ap: 0.9040
INFO:root:Epoch: 0280 lr: 0.01 train_loss: 0.6501 train_roc: 0.9387 train_ap: 0.9235 time: 0.6764s
INFO:root:Epoch: 0280 val_loss: 0.8259 val_roc: 0.9082 val_ap: 0.9001
INFO:root:Epoch: 0285 lr: 0.01 train_loss: 0.7065 train_roc: 0.9244 train_ap: 0.9095 time: 0.6810s
INFO:root:Epoch: 0285 val_loss: 0.8215 val_roc: 0.9063 val_ap: 0.8957
INFO:root:Epoch: 0290 lr: 0.01 train_loss: 0.6795 train_roc: 0.9314 train_ap: 0.9167 time: 0.6879s
INFO:root:Epoch: 0290 val_loss: 0.8283 val_roc: 0.9077 val_ap: 0.8989
INFO:root:Epoch: 0295 lr: 0.01 train_loss: 0.6807 train_roc: 0.9285 train_ap: 0.9120 time: 0.6868s
INFO:root:Epoch: 0295 val_loss: 0.8357 val_roc: 0.9108 val_ap: 0.9025
INFO:root:Epoch: 0300 lr: 0.01 train_loss: 0.6784 train_roc: 0.9314 train_ap: 0.9162 time: 0.6823s
INFO:root:Epoch: 0300 val_loss: 0.8832 val_roc: 0.9045 val_ap: 0.9010
INFO:root:Epoch: 0305 lr: 0.01 train_loss: 0.6568 train_roc: 0.9337 train_ap: 0.9148 time: 0.6832s
INFO:root:Epoch: 0305 val_loss: 0.8204 val_roc: 0.9124 val_ap: 0.9090
INFO:root:Epoch: 0310 lr: 0.01 train_loss: 0.6054 train_roc: 0.9447 train_ap: 0.9311 time: 0.6874s
INFO:root:Epoch: 0310 val_loss: 0.8057 val_roc: 0.9137 val_ap: 0.9126
INFO:root:Epoch: 0315 lr: 0.01 train_loss: 0.6155 train_roc: 0.9441 train_ap: 0.9304 time: 0.6827s
INFO:root:Epoch: 0315 val_loss: 0.8210 val_roc: 0.9141 val_ap: 0.9153
INFO:root:Epoch: 0320 lr: 0.01 train_loss: 0.6507 train_roc: 0.9359 train_ap: 0.9199 time: 0.6791s
INFO:root:Epoch: 0320 val_loss: 0.8489 val_roc: 0.9101 val_ap: 0.9164
INFO:root:Epoch: 0325 lr: 0.01 train_loss: 0.6254 train_roc: 0.9463 train_ap: 0.9266 time: 0.6667s
INFO:root:Epoch: 0325 val_loss: 0.7985 val_roc: 0.9165 val_ap: 0.9198
INFO:root:Epoch: 0330 lr: 0.01 train_loss: 0.5851 train_roc: 0.9500 train_ap: 0.9340 time: 0.6834s
INFO:root:Epoch: 0330 val_loss: 0.7957 val_roc: 0.9195 val_ap: 0.9207
INFO:root:Epoch: 0335 lr: 0.01 train_loss: 0.5965 train_roc: 0.9460 train_ap: 0.9305 time: 0.6806s
INFO:root:Epoch: 0335 val_loss: 0.7624 val_roc: 0.9286 val_ap: 0.9259
INFO:root:Epoch: 0340 lr: 0.01 train_loss: 0.6443 train_roc: 0.9353 train_ap: 0.9192 time: 0.6816s
INFO:root:Epoch: 0340 val_loss: 0.7694 val_roc: 0.9240 val_ap: 0.9260
INFO:root:Epoch: 0345 lr: 0.01 train_loss: 0.6173 train_roc: 0.9443 train_ap: 0.9259 time: 0.6838s
INFO:root:Epoch: 0345 val_loss: 0.7479 val_roc: 0.9250 val_ap: 0.9277
INFO:root:Epoch: 0350 lr: 0.01 train_loss: 0.5767 train_roc: 0.9487 train_ap: 0.9335 time: 0.7091s
INFO:root:Epoch: 0350 val_loss: 0.7398 val_roc: 0.9267 val_ap: 0.9256
INFO:root:Epoch: 0355 lr: 0.01 train_loss: 0.5944 train_roc: 0.9453 train_ap: 0.9295 time: 0.6920s
INFO:root:Epoch: 0355 val_loss: 0.7388 val_roc: 0.9288 val_ap: 0.9270
INFO:root:Epoch: 0360 lr: 0.01 train_loss: 0.5689 train_roc: 0.9505 train_ap: 0.9375 time: 0.6786s
INFO:root:Epoch: 0360 val_loss: 0.7528 val_roc: 0.9272 val_ap: 0.9296
INFO:root:Epoch: 0365 lr: 0.01 train_loss: 0.6540 train_roc: 0.9346 train_ap: 0.9133 time: 0.7191s
INFO:root:Epoch: 0365 val_loss: 0.7357 val_roc: 0.9294 val_ap: 0.9319
INFO:root:Epoch: 0370 lr: 0.01 train_loss: 0.6081 train_roc: 0.9437 train_ap: 0.9250 time: 0.6900s
INFO:root:Epoch: 0370 val_loss: 0.7271 val_roc: 0.9294 val_ap: 0.9280
INFO:root:Epoch: 0375 lr: 0.01 train_loss: 0.5505 train_roc: 0.9526 train_ap: 0.9346 time: 0.6859s
INFO:root:Epoch: 0375 val_loss: 0.7321 val_roc: 0.9307 val_ap: 0.9269
INFO:root:Epoch: 0380 lr: 0.01 train_loss: 0.7666 train_roc: 0.9098 train_ap: 0.8856 time: 0.7166s
INFO:root:Epoch: 0380 val_loss: 0.7728 val_roc: 0.9249 val_ap: 0.9201
INFO:root:Epoch: 0385 lr: 0.01 train_loss: 0.6038 train_roc: 0.9437 train_ap: 0.9281 time: 0.6952s
INFO:root:Epoch: 0385 val_loss: 0.7791 val_roc: 0.9211 val_ap: 0.9132
INFO:root:Epoch: 0390 lr: 0.01 train_loss: 0.6034 train_roc: 0.9486 train_ap: 0.9354 time: 0.6775s
INFO:root:Epoch: 0390 val_loss: 0.8151 val_roc: 0.9172 val_ap: 0.9143
INFO:root:Epoch: 0395 lr: 0.01 train_loss: 0.6979 train_roc: 0.9286 train_ap: 0.9142 time: 0.7196s
INFO:root:Epoch: 0395 val_loss: 0.7542 val_roc: 0.9299 val_ap: 0.9280
INFO:root:Epoch: 0400 lr: 0.01 train_loss: 0.6060 train_roc: 0.9468 train_ap: 0.9364 time: 0.6823s
INFO:root:Epoch: 0400 val_loss: 0.7470 val_roc: 0.9329 val_ap: 0.9313
INFO:root:Epoch: 0405 lr: 0.01 train_loss: 0.5868 train_roc: 0.9464 train_ap: 0.9301 time: 0.6868s
INFO:root:Epoch: 0405 val_loss: 0.7191 val_roc: 0.9336 val_ap: 0.9301
INFO:root:Epoch: 0410 lr: 0.01 train_loss: 0.6326 train_roc: 0.9362 train_ap: 0.9182 time: 0.6790s
INFO:root:Epoch: 0410 val_loss: 0.7460 val_roc: 0.9275 val_ap: 0.9253
INFO:root:Epoch: 0415 lr: 0.01 train_loss: 0.5572 train_roc: 0.9533 train_ap: 0.9377 time: 0.6849s
INFO:root:Epoch: 0415 val_loss: 0.7647 val_roc: 0.9274 val_ap: 0.9240
INFO:root:Epoch: 0420 lr: 0.01 train_loss: 0.5573 train_roc: 0.9565 train_ap: 0.9449 time: 0.6830s
INFO:root:Epoch: 0420 val_loss: 0.7732 val_roc: 0.9274 val_ap: 0.9244
INFO:root:Epoch: 0425 lr: 0.01 train_loss: 0.5815 train_roc: 0.9508 train_ap: 0.9404 time: 0.6772s
INFO:root:Epoch: 0425 val_loss: 0.7589 val_roc: 0.9256 val_ap: 0.9242
INFO:root:Epoch: 0430 lr: 0.01 train_loss: 0.5964 train_roc: 0.9557 train_ap: 0.9409 time: 0.6619s
INFO:root:Epoch: 0430 val_loss: 0.7599 val_roc: 0.9245 val_ap: 0.9246
INFO:root:Epoch: 0435 lr: 0.01 train_loss: 0.6254 train_roc: 0.9516 train_ap: 0.9400 time: 0.6745s
INFO:root:Epoch: 0435 val_loss: 0.7236 val_roc: 0.9258 val_ap: 0.9193
INFO:root:Epoch: 0440 lr: 0.01 train_loss: 0.6335 train_roc: 0.9402 train_ap: 0.9190 time: 0.6819s
INFO:root:Epoch: 0440 val_loss: 0.7378 val_roc: 0.9233 val_ap: 0.9138
INFO:root:Epoch: 0445 lr: 0.01 train_loss: 0.6997 train_roc: 0.9331 train_ap: 0.9234 time: 2.3779s
INFO:root:Epoch: 0445 val_loss: 0.8025 val_roc: 0.9188 val_ap: 0.9094
INFO:root:Epoch: 0450 lr: 0.01 train_loss: 0.6476 train_roc: 0.9312 train_ap: 0.9149 time: 2.4857s
INFO:root:Epoch: 0450 val_loss: 0.7659 val_roc: 0.9239 val_ap: 0.9069
INFO:root:Epoch: 0455 lr: 0.01 train_loss: 0.5749 train_roc: 0.9467 train_ap: 0.9252 time: 2.3728s
INFO:root:Epoch: 0455 val_loss: 0.7240 val_roc: 0.9258 val_ap: 0.9137
INFO:root:Epoch: 0460 lr: 0.01 train_loss: 0.5836 train_roc: 0.9458 train_ap: 0.9280 time: 2.4773s
INFO:root:Epoch: 0460 val_loss: 0.7460 val_roc: 0.9243 val_ap: 0.9131
INFO:root:Epoch: 0465 lr: 0.01 train_loss: 0.5376 train_roc: 0.9557 train_ap: 0.9421 time: 2.4513s
INFO:root:Epoch: 0465 val_loss: 0.7422 val_roc: 0.9256 val_ap: 0.9153
INFO:root:Epoch: 0470 lr: 0.01 train_loss: 0.5576 train_roc: 0.9533 train_ap: 0.9410 time: 2.4817s
INFO:root:Epoch: 0470 val_loss: 0.7750 val_roc: 0.9222 val_ap: 0.9157
INFO:root:Epoch: 0475 lr: 0.01 train_loss: 0.5724 train_roc: 0.9438 train_ap: 0.9220 time: 2.4726s
INFO:root:Epoch: 0475 val_loss: 0.7492 val_roc: 0.9295 val_ap: 0.9214
INFO:root:Epoch: 0480 lr: 0.01 train_loss: 0.7777 train_roc: 0.9180 train_ap: 0.8988 time: 2.5094s
INFO:root:Epoch: 0480 val_loss: 0.7748 val_roc: 0.9243 val_ap: 0.9185
INFO:root:Epoch: 0485 lr: 0.01 train_loss: 0.5146 train_roc: 0.9617 train_ap: 0.9498 time: 2.4902s
INFO:root:Epoch: 0485 val_loss: 0.7598 val_roc: 0.9230 val_ap: 0.9147
INFO:root:Epoch: 0490 lr: 0.01 train_loss: 0.5388 train_roc: 0.9593 train_ap: 0.9494 time: 2.4413s
INFO:root:Epoch: 0490 val_loss: 0.7279 val_roc: 0.9274 val_ap: 0.9165
INFO:root:Epoch: 0495 lr: 0.01 train_loss: 0.5928 train_roc: 0.9503 train_ap: 0.9381 time: 2.4631s
INFO:root:Epoch: 0495 val_loss: 0.7404 val_roc: 0.9290 val_ap: 0.9243
INFO:root:Epoch: 0500 lr: 0.01 train_loss: 0.5082 train_roc: 0.9599 train_ap: 0.9436 time: 2.4927s
INFO:root:Epoch: 0500 val_loss: 0.7445 val_roc: 0.9302 val_ap: 0.9268
INFO:root:Early stopping
INFO:root:Optimization Finished!
INFO:root:Total time elapsed: 824.8303s
INFO:root:Val set results: val_loss: 0.7470 val_roc: 0.9329 val_ap: 0.9313
INFO:root:Test set results: test_loss: 0.7142 test_roc: 0.9286 test_ap: 0.9157
INFO:root:Saved model in /workspace/xiongbo/hgcn/logs/lp/2021_5_8/18
