INFO:root:Using: cuda:0
INFO:root:Using seed 1234.
INFO:root:Num classes: 6
INFO:root:NCModel(
  (encoder): HNN(
    (layers): Sequential(
      (0): HNNLayer(
        (linear): HypLinear(
          in_features=3704, out_features=16, c=Parameter containing:
          tensor([-1.], requires_grad=True)
        )
        (hyp_act): HypAct(
          c_in=Parameter containing:
          tensor([-1.], requires_grad=True), c_out=Parameter containing:
          tensor([-1.], requires_grad=True)
        )
      )
    )
  )
  (decoder): LinearDecoder(
    in_features=16, out_features=6, bias=1, c=Parameter containing:
    tensor([-1.], requires_grad=True)
    (cls): Linear(
      (linear): Linear(in_features=16, out_features=6, bias=True)
    )
  )
)
INFO:root:Total number of parameters: 59383
/workspace/anaconda3/envs/geo/lib/python3.7/site-packages/torch/optim/lr_scheduler.py:370: UserWarning: To get the last learning rate computed by the scheduler, please use `get_last_lr()`.
  "please use `get_last_lr()`.", UserWarning)
INFO:root:Epoch: 0005 lr: 0.01 train_loss: 1.6890 train_acc: 0.3500 train_f1: 0.3500 time: 0.3231s
INFO:root:Epoch: 0005 val_loss: 1.7641 val_acc: 0.2440 val_f1: 0.2440
/workspace/anaconda3/envs/geo/lib/python3.7/site-packages/torch/optim/lr_scheduler.py:370: UserWarning: To get the last learning rate computed by the scheduler, please use `get_last_lr()`.
  "please use `get_last_lr()`.", UserWarning)
INFO:root:Epoch: 0010 lr: 0.01 train_loss: 1.5426 train_acc: 0.5917 train_f1: 0.5917 time: 0.3343s
INFO:root:Epoch: 0010 val_loss: 1.7158 val_acc: 0.3700 val_f1: 0.3700
/workspace/anaconda3/envs/geo/lib/python3.7/site-packages/torch/optim/lr_scheduler.py:370: UserWarning: To get the last learning rate computed by the scheduler, please use `get_last_lr()`.
  "please use `get_last_lr()`.", UserWarning)
INFO:root:Epoch: 0015 lr: 0.01 train_loss: 1.4554 train_acc: 0.6167 train_f1: 0.6167 time: 0.3253s
INFO:root:Epoch: 0015 val_loss: 1.6783 val_acc: 0.4300 val_f1: 0.4300
/workspace/anaconda3/envs/geo/lib/python3.7/site-packages/torch/optim/lr_scheduler.py:370: UserWarning: To get the last learning rate computed by the scheduler, please use `get_last_lr()`.
  "please use `get_last_lr()`.", UserWarning)
INFO:root:Epoch: 0020 lr: 0.01 train_loss: 1.3975 train_acc: 0.5833 train_f1: 0.5833 time: 0.3273s
INFO:root:Epoch: 0020 val_loss: 1.6514 val_acc: 0.4340 val_f1: 0.4340
/workspace/anaconda3/envs/geo/lib/python3.7/site-packages/torch/optim/lr_scheduler.py:370: UserWarning: To get the last learning rate computed by the scheduler, please use `get_last_lr()`.
  "please use `get_last_lr()`.", UserWarning)
INFO:root:Epoch: 0025 lr: 0.01 train_loss: 1.2628 train_acc: 0.6417 train_f1: 0.6417 time: 0.3260s
INFO:root:Epoch: 0025 val_loss: 1.6211 val_acc: 0.4500 val_f1: 0.4500
/workspace/anaconda3/envs/geo/lib/python3.7/site-packages/torch/optim/lr_scheduler.py:370: UserWarning: To get the last learning rate computed by the scheduler, please use `get_last_lr()`.
  "please use `get_last_lr()`.", UserWarning)
INFO:root:Epoch: 0030 lr: 0.01 train_loss: 1.2302 train_acc: 0.5917 train_f1: 0.5917 time: 0.3255s
INFO:root:Epoch: 0030 val_loss: 1.5864 val_acc: 0.4640 val_f1: 0.4640
/workspace/anaconda3/envs/geo/lib/python3.7/site-packages/torch/optim/lr_scheduler.py:370: UserWarning: To get the last learning rate computed by the scheduler, please use `get_last_lr()`.
  "please use `get_last_lr()`.", UserWarning)
INFO:root:Epoch: 0035 lr: 0.01 train_loss: 1.1141 train_acc: 0.6333 train_f1: 0.6333 time: 0.3259s
INFO:root:Epoch: 0035 val_loss: 1.5549 val_acc: 0.4540 val_f1: 0.4540
/workspace/anaconda3/envs/geo/lib/python3.7/site-packages/torch/optim/lr_scheduler.py:370: UserWarning: To get the last learning rate computed by the scheduler, please use `get_last_lr()`.
  "please use `get_last_lr()`.", UserWarning)
INFO:root:Epoch: 0040 lr: 0.01 train_loss: 1.0735 train_acc: 0.6417 train_f1: 0.6417 time: 0.3278s
INFO:root:Epoch: 0040 val_loss: 1.5250 val_acc: 0.4460 val_f1: 0.4460
/workspace/anaconda3/envs/geo/lib/python3.7/site-packages/torch/optim/lr_scheduler.py:370: UserWarning: To get the last learning rate computed by the scheduler, please use `get_last_lr()`.
  "please use `get_last_lr()`.", UserWarning)
INFO:root:Epoch: 0045 lr: 0.01 train_loss: 0.9842 train_acc: 0.6500 train_f1: 0.6500 time: 0.3252s
INFO:root:Epoch: 0045 val_loss: 1.4976 val_acc: 0.4720 val_f1: 0.4720
/workspace/anaconda3/envs/geo/lib/python3.7/site-packages/torch/optim/lr_scheduler.py:370: UserWarning: To get the last learning rate computed by the scheduler, please use `get_last_lr()`.
  "please use `get_last_lr()`.", UserWarning)
INFO:root:Epoch: 0050 lr: 0.01 train_loss: 0.8853 train_acc: 0.6833 train_f1: 0.6833 time: 0.3258s
INFO:root:Epoch: 0050 val_loss: 1.4784 val_acc: 0.4700 val_f1: 0.4700
/workspace/anaconda3/envs/geo/lib/python3.7/site-packages/torch/optim/lr_scheduler.py:370: UserWarning: To get the last learning rate computed by the scheduler, please use `get_last_lr()`.
  "please use `get_last_lr()`.", UserWarning)
INFO:root:Epoch: 0055 lr: 0.01 train_loss: 0.8694 train_acc: 0.7083 train_f1: 0.7083 time: 0.3268s
INFO:root:Epoch: 0055 val_loss: 1.4680 val_acc: 0.4460 val_f1: 0.4460
/workspace/anaconda3/envs/geo/lib/python3.7/site-packages/torch/optim/lr_scheduler.py:370: UserWarning: To get the last learning rate computed by the scheduler, please use `get_last_lr()`.
  "please use `get_last_lr()`.", UserWarning)
INFO:root:Epoch: 0060 lr: 0.01 train_loss: 0.8577 train_acc: 0.6583 train_f1: 0.6583 time: 0.3274s
INFO:root:Epoch: 0060 val_loss: 1.4530 val_acc: 0.4600 val_f1: 0.4600
/workspace/anaconda3/envs/geo/lib/python3.7/site-packages/torch/optim/lr_scheduler.py:370: UserWarning: To get the last learning rate computed by the scheduler, please use `get_last_lr()`.
  "please use `get_last_lr()`.", UserWarning)
INFO:root:Epoch: 0065 lr: 0.01 train_loss: 0.8765 train_acc: 0.6667 train_f1: 0.6667 time: 0.3236s
INFO:root:Epoch: 0065 val_loss: 1.4333 val_acc: 0.4720 val_f1: 0.4720
/workspace/anaconda3/envs/geo/lib/python3.7/site-packages/torch/optim/lr_scheduler.py:370: UserWarning: To get the last learning rate computed by the scheduler, please use `get_last_lr()`.
  "please use `get_last_lr()`.", UserWarning)
INFO:root:Epoch: 0070 lr: 0.01 train_loss: 0.9730 train_acc: 0.5750 train_f1: 0.5750 time: 0.3261s
INFO:root:Epoch: 0070 val_loss: 1.4176 val_acc: 0.4820 val_f1: 0.4820
/workspace/anaconda3/envs/geo/lib/python3.7/site-packages/torch/optim/lr_scheduler.py:370: UserWarning: To get the last learning rate computed by the scheduler, please use `get_last_lr()`.
  "please use `get_last_lr()`.", UserWarning)
INFO:root:Epoch: 0075 lr: 0.01 train_loss: 0.9152 train_acc: 0.6000 train_f1: 0.6000 time: 0.3257s
INFO:root:Epoch: 0075 val_loss: 1.4184 val_acc: 0.4740 val_f1: 0.4740
/workspace/anaconda3/envs/geo/lib/python3.7/site-packages/torch/optim/lr_scheduler.py:370: UserWarning: To get the last learning rate computed by the scheduler, please use `get_last_lr()`.
  "please use `get_last_lr()`.", UserWarning)
INFO:root:Epoch: 0080 lr: 0.01 train_loss: 0.8207 train_acc: 0.6333 train_f1: 0.6333 time: 0.3252s
INFO:root:Epoch: 0080 val_loss: 1.4233 val_acc: 0.4700 val_f1: 0.4700
/workspace/anaconda3/envs/geo/lib/python3.7/site-packages/torch/optim/lr_scheduler.py:370: UserWarning: To get the last learning rate computed by the scheduler, please use `get_last_lr()`.
  "please use `get_last_lr()`.", UserWarning)
INFO:root:Epoch: 0085 lr: 0.01 train_loss: 0.7621 train_acc: 0.5917 train_f1: 0.5917 time: 0.3244s
INFO:root:Epoch: 0085 val_loss: 1.4177 val_acc: 0.4680 val_f1: 0.4680
/workspace/anaconda3/envs/geo/lib/python3.7/site-packages/torch/optim/lr_scheduler.py:370: UserWarning: To get the last learning rate computed by the scheduler, please use `get_last_lr()`.
  "please use `get_last_lr()`.", UserWarning)
INFO:root:Epoch: 0090 lr: 0.01 train_loss: 0.8054 train_acc: 0.6583 train_f1: 0.6583 time: 0.3292s
INFO:root:Epoch: 0090 val_loss: 1.4135 val_acc: 0.4760 val_f1: 0.4760
/workspace/anaconda3/envs/geo/lib/python3.7/site-packages/torch/optim/lr_scheduler.py:370: UserWarning: To get the last learning rate computed by the scheduler, please use `get_last_lr()`.
  "please use `get_last_lr()`.", UserWarning)
INFO:root:Epoch: 0095 lr: 0.01 train_loss: 0.8580 train_acc: 0.6083 train_f1: 0.6083 time: 0.3238s
INFO:root:Epoch: 0095 val_loss: 1.4008 val_acc: 0.4760 val_f1: 0.4760
/workspace/anaconda3/envs/geo/lib/python3.7/site-packages/torch/optim/lr_scheduler.py:370: UserWarning: To get the last learning rate computed by the scheduler, please use `get_last_lr()`.
  "please use `get_last_lr()`.", UserWarning)
INFO:root:Epoch: 0100 lr: 0.01 train_loss: 0.6378 train_acc: 0.7083 train_f1: 0.7083 time: 0.3257s
INFO:root:Epoch: 0100 val_loss: 1.3942 val_acc: 0.4720 val_f1: 0.4720
/workspace/anaconda3/envs/geo/lib/python3.7/site-packages/torch/optim/lr_scheduler.py:370: UserWarning: To get the last learning rate computed by the scheduler, please use `get_last_lr()`.
  "please use `get_last_lr()`.", UserWarning)
INFO:root:Epoch: 0105 lr: 0.01 train_loss: 0.6938 train_acc: 0.6500 train_f1: 0.6500 time: 0.3616s
INFO:root:Epoch: 0105 val_loss: 1.3916 val_acc: 0.4860 val_f1: 0.4860
/workspace/anaconda3/envs/geo/lib/python3.7/site-packages/torch/optim/lr_scheduler.py:370: UserWarning: To get the last learning rate computed by the scheduler, please use `get_last_lr()`.
  "please use `get_last_lr()`.", UserWarning)
INFO:root:Epoch: 0110 lr: 0.01 train_loss: 0.7099 train_acc: 0.6500 train_f1: 0.6500 time: 0.3255s
INFO:root:Epoch: 0110 val_loss: 1.3934 val_acc: 0.4860 val_f1: 0.4860
/workspace/anaconda3/envs/geo/lib/python3.7/site-packages/torch/optim/lr_scheduler.py:370: UserWarning: To get the last learning rate computed by the scheduler, please use `get_last_lr()`.
  "please use `get_last_lr()`.", UserWarning)
INFO:root:Epoch: 0115 lr: 0.01 train_loss: 0.6967 train_acc: 0.6250 train_f1: 0.6250 time: 0.3249s
INFO:root:Epoch: 0115 val_loss: 1.3896 val_acc: 0.4900 val_f1: 0.4900
/workspace/anaconda3/envs/geo/lib/python3.7/site-packages/torch/optim/lr_scheduler.py:370: UserWarning: To get the last learning rate computed by the scheduler, please use `get_last_lr()`.
  "please use `get_last_lr()`.", UserWarning)
INFO:root:Epoch: 0120 lr: 0.01 train_loss: 0.6352 train_acc: 0.6917 train_f1: 0.6917 time: 0.3262s
INFO:root:Epoch: 0120 val_loss: 1.3862 val_acc: 0.4960 val_f1: 0.4960
/workspace/anaconda3/envs/geo/lib/python3.7/site-packages/torch/optim/lr_scheduler.py:370: UserWarning: To get the last learning rate computed by the scheduler, please use `get_last_lr()`.
  "please use `get_last_lr()`.", UserWarning)
INFO:root:Epoch: 0125 lr: 0.01 train_loss: 0.7328 train_acc: 0.6417 train_f1: 0.6417 time: 0.3248s
INFO:root:Epoch: 0125 val_loss: 1.3806 val_acc: 0.4980 val_f1: 0.4980
/workspace/anaconda3/envs/geo/lib/python3.7/site-packages/torch/optim/lr_scheduler.py:370: UserWarning: To get the last learning rate computed by the scheduler, please use `get_last_lr()`.
  "please use `get_last_lr()`.", UserWarning)
INFO:root:Epoch: 0130 lr: 0.01 train_loss: 0.6190 train_acc: 0.7333 train_f1: 0.7333 time: 0.3244s
INFO:root:Epoch: 0130 val_loss: 1.3837 val_acc: 0.4760 val_f1: 0.4760
/workspace/anaconda3/envs/geo/lib/python3.7/site-packages/torch/optim/lr_scheduler.py:370: UserWarning: To get the last learning rate computed by the scheduler, please use `get_last_lr()`.
  "please use `get_last_lr()`.", UserWarning)
INFO:root:Epoch: 0135 lr: 0.01 train_loss: 0.6381 train_acc: 0.7167 train_f1: 0.7167 time: 0.3243s
INFO:root:Epoch: 0135 val_loss: 1.3913 val_acc: 0.4780 val_f1: 0.4780
/workspace/anaconda3/envs/geo/lib/python3.7/site-packages/torch/optim/lr_scheduler.py:370: UserWarning: To get the last learning rate computed by the scheduler, please use `get_last_lr()`.
  "please use `get_last_lr()`.", UserWarning)
INFO:root:Epoch: 0140 lr: 0.01 train_loss: 0.6267 train_acc: 0.6667 train_f1: 0.6667 time: 0.3265s
INFO:root:Epoch: 0140 val_loss: 1.4026 val_acc: 0.4800 val_f1: 0.4800
/workspace/anaconda3/envs/geo/lib/python3.7/site-packages/torch/optim/lr_scheduler.py:370: UserWarning: To get the last learning rate computed by the scheduler, please use `get_last_lr()`.
  "please use `get_last_lr()`.", UserWarning)
INFO:root:Epoch: 0145 lr: 0.01 train_loss: 0.6728 train_acc: 0.6833 train_f1: 0.6833 time: 0.3249s
INFO:root:Epoch: 0145 val_loss: 1.4019 val_acc: 0.4840 val_f1: 0.4840
/workspace/anaconda3/envs/geo/lib/python3.7/site-packages/torch/optim/lr_scheduler.py:370: UserWarning: To get the last learning rate computed by the scheduler, please use `get_last_lr()`.
  "please use `get_last_lr()`.", UserWarning)
INFO:root:Epoch: 0150 lr: 0.01 train_loss: 0.6418 train_acc: 0.7333 train_f1: 0.7333 time: 0.3254s
INFO:root:Epoch: 0150 val_loss: 1.3906 val_acc: 0.4820 val_f1: 0.4820
/workspace/anaconda3/envs/geo/lib/python3.7/site-packages/torch/optim/lr_scheduler.py:370: UserWarning: To get the last learning rate computed by the scheduler, please use `get_last_lr()`.
  "please use `get_last_lr()`.", UserWarning)
INFO:root:Epoch: 0155 lr: 0.01 train_loss: 0.6407 train_acc: 0.7083 train_f1: 0.7083 time: 0.3602s
INFO:root:Epoch: 0155 val_loss: 1.3870 val_acc: 0.4800 val_f1: 0.4800
/workspace/anaconda3/envs/geo/lib/python3.7/site-packages/torch/optim/lr_scheduler.py:370: UserWarning: To get the last learning rate computed by the scheduler, please use `get_last_lr()`.
  "please use `get_last_lr()`.", UserWarning)
INFO:root:Epoch: 0160 lr: 0.01 train_loss: 0.7274 train_acc: 0.6000 train_f1: 0.6000 time: 0.3252s
INFO:root:Epoch: 0160 val_loss: 1.3922 val_acc: 0.4840 val_f1: 0.4840
/workspace/anaconda3/envs/geo/lib/python3.7/site-packages/torch/optim/lr_scheduler.py:370: UserWarning: To get the last learning rate computed by the scheduler, please use `get_last_lr()`.
  "please use `get_last_lr()`.", UserWarning)
INFO:root:Epoch: 0165 lr: 0.01 train_loss: 0.7047 train_acc: 0.6333 train_f1: 0.6333 time: 0.3260s
INFO:root:Epoch: 0165 val_loss: 1.3947 val_acc: 0.4840 val_f1: 0.4840
/workspace/anaconda3/envs/geo/lib/python3.7/site-packages/torch/optim/lr_scheduler.py:370: UserWarning: To get the last learning rate computed by the scheduler, please use `get_last_lr()`.
  "please use `get_last_lr()`.", UserWarning)
INFO:root:Epoch: 0170 lr: 0.01 train_loss: 0.6906 train_acc: 0.6167 train_f1: 0.6167 time: 0.3269s
INFO:root:Epoch: 0170 val_loss: 1.3984 val_acc: 0.4720 val_f1: 0.4720
/workspace/anaconda3/envs/geo/lib/python3.7/site-packages/torch/optim/lr_scheduler.py:370: UserWarning: To get the last learning rate computed by the scheduler, please use `get_last_lr()`.
  "please use `get_last_lr()`.", UserWarning)
INFO:root:Epoch: 0175 lr: 0.01 train_loss: 0.5478 train_acc: 0.7000 train_f1: 0.7000 time: 0.3248s
INFO:root:Epoch: 0175 val_loss: 1.4006 val_acc: 0.4680 val_f1: 0.4680
/workspace/anaconda3/envs/geo/lib/python3.7/site-packages/torch/optim/lr_scheduler.py:370: UserWarning: To get the last learning rate computed by the scheduler, please use `get_last_lr()`.
  "please use `get_last_lr()`.", UserWarning)
INFO:root:Epoch: 0180 lr: 0.01 train_loss: 0.6380 train_acc: 0.6583 train_f1: 0.6583 time: 0.3240s
INFO:root:Epoch: 0180 val_loss: 1.4044 val_acc: 0.4740 val_f1: 0.4740
/workspace/anaconda3/envs/geo/lib/python3.7/site-packages/torch/optim/lr_scheduler.py:370: UserWarning: To get the last learning rate computed by the scheduler, please use `get_last_lr()`.
  "please use `get_last_lr()`.", UserWarning)
INFO:root:Epoch: 0185 lr: 0.01 train_loss: 0.6351 train_acc: 0.6583 train_f1: 0.6583 time: 0.3261s
INFO:root:Epoch: 0185 val_loss: 1.4075 val_acc: 0.4760 val_f1: 0.4760
/workspace/anaconda3/envs/geo/lib/python3.7/site-packages/torch/optim/lr_scheduler.py:370: UserWarning: To get the last learning rate computed by the scheduler, please use `get_last_lr()`.
  "please use `get_last_lr()`.", UserWarning)
INFO:root:Epoch: 0190 lr: 0.01 train_loss: 0.6984 train_acc: 0.6167 train_f1: 0.6167 time: 0.3244s
INFO:root:Epoch: 0190 val_loss: 1.4134 val_acc: 0.4720 val_f1: 0.4720
/workspace/anaconda3/envs/geo/lib/python3.7/site-packages/torch/optim/lr_scheduler.py:370: UserWarning: To get the last learning rate computed by the scheduler, please use `get_last_lr()`.
  "please use `get_last_lr()`.", UserWarning)
INFO:root:Epoch: 0195 lr: 0.01 train_loss: 0.6862 train_acc: 0.6500 train_f1: 0.6500 time: 0.3230s
INFO:root:Epoch: 0195 val_loss: 1.4175 val_acc: 0.4780 val_f1: 0.4780
/workspace/anaconda3/envs/geo/lib/python3.7/site-packages/torch/optim/lr_scheduler.py:370: UserWarning: To get the last learning rate computed by the scheduler, please use `get_last_lr()`.
  "please use `get_last_lr()`.", UserWarning)
INFO:root:Epoch: 0200 lr: 0.01 train_loss: 0.6615 train_acc: 0.6833 train_f1: 0.6833 time: 0.3244s
INFO:root:Epoch: 0200 val_loss: 1.4193 val_acc: 0.4880 val_f1: 0.4880
/workspace/anaconda3/envs/geo/lib/python3.7/site-packages/torch/optim/lr_scheduler.py:370: UserWarning: To get the last learning rate computed by the scheduler, please use `get_last_lr()`.
  "please use `get_last_lr()`.", UserWarning)
INFO:root:Epoch: 0205 lr: 0.01 train_loss: 0.5441 train_acc: 0.6917 train_f1: 0.6917 time: 0.3578s
INFO:root:Epoch: 0205 val_loss: 1.4232 val_acc: 0.4880 val_f1: 0.4880
/workspace/anaconda3/envs/geo/lib/python3.7/site-packages/torch/optim/lr_scheduler.py:370: UserWarning: To get the last learning rate computed by the scheduler, please use `get_last_lr()`.
  "please use `get_last_lr()`.", UserWarning)
INFO:root:Epoch: 0210 lr: 0.01 train_loss: 0.5692 train_acc: 0.7000 train_f1: 0.7000 time: 0.3246s
INFO:root:Epoch: 0210 val_loss: 1.4346 val_acc: 0.4900 val_f1: 0.4900
/workspace/anaconda3/envs/geo/lib/python3.7/site-packages/torch/optim/lr_scheduler.py:370: UserWarning: To get the last learning rate computed by the scheduler, please use `get_last_lr()`.
  "please use `get_last_lr()`.", UserWarning)
INFO:root:Epoch: 0215 lr: 0.01 train_loss: 0.6867 train_acc: 0.6583 train_f1: 0.6583 time: 0.3255s
INFO:root:Epoch: 0215 val_loss: 1.4423 val_acc: 0.4760 val_f1: 0.4760
/workspace/anaconda3/envs/geo/lib/python3.7/site-packages/torch/optim/lr_scheduler.py:370: UserWarning: To get the last learning rate computed by the scheduler, please use `get_last_lr()`.
  "please use `get_last_lr()`.", UserWarning)
INFO:root:Epoch: 0220 lr: 0.01 train_loss: 0.6296 train_acc: 0.6833 train_f1: 0.6833 time: 0.3270s
INFO:root:Epoch: 0220 val_loss: 1.4523 val_acc: 0.4760 val_f1: 0.4760
INFO:root:Early stopping
INFO:root:Optimization Finished!
INFO:root:Total time elapsed: 116.1418s
INFO:root:Val set results: val_loss: 1.3841 val_acc: 0.5020 val_f1: 0.5020
INFO:root:Test set results: test_loss: 1.3583 test_acc: 0.4970 test_f1: 0.4970
INFO:root:Saved model in /workspace/xiongbo/hgcn/logs/nc/2021_5_25/16
