INFO:root:Using: cuda:0
INFO:root:Using seed 1234.
INFO:root:LPModel(
  (encoder): HGCN(
    (layers): Sequential(
      (0): HyperbolicGraphConvolution(
        (linear): HypLinear(
          in_features=3704, out_features=16, c=Parameter containing:
          tensor([-1.], requires_grad=True)
        )
        (agg): HypAgg(
          c=Parameter containing:
          tensor([-1.], requires_grad=True)
        )
        (hyp_act): HypAct(
          c_in=Parameter containing:
          tensor([-1.], requires_grad=True), c_out=Parameter containing:
          tensor([-1.], requires_grad=True)
        )
      )
      (1): HyperbolicGraphConvolution(
        (linear): HypLinear(
          in_features=16, out_features=16, c=Parameter containing:
          tensor([-1.], requires_grad=True)
        )
        (agg): HypAgg(
          c=Parameter containing:
          tensor([-1.], requires_grad=True)
        )
        (hyp_act): HypAct(
          c_in=Parameter containing:
          tensor([-1.], requires_grad=True), c_out=Parameter containing:
          tensor([-1.], requires_grad=True)
        )
      )
    )
  )
  (dc): FermiDiracDecoder()
)
INFO:root:Total number of parameters: 59555
/workspace/anaconda3/envs/geo/lib/python3.7/site-packages/torch/optim/lr_scheduler.py:370: UserWarning: To get the last learning rate computed by the scheduler, please use `get_last_lr()`.
  "please use `get_last_lr()`.", UserWarning)
INFO:root:Epoch: 0005 lr: 0.01 train_loss: 2.0430 train_roc: 0.9265 train_ap: 0.9197 time: 0.7497s
INFO:root:Epoch: 0005 val_loss: 1.9271 val_roc: 0.7504 val_ap: 0.7454
INFO:root:Epoch: 0010 lr: 0.01 train_loss: 1.9095 train_roc: 0.8880 train_ap: 0.8752 time: 0.7735s
INFO:root:Epoch: 0010 val_loss: 1.6758 val_roc: 0.8133 val_ap: 0.8189
INFO:root:Epoch: 0015 lr: 0.01 train_loss: 1.8633 train_roc: 0.8903 train_ap: 0.8691 time: 0.7759s
INFO:root:Epoch: 0015 val_loss: 1.5157 val_roc: 0.8023 val_ap: 0.7838
INFO:root:Epoch: 0020 lr: 0.01 train_loss: 1.3475 train_roc: 0.9274 train_ap: 0.8881 time: 0.7712s
INFO:root:Epoch: 0020 val_loss: 1.2443 val_roc: 0.8299 val_ap: 0.7735
INFO:root:Epoch: 0025 lr: 0.01 train_loss: 1.0628 train_roc: 0.9158 train_ap: 0.8727 time: 0.7695s
INFO:root:Epoch: 0025 val_loss: 1.0797 val_roc: 0.8242 val_ap: 0.7655
INFO:root:Epoch: 0030 lr: 0.01 train_loss: 0.9659 train_roc: 0.9161 train_ap: 0.8713 time: 0.7706s
INFO:root:Epoch: 0030 val_loss: 1.1506 val_roc: 0.8219 val_ap: 0.7715
INFO:root:Epoch: 0035 lr: 0.01 train_loss: 0.7232 train_roc: 0.9373 train_ap: 0.9183 time: 0.7793s
INFO:root:Epoch: 0035 val_loss: 1.5183 val_roc: 0.8303 val_ap: 0.8347
INFO:root:Epoch: 0040 lr: 0.01 train_loss: 0.4889 train_roc: 0.9694 train_ap: 0.9624 time: 0.7556s
INFO:root:Epoch: 0040 val_loss: 2.1863 val_roc: 0.8300 val_ap: 0.8431
INFO:root:Epoch: 0045 lr: 0.01 train_loss: 0.5548 train_roc: 0.9602 train_ap: 0.9548 time: 0.7544s
INFO:root:Epoch: 0045 val_loss: 1.9683 val_roc: 0.8448 val_ap: 0.8489
INFO:root:Epoch: 0050 lr: 0.01 train_loss: 0.3936 train_roc: 0.9851 train_ap: 0.9833 time: 0.7289s
INFO:root:Epoch: 0050 val_loss: 1.7682 val_roc: 0.8703 val_ap: 0.8757
INFO:root:Epoch: 0055 lr: 0.01 train_loss: 0.3658 train_roc: 0.9885 train_ap: 0.9871 time: 0.7332s
INFO:root:Epoch: 0055 val_loss: 1.8647 val_roc: 0.8884 val_ap: 0.8952
INFO:root:Epoch: 0060 lr: 0.01 train_loss: 0.3152 train_roc: 0.9937 train_ap: 0.9916 time: 0.7442s
INFO:root:Epoch: 0060 val_loss: 2.1587 val_roc: 0.8893 val_ap: 0.8990
INFO:root:Epoch: 0065 lr: 0.01 train_loss: 0.3111 train_roc: 0.9920 train_ap: 0.9880 time: 0.7465s
INFO:root:Epoch: 0065 val_loss: 2.1900 val_roc: 0.8901 val_ap: 0.9000
INFO:root:Epoch: 0070 lr: 0.01 train_loss: 0.3678 train_roc: 0.9891 train_ap: 0.9869 time: 0.7390s
INFO:root:Epoch: 0070 val_loss: 1.9143 val_roc: 0.8949 val_ap: 0.9069
INFO:root:Epoch: 0075 lr: 0.01 train_loss: 0.3440 train_roc: 0.9920 train_ap: 0.9914 time: 0.7274s
INFO:root:Epoch: 0075 val_loss: 1.9595 val_roc: 0.8995 val_ap: 0.9120
INFO:root:Epoch: 0080 lr: 0.01 train_loss: 0.2850 train_roc: 0.9955 train_ap: 0.9932 time: 0.7451s
INFO:root:Epoch: 0080 val_loss: 2.3315 val_roc: 0.9042 val_ap: 0.9167
INFO:root:Epoch: 0085 lr: 0.01 train_loss: 0.2987 train_roc: 0.9951 train_ap: 0.9927 time: 0.7440s
INFO:root:Epoch: 0085 val_loss: 2.2902 val_roc: 0.9112 val_ap: 0.9234
INFO:root:Epoch: 0090 lr: 0.01 train_loss: 0.2677 train_roc: 0.9964 train_ap: 0.9946 time: 0.7392s
INFO:root:Epoch: 0090 val_loss: 1.8405 val_roc: 0.9124 val_ap: 0.9246
INFO:root:Epoch: 0095 lr: 0.01 train_loss: 0.2739 train_roc: 0.9950 train_ap: 0.9915 time: 0.7379s
INFO:root:Epoch: 0095 val_loss: 1.9583 val_roc: 0.9077 val_ap: 0.9205
INFO:root:Epoch: 0100 lr: 0.01 train_loss: 0.2798 train_roc: 0.9943 train_ap: 0.9910 time: 0.7445s
INFO:root:Epoch: 0100 val_loss: 2.1155 val_roc: 0.9032 val_ap: 0.9176
INFO:root:Epoch: 0105 lr: 0.01 train_loss: 0.2786 train_roc: 0.9955 train_ap: 0.9945 time: 0.7433s
INFO:root:Epoch: 0105 val_loss: 2.4158 val_roc: 0.9067 val_ap: 0.9206
INFO:root:Epoch: 0110 lr: 0.01 train_loss: 0.2771 train_roc: 0.9946 train_ap: 0.9918 time: 0.7350s
INFO:root:Epoch: 0110 val_loss: 2.2912 val_roc: 0.9079 val_ap: 0.9220
INFO:root:Epoch: 0115 lr: 0.01 train_loss: 0.2739 train_roc: 0.9944 train_ap: 0.9903 time: 0.7346s
INFO:root:Epoch: 0115 val_loss: 1.6923 val_roc: 0.9039 val_ap: 0.9198
INFO:root:Epoch: 0120 lr: 0.01 train_loss: 0.2622 train_roc: 0.9954 train_ap: 0.9933 time: 0.7311s
INFO:root:Epoch: 0120 val_loss: 1.8261 val_roc: 0.9058 val_ap: 0.9208
INFO:root:Epoch: 0125 lr: 0.01 train_loss: 0.2856 train_roc: 0.9966 train_ap: 0.9942 time: 0.7525s
INFO:root:Epoch: 0125 val_loss: 2.2849 val_roc: 0.9080 val_ap: 0.9222
INFO:root:Epoch: 0130 lr: 0.01 train_loss: 0.2943 train_roc: 0.9960 train_ap: 0.9928 time: 0.7485s
INFO:root:Epoch: 0130 val_loss: 2.7294 val_roc: 0.9105 val_ap: 0.9240
INFO:root:Epoch: 0135 lr: 0.01 train_loss: 0.2740 train_roc: 0.9949 train_ap: 0.9918 time: 0.7481s
INFO:root:Epoch: 0135 val_loss: 2.2535 val_roc: 0.9102 val_ap: 0.9238
INFO:root:Epoch: 0140 lr: 0.01 train_loss: 0.2502 train_roc: 0.9956 train_ap: 0.9918 time: 0.7482s
INFO:root:Epoch: 0140 val_loss: 1.7498 val_roc: 0.9098 val_ap: 0.9236
INFO:root:Epoch: 0145 lr: 0.01 train_loss: 0.3128 train_roc: 0.9937 train_ap: 0.9888 time: 0.7351s
INFO:root:Epoch: 0145 val_loss: 1.9513 val_roc: 0.9106 val_ap: 0.9231
INFO:root:Epoch: 0150 lr: 0.01 train_loss: 0.2648 train_roc: 0.9942 train_ap: 0.9899 time: 0.7552s
INFO:root:Epoch: 0150 val_loss: 2.3924 val_roc: 0.9125 val_ap: 0.9234
INFO:root:Epoch: 0155 lr: 0.01 train_loss: 0.2664 train_roc: 0.9962 train_ap: 0.9945 time: 0.7430s
INFO:root:Epoch: 0155 val_loss: 2.3532 val_roc: 0.9134 val_ap: 0.9245
INFO:root:Epoch: 0160 lr: 0.01 train_loss: 0.2546 train_roc: 0.9967 train_ap: 0.9953 time: 0.7360s
INFO:root:Epoch: 0160 val_loss: 2.0668 val_roc: 0.9122 val_ap: 0.9244
INFO:root:Epoch: 0165 lr: 0.01 train_loss: 0.2977 train_roc: 0.9951 train_ap: 0.9933 time: 0.7997s
INFO:root:Epoch: 0165 val_loss: 1.9619 val_roc: 0.9112 val_ap: 0.9234
INFO:root:Epoch: 0170 lr: 0.01 train_loss: 0.2555 train_roc: 0.9961 train_ap: 0.9930 time: 0.7511s
INFO:root:Epoch: 0170 val_loss: 2.2113 val_roc: 0.9141 val_ap: 0.9260
INFO:root:Epoch: 0175 lr: 0.01 train_loss: 0.2629 train_roc: 0.9972 train_ap: 0.9956 time: 0.7429s
INFO:root:Epoch: 0175 val_loss: 2.3559 val_roc: 0.9147 val_ap: 0.9257
INFO:root:Epoch: 0180 lr: 0.01 train_loss: 0.2398 train_roc: 0.9968 train_ap: 0.9952 time: 0.7493s
INFO:root:Epoch: 0180 val_loss: 2.0660 val_roc: 0.9139 val_ap: 0.9253
INFO:root:Epoch: 0185 lr: 0.01 train_loss: 0.2654 train_roc: 0.9961 train_ap: 0.9949 time: 0.7454s
INFO:root:Epoch: 0185 val_loss: 1.9865 val_roc: 0.9135 val_ap: 0.9253
INFO:root:Epoch: 0190 lr: 0.01 train_loss: 0.2438 train_roc: 0.9971 train_ap: 0.9957 time: 0.7502s
INFO:root:Epoch: 0190 val_loss: 2.0054 val_roc: 0.9139 val_ap: 0.9254
INFO:root:Epoch: 0195 lr: 0.01 train_loss: 0.2310 train_roc: 0.9975 train_ap: 0.9968 time: 0.7341s
INFO:root:Epoch: 0195 val_loss: 2.1212 val_roc: 0.9138 val_ap: 0.9249
INFO:root:Epoch: 0200 lr: 0.01 train_loss: 0.2541 train_roc: 0.9966 train_ap: 0.9951 time: 0.7460s
INFO:root:Epoch: 0200 val_loss: 2.1066 val_roc: 0.9128 val_ap: 0.9240
INFO:root:Epoch: 0205 lr: 0.01 train_loss: 0.2536 train_roc: 0.9958 train_ap: 0.9924 time: 0.7475s
INFO:root:Epoch: 0205 val_loss: 2.2982 val_roc: 0.9134 val_ap: 0.9241
INFO:root:Epoch: 0210 lr: 0.01 train_loss: 0.2349 train_roc: 0.9965 train_ap: 0.9932 time: 0.7611s
INFO:root:Epoch: 0210 val_loss: 2.2594 val_roc: 0.9140 val_ap: 0.9246
INFO:root:Epoch: 0215 lr: 0.01 train_loss: 0.2396 train_roc: 0.9981 train_ap: 0.9972 time: 0.7413s
INFO:root:Epoch: 0215 val_loss: 2.2950 val_roc: 0.9177 val_ap: 0.9277
INFO:root:Epoch: 0220 lr: 0.01 train_loss: 0.2487 train_roc: 0.9957 train_ap: 0.9934 time: 0.7260s
INFO:root:Epoch: 0220 val_loss: 1.9917 val_roc: 0.9164 val_ap: 0.9269
INFO:root:Epoch: 0225 lr: 0.01 train_loss: 0.2354 train_roc: 0.9973 train_ap: 0.9947 time: 0.7491s
INFO:root:Epoch: 0225 val_loss: 1.9026 val_roc: 0.9145 val_ap: 0.9255
INFO:root:Epoch: 0230 lr: 0.01 train_loss: 0.2228 train_roc: 0.9982 train_ap: 0.9969 time: 0.7428s
INFO:root:Epoch: 0230 val_loss: 1.8081 val_roc: 0.9131 val_ap: 0.9246
INFO:root:Epoch: 0235 lr: 0.01 train_loss: 0.2250 train_roc: 0.9978 train_ap: 0.9963 time: 0.7291s
INFO:root:Epoch: 0235 val_loss: 1.9431 val_roc: 0.9115 val_ap: 0.9237
INFO:root:Epoch: 0240 lr: 0.01 train_loss: 0.2303 train_roc: 0.9970 train_ap: 0.9934 time: 0.7859s
INFO:root:Epoch: 0240 val_loss: 2.2238 val_roc: 0.9109 val_ap: 0.9235
INFO:root:Epoch: 0245 lr: 0.01 train_loss: 0.2458 train_roc: 0.9974 train_ap: 0.9963 time: 0.7514s
INFO:root:Epoch: 0245 val_loss: 2.5136 val_roc: 0.9116 val_ap: 0.9240
INFO:root:Epoch: 0250 lr: 0.01 train_loss: 0.2399 train_roc: 0.9974 train_ap: 0.9960 time: 0.7623s
INFO:root:Epoch: 0250 val_loss: 2.3598 val_roc: 0.9092 val_ap: 0.9221
INFO:root:Epoch: 0255 lr: 0.01 train_loss: 0.2375 train_roc: 0.9966 train_ap: 0.9937 time: 0.7528s
INFO:root:Epoch: 0255 val_loss: 2.3184 val_roc: 0.9081 val_ap: 0.9217
INFO:root:Epoch: 0260 lr: 0.01 train_loss: 0.2385 train_roc: 0.9959 train_ap: 0.9924 time: 0.7620s
INFO:root:Epoch: 0260 val_loss: 2.2316 val_roc: 0.9076 val_ap: 0.9215
INFO:root:Epoch: 0265 lr: 0.01 train_loss: 0.2272 train_roc: 0.9976 train_ap: 0.9958 time: 0.7547s
INFO:root:Epoch: 0265 val_loss: 2.2153 val_roc: 0.9085 val_ap: 0.9224
INFO:root:Epoch: 0270 lr: 0.01 train_loss: 0.2453 train_roc: 0.9968 train_ap: 0.9953 time: 0.7453s
INFO:root:Epoch: 0270 val_loss: 2.3130 val_roc: 0.9084 val_ap: 0.9223
INFO:root:Epoch: 0275 lr: 0.01 train_loss: 0.2228 train_roc: 0.9979 train_ap: 0.9970 time: 0.7400s
INFO:root:Epoch: 0275 val_loss: 2.3882 val_roc: 0.9076 val_ap: 0.9218
INFO:root:Epoch: 0280 lr: 0.01 train_loss: 0.2425 train_roc: 0.9964 train_ap: 0.9923 time: 0.7513s
INFO:root:Epoch: 0280 val_loss: 2.5499 val_roc: 0.9068 val_ap: 0.9211
INFO:root:Epoch: 0285 lr: 0.01 train_loss: 0.2375 train_roc: 0.9974 train_ap: 0.9958 time: 0.7385s
INFO:root:Epoch: 0285 val_loss: 2.4533 val_roc: 0.9065 val_ap: 0.9212
INFO:root:Epoch: 0290 lr: 0.01 train_loss: 0.2507 train_roc: 0.9968 train_ap: 0.9953 time: 0.7456s
INFO:root:Epoch: 0290 val_loss: 2.0845 val_roc: 0.9050 val_ap: 0.9203
INFO:root:Epoch: 0295 lr: 0.01 train_loss: 0.2536 train_roc: 0.9962 train_ap: 0.9930 time: 0.7475s
INFO:root:Epoch: 0295 val_loss: 2.0935 val_roc: 0.9041 val_ap: 0.9196
INFO:root:Epoch: 0300 lr: 0.01 train_loss: 0.2230 train_roc: 0.9977 train_ap: 0.9963 time: 0.7568s
INFO:root:Epoch: 0300 val_loss: 2.3857 val_roc: 0.9071 val_ap: 0.9202
INFO:root:Epoch: 0305 lr: 0.01 train_loss: 0.2312 train_roc: 0.9971 train_ap: 0.9946 time: 0.7600s
INFO:root:Epoch: 0305 val_loss: 2.4090 val_roc: 0.9079 val_ap: 0.9209
INFO:root:Epoch: 0310 lr: 0.01 train_loss: 0.2256 train_roc: 0.9976 train_ap: 0.9955 time: 0.7427s
INFO:root:Epoch: 0310 val_loss: 2.0188 val_roc: 0.9053 val_ap: 0.9204
INFO:root:Epoch: 0315 lr: 0.01 train_loss: 0.2399 train_roc: 0.9980 train_ap: 0.9964 time: 0.7887s
INFO:root:Epoch: 0315 val_loss: 2.1927 val_roc: 0.9067 val_ap: 0.9216
INFO:root:Early stopping
INFO:root:Optimization Finished!
INFO:root:Total time elapsed: 380.9188s
INFO:root:Val set results: val_loss: 2.2562 val_roc: 0.9181 val_ap: 0.9280
INFO:root:Test set results: test_loss: 2.1533 test_roc: 0.9188 test_ap: 0.9193
INFO:root:Saved model in /workspace/xiongbo/hgcn/logs/lp/2021_5_8/43
