INFO:root:Using: cuda:0
INFO:root:Using seed 1234.
INFO:root:Num classes: 7
INFO:root:NCModel(
  (encoder): HNN(
    (layers): Sequential(
      (0): HNNLayer(
        (linear): HypLinear(
          in_features=1434, out_features=16, c=Parameter containing:
          tensor([-1.], requires_grad=True)
        )
        (hyp_act): HypAct(
          c_in=Parameter containing:
          tensor([-1.], requires_grad=True), c_out=Parameter containing:
          tensor([-1.], requires_grad=True)
        )
      )
    )
  )
  (decoder): LinearDecoder(
    in_features=16, out_features=7, bias=1, c=Parameter containing:
    tensor([-1.], requires_grad=True)
    (cls): Linear(
      (linear): Linear(in_features=16, out_features=7, bias=True)
    )
  )
)
INFO:root:Total number of parameters: 23080
/workspace/anaconda3/envs/geo/lib/python3.7/site-packages/torch/optim/lr_scheduler.py:370: UserWarning: To get the last learning rate computed by the scheduler, please use `get_last_lr()`.
  "please use `get_last_lr()`.", UserWarning)
INFO:root:Epoch: 0005 lr: 0.01 train_loss: 1.8848 train_acc: 0.2357 train_f1: 0.2357 time: 0.3094s
INFO:root:Epoch: 0005 val_loss: 1.9112 val_acc: 0.2000 val_f1: 0.2000
/workspace/anaconda3/envs/geo/lib/python3.7/site-packages/torch/optim/lr_scheduler.py:370: UserWarning: To get the last learning rate computed by the scheduler, please use `get_last_lr()`.
  "please use `get_last_lr()`.", UserWarning)
INFO:root:Epoch: 0010 lr: 0.01 train_loss: 1.7991 train_acc: 0.4571 train_f1: 0.4571 time: 0.3150s
INFO:root:Epoch: 0010 val_loss: 1.8750 val_acc: 0.3380 val_f1: 0.3380
/workspace/anaconda3/envs/geo/lib/python3.7/site-packages/torch/optim/lr_scheduler.py:370: UserWarning: To get the last learning rate computed by the scheduler, please use `get_last_lr()`.
  "please use `get_last_lr()`.", UserWarning)
INFO:root:Epoch: 0015 lr: 0.01 train_loss: 1.7177 train_acc: 0.5071 train_f1: 0.5071 time: 0.3131s
INFO:root:Epoch: 0015 val_loss: 1.8427 val_acc: 0.4140 val_f1: 0.4140
/workspace/anaconda3/envs/geo/lib/python3.7/site-packages/torch/optim/lr_scheduler.py:370: UserWarning: To get the last learning rate computed by the scheduler, please use `get_last_lr()`.
  "please use `get_last_lr()`.", UserWarning)
INFO:root:Epoch: 0020 lr: 0.01 train_loss: 1.6987 train_acc: 0.4071 train_f1: 0.4071 time: 0.3099s
INFO:root:Epoch: 0020 val_loss: 1.8018 val_acc: 0.4220 val_f1: 0.4220
/workspace/anaconda3/envs/geo/lib/python3.7/site-packages/torch/optim/lr_scheduler.py:370: UserWarning: To get the last learning rate computed by the scheduler, please use `get_last_lr()`.
  "please use `get_last_lr()`.", UserWarning)
INFO:root:Epoch: 0025 lr: 0.01 train_loss: 1.5471 train_acc: 0.5786 train_f1: 0.5786 time: 0.3108s
INFO:root:Epoch: 0025 val_loss: 1.7598 val_acc: 0.4500 val_f1: 0.4500
/workspace/anaconda3/envs/geo/lib/python3.7/site-packages/torch/optim/lr_scheduler.py:370: UserWarning: To get the last learning rate computed by the scheduler, please use `get_last_lr()`.
  "please use `get_last_lr()`.", UserWarning)
INFO:root:Epoch: 0030 lr: 0.01 train_loss: 1.4746 train_acc: 0.5429 train_f1: 0.5429 time: 0.3107s
INFO:root:Epoch: 0030 val_loss: 1.7221 val_acc: 0.4440 val_f1: 0.4440
/workspace/anaconda3/envs/geo/lib/python3.7/site-packages/torch/optim/lr_scheduler.py:370: UserWarning: To get the last learning rate computed by the scheduler, please use `get_last_lr()`.
  "please use `get_last_lr()`.", UserWarning)
INFO:root:Epoch: 0035 lr: 0.01 train_loss: 1.3156 train_acc: 0.6143 train_f1: 0.6143 time: 0.3115s
INFO:root:Epoch: 0035 val_loss: 1.6888 val_acc: 0.4640 val_f1: 0.4640
/workspace/anaconda3/envs/geo/lib/python3.7/site-packages/torch/optim/lr_scheduler.py:370: UserWarning: To get the last learning rate computed by the scheduler, please use `get_last_lr()`.
  "please use `get_last_lr()`.", UserWarning)
INFO:root:Epoch: 0040 lr: 0.01 train_loss: 1.1782 train_acc: 0.6714 train_f1: 0.6714 time: 0.3114s
INFO:root:Epoch: 0040 val_loss: 1.6447 val_acc: 0.4900 val_f1: 0.4900
/workspace/anaconda3/envs/geo/lib/python3.7/site-packages/torch/optim/lr_scheduler.py:370: UserWarning: To get the last learning rate computed by the scheduler, please use `get_last_lr()`.
  "please use `get_last_lr()`.", UserWarning)
INFO:root:Epoch: 0045 lr: 0.01 train_loss: 1.2093 train_acc: 0.5786 train_f1: 0.5786 time: 0.3108s
INFO:root:Epoch: 0045 val_loss: 1.6025 val_acc: 0.4780 val_f1: 0.4780
/workspace/anaconda3/envs/geo/lib/python3.7/site-packages/torch/optim/lr_scheduler.py:370: UserWarning: To get the last learning rate computed by the scheduler, please use `get_last_lr()`.
  "please use `get_last_lr()`.", UserWarning)
INFO:root:Epoch: 0050 lr: 0.01 train_loss: 1.1474 train_acc: 0.6071 train_f1: 0.6071 time: 0.3114s
INFO:root:Epoch: 0050 val_loss: 1.5861 val_acc: 0.4800 val_f1: 0.4800
/workspace/anaconda3/envs/geo/lib/python3.7/site-packages/torch/optim/lr_scheduler.py:370: UserWarning: To get the last learning rate computed by the scheduler, please use `get_last_lr()`.
  "please use `get_last_lr()`.", UserWarning)
INFO:root:Epoch: 0055 lr: 0.01 train_loss: 0.9794 train_acc: 0.6786 train_f1: 0.6786 time: 0.3103s
INFO:root:Epoch: 0055 val_loss: 1.5847 val_acc: 0.4640 val_f1: 0.4640
/workspace/anaconda3/envs/geo/lib/python3.7/site-packages/torch/optim/lr_scheduler.py:370: UserWarning: To get the last learning rate computed by the scheduler, please use `get_last_lr()`.
  "please use `get_last_lr()`.", UserWarning)
INFO:root:Epoch: 0060 lr: 0.01 train_loss: 1.0296 train_acc: 0.6214 train_f1: 0.6214 time: 0.3132s
INFO:root:Epoch: 0060 val_loss: 1.5569 val_acc: 0.5000 val_f1: 0.5000
/workspace/anaconda3/envs/geo/lib/python3.7/site-packages/torch/optim/lr_scheduler.py:370: UserWarning: To get the last learning rate computed by the scheduler, please use `get_last_lr()`.
  "please use `get_last_lr()`.", UserWarning)
INFO:root:Epoch: 0065 lr: 0.01 train_loss: 0.9646 train_acc: 0.6500 train_f1: 0.6500 time: 0.3107s
INFO:root:Epoch: 0065 val_loss: 1.5140 val_acc: 0.5160 val_f1: 0.5160
/workspace/anaconda3/envs/geo/lib/python3.7/site-packages/torch/optim/lr_scheduler.py:370: UserWarning: To get the last learning rate computed by the scheduler, please use `get_last_lr()`.
  "please use `get_last_lr()`.", UserWarning)
INFO:root:Epoch: 0070 lr: 0.01 train_loss: 1.0274 train_acc: 0.5786 train_f1: 0.5786 time: 0.3089s
INFO:root:Epoch: 0070 val_loss: 1.4880 val_acc: 0.5220 val_f1: 0.5220
/workspace/anaconda3/envs/geo/lib/python3.7/site-packages/torch/optim/lr_scheduler.py:370: UserWarning: To get the last learning rate computed by the scheduler, please use `get_last_lr()`.
  "please use `get_last_lr()`.", UserWarning)
INFO:root:Epoch: 0075 lr: 0.01 train_loss: 0.9958 train_acc: 0.6143 train_f1: 0.6143 time: 0.3072s
INFO:root:Epoch: 0075 val_loss: 1.4871 val_acc: 0.5200 val_f1: 0.5200
/workspace/anaconda3/envs/geo/lib/python3.7/site-packages/torch/optim/lr_scheduler.py:370: UserWarning: To get the last learning rate computed by the scheduler, please use `get_last_lr()`.
  "please use `get_last_lr()`.", UserWarning)
INFO:root:Epoch: 0080 lr: 0.01 train_loss: 0.8776 train_acc: 0.6286 train_f1: 0.6286 time: 0.3112s
INFO:root:Epoch: 0080 val_loss: 1.4937 val_acc: 0.5160 val_f1: 0.5160
/workspace/anaconda3/envs/geo/lib/python3.7/site-packages/torch/optim/lr_scheduler.py:370: UserWarning: To get the last learning rate computed by the scheduler, please use `get_last_lr()`.
  "please use `get_last_lr()`.", UserWarning)
INFO:root:Epoch: 0085 lr: 0.01 train_loss: 0.8696 train_acc: 0.6286 train_f1: 0.6286 time: 0.3091s
INFO:root:Epoch: 0085 val_loss: 1.4772 val_acc: 0.5220 val_f1: 0.5220
/workspace/anaconda3/envs/geo/lib/python3.7/site-packages/torch/optim/lr_scheduler.py:370: UserWarning: To get the last learning rate computed by the scheduler, please use `get_last_lr()`.
  "please use `get_last_lr()`.", UserWarning)
INFO:root:Epoch: 0090 lr: 0.01 train_loss: 0.8991 train_acc: 0.6286 train_f1: 0.6286 time: 0.3110s
INFO:root:Epoch: 0090 val_loss: 1.4620 val_acc: 0.5220 val_f1: 0.5220
/workspace/anaconda3/envs/geo/lib/python3.7/site-packages/torch/optim/lr_scheduler.py:370: UserWarning: To get the last learning rate computed by the scheduler, please use `get_last_lr()`.
  "please use `get_last_lr()`.", UserWarning)
INFO:root:Epoch: 0095 lr: 0.01 train_loss: 0.8109 train_acc: 0.6857 train_f1: 0.6857 time: 0.3082s
INFO:root:Epoch: 0095 val_loss: 1.4467 val_acc: 0.5220 val_f1: 0.5220
/workspace/anaconda3/envs/geo/lib/python3.7/site-packages/torch/optim/lr_scheduler.py:370: UserWarning: To get the last learning rate computed by the scheduler, please use `get_last_lr()`.
  "please use `get_last_lr()`.", UserWarning)
INFO:root:Epoch: 0100 lr: 0.01 train_loss: 0.7568 train_acc: 0.6571 train_f1: 0.6571 time: 0.3099s
INFO:root:Epoch: 0100 val_loss: 1.4427 val_acc: 0.5220 val_f1: 0.5220
/workspace/anaconda3/envs/geo/lib/python3.7/site-packages/torch/optim/lr_scheduler.py:370: UserWarning: To get the last learning rate computed by the scheduler, please use `get_last_lr()`.
  "please use `get_last_lr()`.", UserWarning)
INFO:root:Epoch: 0105 lr: 0.01 train_loss: 0.6650 train_acc: 0.6786 train_f1: 0.6786 time: 0.3108s
INFO:root:Epoch: 0105 val_loss: 1.4557 val_acc: 0.5120 val_f1: 0.5120
/workspace/anaconda3/envs/geo/lib/python3.7/site-packages/torch/optim/lr_scheduler.py:370: UserWarning: To get the last learning rate computed by the scheduler, please use `get_last_lr()`.
  "please use `get_last_lr()`.", UserWarning)
INFO:root:Epoch: 0110 lr: 0.01 train_loss: 0.7995 train_acc: 0.6500 train_f1: 0.6500 time: 0.3091s
INFO:root:Epoch: 0110 val_loss: 1.4551 val_acc: 0.5080 val_f1: 0.5080
/workspace/anaconda3/envs/geo/lib/python3.7/site-packages/torch/optim/lr_scheduler.py:370: UserWarning: To get the last learning rate computed by the scheduler, please use `get_last_lr()`.
  "please use `get_last_lr()`.", UserWarning)
INFO:root:Epoch: 0115 lr: 0.01 train_loss: 0.8607 train_acc: 0.6071 train_f1: 0.6071 time: 0.3118s
INFO:root:Epoch: 0115 val_loss: 1.4497 val_acc: 0.5080 val_f1: 0.5080
/workspace/anaconda3/envs/geo/lib/python3.7/site-packages/torch/optim/lr_scheduler.py:370: UserWarning: To get the last learning rate computed by the scheduler, please use `get_last_lr()`.
  "please use `get_last_lr()`.", UserWarning)
INFO:root:Epoch: 0120 lr: 0.01 train_loss: 0.8780 train_acc: 0.5786 train_f1: 0.5786 time: 0.3098s
INFO:root:Epoch: 0120 val_loss: 1.4584 val_acc: 0.5160 val_f1: 0.5160
/workspace/anaconda3/envs/geo/lib/python3.7/site-packages/torch/optim/lr_scheduler.py:370: UserWarning: To get the last learning rate computed by the scheduler, please use `get_last_lr()`.
  "please use `get_last_lr()`.", UserWarning)
INFO:root:Epoch: 0125 lr: 0.01 train_loss: 0.8013 train_acc: 0.6571 train_f1: 0.6571 time: 0.3118s
INFO:root:Epoch: 0125 val_loss: 1.4568 val_acc: 0.5060 val_f1: 0.5060
/workspace/anaconda3/envs/geo/lib/python3.7/site-packages/torch/optim/lr_scheduler.py:370: UserWarning: To get the last learning rate computed by the scheduler, please use `get_last_lr()`.
  "please use `get_last_lr()`.", UserWarning)
INFO:root:Epoch: 0130 lr: 0.01 train_loss: 0.6633 train_acc: 0.6786 train_f1: 0.6786 time: 0.3120s
INFO:root:Epoch: 0130 val_loss: 1.4396 val_acc: 0.5060 val_f1: 0.5060
/workspace/anaconda3/envs/geo/lib/python3.7/site-packages/torch/optim/lr_scheduler.py:370: UserWarning: To get the last learning rate computed by the scheduler, please use `get_last_lr()`.
  "please use `get_last_lr()`.", UserWarning)
INFO:root:Epoch: 0135 lr: 0.01 train_loss: 0.7873 train_acc: 0.6286 train_f1: 0.6286 time: 0.3119s
INFO:root:Epoch: 0135 val_loss: 1.4414 val_acc: 0.5060 val_f1: 0.5060
/workspace/anaconda3/envs/geo/lib/python3.7/site-packages/torch/optim/lr_scheduler.py:370: UserWarning: To get the last learning rate computed by the scheduler, please use `get_last_lr()`.
  "please use `get_last_lr()`.", UserWarning)
INFO:root:Epoch: 0140 lr: 0.01 train_loss: 0.6157 train_acc: 0.6929 train_f1: 0.6929 time: 0.3104s
INFO:root:Epoch: 0140 val_loss: 1.4472 val_acc: 0.5040 val_f1: 0.5040
/workspace/anaconda3/envs/geo/lib/python3.7/site-packages/torch/optim/lr_scheduler.py:370: UserWarning: To get the last learning rate computed by the scheduler, please use `get_last_lr()`.
  "please use `get_last_lr()`.", UserWarning)
INFO:root:Epoch: 0145 lr: 0.01 train_loss: 0.7253 train_acc: 0.6857 train_f1: 0.6857 time: 0.3127s
INFO:root:Epoch: 0145 val_loss: 1.4458 val_acc: 0.5100 val_f1: 0.5100
/workspace/anaconda3/envs/geo/lib/python3.7/site-packages/torch/optim/lr_scheduler.py:370: UserWarning: To get the last learning rate computed by the scheduler, please use `get_last_lr()`.
  "please use `get_last_lr()`.", UserWarning)
INFO:root:Epoch: 0150 lr: 0.01 train_loss: 0.8005 train_acc: 0.6071 train_f1: 0.6071 time: 0.3094s
INFO:root:Epoch: 0150 val_loss: 1.4346 val_acc: 0.5080 val_f1: 0.5080
/workspace/anaconda3/envs/geo/lib/python3.7/site-packages/torch/optim/lr_scheduler.py:370: UserWarning: To get the last learning rate computed by the scheduler, please use `get_last_lr()`.
  "please use `get_last_lr()`.", UserWarning)
INFO:root:Epoch: 0155 lr: 0.01 train_loss: 0.6669 train_acc: 0.6643 train_f1: 0.6643 time: 0.3091s
INFO:root:Epoch: 0155 val_loss: 1.4347 val_acc: 0.5120 val_f1: 0.5120
/workspace/anaconda3/envs/geo/lib/python3.7/site-packages/torch/optim/lr_scheduler.py:370: UserWarning: To get the last learning rate computed by the scheduler, please use `get_last_lr()`.
  "please use `get_last_lr()`.", UserWarning)
INFO:root:Epoch: 0160 lr: 0.01 train_loss: 0.6964 train_acc: 0.6786 train_f1: 0.6786 time: 0.3100s
INFO:root:Epoch: 0160 val_loss: 1.4463 val_acc: 0.5160 val_f1: 0.5160
/workspace/anaconda3/envs/geo/lib/python3.7/site-packages/torch/optim/lr_scheduler.py:370: UserWarning: To get the last learning rate computed by the scheduler, please use `get_last_lr()`.
  "please use `get_last_lr()`.", UserWarning)
INFO:root:Epoch: 0165 lr: 0.01 train_loss: 0.7461 train_acc: 0.6429 train_f1: 0.6429 time: 0.3114s
INFO:root:Epoch: 0165 val_loss: 1.4641 val_acc: 0.5040 val_f1: 0.5040
/workspace/anaconda3/envs/geo/lib/python3.7/site-packages/torch/optim/lr_scheduler.py:370: UserWarning: To get the last learning rate computed by the scheduler, please use `get_last_lr()`.
  "please use `get_last_lr()`.", UserWarning)
INFO:root:Epoch: 0170 lr: 0.01 train_loss: 0.7298 train_acc: 0.6786 train_f1: 0.6786 time: 0.3105s
INFO:root:Epoch: 0170 val_loss: 1.4755 val_acc: 0.5040 val_f1: 0.5040
/workspace/anaconda3/envs/geo/lib/python3.7/site-packages/torch/optim/lr_scheduler.py:370: UserWarning: To get the last learning rate computed by the scheduler, please use `get_last_lr()`.
  "please use `get_last_lr()`.", UserWarning)
INFO:root:Epoch: 0175 lr: 0.01 train_loss: 0.7032 train_acc: 0.6214 train_f1: 0.6214 time: 0.3095s
INFO:root:Epoch: 0175 val_loss: 1.4792 val_acc: 0.5140 val_f1: 0.5140
/workspace/anaconda3/envs/geo/lib/python3.7/site-packages/torch/optim/lr_scheduler.py:370: UserWarning: To get the last learning rate computed by the scheduler, please use `get_last_lr()`.
  "please use `get_last_lr()`.", UserWarning)
INFO:root:Epoch: 0180 lr: 0.01 train_loss: 0.8205 train_acc: 0.5929 train_f1: 0.5929 time: 0.3121s
INFO:root:Epoch: 0180 val_loss: 1.4726 val_acc: 0.5160 val_f1: 0.5160
/workspace/anaconda3/envs/geo/lib/python3.7/site-packages/torch/optim/lr_scheduler.py:370: UserWarning: To get the last learning rate computed by the scheduler, please use `get_last_lr()`.
  "please use `get_last_lr()`.", UserWarning)
INFO:root:Epoch: 0185 lr: 0.01 train_loss: 0.5998 train_acc: 0.7000 train_f1: 0.7000 time: 0.3082s
INFO:root:Epoch: 0185 val_loss: 1.4598 val_acc: 0.5180 val_f1: 0.5180
INFO:root:Early stopping
INFO:root:Optimization Finished!
INFO:root:Total time elapsed: 94.7546s
INFO:root:Val set results: val_loss: 1.4734 val_acc: 0.5280 val_f1: 0.5280
INFO:root:Test set results: test_loss: 1.4737 test_acc: 0.4880 test_f1: 0.4880
INFO:root:Saved model in /workspace/xiongbo/hgcn/logs/nc/2021_5_25/24
