INFO:root:Using: cuda:0
INFO:root:Using seed 1234.
INFO:root:Num classes: 3
INFO:root:NCModel(
  (encoder): HGCN(
    (layers): Sequential(
      (0): HyperbolicGraphConvolution(
        (linear): HypLinear(
          in_features=501, out_features=16, c=Parameter containing:
          tensor([-1.], requires_grad=True)
        )
        (agg): HypAgg(
          c=Parameter containing:
          tensor([-1.], requires_grad=True)
        )
        (hyp_act): HypAct(
          c_in=Parameter containing:
          tensor([-1.], requires_grad=True), c_out=Parameter containing:
          tensor([-1.], requires_grad=True)
        )
      )
    )
  )
  (decoder): LinearDecoder(
    in_features=16, out_features=3, bias=1, c=Parameter containing:
    tensor([-1.], requires_grad=True)
    (cls): Linear(
      (linear): Linear(in_features=16, out_features=3, bias=True)
    )
  )
)
INFO:root:Total number of parameters: 8085
/workspace/anaconda3/envs/geo/lib/python3.7/site-packages/torch/optim/lr_scheduler.py:370: UserWarning: To get the last learning rate computed by the scheduler, please use `get_last_lr()`.
  "please use `get_last_lr()`.", UserWarning)
INFO:root:Epoch: 0005 lr: 0.01 train_loss: 1.0270 train_acc: 0.5333 train_f1: 0.5333 time: 0.6617s
INFO:root:Epoch: 0005 val_loss: 1.0220 val_acc: 0.6500 val_f1: 0.6500
INFO:root:Epoch: 0010 lr: 0.01 train_loss: 0.9176 train_acc: 0.6833 train_f1: 0.6833 time: 0.6675s
INFO:root:Epoch: 0010 val_loss: 0.9793 val_acc: 0.7140 val_f1: 0.7140
INFO:root:Epoch: 0015 lr: 0.01 train_loss: 0.8624 train_acc: 0.7167 train_f1: 0.7167 time: 0.6769s
INFO:root:Epoch: 0015 val_loss: 0.9445 val_acc: 0.6960 val_f1: 0.6960
INFO:root:Epoch: 0020 lr: 0.01 train_loss: 0.8033 train_acc: 0.6333 train_f1: 0.6333 time: 0.6621s
INFO:root:Epoch: 0020 val_loss: 0.8938 val_acc: 0.7200 val_f1: 0.7200
INFO:root:Epoch: 0025 lr: 0.01 train_loss: 0.6962 train_acc: 0.8333 train_f1: 0.8333 time: 0.6694s
INFO:root:Epoch: 0025 val_loss: 0.8488 val_acc: 0.7340 val_f1: 0.7340
INFO:root:Epoch: 0030 lr: 0.01 train_loss: 0.6120 train_acc: 0.8333 train_f1: 0.8333 time: 0.6605s
INFO:root:Epoch: 0030 val_loss: 0.8157 val_acc: 0.7340 val_f1: 0.7340
INFO:root:Epoch: 0035 lr: 0.01 train_loss: 0.6219 train_acc: 0.7833 train_f1: 0.7833 time: 0.6759s
INFO:root:Epoch: 0035 val_loss: 0.7874 val_acc: 0.7320 val_f1: 0.7320
INFO:root:Epoch: 0040 lr: 0.01 train_loss: 0.5073 train_acc: 0.7333 train_f1: 0.7333 time: 0.6670s
INFO:root:Epoch: 0040 val_loss: 0.7628 val_acc: 0.7400 val_f1: 0.7400
INFO:root:Epoch: 0045 lr: 0.01 train_loss: 0.5721 train_acc: 0.7167 train_f1: 0.7167 time: 0.6593s
INFO:root:Epoch: 0045 val_loss: 0.7350 val_acc: 0.7380 val_f1: 0.7380
INFO:root:Epoch: 0050 lr: 0.01 train_loss: 0.4879 train_acc: 0.7833 train_f1: 0.7833 time: 0.6501s
INFO:root:Epoch: 0050 val_loss: 0.7220 val_acc: 0.7280 val_f1: 0.7280
INFO:root:Epoch: 0055 lr: 0.01 train_loss: 0.4274 train_acc: 0.7833 train_f1: 0.7833 time: 0.6625s
INFO:root:Epoch: 0055 val_loss: 0.7128 val_acc: 0.7380 val_f1: 0.7380
INFO:root:Epoch: 0060 lr: 0.01 train_loss: 0.4939 train_acc: 0.6667 train_f1: 0.6667 time: 0.6576s
INFO:root:Epoch: 0060 val_loss: 0.7097 val_acc: 0.7340 val_f1: 0.7340
INFO:root:Epoch: 0065 lr: 0.01 train_loss: 0.4057 train_acc: 0.8167 train_f1: 0.8167 time: 0.6761s
INFO:root:Epoch: 0065 val_loss: 0.6987 val_acc: 0.7360 val_f1: 0.7360
INFO:root:Epoch: 0070 lr: 0.01 train_loss: 0.3441 train_acc: 0.8500 train_f1: 0.8500 time: 0.6693s
INFO:root:Epoch: 0070 val_loss: 0.6934 val_acc: 0.7300 val_f1: 0.7300
INFO:root:Epoch: 0075 lr: 0.01 train_loss: 0.2948 train_acc: 0.8833 train_f1: 0.8833 time: 0.6705s
INFO:root:Epoch: 0075 val_loss: 0.7029 val_acc: 0.7220 val_f1: 0.7220
INFO:root:Epoch: 0080 lr: 0.01 train_loss: 0.3364 train_acc: 0.7667 train_f1: 0.7667 time: 0.6552s
INFO:root:Epoch: 0080 val_loss: 0.7137 val_acc: 0.7220 val_f1: 0.7220
INFO:root:Epoch: 0085 lr: 0.01 train_loss: 0.3990 train_acc: 0.7000 train_f1: 0.7000 time: 0.6641s
INFO:root:Epoch: 0085 val_loss: 0.7160 val_acc: 0.7220 val_f1: 0.7220
INFO:root:Epoch: 0090 lr: 0.01 train_loss: 0.3782 train_acc: 0.7500 train_f1: 0.7500 time: 0.6608s
INFO:root:Epoch: 0090 val_loss: 0.7171 val_acc: 0.7260 val_f1: 0.7260
INFO:root:Epoch: 0095 lr: 0.01 train_loss: 0.3557 train_acc: 0.8000 train_f1: 0.8000 time: 0.6887s
INFO:root:Epoch: 0095 val_loss: 0.7258 val_acc: 0.7240 val_f1: 0.7240
INFO:root:Epoch: 0100 lr: 0.01 train_loss: 0.3971 train_acc: 0.7500 train_f1: 0.7500 time: 0.6518s
INFO:root:Epoch: 0100 val_loss: 0.7333 val_acc: 0.7260 val_f1: 0.7260
INFO:root:Epoch: 0105 lr: 0.01 train_loss: 0.3373 train_acc: 0.8000 train_f1: 0.8000 time: 0.6663s
INFO:root:Epoch: 0105 val_loss: 0.7424 val_acc: 0.7260 val_f1: 0.7260
INFO:root:Epoch: 0110 lr: 0.01 train_loss: 0.4051 train_acc: 0.7333 train_f1: 0.7333 time: 0.6671s
INFO:root:Epoch: 0110 val_loss: 0.7508 val_acc: 0.7260 val_f1: 0.7260
INFO:root:Epoch: 0115 lr: 0.01 train_loss: 0.2853 train_acc: 0.8500 train_f1: 0.8500 time: 0.6546s
INFO:root:Epoch: 0115 val_loss: 0.7495 val_acc: 0.7260 val_f1: 0.7260
INFO:root:Epoch: 0120 lr: 0.01 train_loss: 0.3316 train_acc: 0.7500 train_f1: 0.7500 time: 0.6902s
INFO:root:Epoch: 0120 val_loss: 0.7573 val_acc: 0.7340 val_f1: 0.7340
INFO:root:Epoch: 0125 lr: 0.01 train_loss: 0.2728 train_acc: 0.7833 train_f1: 0.7833 time: 0.6672s
INFO:root:Epoch: 0125 val_loss: 0.7737 val_acc: 0.7320 val_f1: 0.7320
INFO:root:Epoch: 0130 lr: 0.01 train_loss: 0.3370 train_acc: 0.8000 train_f1: 0.8000 time: 0.6636s
INFO:root:Epoch: 0130 val_loss: 0.7842 val_acc: 0.7220 val_f1: 0.7220
INFO:root:Epoch: 0135 lr: 0.01 train_loss: 0.3235 train_acc: 0.7833 train_f1: 0.7833 time: 0.7243s
INFO:root:Epoch: 0135 val_loss: 0.7835 val_acc: 0.7220 val_f1: 0.7220
INFO:root:Epoch: 0140 lr: 0.01 train_loss: 0.2880 train_acc: 0.8000 train_f1: 0.8000 time: 0.6753s
INFO:root:Epoch: 0140 val_loss: 0.7741 val_acc: 0.7280 val_f1: 0.7280
INFO:root:Early stopping
INFO:root:Optimization Finished!
INFO:root:Total time elapsed: 150.4885s
INFO:root:Val set results: val_loss: 0.7570 val_acc: 0.7420 val_f1: 0.7420
INFO:root:Test set results: test_loss: 0.7644 test_acc: 0.7180 test_f1: 0.7180
INFO:root:Saved model in /workspace/xiongbo/hgcn/logs/nc/2021_5_2/19
