INFO:root:Using: cuda:0
INFO:root:Using seed 1234.
INFO:root:Num classes: 3
INFO:root:NCModel(
  (encoder): HNN(
    (layers): Sequential(
      (0): HNNLayer(
        (linear): HypLinear(
          in_features=501, out_features=16, c=Parameter containing:
          tensor([-1.], requires_grad=True)
        )
        (hyp_act): HypAct(
          c_in=Parameter containing:
          tensor([-1.], requires_grad=True), c_out=Parameter containing:
          tensor([-1.], requires_grad=True)
        )
      )
    )
  )
  (decoder): LinearDecoder(
    in_features=16, out_features=3, bias=1, c=Parameter containing:
    tensor([-1.], requires_grad=True)
    (cls): Linear(
      (linear): Linear(in_features=16, out_features=3, bias=True)
    )
  )
)
INFO:root:Total number of parameters: 8084
/workspace/anaconda3/envs/geo/lib/python3.7/site-packages/torch/optim/lr_scheduler.py:370: UserWarning: To get the last learning rate computed by the scheduler, please use `get_last_lr()`.
  "please use `get_last_lr()`.", UserWarning)
INFO:root:Epoch: 0005 lr: 0.01 train_loss: 1.0374 train_acc: 0.4833 train_f1: 0.4833 time: 0.3266s
INFO:root:Epoch: 0005 val_loss: 1.0570 val_acc: 0.5440 val_f1: 0.5440
/workspace/anaconda3/envs/geo/lib/python3.7/site-packages/torch/optim/lr_scheduler.py:370: UserWarning: To get the last learning rate computed by the scheduler, please use `get_last_lr()`.
  "please use `get_last_lr()`.", UserWarning)
INFO:root:Epoch: 0010 lr: 0.01 train_loss: 1.0010 train_acc: 0.5167 train_f1: 0.5167 time: 0.3560s
INFO:root:Epoch: 0010 val_loss: 1.0214 val_acc: 0.6340 val_f1: 0.6340
/workspace/anaconda3/envs/geo/lib/python3.7/site-packages/torch/optim/lr_scheduler.py:370: UserWarning: To get the last learning rate computed by the scheduler, please use `get_last_lr()`.
  "please use `get_last_lr()`.", UserWarning)
INFO:root:Epoch: 0015 lr: 0.01 train_loss: 0.8725 train_acc: 0.7000 train_f1: 0.7000 time: 0.3423s
INFO:root:Epoch: 0015 val_loss: 0.9846 val_acc: 0.6100 val_f1: 0.6100
/workspace/anaconda3/envs/geo/lib/python3.7/site-packages/torch/optim/lr_scheduler.py:370: UserWarning: To get the last learning rate computed by the scheduler, please use `get_last_lr()`.
  "please use `get_last_lr()`.", UserWarning)
INFO:root:Epoch: 0020 lr: 0.01 train_loss: 0.8243 train_acc: 0.7167 train_f1: 0.7167 time: 0.3289s
INFO:root:Epoch: 0020 val_loss: 0.9400 val_acc: 0.6500 val_f1: 0.6500
/workspace/anaconda3/envs/geo/lib/python3.7/site-packages/torch/optim/lr_scheduler.py:370: UserWarning: To get the last learning rate computed by the scheduler, please use `get_last_lr()`.
  "please use `get_last_lr()`.", UserWarning)
INFO:root:Epoch: 0025 lr: 0.01 train_loss: 0.6749 train_acc: 0.7833 train_f1: 0.7833 time: 0.3248s
INFO:root:Epoch: 0025 val_loss: 0.9001 val_acc: 0.6700 val_f1: 0.6700
/workspace/anaconda3/envs/geo/lib/python3.7/site-packages/torch/optim/lr_scheduler.py:370: UserWarning: To get the last learning rate computed by the scheduler, please use `get_last_lr()`.
  "please use `get_last_lr()`.", UserWarning)
INFO:root:Epoch: 0030 lr: 0.01 train_loss: 0.6818 train_acc: 0.7000 train_f1: 0.7000 time: 0.3267s
INFO:root:Epoch: 0030 val_loss: 0.8630 val_acc: 0.6760 val_f1: 0.6760
/workspace/anaconda3/envs/geo/lib/python3.7/site-packages/torch/optim/lr_scheduler.py:370: UserWarning: To get the last learning rate computed by the scheduler, please use `get_last_lr()`.
  "please use `get_last_lr()`.", UserWarning)
INFO:root:Epoch: 0035 lr: 0.01 train_loss: 0.5645 train_acc: 0.8000 train_f1: 0.8000 time: 0.3587s
INFO:root:Epoch: 0035 val_loss: 0.8328 val_acc: 0.6820 val_f1: 0.6820
/workspace/anaconda3/envs/geo/lib/python3.7/site-packages/torch/optim/lr_scheduler.py:370: UserWarning: To get the last learning rate computed by the scheduler, please use `get_last_lr()`.
  "please use `get_last_lr()`.", UserWarning)
INFO:root:Epoch: 0040 lr: 0.01 train_loss: 0.5012 train_acc: 0.8500 train_f1: 0.8500 time: 0.3246s
INFO:root:Epoch: 0040 val_loss: 0.8077 val_acc: 0.6800 val_f1: 0.6800
/workspace/anaconda3/envs/geo/lib/python3.7/site-packages/torch/optim/lr_scheduler.py:370: UserWarning: To get the last learning rate computed by the scheduler, please use `get_last_lr()`.
  "please use `get_last_lr()`.", UserWarning)
INFO:root:Epoch: 0045 lr: 0.01 train_loss: 0.4425 train_acc: 0.8500 train_f1: 0.8500 time: 0.3257s
INFO:root:Epoch: 0045 val_loss: 0.7884 val_acc: 0.6760 val_f1: 0.6760
/workspace/anaconda3/envs/geo/lib/python3.7/site-packages/torch/optim/lr_scheduler.py:370: UserWarning: To get the last learning rate computed by the scheduler, please use `get_last_lr()`.
  "please use `get_last_lr()`.", UserWarning)
INFO:root:Epoch: 0050 lr: 0.01 train_loss: 0.5417 train_acc: 0.6833 train_f1: 0.6833 time: 0.3268s
INFO:root:Epoch: 0050 val_loss: 0.7776 val_acc: 0.6740 val_f1: 0.6740
/workspace/anaconda3/envs/geo/lib/python3.7/site-packages/torch/optim/lr_scheduler.py:370: UserWarning: To get the last learning rate computed by the scheduler, please use `get_last_lr()`.
  "please use `get_last_lr()`.", UserWarning)
INFO:root:Epoch: 0055 lr: 0.01 train_loss: 0.3926 train_acc: 0.8667 train_f1: 0.8667 time: 0.3399s
INFO:root:Epoch: 0055 val_loss: 0.7734 val_acc: 0.6820 val_f1: 0.6820
/workspace/anaconda3/envs/geo/lib/python3.7/site-packages/torch/optim/lr_scheduler.py:370: UserWarning: To get the last learning rate computed by the scheduler, please use `get_last_lr()`.
  "please use `get_last_lr()`.", UserWarning)
INFO:root:Epoch: 0060 lr: 0.01 train_loss: 0.3966 train_acc: 0.7500 train_f1: 0.7500 time: 0.3301s
INFO:root:Epoch: 0060 val_loss: 0.7746 val_acc: 0.6760 val_f1: 0.6760
/workspace/anaconda3/envs/geo/lib/python3.7/site-packages/torch/optim/lr_scheduler.py:370: UserWarning: To get the last learning rate computed by the scheduler, please use `get_last_lr()`.
  "please use `get_last_lr()`.", UserWarning)
INFO:root:Epoch: 0065 lr: 0.01 train_loss: 0.3742 train_acc: 0.8000 train_f1: 0.8000 time: 0.3384s
INFO:root:Epoch: 0065 val_loss: 0.7786 val_acc: 0.6800 val_f1: 0.6800
/workspace/anaconda3/envs/geo/lib/python3.7/site-packages/torch/optim/lr_scheduler.py:370: UserWarning: To get the last learning rate computed by the scheduler, please use `get_last_lr()`.
  "please use `get_last_lr()`.", UserWarning)
INFO:root:Epoch: 0070 lr: 0.01 train_loss: 0.3639 train_acc: 0.8167 train_f1: 0.8167 time: 0.3254s
INFO:root:Epoch: 0070 val_loss: 0.7838 val_acc: 0.6780 val_f1: 0.6780
/workspace/anaconda3/envs/geo/lib/python3.7/site-packages/torch/optim/lr_scheduler.py:370: UserWarning: To get the last learning rate computed by the scheduler, please use `get_last_lr()`.
  "please use `get_last_lr()`.", UserWarning)
INFO:root:Epoch: 0075 lr: 0.01 train_loss: 0.4074 train_acc: 0.7833 train_f1: 0.7833 time: 0.3262s
INFO:root:Epoch: 0075 val_loss: 0.7891 val_acc: 0.6760 val_f1: 0.6760
/workspace/anaconda3/envs/geo/lib/python3.7/site-packages/torch/optim/lr_scheduler.py:370: UserWarning: To get the last learning rate computed by the scheduler, please use `get_last_lr()`.
  "please use `get_last_lr()`.", UserWarning)
INFO:root:Epoch: 0080 lr: 0.01 train_loss: 0.3107 train_acc: 0.8167 train_f1: 0.8167 time: 0.3438s
INFO:root:Epoch: 0080 val_loss: 0.7910 val_acc: 0.6820 val_f1: 0.6820
/workspace/anaconda3/envs/geo/lib/python3.7/site-packages/torch/optim/lr_scheduler.py:370: UserWarning: To get the last learning rate computed by the scheduler, please use `get_last_lr()`.
  "please use `get_last_lr()`.", UserWarning)
INFO:root:Epoch: 0085 lr: 0.01 train_loss: 0.3370 train_acc: 0.7833 train_f1: 0.7833 time: 0.3391s
INFO:root:Epoch: 0085 val_loss: 0.7973 val_acc: 0.6820 val_f1: 0.6820
/workspace/anaconda3/envs/geo/lib/python3.7/site-packages/torch/optim/lr_scheduler.py:370: UserWarning: To get the last learning rate computed by the scheduler, please use `get_last_lr()`.
  "please use `get_last_lr()`.", UserWarning)
INFO:root:Epoch: 0090 lr: 0.01 train_loss: 0.4339 train_acc: 0.6667 train_f1: 0.6667 time: 0.3368s
INFO:root:Epoch: 0090 val_loss: 0.8053 val_acc: 0.6820 val_f1: 0.6820
/workspace/anaconda3/envs/geo/lib/python3.7/site-packages/torch/optim/lr_scheduler.py:370: UserWarning: To get the last learning rate computed by the scheduler, please use `get_last_lr()`.
  "please use `get_last_lr()`.", UserWarning)
INFO:root:Epoch: 0095 lr: 0.01 train_loss: 0.3546 train_acc: 0.8167 train_f1: 0.8167 time: 0.3386s
INFO:root:Epoch: 0095 val_loss: 0.8067 val_acc: 0.6760 val_f1: 0.6760
/workspace/anaconda3/envs/geo/lib/python3.7/site-packages/torch/optim/lr_scheduler.py:370: UserWarning: To get the last learning rate computed by the scheduler, please use `get_last_lr()`.
  "please use `get_last_lr()`.", UserWarning)
INFO:root:Epoch: 0100 lr: 0.01 train_loss: 0.3372 train_acc: 0.7667 train_f1: 0.7667 time: 0.3361s
INFO:root:Epoch: 0100 val_loss: 0.8076 val_acc: 0.6780 val_f1: 0.6780
/workspace/anaconda3/envs/geo/lib/python3.7/site-packages/torch/optim/lr_scheduler.py:370: UserWarning: To get the last learning rate computed by the scheduler, please use `get_last_lr()`.
  "please use `get_last_lr()`.", UserWarning)
INFO:root:Epoch: 0105 lr: 0.01 train_loss: 0.2875 train_acc: 0.8500 train_f1: 0.8500 time: 0.3261s
INFO:root:Epoch: 0105 val_loss: 0.8187 val_acc: 0.6820 val_f1: 0.6820
/workspace/anaconda3/envs/geo/lib/python3.7/site-packages/torch/optim/lr_scheduler.py:370: UserWarning: To get the last learning rate computed by the scheduler, please use `get_last_lr()`.
  "please use `get_last_lr()`.", UserWarning)
INFO:root:Epoch: 0110 lr: 0.01 train_loss: 0.3272 train_acc: 0.7833 train_f1: 0.7833 time: 0.3331s
INFO:root:Epoch: 0110 val_loss: 0.8338 val_acc: 0.6800 val_f1: 0.6800
/workspace/anaconda3/envs/geo/lib/python3.7/site-packages/torch/optim/lr_scheduler.py:370: UserWarning: To get the last learning rate computed by the scheduler, please use `get_last_lr()`.
  "please use `get_last_lr()`.", UserWarning)
INFO:root:Epoch: 0115 lr: 0.01 train_loss: 0.3567 train_acc: 0.7833 train_f1: 0.7833 time: 0.3301s
INFO:root:Epoch: 0115 val_loss: 0.8409 val_acc: 0.6800 val_f1: 0.6800
/workspace/anaconda3/envs/geo/lib/python3.7/site-packages/torch/optim/lr_scheduler.py:370: UserWarning: To get the last learning rate computed by the scheduler, please use `get_last_lr()`.
  "please use `get_last_lr()`.", UserWarning)
INFO:root:Epoch: 0120 lr: 0.01 train_loss: 0.2976 train_acc: 0.7667 train_f1: 0.7667 time: 0.3268s
INFO:root:Epoch: 0120 val_loss: 0.8419 val_acc: 0.6780 val_f1: 0.6780
/workspace/anaconda3/envs/geo/lib/python3.7/site-packages/torch/optim/lr_scheduler.py:370: UserWarning: To get the last learning rate computed by the scheduler, please use `get_last_lr()`.
  "please use `get_last_lr()`.", UserWarning)
INFO:root:Epoch: 0125 lr: 0.01 train_loss: 0.3736 train_acc: 0.7833 train_f1: 0.7833 time: 0.3339s
INFO:root:Epoch: 0125 val_loss: 0.8439 val_acc: 0.6800 val_f1: 0.6800
/workspace/anaconda3/envs/geo/lib/python3.7/site-packages/torch/optim/lr_scheduler.py:370: UserWarning: To get the last learning rate computed by the scheduler, please use `get_last_lr()`.
  "please use `get_last_lr()`.", UserWarning)
INFO:root:Epoch: 0130 lr: 0.01 train_loss: 0.3656 train_acc: 0.7333 train_f1: 0.7333 time: 0.3357s
INFO:root:Epoch: 0130 val_loss: 0.8460 val_acc: 0.6840 val_f1: 0.6840
INFO:root:Early stopping
INFO:root:Optimization Finished!
INFO:root:Total time elapsed: 71.2596s
INFO:root:Val set results: val_loss: 0.8450 val_acc: 0.6860 val_f1: 0.6860
INFO:root:Test set results: test_loss: 0.8549 test_acc: 0.6640 test_f1: 0.6640
INFO:root:Saved model in /workspace/xiongbo/hgcn/logs/nc/2021_5_25/11
