INFO:root:Using: cuda:0
INFO:root:Using seed 1234.
INFO:root:Num classes: 7
INFO:root:NCModel(
  (encoder): HGCN(
    (layers): Sequential(
      (0): HyperbolicGraphConvolution(
        (linear): HypLinear(
          in_features=1434, out_features=16, c=Parameter containing:
          tensor([-1.], requires_grad=True)
        )
        (agg): HypAgg(
          c=Parameter containing:
          tensor([-1.], requires_grad=True)
        )
        (hyp_act): HypAct(
          c_in=Parameter containing:
          tensor([-1.], requires_grad=True), c_out=Parameter containing:
          tensor([-1.], requires_grad=True)
        )
      )
    )
  )
  (decoder): LinearDecoder(
    in_features=16, out_features=7, bias=1, c=Parameter containing:
    tensor([-1.], requires_grad=True)
    (cls): Linear(
      (linear): Linear(in_features=16, out_features=7, bias=True)
    )
  )
)
INFO:root:Total number of parameters: 23081
/workspace/anaconda3/envs/geo/lib/python3.7/site-packages/torch/optim/lr_scheduler.py:370: UserWarning: To get the last learning rate computed by the scheduler, please use `get_last_lr()`.
  "please use `get_last_lr()`.", UserWarning)
INFO:root:Epoch: 0005 lr: 0.01 train_loss: 1.8206 train_acc: 0.3571 train_f1: 0.3571 time: 0.6220s
INFO:root:Epoch: 0005 val_loss: 1.8380 val_acc: 0.4260 val_f1: 0.4260
INFO:root:Epoch: 0010 lr: 0.01 train_loss: 1.6886 train_acc: 0.5429 train_f1: 0.5429 time: 0.6257s
INFO:root:Epoch: 0010 val_loss: 1.7771 val_acc: 0.5640 val_f1: 0.5640
INFO:root:Epoch: 0015 lr: 0.01 train_loss: 1.5656 train_acc: 0.5643 train_f1: 0.5643 time: 0.6203s
INFO:root:Epoch: 0015 val_loss: 1.7105 val_acc: 0.6400 val_f1: 0.6400
INFO:root:Epoch: 0020 lr: 0.01 train_loss: 1.5079 train_acc: 0.5143 train_f1: 0.5143 time: 0.6289s
INFO:root:Epoch: 0020 val_loss: 1.6385 val_acc: 0.6400 val_f1: 0.6400
INFO:root:Epoch: 0025 lr: 0.01 train_loss: 1.3473 train_acc: 0.6286 train_f1: 0.6286 time: 0.6339s
INFO:root:Epoch: 0025 val_loss: 1.5855 val_acc: 0.6180 val_f1: 0.6180
INFO:root:Epoch: 0030 lr: 0.01 train_loss: 1.3105 train_acc: 0.5500 train_f1: 0.5500 time: 0.6200s
INFO:root:Epoch: 0030 val_loss: 1.5303 val_acc: 0.6120 val_f1: 0.6120
INFO:root:Epoch: 0035 lr: 0.01 train_loss: 1.2592 train_acc: 0.5786 train_f1: 0.5786 time: 0.6220s
INFO:root:Epoch: 0035 val_loss: 1.4880 val_acc: 0.6140 val_f1: 0.6140
INFO:root:Epoch: 0040 lr: 0.01 train_loss: 1.1823 train_acc: 0.5929 train_f1: 0.5929 time: 0.6330s
INFO:root:Epoch: 0040 val_loss: 1.4556 val_acc: 0.6060 val_f1: 0.6060
INFO:root:Epoch: 0045 lr: 0.01 train_loss: 1.0319 train_acc: 0.6357 train_f1: 0.6357 time: 0.6218s
INFO:root:Epoch: 0045 val_loss: 1.4299 val_acc: 0.5880 val_f1: 0.5880
INFO:root:Epoch: 0050 lr: 0.01 train_loss: 1.1328 train_acc: 0.6000 train_f1: 0.6000 time: 0.6309s
INFO:root:Epoch: 0050 val_loss: 1.3972 val_acc: 0.5980 val_f1: 0.5980
INFO:root:Epoch: 0055 lr: 0.01 train_loss: 1.0686 train_acc: 0.5857 train_f1: 0.5857 time: 0.6356s
INFO:root:Epoch: 0055 val_loss: 1.3675 val_acc: 0.5980 val_f1: 0.5980
INFO:root:Epoch: 0060 lr: 0.01 train_loss: 1.0299 train_acc: 0.6214 train_f1: 0.6214 time: 0.6201s
INFO:root:Epoch: 0060 val_loss: 1.3186 val_acc: 0.6140 val_f1: 0.6140
INFO:root:Epoch: 0065 lr: 0.01 train_loss: 0.8573 train_acc: 0.6571 train_f1: 0.6571 time: 0.6470s
INFO:root:Epoch: 0065 val_loss: 1.3026 val_acc: 0.6100 val_f1: 0.6100
INFO:root:Epoch: 0070 lr: 0.01 train_loss: 0.7726 train_acc: 0.6857 train_f1: 0.6857 time: 0.6229s
INFO:root:Epoch: 0070 val_loss: 1.2672 val_acc: 0.6160 val_f1: 0.6160
INFO:root:Epoch: 0075 lr: 0.01 train_loss: 0.9155 train_acc: 0.6143 train_f1: 0.6143 time: 0.6258s
INFO:root:Epoch: 0075 val_loss: 1.2343 val_acc: 0.6280 val_f1: 0.6280
INFO:root:Epoch: 0080 lr: 0.01 train_loss: 0.9694 train_acc: 0.5714 train_f1: 0.5714 time: 0.6225s
INFO:root:Epoch: 0080 val_loss: 1.2109 val_acc: 0.6280 val_f1: 0.6280
INFO:root:Epoch: 0085 lr: 0.01 train_loss: 0.8245 train_acc: 0.6643 train_f1: 0.6643 time: 0.6210s
INFO:root:Epoch: 0085 val_loss: 1.1806 val_acc: 0.6440 val_f1: 0.6440
INFO:root:Epoch: 0090 lr: 0.01 train_loss: 0.8764 train_acc: 0.6286 train_f1: 0.6286 time: 0.6205s
INFO:root:Epoch: 0090 val_loss: 1.1562 val_acc: 0.6460 val_f1: 0.6460
INFO:root:Epoch: 0095 lr: 0.01 train_loss: 0.8264 train_acc: 0.6286 train_f1: 0.6286 time: 0.6185s
INFO:root:Epoch: 0095 val_loss: 1.1742 val_acc: 0.6260 val_f1: 0.6260
INFO:root:Epoch: 0100 lr: 0.01 train_loss: 0.8711 train_acc: 0.6071 train_f1: 0.6071 time: 0.6638s
INFO:root:Epoch: 0100 val_loss: 1.1501 val_acc: 0.6320 val_f1: 0.6320
INFO:root:Epoch: 0105 lr: 0.01 train_loss: 0.9450 train_acc: 0.5571 train_f1: 0.5571 time: 0.6209s
INFO:root:Epoch: 0105 val_loss: 1.1030 val_acc: 0.6480 val_f1: 0.6480
INFO:root:Epoch: 0110 lr: 0.01 train_loss: 0.8021 train_acc: 0.6429 train_f1: 0.6429 time: 0.6219s
INFO:root:Epoch: 0110 val_loss: 1.1044 val_acc: 0.6380 val_f1: 0.6380
INFO:root:Epoch: 0115 lr: 0.01 train_loss: 0.6652 train_acc: 0.6643 train_f1: 0.6643 time: 0.6638s
INFO:root:Epoch: 0115 val_loss: 1.0871 val_acc: 0.6580 val_f1: 0.6580
INFO:root:Epoch: 0120 lr: 0.01 train_loss: 0.8656 train_acc: 0.5929 train_f1: 0.5929 time: 0.6203s
INFO:root:Epoch: 0120 val_loss: 1.0593 val_acc: 0.6660 val_f1: 0.6660
INFO:root:Epoch: 0125 lr: 0.01 train_loss: 0.7002 train_acc: 0.6643 train_f1: 0.6643 time: 0.6283s
INFO:root:Epoch: 0125 val_loss: 1.0590 val_acc: 0.6640 val_f1: 0.6640
INFO:root:Epoch: 0130 lr: 0.01 train_loss: 0.6487 train_acc: 0.7071 train_f1: 0.7071 time: 0.6208s
INFO:root:Epoch: 0130 val_loss: 1.0297 val_acc: 0.6800 val_f1: 0.6800
INFO:root:Epoch: 0135 lr: 0.01 train_loss: 0.7684 train_acc: 0.6286 train_f1: 0.6286 time: 0.6286s
INFO:root:Epoch: 0135 val_loss: 1.0189 val_acc: 0.6860 val_f1: 0.6860
INFO:root:Epoch: 0140 lr: 0.01 train_loss: 0.6418 train_acc: 0.6786 train_f1: 0.6786 time: 0.6167s
INFO:root:Epoch: 0140 val_loss: 1.0138 val_acc: 0.6800 val_f1: 0.6800
INFO:root:Epoch: 0145 lr: 0.01 train_loss: 0.8454 train_acc: 0.5714 train_f1: 0.5714 time: 0.6271s
INFO:root:Epoch: 0145 val_loss: 1.0233 val_acc: 0.6720 val_f1: 0.6720
INFO:root:Epoch: 0150 lr: 0.01 train_loss: 0.7523 train_acc: 0.6500 train_f1: 0.6500 time: 0.6189s
INFO:root:Epoch: 0150 val_loss: 1.0133 val_acc: 0.6740 val_f1: 0.6740
INFO:root:Epoch: 0155 lr: 0.01 train_loss: 0.7253 train_acc: 0.6000 train_f1: 0.6000 time: 0.6292s
INFO:root:Epoch: 0155 val_loss: 1.0065 val_acc: 0.6680 val_f1: 0.6680
INFO:root:Epoch: 0160 lr: 0.01 train_loss: 0.8001 train_acc: 0.5786 train_f1: 0.5786 time: 0.6287s
INFO:root:Epoch: 0160 val_loss: 0.9931 val_acc: 0.6740 val_f1: 0.6740
INFO:root:Epoch: 0165 lr: 0.01 train_loss: 0.6354 train_acc: 0.7000 train_f1: 0.7000 time: 0.6220s
INFO:root:Epoch: 0165 val_loss: 0.9788 val_acc: 0.6880 val_f1: 0.6880
INFO:root:Epoch: 0170 lr: 0.01 train_loss: 0.7178 train_acc: 0.6214 train_f1: 0.6214 time: 0.6223s
INFO:root:Epoch: 0170 val_loss: 0.9733 val_acc: 0.6900 val_f1: 0.6900
INFO:root:Epoch: 0175 lr: 0.01 train_loss: 0.7118 train_acc: 0.6500 train_f1: 0.6500 time: 0.6296s
INFO:root:Epoch: 0175 val_loss: 0.9836 val_acc: 0.6820 val_f1: 0.6820
INFO:root:Epoch: 0180 lr: 0.01 train_loss: 0.6573 train_acc: 0.6857 train_f1: 0.6857 time: 0.6220s
INFO:root:Epoch: 0180 val_loss: 0.9706 val_acc: 0.6800 val_f1: 0.6800
INFO:root:Epoch: 0185 lr: 0.01 train_loss: 0.7049 train_acc: 0.6286 train_f1: 0.6286 time: 0.6240s
INFO:root:Epoch: 0185 val_loss: 0.9491 val_acc: 0.6980 val_f1: 0.6980
INFO:root:Epoch: 0190 lr: 0.01 train_loss: 0.7130 train_acc: 0.6500 train_f1: 0.6500 time: 0.6261s
INFO:root:Epoch: 0190 val_loss: 0.9586 val_acc: 0.6980 val_f1: 0.6980
INFO:root:Epoch: 0195 lr: 0.01 train_loss: 0.5926 train_acc: 0.7000 train_f1: 0.7000 time: 0.6181s
INFO:root:Epoch: 0195 val_loss: 0.9500 val_acc: 0.6960 val_f1: 0.6960
INFO:root:Epoch: 0200 lr: 0.01 train_loss: 0.6665 train_acc: 0.6286 train_f1: 0.6286 time: 0.6305s
INFO:root:Epoch: 0200 val_loss: 0.9364 val_acc: 0.6920 val_f1: 0.6920
INFO:root:Epoch: 0205 lr: 0.01 train_loss: 0.6772 train_acc: 0.6643 train_f1: 0.6643 time: 0.6212s
INFO:root:Epoch: 0205 val_loss: 0.9756 val_acc: 0.6740 val_f1: 0.6740
INFO:root:Epoch: 0210 lr: 0.01 train_loss: 0.7190 train_acc: 0.6071 train_f1: 0.6071 time: 0.6321s
INFO:root:Epoch: 0210 val_loss: 0.9748 val_acc: 0.6900 val_f1: 0.6900
INFO:root:Epoch: 0215 lr: 0.01 train_loss: 0.7000 train_acc: 0.6214 train_f1: 0.6214 time: 0.6230s
INFO:root:Epoch: 0215 val_loss: 0.9339 val_acc: 0.7060 val_f1: 0.7060
INFO:root:Epoch: 0220 lr: 0.01 train_loss: 0.6547 train_acc: 0.6929 train_f1: 0.6929 time: 0.6214s
INFO:root:Epoch: 0220 val_loss: 0.9333 val_acc: 0.6960 val_f1: 0.6960
INFO:root:Epoch: 0225 lr: 0.01 train_loss: 0.7089 train_acc: 0.6143 train_f1: 0.6143 time: 0.6216s
INFO:root:Epoch: 0225 val_loss: 0.9323 val_acc: 0.7040 val_f1: 0.7040
INFO:root:Epoch: 0230 lr: 0.01 train_loss: 0.6540 train_acc: 0.6571 train_f1: 0.6571 time: 0.6216s
INFO:root:Epoch: 0230 val_loss: 0.9440 val_acc: 0.7020 val_f1: 0.7020
INFO:root:Epoch: 0235 lr: 0.01 train_loss: 0.5956 train_acc: 0.6786 train_f1: 0.6786 time: 0.6339s
INFO:root:Epoch: 0235 val_loss: 0.9598 val_acc: 0.7000 val_f1: 0.7000
INFO:root:Epoch: 0240 lr: 0.01 train_loss: 0.6811 train_acc: 0.6071 train_f1: 0.6071 time: 0.6194s
INFO:root:Epoch: 0240 val_loss: 0.9424 val_acc: 0.7000 val_f1: 0.7000
INFO:root:Epoch: 0245 lr: 0.01 train_loss: 0.7134 train_acc: 0.6143 train_f1: 0.6143 time: 0.6288s
INFO:root:Epoch: 0245 val_loss: 0.9120 val_acc: 0.7140 val_f1: 0.7140
INFO:root:Epoch: 0250 lr: 0.01 train_loss: 0.6201 train_acc: 0.6643 train_f1: 0.6643 time: 0.6174s
INFO:root:Epoch: 0250 val_loss: 0.9134 val_acc: 0.7100 val_f1: 0.7100
INFO:root:Epoch: 0255 lr: 0.01 train_loss: 0.6407 train_acc: 0.6429 train_f1: 0.6429 time: 0.6642s
INFO:root:Epoch: 0255 val_loss: 0.9127 val_acc: 0.7080 val_f1: 0.7080
INFO:root:Epoch: 0260 lr: 0.01 train_loss: 0.7359 train_acc: 0.6214 train_f1: 0.6214 time: 0.6240s
INFO:root:Epoch: 0260 val_loss: 0.9193 val_acc: 0.7120 val_f1: 0.7120
INFO:root:Epoch: 0265 lr: 0.01 train_loss: 0.5474 train_acc: 0.7286 train_f1: 0.7286 time: 0.6293s
INFO:root:Epoch: 0265 val_loss: 0.9393 val_acc: 0.7020 val_f1: 0.7020
INFO:root:Epoch: 0270 lr: 0.01 train_loss: 0.7409 train_acc: 0.5929 train_f1: 0.5929 time: 0.6591s
INFO:root:Epoch: 0270 val_loss: 0.9607 val_acc: 0.6940 val_f1: 0.6940
INFO:root:Epoch: 0275 lr: 0.01 train_loss: 0.6623 train_acc: 0.6500 train_f1: 0.6500 time: 0.6214s
INFO:root:Epoch: 0275 val_loss: 0.9519 val_acc: 0.6980 val_f1: 0.6980
INFO:root:Epoch: 0280 lr: 0.01 train_loss: 0.7002 train_acc: 0.6643 train_f1: 0.6643 time: 0.6298s
INFO:root:Epoch: 0280 val_loss: 0.9317 val_acc: 0.7100 val_f1: 0.7100
INFO:root:Epoch: 0285 lr: 0.01 train_loss: 0.6817 train_acc: 0.6714 train_f1: 0.6714 time: 0.6186s
INFO:root:Epoch: 0285 val_loss: 0.9250 val_acc: 0.7120 val_f1: 0.7120
INFO:root:Epoch: 0290 lr: 0.01 train_loss: 0.6064 train_acc: 0.7000 train_f1: 0.7000 time: 0.6226s
INFO:root:Epoch: 0290 val_loss: 0.9499 val_acc: 0.7040 val_f1: 0.7040
INFO:root:Epoch: 0295 lr: 0.01 train_loss: 0.7067 train_acc: 0.6071 train_f1: 0.6071 time: 0.6215s
INFO:root:Epoch: 0295 val_loss: 0.9476 val_acc: 0.7060 val_f1: 0.7060
INFO:root:Epoch: 0300 lr: 0.01 train_loss: 0.6661 train_acc: 0.6500 train_f1: 0.6500 time: 0.6230s
INFO:root:Epoch: 0300 val_loss: 0.9387 val_acc: 0.7040 val_f1: 0.7040
INFO:root:Epoch: 0305 lr: 0.01 train_loss: 0.7324 train_acc: 0.6286 train_f1: 0.6286 time: 0.6246s
INFO:root:Epoch: 0305 val_loss: 0.9594 val_acc: 0.6920 val_f1: 0.6920
INFO:root:Epoch: 0310 lr: 0.01 train_loss: 0.6137 train_acc: 0.6643 train_f1: 0.6643 time: 0.6216s
INFO:root:Epoch: 0310 val_loss: 0.9641 val_acc: 0.6960 val_f1: 0.6960
INFO:root:Epoch: 0315 lr: 0.01 train_loss: 0.6560 train_acc: 0.6786 train_f1: 0.6786 time: 0.6231s
INFO:root:Epoch: 0315 val_loss: 0.9911 val_acc: 0.6880 val_f1: 0.6880
INFO:root:Epoch: 0320 lr: 0.01 train_loss: 0.6463 train_acc: 0.6929 train_f1: 0.6929 time: 0.6239s
INFO:root:Epoch: 0320 val_loss: 0.9661 val_acc: 0.6960 val_f1: 0.6960
INFO:root:Epoch: 0325 lr: 0.01 train_loss: 0.6034 train_acc: 0.7286 train_f1: 0.7286 time: 0.6231s
INFO:root:Epoch: 0325 val_loss: 0.9356 val_acc: 0.7040 val_f1: 0.7040
INFO:root:Epoch: 0330 lr: 0.01 train_loss: 0.6958 train_acc: 0.6071 train_f1: 0.6071 time: 0.6208s
INFO:root:Epoch: 0330 val_loss: 0.9404 val_acc: 0.7120 val_f1: 0.7120
INFO:root:Epoch: 0335 lr: 0.01 train_loss: 0.7868 train_acc: 0.5857 train_f1: 0.5857 time: 0.6229s
INFO:root:Epoch: 0335 val_loss: 0.9448 val_acc: 0.7120 val_f1: 0.7120
INFO:root:Epoch: 0340 lr: 0.01 train_loss: 0.6278 train_acc: 0.6143 train_f1: 0.6143 time: 0.6231s
INFO:root:Epoch: 0340 val_loss: 0.9327 val_acc: 0.7200 val_f1: 0.7200
INFO:root:Epoch: 0345 lr: 0.01 train_loss: 0.6280 train_acc: 0.6643 train_f1: 0.6643 time: 0.6170s
INFO:root:Epoch: 0345 val_loss: 0.9251 val_acc: 0.7220 val_f1: 0.7220
INFO:root:Epoch: 0350 lr: 0.01 train_loss: 0.6455 train_acc: 0.6429 train_f1: 0.6429 time: 0.6256s
INFO:root:Epoch: 0350 val_loss: 0.9577 val_acc: 0.7180 val_f1: 0.7180
INFO:root:Epoch: 0355 lr: 0.01 train_loss: 0.7600 train_acc: 0.6071 train_f1: 0.6071 time: 0.6278s
INFO:root:Epoch: 0355 val_loss: 0.9686 val_acc: 0.7120 val_f1: 0.7120
INFO:root:Epoch: 0360 lr: 0.01 train_loss: 0.6954 train_acc: 0.6357 train_f1: 0.6357 time: 0.6211s
INFO:root:Epoch: 0360 val_loss: 0.9591 val_acc: 0.7180 val_f1: 0.7180
INFO:root:Epoch: 0365 lr: 0.01 train_loss: 0.8453 train_acc: 0.5929 train_f1: 0.5929 time: 0.6208s
INFO:root:Epoch: 0365 val_loss: 0.9675 val_acc: 0.7160 val_f1: 0.7160
INFO:root:Epoch: 0370 lr: 0.01 train_loss: 0.6578 train_acc: 0.6571 train_f1: 0.6571 time: 0.6297s
INFO:root:Epoch: 0370 val_loss: 0.9738 val_acc: 0.7140 val_f1: 0.7140
INFO:root:Epoch: 0375 lr: 0.01 train_loss: 0.6218 train_acc: 0.6929 train_f1: 0.6929 time: 0.6175s
INFO:root:Epoch: 0375 val_loss: 0.9798 val_acc: 0.6980 val_f1: 0.6980
INFO:root:Epoch: 0380 lr: 0.01 train_loss: 0.6260 train_acc: 0.6571 train_f1: 0.6571 time: 0.6208s
INFO:root:Epoch: 0380 val_loss: 0.9203 val_acc: 0.7060 val_f1: 0.7060
INFO:root:Epoch: 0385 lr: 0.01 train_loss: 0.6995 train_acc: 0.5857 train_f1: 0.5857 time: 0.6169s
INFO:root:Epoch: 0385 val_loss: 0.9084 val_acc: 0.7140 val_f1: 0.7140
INFO:root:Epoch: 0390 lr: 0.01 train_loss: 0.7009 train_acc: 0.6071 train_f1: 0.6071 time: 0.6194s
INFO:root:Epoch: 0390 val_loss: 0.9526 val_acc: 0.7020 val_f1: 0.7020
INFO:root:Epoch: 0395 lr: 0.01 train_loss: 0.6360 train_acc: 0.6500 train_f1: 0.6500 time: 0.6222s
INFO:root:Epoch: 0395 val_loss: 0.9855 val_acc: 0.6860 val_f1: 0.6860
INFO:root:Epoch: 0400 lr: 0.01 train_loss: 0.8338 train_acc: 0.5643 train_f1: 0.5643 time: 0.6201s
INFO:root:Epoch: 0400 val_loss: 1.0040 val_acc: 0.6860 val_f1: 0.6860
INFO:root:Epoch: 0405 lr: 0.01 train_loss: 0.6469 train_acc: 0.6929 train_f1: 0.6929 time: 0.6208s
INFO:root:Epoch: 0405 val_loss: 1.0133 val_acc: 0.7040 val_f1: 0.7040
INFO:root:Epoch: 0410 lr: 0.01 train_loss: 0.7473 train_acc: 0.6214 train_f1: 0.6214 time: 0.6228s
INFO:root:Epoch: 0410 val_loss: 1.0072 val_acc: 0.7040 val_f1: 0.7040
INFO:root:Epoch: 0415 lr: 0.01 train_loss: 0.6491 train_acc: 0.6571 train_f1: 0.6571 time: 0.6203s
INFO:root:Epoch: 0415 val_loss: 1.0015 val_acc: 0.6880 val_f1: 0.6880
INFO:root:Epoch: 0420 lr: 0.01 train_loss: 0.6912 train_acc: 0.6214 train_f1: 0.6214 time: 0.6183s
INFO:root:Epoch: 0420 val_loss: 1.0625 val_acc: 0.6720 val_f1: 0.6720
INFO:root:Epoch: 0425 lr: 0.01 train_loss: 0.7956 train_acc: 0.5643 train_f1: 0.5643 time: 0.6601s
INFO:root:Epoch: 0425 val_loss: 1.0204 val_acc: 0.7060 val_f1: 0.7060
INFO:root:Epoch: 0430 lr: 0.01 train_loss: 0.6112 train_acc: 0.7214 train_f1: 0.7214 time: 0.6171s
INFO:root:Epoch: 0430 val_loss: 1.0516 val_acc: 0.6980 val_f1: 0.6980
INFO:root:Epoch: 0435 lr: 0.01 train_loss: 0.6053 train_acc: 0.6857 train_f1: 0.6857 time: 0.6204s
INFO:root:Epoch: 0435 val_loss: 1.0320 val_acc: 0.6900 val_f1: 0.6900
INFO:root:Epoch: 0440 lr: 0.01 train_loss: 0.7089 train_acc: 0.6571 train_f1: 0.6571 time: 0.6560s
INFO:root:Epoch: 0440 val_loss: 1.0697 val_acc: 0.6820 val_f1: 0.6820
INFO:root:Early stopping
INFO:root:Optimization Finished!
INFO:root:Total time elapsed: 448.0835s
INFO:root:Val set results: val_loss: 0.9239 val_acc: 0.7300 val_f1: 0.7300
INFO:root:Test set results: test_loss: 0.8965 test_acc: 0.7350 test_f1: 0.7350
INFO:root:Saved model in /workspace/xiongbo/hgcn/logs/nc/2021_5_3/12
