INFO:root:Using: cuda:0
INFO:root:Using seed 1234.
INFO:root:Num classes: 3
INFO:root:NCModel(
  (encoder): HNN(
    (layers): Sequential(
      (0): HNNLayer(
        (linear): HypLinear(
          in_features=501, out_features=16, c=Parameter containing:
          tensor([-1.], requires_grad=True)
        )
        (hyp_act): HypAct(
          c_in=Parameter containing:
          tensor([-1.], requires_grad=True), c_out=Parameter containing:
          tensor([-1.], requires_grad=True)
        )
      )
    )
  )
  (decoder): LinearDecoder(
    in_features=16, out_features=3, bias=1, c=Parameter containing:
    tensor([-1.], requires_grad=True)
    (cls): Linear(
      (linear): Linear(in_features=16, out_features=3, bias=True)
    )
  )
)
INFO:root:Total number of parameters: 8084
/workspace/anaconda3/envs/geo/lib/python3.7/site-packages/torch/optim/lr_scheduler.py:370: UserWarning: To get the last learning rate computed by the scheduler, please use `get_last_lr()`.
  "please use `get_last_lr()`.", UserWarning)
INFO:root:Epoch: 0005 lr: 0.01 train_loss: 1.0302 train_acc: 0.5333 train_f1: 0.5333 time: 0.3200s
INFO:root:Epoch: 0005 val_loss: 1.0523 val_acc: 0.5640 val_f1: 0.5640
/workspace/anaconda3/envs/geo/lib/python3.7/site-packages/torch/optim/lr_scheduler.py:370: UserWarning: To get the last learning rate computed by the scheduler, please use `get_last_lr()`.
  "please use `get_last_lr()`.", UserWarning)
INFO:root:Epoch: 0010 lr: 0.01 train_loss: 0.9916 train_acc: 0.5167 train_f1: 0.5167 time: 0.3186s
INFO:root:Epoch: 0010 val_loss: 1.0139 val_acc: 0.6300 val_f1: 0.6300
/workspace/anaconda3/envs/geo/lib/python3.7/site-packages/torch/optim/lr_scheduler.py:370: UserWarning: To get the last learning rate computed by the scheduler, please use `get_last_lr()`.
  "please use `get_last_lr()`.", UserWarning)
INFO:root:Epoch: 0015 lr: 0.01 train_loss: 0.8580 train_acc: 0.6833 train_f1: 0.6833 time: 0.3200s
INFO:root:Epoch: 0015 val_loss: 0.9754 val_acc: 0.6000 val_f1: 0.6000
/workspace/anaconda3/envs/geo/lib/python3.7/site-packages/torch/optim/lr_scheduler.py:370: UserWarning: To get the last learning rate computed by the scheduler, please use `get_last_lr()`.
  "please use `get_last_lr()`.", UserWarning)
INFO:root:Epoch: 0020 lr: 0.01 train_loss: 0.8004 train_acc: 0.7000 train_f1: 0.7000 time: 0.3224s
INFO:root:Epoch: 0020 val_loss: 0.9292 val_acc: 0.6600 val_f1: 0.6600
/workspace/anaconda3/envs/geo/lib/python3.7/site-packages/torch/optim/lr_scheduler.py:370: UserWarning: To get the last learning rate computed by the scheduler, please use `get_last_lr()`.
  "please use `get_last_lr()`.", UserWarning)
INFO:root:Epoch: 0025 lr: 0.01 train_loss: 0.6432 train_acc: 0.7833 train_f1: 0.7833 time: 0.3197s
INFO:root:Epoch: 0025 val_loss: 0.8879 val_acc: 0.6760 val_f1: 0.6760
/workspace/anaconda3/envs/geo/lib/python3.7/site-packages/torch/optim/lr_scheduler.py:370: UserWarning: To get the last learning rate computed by the scheduler, please use `get_last_lr()`.
  "please use `get_last_lr()`.", UserWarning)
INFO:root:Epoch: 0030 lr: 0.01 train_loss: 0.6632 train_acc: 0.6833 train_f1: 0.6833 time: 0.3192s
INFO:root:Epoch: 0030 val_loss: 0.8503 val_acc: 0.6820 val_f1: 0.6820
/workspace/anaconda3/envs/geo/lib/python3.7/site-packages/torch/optim/lr_scheduler.py:370: UserWarning: To get the last learning rate computed by the scheduler, please use `get_last_lr()`.
  "please use `get_last_lr()`.", UserWarning)
INFO:root:Epoch: 0035 lr: 0.01 train_loss: 0.5494 train_acc: 0.7833 train_f1: 0.7833 time: 0.3625s
INFO:root:Epoch: 0035 val_loss: 0.8226 val_acc: 0.6840 val_f1: 0.6840
/workspace/anaconda3/envs/geo/lib/python3.7/site-packages/torch/optim/lr_scheduler.py:370: UserWarning: To get the last learning rate computed by the scheduler, please use `get_last_lr()`.
  "please use `get_last_lr()`.", UserWarning)
INFO:root:Epoch: 0040 lr: 0.01 train_loss: 0.4902 train_acc: 0.8500 train_f1: 0.8500 time: 0.3204s
INFO:root:Epoch: 0040 val_loss: 0.8000 val_acc: 0.6780 val_f1: 0.6780
/workspace/anaconda3/envs/geo/lib/python3.7/site-packages/torch/optim/lr_scheduler.py:370: UserWarning: To get the last learning rate computed by the scheduler, please use `get_last_lr()`.
  "please use `get_last_lr()`.", UserWarning)
INFO:root:Epoch: 0045 lr: 0.01 train_loss: 0.4337 train_acc: 0.8500 train_f1: 0.8500 time: 0.3196s
INFO:root:Epoch: 0045 val_loss: 0.7823 val_acc: 0.6820 val_f1: 0.6820
/workspace/anaconda3/envs/geo/lib/python3.7/site-packages/torch/optim/lr_scheduler.py:370: UserWarning: To get the last learning rate computed by the scheduler, please use `get_last_lr()`.
  "please use `get_last_lr()`.", UserWarning)
INFO:root:Epoch: 0050 lr: 0.01 train_loss: 0.5388 train_acc: 0.6833 train_f1: 0.6833 time: 0.3235s
INFO:root:Epoch: 0050 val_loss: 0.7743 val_acc: 0.6800 val_f1: 0.6800
/workspace/anaconda3/envs/geo/lib/python3.7/site-packages/torch/optim/lr_scheduler.py:370: UserWarning: To get the last learning rate computed by the scheduler, please use `get_last_lr()`.
  "please use `get_last_lr()`.", UserWarning)
INFO:root:Epoch: 0055 lr: 0.01 train_loss: 0.3910 train_acc: 0.8667 train_f1: 0.8667 time: 0.3196s
INFO:root:Epoch: 0055 val_loss: 0.7743 val_acc: 0.6840 val_f1: 0.6840
/workspace/anaconda3/envs/geo/lib/python3.7/site-packages/torch/optim/lr_scheduler.py:370: UserWarning: To get the last learning rate computed by the scheduler, please use `get_last_lr()`.
  "please use `get_last_lr()`.", UserWarning)
INFO:root:Epoch: 0060 lr: 0.01 train_loss: 0.3980 train_acc: 0.7500 train_f1: 0.7500 time: 0.3203s
INFO:root:Epoch: 0060 val_loss: 0.7780 val_acc: 0.6760 val_f1: 0.6760
/workspace/anaconda3/envs/geo/lib/python3.7/site-packages/torch/optim/lr_scheduler.py:370: UserWarning: To get the last learning rate computed by the scheduler, please use `get_last_lr()`.
  "please use `get_last_lr()`.", UserWarning)
INFO:root:Epoch: 0065 lr: 0.01 train_loss: 0.3746 train_acc: 0.8000 train_f1: 0.8000 time: 0.3223s
INFO:root:Epoch: 0065 val_loss: 0.7811 val_acc: 0.6740 val_f1: 0.6740
/workspace/anaconda3/envs/geo/lib/python3.7/site-packages/torch/optim/lr_scheduler.py:370: UserWarning: To get the last learning rate computed by the scheduler, please use `get_last_lr()`.
  "please use `get_last_lr()`.", UserWarning)
INFO:root:Epoch: 0070 lr: 0.01 train_loss: 0.3659 train_acc: 0.8167 train_f1: 0.8167 time: 0.3214s
INFO:root:Epoch: 0070 val_loss: 0.7822 val_acc: 0.6740 val_f1: 0.6740
/workspace/anaconda3/envs/geo/lib/python3.7/site-packages/torch/optim/lr_scheduler.py:370: UserWarning: To get the last learning rate computed by the scheduler, please use `get_last_lr()`.
  "please use `get_last_lr()`.", UserWarning)
INFO:root:Epoch: 0075 lr: 0.01 train_loss: 0.4083 train_acc: 0.7833 train_f1: 0.7833 time: 0.3214s
INFO:root:Epoch: 0075 val_loss: 0.7869 val_acc: 0.6720 val_f1: 0.6720
/workspace/anaconda3/envs/geo/lib/python3.7/site-packages/torch/optim/lr_scheduler.py:370: UserWarning: To get the last learning rate computed by the scheduler, please use `get_last_lr()`.
  "please use `get_last_lr()`.", UserWarning)
INFO:root:Epoch: 0080 lr: 0.01 train_loss: 0.3156 train_acc: 0.8167 train_f1: 0.8167 time: 0.3200s
INFO:root:Epoch: 0080 val_loss: 0.7916 val_acc: 0.6740 val_f1: 0.6740
/workspace/anaconda3/envs/geo/lib/python3.7/site-packages/torch/optim/lr_scheduler.py:370: UserWarning: To get the last learning rate computed by the scheduler, please use `get_last_lr()`.
  "please use `get_last_lr()`.", UserWarning)
INFO:root:Epoch: 0085 lr: 0.01 train_loss: 0.3414 train_acc: 0.7833 train_f1: 0.7833 time: 0.3612s
INFO:root:Epoch: 0085 val_loss: 0.8013 val_acc: 0.6720 val_f1: 0.6720
/workspace/anaconda3/envs/geo/lib/python3.7/site-packages/torch/optim/lr_scheduler.py:370: UserWarning: To get the last learning rate computed by the scheduler, please use `get_last_lr()`.
  "please use `get_last_lr()`.", UserWarning)
INFO:root:Epoch: 0090 lr: 0.01 train_loss: 0.4355 train_acc: 0.6667 train_f1: 0.6667 time: 0.3205s
INFO:root:Epoch: 0090 val_loss: 0.8084 val_acc: 0.6780 val_f1: 0.6780
/workspace/anaconda3/envs/geo/lib/python3.7/site-packages/torch/optim/lr_scheduler.py:370: UserWarning: To get the last learning rate computed by the scheduler, please use `get_last_lr()`.
  "please use `get_last_lr()`.", UserWarning)
INFO:root:Epoch: 0095 lr: 0.01 train_loss: 0.3588 train_acc: 0.8167 train_f1: 0.8167 time: 0.3232s
INFO:root:Epoch: 0095 val_loss: 0.8060 val_acc: 0.6760 val_f1: 0.6760
/workspace/anaconda3/envs/geo/lib/python3.7/site-packages/torch/optim/lr_scheduler.py:370: UserWarning: To get the last learning rate computed by the scheduler, please use `get_last_lr()`.
  "please use `get_last_lr()`.", UserWarning)
INFO:root:Epoch: 0100 lr: 0.01 train_loss: 0.3405 train_acc: 0.7667 train_f1: 0.7667 time: 0.3220s
INFO:root:Epoch: 0100 val_loss: 0.8053 val_acc: 0.6740 val_f1: 0.6740
/workspace/anaconda3/envs/geo/lib/python3.7/site-packages/torch/optim/lr_scheduler.py:370: UserWarning: To get the last learning rate computed by the scheduler, please use `get_last_lr()`.
  "please use `get_last_lr()`.", UserWarning)
INFO:root:Epoch: 0105 lr: 0.01 train_loss: 0.2907 train_acc: 0.8500 train_f1: 0.8500 time: 0.3201s
INFO:root:Epoch: 0105 val_loss: 0.8167 val_acc: 0.6760 val_f1: 0.6760
/workspace/anaconda3/envs/geo/lib/python3.7/site-packages/torch/optim/lr_scheduler.py:370: UserWarning: To get the last learning rate computed by the scheduler, please use `get_last_lr()`.
  "please use `get_last_lr()`.", UserWarning)
INFO:root:Epoch: 0110 lr: 0.01 train_loss: 0.3295 train_acc: 0.7833 train_f1: 0.7833 time: 0.3213s
INFO:root:Epoch: 0110 val_loss: 0.8313 val_acc: 0.6740 val_f1: 0.6740
/workspace/anaconda3/envs/geo/lib/python3.7/site-packages/torch/optim/lr_scheduler.py:370: UserWarning: To get the last learning rate computed by the scheduler, please use `get_last_lr()`.
  "please use `get_last_lr()`.", UserWarning)
INFO:root:Epoch: 0115 lr: 0.01 train_loss: 0.3596 train_acc: 0.7833 train_f1: 0.7833 time: 0.3225s
INFO:root:Epoch: 0115 val_loss: 0.8410 val_acc: 0.6800 val_f1: 0.6800
/workspace/anaconda3/envs/geo/lib/python3.7/site-packages/torch/optim/lr_scheduler.py:370: UserWarning: To get the last learning rate computed by the scheduler, please use `get_last_lr()`.
  "please use `get_last_lr()`.", UserWarning)
INFO:root:Epoch: 0120 lr: 0.01 train_loss: 0.3017 train_acc: 0.7667 train_f1: 0.7667 time: 0.3200s
INFO:root:Epoch: 0120 val_loss: 0.8426 val_acc: 0.6800 val_f1: 0.6800
/workspace/anaconda3/envs/geo/lib/python3.7/site-packages/torch/optim/lr_scheduler.py:370: UserWarning: To get the last learning rate computed by the scheduler, please use `get_last_lr()`.
  "please use `get_last_lr()`.", UserWarning)
INFO:root:Epoch: 0125 lr: 0.01 train_loss: 0.3769 train_acc: 0.7833 train_f1: 0.7833 time: 0.3224s
INFO:root:Epoch: 0125 val_loss: 0.8439 val_acc: 0.6760 val_f1: 0.6760
/workspace/anaconda3/envs/geo/lib/python3.7/site-packages/torch/optim/lr_scheduler.py:370: UserWarning: To get the last learning rate computed by the scheduler, please use `get_last_lr()`.
  "please use `get_last_lr()`.", UserWarning)
INFO:root:Epoch: 0130 lr: 0.01 train_loss: 0.3661 train_acc: 0.7333 train_f1: 0.7333 time: 0.3221s
INFO:root:Epoch: 0130 val_loss: 0.8459 val_acc: 0.6780 val_f1: 0.6780
/workspace/anaconda3/envs/geo/lib/python3.7/site-packages/torch/optim/lr_scheduler.py:370: UserWarning: To get the last learning rate computed by the scheduler, please use `get_last_lr()`.
  "please use `get_last_lr()`.", UserWarning)
INFO:root:Epoch: 0135 lr: 0.01 train_loss: 0.3583 train_acc: 0.7500 train_f1: 0.7500 time: 0.3606s
INFO:root:Epoch: 0135 val_loss: 0.8549 val_acc: 0.6800 val_f1: 0.6800
INFO:root:Early stopping
INFO:root:Optimization Finished!
INFO:root:Total time elapsed: 70.1380s
INFO:root:Val set results: val_loss: 0.8174 val_acc: 0.6860 val_f1: 0.6860
INFO:root:Test set results: test_loss: 0.8290 test_acc: 0.6700 test_f1: 0.6700
INFO:root:Saved model in /workspace/xiongbo/hgcn/logs/nc/2021_5_25/14
