INFO:root:Using: cuda:0
INFO:root:Using seed 1234.
INFO:root:Num classes: 4
INFO:root:NCModel(
  (encoder): HGCN(
    (layers): Sequential(
      (0): HyperbolicGraphConvolution(
        (linear): HypLinear(
          in_features=12, out_features=16, c=Parameter containing:
          tensor([-1.], requires_grad=True)
        )
        (agg): HypAgg(
          c=Parameter containing:
          tensor([-1.], requires_grad=True)
        )
        (hyp_act): HypAct(
          c_in=Parameter containing:
          tensor([-1.], requires_grad=True), c_out=Parameter containing:
          tensor([-1.], requires_grad=True)
        )
      )
    )
  )
  (decoder): LinearDecoder(
    in_features=16, out_features=4, bias=1, c=Parameter containing:
    tensor([-1.], requires_grad=True)
    (cls): Linear(
      (linear): Linear(in_features=16, out_features=4, bias=True)
    )
  )
)
INFO:root:Total number of parameters: 278
/workspace/anaconda3/envs/geo/lib/python3.7/site-packages/torch/optim/lr_scheduler.py:370: UserWarning: To get the last learning rate computed by the scheduler, please use `get_last_lr()`.
  "please use `get_last_lr()`.", UserWarning)
INFO:root:Epoch: 0005 lr: 0.01 train_loss: 1.4064 train_acc: 0.2075 train_f1: 0.2075 time: 1.6402s
INFO:root:Epoch: 0005 val_loss: 1.3659 val_acc: 0.2748 val_f1: 0.2748
INFO:root:Epoch: 0010 lr: 0.01 train_loss: 1.3237 train_acc: 0.3543 train_f1: 0.3543 time: 1.6111s
INFO:root:Epoch: 0010 val_loss: 1.3040 val_acc: 0.4294 val_f1: 0.4294
INFO:root:Epoch: 0015 lr: 0.01 train_loss: 1.3029 train_acc: 0.3597 train_f1: 0.3597 time: 1.6139s
INFO:root:Epoch: 0015 val_loss: 1.2645 val_acc: 0.4447 val_f1: 0.4447
INFO:root:Epoch: 0020 lr: 0.01 train_loss: 1.2654 train_acc: 0.3561 train_f1: 0.3561 time: 1.6463s
INFO:root:Epoch: 0020 val_loss: 1.2462 val_acc: 0.4370 val_f1: 0.4370
INFO:root:Epoch: 0025 lr: 0.01 train_loss: 1.2623 train_acc: 0.3668 train_f1: 0.3668 time: 1.6852s
INFO:root:Epoch: 0025 val_loss: 1.2353 val_acc: 0.4408 val_f1: 0.4408
INFO:root:Epoch: 0030 lr: 0.01 train_loss: 1.2491 train_acc: 0.3769 train_f1: 0.3769 time: 1.6851s
INFO:root:Epoch: 0030 val_loss: 1.2255 val_acc: 0.4466 val_f1: 0.4466
INFO:root:Epoch: 0035 lr: 0.01 train_loss: 1.2298 train_acc: 0.3823 train_f1: 0.3823 time: 1.5282s
INFO:root:Epoch: 0035 val_loss: 1.2175 val_acc: 0.4122 val_f1: 0.4122
INFO:root:Epoch: 0040 lr: 0.01 train_loss: 1.2557 train_acc: 0.3737 train_f1: 0.3737 time: 1.7032s
INFO:root:Epoch: 0040 val_loss: 1.2104 val_acc: 0.4561 val_f1: 0.4561
INFO:root:Epoch: 0045 lr: 0.01 train_loss: 1.2356 train_acc: 0.3945 train_f1: 0.3945 time: 1.6784s
INFO:root:Epoch: 0045 val_loss: 1.2009 val_acc: 0.4866 val_f1: 0.4866
INFO:root:Epoch: 0050 lr: 0.01 train_loss: 1.2407 train_acc: 0.3627 train_f1: 0.3627 time: 1.7549s
INFO:root:Epoch: 0050 val_loss: 1.1837 val_acc: 0.4733 val_f1: 0.4733
INFO:root:Epoch: 0055 lr: 0.01 train_loss: 1.2144 train_acc: 0.3924 train_f1: 0.3924 time: 1.6682s
INFO:root:Epoch: 0055 val_loss: 1.1701 val_acc: 0.4485 val_f1: 0.4485
INFO:root:Epoch: 0060 lr: 0.01 train_loss: 1.2172 train_acc: 0.3749 train_f1: 0.3749 time: 1.7406s
INFO:root:Epoch: 0060 val_loss: 1.1593 val_acc: 0.4676 val_f1: 0.4676
INFO:root:Epoch: 0065 lr: 0.01 train_loss: 1.2055 train_acc: 0.3832 train_f1: 0.3832 time: 1.6525s
INFO:root:Epoch: 0065 val_loss: 1.1518 val_acc: 0.4885 val_f1: 0.4885
INFO:root:Epoch: 0070 lr: 0.01 train_loss: 1.1947 train_acc: 0.3998 train_f1: 0.3998 time: 1.6214s
INFO:root:Epoch: 0070 val_loss: 1.1461 val_acc: 0.4943 val_f1: 0.4943
INFO:root:Epoch: 0075 lr: 0.01 train_loss: 1.2048 train_acc: 0.3983 train_f1: 0.3983 time: 1.7161s
INFO:root:Epoch: 0075 val_loss: 1.1388 val_acc: 0.4962 val_f1: 0.4962
INFO:root:Epoch: 0080 lr: 0.01 train_loss: 1.1833 train_acc: 0.3992 train_f1: 0.3992 time: 1.7377s
INFO:root:Epoch: 0080 val_loss: 1.1260 val_acc: 0.4924 val_f1: 0.4924
INFO:root:Epoch: 0085 lr: 0.01 train_loss: 1.2039 train_acc: 0.3829 train_f1: 0.3829 time: 1.7076s
INFO:root:Epoch: 0085 val_loss: 1.1190 val_acc: 0.4924 val_f1: 0.4924
INFO:root:Epoch: 0090 lr: 0.01 train_loss: 1.1813 train_acc: 0.4022 train_f1: 0.4022 time: 1.6949s
INFO:root:Epoch: 0090 val_loss: 1.1166 val_acc: 0.5038 val_f1: 0.5038
INFO:root:Epoch: 0095 lr: 0.01 train_loss: 1.1928 train_acc: 0.3933 train_f1: 0.3933 time: 1.7172s
INFO:root:Epoch: 0095 val_loss: 1.1189 val_acc: 0.5115 val_f1: 0.5115
INFO:root:Epoch: 0100 lr: 0.01 train_loss: 1.1679 train_acc: 0.4206 train_f1: 0.4206 time: 1.7406s
INFO:root:Epoch: 0100 val_loss: 1.1169 val_acc: 0.5115 val_f1: 0.5115
INFO:root:Epoch: 0105 lr: 0.01 train_loss: 1.1702 train_acc: 0.4221 train_f1: 0.4221 time: 1.7542s
INFO:root:Epoch: 0105 val_loss: 1.1094 val_acc: 0.5115 val_f1: 0.5115
INFO:root:Epoch: 0110 lr: 0.01 train_loss: 1.1720 train_acc: 0.4019 train_f1: 0.4019 time: 1.6569s
INFO:root:Epoch: 0110 val_loss: 1.1044 val_acc: 0.5134 val_f1: 0.5134
INFO:root:Epoch: 0115 lr: 0.01 train_loss: 1.1961 train_acc: 0.4025 train_f1: 0.4025 time: 1.7035s
INFO:root:Epoch: 0115 val_loss: 1.0981 val_acc: 0.5095 val_f1: 0.5095
INFO:root:Epoch: 0120 lr: 0.01 train_loss: 1.1672 train_acc: 0.4084 train_f1: 0.4084 time: 1.7311s
INFO:root:Epoch: 0120 val_loss: 1.0929 val_acc: 0.5095 val_f1: 0.5095
INFO:root:Epoch: 0125 lr: 0.01 train_loss: 1.1676 train_acc: 0.4058 train_f1: 0.4058 time: 1.7423s
INFO:root:Epoch: 0125 val_loss: 1.1020 val_acc: 0.5115 val_f1: 0.5115
INFO:root:Epoch: 0130 lr: 0.01 train_loss: 1.2355 train_acc: 0.3665 train_f1: 0.3665 time: 1.6537s
INFO:root:Epoch: 0130 val_loss: 1.0981 val_acc: 0.5115 val_f1: 0.5115
INFO:root:Epoch: 0135 lr: 0.01 train_loss: 1.1597 train_acc: 0.4254 train_f1: 0.4254 time: 1.7885s
INFO:root:Epoch: 0135 val_loss: 1.0874 val_acc: 0.5095 val_f1: 0.5095
INFO:root:Epoch: 0140 lr: 0.01 train_loss: 1.1803 train_acc: 0.4168 train_f1: 0.4168 time: 1.7325s
INFO:root:Epoch: 0140 val_loss: 1.0856 val_acc: 0.5095 val_f1: 0.5095
INFO:root:Epoch: 0145 lr: 0.01 train_loss: 1.1914 train_acc: 0.3989 train_f1: 0.3989 time: 1.5981s
INFO:root:Epoch: 0145 val_loss: 1.0852 val_acc: 0.5115 val_f1: 0.5115
INFO:root:Epoch: 0150 lr: 0.01 train_loss: 1.1625 train_acc: 0.4141 train_f1: 0.4141 time: 1.7680s
INFO:root:Epoch: 0150 val_loss: 1.0871 val_acc: 0.5115 val_f1: 0.5115
INFO:root:Epoch: 0155 lr: 0.01 train_loss: 1.1777 train_acc: 0.3924 train_f1: 0.3924 time: 1.6394s
INFO:root:Epoch: 0155 val_loss: 1.0886 val_acc: 0.5115 val_f1: 0.5115
INFO:root:Epoch: 0160 lr: 0.01 train_loss: 1.1769 train_acc: 0.3766 train_f1: 0.3766 time: 1.6622s
INFO:root:Epoch: 0160 val_loss: 1.0945 val_acc: 0.5630 val_f1: 0.5630
INFO:root:Epoch: 0165 lr: 0.01 train_loss: 1.2243 train_acc: 0.3853 train_f1: 0.3853 time: 1.6676s
INFO:root:Epoch: 0165 val_loss: 1.0853 val_acc: 0.5687 val_f1: 0.5687
INFO:root:Epoch: 0170 lr: 0.01 train_loss: 1.1724 train_acc: 0.4185 train_f1: 0.4185 time: 1.7021s
INFO:root:Epoch: 0170 val_loss: 1.0774 val_acc: 0.5496 val_f1: 0.5496
INFO:root:Epoch: 0175 lr: 0.01 train_loss: 1.1643 train_acc: 0.4040 train_f1: 0.4040 time: 1.6388s
INFO:root:Epoch: 0175 val_loss: 1.0767 val_acc: 0.5115 val_f1: 0.5115
INFO:root:Epoch: 0180 lr: 0.01 train_loss: 1.1841 train_acc: 0.3986 train_f1: 0.3986 time: 1.6480s
INFO:root:Epoch: 0180 val_loss: 1.0865 val_acc: 0.5115 val_f1: 0.5115
INFO:root:Epoch: 0185 lr: 0.01 train_loss: 1.1761 train_acc: 0.4239 train_f1: 0.4239 time: 1.7062s
INFO:root:Epoch: 0185 val_loss: 1.0921 val_acc: 0.5668 val_f1: 0.5668
INFO:root:Epoch: 0190 lr: 0.01 train_loss: 1.1667 train_acc: 0.4224 train_f1: 0.4224 time: 1.6844s
INFO:root:Epoch: 0190 val_loss: 1.0805 val_acc: 0.5649 val_f1: 0.5649
INFO:root:Epoch: 0195 lr: 0.01 train_loss: 1.1612 train_acc: 0.4287 train_f1: 0.4287 time: 1.6138s
INFO:root:Epoch: 0195 val_loss: 1.0801 val_acc: 0.5668 val_f1: 0.5668
INFO:root:Epoch: 0200 lr: 0.01 train_loss: 1.1652 train_acc: 0.4218 train_f1: 0.4218 time: 1.6195s
INFO:root:Epoch: 0200 val_loss: 1.0812 val_acc: 0.5248 val_f1: 0.5248
INFO:root:Epoch: 0205 lr: 0.01 train_loss: 1.1683 train_acc: 0.4096 train_f1: 0.4096 time: 1.6494s
INFO:root:Epoch: 0205 val_loss: 1.0784 val_acc: 0.5668 val_f1: 0.5668
INFO:root:Epoch: 0210 lr: 0.01 train_loss: 1.1655 train_acc: 0.4218 train_f1: 0.4218 time: 1.6186s
INFO:root:Epoch: 0210 val_loss: 1.0687 val_acc: 0.5668 val_f1: 0.5668
INFO:root:Epoch: 0215 lr: 0.01 train_loss: 1.1557 train_acc: 0.4495 train_f1: 0.4495 time: 1.6714s
INFO:root:Epoch: 0215 val_loss: 1.0668 val_acc: 0.5706 val_f1: 0.5706
INFO:root:Epoch: 0220 lr: 0.01 train_loss: 1.1550 train_acc: 0.4239 train_f1: 0.4239 time: 1.6049s
INFO:root:Epoch: 0220 val_loss: 1.0708 val_acc: 0.5668 val_f1: 0.5668
INFO:root:Epoch: 0225 lr: 0.01 train_loss: 1.1643 train_acc: 0.4046 train_f1: 0.4046 time: 1.6201s
INFO:root:Epoch: 0225 val_loss: 1.0704 val_acc: 0.5363 val_f1: 0.5363
INFO:root:Epoch: 0230 lr: 0.01 train_loss: 1.1419 train_acc: 0.4408 train_f1: 0.4408 time: 1.6299s
INFO:root:Epoch: 0230 val_loss: 1.0603 val_acc: 0.5687 val_f1: 0.5687
INFO:root:Epoch: 0235 lr: 0.01 train_loss: 1.1696 train_acc: 0.4200 train_f1: 0.4200 time: 1.6682s
INFO:root:Epoch: 0235 val_loss: 1.0595 val_acc: 0.5630 val_f1: 0.5630
INFO:root:Epoch: 0240 lr: 0.01 train_loss: 1.1523 train_acc: 0.4358 train_f1: 0.4358 time: 1.6261s
INFO:root:Epoch: 0240 val_loss: 1.0607 val_acc: 0.5649 val_f1: 0.5649
INFO:root:Epoch: 0245 lr: 0.01 train_loss: 1.1565 train_acc: 0.4230 train_f1: 0.4230 time: 1.6455s
INFO:root:Epoch: 0245 val_loss: 1.0709 val_acc: 0.5553 val_f1: 0.5553
INFO:root:Epoch: 0250 lr: 0.01 train_loss: 1.1543 train_acc: 0.4218 train_f1: 0.4218 time: 1.6093s
INFO:root:Epoch: 0250 val_loss: 1.0769 val_acc: 0.5592 val_f1: 0.5592
INFO:root:Epoch: 0255 lr: 0.01 train_loss: 1.1822 train_acc: 0.4046 train_f1: 0.4046 time: 1.6666s
INFO:root:Epoch: 0255 val_loss: 1.0735 val_acc: 0.5706 val_f1: 0.5706
INFO:root:Epoch: 0260 lr: 0.01 train_loss: 1.1384 train_acc: 0.4183 train_f1: 0.4183 time: 1.6626s
INFO:root:Epoch: 0260 val_loss: 1.0642 val_acc: 0.5172 val_f1: 0.5172
INFO:root:Epoch: 0265 lr: 0.01 train_loss: 1.1455 train_acc: 0.4215 train_f1: 0.4215 time: 1.6143s
INFO:root:Epoch: 0265 val_loss: 1.0517 val_acc: 0.5630 val_f1: 0.5630
INFO:root:Epoch: 0270 lr: 0.01 train_loss: 1.2051 train_acc: 0.4019 train_f1: 0.4019 time: 1.6331s
INFO:root:Epoch: 0270 val_loss: 1.0612 val_acc: 0.5630 val_f1: 0.5630
INFO:root:Epoch: 0275 lr: 0.01 train_loss: 1.1738 train_acc: 0.4135 train_f1: 0.4135 time: 1.6252s
INFO:root:Epoch: 0275 val_loss: 1.0682 val_acc: 0.5401 val_f1: 0.5401
INFO:root:Epoch: 0280 lr: 0.01 train_loss: 1.1713 train_acc: 0.4239 train_f1: 0.4239 time: 1.6663s
INFO:root:Epoch: 0280 val_loss: 1.0621 val_acc: 0.5515 val_f1: 0.5515
INFO:root:Epoch: 0285 lr: 0.01 train_loss: 1.1354 train_acc: 0.4438 train_f1: 0.4438 time: 1.6630s
INFO:root:Epoch: 0285 val_loss: 1.0564 val_acc: 0.5649 val_f1: 0.5649
INFO:root:Epoch: 0290 lr: 0.01 train_loss: 1.1761 train_acc: 0.3728 train_f1: 0.3728 time: 1.6185s
INFO:root:Epoch: 0290 val_loss: 1.0570 val_acc: 0.5668 val_f1: 0.5668
INFO:root:Epoch: 0295 lr: 0.01 train_loss: 1.1446 train_acc: 0.4388 train_f1: 0.4388 time: 1.6756s
INFO:root:Epoch: 0295 val_loss: 1.0613 val_acc: 0.5515 val_f1: 0.5515
INFO:root:Epoch: 0300 lr: 0.01 train_loss: 1.1598 train_acc: 0.3927 train_f1: 0.3927 time: 1.6555s
INFO:root:Epoch: 0300 val_loss: 1.0662 val_acc: 0.5630 val_f1: 0.5630
INFO:root:Epoch: 0305 lr: 0.01 train_loss: 1.1510 train_acc: 0.4218 train_f1: 0.4218 time: 1.6423s
INFO:root:Epoch: 0305 val_loss: 1.0576 val_acc: 0.5630 val_f1: 0.5630
INFO:root:Epoch: 0310 lr: 0.01 train_loss: 1.1373 train_acc: 0.4417 train_f1: 0.4417 time: 1.6125s
INFO:root:Epoch: 0310 val_loss: 1.0544 val_acc: 0.5401 val_f1: 0.5401
INFO:root:Epoch: 0315 lr: 0.01 train_loss: 1.1387 train_acc: 0.4400 train_f1: 0.4400 time: 1.6097s
INFO:root:Epoch: 0315 val_loss: 1.0551 val_acc: 0.5611 val_f1: 0.5611
INFO:root:Epoch: 0320 lr: 0.01 train_loss: 1.1484 train_acc: 0.4355 train_f1: 0.4355 time: 1.6640s
INFO:root:Epoch: 0320 val_loss: 1.0745 val_acc: 0.5191 val_f1: 0.5191
INFO:root:Epoch: 0325 lr: 0.01 train_loss: 1.1694 train_acc: 0.3977 train_f1: 0.3977 time: 1.6747s
INFO:root:Epoch: 0325 val_loss: 1.0570 val_acc: 0.5611 val_f1: 0.5611
INFO:root:Epoch: 0330 lr: 0.01 train_loss: 1.1461 train_acc: 0.4183 train_f1: 0.4183 time: 1.4907s
INFO:root:Epoch: 0330 val_loss: 1.0414 val_acc: 0.5534 val_f1: 0.5534
INFO:root:Epoch: 0335 lr: 0.01 train_loss: 1.1602 train_acc: 0.4355 train_f1: 0.4355 time: 1.6038s
INFO:root:Epoch: 0335 val_loss: 1.0469 val_acc: 0.5439 val_f1: 0.5439
INFO:root:Epoch: 0340 lr: 0.01 train_loss: 1.1422 train_acc: 0.4355 train_f1: 0.4355 time: 0.5723s
INFO:root:Epoch: 0340 val_loss: 1.0545 val_acc: 0.5573 val_f1: 0.5573
INFO:root:Epoch: 0345 lr: 0.01 train_loss: 1.1336 train_acc: 0.4432 train_f1: 0.4432 time: 0.5733s
INFO:root:Epoch: 0345 val_loss: 1.0533 val_acc: 0.5573 val_f1: 0.5573
INFO:root:Epoch: 0350 lr: 0.01 train_loss: 1.1418 train_acc: 0.4355 train_f1: 0.4355 time: 0.5783s
INFO:root:Epoch: 0350 val_loss: 1.0428 val_acc: 0.5496 val_f1: 0.5496
INFO:root:Epoch: 0355 lr: 0.01 train_loss: 1.1308 train_acc: 0.4349 train_f1: 0.4349 time: 1.7067s
INFO:root:Epoch: 0355 val_loss: 1.0416 val_acc: 0.5534 val_f1: 0.5534
INFO:root:Epoch: 0360 lr: 0.01 train_loss: 1.1537 train_acc: 0.4165 train_f1: 0.4165 time: 1.5875s
INFO:root:Epoch: 0360 val_loss: 1.0431 val_acc: 0.5553 val_f1: 0.5553
INFO:root:Epoch: 0365 lr: 0.01 train_loss: 1.1709 train_acc: 0.3823 train_f1: 0.3823 time: 1.6628s
INFO:root:Epoch: 0365 val_loss: 1.0517 val_acc: 0.5573 val_f1: 0.5573
INFO:root:Epoch: 0370 lr: 0.01 train_loss: 1.1628 train_acc: 0.4123 train_f1: 0.4123 time: 1.7061s
INFO:root:Epoch: 0370 val_loss: 1.0507 val_acc: 0.5611 val_f1: 0.5611
INFO:root:Epoch: 0375 lr: 0.01 train_loss: 1.1491 train_acc: 0.4352 train_f1: 0.4352 time: 1.6719s
INFO:root:Epoch: 0375 val_loss: 1.0408 val_acc: 0.5496 val_f1: 0.5496
INFO:root:Epoch: 0380 lr: 0.01 train_loss: 1.1425 train_acc: 0.4275 train_f1: 0.4275 time: 1.6549s
INFO:root:Epoch: 0380 val_loss: 1.0409 val_acc: 0.5401 val_f1: 0.5401
INFO:root:Early stopping
INFO:root:Optimization Finished!
INFO:root:Total time elapsed: 791.8909s
INFO:root:Val set results: val_loss: 1.0579 val_acc: 0.5744 val_f1: 0.5744
INFO:root:Test set results: test_loss: 0.9927 test_acc: 0.6221 test_f1: 0.6221
INFO:root:Saved model in /workspace/xiongbo/hgcn/logs/nc/2021_5_2/10
