INFO:root:Using: cuda:0
INFO:root:Using seed 1234.
INFO:root:Num classes: 3
INFO:root:NCModel(
  (encoder): HGCN(
    (layers): Sequential(
      (0): HyperbolicGraphConvolution(
        (linear): HypLinear(
          in_features=501, out_features=16, c=Parameter containing:
          tensor([-1.], requires_grad=True)
        )
        (agg): HypAgg(
          c=Parameter containing:
          tensor([-1.], requires_grad=True)
        )
        (hyp_act): HypAct(
          c_in=Parameter containing:
          tensor([-1.], requires_grad=True), c_out=Parameter containing:
          tensor([-1.], requires_grad=True)
        )
      )
    )
  )
  (decoder): LinearDecoder(
    in_features=16, out_features=3, bias=1, c=Parameter containing:
    tensor([-1.], requires_grad=True)
    (cls): Linear(
      (linear): Linear(in_features=16, out_features=3, bias=True)
    )
  )
)
INFO:root:Total number of parameters: 8085
/workspace/anaconda3/envs/geo/lib/python3.7/site-packages/torch/optim/lr_scheduler.py:370: UserWarning: To get the last learning rate computed by the scheduler, please use `get_last_lr()`.
  "please use `get_last_lr()`.", UserWarning)
INFO:root:Epoch: 0005 lr: 0.01 train_loss: 1.0321 train_acc: 0.5333 train_f1: 0.5333 time: 0.5166s
INFO:root:Epoch: 0005 val_loss: 1.0262 val_acc: 0.6380 val_f1: 0.6380
INFO:root:Epoch: 0010 lr: 0.01 train_loss: 0.9298 train_acc: 0.6833 train_f1: 0.6833 time: 0.5193s
INFO:root:Epoch: 0010 val_loss: 0.9840 val_acc: 0.7060 val_f1: 0.7060
INFO:root:Epoch: 0015 lr: 0.01 train_loss: 0.8776 train_acc: 0.7000 train_f1: 0.7000 time: 0.5151s
INFO:root:Epoch: 0015 val_loss: 0.9483 val_acc: 0.7080 val_f1: 0.7080
INFO:root:Epoch: 0020 lr: 0.01 train_loss: 0.8211 train_acc: 0.6333 train_f1: 0.6333 time: 0.5161s
INFO:root:Epoch: 0020 val_loss: 0.8997 val_acc: 0.7440 val_f1: 0.7440
INFO:root:Epoch: 0025 lr: 0.01 train_loss: 0.7172 train_acc: 0.8333 train_f1: 0.8333 time: 0.5122s
INFO:root:Epoch: 0025 val_loss: 0.8557 val_acc: 0.7260 val_f1: 0.7260
INFO:root:Epoch: 0030 lr: 0.01 train_loss: 0.6305 train_acc: 0.8333 train_f1: 0.8333 time: 0.5112s
INFO:root:Epoch: 0030 val_loss: 0.8213 val_acc: 0.7280 val_f1: 0.7280
INFO:root:Epoch: 0035 lr: 0.01 train_loss: 0.6374 train_acc: 0.7833 train_f1: 0.7833 time: 0.5519s
INFO:root:Epoch: 0035 val_loss: 0.7916 val_acc: 0.7220 val_f1: 0.7220
INFO:root:Epoch: 0040 lr: 0.01 train_loss: 0.5277 train_acc: 0.7333 train_f1: 0.7333 time: 0.5147s
INFO:root:Epoch: 0040 val_loss: 0.7679 val_acc: 0.7300 val_f1: 0.7300
INFO:root:Epoch: 0045 lr: 0.01 train_loss: 0.5863 train_acc: 0.7167 train_f1: 0.7167 time: 0.5143s
INFO:root:Epoch: 0045 val_loss: 0.7427 val_acc: 0.7360 val_f1: 0.7360
INFO:root:Epoch: 0050 lr: 0.01 train_loss: 0.5021 train_acc: 0.7833 train_f1: 0.7833 time: 0.5149s
INFO:root:Epoch: 0050 val_loss: 0.7279 val_acc: 0.7240 val_f1: 0.7240
INFO:root:Epoch: 0055 lr: 0.01 train_loss: 0.4372 train_acc: 0.7833 train_f1: 0.7833 time: 0.5112s
INFO:root:Epoch: 0055 val_loss: 0.7169 val_acc: 0.7320 val_f1: 0.7320
INFO:root:Epoch: 0060 lr: 0.01 train_loss: 0.5038 train_acc: 0.6667 train_f1: 0.6667 time: 0.5123s
INFO:root:Epoch: 0060 val_loss: 0.7121 val_acc: 0.7260 val_f1: 0.7260
INFO:root:Epoch: 0065 lr: 0.01 train_loss: 0.4116 train_acc: 0.8167 train_f1: 0.8167 time: 0.5148s
INFO:root:Epoch: 0065 val_loss: 0.7057 val_acc: 0.7280 val_f1: 0.7280
INFO:root:Epoch: 0070 lr: 0.01 train_loss: 0.3471 train_acc: 0.8500 train_f1: 0.8500 time: 0.5155s
INFO:root:Epoch: 0070 val_loss: 0.7019 val_acc: 0.7300 val_f1: 0.7300
INFO:root:Epoch: 0075 lr: 0.01 train_loss: 0.2994 train_acc: 0.8833 train_f1: 0.8833 time: 0.5095s
INFO:root:Epoch: 0075 val_loss: 0.7083 val_acc: 0.7180 val_f1: 0.7180
INFO:root:Epoch: 0080 lr: 0.01 train_loss: 0.3415 train_acc: 0.7667 train_f1: 0.7667 time: 0.5091s
INFO:root:Epoch: 0080 val_loss: 0.7191 val_acc: 0.7200 val_f1: 0.7200
INFO:root:Epoch: 0085 lr: 0.01 train_loss: 0.4011 train_acc: 0.7000 train_f1: 0.7000 time: 0.5039s
INFO:root:Epoch: 0085 val_loss: 0.7224 val_acc: 0.7220 val_f1: 0.7220
INFO:root:Epoch: 0090 lr: 0.01 train_loss: 0.3808 train_acc: 0.7500 train_f1: 0.7500 time: 0.5464s
INFO:root:Epoch: 0090 val_loss: 0.7251 val_acc: 0.7240 val_f1: 0.7240
INFO:root:Epoch: 0095 lr: 0.01 train_loss: 0.3600 train_acc: 0.8000 train_f1: 0.8000 time: 0.5095s
INFO:root:Epoch: 0095 val_loss: 0.7311 val_acc: 0.7220 val_f1: 0.7220
INFO:root:Epoch: 0100 lr: 0.01 train_loss: 0.3988 train_acc: 0.7500 train_f1: 0.7500 time: 0.5094s
INFO:root:Epoch: 0100 val_loss: 0.7356 val_acc: 0.7220 val_f1: 0.7220
INFO:root:Epoch: 0105 lr: 0.01 train_loss: 0.3394 train_acc: 0.8000 train_f1: 0.8000 time: 0.5060s
INFO:root:Epoch: 0105 val_loss: 0.7411 val_acc: 0.7240 val_f1: 0.7240
INFO:root:Epoch: 0110 lr: 0.01 train_loss: 0.4070 train_acc: 0.7333 train_f1: 0.7333 time: 0.5045s
INFO:root:Epoch: 0110 val_loss: 0.7494 val_acc: 0.7320 val_f1: 0.7320
INFO:root:Epoch: 0115 lr: 0.01 train_loss: 0.2870 train_acc: 0.8500 train_f1: 0.8500 time: 0.5060s
INFO:root:Epoch: 0115 val_loss: 0.7561 val_acc: 0.7360 val_f1: 0.7360
INFO:root:Epoch: 0120 lr: 0.01 train_loss: 0.3333 train_acc: 0.7500 train_f1: 0.7500 time: 0.5052s
INFO:root:Epoch: 0120 val_loss: 0.7682 val_acc: 0.7340 val_f1: 0.7340
INFO:root:Early stopping
INFO:root:Optimization Finished!
INFO:root:Total time elapsed: 100.4406s
INFO:root:Val set results: val_loss: 0.8997 val_acc: 0.7440 val_f1: 0.7440
INFO:root:Test set results: test_loss: 0.9055 test_acc: 0.7170 test_f1: 0.7170
INFO:root:Saved model in /workspace/xiongbo/hgcn/logs/nc/2021_5_2/17
