INFO:root:Using: cuda:0
INFO:root:Using seed 1234.
INFO:root:Num classes: 6
INFO:root:NCModel(
  (encoder): HGCN(
    (layers): Sequential(
      (0): HyperbolicGraphConvolution(
        (linear): HypLinear(
          in_features=3704, out_features=16, c=Parameter containing:
          tensor([-1.], requires_grad=True)
        )
        (agg): HypAgg(
          c=Parameter containing:
          tensor([-1.], requires_grad=True)
        )
        (hyp_act): HypAct(
          c_in=Parameter containing:
          tensor([-1.], requires_grad=True), c_out=Parameter containing:
          tensor([-1.], requires_grad=True)
        )
      )
    )
  )
  (decoder): LinearDecoder(
    in_features=16, out_features=6, bias=1, c=Parameter containing:
    tensor([-1.], requires_grad=True)
    (cls): Linear(
      (linear): Linear(in_features=16, out_features=6, bias=True)
    )
  )
)
INFO:root:Total number of parameters: 59384
/workspace/anaconda3/envs/geo/lib/python3.7/site-packages/torch/optim/lr_scheduler.py:370: UserWarning: To get the last learning rate computed by the scheduler, please use `get_last_lr()`.
  "please use `get_last_lr()`.", UserWarning)
INFO:root:Epoch: 0005 lr: 0.01 train_loss: 1.6665 train_acc: 0.4000 train_f1: 0.4000 time: 0.3801s
INFO:root:Epoch: 0005 val_loss: 1.7144 val_acc: 0.4120 val_f1: 0.4120
INFO:root:Epoch: 0010 lr: 0.01 train_loss: 1.5280 train_acc: 0.5917 train_f1: 0.5917 time: 0.3740s
INFO:root:Epoch: 0010 val_loss: 1.6482 val_acc: 0.5620 val_f1: 0.5620
INFO:root:Epoch: 0015 lr: 0.01 train_loss: 1.3915 train_acc: 0.6083 train_f1: 0.6083 time: 0.3730s
INFO:root:Epoch: 0015 val_loss: 1.5794 val_acc: 0.6080 val_f1: 0.6080
INFO:root:Epoch: 0020 lr: 0.01 train_loss: 1.3292 train_acc: 0.5083 train_f1: 0.5083 time: 0.3855s
INFO:root:Epoch: 0020 val_loss: 1.5186 val_acc: 0.6140 val_f1: 0.6140
INFO:root:Epoch: 0025 lr: 0.01 train_loss: 1.1947 train_acc: 0.5917 train_f1: 0.5917 time: 0.3738s
INFO:root:Epoch: 0025 val_loss: 1.4669 val_acc: 0.6100 val_f1: 0.6100
INFO:root:Epoch: 0030 lr: 0.01 train_loss: 1.1573 train_acc: 0.5500 train_f1: 0.5500 time: 0.3762s
INFO:root:Epoch: 0030 val_loss: 1.4206 val_acc: 0.6100 val_f1: 0.6100
INFO:root:Epoch: 0035 lr: 0.01 train_loss: 1.0402 train_acc: 0.6000 train_f1: 0.6000 time: 0.3761s
INFO:root:Epoch: 0035 val_loss: 1.3818 val_acc: 0.6080 val_f1: 0.6080
INFO:root:Epoch: 0040 lr: 0.01 train_loss: 1.0263 train_acc: 0.6000 train_f1: 0.6000 time: 0.3767s
INFO:root:Epoch: 0040 val_loss: 1.3427 val_acc: 0.6220 val_f1: 0.6220
INFO:root:Epoch: 0045 lr: 0.01 train_loss: 0.9442 train_acc: 0.6333 train_f1: 0.6333 time: 0.3737s
INFO:root:Epoch: 0045 val_loss: 1.3113 val_acc: 0.6100 val_f1: 0.6100
INFO:root:Epoch: 0050 lr: 0.01 train_loss: 0.8500 train_acc: 0.6667 train_f1: 0.6667 time: 0.3777s
INFO:root:Epoch: 0050 val_loss: 1.2924 val_acc: 0.6160 val_f1: 0.6160
INFO:root:Epoch: 0055 lr: 0.01 train_loss: 0.8351 train_acc: 0.7000 train_f1: 0.7000 time: 0.3799s
INFO:root:Epoch: 0055 val_loss: 1.2659 val_acc: 0.6160 val_f1: 0.6160
INFO:root:Epoch: 0060 lr: 0.01 train_loss: 0.8355 train_acc: 0.6583 train_f1: 0.6583 time: 0.3818s
INFO:root:Epoch: 0060 val_loss: 1.2401 val_acc: 0.6180 val_f1: 0.6180
INFO:root:Epoch: 0065 lr: 0.01 train_loss: 0.8567 train_acc: 0.6667 train_f1: 0.6667 time: 0.3759s
INFO:root:Epoch: 0065 val_loss: 1.2329 val_acc: 0.6100 val_f1: 0.6100
INFO:root:Epoch: 0070 lr: 0.01 train_loss: 0.9568 train_acc: 0.5750 train_f1: 0.5750 time: 0.3755s
INFO:root:Epoch: 0070 val_loss: 1.2104 val_acc: 0.6020 val_f1: 0.6020
INFO:root:Epoch: 0075 lr: 0.01 train_loss: 0.9109 train_acc: 0.5917 train_f1: 0.5917 time: 0.3778s
INFO:root:Epoch: 0075 val_loss: 1.2079 val_acc: 0.6020 val_f1: 0.6020
INFO:root:Epoch: 0080 lr: 0.01 train_loss: 0.8067 train_acc: 0.6333 train_f1: 0.6333 time: 0.3748s
INFO:root:Epoch: 0080 val_loss: 1.1871 val_acc: 0.6060 val_f1: 0.6060
INFO:root:Epoch: 0085 lr: 0.01 train_loss: 0.7597 train_acc: 0.5917 train_f1: 0.5917 time: 0.3737s
INFO:root:Epoch: 0085 val_loss: 1.1693 val_acc: 0.6040 val_f1: 0.6040
INFO:root:Epoch: 0090 lr: 0.01 train_loss: 0.8093 train_acc: 0.6500 train_f1: 0.6500 time: 0.3739s
INFO:root:Epoch: 0090 val_loss: 1.1646 val_acc: 0.6080 val_f1: 0.6080
INFO:root:Epoch: 0095 lr: 0.01 train_loss: 0.8578 train_acc: 0.6083 train_f1: 0.6083 time: 0.3760s
INFO:root:Epoch: 0095 val_loss: 1.1671 val_acc: 0.6080 val_f1: 0.6080
INFO:root:Epoch: 0100 lr: 0.01 train_loss: 0.6312 train_acc: 0.7000 train_f1: 0.7000 time: 0.3816s
INFO:root:Epoch: 0100 val_loss: 1.1518 val_acc: 0.6080 val_f1: 0.6080
INFO:root:Epoch: 0105 lr: 0.01 train_loss: 0.6956 train_acc: 0.6500 train_f1: 0.6500 time: 0.3772s
INFO:root:Epoch: 0105 val_loss: 1.1396 val_acc: 0.6040 val_f1: 0.6040
INFO:root:Epoch: 0110 lr: 0.01 train_loss: 0.7120 train_acc: 0.6500 train_f1: 0.6500 time: 0.3766s
INFO:root:Epoch: 0110 val_loss: 1.1309 val_acc: 0.6220 val_f1: 0.6220
INFO:root:Epoch: 0115 lr: 0.01 train_loss: 0.7005 train_acc: 0.6250 train_f1: 0.6250 time: 0.3773s
INFO:root:Epoch: 0115 val_loss: 1.1244 val_acc: 0.6260 val_f1: 0.6260
INFO:root:Epoch: 0120 lr: 0.01 train_loss: 0.6394 train_acc: 0.6917 train_f1: 0.6917 time: 0.3823s
INFO:root:Epoch: 0120 val_loss: 1.1174 val_acc: 0.6220 val_f1: 0.6220
INFO:root:Epoch: 0125 lr: 0.01 train_loss: 0.7363 train_acc: 0.6417 train_f1: 0.6417 time: 0.3736s
INFO:root:Epoch: 0125 val_loss: 1.1150 val_acc: 0.6280 val_f1: 0.6280
INFO:root:Epoch: 0130 lr: 0.01 train_loss: 0.6238 train_acc: 0.7333 train_f1: 0.7333 time: 0.3733s
INFO:root:Epoch: 0130 val_loss: 1.1226 val_acc: 0.6320 val_f1: 0.6320
INFO:root:Epoch: 0135 lr: 0.01 train_loss: 0.6419 train_acc: 0.7167 train_f1: 0.7167 time: 0.3852s
INFO:root:Epoch: 0135 val_loss: 1.1085 val_acc: 0.6380 val_f1: 0.6380
INFO:root:Epoch: 0140 lr: 0.01 train_loss: 0.6334 train_acc: 0.6667 train_f1: 0.6667 time: 0.3775s
INFO:root:Epoch: 0140 val_loss: 1.1189 val_acc: 0.6360 val_f1: 0.6360
INFO:root:Epoch: 0145 lr: 0.01 train_loss: 0.6767 train_acc: 0.6833 train_f1: 0.6833 time: 0.3835s
INFO:root:Epoch: 0145 val_loss: 1.1179 val_acc: 0.6340 val_f1: 0.6340
INFO:root:Epoch: 0150 lr: 0.01 train_loss: 0.6460 train_acc: 0.7333 train_f1: 0.7333 time: 0.3751s
INFO:root:Epoch: 0150 val_loss: 1.0981 val_acc: 0.6440 val_f1: 0.6440
INFO:root:Epoch: 0155 lr: 0.01 train_loss: 0.6463 train_acc: 0.7083 train_f1: 0.7083 time: 0.3814s
INFO:root:Epoch: 0155 val_loss: 1.0973 val_acc: 0.6360 val_f1: 0.6360
INFO:root:Epoch: 0160 lr: 0.01 train_loss: 0.7350 train_acc: 0.6000 train_f1: 0.6000 time: 0.3738s
INFO:root:Epoch: 0160 val_loss: 1.1158 val_acc: 0.6360 val_f1: 0.6360
INFO:root:Epoch: 0165 lr: 0.01 train_loss: 0.7111 train_acc: 0.6333 train_f1: 0.6333 time: 0.3734s
INFO:root:Epoch: 0165 val_loss: 1.1116 val_acc: 0.6320 val_f1: 0.6320
INFO:root:Epoch: 0170 lr: 0.01 train_loss: 0.6966 train_acc: 0.6167 train_f1: 0.6167 time: 0.3743s
INFO:root:Epoch: 0170 val_loss: 1.0974 val_acc: 0.6460 val_f1: 0.6460
INFO:root:Epoch: 0175 lr: 0.01 train_loss: 0.5501 train_acc: 0.7000 train_f1: 0.7000 time: 0.3767s
INFO:root:Epoch: 0175 val_loss: 1.1034 val_acc: 0.6360 val_f1: 0.6360
INFO:root:Epoch: 0180 lr: 0.01 train_loss: 0.6461 train_acc: 0.6583 train_f1: 0.6583 time: 0.3769s
INFO:root:Epoch: 0180 val_loss: 1.1164 val_acc: 0.6280 val_f1: 0.6280
INFO:root:Epoch: 0185 lr: 0.01 train_loss: 0.6401 train_acc: 0.6583 train_f1: 0.6583 time: 0.3773s
INFO:root:Epoch: 0185 val_loss: 1.1073 val_acc: 0.6380 val_f1: 0.6380
INFO:root:Epoch: 0190 lr: 0.01 train_loss: 0.7026 train_acc: 0.6167 train_f1: 0.6167 time: 0.3852s
INFO:root:Epoch: 0190 val_loss: 1.1093 val_acc: 0.6360 val_f1: 0.6360
INFO:root:Epoch: 0195 lr: 0.01 train_loss: 0.6878 train_acc: 0.6500 train_f1: 0.6500 time: 0.3744s
INFO:root:Epoch: 0195 val_loss: 1.1096 val_acc: 0.6420 val_f1: 0.6420
INFO:root:Epoch: 0200 lr: 0.01 train_loss: 0.6651 train_acc: 0.6833 train_f1: 0.6833 time: 0.3735s
INFO:root:Epoch: 0200 val_loss: 1.0972 val_acc: 0.6480 val_f1: 0.6480
INFO:root:Epoch: 0205 lr: 0.01 train_loss: 0.5487 train_acc: 0.6917 train_f1: 0.6917 time: 0.3766s
INFO:root:Epoch: 0205 val_loss: 1.0862 val_acc: 0.6460 val_f1: 0.6460
INFO:root:Epoch: 0210 lr: 0.01 train_loss: 0.5697 train_acc: 0.7000 train_f1: 0.7000 time: 0.3771s
INFO:root:Epoch: 0210 val_loss: 1.0936 val_acc: 0.6320 val_f1: 0.6320
INFO:root:Epoch: 0215 lr: 0.01 train_loss: 0.6899 train_acc: 0.6583 train_f1: 0.6583 time: 0.3775s
INFO:root:Epoch: 0215 val_loss: 1.0973 val_acc: 0.6400 val_f1: 0.6400
INFO:root:Epoch: 0220 lr: 0.01 train_loss: 0.6334 train_acc: 0.6833 train_f1: 0.6833 time: 0.3772s
INFO:root:Epoch: 0220 val_loss: 1.1034 val_acc: 0.6340 val_f1: 0.6340
INFO:root:Epoch: 0225 lr: 0.01 train_loss: 0.6590 train_acc: 0.6417 train_f1: 0.6417 time: 0.3875s
INFO:root:Epoch: 0225 val_loss: 1.1028 val_acc: 0.6340 val_f1: 0.6340
INFO:root:Epoch: 0230 lr: 0.01 train_loss: 0.5654 train_acc: 0.6750 train_f1: 0.6750 time: 0.3756s
INFO:root:Epoch: 0230 val_loss: 1.0957 val_acc: 0.6300 val_f1: 0.6300
INFO:root:Epoch: 0235 lr: 0.01 train_loss: 0.6720 train_acc: 0.6250 train_f1: 0.6250 time: 0.3736s
INFO:root:Epoch: 0235 val_loss: 1.0914 val_acc: 0.6240 val_f1: 0.6240
INFO:root:Epoch: 0240 lr: 0.01 train_loss: 0.7062 train_acc: 0.6167 train_f1: 0.6167 time: 0.3832s
INFO:root:Epoch: 0240 val_loss: 1.0888 val_acc: 0.6340 val_f1: 0.6340
INFO:root:Epoch: 0245 lr: 0.01 train_loss: 0.5692 train_acc: 0.7083 train_f1: 0.7083 time: 0.3827s
INFO:root:Epoch: 0245 val_loss: 1.1000 val_acc: 0.6160 val_f1: 0.6160
INFO:root:Epoch: 0250 lr: 0.01 train_loss: 0.5872 train_acc: 0.6500 train_f1: 0.6500 time: 0.3777s
INFO:root:Epoch: 0250 val_loss: 1.0967 val_acc: 0.6240 val_f1: 0.6240
INFO:root:Early stopping
INFO:root:Optimization Finished!
INFO:root:Total time elapsed: 153.9427s
INFO:root:Val set results: val_loss: 1.0959 val_acc: 0.6480 val_f1: 0.6480
INFO:root:Test set results: test_loss: 1.1139 test_acc: 0.6420 test_f1: 0.6420
INFO:root:Saved model in /workspace/xiongbo/hgcn/logs/nc/2021_5_3/27
