INFO:root:Using: cuda:0
INFO:root:Using seed 1234.
INFO:root:Num classes: 6
INFO:root:NCModel(
  (encoder): HGCN(
    (layers): Sequential(
      (0): HyperbolicGraphConvolution(
        (linear): HypLinear(
          in_features=3704, out_features=16, c=Parameter containing:
          tensor([-1.], requires_grad=True)
        )
        (agg): HypAgg(
          c=Parameter containing:
          tensor([-1.], requires_grad=True)
        )
        (hyp_act): HypAct(
          c_in=Parameter containing:
          tensor([-1.], requires_grad=True), c_out=Parameter containing:
          tensor([-1.], requires_grad=True)
        )
      )
    )
  )
  (decoder): LinearDecoder(
    in_features=16, out_features=6, bias=1, c=Parameter containing:
    tensor([-1.], requires_grad=True)
    (cls): Linear(
      (linear): Linear(in_features=16, out_features=6, bias=True)
    )
  )
)
INFO:root:Total number of parameters: 59384
/workspace/anaconda3/envs/geo/lib/python3.7/site-packages/torch/optim/lr_scheduler.py:370: UserWarning: To get the last learning rate computed by the scheduler, please use `get_last_lr()`.
  "please use `get_last_lr()`.", UserWarning)
INFO:root:Epoch: 0005 lr: 0.01 train_loss: 1.6094 train_acc: 0.4333 train_f1: 0.4333 time: 0.6409s
INFO:root:Epoch: 0005 val_loss: 1.6948 val_acc: 0.3580 val_f1: 0.3580
INFO:root:Epoch: 0010 lr: 0.01 train_loss: 1.4427 train_acc: 0.5667 train_f1: 0.5667 time: 0.6254s
INFO:root:Epoch: 0010 val_loss: 1.6339 val_acc: 0.5060 val_f1: 0.5060
INFO:root:Epoch: 0015 lr: 0.01 train_loss: 1.3694 train_acc: 0.5333 train_f1: 0.5333 time: 0.6327s
INFO:root:Epoch: 0015 val_loss: 1.5860 val_acc: 0.5640 val_f1: 0.5640
INFO:root:Epoch: 0020 lr: 0.01 train_loss: 1.2840 train_acc: 0.5250 train_f1: 0.5250 time: 0.6373s
INFO:root:Epoch: 0020 val_loss: 1.5328 val_acc: 0.5700 val_f1: 0.5700
INFO:root:Epoch: 0025 lr: 0.01 train_loss: 1.1812 train_acc: 0.5500 train_f1: 0.5500 time: 0.6288s
INFO:root:Epoch: 0025 val_loss: 1.4957 val_acc: 0.5680 val_f1: 0.5680
INFO:root:Epoch: 0030 lr: 0.01 train_loss: 1.0965 train_acc: 0.5667 train_f1: 0.5667 time: 0.6288s
INFO:root:Epoch: 0030 val_loss: 1.4510 val_acc: 0.5560 val_f1: 0.5560
INFO:root:Epoch: 0035 lr: 0.01 train_loss: 1.0708 train_acc: 0.5500 train_f1: 0.5500 time: 0.6338s
INFO:root:Epoch: 0035 val_loss: 1.4206 val_acc: 0.5520 val_f1: 0.5520
INFO:root:Epoch: 0040 lr: 0.01 train_loss: 0.9758 train_acc: 0.6250 train_f1: 0.6250 time: 0.6346s
INFO:root:Epoch: 0040 val_loss: 1.3866 val_acc: 0.5800 val_f1: 0.5800
INFO:root:Epoch: 0045 lr: 0.01 train_loss: 1.0107 train_acc: 0.5917 train_f1: 0.5917 time: 0.6449s
INFO:root:Epoch: 0045 val_loss: 1.3441 val_acc: 0.5980 val_f1: 0.5980
INFO:root:Epoch: 0050 lr: 0.01 train_loss: 1.0306 train_acc: 0.5917 train_f1: 0.5917 time: 0.6192s
INFO:root:Epoch: 0050 val_loss: 1.3171 val_acc: 0.6000 val_f1: 0.6000
INFO:root:Epoch: 0055 lr: 0.01 train_loss: 0.9230 train_acc: 0.6333 train_f1: 0.6333 time: 0.6315s
INFO:root:Epoch: 0055 val_loss: 1.3085 val_acc: 0.5880 val_f1: 0.5880
INFO:root:Epoch: 0060 lr: 0.01 train_loss: 0.9147 train_acc: 0.6500 train_f1: 0.6500 time: 0.6167s
INFO:root:Epoch: 0060 val_loss: 1.2916 val_acc: 0.5760 val_f1: 0.5760
INFO:root:Epoch: 0065 lr: 0.01 train_loss: 0.8682 train_acc: 0.6667 train_f1: 0.6667 time: 0.6279s
INFO:root:Epoch: 0065 val_loss: 1.2642 val_acc: 0.5820 val_f1: 0.5820
INFO:root:Epoch: 0070 lr: 0.01 train_loss: 0.7855 train_acc: 0.6500 train_f1: 0.6500 time: 0.6645s
INFO:root:Epoch: 0070 val_loss: 1.2477 val_acc: 0.5980 val_f1: 0.5980
INFO:root:Epoch: 0075 lr: 0.01 train_loss: 0.7565 train_acc: 0.6250 train_f1: 0.6250 time: 0.6296s
INFO:root:Epoch: 0075 val_loss: 1.2490 val_acc: 0.5980 val_f1: 0.5980
INFO:root:Epoch: 0080 lr: 0.01 train_loss: 0.7038 train_acc: 0.6917 train_f1: 0.6917 time: 0.6186s
INFO:root:Epoch: 0080 val_loss: 1.2362 val_acc: 0.6040 val_f1: 0.6040
INFO:root:Epoch: 0085 lr: 0.01 train_loss: 0.6898 train_acc: 0.6667 train_f1: 0.6667 time: 0.6588s
INFO:root:Epoch: 0085 val_loss: 1.2229 val_acc: 0.6020 val_f1: 0.6020
INFO:root:Epoch: 0090 lr: 0.01 train_loss: 0.6983 train_acc: 0.7167 train_f1: 0.7167 time: 0.6264s
INFO:root:Epoch: 0090 val_loss: 1.2163 val_acc: 0.6080 val_f1: 0.6080
INFO:root:Epoch: 0095 lr: 0.01 train_loss: 0.5811 train_acc: 0.7250 train_f1: 0.7250 time: 0.6313s
INFO:root:Epoch: 0095 val_loss: 1.1920 val_acc: 0.6120 val_f1: 0.6120
INFO:root:Epoch: 0100 lr: 0.01 train_loss: 0.6916 train_acc: 0.7333 train_f1: 0.7333 time: 0.6274s
INFO:root:Epoch: 0100 val_loss: 1.1693 val_acc: 0.6120 val_f1: 0.6120
INFO:root:Epoch: 0105 lr: 0.01 train_loss: 0.7774 train_acc: 0.6333 train_f1: 0.6333 time: 0.6319s
INFO:root:Epoch: 0105 val_loss: 1.1949 val_acc: 0.6020 val_f1: 0.6020
INFO:root:Epoch: 0110 lr: 0.01 train_loss: 0.7414 train_acc: 0.6333 train_f1: 0.6333 time: 0.6253s
INFO:root:Epoch: 0110 val_loss: 1.2121 val_acc: 0.5880 val_f1: 0.5880
INFO:root:Epoch: 0115 lr: 0.01 train_loss: 0.6110 train_acc: 0.7083 train_f1: 0.7083 time: 0.6303s
INFO:root:Epoch: 0115 val_loss: 1.1723 val_acc: 0.5880 val_f1: 0.5880
INFO:root:Epoch: 0120 lr: 0.01 train_loss: 0.6773 train_acc: 0.6583 train_f1: 0.6583 time: 0.6294s
INFO:root:Epoch: 0120 val_loss: 1.1736 val_acc: 0.5940 val_f1: 0.5940
INFO:root:Epoch: 0125 lr: 0.01 train_loss: 0.7566 train_acc: 0.6500 train_f1: 0.6500 time: 0.6410s
INFO:root:Epoch: 0125 val_loss: 1.1929 val_acc: 0.5920 val_f1: 0.5920
INFO:root:Epoch: 0130 lr: 0.01 train_loss: 0.7182 train_acc: 0.6500 train_f1: 0.6500 time: 0.6298s
INFO:root:Epoch: 0130 val_loss: 1.1747 val_acc: 0.5920 val_f1: 0.5920
INFO:root:Epoch: 0135 lr: 0.01 train_loss: 0.6696 train_acc: 0.6417 train_f1: 0.6417 time: 0.6273s
INFO:root:Epoch: 0135 val_loss: 1.1696 val_acc: 0.5900 val_f1: 0.5900
INFO:root:Epoch: 0140 lr: 0.01 train_loss: 0.5920 train_acc: 0.7000 train_f1: 0.7000 time: 0.6314s
INFO:root:Epoch: 0140 val_loss: 1.1726 val_acc: 0.5920 val_f1: 0.5920
INFO:root:Epoch: 0145 lr: 0.01 train_loss: 0.5801 train_acc: 0.7250 train_f1: 0.7250 time: 0.6301s
INFO:root:Epoch: 0145 val_loss: 1.1623 val_acc: 0.5980 val_f1: 0.5980
INFO:root:Epoch: 0150 lr: 0.01 train_loss: 0.6758 train_acc: 0.6417 train_f1: 0.6417 time: 0.6327s
INFO:root:Epoch: 0150 val_loss: 1.1534 val_acc: 0.6120 val_f1: 0.6120
INFO:root:Epoch: 0155 lr: 0.01 train_loss: 0.6563 train_acc: 0.6583 train_f1: 0.6583 time: 0.6286s
INFO:root:Epoch: 0155 val_loss: 1.1610 val_acc: 0.6000 val_f1: 0.6000
INFO:root:Epoch: 0160 lr: 0.01 train_loss: 0.7180 train_acc: 0.6167 train_f1: 0.6167 time: 0.6282s
INFO:root:Epoch: 0160 val_loss: 1.1721 val_acc: 0.5940 val_f1: 0.5940
INFO:root:Epoch: 0165 lr: 0.01 train_loss: 0.6359 train_acc: 0.6417 train_f1: 0.6417 time: 0.6240s
INFO:root:Epoch: 0165 val_loss: 1.1591 val_acc: 0.5960 val_f1: 0.5960
INFO:root:Epoch: 0170 lr: 0.01 train_loss: 0.6071 train_acc: 0.6917 train_f1: 0.6917 time: 0.6346s
INFO:root:Epoch: 0170 val_loss: 1.1558 val_acc: 0.5960 val_f1: 0.5960
INFO:root:Epoch: 0175 lr: 0.01 train_loss: 0.6643 train_acc: 0.6667 train_f1: 0.6667 time: 0.6292s
INFO:root:Epoch: 0175 val_loss: 1.1658 val_acc: 0.6080 val_f1: 0.6080
INFO:root:Epoch: 0180 lr: 0.01 train_loss: 0.7570 train_acc: 0.6000 train_f1: 0.6000 time: 0.6313s
INFO:root:Epoch: 0180 val_loss: 1.1567 val_acc: 0.6100 val_f1: 0.6100
INFO:root:Epoch: 0185 lr: 0.01 train_loss: 0.5634 train_acc: 0.7000 train_f1: 0.7000 time: 0.6402s
INFO:root:Epoch: 0185 val_loss: 1.1445 val_acc: 0.6060 val_f1: 0.6060
INFO:root:Epoch: 0190 lr: 0.01 train_loss: 0.6402 train_acc: 0.6250 train_f1: 0.6250 time: 0.6279s
INFO:root:Epoch: 0190 val_loss: 1.1453 val_acc: 0.6180 val_f1: 0.6180
INFO:root:Epoch: 0195 lr: 0.01 train_loss: 0.5993 train_acc: 0.7167 train_f1: 0.7167 time: 0.6288s
INFO:root:Epoch: 0195 val_loss: 1.1472 val_acc: 0.6120 val_f1: 0.6120
INFO:root:Epoch: 0200 lr: 0.01 train_loss: 0.6902 train_acc: 0.6583 train_f1: 0.6583 time: 0.6304s
INFO:root:Epoch: 0200 val_loss: 1.1464 val_acc: 0.6080 val_f1: 0.6080
INFO:root:Epoch: 0205 lr: 0.01 train_loss: 0.6240 train_acc: 0.6417 train_f1: 0.6417 time: 0.6338s
INFO:root:Epoch: 0205 val_loss: 1.1554 val_acc: 0.6200 val_f1: 0.6200
INFO:root:Epoch: 0210 lr: 0.01 train_loss: 0.6554 train_acc: 0.6250 train_f1: 0.6250 time: 0.6248s
INFO:root:Epoch: 0210 val_loss: 1.1335 val_acc: 0.6280 val_f1: 0.6280
INFO:root:Epoch: 0215 lr: 0.01 train_loss: 0.6195 train_acc: 0.6833 train_f1: 0.6833 time: 0.6257s
INFO:root:Epoch: 0215 val_loss: 1.1274 val_acc: 0.6300 val_f1: 0.6300
INFO:root:Epoch: 0220 lr: 0.01 train_loss: 0.6336 train_acc: 0.6333 train_f1: 0.6333 time: 0.6318s
INFO:root:Epoch: 0220 val_loss: 1.1344 val_acc: 0.6340 val_f1: 0.6340
INFO:root:Epoch: 0225 lr: 0.01 train_loss: 0.6304 train_acc: 0.6583 train_f1: 0.6583 time: 0.6655s
INFO:root:Epoch: 0225 val_loss: 1.1510 val_acc: 0.6160 val_f1: 0.6160
INFO:root:Epoch: 0230 lr: 0.01 train_loss: 0.6465 train_acc: 0.6417 train_f1: 0.6417 time: 0.6228s
INFO:root:Epoch: 0230 val_loss: 1.1643 val_acc: 0.6120 val_f1: 0.6120
INFO:root:Epoch: 0235 lr: 0.01 train_loss: 0.6436 train_acc: 0.6583 train_f1: 0.6583 time: 0.6185s
INFO:root:Epoch: 0235 val_loss: 1.1564 val_acc: 0.6140 val_f1: 0.6140
INFO:root:Epoch: 0240 lr: 0.01 train_loss: 0.6077 train_acc: 0.6667 train_f1: 0.6667 time: 0.6598s
INFO:root:Epoch: 0240 val_loss: 1.1579 val_acc: 0.6240 val_f1: 0.6240
INFO:root:Epoch: 0245 lr: 0.01 train_loss: 0.5858 train_acc: 0.6667 train_f1: 0.6667 time: 0.6287s
INFO:root:Epoch: 0245 val_loss: 1.1492 val_acc: 0.6180 val_f1: 0.6180
INFO:root:Epoch: 0250 lr: 0.01 train_loss: 0.5465 train_acc: 0.6917 train_f1: 0.6917 time: 0.6323s
INFO:root:Epoch: 0250 val_loss: 1.1464 val_acc: 0.6280 val_f1: 0.6280
INFO:root:Epoch: 0255 lr: 0.01 train_loss: 0.5868 train_acc: 0.6833 train_f1: 0.6833 time: 0.6291s
INFO:root:Epoch: 0255 val_loss: 1.1494 val_acc: 0.6280 val_f1: 0.6280
INFO:root:Epoch: 0260 lr: 0.01 train_loss: 0.6397 train_acc: 0.6500 train_f1: 0.6500 time: 0.6311s
INFO:root:Epoch: 0260 val_loss: 1.1680 val_acc: 0.6260 val_f1: 0.6260
INFO:root:Epoch: 0265 lr: 0.01 train_loss: 0.5654 train_acc: 0.7333 train_f1: 0.7333 time: 0.6279s
INFO:root:Epoch: 0265 val_loss: 1.1939 val_acc: 0.6000 val_f1: 0.6000
INFO:root:Epoch: 0270 lr: 0.01 train_loss: 0.6557 train_acc: 0.6250 train_f1: 0.6250 time: 0.6310s
INFO:root:Epoch: 0270 val_loss: 1.1846 val_acc: 0.6020 val_f1: 0.6020
INFO:root:Epoch: 0275 lr: 0.01 train_loss: 0.6995 train_acc: 0.6417 train_f1: 0.6417 time: 0.6442s
INFO:root:Epoch: 0275 val_loss: 1.1619 val_acc: 0.6180 val_f1: 0.6180
INFO:root:Epoch: 0280 lr: 0.01 train_loss: 0.4972 train_acc: 0.7583 train_f1: 0.7583 time: 0.6240s
INFO:root:Epoch: 0280 val_loss: 1.1852 val_acc: 0.6000 val_f1: 0.6000
INFO:root:Epoch: 0285 lr: 0.01 train_loss: 0.7455 train_acc: 0.6000 train_f1: 0.6000 time: 0.6332s
INFO:root:Epoch: 0285 val_loss: 1.2028 val_acc: 0.6080 val_f1: 0.6080
INFO:root:Epoch: 0290 lr: 0.01 train_loss: 0.6244 train_acc: 0.6667 train_f1: 0.6667 time: 0.6423s
INFO:root:Epoch: 0290 val_loss: 1.1814 val_acc: 0.6180 val_f1: 0.6180
INFO:root:Epoch: 0295 lr: 0.01 train_loss: 0.5959 train_acc: 0.6750 train_f1: 0.6750 time: 0.6330s
INFO:root:Epoch: 0295 val_loss: 1.1837 val_acc: 0.6240 val_f1: 0.6240
INFO:root:Epoch: 0300 lr: 0.01 train_loss: 0.5863 train_acc: 0.7083 train_f1: 0.7083 time: 0.6247s
INFO:root:Epoch: 0300 val_loss: 1.2201 val_acc: 0.6120 val_f1: 0.6120
INFO:root:Epoch: 0305 lr: 0.01 train_loss: 0.6655 train_acc: 0.6583 train_f1: 0.6583 time: 0.6307s
INFO:root:Epoch: 0305 val_loss: 1.2551 val_acc: 0.5840 val_f1: 0.5840
INFO:root:Epoch: 0310 lr: 0.01 train_loss: 0.5304 train_acc: 0.6833 train_f1: 0.6833 time: 0.6312s
INFO:root:Epoch: 0310 val_loss: 1.2185 val_acc: 0.6060 val_f1: 0.6060
INFO:root:Early stopping
INFO:root:Optimization Finished!
INFO:root:Total time elapsed: 319.1111s
INFO:root:Val set results: val_loss: 1.1255 val_acc: 0.6340 val_f1: 0.6340
INFO:root:Test set results: test_loss: 1.1214 test_acc: 0.6170 test_f1: 0.6170
INFO:root:Saved model in /workspace/xiongbo/hgcn/logs/nc/2021_5_3/2
