INFO:root:Using: cuda:0
INFO:root:Using seed 1234.
INFO:root:Num classes: 4
INFO:root:NCModel(
  (encoder): HNN(
    (layers): Sequential(
      (0): HNNLayer(
        (linear): HypLinear(
          in_features=12, out_features=16, c=Parameter containing:
          tensor([-1.], requires_grad=True)
        )
        (hyp_act): HypAct(
          c_in=Parameter containing:
          tensor([-1.], requires_grad=True), c_out=Parameter containing:
          tensor([-1.], requires_grad=True)
        )
      )
    )
  )
  (decoder): LinearDecoder(
    in_features=16, out_features=4, bias=1, c=Parameter containing:
    tensor([-1.], requires_grad=True)
    (cls): Linear(
      (linear): Linear(in_features=16, out_features=4, bias=True)
    )
  )
)
INFO:root:Total number of parameters: 277
/workspace/anaconda3/envs/geo/lib/python3.7/site-packages/torch/optim/lr_scheduler.py:370: UserWarning: To get the last learning rate computed by the scheduler, please use `get_last_lr()`.
  "please use `get_last_lr()`.", UserWarning)
INFO:root:Epoch: 0005 lr: 0.01 train_loss: 1.4370 train_acc: 0.1641 train_f1: 0.1641 time: 0.2805s
INFO:root:Epoch: 0005 val_loss: 1.3904 val_acc: 0.2042 val_f1: 0.2042
/workspace/anaconda3/envs/geo/lib/python3.7/site-packages/torch/optim/lr_scheduler.py:370: UserWarning: To get the last learning rate computed by the scheduler, please use `get_last_lr()`.
  "please use `get_last_lr()`.", UserWarning)
INFO:root:Epoch: 0010 lr: 0.01 train_loss: 1.3382 train_acc: 0.3199 train_f1: 0.3199 time: 0.2833s
INFO:root:Epoch: 0010 val_loss: 1.3340 val_acc: 0.2786 val_f1: 0.2786
/workspace/anaconda3/envs/geo/lib/python3.7/site-packages/torch/optim/lr_scheduler.py:370: UserWarning: To get the last learning rate computed by the scheduler, please use `get_last_lr()`.
  "please use `get_last_lr()`.", UserWarning)
INFO:root:Epoch: 0015 lr: 0.01 train_loss: 1.3171 train_acc: 0.3410 train_f1: 0.3410 time: 0.2857s
INFO:root:Epoch: 0015 val_loss: 1.2919 val_acc: 0.4275 val_f1: 0.4275
/workspace/anaconda3/envs/geo/lib/python3.7/site-packages/torch/optim/lr_scheduler.py:370: UserWarning: To get the last learning rate computed by the scheduler, please use `get_last_lr()`.
  "please use `get_last_lr()`.", UserWarning)
INFO:root:Epoch: 0020 lr: 0.01 train_loss: 1.2859 train_acc: 0.3725 train_f1: 0.3725 time: 0.3032s
INFO:root:Epoch: 0020 val_loss: 1.2646 val_acc: 0.4370 val_f1: 0.4370
/workspace/anaconda3/envs/geo/lib/python3.7/site-packages/torch/optim/lr_scheduler.py:370: UserWarning: To get the last learning rate computed by the scheduler, please use `get_last_lr()`.
  "please use `get_last_lr()`.", UserWarning)
INFO:root:Epoch: 0025 lr: 0.01 train_loss: 1.2649 train_acc: 0.3734 train_f1: 0.3734 time: 0.3007s
INFO:root:Epoch: 0025 val_loss: 1.2515 val_acc: 0.4370 val_f1: 0.4370
/workspace/anaconda3/envs/geo/lib/python3.7/site-packages/torch/optim/lr_scheduler.py:370: UserWarning: To get the last learning rate computed by the scheduler, please use `get_last_lr()`.
  "please use `get_last_lr()`.", UserWarning)
INFO:root:Epoch: 0030 lr: 0.01 train_loss: 1.2637 train_acc: 0.3552 train_f1: 0.3552 time: 0.3024s
INFO:root:Epoch: 0030 val_loss: 1.2450 val_acc: 0.4370 val_f1: 0.4370
/workspace/anaconda3/envs/geo/lib/python3.7/site-packages/torch/optim/lr_scheduler.py:370: UserWarning: To get the last learning rate computed by the scheduler, please use `get_last_lr()`.
  "please use `get_last_lr()`.", UserWarning)
INFO:root:Epoch: 0035 lr: 0.01 train_loss: 1.2665 train_acc: 0.3633 train_f1: 0.3633 time: 0.3034s
INFO:root:Epoch: 0035 val_loss: 1.2403 val_acc: 0.4370 val_f1: 0.4370
/workspace/anaconda3/envs/geo/lib/python3.7/site-packages/torch/optim/lr_scheduler.py:370: UserWarning: To get the last learning rate computed by the scheduler, please use `get_last_lr()`.
  "please use `get_last_lr()`.", UserWarning)
INFO:root:Epoch: 0040 lr: 0.01 train_loss: 1.2662 train_acc: 0.3760 train_f1: 0.3760 time: 0.2842s
INFO:root:Epoch: 0040 val_loss: 1.2379 val_acc: 0.4466 val_f1: 0.4466
/workspace/anaconda3/envs/geo/lib/python3.7/site-packages/torch/optim/lr_scheduler.py:370: UserWarning: To get the last learning rate computed by the scheduler, please use `get_last_lr()`.
  "please use `get_last_lr()`.", UserWarning)
INFO:root:Epoch: 0045 lr: 0.01 train_loss: 1.2581 train_acc: 0.3781 train_f1: 0.3781 time: 0.2850s
INFO:root:Epoch: 0045 val_loss: 1.2363 val_acc: 0.4179 val_f1: 0.4179
/workspace/anaconda3/envs/geo/lib/python3.7/site-packages/torch/optim/lr_scheduler.py:370: UserWarning: To get the last learning rate computed by the scheduler, please use `get_last_lr()`.
  "please use `get_last_lr()`.", UserWarning)
INFO:root:Epoch: 0050 lr: 0.01 train_loss: 1.2488 train_acc: 0.3600 train_f1: 0.3600 time: 0.3423s
INFO:root:Epoch: 0050 val_loss: 1.2294 val_acc: 0.4313 val_f1: 0.4313
/workspace/anaconda3/envs/geo/lib/python3.7/site-packages/torch/optim/lr_scheduler.py:370: UserWarning: To get the last learning rate computed by the scheduler, please use `get_last_lr()`.
  "please use `get_last_lr()`.", UserWarning)
INFO:root:Epoch: 0055 lr: 0.01 train_loss: 1.2322 train_acc: 0.3864 train_f1: 0.3864 time: 0.3063s
INFO:root:Epoch: 0055 val_loss: 1.2194 val_acc: 0.4313 val_f1: 0.4313
/workspace/anaconda3/envs/geo/lib/python3.7/site-packages/torch/optim/lr_scheduler.py:370: UserWarning: To get the last learning rate computed by the scheduler, please use `get_last_lr()`.
  "please use `get_last_lr()`.", UserWarning)
INFO:root:Epoch: 0060 lr: 0.01 train_loss: 1.2537 train_acc: 0.3751 train_f1: 0.3751 time: 0.3038s
INFO:root:Epoch: 0060 val_loss: 1.2075 val_acc: 0.4370 val_f1: 0.4370
/workspace/anaconda3/envs/geo/lib/python3.7/site-packages/torch/optim/lr_scheduler.py:370: UserWarning: To get the last learning rate computed by the scheduler, please use `get_last_lr()`.
  "please use `get_last_lr()`.", UserWarning)
INFO:root:Epoch: 0065 lr: 0.01 train_loss: 1.2291 train_acc: 0.3879 train_f1: 0.3879 time: 0.3058s
INFO:root:Epoch: 0065 val_loss: 1.1974 val_acc: 0.4427 val_f1: 0.4427
/workspace/anaconda3/envs/geo/lib/python3.7/site-packages/torch/optim/lr_scheduler.py:370: UserWarning: To get the last learning rate computed by the scheduler, please use `get_last_lr()`.
  "please use `get_last_lr()`.", UserWarning)
INFO:root:Epoch: 0070 lr: 0.01 train_loss: 1.2413 train_acc: 0.3558 train_f1: 0.3558 time: 0.3046s
INFO:root:Epoch: 0070 val_loss: 1.1845 val_acc: 0.4389 val_f1: 0.4389
/workspace/anaconda3/envs/geo/lib/python3.7/site-packages/torch/optim/lr_scheduler.py:370: UserWarning: To get the last learning rate computed by the scheduler, please use `get_last_lr()`.
  "please use `get_last_lr()`.", UserWarning)
INFO:root:Epoch: 0075 lr: 0.01 train_loss: 1.2346 train_acc: 0.3597 train_f1: 0.3597 time: 0.3026s
INFO:root:Epoch: 0075 val_loss: 1.1765 val_acc: 0.4370 val_f1: 0.4370
/workspace/anaconda3/envs/geo/lib/python3.7/site-packages/torch/optim/lr_scheduler.py:370: UserWarning: To get the last learning rate computed by the scheduler, please use `get_last_lr()`.
  "please use `get_last_lr()`.", UserWarning)
INFO:root:Epoch: 0080 lr: 0.01 train_loss: 1.2189 train_acc: 0.4061 train_f1: 0.4061 time: 0.2871s
INFO:root:Epoch: 0080 val_loss: 1.1737 val_acc: 0.4714 val_f1: 0.4714
/workspace/anaconda3/envs/geo/lib/python3.7/site-packages/torch/optim/lr_scheduler.py:370: UserWarning: To get the last learning rate computed by the scheduler, please use `get_last_lr()`.
  "please use `get_last_lr()`.", UserWarning)
INFO:root:Epoch: 0085 lr: 0.01 train_loss: 1.2038 train_acc: 0.3870 train_f1: 0.3870 time: 0.3015s
INFO:root:Epoch: 0085 val_loss: 1.1611 val_acc: 0.4676 val_f1: 0.4676
/workspace/anaconda3/envs/geo/lib/python3.7/site-packages/torch/optim/lr_scheduler.py:370: UserWarning: To get the last learning rate computed by the scheduler, please use `get_last_lr()`.
  "please use `get_last_lr()`.", UserWarning)
INFO:root:Epoch: 0090 lr: 0.01 train_loss: 1.2489 train_acc: 0.3665 train_f1: 0.3665 time: 0.3006s
INFO:root:Epoch: 0090 val_loss: 1.1533 val_acc: 0.4809 val_f1: 0.4809
/workspace/anaconda3/envs/geo/lib/python3.7/site-packages/torch/optim/lr_scheduler.py:370: UserWarning: To get the last learning rate computed by the scheduler, please use `get_last_lr()`.
  "please use `get_last_lr()`.", UserWarning)
INFO:root:Epoch: 0095 lr: 0.01 train_loss: 1.2177 train_acc: 0.3879 train_f1: 0.3879 time: 0.3034s
INFO:root:Epoch: 0095 val_loss: 1.1459 val_acc: 0.4924 val_f1: 0.4924
/workspace/anaconda3/envs/geo/lib/python3.7/site-packages/torch/optim/lr_scheduler.py:370: UserWarning: To get the last learning rate computed by the scheduler, please use `get_last_lr()`.
  "please use `get_last_lr()`.", UserWarning)
INFO:root:Epoch: 0100 lr: 0.01 train_loss: 1.2002 train_acc: 0.4058 train_f1: 0.4058 time: 0.2864s
INFO:root:Epoch: 0100 val_loss: 1.1344 val_acc: 0.4943 val_f1: 0.4943
/workspace/anaconda3/envs/geo/lib/python3.7/site-packages/torch/optim/lr_scheduler.py:370: UserWarning: To get the last learning rate computed by the scheduler, please use `get_last_lr()`.
  "please use `get_last_lr()`.", UserWarning)
INFO:root:Epoch: 0105 lr: 0.01 train_loss: 1.1915 train_acc: 0.3971 train_f1: 0.3971 time: 0.3035s
INFO:root:Epoch: 0105 val_loss: 1.1251 val_acc: 0.4981 val_f1: 0.4981
/workspace/anaconda3/envs/geo/lib/python3.7/site-packages/torch/optim/lr_scheduler.py:370: UserWarning: To get the last learning rate computed by the scheduler, please use `get_last_lr()`.
  "please use `get_last_lr()`.", UserWarning)
INFO:root:Epoch: 0110 lr: 0.01 train_loss: 1.1914 train_acc: 0.3921 train_f1: 0.3921 time: 0.3054s
INFO:root:Epoch: 0110 val_loss: 1.1189 val_acc: 0.5038 val_f1: 0.5038
/workspace/anaconda3/envs/geo/lib/python3.7/site-packages/torch/optim/lr_scheduler.py:370: UserWarning: To get the last learning rate computed by the scheduler, please use `get_last_lr()`.
  "please use `get_last_lr()`.", UserWarning)
INFO:root:Epoch: 0115 lr: 0.01 train_loss: 1.2146 train_acc: 0.3689 train_f1: 0.3689 time: 0.3017s
INFO:root:Epoch: 0115 val_loss: 1.1106 val_acc: 0.5057 val_f1: 0.5057
/workspace/anaconda3/envs/geo/lib/python3.7/site-packages/torch/optim/lr_scheduler.py:370: UserWarning: To get the last learning rate computed by the scheduler, please use `get_last_lr()`.
  "please use `get_last_lr()`.", UserWarning)
INFO:root:Epoch: 0120 lr: 0.01 train_loss: 1.1835 train_acc: 0.4114 train_f1: 0.4114 time: 0.2850s
INFO:root:Epoch: 0120 val_loss: 1.1046 val_acc: 0.5573 val_f1: 0.5573
/workspace/anaconda3/envs/geo/lib/python3.7/site-packages/torch/optim/lr_scheduler.py:370: UserWarning: To get the last learning rate computed by the scheduler, please use `get_last_lr()`.
  "please use `get_last_lr()`.", UserWarning)
INFO:root:Epoch: 0125 lr: 0.01 train_loss: 1.1940 train_acc: 0.3885 train_f1: 0.3885 time: 0.3027s
INFO:root:Epoch: 0125 val_loss: 1.1054 val_acc: 0.5592 val_f1: 0.5592
/workspace/anaconda3/envs/geo/lib/python3.7/site-packages/torch/optim/lr_scheduler.py:370: UserWarning: To get the last learning rate computed by the scheduler, please use `get_last_lr()`.
  "please use `get_last_lr()`.", UserWarning)
INFO:root:Epoch: 0130 lr: 0.01 train_loss: 1.2308 train_acc: 0.3749 train_f1: 0.3749 time: 0.2844s
INFO:root:Epoch: 0130 val_loss: 1.1055 val_acc: 0.5057 val_f1: 0.5057
/workspace/anaconda3/envs/geo/lib/python3.7/site-packages/torch/optim/lr_scheduler.py:370: UserWarning: To get the last learning rate computed by the scheduler, please use `get_last_lr()`.
  "please use `get_last_lr()`.", UserWarning)
INFO:root:Epoch: 0135 lr: 0.01 train_loss: 1.1961 train_acc: 0.4028 train_f1: 0.4028 time: 0.2852s
INFO:root:Epoch: 0135 val_loss: 1.0928 val_acc: 0.5191 val_f1: 0.5191
/workspace/anaconda3/envs/geo/lib/python3.7/site-packages/torch/optim/lr_scheduler.py:370: UserWarning: To get the last learning rate computed by the scheduler, please use `get_last_lr()`.
  "please use `get_last_lr()`.", UserWarning)
INFO:root:Epoch: 0140 lr: 0.01 train_loss: 1.1846 train_acc: 0.4007 train_f1: 0.4007 time: 0.3008s
INFO:root:Epoch: 0140 val_loss: 1.0926 val_acc: 0.5744 val_f1: 0.5744
/workspace/anaconda3/envs/geo/lib/python3.7/site-packages/torch/optim/lr_scheduler.py:370: UserWarning: To get the last learning rate computed by the scheduler, please use `get_last_lr()`.
  "please use `get_last_lr()`.", UserWarning)
INFO:root:Epoch: 0145 lr: 0.01 train_loss: 1.2281 train_acc: 0.3957 train_f1: 0.3957 time: 0.2834s
INFO:root:Epoch: 0145 val_loss: 1.1101 val_acc: 0.5725 val_f1: 0.5725
/workspace/anaconda3/envs/geo/lib/python3.7/site-packages/torch/optim/lr_scheduler.py:370: UserWarning: To get the last learning rate computed by the scheduler, please use `get_last_lr()`.
  "please use `get_last_lr()`.", UserWarning)
INFO:root:Epoch: 0150 lr: 0.01 train_loss: 1.1556 train_acc: 0.4177 train_f1: 0.4177 time: 0.2819s
INFO:root:Epoch: 0150 val_loss: 1.0961 val_acc: 0.5782 val_f1: 0.5782
/workspace/anaconda3/envs/geo/lib/python3.7/site-packages/torch/optim/lr_scheduler.py:370: UserWarning: To get the last learning rate computed by the scheduler, please use `get_last_lr()`.
  "please use `get_last_lr()`.", UserWarning)
INFO:root:Epoch: 0155 lr: 0.01 train_loss: 1.1926 train_acc: 0.3954 train_f1: 0.3954 time: 0.3008s
INFO:root:Epoch: 0155 val_loss: 1.0802 val_acc: 0.5782 val_f1: 0.5782
/workspace/anaconda3/envs/geo/lib/python3.7/site-packages/torch/optim/lr_scheduler.py:370: UserWarning: To get the last learning rate computed by the scheduler, please use `get_last_lr()`.
  "please use `get_last_lr()`.", UserWarning)
INFO:root:Epoch: 0160 lr: 0.01 train_loss: 1.1633 train_acc: 0.4117 train_f1: 0.4117 time: 0.3130s
INFO:root:Epoch: 0160 val_loss: 1.0778 val_acc: 0.5763 val_f1: 0.5763
/workspace/anaconda3/envs/geo/lib/python3.7/site-packages/torch/optim/lr_scheduler.py:370: UserWarning: To get the last learning rate computed by the scheduler, please use `get_last_lr()`.
  "please use `get_last_lr()`.", UserWarning)
INFO:root:Epoch: 0165 lr: 0.01 train_loss: 1.1537 train_acc: 0.4096 train_f1: 0.4096 time: 0.2825s
INFO:root:Epoch: 0165 val_loss: 1.0755 val_acc: 0.5802 val_f1: 0.5802
/workspace/anaconda3/envs/geo/lib/python3.7/site-packages/torch/optim/lr_scheduler.py:370: UserWarning: To get the last learning rate computed by the scheduler, please use `get_last_lr()`.
  "please use `get_last_lr()`.", UserWarning)
INFO:root:Epoch: 0170 lr: 0.01 train_loss: 1.1606 train_acc: 0.4159 train_f1: 0.4159 time: 0.2831s
INFO:root:Epoch: 0170 val_loss: 1.0772 val_acc: 0.5725 val_f1: 0.5725
/workspace/anaconda3/envs/geo/lib/python3.7/site-packages/torch/optim/lr_scheduler.py:370: UserWarning: To get the last learning rate computed by the scheduler, please use `get_last_lr()`.
  "please use `get_last_lr()`.", UserWarning)
INFO:root:Epoch: 0175 lr: 0.01 train_loss: 1.1642 train_acc: 0.4183 train_f1: 0.4183 time: 0.2848s
INFO:root:Epoch: 0175 val_loss: 1.0780 val_acc: 0.5706 val_f1: 0.5706
/workspace/anaconda3/envs/geo/lib/python3.7/site-packages/torch/optim/lr_scheduler.py:370: UserWarning: To get the last learning rate computed by the scheduler, please use `get_last_lr()`.
  "please use `get_last_lr()`.", UserWarning)
INFO:root:Epoch: 0180 lr: 0.01 train_loss: 1.1772 train_acc: 0.4144 train_f1: 0.4144 time: 0.2849s
INFO:root:Epoch: 0180 val_loss: 1.0710 val_acc: 0.5802 val_f1: 0.5802
/workspace/anaconda3/envs/geo/lib/python3.7/site-packages/torch/optim/lr_scheduler.py:370: UserWarning: To get the last learning rate computed by the scheduler, please use `get_last_lr()`.
  "please use `get_last_lr()`.", UserWarning)
INFO:root:Epoch: 0185 lr: 0.01 train_loss: 1.1787 train_acc: 0.4049 train_f1: 0.4049 time: 0.2858s
INFO:root:Epoch: 0185 val_loss: 1.0737 val_acc: 0.5763 val_f1: 0.5763
/workspace/anaconda3/envs/geo/lib/python3.7/site-packages/torch/optim/lr_scheduler.py:370: UserWarning: To get the last learning rate computed by the scheduler, please use `get_last_lr()`.
  "please use `get_last_lr()`.", UserWarning)
INFO:root:Epoch: 0190 lr: 0.01 train_loss: 1.1533 train_acc: 0.4171 train_f1: 0.4171 time: 0.2827s
INFO:root:Epoch: 0190 val_loss: 1.0665 val_acc: 0.5573 val_f1: 0.5573
/workspace/anaconda3/envs/geo/lib/python3.7/site-packages/torch/optim/lr_scheduler.py:370: UserWarning: To get the last learning rate computed by the scheduler, please use `get_last_lr()`.
  "please use `get_last_lr()`.", UserWarning)
INFO:root:Epoch: 0195 lr: 0.01 train_loss: 1.1907 train_acc: 0.3737 train_f1: 0.3737 time: 0.2869s
INFO:root:Epoch: 0195 val_loss: 1.0462 val_acc: 0.5897 val_f1: 0.5897
/workspace/anaconda3/envs/geo/lib/python3.7/site-packages/torch/optim/lr_scheduler.py:370: UserWarning: To get the last learning rate computed by the scheduler, please use `get_last_lr()`.
  "please use `get_last_lr()`.", UserWarning)
INFO:root:Epoch: 0200 lr: 0.01 train_loss: 1.1490 train_acc: 0.4257 train_f1: 0.4257 time: 0.2842s
INFO:root:Epoch: 0200 val_loss: 1.0455 val_acc: 0.5744 val_f1: 0.5744
/workspace/anaconda3/envs/geo/lib/python3.7/site-packages/torch/optim/lr_scheduler.py:370: UserWarning: To get the last learning rate computed by the scheduler, please use `get_last_lr()`.
  "please use `get_last_lr()`.", UserWarning)
INFO:root:Epoch: 0205 lr: 0.01 train_loss: 1.1473 train_acc: 0.4278 train_f1: 0.4278 time: 0.2878s
INFO:root:Epoch: 0205 val_loss: 1.0487 val_acc: 0.5763 val_f1: 0.5763
/workspace/anaconda3/envs/geo/lib/python3.7/site-packages/torch/optim/lr_scheduler.py:370: UserWarning: To get the last learning rate computed by the scheduler, please use `get_last_lr()`.
  "please use `get_last_lr()`.", UserWarning)
INFO:root:Epoch: 0210 lr: 0.01 train_loss: 1.1758 train_acc: 0.3903 train_f1: 0.3903 time: 0.2852s
INFO:root:Epoch: 0210 val_loss: 1.0563 val_acc: 0.5668 val_f1: 0.5668
/workspace/anaconda3/envs/geo/lib/python3.7/site-packages/torch/optim/lr_scheduler.py:370: UserWarning: To get the last learning rate computed by the scheduler, please use `get_last_lr()`.
  "please use `get_last_lr()`.", UserWarning)
INFO:root:Epoch: 0215 lr: 0.01 train_loss: 1.1464 train_acc: 0.4334 train_f1: 0.4334 time: 0.2839s
INFO:root:Epoch: 0215 val_loss: 1.0344 val_acc: 0.5706 val_f1: 0.5706
/workspace/anaconda3/envs/geo/lib/python3.7/site-packages/torch/optim/lr_scheduler.py:370: UserWarning: To get the last learning rate computed by the scheduler, please use `get_last_lr()`.
  "please use `get_last_lr()`.", UserWarning)
INFO:root:Epoch: 0220 lr: 0.01 train_loss: 1.1466 train_acc: 0.4183 train_f1: 0.4183 time: 0.2851s
INFO:root:Epoch: 0220 val_loss: 1.0333 val_acc: 0.5725 val_f1: 0.5725
/workspace/anaconda3/envs/geo/lib/python3.7/site-packages/torch/optim/lr_scheduler.py:370: UserWarning: To get the last learning rate computed by the scheduler, please use `get_last_lr()`.
  "please use `get_last_lr()`.", UserWarning)
INFO:root:Epoch: 0225 lr: 0.01 train_loss: 1.1733 train_acc: 0.4180 train_f1: 0.4180 time: 0.2874s
INFO:root:Epoch: 0225 val_loss: 1.0356 val_acc: 0.5763 val_f1: 0.5763
/workspace/anaconda3/envs/geo/lib/python3.7/site-packages/torch/optim/lr_scheduler.py:370: UserWarning: To get the last learning rate computed by the scheduler, please use `get_last_lr()`.
  "please use `get_last_lr()`.", UserWarning)
INFO:root:Epoch: 0230 lr: 0.01 train_loss: 1.1487 train_acc: 0.4284 train_f1: 0.4284 time: 0.2852s
INFO:root:Epoch: 0230 val_loss: 1.0534 val_acc: 0.5496 val_f1: 0.5496
/workspace/anaconda3/envs/geo/lib/python3.7/site-packages/torch/optim/lr_scheduler.py:370: UserWarning: To get the last learning rate computed by the scheduler, please use `get_last_lr()`.
  "please use `get_last_lr()`.", UserWarning)
INFO:root:Epoch: 0235 lr: 0.01 train_loss: 1.1244 train_acc: 0.4319 train_f1: 0.4319 time: 0.2829s
INFO:root:Epoch: 0235 val_loss: 1.0389 val_acc: 0.5725 val_f1: 0.5725
/workspace/anaconda3/envs/geo/lib/python3.7/site-packages/torch/optim/lr_scheduler.py:370: UserWarning: To get the last learning rate computed by the scheduler, please use `get_last_lr()`.
  "please use `get_last_lr()`.", UserWarning)
INFO:root:Epoch: 0240 lr: 0.01 train_loss: 1.1562 train_acc: 0.4108 train_f1: 0.4108 time: 0.2866s
INFO:root:Epoch: 0240 val_loss: 1.0302 val_acc: 0.5706 val_f1: 0.5706
/workspace/anaconda3/envs/geo/lib/python3.7/site-packages/torch/optim/lr_scheduler.py:370: UserWarning: To get the last learning rate computed by the scheduler, please use `get_last_lr()`.
  "please use `get_last_lr()`.", UserWarning)
INFO:root:Epoch: 0245 lr: 0.01 train_loss: 1.1663 train_acc: 0.4236 train_f1: 0.4236 time: 0.2834s
INFO:root:Epoch: 0245 val_loss: 1.0443 val_acc: 0.5534 val_f1: 0.5534
/workspace/anaconda3/envs/geo/lib/python3.7/site-packages/torch/optim/lr_scheduler.py:370: UserWarning: To get the last learning rate computed by the scheduler, please use `get_last_lr()`.
  "please use `get_last_lr()`.", UserWarning)
INFO:root:Epoch: 0250 lr: 0.01 train_loss: 1.1647 train_acc: 0.4251 train_f1: 0.4251 time: 0.2874s
INFO:root:Epoch: 0250 val_loss: 1.0507 val_acc: 0.5553 val_f1: 0.5553
/workspace/anaconda3/envs/geo/lib/python3.7/site-packages/torch/optim/lr_scheduler.py:370: UserWarning: To get the last learning rate computed by the scheduler, please use `get_last_lr()`.
  "please use `get_last_lr()`.", UserWarning)
INFO:root:Epoch: 0255 lr: 0.01 train_loss: 1.1425 train_acc: 0.4230 train_f1: 0.4230 time: 0.2853s
INFO:root:Epoch: 0255 val_loss: 1.0359 val_acc: 0.5611 val_f1: 0.5611
/workspace/anaconda3/envs/geo/lib/python3.7/site-packages/torch/optim/lr_scheduler.py:370: UserWarning: To get the last learning rate computed by the scheduler, please use `get_last_lr()`.
  "please use `get_last_lr()`.", UserWarning)
INFO:root:Epoch: 0260 lr: 0.01 train_loss: 1.1609 train_acc: 0.4117 train_f1: 0.4117 time: 0.2867s
INFO:root:Epoch: 0260 val_loss: 1.0452 val_acc: 0.5420 val_f1: 0.5420
/workspace/anaconda3/envs/geo/lib/python3.7/site-packages/torch/optim/lr_scheduler.py:370: UserWarning: To get the last learning rate computed by the scheduler, please use `get_last_lr()`.
  "please use `get_last_lr()`.", UserWarning)
INFO:root:Epoch: 0265 lr: 0.01 train_loss: 1.1178 train_acc: 0.4477 train_f1: 0.4477 time: 0.2840s
INFO:root:Epoch: 0265 val_loss: 1.0261 val_acc: 0.5668 val_f1: 0.5668
/workspace/anaconda3/envs/geo/lib/python3.7/site-packages/torch/optim/lr_scheduler.py:370: UserWarning: To get the last learning rate computed by the scheduler, please use `get_last_lr()`.
  "please use `get_last_lr()`.", UserWarning)
INFO:root:Epoch: 0270 lr: 0.01 train_loss: 1.2761 train_acc: 0.3433 train_f1: 0.3433 time: 0.2858s
INFO:root:Epoch: 0270 val_loss: 1.0259 val_acc: 0.5706 val_f1: 0.5706
/workspace/anaconda3/envs/geo/lib/python3.7/site-packages/torch/optim/lr_scheduler.py:370: UserWarning: To get the last learning rate computed by the scheduler, please use `get_last_lr()`.
  "please use `get_last_lr()`.", UserWarning)
INFO:root:Epoch: 0275 lr: 0.01 train_loss: 1.1424 train_acc: 0.4275 train_f1: 0.4275 time: 0.2876s
INFO:root:Epoch: 0275 val_loss: 1.0325 val_acc: 0.5592 val_f1: 0.5592
/workspace/anaconda3/envs/geo/lib/python3.7/site-packages/torch/optim/lr_scheduler.py:370: UserWarning: To get the last learning rate computed by the scheduler, please use `get_last_lr()`.
  "please use `get_last_lr()`.", UserWarning)
INFO:root:Epoch: 0280 lr: 0.01 train_loss: 1.1351 train_acc: 0.4307 train_f1: 0.4307 time: 0.2833s
INFO:root:Epoch: 0280 val_loss: 1.0359 val_acc: 0.5573 val_f1: 0.5573
/workspace/anaconda3/envs/geo/lib/python3.7/site-packages/torch/optim/lr_scheduler.py:370: UserWarning: To get the last learning rate computed by the scheduler, please use `get_last_lr()`.
  "please use `get_last_lr()`.", UserWarning)
INFO:root:Epoch: 0285 lr: 0.01 train_loss: 1.1672 train_acc: 0.4147 train_f1: 0.4147 time: 0.2829s
INFO:root:Epoch: 0285 val_loss: 1.0372 val_acc: 0.5439 val_f1: 0.5439
/workspace/anaconda3/envs/geo/lib/python3.7/site-packages/torch/optim/lr_scheduler.py:370: UserWarning: To get the last learning rate computed by the scheduler, please use `get_last_lr()`.
  "please use `get_last_lr()`.", UserWarning)
INFO:root:Epoch: 0290 lr: 0.01 train_loss: 1.1285 train_acc: 0.4474 train_f1: 0.4474 time: 0.2864s
INFO:root:Epoch: 0290 val_loss: 1.0276 val_acc: 0.5649 val_f1: 0.5649
/workspace/anaconda3/envs/geo/lib/python3.7/site-packages/torch/optim/lr_scheduler.py:370: UserWarning: To get the last learning rate computed by the scheduler, please use `get_last_lr()`.
  "please use `get_last_lr()`.", UserWarning)
INFO:root:Epoch: 0295 lr: 0.01 train_loss: 1.1316 train_acc: 0.4340 train_f1: 0.4340 time: 0.2850s
INFO:root:Epoch: 0295 val_loss: 1.0222 val_acc: 0.5611 val_f1: 0.5611
INFO:root:Early stopping
INFO:root:Optimization Finished!
INFO:root:Total time elapsed: 140.0135s
INFO:root:Val set results: val_loss: 1.0462 val_acc: 0.5897 val_f1: 0.5897
INFO:root:Test set results: test_loss: 0.9802 test_acc: 0.6221 test_f1: 0.6221
INFO:root:Saved model in /workspace/xiongbo/hgcn/logs/nc/2021_5_25/3
