INFO:root:Using: cuda:0
INFO:root:Using seed 1234.
INFO:root:Num classes: 6
INFO:root:NCModel(
  (encoder): HGCN(
    (layers): Sequential(
      (0): HyperbolicGraphConvolution(
        (linear): HypLinear(
          in_features=3704, out_features=16, c=Parameter containing:
          tensor([-1.], requires_grad=True)
        )
        (agg): HypAgg(
          c=Parameter containing:
          tensor([-1.], requires_grad=True)
        )
        (hyp_act): HypAct(
          c_in=Parameter containing:
          tensor([-1.], requires_grad=True), c_out=Parameter containing:
          tensor([-1.], requires_grad=True)
        )
      )
    )
  )
  (decoder): LinearDecoder(
    in_features=16, out_features=6, bias=1, c=Parameter containing:
    tensor([-1.], requires_grad=True)
    (cls): Linear(
      (linear): Linear(in_features=16, out_features=6, bias=True)
    )
  )
)
INFO:root:Total number of parameters: 59384
/workspace/anaconda3/envs/geo/lib/python3.7/site-packages/torch/optim/lr_scheduler.py:370: UserWarning: To get the last learning rate computed by the scheduler, please use `get_last_lr()`.
  "please use `get_last_lr()`.", UserWarning)
INFO:root:Epoch: 0005 lr: 0.01 train_loss: 1.5569 train_acc: 0.4917 train_f1: 0.4917 time: 0.5547s
INFO:root:Epoch: 0005 val_loss: 1.6659 val_acc: 0.4120 val_f1: 0.4120
INFO:root:Epoch: 0010 lr: 0.01 train_loss: 1.3517 train_acc: 0.5833 train_f1: 0.5833 time: 0.5053s
INFO:root:Epoch: 0010 val_loss: 1.5944 val_acc: 0.5140 val_f1: 0.5140
INFO:root:Epoch: 0015 lr: 0.01 train_loss: 1.2633 train_acc: 0.5417 train_f1: 0.5417 time: 0.5399s
INFO:root:Epoch: 0015 val_loss: 1.5299 val_acc: 0.5440 val_f1: 0.5440
INFO:root:Epoch: 0020 lr: 0.01 train_loss: 1.1597 train_acc: 0.5750 train_f1: 0.5750 time: 0.4902s
INFO:root:Epoch: 0020 val_loss: 1.4560 val_acc: 0.5680 val_f1: 0.5680
INFO:root:Epoch: 0025 lr: 0.01 train_loss: 1.0443 train_acc: 0.5750 train_f1: 0.5750 time: 0.4996s
INFO:root:Epoch: 0025 val_loss: 1.4099 val_acc: 0.5600 val_f1: 0.5600
INFO:root:Epoch: 0030 lr: 0.01 train_loss: 0.9536 train_acc: 0.6250 train_f1: 0.6250 time: 0.5036s
INFO:root:Epoch: 0030 val_loss: 1.3609 val_acc: 0.5700 val_f1: 0.5700
INFO:root:Epoch: 0035 lr: 0.01 train_loss: 0.9266 train_acc: 0.6333 train_f1: 0.6333 time: 0.5039s
INFO:root:Epoch: 0035 val_loss: 1.3402 val_acc: 0.5720 val_f1: 0.5720
INFO:root:Epoch: 0040 lr: 0.01 train_loss: 0.8306 train_acc: 0.6583 train_f1: 0.6583 time: 0.4920s
INFO:root:Epoch: 0040 val_loss: 1.3219 val_acc: 0.5680 val_f1: 0.5680
INFO:root:Epoch: 0045 lr: 0.01 train_loss: 0.8769 train_acc: 0.6000 train_f1: 0.6000 time: 0.5161s
INFO:root:Epoch: 0045 val_loss: 1.2657 val_acc: 0.5920 val_f1: 0.5920
INFO:root:Epoch: 0050 lr: 0.01 train_loss: 0.9027 train_acc: 0.5917 train_f1: 0.5917 time: 0.4855s
INFO:root:Epoch: 0050 val_loss: 1.2403 val_acc: 0.6040 val_f1: 0.6040
INFO:root:Epoch: 0055 lr: 0.01 train_loss: 0.7918 train_acc: 0.6333 train_f1: 0.6333 time: 0.5036s
INFO:root:Epoch: 0055 val_loss: 1.2423 val_acc: 0.5860 val_f1: 0.5860
INFO:root:Epoch: 0060 lr: 0.01 train_loss: 0.7806 train_acc: 0.6583 train_f1: 0.6583 time: 0.4885s
INFO:root:Epoch: 0060 val_loss: 1.2272 val_acc: 0.5760 val_f1: 0.5760
INFO:root:Epoch: 0065 lr: 0.01 train_loss: 0.7433 train_acc: 0.6667 train_f1: 0.6667 time: 0.5018s
INFO:root:Epoch: 0065 val_loss: 1.2082 val_acc: 0.5880 val_f1: 0.5880
INFO:root:Epoch: 0070 lr: 0.01 train_loss: 0.6556 train_acc: 0.6500 train_f1: 0.6500 time: 0.5034s
INFO:root:Epoch: 0070 val_loss: 1.2125 val_acc: 0.5940 val_f1: 0.5940
INFO:root:Epoch: 0075 lr: 0.01 train_loss: 0.6424 train_acc: 0.6250 train_f1: 0.6250 time: 0.4980s
INFO:root:Epoch: 0075 val_loss: 1.2142 val_acc: 0.5860 val_f1: 0.5860
INFO:root:Epoch: 0080 lr: 0.01 train_loss: 0.5887 train_acc: 0.6917 train_f1: 0.6917 time: 0.4892s
INFO:root:Epoch: 0080 val_loss: 1.2178 val_acc: 0.5940 val_f1: 0.5940
INFO:root:Epoch: 0085 lr: 0.01 train_loss: 0.5890 train_acc: 0.6667 train_f1: 0.6667 time: 0.5084s
INFO:root:Epoch: 0085 val_loss: 1.2699 val_acc: 0.5820 val_f1: 0.5820
INFO:root:Epoch: 0090 lr: 0.01 train_loss: 0.6018 train_acc: 0.7167 train_f1: 0.7167 time: 0.5059s
INFO:root:Epoch: 0090 val_loss: 1.2194 val_acc: 0.5800 val_f1: 0.5800
INFO:root:Epoch: 0095 lr: 0.01 train_loss: 0.4926 train_acc: 0.7250 train_f1: 0.7250 time: 0.5072s
INFO:root:Epoch: 0095 val_loss: 1.2429 val_acc: 0.5780 val_f1: 0.5780
INFO:root:Epoch: 0100 lr: 0.01 train_loss: 0.6119 train_acc: 0.7333 train_f1: 0.7333 time: 0.4916s
INFO:root:Epoch: 0100 val_loss: 1.2292 val_acc: 0.5840 val_f1: 0.5840
INFO:root:Epoch: 0105 lr: 0.01 train_loss: 0.7084 train_acc: 0.6333 train_f1: 0.6333 time: 0.4927s
INFO:root:Epoch: 0105 val_loss: 1.2084 val_acc: 0.6040 val_f1: 0.6040
INFO:root:Epoch: 0110 lr: 0.01 train_loss: 0.6826 train_acc: 0.6333 train_f1: 0.6333 time: 0.5029s
INFO:root:Epoch: 0110 val_loss: 1.1999 val_acc: 0.5940 val_f1: 0.5940
INFO:root:Epoch: 0115 lr: 0.01 train_loss: 0.5522 train_acc: 0.7083 train_f1: 0.7083 time: 0.5105s
INFO:root:Epoch: 0115 val_loss: 1.2024 val_acc: 0.5980 val_f1: 0.5980
INFO:root:Epoch: 0120 lr: 0.01 train_loss: 0.6131 train_acc: 0.6583 train_f1: 0.6583 time: 0.4956s
INFO:root:Epoch: 0120 val_loss: 1.2491 val_acc: 0.5940 val_f1: 0.5940
INFO:root:Epoch: 0125 lr: 0.01 train_loss: 0.7026 train_acc: 0.6500 train_f1: 0.6500 time: 0.5490s
INFO:root:Epoch: 0125 val_loss: 1.2150 val_acc: 0.5860 val_f1: 0.5860
INFO:root:Epoch: 0130 lr: 0.01 train_loss: 0.6645 train_acc: 0.6500 train_f1: 0.6500 time: 0.5101s
INFO:root:Epoch: 0130 val_loss: 1.2427 val_acc: 0.5840 val_f1: 0.5840
INFO:root:Epoch: 0135 lr: 0.01 train_loss: 0.6234 train_acc: 0.6417 train_f1: 0.6417 time: 0.5045s
INFO:root:Epoch: 0135 val_loss: 1.2882 val_acc: 0.5840 val_f1: 0.5840
INFO:root:Epoch: 0140 lr: 0.01 train_loss: 0.5471 train_acc: 0.7000 train_f1: 0.7000 time: 0.4944s
INFO:root:Epoch: 0140 val_loss: 1.2401 val_acc: 0.5800 val_f1: 0.5800
INFO:root:Epoch: 0145 lr: 0.01 train_loss: 0.5400 train_acc: 0.7250 train_f1: 0.7250 time: 0.5044s
INFO:root:Epoch: 0145 val_loss: 1.2357 val_acc: 0.5700 val_f1: 0.5700
INFO:root:Epoch: 0150 lr: 0.01 train_loss: 0.6363 train_acc: 0.6417 train_f1: 0.6417 time: 0.5046s
INFO:root:Epoch: 0150 val_loss: 1.2698 val_acc: 0.5740 val_f1: 0.5740
INFO:root:Epoch: 0155 lr: 0.01 train_loss: 0.6173 train_acc: 0.6583 train_f1: 0.6583 time: 0.5058s
INFO:root:Epoch: 0155 val_loss: 1.2438 val_acc: 0.5920 val_f1: 0.5920
INFO:root:Epoch: 0160 lr: 0.01 train_loss: 0.6872 train_acc: 0.6167 train_f1: 0.6167 time: 0.4954s
INFO:root:Epoch: 0160 val_loss: 1.2576 val_acc: 0.5720 val_f1: 0.5720
INFO:root:Epoch: 0165 lr: 0.01 train_loss: 0.6060 train_acc: 0.6417 train_f1: 0.6417 time: 0.5026s
INFO:root:Epoch: 0165 val_loss: 1.2340 val_acc: 0.5780 val_f1: 0.5780
INFO:root:Epoch: 0170 lr: 0.01 train_loss: 0.5800 train_acc: 0.6917 train_f1: 0.6917 time: 0.5052s
INFO:root:Epoch: 0170 val_loss: 1.2647 val_acc: 0.5760 val_f1: 0.5760
INFO:root:Epoch: 0175 lr: 0.01 train_loss: 0.6390 train_acc: 0.6667 train_f1: 0.6667 time: 0.5002s
INFO:root:Epoch: 0175 val_loss: 1.3008 val_acc: 0.5640 val_f1: 0.5640
INFO:root:Epoch: 0180 lr: 0.01 train_loss: 0.7362 train_acc: 0.6000 train_f1: 0.6000 time: 0.4913s
INFO:root:Epoch: 0180 val_loss: 1.2746 val_acc: 0.5680 val_f1: 0.5680
INFO:root:Epoch: 0185 lr: 0.01 train_loss: 0.5381 train_acc: 0.7000 train_f1: 0.7000 time: 0.5032s
INFO:root:Epoch: 0185 val_loss: 1.3017 val_acc: 0.5740 val_f1: 0.5740
INFO:root:Epoch: 0190 lr: 0.01 train_loss: 0.6188 train_acc: 0.6250 train_f1: 0.6250 time: 0.5014s
INFO:root:Epoch: 0190 val_loss: 1.2946 val_acc: 0.5720 val_f1: 0.5720
INFO:root:Epoch: 0195 lr: 0.01 train_loss: 0.5812 train_acc: 0.7167 train_f1: 0.7167 time: 0.5040s
INFO:root:Epoch: 0195 val_loss: 1.3116 val_acc: 0.5600 val_f1: 0.5600
INFO:root:Epoch: 0200 lr: 0.01 train_loss: 0.6731 train_acc: 0.6583 train_f1: 0.6583 time: 0.4925s
INFO:root:Epoch: 0200 val_loss: 1.2147 val_acc: 0.5900 val_f1: 0.5900
INFO:root:Epoch: 0205 lr: 0.01 train_loss: 0.6083 train_acc: 0.6417 train_f1: 0.6417 time: 0.5080s
INFO:root:Epoch: 0205 val_loss: 1.2693 val_acc: 0.5800 val_f1: 0.5800
INFO:root:Early stopping
INFO:root:Optimization Finished!
INFO:root:Total time elapsed: 164.8165s
INFO:root:Val set results: val_loss: 1.2052 val_acc: 0.6060 val_f1: 0.6060
INFO:root:Test set results: test_loss: 1.1781 test_acc: 0.5930 test_f1: 0.5930
INFO:root:Saved model in /workspace/xiongbo/hgcn/logs/nc/2021_5_3/8
