INFO:root:Using: cuda:0
INFO:root:Using seed 1234.
INFO:root:Num classes: 6
INFO:root:NCModel(
  (encoder): HNN(
    (layers): Sequential(
      (0): HNNLayer(
        (linear): HypLinear(
          in_features=3704, out_features=16, c=Parameter containing:
          tensor([-1.], requires_grad=True)
        )
        (hyp_act): HypAct(
          c_in=Parameter containing:
          tensor([-1.], requires_grad=True), c_out=Parameter containing:
          tensor([-1.], requires_grad=True)
        )
      )
    )
  )
  (decoder): LinearDecoder(
    in_features=16, out_features=6, bias=1, c=Parameter containing:
    tensor([-1.], requires_grad=True)
    (cls): Linear(
      (linear): Linear(in_features=16, out_features=6, bias=True)
    )
  )
)
INFO:root:Total number of parameters: 59383
/workspace/anaconda3/envs/geo/lib/python3.7/site-packages/torch/optim/lr_scheduler.py:370: UserWarning: To get the last learning rate computed by the scheduler, please use `get_last_lr()`.
  "please use `get_last_lr()`.", UserWarning)
INFO:root:Epoch: 0005 lr: 0.01 train_loss: 1.6616 train_acc: 0.3917 train_f1: 0.3917 time: 0.3182s
INFO:root:Epoch: 0005 val_loss: 1.7519 val_acc: 0.2740 val_f1: 0.2740
/workspace/anaconda3/envs/geo/lib/python3.7/site-packages/torch/optim/lr_scheduler.py:370: UserWarning: To get the last learning rate computed by the scheduler, please use `get_last_lr()`.
  "please use `get_last_lr()`.", UserWarning)
INFO:root:Epoch: 0010 lr: 0.01 train_loss: 1.4634 train_acc: 0.6167 train_f1: 0.6167 time: 0.3159s
INFO:root:Epoch: 0010 val_loss: 1.6896 val_acc: 0.3920 val_f1: 0.3920
/workspace/anaconda3/envs/geo/lib/python3.7/site-packages/torch/optim/lr_scheduler.py:370: UserWarning: To get the last learning rate computed by the scheduler, please use `get_last_lr()`.
  "please use `get_last_lr()`.", UserWarning)
INFO:root:Epoch: 0015 lr: 0.01 train_loss: 1.3462 train_acc: 0.6167 train_f1: 0.6167 time: 0.3243s
INFO:root:Epoch: 0015 val_loss: 1.6402 val_acc: 0.4380 val_f1: 0.4380
/workspace/anaconda3/envs/geo/lib/python3.7/site-packages/torch/optim/lr_scheduler.py:370: UserWarning: To get the last learning rate computed by the scheduler, please use `get_last_lr()`.
  "please use `get_last_lr()`.", UserWarning)
INFO:root:Epoch: 0020 lr: 0.01 train_loss: 1.2846 train_acc: 0.5833 train_f1: 0.5833 time: 0.3137s
INFO:root:Epoch: 0020 val_loss: 1.6093 val_acc: 0.4460 val_f1: 0.4460
/workspace/anaconda3/envs/geo/lib/python3.7/site-packages/torch/optim/lr_scheduler.py:370: UserWarning: To get the last learning rate computed by the scheduler, please use `get_last_lr()`.
  "please use `get_last_lr()`.", UserWarning)
INFO:root:Epoch: 0025 lr: 0.01 train_loss: 1.1418 train_acc: 0.6417 train_f1: 0.6417 time: 0.3168s
INFO:root:Epoch: 0025 val_loss: 1.5741 val_acc: 0.4600 val_f1: 0.4600
/workspace/anaconda3/envs/geo/lib/python3.7/site-packages/torch/optim/lr_scheduler.py:370: UserWarning: To get the last learning rate computed by the scheduler, please use `get_last_lr()`.
  "please use `get_last_lr()`.", UserWarning)
INFO:root:Epoch: 0030 lr: 0.01 train_loss: 1.1203 train_acc: 0.6167 train_f1: 0.6167 time: 0.3165s
INFO:root:Epoch: 0030 val_loss: 1.5370 val_acc: 0.4780 val_f1: 0.4780
/workspace/anaconda3/envs/geo/lib/python3.7/site-packages/torch/optim/lr_scheduler.py:370: UserWarning: To get the last learning rate computed by the scheduler, please use `get_last_lr()`.
  "please use `get_last_lr()`.", UserWarning)
INFO:root:Epoch: 0035 lr: 0.01 train_loss: 1.0051 train_acc: 0.6250 train_f1: 0.6250 time: 0.3135s
INFO:root:Epoch: 0035 val_loss: 1.5122 val_acc: 0.4640 val_f1: 0.4640
/workspace/anaconda3/envs/geo/lib/python3.7/site-packages/torch/optim/lr_scheduler.py:370: UserWarning: To get the last learning rate computed by the scheduler, please use `get_last_lr()`.
  "please use `get_last_lr()`.", UserWarning)
INFO:root:Epoch: 0040 lr: 0.01 train_loss: 0.9785 train_acc: 0.6500 train_f1: 0.6500 time: 0.3137s
INFO:root:Epoch: 0040 val_loss: 1.4908 val_acc: 0.4700 val_f1: 0.4700
/workspace/anaconda3/envs/geo/lib/python3.7/site-packages/torch/optim/lr_scheduler.py:370: UserWarning: To get the last learning rate computed by the scheduler, please use `get_last_lr()`.
  "please use `get_last_lr()`.", UserWarning)
INFO:root:Epoch: 0045 lr: 0.01 train_loss: 0.9088 train_acc: 0.6500 train_f1: 0.6500 time: 0.3187s
INFO:root:Epoch: 0045 val_loss: 1.4697 val_acc: 0.4660 val_f1: 0.4660
/workspace/anaconda3/envs/geo/lib/python3.7/site-packages/torch/optim/lr_scheduler.py:370: UserWarning: To get the last learning rate computed by the scheduler, please use `get_last_lr()`.
  "please use `get_last_lr()`.", UserWarning)
INFO:root:Epoch: 0050 lr: 0.01 train_loss: 0.8211 train_acc: 0.6750 train_f1: 0.6750 time: 0.3145s
INFO:root:Epoch: 0050 val_loss: 1.4528 val_acc: 0.4720 val_f1: 0.4720
/workspace/anaconda3/envs/geo/lib/python3.7/site-packages/torch/optim/lr_scheduler.py:370: UserWarning: To get the last learning rate computed by the scheduler, please use `get_last_lr()`.
  "please use `get_last_lr()`.", UserWarning)
INFO:root:Epoch: 0055 lr: 0.01 train_loss: 0.8125 train_acc: 0.7083 train_f1: 0.7083 time: 0.3149s
INFO:root:Epoch: 0055 val_loss: 1.4460 val_acc: 0.4660 val_f1: 0.4660
/workspace/anaconda3/envs/geo/lib/python3.7/site-packages/torch/optim/lr_scheduler.py:370: UserWarning: To get the last learning rate computed by the scheduler, please use `get_last_lr()`.
  "please use `get_last_lr()`.", UserWarning)
INFO:root:Epoch: 0060 lr: 0.01 train_loss: 0.8112 train_acc: 0.6583 train_f1: 0.6583 time: 0.3185s
INFO:root:Epoch: 0060 val_loss: 1.4306 val_acc: 0.4620 val_f1: 0.4620
/workspace/anaconda3/envs/geo/lib/python3.7/site-packages/torch/optim/lr_scheduler.py:370: UserWarning: To get the last learning rate computed by the scheduler, please use `get_last_lr()`.
  "please use `get_last_lr()`.", UserWarning)
INFO:root:Epoch: 0065 lr: 0.01 train_loss: 0.8403 train_acc: 0.6667 train_f1: 0.6667 time: 0.3151s
INFO:root:Epoch: 0065 val_loss: 1.4138 val_acc: 0.4680 val_f1: 0.4680
/workspace/anaconda3/envs/geo/lib/python3.7/site-packages/torch/optim/lr_scheduler.py:370: UserWarning: To get the last learning rate computed by the scheduler, please use `get_last_lr()`.
  "please use `get_last_lr()`.", UserWarning)
INFO:root:Epoch: 0070 lr: 0.01 train_loss: 0.9459 train_acc: 0.5750 train_f1: 0.5750 time: 0.3162s
INFO:root:Epoch: 0070 val_loss: 1.4038 val_acc: 0.4760 val_f1: 0.4760
/workspace/anaconda3/envs/geo/lib/python3.7/site-packages/torch/optim/lr_scheduler.py:370: UserWarning: To get the last learning rate computed by the scheduler, please use `get_last_lr()`.
  "please use `get_last_lr()`.", UserWarning)
INFO:root:Epoch: 0075 lr: 0.01 train_loss: 0.8942 train_acc: 0.6000 train_f1: 0.6000 time: 0.3169s
INFO:root:Epoch: 0075 val_loss: 1.4059 val_acc: 0.4740 val_f1: 0.4740
/workspace/anaconda3/envs/geo/lib/python3.7/site-packages/torch/optim/lr_scheduler.py:370: UserWarning: To get the last learning rate computed by the scheduler, please use `get_last_lr()`.
  "please use `get_last_lr()`.", UserWarning)
INFO:root:Epoch: 0080 lr: 0.01 train_loss: 0.8007 train_acc: 0.6333 train_f1: 0.6333 time: 0.3162s
INFO:root:Epoch: 0080 val_loss: 1.4013 val_acc: 0.4780 val_f1: 0.4780
/workspace/anaconda3/envs/geo/lib/python3.7/site-packages/torch/optim/lr_scheduler.py:370: UserWarning: To get the last learning rate computed by the scheduler, please use `get_last_lr()`.
  "please use `get_last_lr()`.", UserWarning)
INFO:root:Epoch: 0085 lr: 0.01 train_loss: 0.7464 train_acc: 0.5917 train_f1: 0.5917 time: 0.3155s
INFO:root:Epoch: 0085 val_loss: 1.3959 val_acc: 0.4800 val_f1: 0.4800
/workspace/anaconda3/envs/geo/lib/python3.7/site-packages/torch/optim/lr_scheduler.py:370: UserWarning: To get the last learning rate computed by the scheduler, please use `get_last_lr()`.
  "please use `get_last_lr()`.", UserWarning)
INFO:root:Epoch: 0090 lr: 0.01 train_loss: 0.7967 train_acc: 0.6583 train_f1: 0.6583 time: 0.3194s
INFO:root:Epoch: 0090 val_loss: 1.3924 val_acc: 0.4700 val_f1: 0.4700
/workspace/anaconda3/envs/geo/lib/python3.7/site-packages/torch/optim/lr_scheduler.py:370: UserWarning: To get the last learning rate computed by the scheduler, please use `get_last_lr()`.
  "please use `get_last_lr()`.", UserWarning)
INFO:root:Epoch: 0095 lr: 0.01 train_loss: 0.8466 train_acc: 0.6083 train_f1: 0.6083 time: 0.3153s
INFO:root:Epoch: 0095 val_loss: 1.3966 val_acc: 0.4520 val_f1: 0.4520
/workspace/anaconda3/envs/geo/lib/python3.7/site-packages/torch/optim/lr_scheduler.py:370: UserWarning: To get the last learning rate computed by the scheduler, please use `get_last_lr()`.
  "please use `get_last_lr()`.", UserWarning)
INFO:root:Epoch: 0100 lr: 0.01 train_loss: 0.6310 train_acc: 0.7083 train_f1: 0.7083 time: 0.3173s
INFO:root:Epoch: 0100 val_loss: 1.3899 val_acc: 0.4580 val_f1: 0.4580
/workspace/anaconda3/envs/geo/lib/python3.7/site-packages/torch/optim/lr_scheduler.py:370: UserWarning: To get the last learning rate computed by the scheduler, please use `get_last_lr()`.
  "please use `get_last_lr()`.", UserWarning)
INFO:root:Epoch: 0105 lr: 0.01 train_loss: 0.6874 train_acc: 0.6500 train_f1: 0.6500 time: 0.3247s
INFO:root:Epoch: 0105 val_loss: 1.3828 val_acc: 0.4640 val_f1: 0.4640
/workspace/anaconda3/envs/geo/lib/python3.7/site-packages/torch/optim/lr_scheduler.py:370: UserWarning: To get the last learning rate computed by the scheduler, please use `get_last_lr()`.
  "please use `get_last_lr()`.", UserWarning)
INFO:root:Epoch: 0110 lr: 0.01 train_loss: 0.7062 train_acc: 0.6500 train_f1: 0.6500 time: 0.3257s
INFO:root:Epoch: 0110 val_loss: 1.3890 val_acc: 0.4540 val_f1: 0.4540
/workspace/anaconda3/envs/geo/lib/python3.7/site-packages/torch/optim/lr_scheduler.py:370: UserWarning: To get the last learning rate computed by the scheduler, please use `get_last_lr()`.
  "please use `get_last_lr()`.", UserWarning)
INFO:root:Epoch: 0115 lr: 0.01 train_loss: 0.6958 train_acc: 0.6250 train_f1: 0.6250 time: 0.3209s
INFO:root:Epoch: 0115 val_loss: 1.3817 val_acc: 0.4580 val_f1: 0.4580
/workspace/anaconda3/envs/geo/lib/python3.7/site-packages/torch/optim/lr_scheduler.py:370: UserWarning: To get the last learning rate computed by the scheduler, please use `get_last_lr()`.
  "please use `get_last_lr()`.", UserWarning)
INFO:root:Epoch: 0120 lr: 0.01 train_loss: 0.6324 train_acc: 0.6917 train_f1: 0.6917 time: 0.3190s
INFO:root:Epoch: 0120 val_loss: 1.3702 val_acc: 0.4620 val_f1: 0.4620
/workspace/anaconda3/envs/geo/lib/python3.7/site-packages/torch/optim/lr_scheduler.py:370: UserWarning: To get the last learning rate computed by the scheduler, please use `get_last_lr()`.
  "please use `get_last_lr()`.", UserWarning)
INFO:root:Epoch: 0125 lr: 0.01 train_loss: 0.7327 train_acc: 0.6417 train_f1: 0.6417 time: 0.3188s
INFO:root:Epoch: 0125 val_loss: 1.3679 val_acc: 0.4720 val_f1: 0.4720
/workspace/anaconda3/envs/geo/lib/python3.7/site-packages/torch/optim/lr_scheduler.py:370: UserWarning: To get the last learning rate computed by the scheduler, please use `get_last_lr()`.
  "please use `get_last_lr()`.", UserWarning)
INFO:root:Epoch: 0130 lr: 0.01 train_loss: 0.6175 train_acc: 0.7333 train_f1: 0.7333 time: 0.3167s
INFO:root:Epoch: 0130 val_loss: 1.3816 val_acc: 0.4540 val_f1: 0.4540
/workspace/anaconda3/envs/geo/lib/python3.7/site-packages/torch/optim/lr_scheduler.py:370: UserWarning: To get the last learning rate computed by the scheduler, please use `get_last_lr()`.
  "please use `get_last_lr()`.", UserWarning)
INFO:root:Epoch: 0135 lr: 0.01 train_loss: 0.6386 train_acc: 0.7167 train_f1: 0.7167 time: 0.3165s
INFO:root:Epoch: 0135 val_loss: 1.3897 val_acc: 0.4500 val_f1: 0.4500
/workspace/anaconda3/envs/geo/lib/python3.7/site-packages/torch/optim/lr_scheduler.py:370: UserWarning: To get the last learning rate computed by the scheduler, please use `get_last_lr()`.
  "please use `get_last_lr()`.", UserWarning)
INFO:root:Epoch: 0140 lr: 0.01 train_loss: 0.6246 train_acc: 0.6667 train_f1: 0.6667 time: 0.3181s
INFO:root:Epoch: 0140 val_loss: 1.3924 val_acc: 0.4580 val_f1: 0.4580
/workspace/anaconda3/envs/geo/lib/python3.7/site-packages/torch/optim/lr_scheduler.py:370: UserWarning: To get the last learning rate computed by the scheduler, please use `get_last_lr()`.
  "please use `get_last_lr()`.", UserWarning)
INFO:root:Epoch: 0145 lr: 0.01 train_loss: 0.6760 train_acc: 0.6833 train_f1: 0.6833 time: 0.3175s
INFO:root:Epoch: 0145 val_loss: 1.3811 val_acc: 0.4720 val_f1: 0.4720
/workspace/anaconda3/envs/geo/lib/python3.7/site-packages/torch/optim/lr_scheduler.py:370: UserWarning: To get the last learning rate computed by the scheduler, please use `get_last_lr()`.
  "please use `get_last_lr()`.", UserWarning)
INFO:root:Epoch: 0150 lr: 0.01 train_loss: 0.6434 train_acc: 0.7333 train_f1: 0.7333 time: 0.3171s
INFO:root:Epoch: 0150 val_loss: 1.3727 val_acc: 0.4720 val_f1: 0.4720
/workspace/anaconda3/envs/geo/lib/python3.7/site-packages/torch/optim/lr_scheduler.py:370: UserWarning: To get the last learning rate computed by the scheduler, please use `get_last_lr()`.
  "please use `get_last_lr()`.", UserWarning)
INFO:root:Epoch: 0155 lr: 0.01 train_loss: 0.6422 train_acc: 0.7083 train_f1: 0.7083 time: 0.3507s
INFO:root:Epoch: 0155 val_loss: 1.3735 val_acc: 0.4780 val_f1: 0.4780
/workspace/anaconda3/envs/geo/lib/python3.7/site-packages/torch/optim/lr_scheduler.py:370: UserWarning: To get the last learning rate computed by the scheduler, please use `get_last_lr()`.
  "please use `get_last_lr()`.", UserWarning)
INFO:root:Epoch: 0160 lr: 0.01 train_loss: 0.7316 train_acc: 0.6000 train_f1: 0.6000 time: 0.3239s
INFO:root:Epoch: 0160 val_loss: 1.3782 val_acc: 0.4720 val_f1: 0.4720
/workspace/anaconda3/envs/geo/lib/python3.7/site-packages/torch/optim/lr_scheduler.py:370: UserWarning: To get the last learning rate computed by the scheduler, please use `get_last_lr()`.
  "please use `get_last_lr()`.", UserWarning)
INFO:root:Epoch: 0165 lr: 0.01 train_loss: 0.7087 train_acc: 0.6333 train_f1: 0.6333 time: 0.3170s
INFO:root:Epoch: 0165 val_loss: 1.3856 val_acc: 0.4660 val_f1: 0.4660
/workspace/anaconda3/envs/geo/lib/python3.7/site-packages/torch/optim/lr_scheduler.py:370: UserWarning: To get the last learning rate computed by the scheduler, please use `get_last_lr()`.
  "please use `get_last_lr()`.", UserWarning)
INFO:root:Epoch: 0170 lr: 0.01 train_loss: 0.6946 train_acc: 0.6167 train_f1: 0.6167 time: 0.3177s
INFO:root:Epoch: 0170 val_loss: 1.3891 val_acc: 0.4620 val_f1: 0.4620
/workspace/anaconda3/envs/geo/lib/python3.7/site-packages/torch/optim/lr_scheduler.py:370: UserWarning: To get the last learning rate computed by the scheduler, please use `get_last_lr()`.
  "please use `get_last_lr()`.", UserWarning)
INFO:root:Epoch: 0175 lr: 0.01 train_loss: 0.5520 train_acc: 0.7000 train_f1: 0.7000 time: 0.3180s
INFO:root:Epoch: 0175 val_loss: 1.3779 val_acc: 0.4720 val_f1: 0.4720
/workspace/anaconda3/envs/geo/lib/python3.7/site-packages/torch/optim/lr_scheduler.py:370: UserWarning: To get the last learning rate computed by the scheduler, please use `get_last_lr()`.
  "please use `get_last_lr()`.", UserWarning)
INFO:root:Epoch: 0180 lr: 0.01 train_loss: 0.6434 train_acc: 0.6583 train_f1: 0.6583 time: 0.3240s
INFO:root:Epoch: 0180 val_loss: 1.3684 val_acc: 0.4720 val_f1: 0.4720
INFO:root:Early stopping
INFO:root:Optimization Finished!
INFO:root:Total time elapsed: 94.7716s
INFO:root:Val set results: val_loss: 1.3967 val_acc: 0.4840 val_f1: 0.4840
INFO:root:Test set results: test_loss: 1.3777 test_acc: 0.5120 test_f1: 0.5120
INFO:root:Saved model in /workspace/xiongbo/hgcn/logs/nc/2021_5_25/19
