INFO:root:Using: cuda:0
INFO:root:Using seed 1234.
INFO:root:Num classes: 3
INFO:root:NCModel(
  (encoder): HGCN(
    (layers): Sequential(
      (0): HyperbolicGraphConvolution(
        (linear): HypLinear(
          in_features=501, out_features=16, c=Parameter containing:
          tensor([-1.], requires_grad=True)
        )
        (agg): HypAgg(
          c=Parameter containing:
          tensor([-1.], requires_grad=True)
        )
        (hyp_act): HypAct(
          c_in=Parameter containing:
          tensor([-1.], requires_grad=True), c_out=Parameter containing:
          tensor([-1.], requires_grad=True)
        )
      )
    )
  )
  (decoder): LinearDecoder(
    in_features=16, out_features=3, bias=1, c=Parameter containing:
    tensor([-1.], requires_grad=True)
    (cls): Linear(
      (linear): Linear(in_features=16, out_features=3, bias=True)
    )
  )
)
INFO:root:Total number of parameters: 8085
/workspace/anaconda3/envs/geo/lib/python3.7/site-packages/torch/optim/lr_scheduler.py:370: UserWarning: To get the last learning rate computed by the scheduler, please use `get_last_lr()`.
  "please use `get_last_lr()`.", UserWarning)
INFO:root:Epoch: 0005 lr: 0.01 train_loss: 1.0312 train_acc: 0.5333 train_f1: 0.5333 time: 0.6535s
INFO:root:Epoch: 0005 val_loss: 1.0259 val_acc: 0.6440 val_f1: 0.6440
INFO:root:Epoch: 0010 lr: 0.01 train_loss: 0.9271 train_acc: 0.6833 train_f1: 0.6833 time: 0.6570s
INFO:root:Epoch: 0010 val_loss: 0.9838 val_acc: 0.7120 val_f1: 0.7120
INFO:root:Epoch: 0015 lr: 0.01 train_loss: 0.8723 train_acc: 0.6833 train_f1: 0.6833 time: 0.6651s
INFO:root:Epoch: 0015 val_loss: 0.9470 val_acc: 0.7120 val_f1: 0.7120
INFO:root:Epoch: 0020 lr: 0.01 train_loss: 0.8186 train_acc: 0.6333 train_f1: 0.6333 time: 0.6594s
INFO:root:Epoch: 0020 val_loss: 0.8966 val_acc: 0.7380 val_f1: 0.7380
INFO:root:Epoch: 0025 lr: 0.01 train_loss: 0.7118 train_acc: 0.8333 train_f1: 0.8333 time: 0.6571s
INFO:root:Epoch: 0025 val_loss: 0.8516 val_acc: 0.7280 val_f1: 0.7280
INFO:root:Epoch: 0030 lr: 0.01 train_loss: 0.6251 train_acc: 0.8333 train_f1: 0.8333 time: 0.6572s
INFO:root:Epoch: 0030 val_loss: 0.8165 val_acc: 0.7280 val_f1: 0.7280
INFO:root:Epoch: 0035 lr: 0.01 train_loss: 0.6312 train_acc: 0.7833 train_f1: 0.7833 time: 0.6714s
INFO:root:Epoch: 0035 val_loss: 0.7864 val_acc: 0.7280 val_f1: 0.7280
INFO:root:Epoch: 0040 lr: 0.01 train_loss: 0.5186 train_acc: 0.7333 train_f1: 0.7333 time: 0.6670s
INFO:root:Epoch: 0040 val_loss: 0.7626 val_acc: 0.7320 val_f1: 0.7320
INFO:root:Epoch: 0045 lr: 0.01 train_loss: 0.5796 train_acc: 0.7167 train_f1: 0.7167 time: 0.6650s
INFO:root:Epoch: 0045 val_loss: 0.7374 val_acc: 0.7360 val_f1: 0.7360
INFO:root:Epoch: 0050 lr: 0.01 train_loss: 0.4937 train_acc: 0.7833 train_f1: 0.7833 time: 0.6718s
INFO:root:Epoch: 0050 val_loss: 0.7213 val_acc: 0.7280 val_f1: 0.7280
INFO:root:Epoch: 0055 lr: 0.01 train_loss: 0.4312 train_acc: 0.7833 train_f1: 0.7833 time: 0.6608s
INFO:root:Epoch: 0055 val_loss: 0.7097 val_acc: 0.7340 val_f1: 0.7340
INFO:root:Epoch: 0060 lr: 0.01 train_loss: 0.4982 train_acc: 0.6667 train_f1: 0.6667 time: 0.6560s
INFO:root:Epoch: 0060 val_loss: 0.7063 val_acc: 0.7260 val_f1: 0.7260
INFO:root:Epoch: 0065 lr: 0.01 train_loss: 0.4066 train_acc: 0.8167 train_f1: 0.8167 time: 0.6596s
INFO:root:Epoch: 0065 val_loss: 0.6996 val_acc: 0.7280 val_f1: 0.7280
INFO:root:Epoch: 0070 lr: 0.01 train_loss: 0.3443 train_acc: 0.8500 train_f1: 0.8500 time: 0.6783s
INFO:root:Epoch: 0070 val_loss: 0.6957 val_acc: 0.7280 val_f1: 0.7280
INFO:root:Epoch: 0075 lr: 0.01 train_loss: 0.2957 train_acc: 0.8833 train_f1: 0.8833 time: 0.6613s
INFO:root:Epoch: 0075 val_loss: 0.7037 val_acc: 0.7220 val_f1: 0.7220
INFO:root:Epoch: 0080 lr: 0.01 train_loss: 0.3372 train_acc: 0.7667 train_f1: 0.7667 time: 0.6684s
INFO:root:Epoch: 0080 val_loss: 0.7159 val_acc: 0.7200 val_f1: 0.7200
INFO:root:Epoch: 0085 lr: 0.01 train_loss: 0.3994 train_acc: 0.7000 train_f1: 0.7000 time: 0.6739s
INFO:root:Epoch: 0085 val_loss: 0.7197 val_acc: 0.7200 val_f1: 0.7200
INFO:root:Epoch: 0090 lr: 0.01 train_loss: 0.3793 train_acc: 0.7500 train_f1: 0.7500 time: 0.6611s
INFO:root:Epoch: 0090 val_loss: 0.7233 val_acc: 0.7280 val_f1: 0.7280
INFO:root:Epoch: 0095 lr: 0.01 train_loss: 0.3563 train_acc: 0.8000 train_f1: 0.8000 time: 0.6695s
INFO:root:Epoch: 0095 val_loss: 0.7314 val_acc: 0.7180 val_f1: 0.7180
INFO:root:Epoch: 0100 lr: 0.01 train_loss: 0.3971 train_acc: 0.7500 train_f1: 0.7500 time: 0.6747s
INFO:root:Epoch: 0100 val_loss: 0.7380 val_acc: 0.7160 val_f1: 0.7160
INFO:root:Epoch: 0105 lr: 0.01 train_loss: 0.3383 train_acc: 0.8000 train_f1: 0.8000 time: 0.6710s
INFO:root:Epoch: 0105 val_loss: 0.7465 val_acc: 0.7220 val_f1: 0.7220
INFO:root:Epoch: 0110 lr: 0.01 train_loss: 0.4055 train_acc: 0.7333 train_f1: 0.7333 time: 0.6702s
INFO:root:Epoch: 0110 val_loss: 0.7564 val_acc: 0.7260 val_f1: 0.7260
INFO:root:Epoch: 0115 lr: 0.01 train_loss: 0.2858 train_acc: 0.8500 train_f1: 0.8500 time: 0.6632s
INFO:root:Epoch: 0115 val_loss: 0.7607 val_acc: 0.7320 val_f1: 0.7320
INFO:root:Early stopping
INFO:root:Optimization Finished!
INFO:root:Total time elapsed: 126.5662s
INFO:root:Val set results: val_loss: 0.9056 val_acc: 0.7420 val_f1: 0.7420
INFO:root:Test set results: test_loss: 0.9110 test_acc: 0.7170 test_f1: 0.7170
INFO:root:Saved model in /workspace/xiongbo/hgcn/logs/nc/2021_5_2/18
