INFO:root:Using: cuda:0
INFO:root:Using seed 1234.
INFO:root:Num classes: 4
INFO:root:NCModel(
  (encoder): HNN(
    (layers): Sequential(
      (0): HNNLayer(
        (linear): HypLinear(
          in_features=12, out_features=16, c=Parameter containing:
          tensor([-1.], requires_grad=True)
        )
        (hyp_act): HypAct(
          c_in=Parameter containing:
          tensor([-1.], requires_grad=True), c_out=Parameter containing:
          tensor([-1.], requires_grad=True)
        )
      )
    )
  )
  (decoder): LinearDecoder(
    in_features=16, out_features=4, bias=1, c=Parameter containing:
    tensor([-1.], requires_grad=True)
    (cls): Linear(
      (linear): Linear(in_features=16, out_features=4, bias=True)
    )
  )
)
INFO:root:Total number of parameters: 277
/workspace/anaconda3/envs/geo/lib/python3.7/site-packages/torch/optim/lr_scheduler.py:370: UserWarning: To get the last learning rate computed by the scheduler, please use `get_last_lr()`.
  "please use `get_last_lr()`.", UserWarning)
INFO:root:Epoch: 0005 lr: 0.01 train_loss: 1.4388 train_acc: 0.1638 train_f1: 0.1638 time: 0.3018s
INFO:root:Epoch: 0005 val_loss: 1.3899 val_acc: 0.2042 val_f1: 0.2042
/workspace/anaconda3/envs/geo/lib/python3.7/site-packages/torch/optim/lr_scheduler.py:370: UserWarning: To get the last learning rate computed by the scheduler, please use `get_last_lr()`.
  "please use `get_last_lr()`.", UserWarning)
INFO:root:Epoch: 0010 lr: 0.01 train_loss: 1.3372 train_acc: 0.3178 train_f1: 0.3178 time: 0.3022s
INFO:root:Epoch: 0010 val_loss: 1.3329 val_acc: 0.2824 val_f1: 0.2824
/workspace/anaconda3/envs/geo/lib/python3.7/site-packages/torch/optim/lr_scheduler.py:370: UserWarning: To get the last learning rate computed by the scheduler, please use `get_last_lr()`.
  "please use `get_last_lr()`.", UserWarning)
INFO:root:Epoch: 0015 lr: 0.01 train_loss: 1.3157 train_acc: 0.3469 train_f1: 0.3469 time: 0.3032s
INFO:root:Epoch: 0015 val_loss: 1.2904 val_acc: 0.4370 val_f1: 0.4370
/workspace/anaconda3/envs/geo/lib/python3.7/site-packages/torch/optim/lr_scheduler.py:370: UserWarning: To get the last learning rate computed by the scheduler, please use `get_last_lr()`.
  "please use `get_last_lr()`.", UserWarning)
INFO:root:Epoch: 0020 lr: 0.01 train_loss: 1.2864 train_acc: 0.3713 train_f1: 0.3713 time: 0.3045s
INFO:root:Epoch: 0020 val_loss: 1.2628 val_acc: 0.4370 val_f1: 0.4370
/workspace/anaconda3/envs/geo/lib/python3.7/site-packages/torch/optim/lr_scheduler.py:370: UserWarning: To get the last learning rate computed by the scheduler, please use `get_last_lr()`.
  "please use `get_last_lr()`.", UserWarning)
INFO:root:Epoch: 0025 lr: 0.01 train_loss: 1.2666 train_acc: 0.3737 train_f1: 0.3737 time: 0.3021s
INFO:root:Epoch: 0025 val_loss: 1.2491 val_acc: 0.4370 val_f1: 0.4370
/workspace/anaconda3/envs/geo/lib/python3.7/site-packages/torch/optim/lr_scheduler.py:370: UserWarning: To get the last learning rate computed by the scheduler, please use `get_last_lr()`.
  "please use `get_last_lr()`.", UserWarning)
INFO:root:Epoch: 0030 lr: 0.01 train_loss: 1.2679 train_acc: 0.3552 train_f1: 0.3552 time: 0.3032s
INFO:root:Epoch: 0030 val_loss: 1.2429 val_acc: 0.4370 val_f1: 0.4370
/workspace/anaconda3/envs/geo/lib/python3.7/site-packages/torch/optim/lr_scheduler.py:370: UserWarning: To get the last learning rate computed by the scheduler, please use `get_last_lr()`.
  "please use `get_last_lr()`.", UserWarning)
INFO:root:Epoch: 0035 lr: 0.01 train_loss: 1.2629 train_acc: 0.3633 train_f1: 0.3633 time: 0.3020s
INFO:root:Epoch: 0035 val_loss: 1.2392 val_acc: 0.4370 val_f1: 0.4370
/workspace/anaconda3/envs/geo/lib/python3.7/site-packages/torch/optim/lr_scheduler.py:370: UserWarning: To get the last learning rate computed by the scheduler, please use `get_last_lr()`.
  "please use `get_last_lr()`.", UserWarning)
INFO:root:Epoch: 0040 lr: 0.01 train_loss: 1.2648 train_acc: 0.3769 train_f1: 0.3769 time: 0.3041s
INFO:root:Epoch: 0040 val_loss: 1.2382 val_acc: 0.4332 val_f1: 0.4332
/workspace/anaconda3/envs/geo/lib/python3.7/site-packages/torch/optim/lr_scheduler.py:370: UserWarning: To get the last learning rate computed by the scheduler, please use `get_last_lr()`.
  "please use `get_last_lr()`.", UserWarning)
INFO:root:Epoch: 0045 lr: 0.01 train_loss: 1.2541 train_acc: 0.3823 train_f1: 0.3823 time: 0.3066s
INFO:root:Epoch: 0045 val_loss: 1.2376 val_acc: 0.4084 val_f1: 0.4084
/workspace/anaconda3/envs/geo/lib/python3.7/site-packages/torch/optim/lr_scheduler.py:370: UserWarning: To get the last learning rate computed by the scheduler, please use `get_last_lr()`.
  "please use `get_last_lr()`.", UserWarning)
INFO:root:Epoch: 0050 lr: 0.01 train_loss: 1.2477 train_acc: 0.3582 train_f1: 0.3582 time: 0.3019s
INFO:root:Epoch: 0050 val_loss: 1.2304 val_acc: 0.4237 val_f1: 0.4237
/workspace/anaconda3/envs/geo/lib/python3.7/site-packages/torch/optim/lr_scheduler.py:370: UserWarning: To get the last learning rate computed by the scheduler, please use `get_last_lr()`.
  "please use `get_last_lr()`.", UserWarning)
INFO:root:Epoch: 0055 lr: 0.01 train_loss: 1.2309 train_acc: 0.3829 train_f1: 0.3829 time: 0.3054s
INFO:root:Epoch: 0055 val_loss: 1.2196 val_acc: 0.4160 val_f1: 0.4160
/workspace/anaconda3/envs/geo/lib/python3.7/site-packages/torch/optim/lr_scheduler.py:370: UserWarning: To get the last learning rate computed by the scheduler, please use `get_last_lr()`.
  "please use `get_last_lr()`.", UserWarning)
INFO:root:Epoch: 0060 lr: 0.01 train_loss: 1.2521 train_acc: 0.3731 train_f1: 0.3731 time: 0.3043s
INFO:root:Epoch: 0060 val_loss: 1.2071 val_acc: 0.4237 val_f1: 0.4237
/workspace/anaconda3/envs/geo/lib/python3.7/site-packages/torch/optim/lr_scheduler.py:370: UserWarning: To get the last learning rate computed by the scheduler, please use `get_last_lr()`.
  "please use `get_last_lr()`.", UserWarning)
INFO:root:Epoch: 0065 lr: 0.01 train_loss: 1.2302 train_acc: 0.3909 train_f1: 0.3909 time: 0.3022s
INFO:root:Epoch: 0065 val_loss: 1.1968 val_acc: 0.4313 val_f1: 0.4313
/workspace/anaconda3/envs/geo/lib/python3.7/site-packages/torch/optim/lr_scheduler.py:370: UserWarning: To get the last learning rate computed by the scheduler, please use `get_last_lr()`.
  "please use `get_last_lr()`.", UserWarning)
INFO:root:Epoch: 0070 lr: 0.01 train_loss: 1.2421 train_acc: 0.3579 train_f1: 0.3579 time: 0.3132s
INFO:root:Epoch: 0070 val_loss: 1.1845 val_acc: 0.4313 val_f1: 0.4313
/workspace/anaconda3/envs/geo/lib/python3.7/site-packages/torch/optim/lr_scheduler.py:370: UserWarning: To get the last learning rate computed by the scheduler, please use `get_last_lr()`.
  "please use `get_last_lr()`.", UserWarning)
INFO:root:Epoch: 0075 lr: 0.01 train_loss: 1.2397 train_acc: 0.3582 train_f1: 0.3582 time: 0.3029s
INFO:root:Epoch: 0075 val_loss: 1.1763 val_acc: 0.4389 val_f1: 0.4389
/workspace/anaconda3/envs/geo/lib/python3.7/site-packages/torch/optim/lr_scheduler.py:370: UserWarning: To get the last learning rate computed by the scheduler, please use `get_last_lr()`.
  "please use `get_last_lr()`.", UserWarning)
INFO:root:Epoch: 0080 lr: 0.01 train_loss: 1.2181 train_acc: 0.4031 train_f1: 0.4031 time: 0.3063s
INFO:root:Epoch: 0080 val_loss: 1.1745 val_acc: 0.4866 val_f1: 0.4866
/workspace/anaconda3/envs/geo/lib/python3.7/site-packages/torch/optim/lr_scheduler.py:370: UserWarning: To get the last learning rate computed by the scheduler, please use `get_last_lr()`.
  "please use `get_last_lr()`.", UserWarning)
INFO:root:Epoch: 0085 lr: 0.01 train_loss: 1.1958 train_acc: 0.3912 train_f1: 0.3912 time: 0.3013s
INFO:root:Epoch: 0085 val_loss: 1.1609 val_acc: 0.4752 val_f1: 0.4752
/workspace/anaconda3/envs/geo/lib/python3.7/site-packages/torch/optim/lr_scheduler.py:370: UserWarning: To get the last learning rate computed by the scheduler, please use `get_last_lr()`.
  "please use `get_last_lr()`.", UserWarning)
INFO:root:Epoch: 0090 lr: 0.01 train_loss: 1.2448 train_acc: 0.3701 train_f1: 0.3701 time: 0.3023s
INFO:root:Epoch: 0090 val_loss: 1.1522 val_acc: 0.4771 val_f1: 0.4771
/workspace/anaconda3/envs/geo/lib/python3.7/site-packages/torch/optim/lr_scheduler.py:370: UserWarning: To get the last learning rate computed by the scheduler, please use `get_last_lr()`.
  "please use `get_last_lr()`.", UserWarning)
INFO:root:Epoch: 0095 lr: 0.01 train_loss: 1.2098 train_acc: 0.3879 train_f1: 0.3879 time: 0.3042s
INFO:root:Epoch: 0095 val_loss: 1.1454 val_acc: 0.4828 val_f1: 0.4828
/workspace/anaconda3/envs/geo/lib/python3.7/site-packages/torch/optim/lr_scheduler.py:370: UserWarning: To get the last learning rate computed by the scheduler, please use `get_last_lr()`.
  "please use `get_last_lr()`.", UserWarning)
INFO:root:Epoch: 0100 lr: 0.01 train_loss: 1.1938 train_acc: 0.4129 train_f1: 0.4129 time: 0.3024s
INFO:root:Epoch: 0100 val_loss: 1.1375 val_acc: 0.4885 val_f1: 0.4885
/workspace/anaconda3/envs/geo/lib/python3.7/site-packages/torch/optim/lr_scheduler.py:370: UserWarning: To get the last learning rate computed by the scheduler, please use `get_last_lr()`.
  "please use `get_last_lr()`.", UserWarning)
INFO:root:Epoch: 0105 lr: 0.01 train_loss: 1.1970 train_acc: 0.3838 train_f1: 0.3838 time: 0.3016s
INFO:root:Epoch: 0105 val_loss: 1.1277 val_acc: 0.4866 val_f1: 0.4866
/workspace/anaconda3/envs/geo/lib/python3.7/site-packages/torch/optim/lr_scheduler.py:370: UserWarning: To get the last learning rate computed by the scheduler, please use `get_last_lr()`.
  "please use `get_last_lr()`.", UserWarning)
INFO:root:Epoch: 0110 lr: 0.01 train_loss: 1.1960 train_acc: 0.3805 train_f1: 0.3805 time: 0.3115s
INFO:root:Epoch: 0110 val_loss: 1.1239 val_acc: 0.4943 val_f1: 0.4943
/workspace/anaconda3/envs/geo/lib/python3.7/site-packages/torch/optim/lr_scheduler.py:370: UserWarning: To get the last learning rate computed by the scheduler, please use `get_last_lr()`.
  "please use `get_last_lr()`.", UserWarning)
INFO:root:Epoch: 0115 lr: 0.01 train_loss: 1.2130 train_acc: 0.3689 train_f1: 0.3689 time: 0.3025s
INFO:root:Epoch: 0115 val_loss: 1.1195 val_acc: 0.4962 val_f1: 0.4962
/workspace/anaconda3/envs/geo/lib/python3.7/site-packages/torch/optim/lr_scheduler.py:370: UserWarning: To get the last learning rate computed by the scheduler, please use `get_last_lr()`.
  "please use `get_last_lr()`.", UserWarning)
INFO:root:Epoch: 0120 lr: 0.01 train_loss: 1.1969 train_acc: 0.4111 train_f1: 0.4111 time: 0.3030s
INFO:root:Epoch: 0120 val_loss: 1.1139 val_acc: 0.5134 val_f1: 0.5134
/workspace/anaconda3/envs/geo/lib/python3.7/site-packages/torch/optim/lr_scheduler.py:370: UserWarning: To get the last learning rate computed by the scheduler, please use `get_last_lr()`.
  "please use `get_last_lr()`.", UserWarning)
INFO:root:Epoch: 0125 lr: 0.01 train_loss: 1.1967 train_acc: 0.3847 train_f1: 0.3847 time: 0.3042s
INFO:root:Epoch: 0125 val_loss: 1.1135 val_acc: 0.5115 val_f1: 0.5115
/workspace/anaconda3/envs/geo/lib/python3.7/site-packages/torch/optim/lr_scheduler.py:370: UserWarning: To get the last learning rate computed by the scheduler, please use `get_last_lr()`.
  "please use `get_last_lr()`.", UserWarning)
INFO:root:Epoch: 0130 lr: 0.01 train_loss: 1.2351 train_acc: 0.3731 train_f1: 0.3731 time: 0.3022s
INFO:root:Epoch: 0130 val_loss: 1.1132 val_acc: 0.5000 val_f1: 0.5000
/workspace/anaconda3/envs/geo/lib/python3.7/site-packages/torch/optim/lr_scheduler.py:370: UserWarning: To get the last learning rate computed by the scheduler, please use `get_last_lr()`.
  "please use `get_last_lr()`.", UserWarning)
INFO:root:Epoch: 0135 lr: 0.01 train_loss: 1.1972 train_acc: 0.3891 train_f1: 0.3891 time: 0.3017s
INFO:root:Epoch: 0135 val_loss: 1.1018 val_acc: 0.4962 val_f1: 0.4962
/workspace/anaconda3/envs/geo/lib/python3.7/site-packages/torch/optim/lr_scheduler.py:370: UserWarning: To get the last learning rate computed by the scheduler, please use `get_last_lr()`.
  "please use `get_last_lr()`.", UserWarning)
INFO:root:Epoch: 0140 lr: 0.01 train_loss: 1.1871 train_acc: 0.3989 train_f1: 0.3989 time: 0.3020s
INFO:root:Epoch: 0140 val_loss: 1.1059 val_acc: 0.5611 val_f1: 0.5611
/workspace/anaconda3/envs/geo/lib/python3.7/site-packages/torch/optim/lr_scheduler.py:370: UserWarning: To get the last learning rate computed by the scheduler, please use `get_last_lr()`.
  "please use `get_last_lr()`.", UserWarning)
INFO:root:Epoch: 0145 lr: 0.01 train_loss: 1.2205 train_acc: 0.3802 train_f1: 0.3802 time: 0.3033s
INFO:root:Epoch: 0145 val_loss: 1.1299 val_acc: 0.5324 val_f1: 0.5324
/workspace/anaconda3/envs/geo/lib/python3.7/site-packages/torch/optim/lr_scheduler.py:370: UserWarning: To get the last learning rate computed by the scheduler, please use `get_last_lr()`.
  "please use `get_last_lr()`.", UserWarning)
INFO:root:Epoch: 0150 lr: 0.01 train_loss: 1.1648 train_acc: 0.4168 train_f1: 0.4168 time: 0.3021s
INFO:root:Epoch: 0150 val_loss: 1.1102 val_acc: 0.5687 val_f1: 0.5687
/workspace/anaconda3/envs/geo/lib/python3.7/site-packages/torch/optim/lr_scheduler.py:370: UserWarning: To get the last learning rate computed by the scheduler, please use `get_last_lr()`.
  "please use `get_last_lr()`.", UserWarning)
INFO:root:Epoch: 0155 lr: 0.01 train_loss: 1.2037 train_acc: 0.3942 train_f1: 0.3942 time: 0.3050s
INFO:root:Epoch: 0155 val_loss: 1.0934 val_acc: 0.5611 val_f1: 0.5611
/workspace/anaconda3/envs/geo/lib/python3.7/site-packages/torch/optim/lr_scheduler.py:370: UserWarning: To get the last learning rate computed by the scheduler, please use `get_last_lr()`.
  "please use `get_last_lr()`.", UserWarning)
INFO:root:Epoch: 0160 lr: 0.01 train_loss: 1.1791 train_acc: 0.4049 train_f1: 0.4049 time: 0.3040s
INFO:root:Epoch: 0160 val_loss: 1.0918 val_acc: 0.5611 val_f1: 0.5611
/workspace/anaconda3/envs/geo/lib/python3.7/site-packages/torch/optim/lr_scheduler.py:370: UserWarning: To get the last learning rate computed by the scheduler, please use `get_last_lr()`.
  "please use `get_last_lr()`.", UserWarning)
INFO:root:Epoch: 0165 lr: 0.01 train_loss: 1.1543 train_acc: 0.4191 train_f1: 0.4191 time: 0.3024s
INFO:root:Epoch: 0165 val_loss: 1.0915 val_acc: 0.5744 val_f1: 0.5744
/workspace/anaconda3/envs/geo/lib/python3.7/site-packages/torch/optim/lr_scheduler.py:370: UserWarning: To get the last learning rate computed by the scheduler, please use `get_last_lr()`.
  "please use `get_last_lr()`.", UserWarning)
INFO:root:Epoch: 0170 lr: 0.01 train_loss: 1.1766 train_acc: 0.4076 train_f1: 0.4076 time: 0.3024s
INFO:root:Epoch: 0170 val_loss: 1.0872 val_acc: 0.5725 val_f1: 0.5725
/workspace/anaconda3/envs/geo/lib/python3.7/site-packages/torch/optim/lr_scheduler.py:370: UserWarning: To get the last learning rate computed by the scheduler, please use `get_last_lr()`.
  "please use `get_last_lr()`.", UserWarning)
INFO:root:Epoch: 0175 lr: 0.01 train_loss: 1.1770 train_acc: 0.4168 train_f1: 0.4168 time: 0.3036s
INFO:root:Epoch: 0175 val_loss: 1.0879 val_acc: 0.5782 val_f1: 0.5782
/workspace/anaconda3/envs/geo/lib/python3.7/site-packages/torch/optim/lr_scheduler.py:370: UserWarning: To get the last learning rate computed by the scheduler, please use `get_last_lr()`.
  "please use `get_last_lr()`.", UserWarning)
INFO:root:Epoch: 0180 lr: 0.01 train_loss: 1.1880 train_acc: 0.4081 train_f1: 0.4081 time: 0.3029s
INFO:root:Epoch: 0180 val_loss: 1.0871 val_acc: 0.5763 val_f1: 0.5763
/workspace/anaconda3/envs/geo/lib/python3.7/site-packages/torch/optim/lr_scheduler.py:370: UserWarning: To get the last learning rate computed by the scheduler, please use `get_last_lr()`.
  "please use `get_last_lr()`.", UserWarning)
INFO:root:Epoch: 0185 lr: 0.01 train_loss: 1.1859 train_acc: 0.4061 train_f1: 0.4061 time: 0.3100s
INFO:root:Epoch: 0185 val_loss: 1.0918 val_acc: 0.5553 val_f1: 0.5553
/workspace/anaconda3/envs/geo/lib/python3.7/site-packages/torch/optim/lr_scheduler.py:370: UserWarning: To get the last learning rate computed by the scheduler, please use `get_last_lr()`.
  "please use `get_last_lr()`.", UserWarning)
INFO:root:Epoch: 0190 lr: 0.01 train_loss: 1.1626 train_acc: 0.4120 train_f1: 0.4120 time: 0.3045s
INFO:root:Epoch: 0190 val_loss: 1.0777 val_acc: 0.5725 val_f1: 0.5725
/workspace/anaconda3/envs/geo/lib/python3.7/site-packages/torch/optim/lr_scheduler.py:370: UserWarning: To get the last learning rate computed by the scheduler, please use `get_last_lr()`.
  "please use `get_last_lr()`.", UserWarning)
INFO:root:Epoch: 0195 lr: 0.01 train_loss: 1.1878 train_acc: 0.3882 train_f1: 0.3882 time: 0.3064s
INFO:root:Epoch: 0195 val_loss: 1.0650 val_acc: 0.5840 val_f1: 0.5840
/workspace/anaconda3/envs/geo/lib/python3.7/site-packages/torch/optim/lr_scheduler.py:370: UserWarning: To get the last learning rate computed by the scheduler, please use `get_last_lr()`.
  "please use `get_last_lr()`.", UserWarning)
INFO:root:Epoch: 0200 lr: 0.01 train_loss: 1.1557 train_acc: 0.4236 train_f1: 0.4236 time: 0.3041s
INFO:root:Epoch: 0200 val_loss: 1.0632 val_acc: 0.5840 val_f1: 0.5840
/workspace/anaconda3/envs/geo/lib/python3.7/site-packages/torch/optim/lr_scheduler.py:370: UserWarning: To get the last learning rate computed by the scheduler, please use `get_last_lr()`.
  "please use `get_last_lr()`.", UserWarning)
INFO:root:Epoch: 0205 lr: 0.01 train_loss: 1.1561 train_acc: 0.4099 train_f1: 0.4099 time: 0.3120s
INFO:root:Epoch: 0205 val_loss: 1.0656 val_acc: 0.5649 val_f1: 0.5649
/workspace/anaconda3/envs/geo/lib/python3.7/site-packages/torch/optim/lr_scheduler.py:370: UserWarning: To get the last learning rate computed by the scheduler, please use `get_last_lr()`.
  "please use `get_last_lr()`.", UserWarning)
INFO:root:Epoch: 0210 lr: 0.01 train_loss: 1.2105 train_acc: 0.3909 train_f1: 0.3909 time: 0.3045s
INFO:root:Epoch: 0210 val_loss: 1.0841 val_acc: 0.5534 val_f1: 0.5534
/workspace/anaconda3/envs/geo/lib/python3.7/site-packages/torch/optim/lr_scheduler.py:370: UserWarning: To get the last learning rate computed by the scheduler, please use `get_last_lr()`.
  "please use `get_last_lr()`.", UserWarning)
INFO:root:Epoch: 0215 lr: 0.01 train_loss: 1.1616 train_acc: 0.4275 train_f1: 0.4275 time: 0.3025s
INFO:root:Epoch: 0215 val_loss: 1.0494 val_acc: 0.5744 val_f1: 0.5744
/workspace/anaconda3/envs/geo/lib/python3.7/site-packages/torch/optim/lr_scheduler.py:370: UserWarning: To get the last learning rate computed by the scheduler, please use `get_last_lr()`.
  "please use `get_last_lr()`.", UserWarning)
INFO:root:Epoch: 0220 lr: 0.01 train_loss: 1.1578 train_acc: 0.4185 train_f1: 0.4185 time: 0.3030s
INFO:root:Epoch: 0220 val_loss: 1.0404 val_acc: 0.5782 val_f1: 0.5782
/workspace/anaconda3/envs/geo/lib/python3.7/site-packages/torch/optim/lr_scheduler.py:370: UserWarning: To get the last learning rate computed by the scheduler, please use `get_last_lr()`.
  "please use `get_last_lr()`.", UserWarning)
INFO:root:Epoch: 0225 lr: 0.01 train_loss: 1.1672 train_acc: 0.4260 train_f1: 0.4260 time: 0.3118s
INFO:root:Epoch: 0225 val_loss: 1.0408 val_acc: 0.5763 val_f1: 0.5763
/workspace/anaconda3/envs/geo/lib/python3.7/site-packages/torch/optim/lr_scheduler.py:370: UserWarning: To get the last learning rate computed by the scheduler, please use `get_last_lr()`.
  "please use `get_last_lr()`.", UserWarning)
INFO:root:Epoch: 0230 lr: 0.01 train_loss: 1.1551 train_acc: 0.4200 train_f1: 0.4200 time: 0.3027s
INFO:root:Epoch: 0230 val_loss: 1.0558 val_acc: 0.5573 val_f1: 0.5573
/workspace/anaconda3/envs/geo/lib/python3.7/site-packages/torch/optim/lr_scheduler.py:370: UserWarning: To get the last learning rate computed by the scheduler, please use `get_last_lr()`.
  "please use `get_last_lr()`.", UserWarning)
INFO:root:Epoch: 0235 lr: 0.01 train_loss: 1.1382 train_acc: 0.4352 train_f1: 0.4352 time: 0.3033s
INFO:root:Epoch: 0235 val_loss: 1.0527 val_acc: 0.5534 val_f1: 0.5534
/workspace/anaconda3/envs/geo/lib/python3.7/site-packages/torch/optim/lr_scheduler.py:370: UserWarning: To get the last learning rate computed by the scheduler, please use `get_last_lr()`.
  "please use `get_last_lr()`.", UserWarning)
INFO:root:Epoch: 0240 lr: 0.01 train_loss: 1.1526 train_acc: 0.4108 train_f1: 0.4108 time: 0.3044s
INFO:root:Epoch: 0240 val_loss: 1.0516 val_acc: 0.5477 val_f1: 0.5477
/workspace/anaconda3/envs/geo/lib/python3.7/site-packages/torch/optim/lr_scheduler.py:370: UserWarning: To get the last learning rate computed by the scheduler, please use `get_last_lr()`.
  "please use `get_last_lr()`.", UserWarning)
INFO:root:Epoch: 0245 lr: 0.01 train_loss: 1.1790 train_acc: 0.4191 train_f1: 0.4191 time: 0.3029s
INFO:root:Epoch: 0245 val_loss: 1.0564 val_acc: 0.5611 val_f1: 0.5611
/workspace/anaconda3/envs/geo/lib/python3.7/site-packages/torch/optim/lr_scheduler.py:370: UserWarning: To get the last learning rate computed by the scheduler, please use `get_last_lr()`.
  "please use `get_last_lr()`.", UserWarning)
INFO:root:Epoch: 0250 lr: 0.01 train_loss: 1.1828 train_acc: 0.4144 train_f1: 0.4144 time: 0.3042s
INFO:root:Epoch: 0250 val_loss: 1.0587 val_acc: 0.5649 val_f1: 0.5649
/workspace/anaconda3/envs/geo/lib/python3.7/site-packages/torch/optim/lr_scheduler.py:370: UserWarning: To get the last learning rate computed by the scheduler, please use `get_last_lr()`.
  "please use `get_last_lr()`.", UserWarning)
INFO:root:Epoch: 0255 lr: 0.01 train_loss: 1.1590 train_acc: 0.4025 train_f1: 0.4025 time: 0.3042s
INFO:root:Epoch: 0255 val_loss: 1.0540 val_acc: 0.5611 val_f1: 0.5611
/workspace/anaconda3/envs/geo/lib/python3.7/site-packages/torch/optim/lr_scheduler.py:370: UserWarning: To get the last learning rate computed by the scheduler, please use `get_last_lr()`.
  "please use `get_last_lr()`.", UserWarning)
INFO:root:Epoch: 0260 lr: 0.01 train_loss: 1.1624 train_acc: 0.4093 train_f1: 0.4093 time: 0.3019s
INFO:root:Epoch: 0260 val_loss: 1.0620 val_acc: 0.5134 val_f1: 0.5134
/workspace/anaconda3/envs/geo/lib/python3.7/site-packages/torch/optim/lr_scheduler.py:370: UserWarning: To get the last learning rate computed by the scheduler, please use `get_last_lr()`.
  "please use `get_last_lr()`.", UserWarning)
INFO:root:Epoch: 0265 lr: 0.01 train_loss: 1.1450 train_acc: 0.4313 train_f1: 0.4313 time: 0.3023s
INFO:root:Epoch: 0265 val_loss: 1.0490 val_acc: 0.5706 val_f1: 0.5706
/workspace/anaconda3/envs/geo/lib/python3.7/site-packages/torch/optim/lr_scheduler.py:370: UserWarning: To get the last learning rate computed by the scheduler, please use `get_last_lr()`.
  "please use `get_last_lr()`.", UserWarning)
INFO:root:Epoch: 0270 lr: 0.01 train_loss: 1.2781 train_acc: 0.3448 train_f1: 0.3448 time: 0.3099s
INFO:root:Epoch: 0270 val_loss: 1.0529 val_acc: 0.5611 val_f1: 0.5611
/workspace/anaconda3/envs/geo/lib/python3.7/site-packages/torch/optim/lr_scheduler.py:370: UserWarning: To get the last learning rate computed by the scheduler, please use `get_last_lr()`.
  "please use `get_last_lr()`.", UserWarning)
INFO:root:Epoch: 0275 lr: 0.01 train_loss: 1.1539 train_acc: 0.4218 train_f1: 0.4218 time: 0.3045s
INFO:root:Epoch: 0275 val_loss: 1.0571 val_acc: 0.5649 val_f1: 0.5649
/workspace/anaconda3/envs/geo/lib/python3.7/site-packages/torch/optim/lr_scheduler.py:370: UserWarning: To get the last learning rate computed by the scheduler, please use `get_last_lr()`.
  "please use `get_last_lr()`.", UserWarning)
INFO:root:Epoch: 0280 lr: 0.01 train_loss: 1.1452 train_acc: 0.4322 train_f1: 0.4322 time: 0.3018s
INFO:root:Epoch: 0280 val_loss: 1.0554 val_acc: 0.5553 val_f1: 0.5553
/workspace/anaconda3/envs/geo/lib/python3.7/site-packages/torch/optim/lr_scheduler.py:370: UserWarning: To get the last learning rate computed by the scheduler, please use `get_last_lr()`.
  "please use `get_last_lr()`.", UserWarning)
INFO:root:Epoch: 0285 lr: 0.01 train_loss: 1.1579 train_acc: 0.4183 train_f1: 0.4183 time: 0.3026s
INFO:root:Epoch: 0285 val_loss: 1.0505 val_acc: 0.5573 val_f1: 0.5573
/workspace/anaconda3/envs/geo/lib/python3.7/site-packages/torch/optim/lr_scheduler.py:370: UserWarning: To get the last learning rate computed by the scheduler, please use `get_last_lr()`.
  "please use `get_last_lr()`.", UserWarning)
INFO:root:Epoch: 0290 lr: 0.01 train_loss: 1.1410 train_acc: 0.4376 train_f1: 0.4376 time: 0.3044s
INFO:root:Epoch: 0290 val_loss: 1.0431 val_acc: 0.5611 val_f1: 0.5611
INFO:root:Early stopping
INFO:root:Optimization Finished!
INFO:root:Total time elapsed: 145.0628s
INFO:root:Val set results: val_loss: 1.0701 val_acc: 0.5859 val_f1: 0.5859
INFO:root:Test set results: test_loss: 0.9950 test_acc: 0.6183 test_f1: 0.6183
INFO:root:Saved model in /workspace/xiongbo/hgcn/logs/nc/2021_5_25/4
