INFO:root:Using: cuda:0
INFO:root:Using seed 1234.
INFO:root:MDModel(
  (encoder): HGCN(
    (layers): Sequential(
      (0): HyperbolicGraphConvolution(
        (linear): HypLinear(
          in_features=3032, out_features=10, c=Parameter containing:
          tensor([-1.], requires_grad=True)
        )
        (agg): HypAgg(
          c=Parameter containing:
          tensor([-1.], requires_grad=True)
        )
        (hyp_act): HypAct(
          c_in=Parameter containing:
          tensor([-1.], requires_grad=True), c_out=Parameter containing:
          tensor([-1.], requires_grad=True)
        )
      )
    )
  )
  (decoder): MDDecoder()
)
INFO:root:Total number of parameters: 30332
/workspace/anaconda3/envs/geo/lib/python3.7/site-packages/torch/optim/lr_scheduler.py:370: UserWarning: To get the last learning rate computed by the scheduler, please use `get_last_lr()`.
  "please use `get_last_lr()`.", UserWarning)
INFO:root:Epoch: 0005 lr: 0.01 train_loss: 97613.3750 train_distortion: 0.6779 train_mapscore: 0.0757 train_c: -1.0385 train_max_dist: 2.2346 train_imax: -0.0000 train_imin: -1.8981 time: 1.8869s
INFO:root:Epoch: 0010 lr: 0.01 train_loss: 93530.7656 train_distortion: 0.5668 train_mapscore: 0.1872 train_c: -1.0869 train_max_dist: 4.2964 train_imax: -0.0000 train_imin: -2.4279 time: 1.7538s
INFO:root:Epoch: 0015 lr: 0.01 train_loss: 89797.5938 train_distortion: 0.4757 train_mapscore: 0.2901 train_c: -1.1390 train_max_dist: 6.4125 train_imax: -0.0000 train_imin: -2.8601 time: 1.6852s
INFO:root:Epoch: 0020 lr: 0.01 train_loss: 85537.6094 train_distortion: 0.3845 train_mapscore: 0.3730 train_c: -1.1942 train_max_dist: 8.6386 train_imax: -0.0000 train_imin: -3.4812 time: 1.6888s
INFO:root:Epoch: 0025 lr: 0.01 train_loss: 80657.0156 train_distortion: 0.2964 train_mapscore: 0.4216 train_c: -1.2519 train_max_dist: 11.4346 train_imax: 0.2512 train_imin: -4.2748 time: 1.6590s
INFO:root:Epoch: 0030 lr: 0.01 train_loss: 75127.9844 train_distortion: 0.2228 train_mapscore: 0.4494 train_c: -1.3118 train_max_dist: 14.0347 train_imax: 0.8867 train_imin: -5.9035 time: 1.6277s
INFO:root:Epoch: 0035 lr: 0.01 train_loss: 68479.7734 train_distortion: 0.1866 train_mapscore: 0.4837 train_c: -1.3738 train_max_dist: 17.6638 train_imax: 1.3617 train_imin: -7.1974 time: 1.5927s
INFO:root:Epoch: 0040 lr: 0.01 train_loss: 60756.1328 train_distortion: 0.2385 train_mapscore: 0.5022 train_c: -1.4375 train_max_dist: 21.4391 train_imax: 0.5891 train_imin: -9.0848 time: 1.5854s
INFO:root:Epoch: 0045 lr: 0.01 train_loss: 52029.6719 train_distortion: 0.5004 train_mapscore: 0.4920 train_c: -1.5024 train_max_dist: 26.0056 train_imax: 1.9910 train_imin: -12.7618 time: 1.5711s
INFO:root:Epoch: 0050 lr: 0.01 train_loss: 42684.8125 train_distortion: 1.2238 train_mapscore: 0.5476 train_c: -1.5668 train_max_dist: 31.8813 train_imax: 4.6126 train_imin: -17.9231 time: 1.5684s
INFO:root:Epoch: 0055 lr: 0.01 train_loss: 35225.3125 train_distortion: 2.8512 train_mapscore: 0.6100 train_c: -1.6274 train_max_dist: 38.8315 train_imax: 8.1858 train_imin: -27.6896 time: 1.5700s
INFO:root:Epoch: 0060 lr: 0.01 train_loss: 29990.1309 train_distortion: 5.8246 train_mapscore: 0.6719 train_c: -1.6787 train_max_dist: 46.0776 train_imax: 10.1573 train_imin: -42.1735 time: 1.5685s
INFO:root:Epoch: 0065 lr: 0.01 train_loss: 28421.3945 train_distortion: 9.6687 train_mapscore: 0.7285 train_c: -1.7169 train_max_dist: 52.1133 train_imax: 24.6392 train_imin: -54.9366 time: 1.5729s
INFO:root:Epoch: 0070 lr: 0.01 train_loss: 31007.3086 train_distortion: 11.2273 train_mapscore: 0.7109 train_c: -1.7365 train_max_dist: 53.7344 train_imax: 26.2652 train_imin: -108.9757 time: 1.5954s
INFO:root:Epoch: 0075 lr: 0.01 train_loss: 29292.0879 train_distortion: 11.2680 train_mapscore: 0.7353 train_c: -1.7433 train_max_dist: 53.6494 train_imax: 29.7669 train_imin: -102.5998 time: 1.5884s
INFO:root:Epoch: 0080 lr: 0.01 train_loss: 26667.1406 train_distortion: 11.0488 train_mapscore: 0.7802 train_c: -1.7456 train_max_dist: 53.0029 train_imax: 28.2266 train_imin: -94.7088 time: 1.5879s
INFO:root:Epoch: 0085 lr: 0.01 train_loss: 23575.7324 train_distortion: 11.2558 train_mapscore: 0.8291 train_c: -1.7476 train_max_dist: 52.8701 train_imax: 28.3408 train_imin: -90.5482 time: 1.5780s
INFO:root:Epoch: 0090 lr: 0.01 train_loss: 21713.7930 train_distortion: 12.0513 train_mapscore: 0.8608 train_c: -1.7506 train_max_dist: 53.6797 train_imax: 28.3083 train_imin: -89.1012 time: 1.5832s
INFO:root:Epoch: 0095 lr: 0.01 train_loss: 19420.5078 train_distortion: 13.3448 train_mapscore: 0.8932 train_c: -1.7549 train_max_dist: 55.3086 train_imax: 29.6264 train_imin: -92.0228 time: 1.5728s
INFO:root:Epoch: 0100 lr: 0.01 train_loss: 18653.5430 train_distortion: 14.9218 train_mapscore: 0.9045 train_c: -1.7594 train_max_dist: 57.2520 train_imax: 31.6531 train_imin: -97.3417 time: 1.5787s
INFO:root:Epoch: 0105 lr: 0.01 train_loss: 18495.2324 train_distortion: 15.9956 train_mapscore: 0.9084 train_c: -1.7614 train_max_dist: 58.7393 train_imax: 32.2890 train_imin: -98.7645 time: 1.5796s
INFO:root:Epoch: 0110 lr: 0.01 train_loss: 18598.8457 train_distortion: 16.4393 train_mapscore: 0.9105 train_c: -1.7607 train_max_dist: 59.2617 train_imax: 33.7747 train_imin: -98.5678 time: 1.5734s
INFO:root:Epoch: 0115 lr: 0.01 train_loss: 25660.2539 train_distortion: 14.4940 train_mapscore: 0.8254 train_c: -1.7496 train_max_dist: 57.1582 train_imax: 25.6406 train_imin: -108.0862 time: 1.5970s
INFO:root:Epoch: 0120 lr: 0.01 train_loss: 23561.6133 train_distortion: 12.9075 train_mapscore: 0.8417 train_c: -1.7408 train_max_dist: 55.3418 train_imax: 25.1248 train_imin: -111.4515 time: 1.5911s
INFO:root:Epoch: 0125 lr: 0.01 train_loss: 21817.5859 train_distortion: 12.6459 train_mapscore: 0.8693 train_c: -1.7375 train_max_dist: 54.8721 train_imax: 22.8530 train_imin: -112.9171 time: 1.5961s
INFO:root:Epoch: 0130 lr: 0.01 train_loss: 20015.4688 train_distortion: 13.5737 train_mapscore: 0.8965 train_c: -1.7388 train_max_dist: 55.7148 train_imax: 25.4977 train_imin: -116.8503 time: 1.5870s
INFO:root:Epoch: 0135 lr: 0.01 train_loss: 18230.9434 train_distortion: 15.2437 train_mapscore: 0.9189 train_c: -1.7431 train_max_dist: 57.2734 train_imax: 26.3487 train_imin: -123.8961 time: 1.5861s
INFO:root:Epoch: 0140 lr: 0.01 train_loss: 17292.4980 train_distortion: 17.0622 train_mapscore: 0.9304 train_c: -1.7465 train_max_dist: 59.2734 train_imax: 29.5615 train_imin: -132.2066 time: 1.5937s
INFO:root:Epoch: 0145 lr: 0.01 train_loss: 17397.0039 train_distortion: 18.4490 train_mapscore: 0.9345 train_c: -1.7470 train_max_dist: 60.8516 train_imax: 28.2423 train_imin: -136.9775 time: 1.5872s
INFO:root:Epoch: 0150 lr: 0.01 train_loss: 19609.8594 train_distortion: 18.5116 train_mapscore: 0.9206 train_c: -1.7426 train_max_dist: 60.9844 train_imax: 17.9178 train_imin: -133.9797 time: 1.5850s
INFO:root:Epoch: 0155 lr: 0.01 train_loss: 18029.7695 train_distortion: 17.6362 train_mapscore: 0.9296 train_c: -1.7338 train_max_dist: 60.1582 train_imax: 30.6226 train_imin: -127.8431 time: 1.5797s
INFO:root:Epoch: 0160 lr: 0.01 train_loss: 17037.3242 train_distortion: 16.9556 train_mapscore: 0.9337 train_c: -1.7261 train_max_dist: 59.2227 train_imax: 26.8306 train_imin: -123.1420 time: 1.5822s
INFO:root:Epoch: 0165 lr: 0.01 train_loss: 16055.4639 train_distortion: 17.0017 train_mapscore: 0.9416 train_c: -1.7220 train_max_dist: 59.2529 train_imax: 27.9158 train_imin: -121.5247 time: 1.5795s
INFO:root:Epoch: 0170 lr: 0.01 train_loss: 14967.1455 train_distortion: 17.6909 train_mapscore: 0.9490 train_c: -1.7199 train_max_dist: 59.8652 train_imax: 27.3987 train_imin: -123.5300 time: 1.5849s
INFO:root:Epoch: 0175 lr: 0.01 train_loss: 14908.9688 train_distortion: 18.6446 train_mapscore: 0.9523 train_c: -1.7187 train_max_dist: 60.7930 train_imax: 28.3552 train_imin: -126.8388 time: 1.5790s
INFO:root:Epoch: 0180 lr: 0.01 train_loss: 14330.5723 train_distortion: 19.3533 train_mapscore: 0.9559 train_c: -1.7168 train_max_dist: 61.4355 train_imax: 30.0559 train_imin: -128.5435 time: 1.5832s
INFO:root:Epoch: 0185 lr: 0.01 train_loss: 13830.7363 train_distortion: 19.7153 train_mapscore: 0.9614 train_c: -1.7136 train_max_dist: 61.6758 train_imax: 32.6068 train_imin: -127.3424 time: 1.5728s
INFO:root:Epoch: 0190 lr: 0.01 train_loss: 13475.3145 train_distortion: 19.9073 train_mapscore: 0.9640 train_c: -1.7098 train_max_dist: 61.6992 train_imax: 29.9485 train_imin: -127.2003 time: 1.5718s
INFO:root:Epoch: 0195 lr: 0.01 train_loss: 12971.0020 train_distortion: 19.9739 train_mapscore: 0.9660 train_c: -1.7058 train_max_dist: 61.6719 train_imax: 30.5437 train_imin: -125.7173 time: 1.5723s
INFO:root:Epoch: 0200 lr: 0.01 train_loss: 12702.4863 train_distortion: 20.0402 train_mapscore: 0.9676 train_c: -1.7016 train_max_dist: 61.7070 train_imax: 30.4648 train_imin: -123.9277 time: 1.5717s
INFO:root:Epoch: 0205 lr: 0.01 train_loss: 12527.4102 train_distortion: 20.0692 train_mapscore: 0.9680 train_c: -1.6973 train_max_dist: 61.6250 train_imax: 30.2425 train_imin: -121.8105 time: 1.5711s
INFO:root:Epoch: 0210 lr: 0.01 train_loss: 12268.8467 train_distortion: 20.0971 train_mapscore: 0.9703 train_c: -1.6934 train_max_dist: 61.5840 train_imax: 32.3647 train_imin: -121.0112 time: 1.5688s
INFO:root:Epoch: 0215 lr: 0.01 train_loss: 12154.0693 train_distortion: 20.2231 train_mapscore: 0.9709 train_c: -1.6896 train_max_dist: 61.5527 train_imax: 30.4316 train_imin: -118.9359 time: 1.5729s
INFO:root:Epoch: 0220 lr: 0.01 train_loss: 11890.4023 train_distortion: 20.3156 train_mapscore: 0.9735 train_c: -1.6862 train_max_dist: 61.5039 train_imax: 29.3565 train_imin: -117.7552 time: 1.5696s
INFO:root:Epoch: 0225 lr: 0.01 train_loss: 11631.0684 train_distortion: 20.3802 train_mapscore: 0.9748 train_c: -1.6824 train_max_dist: 61.5996 train_imax: 30.0797 train_imin: -117.3077 time: 1.5715s
INFO:root:Epoch: 0230 lr: 0.01 train_loss: 11770.2080 train_distortion: 20.4664 train_mapscore: 0.9725 train_c: -1.6789 train_max_dist: 61.5488 train_imax: 31.1028 train_imin: -115.9593 time: 1.5701s
INFO:root:Epoch: 0235 lr: 0.01 train_loss: 11621.2598 train_distortion: 20.3643 train_mapscore: 0.9753 train_c: -1.6750 train_max_dist: 61.3320 train_imax: 26.8630 train_imin: -113.9212 time: 1.5731s
INFO:root:Epoch: 0240 lr: 0.01 train_loss: 11333.3672 train_distortion: 20.3754 train_mapscore: 0.9754 train_c: -1.6713 train_max_dist: 61.1523 train_imax: 27.9370 train_imin: -112.2574 time: 1.6140s
INFO:root:Epoch: 0245 lr: 0.01 train_loss: 11049.6133 train_distortion: 20.4871 train_mapscore: 0.9772 train_c: -1.6684 train_max_dist: 61.1953 train_imax: 31.9579 train_imin: -111.4104 time: 1.6081s
INFO:root:Epoch: 0250 lr: 0.01 train_loss: 12981.0117 train_distortion: 20.1240 train_mapscore: 0.9683 train_c: -1.6649 train_max_dist: 60.6777 train_imax: 14.5599 train_imin: -107.9914 time: 1.6127s
INFO:root:Epoch: 0255 lr: 0.01 train_loss: 12128.6719 train_distortion: 19.7951 train_mapscore: 0.9724 train_c: -1.6595 train_max_dist: 60.1973 train_imax: 14.2082 train_imin: -106.6688 time: 1.6019s
INFO:root:Epoch: 0260 lr: 0.01 train_loss: 11602.1250 train_distortion: 19.6840 train_mapscore: 0.9757 train_c: -1.6545 train_max_dist: 59.9023 train_imax: 13.9414 train_imin: -105.6798 time: 1.5965s
INFO:root:Epoch: 0265 lr: 0.01 train_loss: 11268.7783 train_distortion: 19.8911 train_mapscore: 0.9771 train_c: -1.6512 train_max_dist: 60.2539 train_imax: 14.9282 train_imin: -104.3840 time: 1.5996s
INFO:root:Epoch: 0270 lr: 0.01 train_loss: 10875.1953 train_distortion: 20.3304 train_mapscore: 0.9783 train_c: -1.6485 train_max_dist: 60.6836 train_imax: 15.7301 train_imin: -107.5790 time: 1.6019s
INFO:root:Epoch: 0275 lr: 0.01 train_loss: 10440.9023 train_distortion: 20.7453 train_mapscore: 0.9785 train_c: -1.6466 train_max_dist: 60.8750 train_imax: 18.3246 train_imin: -107.6102 time: 1.6090s
INFO:root:Epoch: 0280 lr: 0.01 train_loss: 10371.6758 train_distortion: 21.0622 train_mapscore: 0.9805 train_c: -1.6442 train_max_dist: 60.8633 train_imax: 21.5229 train_imin: -108.7855 time: 1.5998s
INFO:root:Epoch: 0285 lr: 0.01 train_loss: 10891.3184 train_distortion: 21.1936 train_mapscore: 0.9783 train_c: -1.6417 train_max_dist: 60.6123 train_imax: 20.4148 train_imin: -107.5251 time: 1.6021s
INFO:root:Epoch: 0290 lr: 0.01 train_loss: 11006.8438 train_distortion: 20.9747 train_mapscore: 0.9771 train_c: -1.6382 train_max_dist: 60.2695 train_imax: 21.2337 train_imin: -105.4940 time: 1.5973s
INFO:root:Epoch: 0295 lr: 0.01 train_loss: 10644.1416 train_distortion: 20.5785 train_mapscore: 0.9792 train_c: -1.6345 train_max_dist: 59.8203 train_imax: 21.7333 train_imin: -101.9068 time: 1.5982s
INFO:root:Epoch: 0300 lr: 0.01 train_loss: 10294.1152 train_distortion: 20.3005 train_mapscore: 0.9805 train_c: -1.6311 train_max_dist: 59.5664 train_imax: 19.5319 train_imin: -99.8716 time: 1.5968s
INFO:root:Epoch: 0305 lr: 0.01 train_loss: 10200.1855 train_distortion: 20.3241 train_mapscore: 0.9808 train_c: -1.6301 train_max_dist: 59.4668 train_imax: 18.4501 train_imin: -98.9621 time: 1.5942s
INFO:root:Epoch: 0310 lr: 0.01 train_loss: 9758.7852 train_distortion: 20.5851 train_mapscore: 0.9820 train_c: -1.6292 train_max_dist: 59.7188 train_imax: 20.0716 train_imin: -98.5482 time: 1.5945s
INFO:root:Epoch: 0315 lr: 0.01 train_loss: 9765.7627 train_distortion: 20.9399 train_mapscore: 0.9824 train_c: -1.6292 train_max_dist: 59.9961 train_imax: 20.9655 train_imin: -98.8314 time: 1.6123s
INFO:root:Epoch: 0320 lr: 0.01 train_loss: 9660.8818 train_distortion: 21.2663 train_mapscore: 0.9838 train_c: -1.6295 train_max_dist: 60.2285 train_imax: 20.5178 train_imin: -100.1056 time: 1.5955s
INFO:root:Epoch: 0325 lr: 0.01 train_loss: 9627.4844 train_distortion: 21.4435 train_mapscore: 0.9828 train_c: -1.6292 train_max_dist: 60.2793 train_imax: 20.0981 train_imin: -98.4394 time: 1.5966s
INFO:root:Epoch: 0330 lr: 0.01 train_loss: 9411.3232 train_distortion: 21.4863 train_mapscore: 0.9842 train_c: -1.6282 train_max_dist: 60.3223 train_imax: 20.1836 train_imin: -98.2929 time: 1.6045s
INFO:root:Epoch: 0335 lr: 0.01 train_loss: 9499.1992 train_distortion: 21.5201 train_mapscore: 0.9837 train_c: -1.6269 train_max_dist: 60.2773 train_imax: 20.0370 train_imin: -97.7042 time: 1.5973s
INFO:root:Epoch: 0340 lr: 0.01 train_loss: 9217.8184 train_distortion: 21.5121 train_mapscore: 0.9850 train_c: -1.6262 train_max_dist: 60.2578 train_imax: 19.5834 train_imin: -96.0045 time: 1.5931s
INFO:root:Epoch: 0345 lr: 0.01 train_loss: 9355.2402 train_distortion: 21.5866 train_mapscore: 0.9840 train_c: -1.6254 train_max_dist: 60.3438 train_imax: 19.9468 train_imin: -96.7414 time: 1.5942s
INFO:root:Epoch: 0350 lr: 0.01 train_loss: 9056.9531 train_distortion: 21.6356 train_mapscore: 0.9842 train_c: -1.6251 train_max_dist: 60.3652 train_imax: 20.4757 train_imin: -94.8236 time: 1.6005s
INFO:root:Epoch: 0355 lr: 0.01 train_loss: 9135.6250 train_distortion: 21.6156 train_mapscore: 0.9844 train_c: -1.6240 train_max_dist: 60.2715 train_imax: 20.2339 train_imin: -94.4309 time: 1.5969s
INFO:root:Epoch: 0360 lr: 0.01 train_loss: 8921.3887 train_distortion: 21.6314 train_mapscore: 0.9848 train_c: -1.6236 train_max_dist: 60.3203 train_imax: 20.1970 train_imin: -95.6061 time: 1.5975s
INFO:root:Epoch: 0365 lr: 0.01 train_loss: 8860.2119 train_distortion: 21.8151 train_mapscore: 0.9857 train_c: -1.6242 train_max_dist: 60.3828 train_imax: 19.2303 train_imin: -94.5901 time: 1.5881s
INFO:root:Epoch: 0370 lr: 0.01 train_loss: 8916.4492 train_distortion: 21.9275 train_mapscore: 0.9861 train_c: -1.6238 train_max_dist: 60.5566 train_imax: 19.6677 train_imin: -94.5914 time: 1.5952s
INFO:root:Epoch: 0375 lr: 0.01 train_loss: 8904.4043 train_distortion: 21.9872 train_mapscore: 0.9859 train_c: -1.6237 train_max_dist: 60.5000 train_imax: 19.9418 train_imin: -93.6934 time: 1.5989s
INFO:root:Epoch: 0380 lr: 0.01 train_loss: 8812.9062 train_distortion: 21.9845 train_mapscore: 0.9855 train_c: -1.6230 train_max_dist: 60.5488 train_imax: 20.3149 train_imin: -93.1275 time: 1.5913s
INFO:root:Epoch: 0385 lr: 0.01 train_loss: 8910.2305 train_distortion: 21.9437 train_mapscore: 0.9860 train_c: -1.6229 train_max_dist: 60.4434 train_imax: 21.4627 train_imin: -91.6743 time: 1.5962s
INFO:root:Epoch: 0390 lr: 0.01 train_loss: 8875.7373 train_distortion: 21.8785 train_mapscore: 0.9860 train_c: -1.6225 train_max_dist: 60.3340 train_imax: 19.8640 train_imin: -92.4282 time: 1.6008s
INFO:root:Epoch: 0395 lr: 0.01 train_loss: 8752.9512 train_distortion: 21.7678 train_mapscore: 0.9870 train_c: -1.6219 train_max_dist: 60.2168 train_imax: 20.3289 train_imin: -90.1372 time: 1.6000s
INFO:root:Epoch: 0400 lr: 0.01 train_loss: 8698.3701 train_distortion: 21.8433 train_mapscore: 0.9863 train_c: -1.6224 train_max_dist: 60.2852 train_imax: 19.4168 train_imin: -90.2151 time: 1.5949s
INFO:root:Epoch: 0405 lr: 0.01 train_loss: 8548.4873 train_distortion: 21.8883 train_mapscore: 0.9861 train_c: -1.6225 train_max_dist: 60.2383 train_imax: 19.6076 train_imin: -89.9074 time: 1.5966s
INFO:root:Epoch: 0410 lr: 0.01 train_loss: 8486.5566 train_distortion: 22.0399 train_mapscore: 0.9872 train_c: -1.6231 train_max_dist: 60.4297 train_imax: 19.1617 train_imin: -89.4793 time: 1.5943s
INFO:root:Epoch: 0415 lr: 0.01 train_loss: 8421.6729 train_distortion: 22.2613 train_mapscore: 0.9865 train_c: -1.6239 train_max_dist: 60.5605 train_imax: 19.5950 train_imin: -89.5072 time: 1.5939s
INFO:root:Epoch: 0420 lr: 0.01 train_loss: 8309.2959 train_distortion: 22.4017 train_mapscore: 0.9868 train_c: -1.6245 train_max_dist: 60.6172 train_imax: 19.2694 train_imin: -89.5972 time: 1.6005s
INFO:root:Epoch: 0425 lr: 0.01 train_loss: 8298.0107 train_distortion: 22.4940 train_mapscore: 0.9870 train_c: -1.6249 train_max_dist: 60.6543 train_imax: 19.9506 train_imin: -90.1263 time: 1.5963s
INFO:root:Epoch: 0430 lr: 0.01 train_loss: 8328.6973 train_distortion: 22.5560 train_mapscore: 0.9867 train_c: -1.6252 train_max_dist: 60.6680 train_imax: 19.6905 train_imin: -89.7814 time: 1.6045s
INFO:root:Epoch: 0435 lr: 0.01 train_loss: 25223.1211 train_distortion: 23.0458 train_mapscore: 0.8832 train_c: -1.6266 train_max_dist: 61.3945 train_imax: 44.2870 train_imin: -91.0923 time: 1.6025s
INFO:root:Epoch: 0440 lr: 0.01 train_loss: 88039.9219 train_distortion: 28.6183 train_mapscore: 0.3200 train_c: -1.6626 train_max_dist: 66.5000 train_imax: 97.8405 train_imin: -89.5063 time: 1.7022s
INFO:root:Epoch: 0445 lr: 0.01 train_loss: 112298.3125 train_distortion: 24.0318 train_mapscore: 0.1630 train_c: -1.6212 train_max_dist: 62.6211 train_imax: 134.6588 train_imin: -75.7476 time: 1.8295s
INFO:root:Epoch: 0450 lr: 0.01 train_loss: 104436.2188 train_distortion: 13.6640 train_mapscore: 0.1188 train_c: -1.5238 train_max_dist: 51.7383 train_imax: 116.0210 train_imin: -66.8299 time: 1.8707s
INFO:root:Epoch: 0455 lr: 0.01 train_loss: 94118.5469 train_distortion: 6.8311 train_mapscore: 0.0987 train_c: -1.4037 train_max_dist: 40.8496 train_imax: 79.8401 train_imin: -48.1103 time: 1.9023s
INFO:root:Epoch: 0460 lr: 0.01 train_loss: 87409.3438 train_distortion: 3.4195 train_mapscore: 0.0883 train_c: -1.2922 train_max_dist: 32.8530 train_imax: 52.0608 train_imin: -34.5867 time: 1.9283s
INFO:root:Epoch: 0465 lr: 0.01 train_loss: 83977.0000 train_distortion: 1.8421 train_mapscore: 0.0831 train_c: -1.2050 train_max_dist: 27.4404 train_imax: 35.4133 train_imin: -26.2674 time: 1.9672s
INFO:root:Epoch: 0470 lr: 0.01 train_loss: 82294.6250 train_distortion: 1.1181 train_mapscore: 0.0820 train_c: -1.1461 train_max_dist: 23.9814 train_imax: 25.6962 train_imin: -21.3505 time: 1.9420s
INFO:root:Epoch: 0475 lr: 0.01 train_loss: 81459.5000 train_distortion: 0.7813 train_mapscore: 0.0805 train_c: -1.1143 train_max_dist: 21.9500 train_imax: 19.8840 train_imin: -18.5456 time: 1.9403s
INFO:root:Epoch: 0480 lr: 0.01 train_loss: 81100.0625 train_distortion: 0.6213 train_mapscore: 0.0817 train_c: -1.1038 train_max_dist: 20.8630 train_imax: 16.1479 train_imin: -16.9912 time: 1.9524s
INFO:root:Epoch: 0485 lr: 0.01 train_loss: 80767.5156 train_distortion: 0.5463 train_mapscore: 0.0836 train_c: -1.1091 train_max_dist: 20.3621 train_imax: 13.7431 train_imin: -16.1863 time: 1.9433s
INFO:root:Epoch: 0490 lr: 0.01 train_loss: 80470.2891 train_distortion: 0.5151 train_mapscore: 0.0859 train_c: -1.1241 train_max_dist: 20.2322 train_imax: 12.2298 train_imin: -15.8284 time: 1.9676s
INFO:root:Epoch: 0495 lr: 0.01 train_loss: 80172.0469 train_distortion: 0.5083 train_mapscore: 0.0885 train_c: -1.1452 train_max_dist: 20.3387 train_imax: 11.2359 train_imin: -15.7418 time: 1.9398s
INFO:root:Epoch: 0500 lr: 0.01 train_loss: 79881.0312 train_distortion: 0.5161 train_mapscore: 0.0904 train_c: -1.1696 train_max_dist: 20.5905 train_imax: 10.5732 train_imin: -15.8150 time: 1.9351s
INFO:root:Epoch: 0505 lr: 0.01 train_loss: 79567.3125 train_distortion: 0.5324 train_mapscore: 0.0940 train_c: -1.1951 train_max_dist: 20.9165 train_imax: 10.0808 train_imin: -15.9672 time: 1.9397s
INFO:root:Epoch: 0510 lr: 0.01 train_loss: 79214.5469 train_distortion: 0.5538 train_mapscore: 0.0956 train_c: -1.2205 train_max_dist: 21.2837 train_imax: 9.6749 train_imin: -16.1637 time: 1.9492s
INFO:root:Epoch: 0515 lr: 0.01 train_loss: 78894.1797 train_distortion: 0.5795 train_mapscore: 0.0972 train_c: -1.2452 train_max_dist: 21.6746 train_imax: 9.3082 train_imin: -16.3964 time: 1.9327s
INFO:root:Epoch: 0520 lr: 0.01 train_loss: 78524.7031 train_distortion: 0.6076 train_mapscore: 0.0988 train_c: -1.2686 train_max_dist: 22.1096 train_imax: 8.9547 train_imin: -16.6406 time: 1.9487s
INFO:root:Epoch: 0525 lr: 0.01 train_loss: 78200.0703 train_distortion: 0.6376 train_mapscore: 0.1022 train_c: -1.2904 train_max_dist: 22.5425 train_imax: 8.6458 train_imin: -16.8881 time: 1.9346s
INFO:root:Epoch: 0530 lr: 0.01 train_loss: 77839.2422 train_distortion: 0.6695 train_mapscore: 0.1043 train_c: -1.3111 train_max_dist: 22.9744 train_imax: 8.3701 train_imin: -17.1473 time: 1.9250s
INFO:root:Epoch: 0535 lr: 0.01 train_loss: 77524.8281 train_distortion: 0.7026 train_mapscore: 0.1071 train_c: -1.3302 train_max_dist: 23.3947 train_imax: 8.1452 train_imin: -17.4093 time: 1.9225s
INFO:root:Epoch: 0540 lr: 0.01 train_loss: 77186.1172 train_distortion: 0.7360 train_mapscore: 0.1099 train_c: -1.3480 train_max_dist: 23.7994 train_imax: 7.9465 train_imin: -17.6661 time: 1.9230s
INFO:root:Epoch: 0545 lr: 0.01 train_loss: 76860.7656 train_distortion: 0.7700 train_mapscore: 0.1124 train_c: -1.3645 train_max_dist: 24.1897 train_imax: 7.8007 train_imin: -17.9223 time: 1.8777s
INFO:root:Epoch: 0550 lr: 0.01 train_loss: 76539.9688 train_distortion: 0.8046 train_mapscore: 0.1144 train_c: -1.3797 train_max_dist: 24.5673 train_imax: 7.6856 train_imin: -18.1779 time: 1.8805s
INFO:root:Epoch: 0555 lr: 0.01 train_loss: 76222.1953 train_distortion: 0.8394 train_mapscore: 0.1175 train_c: -1.3940 train_max_dist: 24.9296 train_imax: 7.5896 train_imin: -18.4312 time: 1.8795s
INFO:root:Epoch: 0560 lr: 0.01 train_loss: 75909.2188 train_distortion: 0.8738 train_mapscore: 0.1194 train_c: -1.4073 train_max_dist: 25.2755 train_imax: 7.5276 train_imin: -18.6734 time: 1.8701s
INFO:root:Epoch: 0565 lr: 0.01 train_loss: 75597.5469 train_distortion: 0.9082 train_mapscore: 0.1232 train_c: -1.4197 train_max_dist: 25.6100 train_imax: 7.4911 train_imin: -18.9067 time: 1.8660s
INFO:root:Epoch: 0570 lr: 0.01 train_loss: 75301.6406 train_distortion: 0.9424 train_mapscore: 0.1270 train_c: -1.4317 train_max_dist: 25.9337 train_imax: 7.4218 train_imin: -19.1358 time: 1.8710s
INFO:root:Epoch: 0575 lr: 0.01 train_loss: 74989.6172 train_distortion: 0.9760 train_mapscore: 0.1303 train_c: -1.4432 train_max_dist: 26.2458 train_imax: 7.3398 train_imin: -19.3600 time: 1.8682s
INFO:root:Epoch: 0580 lr: 0.01 train_loss: 74682.1406 train_distortion: 1.0094 train_mapscore: 0.1329 train_c: -1.4538 train_max_dist: 26.5439 train_imax: 7.2835 train_imin: -19.5775 time: 1.8591s
INFO:root:Epoch: 0585 lr: 0.01 train_loss: 74377.7812 train_distortion: 1.0430 train_mapscore: 0.1353 train_c: -1.4637 train_max_dist: 26.8323 train_imax: 7.2637 train_imin: -19.7909 time: 1.8540s
INFO:root:Epoch: 0590 lr: 0.01 train_loss: 74074.8203 train_distortion: 1.0766 train_mapscore: 0.1383 train_c: -1.4729 train_max_dist: 27.1128 train_imax: 7.2819 train_imin: -19.9998 time: 1.8548s
INFO:root:Epoch: 0595 lr: 0.01 train_loss: 73770.2344 train_distortion: 1.1109 train_mapscore: 0.1417 train_c: -1.4817 train_max_dist: 27.3901 train_imax: 7.3285 train_imin: -20.2126 time: 1.8494s
INFO:root:Epoch: 0600 lr: 0.01 train_loss: 73467.7812 train_distortion: 1.1457 train_mapscore: 0.1459 train_c: -1.4900 train_max_dist: 27.6643 train_imax: 7.3883 train_imin: -20.4253 time: 1.8483s
INFO:root:Epoch: 0605 lr: 0.01 train_loss: 73168.4844 train_distortion: 1.1806 train_mapscore: 0.1496 train_c: -1.4979 train_max_dist: 27.9312 train_imax: 7.4687 train_imin: -20.6353 time: 1.8541s
INFO:root:Epoch: 0610 lr: 0.01 train_loss: 72869.3047 train_distortion: 1.2159 train_mapscore: 0.1531 train_c: -1.5055 train_max_dist: 28.1960 train_imax: 7.5362 train_imin: -20.8421 time: 1.8504s
INFO:root:Epoch: 0615 lr: 0.01 train_loss: 72569.8203 train_distortion: 1.2518 train_mapscore: 0.1564 train_c: -1.5127 train_max_dist: 28.4537 train_imax: 7.6221 train_imin: -21.0527 time: 1.8550s
INFO:root:Epoch: 0620 lr: 0.01 train_loss: 72270.4688 train_distortion: 1.2880 train_mapscore: 0.1605 train_c: -1.5197 train_max_dist: 28.7100 train_imax: 7.7080 train_imin: -21.2623 time: 1.8425s
INFO:root:Epoch: 0625 lr: 0.01 train_loss: 71971.1875 train_distortion: 1.3243 train_mapscore: 0.1631 train_c: -1.5265 train_max_dist: 28.9609 train_imax: 7.7866 train_imin: -21.4714 time: 1.8417s
INFO:root:Epoch: 0630 lr: 0.01 train_loss: 71673.0781 train_distortion: 1.3613 train_mapscore: 0.1650 train_c: -1.5330 train_max_dist: 29.2107 train_imax: 7.8960 train_imin: -21.6786 time: 1.8382s
INFO:root:Epoch: 0635 lr: 0.01 train_loss: 71375.6719 train_distortion: 1.3993 train_mapscore: 0.1691 train_c: -1.5395 train_max_dist: 29.4587 train_imax: 7.9850 train_imin: -21.8932 time: 1.8379s
INFO:root:Epoch: 0640 lr: 0.01 train_loss: 71076.2109 train_distortion: 1.4375 train_mapscore: 0.1726 train_c: -1.5459 train_max_dist: 29.7070 train_imax: 8.0660 train_imin: -22.1029 time: 1.8348s
INFO:root:Epoch: 0645 lr: 0.01 train_loss: 70777.4531 train_distortion: 1.4765 train_mapscore: 0.1754 train_c: -1.5522 train_max_dist: 29.9563 train_imax: 8.1371 train_imin: -22.3144 time: 1.8277s
INFO:root:Epoch: 0650 lr: 0.01 train_loss: 70478.7578 train_distortion: 1.5164 train_mapscore: 0.1798 train_c: -1.5584 train_max_dist: 30.2051 train_imax: 8.2017 train_imin: -22.5294 time: 1.8240s
INFO:root:Epoch: 0655 lr: 0.01 train_loss: 70180.4453 train_distortion: 1.5569 train_mapscore: 0.1836 train_c: -1.5644 train_max_dist: 30.4521 train_imax: 8.2821 train_imin: -22.7394 time: 1.8193s
INFO:root:Epoch: 0660 lr: 0.01 train_loss: 69881.0781 train_distortion: 1.5991 train_mapscore: 0.1887 train_c: -1.5702 train_max_dist: 30.7007 train_imax: 8.3661 train_imin: -22.9595 time: 1.8229s
INFO:root:Epoch: 0665 lr: 0.01 train_loss: 69581.4141 train_distortion: 1.6427 train_mapscore: 0.1913 train_c: -1.5758 train_max_dist: 30.9504 train_imax: 8.4363 train_imin: -23.1883 time: 1.8203s
INFO:root:Epoch: 0670 lr: 0.01 train_loss: 69294.4062 train_distortion: 1.6860 train_mapscore: 0.1942 train_c: -1.5816 train_max_dist: 31.1980 train_imax: 8.4797 train_imin: -23.4091 time: 1.8150s
INFO:root:Epoch: 0675 lr: 0.01 train_loss: 68991.3594 train_distortion: 1.7301 train_mapscore: 0.1981 train_c: -1.5871 train_max_dist: 31.4426 train_imax: 8.5342 train_imin: -23.6332 time: 1.8121s
INFO:root:Epoch: 0680 lr: 0.01 train_loss: 68707.8125 train_distortion: 1.7749 train_mapscore: 0.2008 train_c: -1.5923 train_max_dist: 31.6858 train_imax: 8.6025 train_imin: -23.8518 time: 1.8247s
INFO:root:Epoch: 0685 lr: 0.01 train_loss: 68400.1094 train_distortion: 1.8201 train_mapscore: 0.2035 train_c: -1.5973 train_max_dist: 31.9263 train_imax: 8.6352 train_imin: -24.0636 time: 1.8106s
INFO:root:Epoch: 0690 lr: 0.01 train_loss: 68098.1016 train_distortion: 1.8662 train_mapscore: 0.2064 train_c: -1.6020 train_max_dist: 32.1633 train_imax: 8.7080 train_imin: -24.2812 time: 1.8110s
INFO:root:Epoch: 0695 lr: 0.01 train_loss: 67796.6016 train_distortion: 1.9125 train_mapscore: 0.2107 train_c: -1.6061 train_max_dist: 32.3918 train_imax: 8.7808 train_imin: -24.4977 time: 1.8530s
INFO:root:Epoch: 0700 lr: 0.01 train_loss: 67493.8906 train_distortion: 1.9606 train_mapscore: 0.2146 train_c: -1.6102 train_max_dist: 32.6252 train_imax: 8.8528 train_imin: -24.7198 time: 1.8160s
INFO:root:Epoch: 0705 lr: 0.01 train_loss: 67197.9531 train_distortion: 2.0102 train_mapscore: 0.2187 train_c: -1.6144 train_max_dist: 32.8591 train_imax: 8.9655 train_imin: -24.9459 time: 1.7961s
INFO:root:Epoch: 0710 lr: 0.01 train_loss: 66896.0938 train_distortion: 2.0601 train_mapscore: 0.2212 train_c: -1.6184 train_max_dist: 33.0947 train_imax: 9.0633 train_imin: -25.1706 time: 1.7980s
INFO:root:Epoch: 0715 lr: 0.01 train_loss: 66589.8281 train_distortion: 2.1112 train_mapscore: 0.2239 train_c: -1.6224 train_max_dist: 33.3293 train_imax: 9.1810 train_imin: -25.4041 time: 1.7951s
INFO:root:Epoch: 0720 lr: 0.01 train_loss: 66285.4688 train_distortion: 2.1632 train_mapscore: 0.2276 train_c: -1.6262 train_max_dist: 33.5654 train_imax: 9.2639 train_imin: -25.6408 time: 1.7856s
INFO:root:Epoch: 0725 lr: 0.01 train_loss: 65983.7812 train_distortion: 2.2156 train_mapscore: 0.2325 train_c: -1.6297 train_max_dist: 33.7959 train_imax: 9.3824 train_imin: -25.8763 time: 1.7790s
INFO:root:Epoch: 0730 lr: 0.01 train_loss: 65679.3125 train_distortion: 2.2688 train_mapscore: 0.2353 train_c: -1.6332 train_max_dist: 34.0278 train_imax: 9.4661 train_imin: -26.1127 time: 1.7775s
INFO:root:Epoch: 0735 lr: 0.01 train_loss: 65376.5000 train_distortion: 2.3235 train_mapscore: 0.2407 train_c: -1.6365 train_max_dist: 34.2590 train_imax: 9.5386 train_imin: -26.3580 time: 1.7770s
INFO:root:Epoch: 0740 lr: 0.01 train_loss: 65074.9258 train_distortion: 2.3779 train_mapscore: 0.2445 train_c: -1.6396 train_max_dist: 34.4875 train_imax: 9.6463 train_imin: -26.5982 time: 1.7763s
INFO:root:Epoch: 0745 lr: 0.01 train_loss: 64774.1797 train_distortion: 2.4333 train_mapscore: 0.2474 train_c: -1.6427 train_max_dist: 34.7180 train_imax: 9.7361 train_imin: -26.8420 time: 1.7682s
INFO:root:Epoch: 0750 lr: 0.01 train_loss: 64473.1758 train_distortion: 2.4890 train_mapscore: 0.2517 train_c: -1.6456 train_max_dist: 34.9434 train_imax: 9.8174 train_imin: -27.0844 time: 1.7643s
INFO:root:Epoch: 0755 lr: 0.01 train_loss: 64173.4531 train_distortion: 2.5455 train_mapscore: 0.2556 train_c: -1.6485 train_max_dist: 35.1719 train_imax: 9.9182 train_imin: -27.3270 time: 1.7715s
INFO:root:Epoch: 0760 lr: 0.01 train_loss: 63874.3594 train_distortion: 2.6019 train_mapscore: 0.2600 train_c: -1.6513 train_max_dist: 35.3926 train_imax: 9.9800 train_imin: -27.5695 time: 1.7631s
INFO:root:Epoch: 0765 lr: 0.01 train_loss: 63575.5938 train_distortion: 2.6603 train_mapscore: 0.2630 train_c: -1.6542 train_max_dist: 35.6221 train_imax: 10.0812 train_imin: -27.8178 time: 1.7621s
INFO:root:Epoch: 0770 lr: 0.01 train_loss: 63277.3750 train_distortion: 2.7193 train_mapscore: 0.2681 train_c: -1.6571 train_max_dist: 35.8477 train_imax: 10.1498 train_imin: -28.0612 time: 1.7545s
INFO:root:Epoch: 0775 lr: 0.01 train_loss: 62982.1484 train_distortion: 2.7798 train_mapscore: 0.2712 train_c: -1.6598 train_max_dist: 36.0786 train_imax: 10.2275 train_imin: -28.3098 time: 1.7544s
INFO:root:Epoch: 0780 lr: 0.01 train_loss: 62687.8125 train_distortion: 2.8404 train_mapscore: 0.2751 train_c: -1.6624 train_max_dist: 36.3000 train_imax: 10.3090 train_imin: -28.5563 time: 1.7558s
INFO:root:Epoch: 0785 lr: 0.01 train_loss: 62394.5820 train_distortion: 2.9020 train_mapscore: 0.2783 train_c: -1.6649 train_max_dist: 36.5244 train_imax: 10.3594 train_imin: -28.8044 time: 1.7547s
INFO:root:Epoch: 0790 lr: 0.01 train_loss: 62102.8164 train_distortion: 2.9638 train_mapscore: 0.2833 train_c: -1.6671 train_max_dist: 36.7432 train_imax: 10.4722 train_imin: -29.0533 time: 1.7589s
INFO:root:Epoch: 0795 lr: 0.01 train_loss: 61811.9375 train_distortion: 3.0258 train_mapscore: 0.2876 train_c: -1.6693 train_max_dist: 36.9617 train_imax: 10.5525 train_imin: -29.2951 time: 1.7482s
INFO:root:Epoch: 0800 lr: 0.01 train_loss: 61625.2969 train_distortion: 3.0861 train_mapscore: 0.2766 train_c: -1.6715 train_max_dist: 37.1768 train_imax: 10.5369 train_imin: -29.5332 time: 1.7584s
INFO:root:Epoch: 0805 lr: 0.01 train_loss: 61478.3516 train_distortion: 3.1414 train_mapscore: 0.2673 train_c: -1.6735 train_max_dist: 37.3770 train_imax: 10.5286 train_imin: -29.7417 time: 1.7392s
INFO:root:Epoch: 0810 lr: 0.01 train_loss: 61223.7344 train_distortion: 3.1948 train_mapscore: 0.2731 train_c: -1.6751 train_max_dist: 37.5659 train_imax: 10.6193 train_imin: -29.9487 time: 1.7414s
INFO:root:Epoch: 0815 lr: 0.01 train_loss: 60939.2578 train_distortion: 3.2437 train_mapscore: 0.2795 train_c: -1.6761 train_max_dist: 37.7324 train_imax: 10.6654 train_imin: -30.1270 time: 1.7346s
INFO:root:Epoch: 0820 lr: 0.01 train_loss: 60635.6875 train_distortion: 3.2947 train_mapscore: 0.2854 train_c: -1.6769 train_max_dist: 37.9021 train_imax: 10.7890 train_imin: -30.3115 time: 1.7412s
INFO:root:Epoch: 0825 lr: 0.01 train_loss: 60323.0625 train_distortion: 3.3488 train_mapscore: 0.2903 train_c: -1.6777 train_max_dist: 38.0764 train_imax: 10.8539 train_imin: -30.5049 time: 1.7371s
INFO:root:Epoch: 0830 lr: 0.01 train_loss: 60033.5273 train_distortion: 3.4093 train_mapscore: 0.2958 train_c: -1.6790 train_max_dist: 38.2686 train_imax: 10.8759 train_imin: -30.7284 time: 1.7401s
INFO:root:Epoch: 0835 lr: 0.01 train_loss: 59737.4883 train_distortion: 3.4706 train_mapscore: 0.3008 train_c: -1.6806 train_max_dist: 38.4668 train_imax: 10.8532 train_imin: -30.9482 time: 1.7367s
INFO:root:Epoch: 0840 lr: 0.01 train_loss: 59428.3047 train_distortion: 3.5322 train_mapscore: 0.3070 train_c: -1.6822 train_max_dist: 38.6611 train_imax: 10.8167 train_imin: -31.1736 time: 1.7333s
INFO:root:Epoch: 0845 lr: 0.01 train_loss: 59140.4805 train_distortion: 3.5961 train_mapscore: 0.3112 train_c: -1.6837 train_max_dist: 38.8604 train_imax: 10.6712 train_imin: -31.4043 time: 1.7463s
INFO:root:Epoch: 0850 lr: 0.01 train_loss: 58836.2930 train_distortion: 3.6642 train_mapscore: 0.3174 train_c: -1.6855 train_max_dist: 39.0659 train_imax: 10.5865 train_imin: -31.6520 time: 1.7347s
INFO:root:Epoch: 0855 lr: 0.01 train_loss: 58540.2578 train_distortion: 3.7375 train_mapscore: 0.3213 train_c: -1.6871 train_max_dist: 39.2837 train_imax: 10.5918 train_imin: -31.9135 time: 1.7255s
INFO:root:Epoch: 0860 lr: 0.01 train_loss: 58247.1328 train_distortion: 3.8086 train_mapscore: 0.3269 train_c: -1.6881 train_max_dist: 39.4839 train_imax: 10.6006 train_imin: -32.1655 time: 1.7362s
INFO:root:Epoch: 0865 lr: 0.01 train_loss: 57956.3594 train_distortion: 3.8809 train_mapscore: 0.3319 train_c: -1.6890 train_max_dist: 39.6836 train_imax: 10.6147 train_imin: -32.4263 time: 1.7290s
INFO:root:Epoch: 0870 lr: 0.01 train_loss: 57669.0508 train_distortion: 3.9509 train_mapscore: 0.3368 train_c: -1.6898 train_max_dist: 39.8750 train_imax: 10.6713 train_imin: -32.6684 time: 1.7293s
INFO:root:Epoch: 0875 lr: 0.01 train_loss: 57382.8203 train_distortion: 4.0183 train_mapscore: 0.3414 train_c: -1.6904 train_max_dist: 40.0557 train_imax: 10.7096 train_imin: -32.8998 time: 1.7287s
INFO:root:Epoch: 0880 lr: 0.01 train_loss: 57097.3672 train_distortion: 4.0906 train_mapscore: 0.3459 train_c: -1.6910 train_max_dist: 40.2461 train_imax: 10.7627 train_imin: -33.1476 time: 1.7358s
INFO:root:Epoch: 0885 lr: 0.01 train_loss: 56811.8828 train_distortion: 4.1644 train_mapscore: 0.3503 train_c: -1.6914 train_max_dist: 40.4370 train_imax: 10.8665 train_imin: -33.4070 time: 1.7315s
INFO:root:Epoch: 0890 lr: 0.01 train_loss: 56531.3438 train_distortion: 4.2395 train_mapscore: 0.3528 train_c: -1.6916 train_max_dist: 40.6240 train_imax: 10.9414 train_imin: -33.6807 time: 1.7251s
INFO:root:Epoch: 0895 lr: 0.01 train_loss: 56249.7617 train_distortion: 4.3153 train_mapscore: 0.3578 train_c: -1.6919 train_max_dist: 40.8120 train_imax: 11.0216 train_imin: -33.9486 time: 1.7261s
INFO:root:Epoch: 0900 lr: 0.01 train_loss: 55972.1406 train_distortion: 4.3914 train_mapscore: 0.3628 train_c: -1.6920 train_max_dist: 40.9956 train_imax: 11.0991 train_imin: -34.2120 time: 1.7337s
INFO:root:Epoch: 0905 lr: 0.01 train_loss: 55699.5352 train_distortion: 4.4714 train_mapscore: 0.3666 train_c: -1.6922 train_max_dist: 41.1807 train_imax: 11.2027 train_imin: -34.4950 time: 1.7196s
INFO:root:Epoch: 0910 lr: 0.01 train_loss: 55424.1719 train_distortion: 4.5476 train_mapscore: 0.3711 train_c: -1.6922 train_max_dist: 41.3555 train_imax: 11.2263 train_imin: -34.7602 time: 1.7183s
INFO:root:Epoch: 0915 lr: 0.01 train_loss: 55151.2344 train_distortion: 4.6254 train_mapscore: 0.3740 train_c: -1.6922 train_max_dist: 41.5332 train_imax: 11.3046 train_imin: -35.0262 time: 1.7112s
INFO:root:Epoch: 0920 lr: 0.01 train_loss: 54871.4141 train_distortion: 4.7062 train_mapscore: 0.3800 train_c: -1.6922 train_max_dist: 41.7134 train_imax: 11.3915 train_imin: -35.3088 time: 1.7153s
INFO:root:Epoch: 0925 lr: 0.01 train_loss: 54597.4609 train_distortion: 4.7830 train_mapscore: 0.3817 train_c: -1.6917 train_max_dist: 41.8750 train_imax: 11.4120 train_imin: -35.5660 time: 1.7211s
INFO:root:Epoch: 0930 lr: 0.01 train_loss: 54329.7344 train_distortion: 4.8633 train_mapscore: 0.3831 train_c: -1.6914 train_max_dist: 42.0469 train_imax: 11.5144 train_imin: -35.8484 time: 1.7103s
INFO:root:Epoch: 0935 lr: 0.01 train_loss: 54060.4922 train_distortion: 4.9436 train_mapscore: 0.3859 train_c: -1.6910 train_max_dist: 42.2119 train_imax: 11.6154 train_imin: -36.1244 time: 1.7122s
INFO:root:Epoch: 0940 lr: 0.01 train_loss: 53788.6016 train_distortion: 5.0212 train_mapscore: 0.3884 train_c: -1.6904 train_max_dist: 42.3701 train_imax: 11.7196 train_imin: -36.3828 time: 1.7125s
INFO:root:Epoch: 0945 lr: 0.01 train_loss: 53519.4492 train_distortion: 5.0976 train_mapscore: 0.3944 train_c: -1.6895 train_max_dist: 42.5200 train_imax: 11.8335 train_imin: -36.6452 time: 1.7092s
INFO:root:Epoch: 0950 lr: 0.01 train_loss: 53246.3281 train_distortion: 5.1750 train_mapscore: 0.3989 train_c: -1.6885 train_max_dist: 42.6709 train_imax: 11.9074 train_imin: -36.9045 time: 1.7050s
INFO:root:Epoch: 0955 lr: 0.01 train_loss: 52973.3203 train_distortion: 5.2515 train_mapscore: 0.4031 train_c: -1.6875 train_max_dist: 42.8154 train_imax: 12.0197 train_imin: -37.1644 time: 1.7088s
INFO:root:Epoch: 0960 lr: 0.01 train_loss: 52704.5547 train_distortion: 5.3259 train_mapscore: 0.4065 train_c: -1.6865 train_max_dist: 42.9551 train_imax: 12.1137 train_imin: -37.4102 time: 1.7034s
INFO:root:Epoch: 0965 lr: 0.01 train_loss: 52438.7422 train_distortion: 5.4037 train_mapscore: 0.4104 train_c: -1.6852 train_max_dist: 43.0977 train_imax: 12.2194 train_imin: -37.6683 time: 1.7058s
INFO:root:Epoch: 0970 lr: 0.01 train_loss: 52180.9062 train_distortion: 5.4809 train_mapscore: 0.4136 train_c: -1.6841 train_max_dist: 43.2363 train_imax: 12.3030 train_imin: -37.9260 time: 1.7121s
INFO:root:Epoch: 0975 lr: 0.01 train_loss: 51908.9961 train_distortion: 5.5598 train_mapscore: 0.4179 train_c: -1.6828 train_max_dist: 43.3779 train_imax: 12.4062 train_imin: -38.1972 time: 1.7025s
INFO:root:Epoch: 0980 lr: 0.01 train_loss: 51644.4453 train_distortion: 5.6413 train_mapscore: 0.4224 train_c: -1.6812 train_max_dist: 43.5107 train_imax: 12.5376 train_imin: -38.4861 time: 1.7021s
INFO:root:Epoch: 0985 lr: 0.01 train_loss: 51383.3828 train_distortion: 5.7197 train_mapscore: 0.4263 train_c: -1.6798 train_max_dist: 43.6455 train_imax: 12.6469 train_imin: -38.7322 time: 1.7148s
INFO:root:Epoch: 0990 lr: 0.01 train_loss: 51172.3672 train_distortion: 5.7910 train_mapscore: 0.4257 train_c: -1.6786 train_max_dist: 43.7559 train_imax: 12.4081 train_imin: -38.9718 time: 1.7143s
INFO:root:Epoch: 0995 lr: 0.01 train_loss: 50939.9336 train_distortion: 5.8551 train_mapscore: 0.4272 train_c: -1.6771 train_max_dist: 43.8516 train_imax: 12.8030 train_imin: -39.1814 time: 1.7052s
INFO:root:Epoch: 1000 lr: 0.01 train_loss: 50663.8633 train_distortion: 5.9254 train_mapscore: 0.4296 train_c: -1.6757 train_max_dist: 43.9658 train_imax: 13.1333 train_imin: -39.4151 time: 1.6961s
INFO:root:Epoch: 1005 lr: 0.01 train_loss: 50372.1562 train_distortion: 6.0025 train_mapscore: 0.4373 train_c: -1.6739 train_max_dist: 44.0850 train_imax: 13.0101 train_imin: -39.6791 time: 1.6925s
INFO:root:Epoch: 1010 lr: 0.01 train_loss: 50124.5273 train_distortion: 6.0822 train_mapscore: 0.4380 train_c: -1.6721 train_max_dist: 44.2002 train_imax: 13.0157 train_imin: -39.9329 time: 1.6914s
INFO:root:Epoch: 1015 lr: 0.01 train_loss: 49869.0977 train_distortion: 6.1717 train_mapscore: 0.4417 train_c: -1.6709 train_max_dist: 44.3457 train_imax: 13.1416 train_imin: -40.2550 time: 1.6888s
INFO:root:Epoch: 1020 lr: 0.01 train_loss: 49612.6211 train_distortion: 6.2609 train_mapscore: 0.4472 train_c: -1.6690 train_max_dist: 44.4814 train_imax: 13.3056 train_imin: -40.5695 time: 1.7062s
INFO:root:Epoch: 1025 lr: 0.01 train_loss: 49358.4102 train_distortion: 6.3554 train_mapscore: 0.4527 train_c: -1.6677 train_max_dist: 44.6309 train_imax: 13.4956 train_imin: -40.9011 time: 1.6940s
INFO:root:Epoch: 1030 lr: 0.01 train_loss: 49098.9453 train_distortion: 6.4413 train_mapscore: 0.4553 train_c: -1.6659 train_max_dist: 44.7573 train_imax: 13.6379 train_imin: -41.1870 time: 1.6916s
INFO:root:Epoch: 1035 lr: 0.01 train_loss: 48850.0625 train_distortion: 6.5327 train_mapscore: 0.4594 train_c: -1.6643 train_max_dist: 44.8916 train_imax: 13.7670 train_imin: -41.5059 time: 1.6910s
INFO:root:Epoch: 1040 lr: 0.01 train_loss: 48607.5000 train_distortion: 6.6171 train_mapscore: 0.4632 train_c: -1.6621 train_max_dist: 45.0088 train_imax: 13.9224 train_imin: -41.8030 time: 1.6817s
INFO:root:Epoch: 1045 lr: 0.01 train_loss: 48405.9844 train_distortion: 6.6937 train_mapscore: 0.4611 train_c: -1.6598 train_max_dist: 45.1104 train_imax: 14.0545 train_imin: -42.0428 time: 1.6788s
INFO:root:Epoch: 1050 lr: 0.01 train_loss: 48121.3594 train_distortion: 6.7882 train_mapscore: 0.4697 train_c: -1.6580 train_max_dist: 45.2402 train_imax: 14.1092 train_imin: -42.3968 time: 1.6852s
INFO:root:Epoch: 1055 lr: 0.01 train_loss: 47887.3906 train_distortion: 6.8719 train_mapscore: 0.4721 train_c: -1.6556 train_max_dist: 45.3496 train_imax: 14.2611 train_imin: -42.6943 time: 1.6782s
INFO:root:Epoch: 1060 lr: 0.01 train_loss: 47633.4141 train_distortion: 6.9486 train_mapscore: 0.4755 train_c: -1.6528 train_max_dist: 45.4395 train_imax: 14.3463 train_imin: -42.9514 time: 1.6763s
INFO:root:Epoch: 1065 lr: 0.01 train_loss: 47382.2969 train_distortion: 7.0349 train_mapscore: 0.4814 train_c: -1.6502 train_max_dist: 45.5454 train_imax: 14.5226 train_imin: -43.2663 time: 1.6837s
INFO:root:Epoch: 1070 lr: 0.01 train_loss: 47145.9219 train_distortion: 7.1226 train_mapscore: 0.4846 train_c: -1.6477 train_max_dist: 45.6528 train_imax: 14.6558 train_imin: -43.5783 time: 1.6851s
INFO:root:Epoch: 1075 lr: 0.01 train_loss: 46942.4688 train_distortion: 7.2056 train_mapscore: 0.4844 train_c: -1.6447 train_max_dist: 45.7471 train_imax: 14.7304 train_imin: -43.8906 time: 1.6741s
INFO:root:Epoch: 1080 lr: 0.01 train_loss: 46672.3555 train_distortion: 7.2769 train_mapscore: 0.4912 train_c: -1.6415 train_max_dist: 45.8149 train_imax: 14.8609 train_imin: -44.1196 time: 1.6750s
INFO:root:Epoch: 1085 lr: 0.01 train_loss: 46451.4219 train_distortion: 7.3536 train_mapscore: 0.4913 train_c: -1.6382 train_max_dist: 45.8989 train_imax: 14.9805 train_imin: -44.3942 time: 1.6772s
INFO:root:Epoch: 1090 lr: 0.01 train_loss: 46207.0000 train_distortion: 7.4319 train_mapscore: 0.4958 train_c: -1.6350 train_max_dist: 45.9800 train_imax: 15.1029 train_imin: -44.6830 time: 1.6728s
INFO:root:Epoch: 1095 lr: 0.01 train_loss: 45980.6953 train_distortion: 7.5115 train_mapscore: 0.4990 train_c: -1.6318 train_max_dist: 46.0586 train_imax: 15.2331 train_imin: -44.9678 time: 1.6795s
INFO:root:Epoch: 1100 lr: 0.01 train_loss: 45741.0000 train_distortion: 7.5955 train_mapscore: 0.5043 train_c: -1.6285 train_max_dist: 46.1475 train_imax: 15.3192 train_imin: -45.2775 time: 1.6731s
INFO:root:Epoch: 1105 lr: 0.01 train_loss: 45498.5234 train_distortion: 7.6750 train_mapscore: 0.5064 train_c: -1.6251 train_max_dist: 46.2227 train_imax: 15.4874 train_imin: -45.5725 time: 1.6757s
INFO:root:Epoch: 1110 lr: 0.01 train_loss: 45262.3672 train_distortion: 7.7587 train_mapscore: 0.5124 train_c: -1.6216 train_max_dist: 46.3047 train_imax: 15.6414 train_imin: -45.8761 time: 1.6721s
INFO:root:Epoch: 1115 lr: 0.01 train_loss: 45027.3672 train_distortion: 7.8432 train_mapscore: 0.5157 train_c: -1.6181 train_max_dist: 46.3887 train_imax: 15.7844 train_imin: -46.1817 time: 1.6702s
INFO:root:Epoch: 1120 lr: 0.01 train_loss: 44810.0430 train_distortion: 7.9258 train_mapscore: 0.5161 train_c: -1.6144 train_max_dist: 46.4658 train_imax: 15.9180 train_imin: -46.4868 time: 1.6682s
INFO:root:Epoch: 1125 lr: 0.01 train_loss: 44734.9766 train_distortion: 8.0077 train_mapscore: 0.5172 train_c: -1.6107 train_max_dist: 46.5449 train_imax: 15.9874 train_imin: -46.8020 time: 1.6709s
INFO:root:Epoch: 1130 lr: 0.01 train_loss: 44460.4766 train_distortion: 8.0934 train_mapscore: 0.5227 train_c: -1.6072 train_max_dist: 46.6338 train_imax: 16.1336 train_imin: -47.1483 time: 1.6652s
INFO:root:Epoch: 1135 lr: 0.01 train_loss: 44251.1406 train_distortion: 8.1684 train_mapscore: 0.5259 train_c: -1.6026 train_max_dist: 46.6895 train_imax: 16.2979 train_imin: -47.4463 time: 1.6712s
INFO:root:Epoch: 1140 lr: 0.01 train_loss: 43987.6797 train_distortion: 8.2426 train_mapscore: 0.5303 train_c: -1.5984 train_max_dist: 46.7324 train_imax: 16.3764 train_imin: -47.7368 time: 1.6712s
INFO:root:Epoch: 1145 lr: 0.01 train_loss: 43759.0586 train_distortion: 8.3270 train_mapscore: 0.5337 train_c: -1.5941 train_max_dist: 46.7969 train_imax: 16.5358 train_imin: -48.0928 time: 1.6716s
INFO:root:Epoch: 1150 lr: 0.01 train_loss: 43555.8750 train_distortion: 8.4138 train_mapscore: 0.5348 train_c: -1.5898 train_max_dist: 46.8564 train_imax: 16.7301 train_imin: -48.4619 time: 1.6597s
INFO:root:Epoch: 1155 lr: 0.01 train_loss: 43289.2617 train_distortion: 8.4888 train_mapscore: 0.5393 train_c: -1.5852 train_max_dist: 46.9004 train_imax: 16.8591 train_imin: -48.7556 time: 1.6588s
INFO:root:Epoch: 1160 lr: 0.01 train_loss: 43121.9609 train_distortion: 8.5631 train_mapscore: 0.5406 train_c: -1.5805 train_max_dist: 46.9375 train_imax: 16.9895 train_imin: -49.0540 time: 1.6651s
INFO:root:Epoch: 1165 lr: 0.01 train_loss: 42925.6602 train_distortion: 8.6751 train_mapscore: 0.5407 train_c: -1.5770 train_max_dist: 47.0469 train_imax: 17.0901 train_imin: -49.5540 time: 1.6504s
INFO:root:Epoch: 1170 lr: 0.01 train_loss: 42667.7266 train_distortion: 8.7355 train_mapscore: 0.5451 train_c: -1.5718 train_max_dist: 47.0635 train_imax: 17.2710 train_imin: -49.7765 time: 1.6541s
INFO:root:Epoch: 1175 lr: 0.01 train_loss: 42444.8281 train_distortion: 8.8199 train_mapscore: 0.5494 train_c: -1.5672 train_max_dist: 47.1113 train_imax: 17.3919 train_imin: -50.1212 time: 1.6619s
INFO:root:Epoch: 1180 lr: 0.01 train_loss: 42215.0664 train_distortion: 8.9060 train_mapscore: 0.5532 train_c: -1.5624 train_max_dist: 47.1582 train_imax: 17.5794 train_imin: -50.4874 time: 1.6640s
INFO:root:Epoch: 1185 lr: 0.01 train_loss: 41994.6797 train_distortion: 8.9873 train_mapscore: 0.5569 train_c: -1.5574 train_max_dist: 47.1924 train_imax: 17.7096 train_imin: -50.8289 time: 1.6615s
INFO:root:Epoch: 1190 lr: 0.01 train_loss: 41809.1836 train_distortion: 9.0781 train_mapscore: 0.5585 train_c: -1.5528 train_max_dist: 47.2520 train_imax: 17.8715 train_imin: -51.1840 time: 1.6617s
INFO:root:Epoch: 1195 lr: 0.01 train_loss: 41552.4844 train_distortion: 9.1595 train_mapscore: 0.5628 train_c: -1.5477 train_max_dist: 47.2871 train_imax: 17.9771 train_imin: -51.4971 time: 1.6636s
INFO:root:Epoch: 1200 lr: 0.01 train_loss: 41328.0430 train_distortion: 9.2432 train_mapscore: 0.5669 train_c: -1.5428 train_max_dist: 47.3174 train_imax: 18.1606 train_imin: -51.8413 time: 1.6623s
INFO:root:Epoch: 1205 lr: 0.01 train_loss: 41138.7227 train_distortion: 9.3239 train_mapscore: 0.5684 train_c: -1.5376 train_max_dist: 47.3525 train_imax: 18.3384 train_imin: -52.1427 time: 1.6665s
INFO:root:Epoch: 1210 lr: 0.01 train_loss: 40946.3867 train_distortion: 9.4031 train_mapscore: 0.5718 train_c: -1.5320 train_max_dist: 47.3701 train_imax: 18.4525 train_imin: -52.4784 time: 1.6646s
INFO:root:Epoch: 1215 lr: 0.01 train_loss: 40741.2266 train_distortion: 9.4973 train_mapscore: 0.5747 train_c: -1.5273 train_max_dist: 47.4248 train_imax: 18.6180 train_imin: -52.8719 time: 1.6678s
INFO:root:Epoch: 1220 lr: 0.01 train_loss: 40498.7344 train_distortion: 9.5843 train_mapscore: 0.5803 train_c: -1.5223 train_max_dist: 47.4658 train_imax: 18.7969 train_imin: -53.2626 time: 1.6624s
INFO:root:Epoch: 1225 lr: 0.01 train_loss: 40301.0117 train_distortion: 9.6540 train_mapscore: 0.5815 train_c: -1.5164 train_max_dist: 47.4619 train_imax: 18.9597 train_imin: -53.5518 time: 1.6617s
INFO:root:Epoch: 1230 lr: 0.01 train_loss: 40115.7734 train_distortion: 9.7253 train_mapscore: 0.5846 train_c: -1.5108 train_max_dist: 47.4688 train_imax: 19.1676 train_imin: -53.8783 time: 1.6541s
INFO:root:Epoch: 1235 lr: 0.01 train_loss: 39925.3047 train_distortion: 9.8036 train_mapscore: 0.5877 train_c: -1.5051 train_max_dist: 47.4756 train_imax: 19.2594 train_imin: -54.2352 time: 1.6578s
INFO:root:Epoch: 1240 lr: 0.01 train_loss: 39697.6953 train_distortion: 9.8827 train_mapscore: 0.5918 train_c: -1.4996 train_max_dist: 47.4863 train_imax: 19.4107 train_imin: -54.6130 time: 1.6561s
INFO:root:Epoch: 1245 lr: 0.01 train_loss: 39530.9922 train_distortion: 9.9728 train_mapscore: 0.5920 train_c: -1.4945 train_max_dist: 47.5146 train_imax: 19.6235 train_imin: -55.0572 time: 1.6620s
INFO:root:Epoch: 1250 lr: 0.01 train_loss: 39330.1211 train_distortion: 10.0298 train_mapscore: 0.5948 train_c: -1.4879 train_max_dist: 47.4824 train_imax: 19.7924 train_imin: -55.3329 time: 1.6577s
INFO:root:Epoch: 1255 lr: 0.01 train_loss: 39205.9570 train_distortion: 10.0881 train_mapscore: 0.5945 train_c: -1.4818 train_max_dist: 47.4648 train_imax: 19.8888 train_imin: -55.6113 time: 1.6535s
INFO:root:Epoch: 1260 lr: 0.01 train_loss: 38930.0391 train_distortion: 10.1752 train_mapscore: 0.6005 train_c: -1.4764 train_max_dist: 47.4785 train_imax: 20.1478 train_imin: -56.0583 time: 1.6503s
INFO:root:Epoch: 1265 lr: 0.01 train_loss: 38748.7422 train_distortion: 10.2477 train_mapscore: 0.6046 train_c: -1.4708 train_max_dist: 47.4785 train_imax: 20.3074 train_imin: -56.4209 time: 1.6505s
INFO:root:Epoch: 1270 lr: 0.01 train_loss: 38533.6836 train_distortion: 10.3082 train_mapscore: 0.6083 train_c: -1.4645 train_max_dist: 47.4551 train_imax: 20.4850 train_imin: -56.7654 time: 1.6476s
INFO:root:Epoch: 1275 lr: 0.01 train_loss: 38359.8359 train_distortion: 10.3659 train_mapscore: 0.6116 train_c: -1.4588 train_max_dist: 47.4297 train_imax: 20.5693 train_imin: -57.0544 time: 1.6512s
INFO:root:Epoch: 1280 lr: 0.01 train_loss: 38149.5000 train_distortion: 10.4382 train_mapscore: 0.6145 train_c: -1.4527 train_max_dist: 47.4102 train_imax: 20.6969 train_imin: -57.4336 time: 1.6509s
INFO:root:Epoch: 1285 lr: 0.01 train_loss: 37943.2891 train_distortion: 10.5147 train_mapscore: 0.6171 train_c: -1.4471 train_max_dist: 47.4131 train_imax: 20.8942 train_imin: -57.8260 time: 1.6460s
INFO:root:Epoch: 1290 lr: 0.01 train_loss: 37758.7031 train_distortion: 10.5880 train_mapscore: 0.6205 train_c: -1.4410 train_max_dist: 47.4004 train_imax: 21.1416 train_imin: -58.2184 time: 1.6418s
INFO:root:Epoch: 1295 lr: 0.01 train_loss: 37592.0625 train_distortion: 10.6529 train_mapscore: 0.6232 train_c: -1.4347 train_max_dist: 47.3848 train_imax: 21.3092 train_imin: -58.5858 time: 1.6429s
INFO:root:Epoch: 1300 lr: 0.01 train_loss: 37374.5664 train_distortion: 10.7258 train_mapscore: 0.6266 train_c: -1.4286 train_max_dist: 47.3691 train_imax: 21.4995 train_imin: -58.9988 time: 1.6425s
INFO:root:Epoch: 1305 lr: 0.01 train_loss: 37403.9922 train_distortion: 10.7460 train_mapscore: 0.6248 train_c: -1.4224 train_max_dist: 47.2910 train_imax: 21.6750 train_imin: -59.1441 time: 1.6477s
INFO:root:Epoch: 1310 lr: 0.01 train_loss: 37156.6328 train_distortion: 10.8371 train_mapscore: 0.6283 train_c: -1.4172 train_max_dist: 47.3008 train_imax: 21.8537 train_imin: -59.6906 time: 1.6334s
INFO:root:Epoch: 1315 lr: 0.01 train_loss: 36926.4492 train_distortion: 10.8617 train_mapscore: 0.6325 train_c: -1.4101 train_max_dist: 47.2305 train_imax: 21.9327 train_imin: -59.8970 time: 1.6412s
INFO:root:Epoch: 1320 lr: 0.01 train_loss: 36695.9062 train_distortion: 10.9227 train_mapscore: 0.6377 train_c: -1.4041 train_max_dist: 47.2129 train_imax: 22.2254 train_imin: -60.2505 time: 1.6330s
INFO:root:Epoch: 1325 lr: 0.01 train_loss: 36479.4648 train_distortion: 10.9878 train_mapscore: 0.6410 train_c: -1.3980 train_max_dist: 47.1836 train_imax: 22.5258 train_imin: -60.6141 time: 1.6305s
INFO:root:Epoch: 1330 lr: 0.01 train_loss: 36294.3320 train_distortion: 11.0661 train_mapscore: 0.6433 train_c: -1.3921 train_max_dist: 47.1768 train_imax: 22.6134 train_imin: -61.0635 time: 1.6301s
INFO:root:Epoch: 1335 lr: 0.01 train_loss: 36096.3711 train_distortion: 11.1436 train_mapscore: 0.6466 train_c: -1.3858 train_max_dist: 47.1611 train_imax: 22.8857 train_imin: -61.5195 time: 1.6304s
INFO:root:Epoch: 1340 lr: 0.01 train_loss: 35906.3828 train_distortion: 11.2343 train_mapscore: 0.6500 train_c: -1.3802 train_max_dist: 47.1807 train_imax: 23.2198 train_imin: -62.0371 time: 1.6347s
INFO:root:Epoch: 1345 lr: 0.01 train_loss: 35786.1133 train_distortion: 11.2696 train_mapscore: 0.6505 train_c: -1.3731 train_max_dist: 47.1035 train_imax: 23.4414 train_imin: -62.3083 time: 1.6394s
INFO:root:Epoch: 1350 lr: 0.01 train_loss: 35604.0469 train_distortion: 11.3500 train_mapscore: 0.6532 train_c: -1.3674 train_max_dist: 47.1035 train_imax: 23.5623 train_imin: -62.7978 time: 1.6332s
INFO:root:Epoch: 1355 lr: 0.01 train_loss: 35396.3281 train_distortion: 11.4154 train_mapscore: 0.6557 train_c: -1.3609 train_max_dist: 47.0703 train_imax: 23.7359 train_imin: -63.2244 time: 1.6356s
INFO:root:Epoch: 1360 lr: 0.01 train_loss: 35195.2500 train_distortion: 11.4988 train_mapscore: 0.6594 train_c: -1.3549 train_max_dist: 47.0547 train_imax: 23.8444 train_imin: -63.7682 time: 1.6338s
INFO:root:Epoch: 1365 lr: 0.01 train_loss: 35041.6523 train_distortion: 11.5537 train_mapscore: 0.6603 train_c: -1.3479 train_max_dist: 47.0156 train_imax: 24.0883 train_imin: -64.1693 time: 1.6337s
INFO:root:Epoch: 1370 lr: 0.01 train_loss: 34871.1250 train_distortion: 11.6030 train_mapscore: 0.6655 train_c: -1.3412 train_max_dist: 46.9648 train_imax: 24.2682 train_imin: -64.5440 time: 1.6314s
INFO:root:Epoch: 1375 lr: 0.01 train_loss: 34683.4609 train_distortion: 11.6565 train_mapscore: 0.6683 train_c: -1.3342 train_max_dist: 46.9053 train_imax: 24.4623 train_imin: -64.9796 time: 1.6280s
INFO:root:Epoch: 1380 lr: 0.01 train_loss: 34615.5312 train_distortion: 11.7232 train_mapscore: 0.6679 train_c: -1.3280 train_max_dist: 46.8770 train_imax: 24.4833 train_imin: -65.4232 time: 1.6262s
INFO:root:Epoch: 1385 lr: 0.01 train_loss: 34403.2344 train_distortion: 11.7772 train_mapscore: 0.6711 train_c: -1.3209 train_max_dist: 46.8242 train_imax: 24.8418 train_imin: -65.9070 time: 1.6265s
INFO:root:Epoch: 1390 lr: 0.01 train_loss: 34221.8750 train_distortion: 11.8155 train_mapscore: 0.6728 train_c: -1.3138 train_max_dist: 46.7451 train_imax: 25.0546 train_imin: -66.2933 time: 1.6404s
INFO:root:Epoch: 1395 lr: 0.01 train_loss: 34081.0547 train_distortion: 11.8542 train_mapscore: 0.6745 train_c: -1.3063 train_max_dist: 46.6660 train_imax: 25.3613 train_imin: -66.6991 time: 1.6341s
INFO:root:Epoch: 1400 lr: 0.01 train_loss: 33918.3750 train_distortion: 11.9104 train_mapscore: 0.6780 train_c: -1.2996 train_max_dist: 46.6230 train_imax: 25.5143 train_imin: -67.1626 time: 1.6267s
INFO:root:Epoch: 1405 lr: 0.01 train_loss: 33735.8125 train_distortion: 11.9633 train_mapscore: 0.6813 train_c: -1.2927 train_max_dist: 48.0000 train_imax: 25.7346 train_imin: -67.6154 time: 1.6265s
INFO:root:Epoch: 1410 lr: 0.01 train_loss: 33625.0391 train_distortion: 11.9957 train_mapscore: 0.6829 train_c: -1.2850 train_max_dist: 46.4746 train_imax: 25.8747 train_imin: -68.0027 time: 1.6225s
INFO:root:Epoch: 1415 lr: 0.01 train_loss: 33474.8906 train_distortion: 12.0220 train_mapscore: 0.6850 train_c: -1.2770 train_max_dist: 46.3691 train_imax: 26.0764 train_imin: -68.3947 time: 1.6235s
INFO:root:Epoch: 1420 lr: 0.01 train_loss: 33284.2930 train_distortion: 12.1043 train_mapscore: 0.6868 train_c: -1.2711 train_max_dist: 46.3574 train_imax: 26.1978 train_imin: -69.0107 time: 1.6341s
INFO:root:Epoch: 1425 lr: 0.01 train_loss: 33189.7734 train_distortion: 12.1493 train_mapscore: 0.6887 train_c: -1.2640 train_max_dist: 46.2871 train_imax: 26.2726 train_imin: -69.4694 time: 1.6310s
INFO:root:Epoch: 1430 lr: 0.01 train_loss: 43021.4219 train_distortion: 10.9748 train_mapscore: 0.5001 train_c: -1.2614 train_max_dist: 44.9102 train_imax: 23.0685 train_imin: -62.6857 time: 1.6340s
INFO:root:Epoch: 1435 lr: 0.01 train_loss: 48579.6875 train_distortion: 9.8003 train_mapscore: 0.3965 train_c: -1.3014 train_max_dist: 44.2520 train_imax: 18.5818 train_imin: -55.8338 time: 1.6344s
INFO:root:Epoch: 1440 lr: 0.01 train_loss: 49935.7383 train_distortion: 8.6561 train_mapscore: 0.3662 train_c: -1.3249 train_max_dist: 43.1621 train_imax: 16.7003 train_imin: -55.4786 time: 1.6462s
INFO:root:Epoch: 1445 lr: 0.01 train_loss: 49156.7617 train_distortion: 7.4657 train_mapscore: 0.3695 train_c: -1.3286 train_max_dist: 41.5684 train_imax: 16.1007 train_imin: -50.9686 time: 1.6378s
INFO:root:Epoch: 1450 lr: 0.01 train_loss: 52914.3125 train_distortion: 5.8713 train_mapscore: 0.3121 train_c: -1.4082 train_max_dist: 40.1895 train_imax: 12.7557 train_imin: -42.1416 time: 1.6503s
INFO:root:Epoch: 1455 lr: 0.01 train_loss: 56668.7344 train_distortion: 4.4472 train_mapscore: 0.2666 train_c: -1.4903 train_max_dist: 38.5298 train_imax: 9.7779 train_imin: -33.4920 time: 1.6703s
INFO:root:Epoch: 1460 lr: 0.01 train_loss: 58054.0273 train_distortion: 3.6330 train_mapscore: 0.2508 train_c: -1.5382 train_max_dist: 37.1240 train_imax: 8.5780 train_imin: -29.9982 time: 1.6790s
INFO:root:Epoch: 1465 lr: 0.01 train_loss: 58356.7812 train_distortion: 3.2090 train_mapscore: 0.2451 train_c: -1.5665 train_max_dist: 36.2754 train_imax: 8.0887 train_imin: -28.0462 time: 1.6944s
INFO:root:Epoch: 1470 lr: 0.01 train_loss: 57987.6875 train_distortion: 3.0325 train_mapscore: 0.2508 train_c: -1.5837 train_max_dist: 35.9355 train_imax: 8.1021 train_imin: -27.1215 time: 1.6832s
INFO:root:Epoch: 1475 lr: 0.01 train_loss: 57236.5000 train_distortion: 3.0308 train_mapscore: 0.2586 train_c: -1.5948 train_max_dist: 36.0430 train_imax: 8.4600 train_imin: -26.9524 time: 1.6894s
INFO:root:Epoch: 1480 lr: 0.01 train_loss: 56333.4844 train_distortion: 3.1556 train_mapscore: 0.2671 train_c: -1.6024 train_max_dist: 36.4785 train_imax: 8.9590 train_imin: -27.3419 time: 1.6851s
INFO:root:Epoch: 1485 lr: 0.01 train_loss: 55334.9531 train_distortion: 3.3631 train_mapscore: 0.2779 train_c: -1.6081 train_max_dist: 37.1055 train_imax: 9.3307 train_imin: -28.0734 time: 1.6891s
INFO:root:Epoch: 1490 lr: 0.01 train_loss: 54309.4219 train_distortion: 3.6211 train_mapscore: 0.2885 train_c: -1.6125 train_max_dist: 37.8296 train_imax: 9.6286 train_imin: -28.9969 time: 1.6840s
INFO:root:Epoch: 1495 lr: 0.01 train_loss: 53281.5508 train_distortion: 3.9114 train_mapscore: 0.3018 train_c: -1.6162 train_max_dist: 38.5835 train_imax: 9.9894 train_imin: -30.0308 time: 1.6733s
INFO:root:Epoch: 1500 lr: 0.01 train_loss: 52278.1875 train_distortion: 4.2218 train_mapscore: 0.3147 train_c: -1.6194 train_max_dist: 39.3447 train_imax: 10.2945 train_imin: -31.1253 time: 1.6719s
INFO:root:Epoch: 1505 lr: 0.01 train_loss: 51308.2891 train_distortion: 4.5393 train_mapscore: 0.3265 train_c: -1.6222 train_max_dist: 40.0845 train_imax: 10.5817 train_imin: -32.2267 time: 1.6796s
INFO:root:Epoch: 1510 lr: 0.01 train_loss: 50380.0820 train_distortion: 4.8549 train_mapscore: 0.3401 train_c: -1.6246 train_max_dist: 40.7871 train_imax: 11.0058 train_imin: -33.3031 time: 1.6655s
INFO:root:Epoch: 1515 lr: 0.01 train_loss: 49472.6328 train_distortion: 5.1611 train_mapscore: 0.3531 train_c: -1.6267 train_max_dist: 41.4390 train_imax: 11.4587 train_imin: -34.3178 time: 1.6594s
INFO:root:Epoch: 1520 lr: 0.01 train_loss: 48611.6836 train_distortion: 5.4560 train_mapscore: 0.3678 train_c: -1.6285 train_max_dist: 42.0522 train_imax: 11.8313 train_imin: -35.2781 time: 1.6624s
INFO:root:Epoch: 1525 lr: 0.01 train_loss: 47787.3203 train_distortion: 5.7412 train_mapscore: 0.3804 train_c: -1.6301 train_max_dist: 42.6182 train_imax: 12.1575 train_imin: -36.1995 time: 1.6643s
INFO:root:Epoch: 1530 lr: 0.01 train_loss: 46998.1719 train_distortion: 6.0173 train_mapscore: 0.3932 train_c: -1.6316 train_max_dist: 43.1631 train_imax: 12.4221 train_imin: -37.0860 time: 1.6625s
INFO:root:Epoch: 1535 lr: 0.01 train_loss: 46253.5039 train_distortion: 6.2900 train_mapscore: 0.4073 train_c: -1.6329 train_max_dist: 43.6787 train_imax: 12.6969 train_imin: -37.9571 time: 1.6626s
INFO:root:Epoch: 1540 lr: 0.01 train_loss: 45528.0898 train_distortion: 6.5544 train_mapscore: 0.4187 train_c: -1.6341 train_max_dist: 44.1758 train_imax: 12.9867 train_imin: -38.8012 time: 1.6589s
INFO:root:Epoch: 1545 lr: 0.01 train_loss: 44845.4766 train_distortion: 6.8121 train_mapscore: 0.4308 train_c: -1.6352 train_max_dist: 44.6426 train_imax: 13.2704 train_imin: -39.6172 time: 1.6549s
INFO:root:Epoch: 1550 lr: 0.01 train_loss: 44192.1797 train_distortion: 7.0657 train_mapscore: 0.4421 train_c: -1.6362 train_max_dist: 45.0874 train_imax: 13.6068 train_imin: -40.4128 time: 1.6558s
INFO:root:Epoch: 1555 lr: 0.01 train_loss: 43562.8516 train_distortion: 7.3170 train_mapscore: 0.4532 train_c: -1.6370 train_max_dist: 45.5020 train_imax: 13.8542 train_imin: -41.1992 time: 1.6455s
INFO:root:Epoch: 1560 lr: 0.01 train_loss: 42953.6406 train_distortion: 7.5697 train_mapscore: 0.4654 train_c: -1.6377 train_max_dist: 45.9082 train_imax: 14.1867 train_imin: -41.9984 time: 1.6400s
INFO:root:Epoch: 1565 lr: 0.01 train_loss: 42374.9648 train_distortion: 7.8195 train_mapscore: 0.4738 train_c: -1.6383 train_max_dist: 46.2969 train_imax: 14.5028 train_imin: -42.7859 time: 1.6391s
INFO:root:Epoch: 1570 lr: 0.01 train_loss: 41821.7188 train_distortion: 8.0628 train_mapscore: 0.4856 train_c: -1.6388 train_max_dist: 46.6621 train_imax: 14.7831 train_imin: -43.5522 time: 1.6430s
INFO:root:Epoch: 1575 lr: 0.01 train_loss: 41277.1602 train_distortion: 8.3106 train_mapscore: 0.4954 train_c: -1.6392 train_max_dist: 47.0234 train_imax: 15.1136 train_imin: -44.3285 time: 1.6428s
INFO:root:Epoch: 1580 lr: 0.01 train_loss: 40756.6992 train_distortion: 8.5567 train_mapscore: 0.5042 train_c: -1.6395 train_max_dist: 47.3789 train_imax: 15.3772 train_imin: -45.1184 time: 1.6352s
INFO:root:Epoch: 1585 lr: 0.01 train_loss: 40251.4609 train_distortion: 8.8016 train_mapscore: 0.5134 train_c: -1.6397 train_max_dist: 47.7188 train_imax: 15.7203 train_imin: -45.9109 time: 1.6400s
INFO:root:Epoch: 1590 lr: 0.01 train_loss: 39756.9688 train_distortion: 9.0438 train_mapscore: 0.5229 train_c: -1.6397 train_max_dist: 48.0625 train_imax: 16.0074 train_imin: -46.6910 time: 1.6401s
INFO:root:Epoch: 1595 lr: 0.01 train_loss: 39286.5703 train_distortion: 9.2864 train_mapscore: 0.5331 train_c: -1.6397 train_max_dist: 48.3945 train_imax: 16.3184 train_imin: -47.4713 time: 1.6518s
INFO:root:Epoch: 1600 lr: 0.01 train_loss: 38815.1445 train_distortion: 9.5278 train_mapscore: 0.5408 train_c: -1.6396 train_max_dist: 48.7119 train_imax: 16.6475 train_imin: -48.2470 time: 1.6354s
INFO:root:Epoch: 1605 lr: 0.01 train_loss: 38365.4062 train_distortion: 9.7702 train_mapscore: 0.5500 train_c: -1.6394 train_max_dist: 49.0234 train_imax: 16.9927 train_imin: -49.0210 time: 1.6354s
INFO:root:Epoch: 1610 lr: 0.01 train_loss: 37929.9609 train_distortion: 10.0064 train_mapscore: 0.5598 train_c: -1.6391 train_max_dist: 49.3242 train_imax: 17.2937 train_imin: -49.7697 time: 1.6402s
INFO:root:Epoch: 1615 lr: 0.01 train_loss: 37523.8125 train_distortion: 10.2361 train_mapscore: 0.5693 train_c: -1.6387 train_max_dist: 49.6172 train_imax: 17.6272 train_imin: -50.5067 time: 1.6403s
INFO:root:Epoch: 1620 lr: 0.01 train_loss: 37108.9375 train_distortion: 10.4590 train_mapscore: 0.5748 train_c: -1.6382 train_max_dist: 49.8848 train_imax: 17.9287 train_imin: -51.2169 time: 1.6359s
INFO:root:Epoch: 1625 lr: 0.01 train_loss: 36704.5508 train_distortion: 10.6843 train_mapscore: 0.5830 train_c: -1.6377 train_max_dist: 50.1494 train_imax: 18.1524 train_imin: -51.9379 time: 1.6311s
INFO:root:Epoch: 1630 lr: 0.01 train_loss: 36337.7695 train_distortion: 10.9120 train_mapscore: 0.5895 train_c: -1.6371 train_max_dist: 50.4229 train_imax: 18.4582 train_imin: -52.7313 time: 1.6282s
INFO:root:Epoch: 1635 lr: 0.01 train_loss: 35972.6484 train_distortion: 11.1362 train_mapscore: 0.5981 train_c: -1.6365 train_max_dist: 50.6865 train_imax: 18.8205 train_imin: -53.5556 time: 1.6293s
INFO:root:Epoch: 1640 lr: 0.01 train_loss: 35620.4922 train_distortion: 11.3607 train_mapscore: 0.6035 train_c: -1.6358 train_max_dist: 50.9316 train_imax: 19.1010 train_imin: -54.3334 time: 1.6295s
INFO:root:Epoch: 1645 lr: 0.01 train_loss: 35274.8633 train_distortion: 11.5746 train_mapscore: 0.6113 train_c: -1.6351 train_max_dist: 51.1768 train_imax: 19.4098 train_imin: -55.1350 time: 1.6313s
INFO:root:Epoch: 1650 lr: 0.01 train_loss: 34942.1875 train_distortion: 11.7868 train_mapscore: 0.6185 train_c: -1.6343 train_max_dist: 51.4023 train_imax: 19.6376 train_imin: -55.8919 time: 1.6352s
INFO:root:Epoch: 1655 lr: 0.01 train_loss: 34685.0977 train_distortion: 11.9795 train_mapscore: 0.6209 train_c: -1.6334 train_max_dist: 51.6348 train_imax: 19.9028 train_imin: -56.6447 time: 1.6330s
INFO:root:Epoch: 1660 lr: 0.01 train_loss: 34326.5391 train_distortion: 12.1649 train_mapscore: 0.6285 train_c: -1.6326 train_max_dist: 51.8262 train_imax: 20.1253 train_imin: -57.2618 time: 1.6333s
INFO:root:Epoch: 1665 lr: 0.01 train_loss: 34011.9844 train_distortion: 12.3612 train_mapscore: 0.6331 train_c: -1.6316 train_max_dist: 52.0283 train_imax: 20.4254 train_imin: -57.9268 time: 1.6438s
INFO:root:Epoch: 1670 lr: 0.01 train_loss: 33711.9844 train_distortion: 12.5595 train_mapscore: 0.6397 train_c: -1.6306 train_max_dist: 52.2402 train_imax: 20.8243 train_imin: -58.6339 time: 1.6386s
INFO:root:Epoch: 1675 lr: 0.01 train_loss: 33411.8984 train_distortion: 12.7677 train_mapscore: 0.6474 train_c: -1.6297 train_max_dist: 52.4658 train_imax: 21.0242 train_imin: -59.3678 time: 1.6429s
INFO:root:Epoch: 1680 lr: 0.01 train_loss: 33162.9883 train_distortion: 12.9696 train_mapscore: 0.6508 train_c: -1.6287 train_max_dist: 52.6670 train_imax: 21.3155 train_imin: -60.0852 time: 1.6305s
INFO:root:Epoch: 1685 lr: 0.01 train_loss: 32905.1328 train_distortion: 13.1618 train_mapscore: 0.6562 train_c: -1.6276 train_max_dist: 52.8574 train_imax: 21.5830 train_imin: -60.8368 time: 1.6361s
INFO:root:Epoch: 1690 lr: 0.01 train_loss: 32646.7559 train_distortion: 13.3441 train_mapscore: 0.6602 train_c: -1.6264 train_max_dist: 53.0312 train_imax: 21.8599 train_imin: -61.3846 time: 1.6331s
INFO:root:Epoch: 1695 lr: 0.01 train_loss: 32371.2246 train_distortion: 13.5334 train_mapscore: 0.6660 train_c: -1.6253 train_max_dist: 53.2227 train_imax: 22.0883 train_imin: -62.0811 time: 1.6258s
INFO:root:Epoch: 1700 lr: 0.01 train_loss: 32108.7969 train_distortion: 13.7093 train_mapscore: 0.6706 train_c: -1.6240 train_max_dist: 53.3877 train_imax: 22.3079 train_imin: -62.6399 time: 1.6290s
INFO:root:Epoch: 1705 lr: 0.01 train_loss: 31837.3672 train_distortion: 13.8855 train_mapscore: 0.6759 train_c: -1.6227 train_max_dist: 53.5469 train_imax: 22.4475 train_imin: -63.2038 time: 1.6312s
INFO:root:Epoch: 1710 lr: 0.01 train_loss: 31563.2676 train_distortion: 14.0697 train_mapscore: 0.6815 train_c: -1.6214 train_max_dist: 53.7168 train_imax: 22.5721 train_imin: -63.8704 time: 1.6248s
INFO:root:Epoch: 1715 lr: 0.01 train_loss: 31340.3945 train_distortion: 14.2603 train_mapscore: 0.6842 train_c: -1.6200 train_max_dist: 53.8936 train_imax: 22.9234 train_imin: -64.5684 time: 1.6276s
INFO:root:Epoch: 1720 lr: 0.01 train_loss: 31097.2930 train_distortion: 14.4396 train_mapscore: 0.6893 train_c: -1.6186 train_max_dist: 54.0547 train_imax: 23.2171 train_imin: -65.2367 time: 1.6228s
INFO:root:Epoch: 1725 lr: 0.01 train_loss: 30886.4570 train_distortion: 14.6235 train_mapscore: 0.6914 train_c: -1.6172 train_max_dist: 54.2246 train_imax: 23.5170 train_imin: -65.9137 time: 1.6234s
INFO:root:Epoch: 1730 lr: 0.01 train_loss: 30665.7344 train_distortion: 14.8015 train_mapscore: 0.6974 train_c: -1.6156 train_max_dist: 54.3730 train_imax: 23.7344 train_imin: -66.4817 time: 1.6210s
INFO:root:Epoch: 1735 lr: 0.01 train_loss: 30490.7891 train_distortion: 14.9817 train_mapscore: 0.7001 train_c: -1.6140 train_max_dist: 54.5195 train_imax: 24.0139 train_imin: -67.1422 time: 1.6258s
INFO:root:Epoch: 1740 lr: 0.01 train_loss: 30300.2656 train_distortion: 15.1554 train_mapscore: 0.7052 train_c: -1.6125 train_max_dist: 54.6562 train_imax: 24.1787 train_imin: -67.8466 time: 1.6282s
INFO:root:Epoch: 1745 lr: 0.01 train_loss: 30092.6113 train_distortion: 15.3384 train_mapscore: 0.7074 train_c: -1.6109 train_max_dist: 54.8262 train_imax: 24.4387 train_imin: -68.4803 time: 1.6280s
INFO:root:Epoch: 1750 lr: 0.01 train_loss: 29854.7051 train_distortion: 15.5064 train_mapscore: 0.7117 train_c: -1.6093 train_max_dist: 100.0000 train_imax: 24.7046 train_imin: -69.1606 time: 1.6221s
INFO:root:Epoch: 1755 lr: 0.01 train_loss: 29714.2305 train_distortion: 15.6787 train_mapscore: 0.7153 train_c: -1.6075 train_max_dist: 55.1074 train_imax: 25.0236 train_imin: -69.7193 time: 1.6222s
INFO:root:Epoch: 1760 lr: 0.01 train_loss: 29496.8867 train_distortion: 15.8472 train_mapscore: 0.7179 train_c: -1.6058 train_max_dist: 55.2500 train_imax: 25.1672 train_imin: -70.4514 time: 1.6209s
INFO:root:Epoch: 1765 lr: 0.01 train_loss: 29330.2793 train_distortion: 16.0070 train_mapscore: 0.7229 train_c: -1.6041 train_max_dist: 55.3652 train_imax: 25.4864 train_imin: -71.0168 time: 1.6258s
INFO:root:Epoch: 1770 lr: 0.01 train_loss: 29085.8008 train_distortion: 16.1644 train_mapscore: 0.7279 train_c: -1.6024 train_max_dist: 55.4902 train_imax: 25.8163 train_imin: -71.6049 time: 1.6179s
INFO:root:Epoch: 1775 lr: 0.01 train_loss: 28941.8652 train_distortion: 16.3138 train_mapscore: 0.7293 train_c: -1.6005 train_max_dist: 55.6250 train_imax: 26.0551 train_imin: -72.1961 time: 1.6259s
INFO:root:Epoch: 1780 lr: 0.01 train_loss: 28788.0195 train_distortion: 16.4722 train_mapscore: 0.7312 train_c: -1.5987 train_max_dist: 55.7441 train_imax: 26.0551 train_imin: -72.7444 time: 1.6188s
INFO:root:Epoch: 1785 lr: 0.01 train_loss: 28600.3281 train_distortion: 16.6292 train_mapscore: 0.7333 train_c: -1.5968 train_max_dist: 55.8555 train_imax: 26.3962 train_imin: -73.4128 time: 1.6169s
INFO:root:Epoch: 1790 lr: 0.01 train_loss: 28422.9062 train_distortion: 16.7598 train_mapscore: 0.7361 train_c: -1.5948 train_max_dist: 55.9355 train_imax: 26.4720 train_imin: -73.8491 time: 1.6209s
INFO:root:Epoch: 1795 lr: 0.01 train_loss: 28304.6191 train_distortion: 16.9011 train_mapscore: 0.7383 train_c: -1.5929 train_max_dist: 56.0371 train_imax: 26.6891 train_imin: -74.3801 time: 1.6152s
INFO:root:Epoch: 1800 lr: 0.01 train_loss: 28188.1445 train_distortion: 17.0331 train_mapscore: 0.7400 train_c: -1.5909 train_max_dist: 56.1367 train_imax: 26.9228 train_imin: -74.8677 time: 1.6174s
INFO:root:Epoch: 1805 lr: 0.01 train_loss: 27974.7539 train_distortion: 17.1578 train_mapscore: 0.7421 train_c: -1.5888 train_max_dist: 56.2363 train_imax: 27.1577 train_imin: -75.4330 time: 1.6181s
INFO:root:Epoch: 1810 lr: 0.01 train_loss: 27910.7500 train_distortion: 17.2937 train_mapscore: 0.7443 train_c: -1.5868 train_max_dist: 56.3086 train_imax: 27.2871 train_imin: -75.9868 time: 1.6598s
INFO:root:Epoch: 1815 lr: 0.01 train_loss: 27701.4824 train_distortion: 17.4112 train_mapscore: 0.7469 train_c: -1.5847 train_max_dist: 56.3867 train_imax: 27.5362 train_imin: -76.4866 time: 1.6196s
INFO:root:Epoch: 1820 lr: 0.01 train_loss: 27548.5781 train_distortion: 17.5457 train_mapscore: 0.7498 train_c: -1.5825 train_max_dist: 56.4941 train_imax: 27.7668 train_imin: -76.9756 time: 1.6190s
INFO:root:Epoch: 1825 lr: 0.01 train_loss: 27415.7734 train_distortion: 17.6789 train_mapscore: 0.7514 train_c: -1.5804 train_max_dist: 56.5879 train_imax: 27.8910 train_imin: -77.5488 time: 1.6161s
INFO:root:Epoch: 1830 lr: 0.01 train_loss: 27314.7812 train_distortion: 17.8069 train_mapscore: 0.7519 train_c: -1.5782 train_max_dist: 56.6719 train_imax: 28.1450 train_imin: -78.1370 time: 1.6178s
INFO:root:Epoch: 1835 lr: 0.01 train_loss: 27148.3828 train_distortion: 17.9136 train_mapscore: 0.7555 train_c: -1.5760 train_max_dist: 56.7422 train_imax: 28.4541 train_imin: -78.5337 time: 1.6150s
INFO:root:Epoch: 1840 lr: 0.01 train_loss: 27003.8906 train_distortion: 18.0398 train_mapscore: 0.7563 train_c: -1.5739 train_max_dist: 56.8262 train_imax: 28.7910 train_imin: -78.9529 time: 1.6157s
INFO:root:Epoch: 1845 lr: 0.01 train_loss: 26866.1953 train_distortion: 18.1570 train_mapscore: 0.7579 train_c: -1.5716 train_max_dist: 56.8828 train_imax: 28.7110 train_imin: -79.4399 time: 1.6160s
INFO:root:Epoch: 1850 lr: 0.01 train_loss: 26690.5352 train_distortion: 18.2557 train_mapscore: 0.7611 train_c: -1.5692 train_max_dist: 56.9531 train_imax: 28.9040 train_imin: -79.9053 time: 1.6209s
INFO:root:Epoch: 1855 lr: 0.01 train_loss: 26564.3633 train_distortion: 18.3637 train_mapscore: 0.7632 train_c: -1.5669 train_max_dist: 57.0078 train_imax: 29.2241 train_imin: -80.4499 time: 1.6186s
INFO:root:Epoch: 1860 lr: 0.01 train_loss: 26411.1934 train_distortion: 18.4868 train_mapscore: 0.7660 train_c: -1.5647 train_max_dist: 57.0918 train_imax: 29.3792 train_imin: -80.8690 time: 1.6170s
INFO:root:Epoch: 1865 lr: 0.01 train_loss: 26288.8828 train_distortion: 18.6059 train_mapscore: 0.7675 train_c: -1.5624 train_max_dist: 57.1484 train_imax: 29.4670 train_imin: -81.3592 time: 1.6161s
INFO:root:Epoch: 1870 lr: 0.01 train_loss: 26220.8438 train_distortion: 18.7290 train_mapscore: 0.7686 train_c: -1.5600 train_max_dist: 57.2148 train_imax: 29.6365 train_imin: -81.9100 time: 1.6171s
INFO:root:Epoch: 1875 lr: 0.01 train_loss: 26097.0215 train_distortion: 18.8386 train_mapscore: 0.7710 train_c: -1.5577 train_max_dist: 57.2969 train_imax: 29.8865 train_imin: -82.3197 time: 1.6135s
INFO:root:Epoch: 1880 lr: 0.01 train_loss: 25930.4980 train_distortion: 18.9524 train_mapscore: 0.7735 train_c: -1.5554 train_max_dist: 57.3555 train_imax: 30.1367 train_imin: -82.8569 time: 1.6149s
INFO:root:Epoch: 1885 lr: 0.01 train_loss: 25825.6484 train_distortion: 19.0485 train_mapscore: 0.7744 train_c: -1.5529 train_max_dist: 57.4141 train_imax: 30.2557 train_imin: -83.2375 time: 1.6142s
INFO:root:Epoch: 1890 lr: 0.01 train_loss: 25723.5312 train_distortion: 19.1526 train_mapscore: 0.7772 train_c: -1.5505 train_max_dist: 57.4648 train_imax: 30.3734 train_imin: -83.7859 time: 1.6156s
INFO:root:Epoch: 1895 lr: 0.01 train_loss: 25547.3965 train_distortion: 19.2674 train_mapscore: 0.7788 train_c: -1.5480 train_max_dist: 57.5273 train_imax: 30.7023 train_imin: -84.1560 time: 1.6152s
INFO:root:Epoch: 1900 lr: 0.01 train_loss: 25401.0898 train_distortion: 19.3616 train_mapscore: 0.7812 train_c: -1.5456 train_max_dist: 57.5781 train_imax: 30.9568 train_imin: -84.5727 time: 1.6166s
INFO:root:Epoch: 1905 lr: 0.01 train_loss: 25305.7051 train_distortion: 19.4749 train_mapscore: 0.7837 train_c: -1.5431 train_max_dist: 57.6348 train_imax: 31.3510 train_imin: -85.1141 time: 1.6201s
INFO:root:Epoch: 1910 lr: 0.01 train_loss: 25129.7852 train_distortion: 19.5843 train_mapscore: 0.7862 train_c: -1.5407 train_max_dist: 57.7070 train_imax: 31.3325 train_imin: -85.6999 time: 1.6198s
INFO:root:Epoch: 1915 lr: 0.01 train_loss: 25087.6484 train_distortion: 19.6836 train_mapscore: 0.7880 train_c: -1.5382 train_max_dist: 57.7539 train_imax: 31.3554 train_imin: -86.0825 time: 1.6132s
INFO:root:Epoch: 1920 lr: 0.01 train_loss: 24966.7617 train_distortion: 19.7845 train_mapscore: 0.7896 train_c: -1.5357 train_max_dist: 57.8086 train_imax: 31.7413 train_imin: -86.4201 time: 1.6135s
INFO:root:Epoch: 1925 lr: 0.01 train_loss: 24848.2109 train_distortion: 19.8991 train_mapscore: 0.7920 train_c: -1.5331 train_max_dist: 57.8691 train_imax: 31.8053 train_imin: -87.0765 time: 1.6162s
INFO:root:Epoch: 1930 lr: 0.01 train_loss: 24698.5000 train_distortion: 19.9893 train_mapscore: 0.7948 train_c: -1.5306 train_max_dist: 57.9219 train_imax: 32.2472 train_imin: -87.5032 time: 1.6134s
INFO:root:Epoch: 1935 lr: 0.01 train_loss: 24640.5625 train_distortion: 20.1029 train_mapscore: 0.7947 train_c: -1.5279 train_max_dist: 57.9648 train_imax: 31.9807 train_imin: -88.0209 time: 1.6156s
INFO:root:Epoch: 1940 lr: 0.01 train_loss: 24509.1445 train_distortion: 20.1876 train_mapscore: 0.7971 train_c: -1.5254 train_max_dist: 58.0039 train_imax: 32.5226 train_imin: -88.3928 time: 1.6152s
INFO:root:Epoch: 1945 lr: 0.01 train_loss: 24456.8633 train_distortion: 20.3023 train_mapscore: 0.7987 train_c: -1.5228 train_max_dist: 58.0703 train_imax: 32.6172 train_imin: -88.8530 time: 1.6216s
INFO:root:Epoch: 1950 lr: 0.01 train_loss: 24343.6113 train_distortion: 20.3843 train_mapscore: 0.8003 train_c: -1.5201 train_max_dist: 58.1133 train_imax: 32.6631 train_imin: -89.3275 time: 1.6162s
INFO:root:Epoch: 1955 lr: 0.01 train_loss: 24258.1992 train_distortion: 20.4466 train_mapscore: 0.8020 train_c: -1.5173 train_max_dist: 58.1309 train_imax: 32.8121 train_imin: -89.6460 time: 1.6190s
INFO:root:Epoch: 1960 lr: 0.01 train_loss: 24139.6348 train_distortion: 20.5124 train_mapscore: 0.8036 train_c: -1.5147 train_max_dist: 58.1250 train_imax: 32.9178 train_imin: -89.9291 time: 1.6195s
INFO:root:Epoch: 1965 lr: 0.01 train_loss: 24092.0586 train_distortion: 20.5976 train_mapscore: 0.8048 train_c: -1.5119 train_max_dist: 58.1484 train_imax: 33.0887 train_imin: -90.4196 time: 1.6202s
INFO:root:Epoch: 1970 lr: 0.01 train_loss: 23898.8984 train_distortion: 20.6804 train_mapscore: 0.8070 train_c: -1.5093 train_max_dist: 58.1914 train_imax: 33.4596 train_imin: -90.7249 time: 1.6217s
INFO:root:Epoch: 1975 lr: 0.01 train_loss: 23761.3535 train_distortion: 20.7757 train_mapscore: 0.8080 train_c: -1.5067 train_max_dist: 58.2324 train_imax: 33.7016 train_imin: -91.2283 time: 1.6238s
INFO:root:Epoch: 1980 lr: 0.01 train_loss: 23744.9434 train_distortion: 20.8797 train_mapscore: 0.8084 train_c: -1.5039 train_max_dist: 58.3008 train_imax: 33.4564 train_imin: -91.6870 time: 1.6222s
INFO:root:Epoch: 1985 lr: 0.01 train_loss: 23653.7754 train_distortion: 20.9634 train_mapscore: 0.8094 train_c: -1.5011 train_max_dist: 58.2969 train_imax: 33.7289 train_imin: -92.1735 time: 1.6176s
INFO:root:Epoch: 1990 lr: 0.01 train_loss: 23621.0000 train_distortion: 21.0567 train_mapscore: 0.8109 train_c: -1.4985 train_max_dist: 58.3555 train_imax: 34.0231 train_imin: -92.6135 time: 1.6182s
INFO:root:Epoch: 1995 lr: 0.01 train_loss: 23494.5176 train_distortion: 21.1015 train_mapscore: 0.8125 train_c: -1.4954 train_max_dist: 58.3281 train_imax: 34.0195 train_imin: -92.9149 time: 1.6184s
INFO:root:Epoch: 2000 lr: 0.0025 train_loss: 23410.1387 train_distortion: 21.1586 train_mapscore: 0.8140 train_c: -1.4926 train_max_dist: 58.3359 train_imax: 33.8961 train_imin: -93.2960 time: 1.6178s
INFO:root:Optimization Finished!
INFO:root:Total time elapsed: 3363.1959s
INFO:root:Val set results: val_distortion: 1.0000 val_mapscore: -1.0000 val_c: -1.0000 val_max_dist: 0.0000
INFO:root:Test set results: test_loss: 23331.5957 test_distortion: 21.1888 test_mapscore: 0.8144 test_c: -1.4920 test_max_dist: 58.3496 test_imax: 34.2882 test_imin: -93.4102
INFO:root:Saved model in /workspace/xiongbo/hgcn/logs/md/2021_4_29/56
