INFO:root:Using: cuda:0
INFO:root:Using seed 1234.
INFO:root:MDModel(
  (encoder): HGCN(
    (layers): Sequential(
      (0): HyperbolicGraphConvolution(
        (linear): HypLinear(
          in_features=4942, out_features=10, c=Parameter containing:
          tensor([-1.], requires_grad=True)
        )
        (agg): HypAgg(
          c=Parameter containing:
          tensor([-1.], requires_grad=True)
        )
        (hyp_act): HypAct(
          c_in=Parameter containing:
          tensor([-1.], requires_grad=True), c_out=Parameter containing:
          tensor([-1.], requires_grad=True)
        )
      )
    )
  )
  (decoder): MDDecoder()
)
INFO:root:Total number of parameters: 49432
/workspace/anaconda3/envs/geo/lib/python3.7/site-packages/torch/optim/lr_scheduler.py:370: UserWarning: To get the last learning rate computed by the scheduler, please use `get_last_lr()`.
  "please use `get_last_lr()`.", UserWarning)
INFO:root:Epoch: 0005 lr: 0.01 train_loss: 102624.3750 train_distortion: 0.8705 train_mapscore: 0.2008 train_c: -1.0391 train_max_dist: 2.6810 train_imax: -0.0000 train_imin: -1.9103 time: 3.2911s
INFO:root:Epoch: 0010 lr: 0.01 train_loss: 97771.4375 train_distortion: 0.8317 train_mapscore: 0.3390 train_c: -1.0892 train_max_dist: 4.1068 train_imax: -0.0000 train_imin: -2.3423 time: 3.0723s
INFO:root:Epoch: 0015 lr: 0.01 train_loss: 93261.7188 train_distortion: 0.7903 train_mapscore: 0.4198 train_c: -1.1419 train_max_dist: 5.2472 train_imax: -0.0000 train_imin: -2.7402 time: 3.0188s
INFO:root:Epoch: 0020 lr: 0.01 train_loss: 88307.0547 train_distortion: 0.7420 train_mapscore: 0.4857 train_c: -1.1968 train_max_dist: 6.4720 train_imax: -0.0000 train_imin: -2.8216 time: 2.9748s
INFO:root:Epoch: 0025 lr: 0.01 train_loss: 82583.7188 train_distortion: 0.6853 train_mapscore: 0.5467 train_c: -1.2539 train_max_dist: 8.1315 train_imax: -0.0000 train_imin: -3.3212 time: 2.9463s
INFO:root:Epoch: 0030 lr: 0.01 train_loss: 75754.2109 train_distortion: 0.6177 train_mapscore: 0.6137 train_c: -1.3128 train_max_dist: 10.2150 train_imax: -0.0000 train_imin: -4.1521 time: 2.9270s
INFO:root:Epoch: 0035 lr: 0.01 train_loss: 67355.7969 train_distortion: 0.5351 train_mapscore: 0.6685 train_c: -1.3736 train_max_dist: 12.9274 train_imax: -0.0000 train_imin: -5.3086 time: 2.9320s
INFO:root:Epoch: 0040 lr: 0.01 train_loss: 56885.9219 train_distortion: 0.4334 train_mapscore: 0.7061 train_c: -1.4359 train_max_dist: 16.4257 train_imax: -0.0000 train_imin: -7.0196 time: 2.9028s
INFO:root:Epoch: 0045 lr: 0.01 train_loss: 44446.9922 train_distortion: 0.3181 train_mapscore: 0.7495 train_c: -1.4993 train_max_dist: 20.6236 train_imax: -0.0000 train_imin: -10.5497 time: 2.8965s
INFO:root:Epoch: 0050 lr: 0.01 train_loss: 32164.0469 train_distortion: 0.2196 train_mapscore: 0.8064 train_c: -1.5618 train_max_dist: 26.5771 train_imax: -0.0000 train_imin: -16.0034 time: 2.9052s
INFO:root:Epoch: 0055 lr: 0.01 train_loss: 25632.2109 train_distortion: 0.1989 train_mapscore: 0.8585 train_c: -1.6175 train_max_dist: 33.0354 train_imax: -0.0000 train_imin: -22.0073 time: 2.9105s
INFO:root:Epoch: 0060 lr: 0.01 train_loss: 24586.8574 train_distortion: 0.2499 train_mapscore: 0.8833 train_c: -1.6561 train_max_dist: 37.6479 train_imax: -0.0000 train_imin: -23.9868 time: 2.9168s
INFO:root:Epoch: 0065 lr: 0.01 train_loss: 23496.2598 train_distortion: 0.2594 train_mapscore: 0.8994 train_c: -1.6768 train_max_dist: 38.5015 train_imax: -0.0000 train_imin: -20.6540 time: 2.9103s
INFO:root:Epoch: 0070 lr: 0.01 train_loss: 22399.7305 train_distortion: 0.2315 train_mapscore: 0.9102 train_c: -1.6875 train_max_dist: 37.2532 train_imax: -0.0000 train_imin: -12.3834 time: 2.8949s
INFO:root:Epoch: 0075 lr: 0.01 train_loss: 21734.7148 train_distortion: 0.2128 train_mapscore: 0.9151 train_c: -1.6944 train_max_dist: 36.0957 train_imax: -0.0000 train_imin: -8.9075 time: 2.8903s
INFO:root:Epoch: 0080 lr: 0.01 train_loss: 21274.5039 train_distortion: 0.2074 train_mapscore: 0.9183 train_c: -1.7001 train_max_dist: 35.3481 train_imax: -0.0000 train_imin: -8.0458 time: 2.8954s
INFO:root:Epoch: 0085 lr: 0.01 train_loss: 20916.5449 train_distortion: 0.2079 train_mapscore: 0.9214 train_c: -1.7054 train_max_dist: 35.6565 train_imax: -0.0000 train_imin: -7.6732 time: 2.9047s
INFO:root:Epoch: 0090 lr: 0.01 train_loss: 20638.9785 train_distortion: 0.2097 train_mapscore: 0.9233 train_c: -1.7103 train_max_dist: 35.8218 train_imax: -0.0000 train_imin: -7.3600 time: 2.8896s
INFO:root:Epoch: 0095 lr: 0.01 train_loss: 20421.8711 train_distortion: 0.2118 train_mapscore: 0.9246 train_c: -1.7147 train_max_dist: 35.8987 train_imax: -0.0000 train_imin: -6.9402 time: 2.9017s
INFO:root:Epoch: 0100 lr: 0.01 train_loss: 20249.7031 train_distortion: 0.2139 train_mapscore: 0.9273 train_c: -1.7187 train_max_dist: 35.9751 train_imax: -0.0000 train_imin: -6.5674 time: 2.9150s
INFO:root:Epoch: 0105 lr: 0.01 train_loss: 20109.5684 train_distortion: 0.2160 train_mapscore: 0.9299 train_c: -1.7224 train_max_dist: 36.0466 train_imax: -0.0000 train_imin: -6.2836 time: 2.9121s
INFO:root:Epoch: 0110 lr: 0.01 train_loss: 19986.9102 train_distortion: 0.2182 train_mapscore: 0.9305 train_c: -1.7259 train_max_dist: 36.1221 train_imax: -0.0000 train_imin: -6.1161 time: 2.9040s
INFO:root:Epoch: 0115 lr: 0.01 train_loss: 19883.4883 train_distortion: 0.2208 train_mapscore: 0.9336 train_c: -1.7292 train_max_dist: 36.1714 train_imax: -0.0000 train_imin: -5.9762 time: 2.9072s
INFO:root:Epoch: 0120 lr: 0.01 train_loss: 19790.8340 train_distortion: 0.2235 train_mapscore: 0.9340 train_c: -1.7323 train_max_dist: 36.1804 train_imax: -0.0000 train_imin: -5.7782 time: 2.9232s
INFO:root:Epoch: 0125 lr: 0.01 train_loss: 19703.5156 train_distortion: 0.2263 train_mapscore: 0.9364 train_c: -1.7354 train_max_dist: 36.2258 train_imax: -0.0000 train_imin: -5.5910 time: 2.9064s
INFO:root:Epoch: 0130 lr: 0.01 train_loss: 19628.4336 train_distortion: 0.2291 train_mapscore: 0.9375 train_c: -1.7382 train_max_dist: 36.1946 train_imax: -0.0000 train_imin: -5.4010 time: 2.9009s
INFO:root:Epoch: 0135 lr: 0.01 train_loss: 19567.6055 train_distortion: 0.2318 train_mapscore: 0.9388 train_c: -1.7410 train_max_dist: 36.3372 train_imax: -0.0000 train_imin: -5.2027 time: 2.9221s
INFO:root:Epoch: 0140 lr: 0.01 train_loss: 19506.3066 train_distortion: 0.2346 train_mapscore: 0.9408 train_c: -1.7437 train_max_dist: 36.7217 train_imax: -0.0000 train_imin: -5.0366 time: 2.9176s
INFO:root:Epoch: 0145 lr: 0.01 train_loss: 19451.3984 train_distortion: 0.2374 train_mapscore: 0.9411 train_c: -1.7463 train_max_dist: 37.0754 train_imax: -0.0000 train_imin: -4.8900 time: 2.9132s
INFO:root:Epoch: 0150 lr: 0.01 train_loss: 19403.2188 train_distortion: 0.2404 train_mapscore: 0.9424 train_c: -1.7488 train_max_dist: 37.3821 train_imax: -0.0000 train_imin: -4.7684 time: 2.9302s
INFO:root:Epoch: 0155 lr: 0.01 train_loss: 19357.0742 train_distortion: 0.2432 train_mapscore: 0.9435 train_c: -1.7512 train_max_dist: 37.6765 train_imax: -0.0000 train_imin: -4.6575 time: 2.9081s
INFO:root:Epoch: 0160 lr: 0.01 train_loss: 19315.3867 train_distortion: 0.2461 train_mapscore: 0.9445 train_c: -1.7536 train_max_dist: 37.9775 train_imax: -0.0000 train_imin: -4.5391 time: 2.9204s
INFO:root:Epoch: 0165 lr: 0.01 train_loss: 19280.7363 train_distortion: 0.2491 train_mapscore: 0.9446 train_c: -1.7559 train_max_dist: 38.2632 train_imax: -0.0000 train_imin: -4.4338 time: 2.9014s
INFO:root:Epoch: 0170 lr: 0.01 train_loss: 19242.9570 train_distortion: 0.2520 train_mapscore: 0.9463 train_c: -1.7581 train_max_dist: 38.5498 train_imax: -0.0000 train_imin: -4.3352 time: 2.8983s
INFO:root:Epoch: 0175 lr: 0.01 train_loss: 19214.0078 train_distortion: 0.2548 train_mapscore: 0.9472 train_c: -1.7603 train_max_dist: 38.7954 train_imax: -0.0000 train_imin: -4.2798 time: 2.9004s
INFO:root:Epoch: 0180 lr: 0.01 train_loss: 19183.1230 train_distortion: 0.2574 train_mapscore: 0.9477 train_c: -1.7624 train_max_dist: 39.0427 train_imax: -0.0000 train_imin: -4.3236 time: 2.8995s
INFO:root:Epoch: 0185 lr: 0.01 train_loss: 19154.0312 train_distortion: 0.2601 train_mapscore: 0.9492 train_c: -1.7644 train_max_dist: 39.3013 train_imax: -0.0000 train_imin: -4.3192 time: 2.8976s
INFO:root:Epoch: 0190 lr: 0.01 train_loss: 19124.6699 train_distortion: 0.2628 train_mapscore: 0.9501 train_c: -1.7664 train_max_dist: 39.5630 train_imax: -0.0000 train_imin: -4.2924 time: 2.9047s
INFO:root:Epoch: 0195 lr: 0.01 train_loss: 19097.0859 train_distortion: 0.2655 train_mapscore: 0.9513 train_c: -1.7684 train_max_dist: 39.7832 train_imax: -0.0000 train_imin: -4.2765 time: 2.9183s
INFO:root:Epoch: 0200 lr: 0.01 train_loss: 19070.3477 train_distortion: 0.2681 train_mapscore: 0.9517 train_c: -1.7703 train_max_dist: 39.9773 train_imax: -0.0000 train_imin: -4.3090 time: 2.9102s
INFO:root:Epoch: 0205 lr: 0.01 train_loss: 19056.4492 train_distortion: 0.2707 train_mapscore: 0.9517 train_c: -1.7722 train_max_dist: 40.2209 train_imax: -0.0000 train_imin: -4.3266 time: 2.9200s
INFO:root:Epoch: 0210 lr: 0.01 train_loss: 19036.0703 train_distortion: 0.2732 train_mapscore: 0.9523 train_c: -1.7740 train_max_dist: 40.4702 train_imax: -0.0000 train_imin: -4.2952 time: 2.9142s
INFO:root:Epoch: 0215 lr: 0.01 train_loss: 19013.1465 train_distortion: 0.2755 train_mapscore: 0.9526 train_c: -1.7758 train_max_dist: 40.6968 train_imax: -0.0000 train_imin: -4.3306 time: 2.9362s
INFO:root:Epoch: 0220 lr: 0.01 train_loss: 18990.5312 train_distortion: 0.2780 train_mapscore: 0.9529 train_c: -1.7776 train_max_dist: 40.9209 train_imax: -0.0000 train_imin: -4.3616 time: 2.9107s
INFO:root:Epoch: 0225 lr: 0.01 train_loss: 18964.5781 train_distortion: 0.2805 train_mapscore: 0.9532 train_c: -1.7794 train_max_dist: 41.1309 train_imax: -0.0000 train_imin: -4.3586 time: 2.9258s
INFO:root:Epoch: 0230 lr: 0.01 train_loss: 18946.1367 train_distortion: 0.2832 train_mapscore: 0.9537 train_c: -1.7811 train_max_dist: 41.3420 train_imax: -0.0000 train_imin: -4.3588 time: 2.9110s
INFO:root:Epoch: 0235 lr: 0.01 train_loss: 18936.0352 train_distortion: 0.2857 train_mapscore: 0.9541 train_c: -1.7828 train_max_dist: 41.5486 train_imax: -0.0000 train_imin: -4.3296 time: 2.9307s
INFO:root:Epoch: 0240 lr: 0.01 train_loss: 18932.9941 train_distortion: 0.2881 train_mapscore: 0.9538 train_c: -1.7845 train_max_dist: 41.7739 train_imax: -0.0000 train_imin: -4.3510 time: 2.9149s
INFO:root:Epoch: 0245 lr: 0.01 train_loss: 18911.3965 train_distortion: 0.2903 train_mapscore: 0.9541 train_c: -1.7861 train_max_dist: 41.9634 train_imax: -0.0000 train_imin: -4.3882 time: 2.9261s
INFO:root:Epoch: 0250 lr: 0.01 train_loss: 18891.9941 train_distortion: 0.2926 train_mapscore: 0.9550 train_c: -1.7878 train_max_dist: 42.1582 train_imax: -0.0000 train_imin: -4.3617 time: 2.9099s
INFO:root:Epoch: 0255 lr: 0.01 train_loss: 18873.4375 train_distortion: 0.2952 train_mapscore: 0.9542 train_c: -1.7894 train_max_dist: 42.3228 train_imax: -0.0000 train_imin: -4.3584 time: 2.9180s
INFO:root:Epoch: 0260 lr: 0.01 train_loss: 18859.4453 train_distortion: 0.2977 train_mapscore: 0.9558 train_c: -1.7909 train_max_dist: 42.5054 train_imax: -0.0000 train_imin: -4.3606 time: 2.9192s
INFO:root:Epoch: 0265 lr: 0.01 train_loss: 18847.9375 train_distortion: 0.3000 train_mapscore: 0.9558 train_c: -1.7925 train_max_dist: 42.6675 train_imax: -0.0000 train_imin: -4.3559 time: 2.9113s
INFO:root:Epoch: 0270 lr: 0.01 train_loss: 18849.0859 train_distortion: 0.3023 train_mapscore: 0.9558 train_c: -1.7941 train_max_dist: 42.8276 train_imax: -0.0000 train_imin: -4.3334 time: 2.9286s
INFO:root:Epoch: 0275 lr: 0.01 train_loss: 18831.4141 train_distortion: 0.3043 train_mapscore: 0.9563 train_c: -1.7956 train_max_dist: 42.9946 train_imax: -0.0000 train_imin: -4.3492 time: 2.9027s
INFO:root:Epoch: 0280 lr: 0.01 train_loss: 18818.0840 train_distortion: 0.3066 train_mapscore: 0.9568 train_c: -1.7971 train_max_dist: 43.1516 train_imax: -0.0000 train_imin: -4.3750 time: 2.9151s
INFO:root:Epoch: 0285 lr: 0.01 train_loss: 18803.4629 train_distortion: 0.3089 train_mapscore: 0.9570 train_c: -1.7986 train_max_dist: 43.3015 train_imax: -0.0000 train_imin: -4.3404 time: 2.9092s
INFO:root:Epoch: 0290 lr: 0.01 train_loss: 18788.3301 train_distortion: 0.3112 train_mapscore: 0.9570 train_c: -1.8000 train_max_dist: 43.4287 train_imax: -0.0000 train_imin: -4.3583 time: 2.9312s
INFO:root:Epoch: 0295 lr: 0.01 train_loss: 18777.7168 train_distortion: 0.3135 train_mapscore: 0.9576 train_c: -1.8015 train_max_dist: 43.5693 train_imax: -0.0000 train_imin: -4.3581 time: 2.9232s
INFO:root:Epoch: 0300 lr: 0.01 train_loss: 18773.8945 train_distortion: 0.3157 train_mapscore: 0.9578 train_c: -1.8029 train_max_dist: 43.7031 train_imax: -0.0000 train_imin: -4.3232 time: 2.9197s
INFO:root:Epoch: 0305 lr: 0.01 train_loss: 18772.2168 train_distortion: 0.3177 train_mapscore: 0.9576 train_c: -1.8044 train_max_dist: 43.7998 train_imax: -0.0000 train_imin: -4.3759 time: 2.9101s
INFO:root:Epoch: 0310 lr: 0.01 train_loss: 18756.0859 train_distortion: 0.3196 train_mapscore: 0.9580 train_c: -1.8058 train_max_dist: 43.9121 train_imax: -0.0000 train_imin: -4.3748 time: 2.9201s
INFO:root:Epoch: 0315 lr: 0.01 train_loss: 18744.0000 train_distortion: 0.3217 train_mapscore: 0.9580 train_c: -1.8072 train_max_dist: 44.0410 train_imax: -0.0000 train_imin: -4.3525 time: 2.9152s
INFO:root:Epoch: 0320 lr: 0.01 train_loss: 18736.4453 train_distortion: 0.3237 train_mapscore: 0.9584 train_c: -1.8085 train_max_dist: 44.1338 train_imax: -0.0000 train_imin: -4.3573 time: 2.9268s
INFO:root:Epoch: 0325 lr: 0.01 train_loss: 18724.8379 train_distortion: 0.3258 train_mapscore: 0.9590 train_c: -1.8099 train_max_dist: 44.2334 train_imax: -0.0000 train_imin: -4.3710 time: 2.9189s
INFO:root:Epoch: 0330 lr: 0.01 train_loss: 18712.8262 train_distortion: 0.3278 train_mapscore: 0.9591 train_c: -1.8113 train_max_dist: 44.3184 train_imax: -0.0000 train_imin: -4.3523 time: 2.9227s
INFO:root:Epoch: 0335 lr: 0.01 train_loss: 18712.9922 train_distortion: 0.3298 train_mapscore: 0.9591 train_c: -1.8126 train_max_dist: 44.3984 train_imax: -0.0000 train_imin: -4.3422 time: 2.9152s
INFO:root:Epoch: 0340 lr: 0.01 train_loss: 18710.8340 train_distortion: 0.3316 train_mapscore: 0.9590 train_c: -1.8140 train_max_dist: 44.4897 train_imax: -0.0000 train_imin: -4.3473 time: 2.9237s
INFO:root:Epoch: 0345 lr: 0.01 train_loss: 18695.0430 train_distortion: 0.3333 train_mapscore: 0.9594 train_c: -1.8153 train_max_dist: 44.5586 train_imax: -0.0000 train_imin: -4.3365 time: 2.9163s
INFO:root:Epoch: 0350 lr: 0.01 train_loss: 18683.6035 train_distortion: 0.3351 train_mapscore: 0.9599 train_c: -1.8166 train_max_dist: 44.6191 train_imax: -0.0000 train_imin: -4.3651 time: 2.9252s
INFO:root:Epoch: 0355 lr: 0.01 train_loss: 18674.9453 train_distortion: 0.3371 train_mapscore: 0.9599 train_c: -1.8179 train_max_dist: 44.6831 train_imax: -0.0000 train_imin: -4.3577 time: 2.9096s
INFO:root:Epoch: 0360 lr: 0.01 train_loss: 18674.1621 train_distortion: 0.3390 train_mapscore: 0.9598 train_c: -1.8192 train_max_dist: 44.7222 train_imax: -0.0000 train_imin: -4.3507 time: 2.9273s
INFO:root:Epoch: 0365 lr: 0.01 train_loss: 18669.3750 train_distortion: 0.3408 train_mapscore: 0.9600 train_c: -1.8205 train_max_dist: 44.7876 train_imax: -0.0000 train_imin: -4.3467 time: 2.9284s
INFO:root:Epoch: 0370 lr: 0.01 train_loss: 18657.1699 train_distortion: 0.3423 train_mapscore: 0.9607 train_c: -1.8218 train_max_dist: 44.8325 train_imax: -0.0000 train_imin: -4.3473 time: 2.9197s
INFO:root:Epoch: 0375 lr: 0.01 train_loss: 18646.2422 train_distortion: 0.3442 train_mapscore: 0.9604 train_c: -1.8231 train_max_dist: 44.8877 train_imax: -0.0000 train_imin: -4.3451 time: 2.9167s
INFO:root:Epoch: 0380 lr: 0.01 train_loss: 18643.3242 train_distortion: 0.3460 train_mapscore: 0.9614 train_c: -1.8244 train_max_dist: 44.9404 train_imax: -0.0000 train_imin: -4.3560 time: 2.9222s
INFO:root:Epoch: 0385 lr: 0.01 train_loss: 18635.4570 train_distortion: 0.3476 train_mapscore: 0.9608 train_c: -1.8256 train_max_dist: 44.9854 train_imax: -0.0000 train_imin: -4.3488 time: 2.9113s
INFO:root:Epoch: 0390 lr: 0.01 train_loss: 18626.6641 train_distortion: 0.3494 train_mapscore: 0.9610 train_c: -1.8269 train_max_dist: 45.0166 train_imax: -0.0000 train_imin: -4.3318 time: 2.9202s
INFO:root:Epoch: 0395 lr: 0.01 train_loss: 18623.0430 train_distortion: 0.3511 train_mapscore: 0.9614 train_c: -1.8282 train_max_dist: 45.0664 train_imax: -0.0000 train_imin: -4.3130 time: 2.9238s
INFO:root:Epoch: 0400 lr: 0.01 train_loss: 18615.2539 train_distortion: 0.3527 train_mapscore: 0.9614 train_c: -1.8294 train_max_dist: 45.0933 train_imax: -0.0000 train_imin: -4.3220 time: 2.9100s
INFO:root:Epoch: 0405 lr: 0.01 train_loss: 18619.9727 train_distortion: 0.3544 train_mapscore: 0.9603 train_c: -1.8307 train_max_dist: 45.1680 train_imax: -0.0000 train_imin: -4.3269 time: 2.9195s
INFO:root:Epoch: 0410 lr: 0.01 train_loss: 18604.2578 train_distortion: 0.3558 train_mapscore: 0.9615 train_c: -1.8319 train_max_dist: 45.1846 train_imax: -0.0000 train_imin: -4.3504 time: 2.9142s
INFO:root:Epoch: 0415 lr: 0.01 train_loss: 18593.8516 train_distortion: 0.3575 train_mapscore: 0.9618 train_c: -1.8331 train_max_dist: 45.2329 train_imax: -0.0000 train_imin: -4.3177 time: 2.9298s
INFO:root:Epoch: 0420 lr: 0.01 train_loss: 18587.1855 train_distortion: 0.3592 train_mapscore: 0.9621 train_c: -1.8344 train_max_dist: 45.2671 train_imax: -0.0000 train_imin: -4.3009 time: 2.9098s
INFO:root:Epoch: 0425 lr: 0.01 train_loss: 18588.9629 train_distortion: 0.3610 train_mapscore: 0.9622 train_c: -1.8356 train_max_dist: 45.3164 train_imax: -0.0000 train_imin: -4.3136 time: 2.9206s
INFO:root:Epoch: 0430 lr: 0.01 train_loss: 18578.0664 train_distortion: 0.3625 train_mapscore: 0.9622 train_c: -1.8368 train_max_dist: 45.3662 train_imax: -0.0000 train_imin: -4.2950 time: 2.9283s
INFO:root:Epoch: 0435 lr: 0.01 train_loss: 18576.4570 train_distortion: 0.3641 train_mapscore: 0.9624 train_c: -1.8381 train_max_dist: 45.4072 train_imax: -0.0000 train_imin: -4.3033 time: 2.9194s
INFO:root:Epoch: 0440 lr: 0.01 train_loss: 18572.8301 train_distortion: 0.3656 train_mapscore: 0.9624 train_c: -1.8393 train_max_dist: 45.4453 train_imax: -0.0000 train_imin: -4.3556 time: 2.9005s
INFO:root:Epoch: 0445 lr: 0.01 train_loss: 18563.5625 train_distortion: 0.3670 train_mapscore: 0.9631 train_c: -1.8405 train_max_dist: 45.5093 train_imax: -0.0000 train_imin: -4.3349 time: 2.9142s
INFO:root:Epoch: 0450 lr: 0.01 train_loss: 18554.9609 train_distortion: 0.3686 train_mapscore: 0.9627 train_c: -1.8417 train_max_dist: 45.6147 train_imax: -0.0000 train_imin: -4.2913 time: 2.9113s
INFO:root:Epoch: 0455 lr: 0.01 train_loss: 18548.4180 train_distortion: 0.3702 train_mapscore: 0.9630 train_c: -1.8429 train_max_dist: 45.6641 train_imax: -0.0000 train_imin: -4.2841 time: 2.9079s
INFO:root:Epoch: 0460 lr: 0.01 train_loss: 18544.5352 train_distortion: 0.3719 train_mapscore: 0.9631 train_c: -1.8441 train_max_dist: 45.7427 train_imax: -0.0000 train_imin: -4.2894 time: 2.9223s
INFO:root:Epoch: 0465 lr: 0.01 train_loss: 18539.2422 train_distortion: 0.3734 train_mapscore: 0.9631 train_c: -1.8453 train_max_dist: 45.7925 train_imax: -0.0000 train_imin: -4.3241 time: 2.9119s
INFO:root:Epoch: 0470 lr: 0.01 train_loss: 18531.5547 train_distortion: 0.3749 train_mapscore: 0.9634 train_c: -1.8466 train_max_dist: 45.9092 train_imax: -0.0000 train_imin: -4.2825 time: 2.9066s
INFO:root:Epoch: 0475 lr: 0.01 train_loss: 18533.6719 train_distortion: 0.3764 train_mapscore: 0.9632 train_c: -1.8478 train_max_dist: 45.9946 train_imax: -0.0000 train_imin: -4.2953 time: 2.9198s
INFO:root:Epoch: 0480 lr: 0.01 train_loss: 18530.4238 train_distortion: 0.3778 train_mapscore: 0.9635 train_c: -1.8489 train_max_dist: 46.0552 train_imax: -0.0000 train_imin: -4.2610 time: 2.9129s
INFO:root:Epoch: 0485 lr: 0.01 train_loss: 18524.6016 train_distortion: 0.3789 train_mapscore: 0.9634 train_c: -1.8501 train_max_dist: 46.1064 train_imax: -0.0000 train_imin: -4.3034 time: 2.9279s
INFO:root:Epoch: 0490 lr: 0.01 train_loss: 18513.3398 train_distortion: 0.3801 train_mapscore: 0.9642 train_c: -1.8513 train_max_dist: 46.1709 train_imax: -0.0000 train_imin: -4.3359 time: 2.9189s
INFO:root:Epoch: 0495 lr: 0.01 train_loss: 18506.1348 train_distortion: 0.3817 train_mapscore: 0.9640 train_c: -1.8525 train_max_dist: 46.2729 train_imax: -0.0000 train_imin: -4.3102 time: 2.9209s
INFO:root:Epoch: 0500 lr: 0.01 train_loss: 18501.7773 train_distortion: 0.3833 train_mapscore: 0.9636 train_c: -1.8537 train_max_dist: 46.3433 train_imax: -0.0000 train_imin: -4.2752 time: 2.9129s
INFO:root:Epoch: 0505 lr: 0.01 train_loss: 18502.3828 train_distortion: 0.3848 train_mapscore: 0.9638 train_c: -1.8549 train_max_dist: 46.3887 train_imax: -0.0000 train_imin: -4.2550 time: 2.9270s
INFO:root:Epoch: 0510 lr: 0.01 train_loss: 18497.4727 train_distortion: 0.3862 train_mapscore: 0.9641 train_c: -1.8561 train_max_dist: 46.5098 train_imax: -0.0000 train_imin: -4.2699 time: 2.9054s
INFO:root:Epoch: 0515 lr: 0.01 train_loss: 18493.5234 train_distortion: 0.3875 train_mapscore: 0.9641 train_c: -1.8573 train_max_dist: 46.5273 train_imax: -0.0000 train_imin: -4.2760 time: 2.9264s
INFO:root:Epoch: 0520 lr: 0.01 train_loss: 18482.8145 train_distortion: 0.3888 train_mapscore: 0.9645 train_c: -1.8585 train_max_dist: 46.5957 train_imax: -0.0000 train_imin: -4.2985 time: 2.9122s
INFO:root:Epoch: 0525 lr: 0.01 train_loss: 18477.7051 train_distortion: 0.3903 train_mapscore: 0.9646 train_c: -1.8597 train_max_dist: 46.6597 train_imax: -0.0000 train_imin: -4.2659 time: 2.9192s
INFO:root:Epoch: 0530 lr: 0.01 train_loss: 18474.9531 train_distortion: 0.3918 train_mapscore: 0.9642 train_c: -1.8609 train_max_dist: 46.7417 train_imax: -0.0000 train_imin: -4.2897 time: 2.9304s
INFO:root:Epoch: 0535 lr: 0.01 train_loss: 18472.4141 train_distortion: 0.3933 train_mapscore: 0.9644 train_c: -1.8621 train_max_dist: 46.7974 train_imax: -0.0000 train_imin: -4.2716 time: 2.9185s
INFO:root:Epoch: 0540 lr: 0.01 train_loss: 18465.3242 train_distortion: 0.3946 train_mapscore: 0.9647 train_c: -1.8633 train_max_dist: 46.8999 train_imax: -0.0000 train_imin: -4.2811 time: 2.9241s
INFO:root:Epoch: 0545 lr: 0.01 train_loss: 18464.0430 train_distortion: 0.3960 train_mapscore: 0.9650 train_c: -1.8645 train_max_dist: 46.9512 train_imax: -0.0000 train_imin: -4.3129 time: 2.9155s
INFO:root:Epoch: 0550 lr: 0.01 train_loss: 18464.5547 train_distortion: 0.3974 train_mapscore: 0.9647 train_c: -1.8656 train_max_dist: 47.0205 train_imax: -0.0000 train_imin: -4.1932 time: 2.9220s
INFO:root:Epoch: 0555 lr: 0.01 train_loss: 18455.4883 train_distortion: 0.3983 train_mapscore: 0.9652 train_c: -1.8668 train_max_dist: 47.0679 train_imax: -0.0000 train_imin: -4.2426 time: 2.9245s
INFO:root:Epoch: 0560 lr: 0.01 train_loss: 18443.3867 train_distortion: 0.3998 train_mapscore: 0.9656 train_c: -1.8680 train_max_dist: 47.1436 train_imax: -0.0000 train_imin: -4.2871 time: 2.9134s
INFO:root:Epoch: 0565 lr: 0.01 train_loss: 18440.3281 train_distortion: 0.4012 train_mapscore: 0.9653 train_c: -1.8692 train_max_dist: 47.2163 train_imax: -0.0000 train_imin: -4.2318 time: 2.9280s
INFO:root:Epoch: 0570 lr: 0.01 train_loss: 18450.7422 train_distortion: 0.4028 train_mapscore: 0.9656 train_c: -1.8704 train_max_dist: 47.2593 train_imax: -0.0000 train_imin: -4.3171 time: 2.9217s
INFO:root:Epoch: 0575 lr: 0.01 train_loss: 18433.1250 train_distortion: 0.4036 train_mapscore: 0.9655 train_c: -1.8716 train_max_dist: 47.3223 train_imax: -0.0000 train_imin: -4.2414 time: 2.9422s
INFO:root:Epoch: 0580 lr: 0.01 train_loss: 18430.0234 train_distortion: 0.4049 train_mapscore: 0.9656 train_c: -1.8727 train_max_dist: 47.3647 train_imax: -0.0000 train_imin: -4.2141 time: 2.9371s
INFO:root:Epoch: 0585 lr: 0.01 train_loss: 18423.6113 train_distortion: 0.4065 train_mapscore: 0.9656 train_c: -1.8739 train_max_dist: 47.4478 train_imax: -0.0000 train_imin: -4.2364 time: 2.9246s
INFO:root:Epoch: 0590 lr: 0.01 train_loss: 18421.3926 train_distortion: 0.4080 train_mapscore: 0.9663 train_c: -1.8751 train_max_dist: 47.4966 train_imax: -0.0000 train_imin: -4.2516 time: 2.9162s
INFO:root:Epoch: 0595 lr: 0.01 train_loss: 18422.0430 train_distortion: 0.4092 train_mapscore: 0.9663 train_c: -1.8763 train_max_dist: 47.5537 train_imax: -0.0000 train_imin: -4.2603 time: 2.9228s
INFO:root:Epoch: 0600 lr: 0.01 train_loss: 18420.5195 train_distortion: 0.4105 train_mapscore: 0.9664 train_c: -1.8775 train_max_dist: 47.6045 train_imax: -0.0000 train_imin: -4.2531 time: 2.9192s
INFO:root:Epoch: 0605 lr: 0.01 train_loss: 18416.1562 train_distortion: 0.4114 train_mapscore: 0.9666 train_c: -1.8787 train_max_dist: 47.6465 train_imax: -0.0000 train_imin: -4.2912 time: 2.9208s
INFO:root:Epoch: 0610 lr: 0.01 train_loss: 18405.4375 train_distortion: 0.4126 train_mapscore: 0.9669 train_c: -1.8799 train_max_dist: 47.6982 train_imax: -0.0000 train_imin: -4.2239 time: 2.9266s
INFO:root:Epoch: 0615 lr: 0.01 train_loss: 18395.4160 train_distortion: 0.4140 train_mapscore: 0.9664 train_c: -1.8811 train_max_dist: 47.7656 train_imax: -0.0000 train_imin: -4.2454 time: 2.9159s
INFO:root:Epoch: 0620 lr: 0.01 train_loss: 18391.7773 train_distortion: 0.4156 train_mapscore: 0.9665 train_c: -1.8823 train_max_dist: 47.8223 train_imax: -0.0000 train_imin: -4.2188 time: 2.9242s
INFO:root:Epoch: 0625 lr: 0.01 train_loss: 18397.3574 train_distortion: 0.4172 train_mapscore: 0.9674 train_c: -1.8835 train_max_dist: 47.8813 train_imax: -0.0000 train_imin: -4.2777 time: 2.9305s
INFO:root:Epoch: 0630 lr: 0.01 train_loss: 18393.7188 train_distortion: 0.4181 train_mapscore: 0.9675 train_c: -1.8847 train_max_dist: 47.9424 train_imax: -0.0000 train_imin: -4.1921 time: 2.9295s
INFO:root:Epoch: 0635 lr: 0.01 train_loss: 18387.6934 train_distortion: 0.4194 train_mapscore: 0.9674 train_c: -1.8859 train_max_dist: 47.9824 train_imax: -0.0000 train_imin: -4.2799 time: 2.9179s
INFO:root:Epoch: 0640 lr: 0.01 train_loss: 18382.5664 train_distortion: 0.4207 train_mapscore: 0.9677 train_c: -1.8871 train_max_dist: 48.0464 train_imax: -0.0000 train_imin: -4.2346 time: 2.9191s
INFO:root:Epoch: 0645 lr: 0.01 train_loss: 18378.4570 train_distortion: 0.4218 train_mapscore: 0.9672 train_c: -1.8883 train_max_dist: 48.0767 train_imax: -0.0000 train_imin: -4.2926 time: 2.9183s
INFO:root:Epoch: 0650 lr: 0.01 train_loss: 18376.1562 train_distortion: 0.4231 train_mapscore: 0.9676 train_c: -1.8894 train_max_dist: 48.1328 train_imax: -0.0000 train_imin: -4.1976 time: 2.9238s
INFO:root:Epoch: 0655 lr: 0.01 train_loss: 18368.4297 train_distortion: 0.4243 train_mapscore: 0.9673 train_c: -1.8906 train_max_dist: 48.1543 train_imax: -0.0000 train_imin: -4.2368 time: 2.9268s
INFO:root:Epoch: 0660 lr: 0.01 train_loss: 18365.0547 train_distortion: 0.4255 train_mapscore: 0.9678 train_c: -1.8918 train_max_dist: 48.2070 train_imax: -0.0000 train_imin: -4.2541 time: 2.9225s
INFO:root:Epoch: 0665 lr: 0.01 train_loss: 18367.9902 train_distortion: 0.4270 train_mapscore: 0.9678 train_c: -1.8931 train_max_dist: 48.2759 train_imax: -0.0000 train_imin: -4.2126 time: 2.9185s
INFO:root:Epoch: 0670 lr: 0.01 train_loss: 18365.1543 train_distortion: 0.4280 train_mapscore: 0.9678 train_c: -1.8942 train_max_dist: 48.3271 train_imax: -0.0000 train_imin: -4.2912 time: 2.9273s
INFO:root:Epoch: 0675 lr: 0.01 train_loss: 18357.0547 train_distortion: 0.4290 train_mapscore: 0.9676 train_c: -1.8954 train_max_dist: 48.3208 train_imax: -0.0000 train_imin: -4.2422 time: 2.9108s
INFO:root:Epoch: 0680 lr: 0.01 train_loss: 18349.0820 train_distortion: 0.4303 train_mapscore: 0.9677 train_c: -1.8966 train_max_dist: 48.3613 train_imax: -0.0000 train_imin: -4.2332 time: 2.9217s
INFO:root:Epoch: 0685 lr: 0.01 train_loss: 18346.7422 train_distortion: 0.4316 train_mapscore: 0.9680 train_c: -1.8979 train_max_dist: 48.4141 train_imax: -0.0000 train_imin: -4.2263 time: 2.9194s
INFO:root:Epoch: 0690 lr: 0.01 train_loss: 18342.4375 train_distortion: 0.4331 train_mapscore: 0.9680 train_c: -1.8991 train_max_dist: 48.4443 train_imax: -0.0000 train_imin: -4.2905 time: 2.9233s
INFO:root:Epoch: 0695 lr: 0.01 train_loss: 18340.8105 train_distortion: 0.4343 train_mapscore: 0.9680 train_c: -1.9003 train_max_dist: 48.5059 train_imax: -0.0000 train_imin: -4.2744 time: 2.9108s
INFO:root:Epoch: 0700 lr: 0.01 train_loss: 18346.9453 train_distortion: 0.4355 train_mapscore: 0.9680 train_c: -1.9015 train_max_dist: 48.5122 train_imax: -0.0000 train_imin: -4.2147 time: 2.9242s
INFO:root:Epoch: 0705 lr: 0.01 train_loss: 18339.0254 train_distortion: 0.4364 train_mapscore: 0.9681 train_c: -1.9027 train_max_dist: 48.5493 train_imax: -0.0000 train_imin: -4.2938 time: 2.9259s
INFO:root:Epoch: 0710 lr: 0.01 train_loss: 18331.6602 train_distortion: 0.4374 train_mapscore: 0.9684 train_c: -1.9039 train_max_dist: 48.5669 train_imax: -0.0000 train_imin: -4.2663 time: 2.9597s
INFO:root:Epoch: 0715 lr: 0.01 train_loss: 18321.1191 train_distortion: 0.4388 train_mapscore: 0.9682 train_c: -1.9051 train_max_dist: 48.6255 train_imax: -0.0000 train_imin: -4.2718 time: 2.9085s
INFO:root:Epoch: 0720 lr: 0.01 train_loss: 18316.2227 train_distortion: 0.4404 train_mapscore: 0.9685 train_c: -1.9064 train_max_dist: 48.6572 train_imax: -0.0000 train_imin: -4.2859 time: 2.9208s
INFO:root:Epoch: 0725 lr: 0.01 train_loss: 18313.2734 train_distortion: 0.4419 train_mapscore: 0.9688 train_c: -1.9076 train_max_dist: 48.7109 train_imax: -0.0000 train_imin: -4.2574 time: 2.9242s
INFO:root:Epoch: 0730 lr: 0.01 train_loss: 18320.3340 train_distortion: 0.4432 train_mapscore: 0.9683 train_c: -1.9088 train_max_dist: 48.7417 train_imax: -0.0000 train_imin: -4.2428 time: 2.9208s
INFO:root:Epoch: 0735 lr: 0.01 train_loss: 18328.9414 train_distortion: 0.4441 train_mapscore: 0.9685 train_c: -1.9100 train_max_dist: 48.7744 train_imax: -0.0000 train_imin: -4.3187 time: 2.9144s
INFO:root:Epoch: 0740 lr: 0.01 train_loss: 18314.8516 train_distortion: 0.4450 train_mapscore: 0.9683 train_c: -1.9112 train_max_dist: 48.8120 train_imax: -0.0000 train_imin: -4.2772 time: 2.9221s
INFO:root:Epoch: 0745 lr: 0.01 train_loss: 18306.6465 train_distortion: 0.4458 train_mapscore: 0.9690 train_c: -1.9125 train_max_dist: 48.8408 train_imax: -0.0000 train_imin: -4.2596 time: 2.9251s
INFO:root:Epoch: 0750 lr: 0.01 train_loss: 18301.4727 train_distortion: 0.4473 train_mapscore: 0.9686 train_c: -1.9137 train_max_dist: 48.9106 train_imax: -0.0000 train_imin: -4.2765 time: 2.9118s
INFO:root:Epoch: 0755 lr: 0.01 train_loss: 18295.8086 train_distortion: 0.4485 train_mapscore: 0.9689 train_c: -1.9149 train_max_dist: 48.9585 train_imax: -0.0000 train_imin: -4.2918 time: 2.9254s
INFO:root:Epoch: 0760 lr: 0.01 train_loss: 18292.6289 train_distortion: 0.4499 train_mapscore: 0.9690 train_c: -1.9162 train_max_dist: 49.0093 train_imax: -0.0000 train_imin: -4.3108 time: 2.9106s
INFO:root:Epoch: 0765 lr: 0.01 train_loss: 18293.4727 train_distortion: 0.4512 train_mapscore: 0.9689 train_c: -1.9174 train_max_dist: 49.0635 train_imax: -0.0000 train_imin: -4.2922 time: 2.9214s
INFO:root:Epoch: 0770 lr: 0.01 train_loss: 18286.8750 train_distortion: 0.4525 train_mapscore: 0.9691 train_c: -1.9186 train_max_dist: 49.1157 train_imax: -0.0000 train_imin: -4.3018 time: 2.9401s
INFO:root:Epoch: 0775 lr: 0.01 train_loss: 18284.5820 train_distortion: 0.4538 train_mapscore: 0.9690 train_c: -1.9199 train_max_dist: 49.1719 train_imax: -0.0000 train_imin: -4.2873 time: 2.9160s
INFO:root:Epoch: 0780 lr: 0.01 train_loss: 18285.7246 train_distortion: 0.4550 train_mapscore: 0.9688 train_c: -1.9211 train_max_dist: 49.2178 train_imax: -0.0000 train_imin: -4.2942 time: 2.9251s
INFO:root:Epoch: 0785 lr: 0.01 train_loss: 18280.7344 train_distortion: 0.4561 train_mapscore: 0.9693 train_c: -1.9224 train_max_dist: 49.2588 train_imax: -0.0000 train_imin: -4.3261 time: 2.9119s
INFO:root:Epoch: 0790 lr: 0.01 train_loss: 18275.3906 train_distortion: 0.4572 train_mapscore: 0.9691 train_c: -1.9236 train_max_dist: 49.3154 train_imax: -0.0000 train_imin: -4.2507 time: 2.9198s
INFO:root:Epoch: 0795 lr: 0.01 train_loss: 18279.3496 train_distortion: 0.4587 train_mapscore: 0.9695 train_c: -1.9248 train_max_dist: 49.3555 train_imax: -0.0000 train_imin: -4.3553 time: 2.9121s
INFO:root:Epoch: 0800 lr: 0.01 train_loss: 18274.8027 train_distortion: 0.4594 train_mapscore: 0.9693 train_c: -1.9261 train_max_dist: 49.4287 train_imax: -0.0000 train_imin: -4.2931 time: 2.9191s
INFO:root:Epoch: 0805 lr: 0.01 train_loss: 18265.5508 train_distortion: 0.4606 train_mapscore: 0.9697 train_c: -1.9273 train_max_dist: 49.4673 train_imax: -0.0000 train_imin: -4.2962 time: 2.9110s
INFO:root:Epoch: 0810 lr: 0.01 train_loss: 18265.2461 train_distortion: 0.4618 train_mapscore: 0.9697 train_c: -1.9285 train_max_dist: 49.4839 train_imax: -0.0000 train_imin: -4.3087 time: 2.9235s
INFO:root:Epoch: 0815 lr: 0.01 train_loss: 18260.4414 train_distortion: 0.4630 train_mapscore: 0.9695 train_c: -1.9298 train_max_dist: 49.5493 train_imax: -0.0000 train_imin: -4.3334 time: 2.9312s
INFO:root:Epoch: 0820 lr: 0.01 train_loss: 18256.8633 train_distortion: 0.4643 train_mapscore: 0.9699 train_c: -1.9310 train_max_dist: 49.5684 train_imax: -0.0000 train_imin: -4.3600 time: 2.9144s
INFO:root:Epoch: 0825 lr: 0.01 train_loss: 18256.7031 train_distortion: 0.4655 train_mapscore: 0.9697 train_c: -1.9323 train_max_dist: 49.6450 train_imax: -0.0000 train_imin: -4.3194 time: 2.9205s
INFO:root:Epoch: 0830 lr: 0.01 train_loss: 18250.3379 train_distortion: 0.4667 train_mapscore: 0.9702 train_c: -1.9336 train_max_dist: 49.6924 train_imax: -0.0000 train_imin: -4.3835 time: 2.9143s
INFO:root:Epoch: 0835 lr: 0.01 train_loss: 18249.4453 train_distortion: 0.4681 train_mapscore: 0.9698 train_c: -1.9348 train_max_dist: 49.7515 train_imax: -0.0000 train_imin: -4.3012 time: 2.9262s
INFO:root:Epoch: 0840 lr: 0.01 train_loss: 18249.0020 train_distortion: 0.4690 train_mapscore: 0.9700 train_c: -1.9361 train_max_dist: 49.8384 train_imax: -0.0000 train_imin: -4.3105 time: 2.9118s
INFO:root:Epoch: 0845 lr: 0.01 train_loss: 18244.4492 train_distortion: 0.4702 train_mapscore: 0.9702 train_c: -1.9373 train_max_dist: 49.8413 train_imax: -0.0000 train_imin: -4.3834 time: 2.9221s
INFO:root:Epoch: 0850 lr: 0.01 train_loss: 18235.9746 train_distortion: 0.4714 train_mapscore: 0.9704 train_c: -1.9386 train_max_dist: 49.8647 train_imax: -0.0000 train_imin: -4.3719 time: 2.9139s
INFO:root:Epoch: 0855 lr: 0.01 train_loss: 18233.9883 train_distortion: 0.4728 train_mapscore: 0.9703 train_c: -1.9398 train_max_dist: 49.9331 train_imax: -0.0000 train_imin: -4.4029 time: 2.9244s
INFO:root:Epoch: 0860 lr: 0.01 train_loss: 18234.5566 train_distortion: 0.4739 train_mapscore: 0.9704 train_c: -1.9411 train_max_dist: 49.9482 train_imax: -0.0000 train_imin: -4.3619 time: 2.9100s
INFO:root:Epoch: 0865 lr: 0.01 train_loss: 18230.5840 train_distortion: 0.4752 train_mapscore: 0.9703 train_c: -1.9424 train_max_dist: 49.9863 train_imax: -0.0000 train_imin: -4.3099 time: 2.9246s
INFO:root:Epoch: 0870 lr: 0.01 train_loss: 18230.0859 train_distortion: 0.4763 train_mapscore: 0.9707 train_c: -1.9436 train_max_dist: 50.0371 train_imax: -0.0000 train_imin: -4.3827 time: 2.9146s
INFO:root:Epoch: 0875 lr: 0.01 train_loss: 18225.1289 train_distortion: 0.4775 train_mapscore: 0.9707 train_c: -1.9449 train_max_dist: 50.0820 train_imax: -0.0000 train_imin: -4.3739 time: 2.9179s
INFO:root:Epoch: 0880 lr: 0.01 train_loss: 18228.0547 train_distortion: 0.4785 train_mapscore: 0.9709 train_c: -1.9461 train_max_dist: 50.1167 train_imax: -0.0000 train_imin: -4.4284 time: 2.9231s
INFO:root:Epoch: 0885 lr: 0.01 train_loss: 18219.4258 train_distortion: 0.4796 train_mapscore: 0.9708 train_c: -1.9474 train_max_dist: 50.1709 train_imax: -0.0000 train_imin: -4.3837 time: 2.9165s
INFO:root:Epoch: 0890 lr: 0.01 train_loss: 18215.0586 train_distortion: 0.4809 train_mapscore: 0.9710 train_c: -1.9487 train_max_dist: 50.2109 train_imax: -0.0000 train_imin: -4.4612 time: 2.9222s
INFO:root:Epoch: 0895 lr: 0.01 train_loss: 18212.1172 train_distortion: 0.4821 train_mapscore: 0.9706 train_c: -1.9500 train_max_dist: 50.2812 train_imax: -0.0000 train_imin: -4.4189 time: 2.9183s
INFO:root:Epoch: 0900 lr: 0.01 train_loss: 18207.3320 train_distortion: 0.4835 train_mapscore: 0.9712 train_c: -1.9512 train_max_dist: 50.3359 train_imax: -0.0000 train_imin: -4.4037 time: 2.9300s
INFO:root:Epoch: 0905 lr: 0.01 train_loss: 18208.5039 train_distortion: 0.4847 train_mapscore: 0.9712 train_c: -1.9525 train_max_dist: 50.4019 train_imax: -0.0000 train_imin: -4.4306 time: 2.9161s
INFO:root:Epoch: 0910 lr: 0.01 train_loss: 18206.0645 train_distortion: 0.4860 train_mapscore: 0.9711 train_c: -1.9538 train_max_dist: 50.4644 train_imax: -0.0000 train_imin: -4.4414 time: 2.9208s
INFO:root:Epoch: 0915 lr: 0.01 train_loss: 18201.6406 train_distortion: 0.4871 train_mapscore: 0.9716 train_c: -1.9551 train_max_dist: 50.5537 train_imax: -0.0000 train_imin: -4.4149 time: 2.9146s
INFO:root:Epoch: 0920 lr: 0.01 train_loss: 18197.0254 train_distortion: 0.4883 train_mapscore: 0.9713 train_c: -1.9563 train_max_dist: 50.6035 train_imax: -0.0000 train_imin: -4.4396 time: 2.9219s
INFO:root:Epoch: 0925 lr: 0.01 train_loss: 18196.8281 train_distortion: 0.4897 train_mapscore: 0.9718 train_c: -1.9576 train_max_dist: 50.6455 train_imax: -0.0000 train_imin: -4.4769 time: 2.9193s
INFO:root:Epoch: 0930 lr: 0.01 train_loss: 18196.8652 train_distortion: 0.4907 train_mapscore: 0.9717 train_c: -1.9589 train_max_dist: 50.7300 train_imax: -0.0000 train_imin: -4.3963 time: 2.9318s
INFO:root:Epoch: 0935 lr: 0.01 train_loss: 18191.9102 train_distortion: 0.4917 train_mapscore: 0.9716 train_c: -1.9602 train_max_dist: 50.7349 train_imax: -0.0000 train_imin: -4.4695 time: 2.9141s
INFO:root:Epoch: 0940 lr: 0.01 train_loss: 18190.2480 train_distortion: 0.4930 train_mapscore: 0.9719 train_c: -1.9615 train_max_dist: 50.8267 train_imax: -0.0000 train_imin: -4.5108 time: 2.9234s
INFO:root:Epoch: 0945 lr: 0.01 train_loss: 18189.8711 train_distortion: 0.4941 train_mapscore: 0.9721 train_c: -1.9627 train_max_dist: 50.7920 train_imax: -0.0000 train_imin: -4.4072 time: 2.9121s
INFO:root:Epoch: 0950 lr: 0.01 train_loss: 18184.2324 train_distortion: 0.4952 train_mapscore: 0.9722 train_c: -1.9640 train_max_dist: 50.8198 train_imax: -0.0000 train_imin: -4.4879 time: 2.9193s
INFO:root:Epoch: 0955 lr: 0.01 train_loss: 18180.0293 train_distortion: 0.4962 train_mapscore: 0.9722 train_c: -1.9653 train_max_dist: 50.8608 train_imax: -0.0000 train_imin: -4.4839 time: 2.9308s
INFO:root:Epoch: 0960 lr: 0.01 train_loss: 18174.0703 train_distortion: 0.4975 train_mapscore: 0.9723 train_c: -1.9666 train_max_dist: 50.9150 train_imax: -0.0000 train_imin: -4.4456 time: 2.9160s
INFO:root:Epoch: 0965 lr: 0.01 train_loss: 18173.2266 train_distortion: 0.4989 train_mapscore: 0.9726 train_c: -1.9679 train_max_dist: 50.9648 train_imax: -0.0000 train_imin: -4.4758 time: 2.9209s
INFO:root:Epoch: 0970 lr: 0.01 train_loss: 18170.6680 train_distortion: 0.5005 train_mapscore: 0.9724 train_c: -1.9692 train_max_dist: 51.0112 train_imax: -0.0000 train_imin: -4.4807 time: 2.9117s
INFO:root:Epoch: 0975 lr: 0.01 train_loss: 18171.2734 train_distortion: 0.5015 train_mapscore: 0.9725 train_c: -1.9705 train_max_dist: 51.0513 train_imax: -0.0000 train_imin: -4.4933 time: 2.9178s
INFO:root:Epoch: 0980 lr: 0.01 train_loss: 18175.8848 train_distortion: 0.5026 train_mapscore: 0.9725 train_c: -1.9718 train_max_dist: 51.1143 train_imax: -0.0000 train_imin: -4.4886 time: 2.9273s
INFO:root:Epoch: 0985 lr: 0.01 train_loss: 18166.1680 train_distortion: 0.5034 train_mapscore: 0.9724 train_c: -1.9731 train_max_dist: 51.1426 train_imax: -0.0000 train_imin: -4.4792 time: 2.9140s
INFO:root:Epoch: 0990 lr: 0.01 train_loss: 18162.9844 train_distortion: 0.5044 train_mapscore: 0.9729 train_c: -1.9743 train_max_dist: 51.1685 train_imax: -0.0000 train_imin: -4.5286 time: 2.9201s
INFO:root:Epoch: 0995 lr: 0.01 train_loss: 18158.7793 train_distortion: 0.5058 train_mapscore: 0.9727 train_c: -1.9756 train_max_dist: 51.2881 train_imax: -0.0000 train_imin: -4.5500 time: 2.9137s
INFO:root:Epoch: 1000 lr: 0.01 train_loss: 18156.4102 train_distortion: 0.5070 train_mapscore: 0.9728 train_c: -1.9769 train_max_dist: 51.3027 train_imax: -0.0000 train_imin: -4.5618 time: 2.9064s
INFO:root:Epoch: 1005 lr: 0.01 train_loss: 18150.8281 train_distortion: 0.5083 train_mapscore: 0.9727 train_c: -1.9783 train_max_dist: 51.3379 train_imax: -0.0000 train_imin: -4.5031 time: 2.9032s
INFO:root:Epoch: 1010 lr: 0.01 train_loss: 18147.9180 train_distortion: 0.5097 train_mapscore: 0.9732 train_c: -1.9796 train_max_dist: 51.3696 train_imax: -0.0000 train_imin: -4.5443 time: 2.9011s
INFO:root:Epoch: 1015 lr: 0.01 train_loss: 18152.6426 train_distortion: 0.5110 train_mapscore: 0.9727 train_c: -1.9809 train_max_dist: 51.4512 train_imax: -0.0000 train_imin: -4.5364 time: 2.9194s
INFO:root:Epoch: 1020 lr: 0.01 train_loss: 18157.1172 train_distortion: 0.5119 train_mapscore: 0.9729 train_c: -1.9822 train_max_dist: 51.5479 train_imax: -0.0000 train_imin: -4.5929 time: 2.9062s
INFO:root:Epoch: 1025 lr: 0.01 train_loss: 18147.8457 train_distortion: 0.5127 train_mapscore: 0.9729 train_c: -1.9835 train_max_dist: 51.5229 train_imax: -0.0000 train_imin: -4.5024 time: 2.9179s
INFO:root:Epoch: 1030 lr: 0.01 train_loss: 18142.0078 train_distortion: 0.5138 train_mapscore: 0.9730 train_c: -1.9848 train_max_dist: 51.5645 train_imax: -0.0000 train_imin: -4.6040 time: 2.9069s
INFO:root:Epoch: 1035 lr: 0.01 train_loss: 18133.6445 train_distortion: 0.5151 train_mapscore: 0.9732 train_c: -1.9861 train_max_dist: 51.6157 train_imax: -0.0000 train_imin: -4.5807 time: 2.9001s
INFO:root:Epoch: 1040 lr: 0.01 train_loss: 18130.5215 train_distortion: 0.5167 train_mapscore: 0.9733 train_c: -1.9874 train_max_dist: 51.6680 train_imax: -0.0000 train_imin: -4.5885 time: 2.9029s
INFO:root:Epoch: 1045 lr: 0.01 train_loss: 18133.0410 train_distortion: 0.5180 train_mapscore: 0.9732 train_c: -1.9887 train_max_dist: 51.7329 train_imax: -0.0000 train_imin: -4.5419 time: 2.8952s
INFO:root:Epoch: 1050 lr: 0.01 train_loss: 18141.6074 train_distortion: 0.5193 train_mapscore: 0.9731 train_c: -1.9900 train_max_dist: 51.8135 train_imax: -0.0000 train_imin: -4.6219 time: 2.9229s
INFO:root:Epoch: 1055 lr: 0.01 train_loss: 18133.4414 train_distortion: 0.5200 train_mapscore: 0.9732 train_c: -1.9913 train_max_dist: 51.8662 train_imax: -0.0000 train_imin: -4.5260 time: 2.9164s
INFO:root:Epoch: 1060 lr: 0.01 train_loss: 18130.1602 train_distortion: 0.5210 train_mapscore: 0.9732 train_c: -1.9926 train_max_dist: 51.9277 train_imax: -0.0000 train_imin: -4.5812 time: 2.9266s
INFO:root:Epoch: 1065 lr: 0.01 train_loss: 18121.4570 train_distortion: 0.5224 train_mapscore: 0.9733 train_c: -1.9939 train_max_dist: 51.9561 train_imax: -0.0000 train_imin: -4.5955 time: 2.9355s
INFO:root:Epoch: 1070 lr: 0.01 train_loss: 18119.8125 train_distortion: 0.5237 train_mapscore: 0.9733 train_c: -1.9952 train_max_dist: 51.9980 train_imax: -0.0000 train_imin: -4.5815 time: 2.9176s
INFO:root:Epoch: 1075 lr: 0.01 train_loss: 18116.1406 train_distortion: 0.5251 train_mapscore: 0.9734 train_c: -1.9966 train_max_dist: 52.0645 train_imax: -0.0000 train_imin: -4.6093 time: 2.9182s
INFO:root:Epoch: 1080 lr: 0.01 train_loss: 18118.1406 train_distortion: 0.5265 train_mapscore: 0.9736 train_c: -1.9979 train_max_dist: 52.1260 train_imax: -0.0000 train_imin: -4.6036 time: 2.9301s
INFO:root:Epoch: 1085 lr: 0.01 train_loss: 18119.7227 train_distortion: 0.5276 train_mapscore: 0.9732 train_c: -1.9992 train_max_dist: 52.1045 train_imax: -0.0000 train_imin: -4.5869 time: 2.9152s
INFO:root:Epoch: 1090 lr: 0.01 train_loss: 18116.3848 train_distortion: 0.5286 train_mapscore: 0.9735 train_c: -2.0005 train_max_dist: 52.1113 train_imax: -0.0000 train_imin: -4.6696 time: 2.9263s
INFO:root:Epoch: 1095 lr: 0.01 train_loss: 18111.7070 train_distortion: 0.5297 train_mapscore: 0.9735 train_c: -2.0018 train_max_dist: 52.1807 train_imax: -0.0000 train_imin: -4.5941 time: 2.9348s
INFO:root:Epoch: 1100 lr: 0.01 train_loss: 18107.7656 train_distortion: 0.5309 train_mapscore: 0.9737 train_c: -2.0031 train_max_dist: 52.2212 train_imax: -0.0000 train_imin: -4.6230 time: 2.9163s
INFO:root:Epoch: 1105 lr: 0.01 train_loss: 18113.0664 train_distortion: 0.5320 train_mapscore: 0.9735 train_c: -2.0044 train_max_dist: 52.3306 train_imax: -0.0000 train_imin: -4.5996 time: 2.9228s
INFO:root:Epoch: 1110 lr: 0.01 train_loss: 18105.8281 train_distortion: 0.5330 train_mapscore: 0.9740 train_c: -2.0057 train_max_dist: 52.3896 train_imax: -0.0000 train_imin: -4.6653 time: 2.9282s
INFO:root:Epoch: 1115 lr: 0.01 train_loss: 18101.3828 train_distortion: 0.5341 train_mapscore: 0.9737 train_c: -2.0070 train_max_dist: 52.4521 train_imax: -0.0000 train_imin: -4.6340 time: 2.9194s
INFO:root:Epoch: 1120 lr: 0.01 train_loss: 18099.8438 train_distortion: 0.5353 train_mapscore: 0.9741 train_c: -2.0084 train_max_dist: 52.4824 train_imax: -0.0000 train_imin: -4.6293 time: 2.9255s
INFO:root:Epoch: 1125 lr: 0.01 train_loss: 18098.8125 train_distortion: 0.5367 train_mapscore: 0.9737 train_c: -2.0097 train_max_dist: 52.5298 train_imax: -0.0000 train_imin: -4.6288 time: 2.9258s
INFO:root:Epoch: 1130 lr: 0.01 train_loss: 18092.7383 train_distortion: 0.5377 train_mapscore: 0.9738 train_c: -2.0110 train_max_dist: 52.5767 train_imax: -0.0000 train_imin: -4.6570 time: 2.9157s
INFO:root:Epoch: 1135 lr: 0.01 train_loss: 18090.3359 train_distortion: 0.5392 train_mapscore: 0.9740 train_c: -2.0123 train_max_dist: 52.6411 train_imax: -0.0000 train_imin: -4.6219 time: 2.9230s
INFO:root:Epoch: 1140 lr: 0.01 train_loss: 18088.6953 train_distortion: 0.5404 train_mapscore: 0.9740 train_c: -2.0137 train_max_dist: 52.7046 train_imax: -0.0000 train_imin: -4.6862 time: 2.9231s
INFO:root:Epoch: 1145 lr: 0.01 train_loss: 18084.7109 train_distortion: 0.5416 train_mapscore: 0.9742 train_c: -2.0150 train_max_dist: 52.7217 train_imax: -0.0000 train_imin: -4.6507 time: 2.9261s
INFO:root:Epoch: 1150 lr: 0.01 train_loss: 18087.7422 train_distortion: 0.5431 train_mapscore: 0.9740 train_c: -2.0163 train_max_dist: 52.7383 train_imax: -0.0000 train_imin: -4.6488 time: 2.9194s
INFO:root:Epoch: 1155 lr: 0.01 train_loss: 18090.5762 train_distortion: 0.5441 train_mapscore: 0.9739 train_c: -2.0177 train_max_dist: 52.8057 train_imax: -0.0000 train_imin: -4.6443 time: 2.9287s
INFO:root:Epoch: 1160 lr: 0.01 train_loss: 18082.5000 train_distortion: 0.5449 train_mapscore: 0.9743 train_c: -2.0190 train_max_dist: 52.7959 train_imax: -0.0000 train_imin: -4.6572 time: 2.9092s
INFO:root:Epoch: 1165 lr: 0.01 train_loss: 18080.0430 train_distortion: 0.5461 train_mapscore: 0.9740 train_c: -2.0203 train_max_dist: 52.8120 train_imax: -0.0000 train_imin: -4.6871 time: 2.9289s
INFO:root:Epoch: 1170 lr: 0.01 train_loss: 18075.4883 train_distortion: 0.5473 train_mapscore: 0.9744 train_c: -2.0216 train_max_dist: 52.8394 train_imax: -0.0000 train_imin: -4.6667 time: 2.9198s
INFO:root:Epoch: 1175 lr: 0.01 train_loss: 18074.8281 train_distortion: 0.5486 train_mapscore: 0.9743 train_c: -2.0230 train_max_dist: 52.8877 train_imax: -0.0000 train_imin: -4.6564 time: 2.9263s
INFO:root:Epoch: 1180 lr: 0.01 train_loss: 18072.4805 train_distortion: 0.5499 train_mapscore: 0.9746 train_c: -2.0243 train_max_dist: 52.9390 train_imax: -0.0000 train_imin: -4.6714 time: 2.9146s
INFO:root:Epoch: 1185 lr: 0.01 train_loss: 18076.8750 train_distortion: 0.5512 train_mapscore: 0.9744 train_c: -2.0256 train_max_dist: 52.9902 train_imax: -0.0000 train_imin: -4.7127 time: 2.9194s
INFO:root:Epoch: 1190 lr: 0.01 train_loss: 18073.3945 train_distortion: 0.5523 train_mapscore: 0.9745 train_c: -2.0270 train_max_dist: 53.0811 train_imax: -0.0000 train_imin: -4.6825 time: 2.9340s
INFO:root:Epoch: 1195 lr: 0.01 train_loss: 18068.9629 train_distortion: 0.5531 train_mapscore: 0.9747 train_c: -2.0283 train_max_dist: 53.1377 train_imax: -0.0000 train_imin: -4.6841 time: 2.9131s
INFO:root:Epoch: 1200 lr: 0.01 train_loss: 18065.9863 train_distortion: 0.5543 train_mapscore: 0.9750 train_c: -2.0296 train_max_dist: 53.1885 train_imax: -0.0000 train_imin: -4.7016 time: 2.9220s
INFO:root:Epoch: 1205 lr: 0.01 train_loss: 18065.7012 train_distortion: 0.5554 train_mapscore: 0.9747 train_c: -2.0310 train_max_dist: 53.2510 train_imax: -0.0000 train_imin: -4.7017 time: 2.9144s
INFO:root:Epoch: 1210 lr: 0.01 train_loss: 18056.5703 train_distortion: 0.5566 train_mapscore: 0.9749 train_c: -2.0323 train_max_dist: 53.2881 train_imax: -0.0000 train_imin: -4.7121 time: 2.9851s
INFO:root:Epoch: 1215 lr: 0.01 train_loss: 18052.9355 train_distortion: 0.5580 train_mapscore: 0.9748 train_c: -2.0337 train_max_dist: 53.3350 train_imax: -0.0000 train_imin: -4.7528 time: 2.9242s
INFO:root:Epoch: 1220 lr: 0.01 train_loss: 18053.8633 train_distortion: 0.5594 train_mapscore: 0.9750 train_c: -2.0350 train_max_dist: 53.3628 train_imax: -0.0000 train_imin: -4.7101 time: 2.9144s
INFO:root:Epoch: 1225 lr: 0.01 train_loss: 18055.6113 train_distortion: 0.5608 train_mapscore: 0.9749 train_c: -2.0364 train_max_dist: 53.4053 train_imax: -0.0000 train_imin: -4.6960 time: 2.9102s
INFO:root:Epoch: 1230 lr: 0.01 train_loss: 18051.3926 train_distortion: 0.5619 train_mapscore: 0.9747 train_c: -2.0377 train_max_dist: 53.4375 train_imax: -0.0000 train_imin: -4.7083 time: 2.9202s
INFO:root:Epoch: 1235 lr: 0.01 train_loss: 18047.6992 train_distortion: 0.5633 train_mapscore: 0.9751 train_c: -2.0391 train_max_dist: 53.4951 train_imax: -0.0000 train_imin: -4.7221 time: 2.9034s
INFO:root:Epoch: 1240 lr: 0.01 train_loss: 18050.1230 train_distortion: 0.5645 train_mapscore: 0.9749 train_c: -2.0404 train_max_dist: 53.5273 train_imax: -0.0000 train_imin: -4.7269 time: 2.9126s
INFO:root:Epoch: 1245 lr: 0.01 train_loss: 18054.8301 train_distortion: 0.5655 train_mapscore: 0.9750 train_c: -2.0417 train_max_dist: 53.5381 train_imax: -0.0000 train_imin: -4.7336 time: 2.9051s
INFO:root:Epoch: 1250 lr: 0.01 train_loss: 18048.9023 train_distortion: 0.5665 train_mapscore: 0.9752 train_c: -2.0431 train_max_dist: 53.6035 train_imax: -0.0000 train_imin: -4.6929 time: 2.9006s
INFO:root:Epoch: 1255 lr: 0.01 train_loss: 18042.8984 train_distortion: 0.5673 train_mapscore: 0.9753 train_c: -2.0444 train_max_dist: 53.6182 train_imax: -0.0000 train_imin: -4.7592 time: 2.9263s
INFO:root:Epoch: 1260 lr: 0.01 train_loss: 18040.8047 train_distortion: 0.5687 train_mapscore: 0.9753 train_c: -2.0458 train_max_dist: 53.6309 train_imax: -0.0000 train_imin: -4.7607 time: 2.9145s
INFO:root:Epoch: 1265 lr: 0.01 train_loss: 18037.9590 train_distortion: 0.5699 train_mapscore: 0.9749 train_c: -2.0471 train_max_dist: 53.6865 train_imax: -0.0000 train_imin: -4.7539 time: 2.9066s
INFO:root:Epoch: 1270 lr: 0.01 train_loss: 18035.5430 train_distortion: 0.5712 train_mapscore: 0.9754 train_c: -2.0485 train_max_dist: 53.7246 train_imax: -0.0000 train_imin: -4.7389 time: 2.9271s
INFO:root:Epoch: 1275 lr: 0.01 train_loss: 18033.3066 train_distortion: 0.5726 train_mapscore: 0.9756 train_c: -2.0498 train_max_dist: 53.8037 train_imax: -0.0000 train_imin: -4.7742 time: 2.9168s
INFO:root:Epoch: 1280 lr: 0.01 train_loss: 18033.8750 train_distortion: 0.5736 train_mapscore: 0.9757 train_c: -2.0512 train_max_dist: 53.8193 train_imax: -0.0000 train_imin: -4.7017 time: 2.9232s
INFO:root:Epoch: 1285 lr: 0.01 train_loss: 18031.6543 train_distortion: 0.5750 train_mapscore: 0.9755 train_c: -2.0525 train_max_dist: 53.8833 train_imax: -0.0000 train_imin: -4.8141 time: 2.9094s
INFO:root:Epoch: 1290 lr: 0.01 train_loss: 18032.2461 train_distortion: 0.5758 train_mapscore: 0.9754 train_c: -2.0539 train_max_dist: 53.9062 train_imax: -0.0000 train_imin: -4.7746 time: 2.9243s
INFO:root:Epoch: 1295 lr: 0.01 train_loss: 18028.0117 train_distortion: 0.5772 train_mapscore: 0.9752 train_c: -2.0552 train_max_dist: 53.9937 train_imax: -0.0000 train_imin: -4.7488 time: 2.9262s
INFO:root:Epoch: 1300 lr: 0.01 train_loss: 18028.5352 train_distortion: 0.5780 train_mapscore: 0.9755 train_c: -2.0566 train_max_dist: 53.9946 train_imax: -0.0000 train_imin: -4.7331 time: 2.9083s
INFO:root:Epoch: 1305 lr: 0.01 train_loss: 18021.6133 train_distortion: 0.5792 train_mapscore: 0.9755 train_c: -2.0579 train_max_dist: 54.0664 train_imax: -0.0000 train_imin: -4.7650 time: 2.9391s
INFO:root:Epoch: 1310 lr: 0.01 train_loss: 18019.0859 train_distortion: 0.5807 train_mapscore: 0.9758 train_c: -2.0593 train_max_dist: 54.0791 train_imax: -0.0000 train_imin: -4.7639 time: 2.9141s
INFO:root:Epoch: 1315 lr: 0.01 train_loss: 18018.2910 train_distortion: 0.5821 train_mapscore: 0.9756 train_c: -2.0607 train_max_dist: 54.1470 train_imax: -0.0000 train_imin: -4.7676 time: 2.9134s
INFO:root:Epoch: 1320 lr: 0.01 train_loss: 18014.0469 train_distortion: 0.5833 train_mapscore: 0.9759 train_c: -2.0620 train_max_dist: 54.1846 train_imax: -0.0000 train_imin: -4.8005 time: 2.9160s
INFO:root:Epoch: 1325 lr: 0.01 train_loss: 18013.9199 train_distortion: 0.5847 train_mapscore: 0.9757 train_c: -2.0634 train_max_dist: 54.2290 train_imax: -0.0000 train_imin: -4.7691 time: 2.9140s
INFO:root:Epoch: 1330 lr: 0.01 train_loss: 18014.5957 train_distortion: 0.5859 train_mapscore: 0.9759 train_c: -2.0648 train_max_dist: 54.2788 train_imax: -0.0000 train_imin: -4.7897 time: 2.9040s
INFO:root:Epoch: 1335 lr: 0.01 train_loss: 18016.6445 train_distortion: 0.5871 train_mapscore: 0.9757 train_c: -2.0661 train_max_dist: 54.2812 train_imax: -0.0000 train_imin: -4.7697 time: 2.9192s
INFO:root:Epoch: 1340 lr: 0.01 train_loss: 18012.3887 train_distortion: 0.5880 train_mapscore: 0.9759 train_c: -2.0675 train_max_dist: 54.3213 train_imax: -0.0000 train_imin: -4.8272 time: 2.9173s
INFO:root:Epoch: 1345 lr: 0.01 train_loss: 18012.5508 train_distortion: 0.5891 train_mapscore: 0.9760 train_c: -2.0688 train_max_dist: 54.3984 train_imax: -0.0000 train_imin: -4.8450 time: 2.9223s
INFO:root:Epoch: 1350 lr: 0.01 train_loss: 18008.6387 train_distortion: 0.5900 train_mapscore: 0.9760 train_c: -2.0702 train_max_dist: 54.4072 train_imax: -0.0000 train_imin: -4.7585 time: 2.9124s
INFO:root:Epoch: 1355 lr: 0.01 train_loss: 18002.9336 train_distortion: 0.5912 train_mapscore: 0.9760 train_c: -2.0715 train_max_dist: 54.4531 train_imax: -0.0000 train_imin: -4.7484 time: 2.9206s
INFO:root:Epoch: 1360 lr: 0.01 train_loss: 17997.1406 train_distortion: 0.5926 train_mapscore: 0.9766 train_c: -2.0729 train_max_dist: 54.5249 train_imax: -0.0000 train_imin: -4.8546 time: 2.9256s
INFO:root:Epoch: 1365 lr: 0.01 train_loss: 17996.9160 train_distortion: 0.5943 train_mapscore: 0.9762 train_c: -2.0743 train_max_dist: 54.5586 train_imax: -0.0000 train_imin: -4.8151 time: 2.9242s
INFO:root:Epoch: 1370 lr: 0.01 train_loss: 17996.6758 train_distortion: 0.5956 train_mapscore: 0.9766 train_c: -2.0756 train_max_dist: 54.6162 train_imax: -0.0000 train_imin: -4.8203 time: 2.9211s
INFO:root:Epoch: 1375 lr: 0.01 train_loss: 18003.1719 train_distortion: 0.5968 train_mapscore: 0.9761 train_c: -2.0770 train_max_dist: 54.6201 train_imax: -0.0000 train_imin: -4.7661 time: 2.9249s
INFO:root:Epoch: 1380 lr: 0.01 train_loss: 17999.8867 train_distortion: 0.5976 train_mapscore: 0.9763 train_c: -2.0784 train_max_dist: 54.7021 train_imax: -0.0000 train_imin: -4.8560 time: 2.9130s
INFO:root:Epoch: 1385 lr: 0.01 train_loss: 17996.6074 train_distortion: 0.5985 train_mapscore: 0.9764 train_c: -2.0797 train_max_dist: 54.7383 train_imax: -0.0000 train_imin: -4.8221 time: 2.9185s
INFO:root:Epoch: 1390 lr: 0.01 train_loss: 17993.3691 train_distortion: 0.5996 train_mapscore: 0.9766 train_c: -2.0811 train_max_dist: 54.7534 train_imax: -0.0000 train_imin: -4.8506 time: 2.9472s
INFO:root:Epoch: 1395 lr: 0.01 train_loss: 17987.7695 train_distortion: 0.6011 train_mapscore: 0.9769 train_c: -2.0824 train_max_dist: 54.8125 train_imax: -0.0000 train_imin: -4.8400 time: 2.9199s
INFO:root:Epoch: 1400 lr: 0.01 train_loss: 17985.0547 train_distortion: 0.6023 train_mapscore: 0.9768 train_c: -2.0838 train_max_dist: 54.8408 train_imax: -0.0000 train_imin: -4.8373 time: 2.9140s
INFO:root:Epoch: 1405 lr: 0.01 train_loss: 17984.9180 train_distortion: 0.6039 train_mapscore: 0.9770 train_c: -2.0852 train_max_dist: 54.8843 train_imax: -0.0000 train_imin: -4.8080 time: 2.9169s
INFO:root:Epoch: 1410 lr: 0.01 train_loss: 17988.3164 train_distortion: 0.6051 train_mapscore: 0.9768 train_c: -2.0866 train_max_dist: 54.9136 train_imax: -0.0000 train_imin: -4.8182 time: 2.9178s
INFO:root:Epoch: 1415 lr: 0.01 train_loss: 17987.9453 train_distortion: 0.6061 train_mapscore: 0.9769 train_c: -2.0879 train_max_dist: 54.9712 train_imax: -0.0000 train_imin: -4.8424 time: 2.9237s
INFO:root:Epoch: 1420 lr: 0.01 train_loss: 17983.6211 train_distortion: 0.6069 train_mapscore: 0.9772 train_c: -2.0893 train_max_dist: 54.9873 train_imax: -0.0000 train_imin: -4.8831 time: 2.9076s
INFO:root:Epoch: 1425 lr: 0.01 train_loss: 17978.5293 train_distortion: 0.6082 train_mapscore: 0.9773 train_c: -2.0907 train_max_dist: 55.0303 train_imax: -0.0000 train_imin: -4.8037 time: 2.9191s
INFO:root:Epoch: 1430 lr: 0.01 train_loss: 17972.6406 train_distortion: 0.6094 train_mapscore: 0.9772 train_c: -2.0920 train_max_dist: 55.1035 train_imax: -0.0000 train_imin: -4.8247 time: 2.9105s
INFO:root:Epoch: 1435 lr: 0.01 train_loss: 17970.8242 train_distortion: 0.6111 train_mapscore: 0.9769 train_c: -2.0934 train_max_dist: 55.1641 train_imax: -0.0000 train_imin: -4.8759 time: 2.9224s
INFO:root:Epoch: 1440 lr: 0.01 train_loss: 17972.5078 train_distortion: 0.6123 train_mapscore: 0.9771 train_c: -2.0948 train_max_dist: 55.1802 train_imax: -0.0000 train_imin: -4.8532 time: 2.9131s
INFO:root:Epoch: 1445 lr: 0.01 train_loss: 17975.8008 train_distortion: 0.6138 train_mapscore: 0.9772 train_c: -2.0962 train_max_dist: 55.2217 train_imax: -0.0000 train_imin: -4.8627 time: 2.9239s
INFO:root:Epoch: 1450 lr: 0.01 train_loss: 17973.5547 train_distortion: 0.6147 train_mapscore: 0.9774 train_c: -2.0975 train_max_dist: 55.2549 train_imax: -0.0000 train_imin: -4.8433 time: 2.9090s
INFO:root:Epoch: 1455 lr: 0.01 train_loss: 17978.2852 train_distortion: 0.6157 train_mapscore: 0.9770 train_c: -2.0989 train_max_dist: 55.3110 train_imax: -0.0000 train_imin: -4.8930 time: 2.9206s
INFO:root:Epoch: 1460 lr: 0.01 train_loss: 17976.4180 train_distortion: 0.6165 train_mapscore: 0.9769 train_c: -2.1002 train_max_dist: 55.3574 train_imax: -0.0000 train_imin: -4.8569 time: 2.9202s
INFO:root:Epoch: 1465 lr: 0.01 train_loss: 17972.7930 train_distortion: 0.6171 train_mapscore: 0.9772 train_c: -2.1016 train_max_dist: 55.3301 train_imax: -0.0000 train_imin: -4.8802 time: 2.9165s
INFO:root:Epoch: 1470 lr: 0.01 train_loss: 17964.2578 train_distortion: 0.6181 train_mapscore: 0.9774 train_c: -2.1029 train_max_dist: 55.4023 train_imax: -0.0000 train_imin: -4.8607 time: 2.9038s
INFO:root:Epoch: 1475 lr: 0.01 train_loss: 17961.0195 train_distortion: 0.6193 train_mapscore: 0.9774 train_c: -2.1043 train_max_dist: 55.4238 train_imax: -0.0000 train_imin: -4.8333 time: 2.9199s
INFO:root:Epoch: 1480 lr: 0.01 train_loss: 17956.1719 train_distortion: 0.6208 train_mapscore: 0.9774 train_c: -2.1057 train_max_dist: 55.4922 train_imax: -0.0000 train_imin: -4.8735 time: 2.9124s
INFO:root:Epoch: 1485 lr: 0.01 train_loss: 17952.8652 train_distortion: 0.6226 train_mapscore: 0.9776 train_c: -2.1071 train_max_dist: 55.5098 train_imax: -0.0000 train_imin: -4.8793 time: 2.9211s
INFO:root:Epoch: 1490 lr: 0.01 train_loss: 17952.3750 train_distortion: 0.6240 train_mapscore: 0.9775 train_c: -2.1085 train_max_dist: 55.5576 train_imax: -0.0000 train_imin: -4.9084 time: 2.9127s
INFO:root:Epoch: 1495 lr: 0.01 train_loss: 17958.9121 train_distortion: 0.6255 train_mapscore: 0.9776 train_c: -2.1099 train_max_dist: 55.6016 train_imax: -0.0000 train_imin: -4.8653 time: 2.9229s
INFO:root:Epoch: 1500 lr: 0.01 train_loss: 17967.1289 train_distortion: 0.6262 train_mapscore: 0.9773 train_c: -2.1112 train_max_dist: 55.6602 train_imax: -0.0000 train_imin: -4.8757 time: 2.9104s
INFO:root:Epoch: 1505 lr: 0.01 train_loss: 17958.7734 train_distortion: 0.6270 train_mapscore: 0.9774 train_c: -2.1126 train_max_dist: 55.6768 train_imax: -0.0000 train_imin: -4.8576 time: 2.9199s
INFO:root:Epoch: 1510 lr: 0.01 train_loss: 17956.3516 train_distortion: 0.6278 train_mapscore: 0.9778 train_c: -2.1140 train_max_dist: 55.7124 train_imax: -0.0000 train_imin: -4.9294 time: 2.9119s
INFO:root:Epoch: 1515 lr: 0.01 train_loss: 17946.4375 train_distortion: 0.6289 train_mapscore: 0.9777 train_c: -2.1153 train_max_dist: 55.7749 train_imax: -0.0000 train_imin: -4.9062 time: 2.9228s
INFO:root:Epoch: 1520 lr: 0.01 train_loss: 17943.7266 train_distortion: 0.6305 train_mapscore: 0.9774 train_c: -2.1167 train_max_dist: 55.8013 train_imax: -0.0000 train_imin: -4.8709 time: 2.9155s
INFO:root:Epoch: 1525 lr: 0.01 train_loss: 17943.3516 train_distortion: 0.6321 train_mapscore: 0.9777 train_c: -2.1181 train_max_dist: 55.8413 train_imax: -0.0000 train_imin: -4.8943 time: 2.9204s
INFO:root:Epoch: 1530 lr: 0.01 train_loss: 17949.6895 train_distortion: 0.6335 train_mapscore: 0.9776 train_c: -2.1195 train_max_dist: 55.8994 train_imax: -0.0000 train_imin: -4.9263 time: 2.9074s
INFO:root:Epoch: 1535 lr: 0.01 train_loss: 17952.7656 train_distortion: 0.6343 train_mapscore: 0.9778 train_c: -2.1209 train_max_dist: 55.9102 train_imax: -0.0000 train_imin: -4.8857 time: 2.9239s
INFO:root:Epoch: 1540 lr: 0.01 train_loss: 17943.3164 train_distortion: 0.6353 train_mapscore: 0.9773 train_c: -2.1222 train_max_dist: 55.9727 train_imax: -0.0000 train_imin: -4.8844 time: 2.9137s
INFO:root:Epoch: 1545 lr: 0.01 train_loss: 17941.9336 train_distortion: 0.6364 train_mapscore: 0.9779 train_c: -2.1236 train_max_dist: 56.0088 train_imax: -0.0000 train_imin: -4.8949 time: 2.9284s
INFO:root:Epoch: 1550 lr: 0.01 train_loss: 17934.5508 train_distortion: 0.6376 train_mapscore: 0.9776 train_c: -2.1250 train_max_dist: 56.0566 train_imax: -0.0000 train_imin: -4.9099 time: 2.9111s
INFO:root:Epoch: 1555 lr: 0.01 train_loss: 17934.3398 train_distortion: 0.6392 train_mapscore: 0.9779 train_c: -2.1264 train_max_dist: 56.0967 train_imax: -0.0000 train_imin: -4.9019 time: 2.9218s
INFO:root:Epoch: 1560 lr: 0.01 train_loss: 17931.9453 train_distortion: 0.6407 train_mapscore: 0.9779 train_c: -2.1278 train_max_dist: 56.1094 train_imax: -0.0000 train_imin: -4.8821 time: 2.9254s
INFO:root:Epoch: 1565 lr: 0.01 train_loss: 17936.9531 train_distortion: 0.6421 train_mapscore: 0.9780 train_c: -2.1292 train_max_dist: 56.2100 train_imax: -0.0000 train_imin: -4.9494 time: 2.9152s
INFO:root:Epoch: 1570 lr: 0.01 train_loss: 17943.0547 train_distortion: 0.6431 train_mapscore: 0.9778 train_c: -2.1305 train_max_dist: 56.1943 train_imax: -0.0000 train_imin: -4.9151 time: 2.9214s
INFO:root:Epoch: 1575 lr: 0.01 train_loss: 17939.1484 train_distortion: 0.6436 train_mapscore: 0.9782 train_c: -2.1319 train_max_dist: 56.2373 train_imax: -0.0000 train_imin: -4.9109 time: 2.9093s
INFO:root:Epoch: 1580 lr: 0.01 train_loss: 17934.4199 train_distortion: 0.6444 train_mapscore: 0.9779 train_c: -2.1333 train_max_dist: 56.3018 train_imax: -0.0000 train_imin: -4.9662 time: 2.9213s
INFO:root:Epoch: 1585 lr: 0.01 train_loss: 17928.9414 train_distortion: 0.6455 train_mapscore: 0.9783 train_c: -2.1347 train_max_dist: 56.3369 train_imax: -0.0000 train_imin: -4.8595 time: 2.9174s
INFO:root:Epoch: 1590 lr: 0.01 train_loss: 17925.0137 train_distortion: 0.6467 train_mapscore: 0.9782 train_c: -2.1361 train_max_dist: 56.3613 train_imax: -0.0000 train_imin: -4.9482 time: 2.9281s
INFO:root:Epoch: 1595 lr: 0.01 train_loss: 17921.3301 train_distortion: 0.6483 train_mapscore: 0.9785 train_c: -2.1374 train_max_dist: 56.3936 train_imax: -0.0000 train_imin: -4.9254 time: 2.9078s
INFO:root:Epoch: 1600 lr: 0.01 train_loss: 17921.2539 train_distortion: 0.6499 train_mapscore: 0.9781 train_c: -2.1388 train_max_dist: 56.4463 train_imax: -0.0000 train_imin: -4.9719 time: 2.9169s
INFO:root:Epoch: 1605 lr: 0.01 train_loss: 17922.4766 train_distortion: 0.6512 train_mapscore: 0.9786 train_c: -2.1402 train_max_dist: 56.4648 train_imax: -0.0000 train_imin: -4.8513 time: 2.9275s
INFO:root:Epoch: 1610 lr: 0.01 train_loss: 17924.0156 train_distortion: 0.6525 train_mapscore: 0.9782 train_c: -2.1416 train_max_dist: 56.5400 train_imax: -0.0000 train_imin: -4.9468 time: 2.9060s
INFO:root:Epoch: 1615 lr: 0.01 train_loss: 17920.2012 train_distortion: 0.6534 train_mapscore: 0.9788 train_c: -2.1430 train_max_dist: 56.5693 train_imax: -0.0000 train_imin: -4.9672 time: 2.9209s
INFO:root:Epoch: 1620 lr: 0.01 train_loss: 17920.5898 train_distortion: 0.6547 train_mapscore: 0.9785 train_c: -2.1444 train_max_dist: 56.6201 train_imax: -0.0000 train_imin: -4.8777 time: 2.9128s
INFO:root:Epoch: 1625 lr: 0.01 train_loss: 17919.3184 train_distortion: 0.6560 train_mapscore: 0.9787 train_c: -2.1458 train_max_dist: 56.6377 train_imax: -0.0000 train_imin: -4.9546 time: 2.9119s
INFO:root:Epoch: 1630 lr: 0.01 train_loss: 17919.7969 train_distortion: 0.6569 train_mapscore: 0.9788 train_c: -2.1472 train_max_dist: 56.7070 train_imax: -0.0000 train_imin: -4.9321 time: 2.9221s
INFO:root:Epoch: 1635 lr: 0.01 train_loss: 17917.8516 train_distortion: 0.6579 train_mapscore: 0.9787 train_c: -2.1486 train_max_dist: 56.7549 train_imax: -0.0000 train_imin: -4.9486 time: 2.9101s
INFO:root:Epoch: 1640 lr: 0.01 train_loss: 17914.1016 train_distortion: 0.6590 train_mapscore: 0.9791 train_c: -2.1500 train_max_dist: 56.7280 train_imax: -0.0000 train_imin: -4.9476 time: 2.9080s
INFO:root:Epoch: 1645 lr: 0.01 train_loss: 17911.4922 train_distortion: 0.6603 train_mapscore: 0.9790 train_c: -2.1514 train_max_dist: 56.8145 train_imax: -0.0000 train_imin: -4.8996 time: 2.9328s
INFO:root:Epoch: 1650 lr: 0.01 train_loss: 17908.3965 train_distortion: 0.6614 train_mapscore: 0.9789 train_c: -2.1528 train_max_dist: 56.8262 train_imax: -0.0000 train_imin: -5.0000 time: 2.9137s
INFO:root:Epoch: 1655 lr: 0.01 train_loss: 17910.4805 train_distortion: 0.6631 train_mapscore: 0.9793 train_c: -2.1542 train_max_dist: 56.8477 train_imax: -0.0000 train_imin: -4.8715 time: 2.9184s
INFO:root:Epoch: 1660 lr: 0.01 train_loss: 17907.9883 train_distortion: 0.6639 train_mapscore: 0.9792 train_c: -2.1555 train_max_dist: 56.8818 train_imax: -0.0000 train_imin: -4.9393 time: 2.9269s
INFO:root:Epoch: 1665 lr: 0.01 train_loss: 17906.8926 train_distortion: 0.6652 train_mapscore: 0.9794 train_c: -2.1569 train_max_dist: 56.9673 train_imax: -0.0000 train_imin: -4.9784 time: 2.9449s
INFO:root:Epoch: 1670 lr: 0.01 train_loss: 17904.8750 train_distortion: 0.6666 train_mapscore: 0.9795 train_c: -2.1583 train_max_dist: 56.9658 train_imax: -0.0000 train_imin: -4.9422 time: 2.9164s
INFO:root:Epoch: 1675 lr: 0.01 train_loss: 17904.6953 train_distortion: 0.6675 train_mapscore: 0.9794 train_c: -2.1597 train_max_dist: 56.9775 train_imax: -0.0000 train_imin: -4.9265 time: 2.9459s
INFO:root:Epoch: 1680 lr: 0.01 train_loss: 17902.4863 train_distortion: 0.6689 train_mapscore: 0.9797 train_c: -2.1611 train_max_dist: 57.0625 train_imax: -0.0000 train_imin: -4.9516 time: 2.9232s
INFO:root:Epoch: 1685 lr: 0.01 train_loss: 17903.0195 train_distortion: 0.6699 train_mapscore: 0.9795 train_c: -2.1625 train_max_dist: 57.0713 train_imax: -0.0000 train_imin: -4.9682 time: 2.9138s
INFO:root:Epoch: 1690 lr: 0.01 train_loss: 17900.4414 train_distortion: 0.6712 train_mapscore: 0.9797 train_c: -2.1639 train_max_dist: 57.1143 train_imax: -0.0000 train_imin: -4.9338 time: 2.9250s
INFO:root:Epoch: 1695 lr: 0.01 train_loss: 17895.1328 train_distortion: 0.6724 train_mapscore: 0.9798 train_c: -2.1653 train_max_dist: 57.1567 train_imax: -0.0000 train_imin: -4.9662 time: 2.9120s
INFO:root:Epoch: 1700 lr: 0.01 train_loss: 17894.8984 train_distortion: 0.6738 train_mapscore: 0.9796 train_c: -2.1667 train_max_dist: 57.1885 train_imax: -0.0000 train_imin: -4.9360 time: 2.9305s
INFO:root:Epoch: 1705 lr: 0.01 train_loss: 17899.1680 train_distortion: 0.6753 train_mapscore: 0.9798 train_c: -2.1681 train_max_dist: 57.2334 train_imax: -0.0000 train_imin: -4.9659 time: 2.9310s
INFO:root:Epoch: 1710 lr: 0.01 train_loss: 17898.6387 train_distortion: 0.6762 train_mapscore: 0.9802 train_c: -2.1695 train_max_dist: 57.2695 train_imax: -0.0000 train_imin: -4.9606 time: 2.9363s
INFO:root:Epoch: 1715 lr: 0.01 train_loss: 17891.4297 train_distortion: 0.6770 train_mapscore: 0.9799 train_c: -2.1709 train_max_dist: 57.3311 train_imax: -0.0000 train_imin: -4.9193 time: 2.9212s
INFO:root:Epoch: 1720 lr: 0.01 train_loss: 17889.1699 train_distortion: 0.6784 train_mapscore: 0.9803 train_c: -2.1723 train_max_dist: 57.3467 train_imax: -0.0000 train_imin: -4.9567 time: 2.9431s
INFO:root:Epoch: 1725 lr: 0.01 train_loss: 17889.0723 train_distortion: 0.6798 train_mapscore: 0.9800 train_c: -2.1737 train_max_dist: 57.4248 train_imax: -0.0000 train_imin: -4.9734 time: 2.9284s
INFO:root:Epoch: 1730 lr: 0.01 train_loss: 17890.1309 train_distortion: 0.6812 train_mapscore: 0.9799 train_c: -2.1751 train_max_dist: 57.4604 train_imax: -0.0000 train_imin: -4.9608 time: 2.9385s
INFO:root:Epoch: 1735 lr: 0.01 train_loss: 17887.8320 train_distortion: 0.6822 train_mapscore: 0.9800 train_c: -2.1765 train_max_dist: 57.4746 train_imax: -0.0000 train_imin: -4.9346 time: 2.9165s
INFO:root:Epoch: 1740 lr: 0.01 train_loss: 17886.9062 train_distortion: 0.6834 train_mapscore: 0.9802 train_c: -2.1779 train_max_dist: 57.5146 train_imax: -0.0000 train_imin: -5.0191 time: 2.9174s
INFO:root:Epoch: 1745 lr: 0.01 train_loss: 17890.3594 train_distortion: 0.6845 train_mapscore: 0.9801 train_c: -2.1793 train_max_dist: 57.5386 train_imax: -0.0000 train_imin: -4.9143 time: 2.9272s
INFO:root:Epoch: 1750 lr: 0.01 train_loss: 17890.6309 train_distortion: 0.6854 train_mapscore: 0.9802 train_c: -2.1807 train_max_dist: 57.6094 train_imax: -0.0000 train_imin: -4.9796 time: 2.9172s
INFO:root:Epoch: 1755 lr: 0.01 train_loss: 17885.4648 train_distortion: 0.6861 train_mapscore: 0.9803 train_c: -2.1821 train_max_dist: 57.6392 train_imax: -0.0000 train_imin: -4.9987 time: 2.9250s
INFO:root:Epoch: 1760 lr: 0.01 train_loss: 17881.7891 train_distortion: 0.6872 train_mapscore: 0.9803 train_c: -2.1835 train_max_dist: 57.6738 train_imax: -0.0000 train_imin: -4.9760 time: 2.9170s
INFO:root:Epoch: 1765 lr: 0.01 train_loss: 17879.4141 train_distortion: 0.6885 train_mapscore: 0.9803 train_c: -2.1849 train_max_dist: 57.7236 train_imax: -0.0000 train_imin: -4.9746 time: 2.9210s
INFO:root:Epoch: 1770 lr: 0.01 train_loss: 17875.9609 train_distortion: 0.6899 train_mapscore: 0.9802 train_c: -2.1863 train_max_dist: 57.7764 train_imax: -0.0000 train_imin: -4.9860 time: 2.9101s
INFO:root:Epoch: 1775 lr: 0.01 train_loss: 17875.4570 train_distortion: 0.6913 train_mapscore: 0.9802 train_c: -2.1877 train_max_dist: 57.8320 train_imax: -0.0000 train_imin: -4.9933 time: 2.9266s
INFO:root:Epoch: 1780 lr: 0.01 train_loss: 17871.3516 train_distortion: 0.6926 train_mapscore: 0.9803 train_c: -2.1891 train_max_dist: 57.8291 train_imax: -0.0000 train_imin: -4.9563 time: 2.9071s
INFO:root:Epoch: 1785 lr: 0.01 train_loss: 17871.8086 train_distortion: 0.6943 train_mapscore: 0.9802 train_c: -2.1905 train_max_dist: 57.8555 train_imax: -0.0000 train_imin: -5.0004 time: 2.9194s
INFO:root:Epoch: 1790 lr: 0.01 train_loss: 17875.4863 train_distortion: 0.6955 train_mapscore: 0.9805 train_c: -2.1919 train_max_dist: 57.9473 train_imax: -0.0000 train_imin: -4.9549 time: 2.9202s
INFO:root:Epoch: 1795 lr: 0.01 train_loss: 17884.1328 train_distortion: 0.6966 train_mapscore: 0.9802 train_c: -2.1933 train_max_dist: 57.9429 train_imax: -0.0000 train_imin: -4.9926 time: 2.9190s
INFO:root:Epoch: 1800 lr: 0.01 train_loss: 17878.9004 train_distortion: 0.6971 train_mapscore: 0.9802 train_c: -2.1947 train_max_dist: 58.0146 train_imax: -0.0000 train_imin: -5.0037 time: 2.9288s
INFO:root:Epoch: 1805 lr: 0.01 train_loss: 17870.5840 train_distortion: 0.6979 train_mapscore: 0.9805 train_c: -2.1961 train_max_dist: 58.0269 train_imax: -0.0000 train_imin: -4.9676 time: 2.9134s
INFO:root:Epoch: 1810 lr: 0.01 train_loss: 17863.4219 train_distortion: 0.6992 train_mapscore: 0.9805 train_c: -2.1975 train_max_dist: 58.0532 train_imax: -0.0000 train_imin: -4.9579 time: 2.9229s
INFO:root:Epoch: 1815 lr: 0.01 train_loss: 17862.6602 train_distortion: 0.7009 train_mapscore: 0.9805 train_c: -2.1989 train_max_dist: 58.0879 train_imax: -0.0000 train_imin: -4.9862 time: 2.9272s
INFO:root:Epoch: 1820 lr: 0.01 train_loss: 17862.6484 train_distortion: 0.7025 train_mapscore: 0.9803 train_c: -2.2003 train_max_dist: 58.1484 train_imax: -0.0000 train_imin: -4.9987 time: 2.9291s
INFO:root:Epoch: 1825 lr: 0.01 train_loss: 17864.8574 train_distortion: 0.7037 train_mapscore: 0.9806 train_c: -2.2017 train_max_dist: 58.1714 train_imax: -0.0000 train_imin: -4.9914 time: 2.9187s
INFO:root:Epoch: 1830 lr: 0.01 train_loss: 17867.0137 train_distortion: 0.7050 train_mapscore: 0.9803 train_c: -2.2031 train_max_dist: 58.2554 train_imax: -0.0000 train_imin: -5.0089 time: 2.9251s
INFO:root:Epoch: 1835 lr: 0.01 train_loss: 17862.3867 train_distortion: 0.7059 train_mapscore: 0.9803 train_c: -2.2045 train_max_dist: 58.2305 train_imax: -0.0000 train_imin: -5.0014 time: 2.9243s
INFO:root:Epoch: 1840 lr: 0.01 train_loss: 17869.1680 train_distortion: 0.7072 train_mapscore: 0.9804 train_c: -2.2059 train_max_dist: 58.2910 train_imax: -0.0000 train_imin: -4.9268 time: 2.9096s
INFO:root:Epoch: 1845 lr: 0.01 train_loss: 17866.4922 train_distortion: 0.7077 train_mapscore: 0.9800 train_c: -2.2072 train_max_dist: 58.3369 train_imax: -0.0000 train_imin: -5.0909 time: 2.9246s
INFO:root:Epoch: 1850 lr: 0.01 train_loss: 17859.4434 train_distortion: 0.7088 train_mapscore: 0.9806 train_c: -2.2086 train_max_dist: 58.3457 train_imax: -0.0000 train_imin: -4.9983 time: 2.9186s
INFO:root:Epoch: 1855 lr: 0.01 train_loss: 17857.5801 train_distortion: 0.7100 train_mapscore: 0.9803 train_c: -2.2100 train_max_dist: 58.3887 train_imax: -0.0000 train_imin: -4.9524 time: 2.9315s
INFO:root:Epoch: 1860 lr: 0.01 train_loss: 17851.8770 train_distortion: 0.7112 train_mapscore: 0.9805 train_c: -2.2114 train_max_dist: 58.4121 train_imax: -0.0000 train_imin: -4.9721 time: 2.9111s
INFO:root:Epoch: 1865 lr: 0.01 train_loss: 17852.3516 train_distortion: 0.7129 train_mapscore: 0.9804 train_c: -2.2128 train_max_dist: 58.4707 train_imax: -0.0000 train_imin: -5.0112 time: 2.9241s
INFO:root:Epoch: 1870 lr: 0.01 train_loss: 17850.2129 train_distortion: 0.7142 train_mapscore: 0.9806 train_c: -2.2142 train_max_dist: 58.4961 train_imax: -0.0000 train_imin: -5.0467 time: 2.9122s
INFO:root:Epoch: 1875 lr: 0.01 train_loss: 17852.7207 train_distortion: 0.7156 train_mapscore: 0.9806 train_c: -2.2156 train_max_dist: 58.5625 train_imax: -0.0000 train_imin: -4.9468 time: 2.9241s
INFO:root:Epoch: 1880 lr: 0.01 train_loss: 17859.3809 train_distortion: 0.7167 train_mapscore: 0.9804 train_c: -2.2170 train_max_dist: 58.5415 train_imax: -0.0000 train_imin: -5.0067 time: 2.9120s
INFO:root:Epoch: 1885 lr: 0.01 train_loss: 17860.7480 train_distortion: 0.7175 train_mapscore: 0.9806 train_c: -2.2184 train_max_dist: 58.6050 train_imax: -0.0000 train_imin: -5.0017 time: 2.9323s
INFO:root:Epoch: 1890 lr: 0.01 train_loss: 17854.2617 train_distortion: 0.7179 train_mapscore: 0.9803 train_c: -2.2198 train_max_dist: 58.6260 train_imax: -0.0000 train_imin: -4.9750 time: 2.9111s
INFO:root:Epoch: 1895 lr: 0.01 train_loss: 17851.8086 train_distortion: 0.7189 train_mapscore: 0.9805 train_c: -2.2212 train_max_dist: 58.6465 train_imax: -0.0000 train_imin: -4.9968 time: 2.9231s
INFO:root:Epoch: 1900 lr: 0.01 train_loss: 17844.2949 train_distortion: 0.7200 train_mapscore: 0.9806 train_c: -2.2226 train_max_dist: 58.6934 train_imax: -0.0000 train_imin: -4.9706 time: 2.9075s
INFO:root:Epoch: 1905 lr: 0.01 train_loss: 17840.1484 train_distortion: 0.7216 train_mapscore: 0.9806 train_c: -2.2240 train_max_dist: 58.7417 train_imax: -0.0000 train_imin: -5.0042 time: 2.9232s
INFO:root:Epoch: 1910 lr: 0.01 train_loss: 17838.6895 train_distortion: 0.7232 train_mapscore: 0.9807 train_c: -2.2254 train_max_dist: 58.7539 train_imax: -0.0000 train_imin: -5.0056 time: 2.9173s
INFO:root:Epoch: 1915 lr: 0.01 train_loss: 17838.8945 train_distortion: 0.7250 train_mapscore: 0.9805 train_c: -2.2268 train_max_dist: 58.7812 train_imax: -0.0000 train_imin: -4.9782 time: 2.9234s
INFO:root:Epoch: 1920 lr: 0.01 train_loss: 17843.5195 train_distortion: 0.7263 train_mapscore: 0.9806 train_c: -2.2282 train_max_dist: 58.8784 train_imax: -0.0000 train_imin: -4.9881 time: 2.9206s
INFO:root:Epoch: 1925 lr: 0.01 train_loss: 17848.2227 train_distortion: 0.7275 train_mapscore: 0.9806 train_c: -2.2296 train_max_dist: 58.9014 train_imax: -0.0000 train_imin: -5.0215 time: 2.9172s
INFO:root:Epoch: 1930 lr: 0.01 train_loss: 17846.2910 train_distortion: 0.7280 train_mapscore: 0.9805 train_c: -2.2309 train_max_dist: 58.9150 train_imax: -0.0000 train_imin: -5.0240 time: 2.9230s
INFO:root:Epoch: 1935 lr: 0.01 train_loss: 17844.0312 train_distortion: 0.7289 train_mapscore: 0.9807 train_c: -2.2323 train_max_dist: 58.9727 train_imax: -0.0000 train_imin: -5.0030 time: 2.9175s
INFO:root:Epoch: 1940 lr: 0.01 train_loss: 17838.6816 train_distortion: 0.7299 train_mapscore: 0.9806 train_c: -2.2337 train_max_dist: 58.9897 train_imax: -0.0000 train_imin: -5.0111 time: 2.9172s
INFO:root:Epoch: 1945 lr: 0.01 train_loss: 17834.0273 train_distortion: 0.7311 train_mapscore: 0.9807 train_c: -2.2351 train_max_dist: 59.0244 train_imax: -0.0000 train_imin: -5.0436 time: 2.9262s
INFO:root:Epoch: 1950 lr: 0.01 train_loss: 17833.1191 train_distortion: 0.7325 train_mapscore: 0.9807 train_c: -2.2365 train_max_dist: 59.0791 train_imax: -0.0000 train_imin: -4.9903 time: 2.9161s
INFO:root:Epoch: 1955 lr: 0.01 train_loss: 17832.9199 train_distortion: 0.7340 train_mapscore: 0.9806 train_c: -2.2379 train_max_dist: 59.0957 train_imax: -0.0000 train_imin: -5.0039 time: 2.9277s
INFO:root:Epoch: 1960 lr: 0.01 train_loss: 17835.8125 train_distortion: 0.7353 train_mapscore: 0.9804 train_c: -2.2393 train_max_dist: 59.1328 train_imax: -0.0000 train_imin: -5.0334 time: 2.9298s
INFO:root:Epoch: 1965 lr: 0.01 train_loss: 17843.1055 train_distortion: 0.7364 train_mapscore: 0.9807 train_c: -2.2407 train_max_dist: 59.1831 train_imax: -0.0000 train_imin: -4.9716 time: 2.9160s
INFO:root:Epoch: 1970 lr: 0.01 train_loss: 17832.7930 train_distortion: 0.7366 train_mapscore: 0.9807 train_c: -2.2420 train_max_dist: 59.2090 train_imax: -0.0000 train_imin: -5.0448 time: 2.9323s
INFO:root:Epoch: 1975 lr: 0.01 train_loss: 17830.4844 train_distortion: 0.7379 train_mapscore: 0.9805 train_c: -2.2434 train_max_dist: 59.2080 train_imax: -0.0000 train_imin: -5.0288 time: 2.9151s
INFO:root:Epoch: 1980 lr: 0.01 train_loss: 17824.9844 train_distortion: 0.7391 train_mapscore: 0.9808 train_c: -2.2448 train_max_dist: 59.2656 train_imax: -0.0000 train_imin: -5.0367 time: 2.9228s
INFO:root:Epoch: 1985 lr: 0.01 train_loss: 17824.8398 train_distortion: 0.7407 train_mapscore: 0.9807 train_c: -2.2462 train_max_dist: 59.2871 train_imax: -0.0000 train_imin: -5.0160 time: 2.9265s
INFO:root:Epoch: 1990 lr: 0.01 train_loss: 17826.6895 train_distortion: 0.7422 train_mapscore: 0.9809 train_c: -2.2476 train_max_dist: 59.3223 train_imax: -0.0000 train_imin: -4.9807 time: 2.9165s
INFO:root:Epoch: 1995 lr: 0.01 train_loss: 17828.2363 train_distortion: 0.7433 train_mapscore: 0.9805 train_c: -2.2490 train_max_dist: 59.3262 train_imax: -0.0000 train_imin: -5.0189 time: 2.9262s
INFO:root:Epoch: 2000 lr: 0.0025 train_loss: 17824.9375 train_distortion: 0.7445 train_mapscore: 0.9809 train_c: -2.2504 train_max_dist: 59.3906 train_imax: -0.0000 train_imin: -5.0447 time: 2.9098s
INFO:root:Optimization Finished!
INFO:root:Total time elapsed: 5858.6782s
INFO:root:Val set results: val_distortion: 1.0000 val_mapscore: -1.0000 val_c: -1.0000 val_max_dist: 0.0000
INFO:root:Test set results: test_loss: 17824.5605 test_distortion: 0.7445 test_mapscore: 0.9807 test_c: -2.2506 test_max_dist: 59.3633 test_imax: -0.0000 test_imin: -4.9908
INFO:root:Saved model in /workspace/xiongbo/hgcn/logs/md/2021_4_30/5
