INFO:root:Using: cuda:0
INFO:root:Using seed 1234.
INFO:root:MDModel(
  (encoder): HGCN(
    (layers): Sequential(
      (0): HyperbolicGraphConvolution(
        (linear): HypLinear(
          in_features=3032, out_features=10, c=Parameter containing:
          tensor([-1.], requires_grad=True)
        )
        (agg): HypAgg(
          c=Parameter containing:
          tensor([-1.], requires_grad=True)
        )
        (hyp_act): HypAct(
          c_in=Parameter containing:
          tensor([-1.], requires_grad=True), c_out=Parameter containing:
          tensor([-1.], requires_grad=True)
        )
      )
    )
  )
  (decoder): MDDecoder()
)
INFO:root:Total number of parameters: 30332
/workspace/anaconda3/envs/geo/lib/python3.7/site-packages/torch/optim/lr_scheduler.py:370: UserWarning: To get the last learning rate computed by the scheduler, please use `get_last_lr()`.
  "please use `get_last_lr()`.", UserWarning)
INFO:root:Epoch: 0005 lr: 0.01 train_loss: 99333.4609 train_distortion: 0.7566 train_mapscore: 0.0292 train_c: -1.0370 train_max_dist: 2.1202 train_imax: -0.0000 train_imin: -1.7816 time: 2.0105s
INFO:root:Epoch: 0010 lr: 0.01 train_loss: 95157.4531 train_distortion: 0.6223 train_mapscore: 0.0964 train_c: -1.0846 train_max_dist: 4.2312 train_imax: -0.0000 train_imin: -2.1231 time: 1.7930s
INFO:root:Epoch: 0015 lr: 0.01 train_loss: 91574.3047 train_distortion: 0.5213 train_mapscore: 0.1654 train_c: -1.1365 train_max_dist: 6.4412 train_imax: -0.0000 train_imin: -2.6461 time: 1.7207s
INFO:root:Epoch: 0020 lr: 0.01 train_loss: 87799.2734 train_distortion: 0.4298 train_mapscore: 0.2451 train_c: -1.1917 train_max_dist: 8.4058 train_imax: -0.0000 train_imin: -3.3371 time: 1.7066s
INFO:root:Epoch: 0025 lr: 0.01 train_loss: 83626.7656 train_distortion: 0.3431 train_mapscore: 0.3069 train_c: -1.2495 train_max_dist: 12.1250 train_imax: -0.0000 train_imin: -4.0366 time: 1.6746s
INFO:root:Epoch: 0030 lr: 0.01 train_loss: 78965.9844 train_distortion: 0.2657 train_mapscore: 0.3470 train_c: -1.3096 train_max_dist: 13.7471 train_imax: -0.0000 train_imin: -4.4989 time: 1.6468s
INFO:root:Epoch: 0035 lr: 0.01 train_loss: 73672.7812 train_distortion: 0.2130 train_mapscore: 0.3718 train_c: -1.3715 train_max_dist: 16.4835 train_imax: -0.0000 train_imin: -4.9812 time: 1.6286s
INFO:root:Epoch: 0040 lr: 0.01 train_loss: 67592.7812 train_distortion: 0.2137 train_mapscore: 0.4037 train_c: -1.4350 train_max_dist: 20.0253 train_imax: -0.0000 train_imin: -6.3680 time: 1.6051s
INFO:root:Epoch: 0045 lr: 0.01 train_loss: 60634.4336 train_distortion: 0.3365 train_mapscore: 0.4181 train_c: -1.4997 train_max_dist: 24.1182 train_imax: 0.0139 train_imin: -8.2117 time: 1.6303s
INFO:root:Epoch: 0050 lr: 0.01 train_loss: 52249.1797 train_distortion: 0.7419 train_mapscore: 0.4506 train_c: -1.5653 train_max_dist: 29.3535 train_imax: -0.0000 train_imin: -10.6876 time: 1.5839s
INFO:root:Epoch: 0055 lr: 0.01 train_loss: 43506.8516 train_distortion: 1.7418 train_mapscore: 0.4905 train_c: -1.6301 train_max_dist: 35.5422 train_imax: 4.4231 train_imin: -14.6164 time: 1.5729s
INFO:root:Epoch: 0060 lr: 0.01 train_loss: 37244.2109 train_distortion: 3.8722 train_mapscore: 0.5189 train_c: -1.6914 train_max_dist: 43.0820 train_imax: 1.8995 train_imin: -29.0499 time: 1.5642s
INFO:root:Epoch: 0065 lr: 0.01 train_loss: 31657.5508 train_distortion: 7.5585 train_mapscore: 0.5787 train_c: -1.7434 train_max_dist: 50.7588 train_imax: 10.3525 train_imin: -30.3638 time: 1.5645s
INFO:root:Epoch: 0070 lr: 0.01 train_loss: 39688.9609 train_distortion: 12.1270 train_mapscore: 0.5086 train_c: -1.7854 train_max_dist: 57.4014 train_imax: 153.5201 train_imin: -70.4209 time: 1.6085s
INFO:root:Epoch: 0075 lr: 0.01 train_loss: 47862.3438 train_distortion: 13.1705 train_mapscore: 0.3472 train_c: -1.8088 train_max_dist: 59.1436 train_imax: 93.8778 train_imin: -104.0673 time: 1.6463s
INFO:root:Epoch: 0080 lr: 0.01 train_loss: 46100.2148 train_distortion: 11.4229 train_mapscore: 0.3311 train_c: -1.8114 train_max_dist: 57.4062 train_imax: 87.4663 train_imin: -101.3433 time: 1.6412s
INFO:root:Epoch: 0085 lr: 0.01 train_loss: 42398.5820 train_distortion: 9.6378 train_mapscore: 0.3648 train_c: -1.8075 train_max_dist: 54.7510 train_imax: 73.9518 train_imin: -93.5177 time: 1.6362s
INFO:root:Epoch: 0090 lr: 0.01 train_loss: 39013.9453 train_distortion: 8.8309 train_mapscore: 0.4115 train_c: -1.8057 train_max_dist: 53.4219 train_imax: 67.3635 train_imin: -87.0763 time: 1.6236s
INFO:root:Epoch: 0095 lr: 0.01 train_loss: 35991.2969 train_distortion: 9.0394 train_mapscore: 0.4610 train_c: -1.8094 train_max_dist: 53.7334 train_imax: 66.5311 train_imin: -85.4978 time: 1.6191s
INFO:root:Epoch: 0100 lr: 0.01 train_loss: 33120.3984 train_distortion: 10.2103 train_mapscore: 0.5196 train_c: -1.8186 train_max_dist: 55.3418 train_imax: 71.2928 train_imin: -90.5809 time: 1.6154s
INFO:root:Epoch: 0105 lr: 0.01 train_loss: 30527.9180 train_distortion: 12.1340 train_mapscore: 0.5820 train_c: -1.8308 train_max_dist: 57.8799 train_imax: 80.6011 train_imin: -99.9247 time: 1.6064s
INFO:root:Epoch: 0110 lr: 0.01 train_loss: 28411.5957 train_distortion: 14.6396 train_mapscore: 0.6326 train_c: -1.8438 train_max_dist: 61.0410 train_imax: 91.8504 train_imin: -111.2904 time: 1.6260s
INFO:root:Epoch: 0115 lr: 0.01 train_loss: 27887.9062 train_distortion: 17.5015 train_mapscore: 0.6725 train_c: -1.8553 train_max_dist: 64.1992 train_imax: 106.2032 train_imin: -130.3288 time: 1.6042s
INFO:root:Epoch: 0120 lr: 0.01 train_loss: 26876.1758 train_distortion: 20.1782 train_mapscore: 0.7059 train_c: -1.8632 train_max_dist: 66.7559 train_imax: 107.6750 train_imin: -149.1558 time: 1.6039s
INFO:root:Epoch: 0125 lr: 0.01 train_loss: 24864.0352 train_distortion: 22.4236 train_mapscore: 0.7495 train_c: -1.8682 train_max_dist: 68.5684 train_imax: 129.3185 train_imin: -159.8348 time: 1.6005s
INFO:root:Epoch: 0130 lr: 0.01 train_loss: 24151.6758 train_distortion: 24.2242 train_mapscore: 0.7785 train_c: -1.8711 train_max_dist: 70.0879 train_imax: 141.6795 train_imin: -165.0564 time: 1.6112s
INFO:root:Epoch: 0135 lr: 0.01 train_loss: 23235.9883 train_distortion: 25.6697 train_mapscore: 0.8024 train_c: -1.8727 train_max_dist: 71.1953 train_imax: 142.0942 train_imin: -170.3557 time: 1.6129s
INFO:root:Epoch: 0140 lr: 0.01 train_loss: 22395.2246 train_distortion: 26.8150 train_mapscore: 0.8264 train_c: -1.8728 train_max_dist: 72.3320 train_imax: 147.1631 train_imin: -173.7491 time: 1.5969s
INFO:root:Epoch: 0145 lr: 0.01 train_loss: 21555.3711 train_distortion: 27.7602 train_mapscore: 0.8445 train_c: -1.8714 train_max_dist: 72.7930 train_imax: 151.0426 train_imin: -176.5126 time: 1.5991s
INFO:root:Epoch: 0150 lr: 0.01 train_loss: 21438.1777 train_distortion: 28.7214 train_mapscore: 0.8547 train_c: -1.8698 train_max_dist: 73.5977 train_imax: 156.8758 train_imin: -179.1449 time: 1.5982s
INFO:root:Epoch: 0155 lr: 0.01 train_loss: 20453.8516 train_distortion: 29.4870 train_mapscore: 0.8727 train_c: -1.8673 train_max_dist: 74.2109 train_imax: 159.4268 train_imin: -179.6103 time: 1.6008s
INFO:root:Epoch: 0160 lr: 0.01 train_loss: 23572.5703 train_distortion: 29.4547 train_mapscore: 0.8196 train_c: -1.8647 train_max_dist: 74.1289 train_imax: 158.1813 train_imin: -178.4744 time: 1.6010s
INFO:root:Epoch: 0165 lr: 0.01 train_loss: 23709.9707 train_distortion: 28.6943 train_mapscore: 0.8162 train_c: -1.8595 train_max_dist: 73.8008 train_imax: 155.5257 train_imin: -170.7322 time: 1.6022s
INFO:root:Epoch: 0170 lr: 0.01 train_loss: 21870.4473 train_distortion: 27.8877 train_mapscore: 0.8394 train_c: -1.8532 train_max_dist: 73.2773 train_imax: 151.7407 train_imin: -163.1467 time: 1.5974s
INFO:root:Epoch: 0175 lr: 0.01 train_loss: 21079.5859 train_distortion: 27.7946 train_mapscore: 0.8613 train_c: -1.8495 train_max_dist: 73.0664 train_imax: 149.5117 train_imin: -158.6511 time: 1.5915s
INFO:root:Epoch: 0180 lr: 0.01 train_loss: 20065.5117 train_distortion: 28.5116 train_mapscore: 0.8791 train_c: -1.8471 train_max_dist: 73.5820 train_imax: 156.1952 train_imin: -158.9819 time: 1.5942s
INFO:root:Epoch: 0185 lr: 0.01 train_loss: 19153.1445 train_distortion: 29.9967 train_mapscore: 0.8960 train_c: -1.8461 train_max_dist: 74.6211 train_imax: 160.4044 train_imin: -164.0417 time: 1.5955s
INFO:root:Epoch: 0190 lr: 0.01 train_loss: 19254.0723 train_distortion: 31.6915 train_mapscore: 0.9001 train_c: -1.8452 train_max_dist: 75.7305 train_imax: 174.9895 train_imin: -168.8445 time: 1.5926s
INFO:root:Epoch: 0195 lr: 0.01 train_loss: 18872.4570 train_distortion: 32.9368 train_mapscore: 0.9041 train_c: -1.8435 train_max_dist: 76.5117 train_imax: 176.8515 train_imin: -173.4264 time: 1.5916s
INFO:root:Epoch: 0200 lr: 0.01 train_loss: 19031.3750 train_distortion: 33.5867 train_mapscore: 0.9056 train_c: -1.8396 train_max_dist: 76.9219 train_imax: 177.4113 train_imin: -174.9164 time: 1.6055s
INFO:root:Epoch: 0205 lr: 0.01 train_loss: 19799.0020 train_distortion: 33.3700 train_mapscore: 0.8945 train_c: -1.8340 train_max_dist: 76.4922 train_imax: 178.2446 train_imin: -174.0916 time: 1.6022s
INFO:root:Epoch: 0210 lr: 0.01 train_loss: 18720.7188 train_distortion: 32.5089 train_mapscore: 0.9069 train_c: -1.8264 train_max_dist: 75.7188 train_imax: 176.1750 train_imin: -168.5024 time: 1.5971s
INFO:root:Epoch: 0215 lr: 0.01 train_loss: 17857.6875 train_distortion: 32.2404 train_mapscore: 0.9158 train_c: -1.8209 train_max_dist: 75.4648 train_imax: 174.0316 train_imin: -166.9008 time: 1.5911s
INFO:root:Epoch: 0220 lr: 0.01 train_loss: 17354.6719 train_distortion: 32.7643 train_mapscore: 0.9254 train_c: -1.8171 train_max_dist: 75.7500 train_imax: 178.7665 train_imin: -168.0320 time: 1.5914s
INFO:root:Epoch: 0225 lr: 0.01 train_loss: 17472.1543 train_distortion: 33.7558 train_mapscore: 0.9287 train_c: -1.8148 train_max_dist: 76.2344 train_imax: 180.5365 train_imin: -171.3238 time: 1.5931s
INFO:root:Epoch: 0230 lr: 0.01 train_loss: 17526.2598 train_distortion: 34.4969 train_mapscore: 0.9249 train_c: -1.8117 train_max_dist: 76.6445 train_imax: 184.2050 train_imin: -174.1400 time: 1.5924s
INFO:root:Epoch: 0235 lr: 0.01 train_loss: 17546.9941 train_distortion: 34.7568 train_mapscore: 0.9256 train_c: -1.8077 train_max_dist: 76.6562 train_imax: 187.7187 train_imin: -175.5209 time: 1.5959s
INFO:root:Epoch: 0240 lr: 0.01 train_loss: 17491.2500 train_distortion: 34.7496 train_mapscore: 0.9247 train_c: -1.8028 train_max_dist: 76.4258 train_imax: 183.9585 train_imin: -174.6158 time: 1.5913s
INFO:root:Epoch: 0245 lr: 0.01 train_loss: 17107.3711 train_distortion: 34.3743 train_mapscore: 0.9316 train_c: -1.7967 train_max_dist: 75.9453 train_imax: 181.8539 train_imin: -172.2589 time: 1.5917s
INFO:root:Epoch: 0250 lr: 0.01 train_loss: 16537.1445 train_distortion: 34.3132 train_mapscore: 0.9378 train_c: -1.7916 train_max_dist: 75.9297 train_imax: 184.9200 train_imin: -172.1539 time: 1.5817s
INFO:root:Epoch: 0255 lr: 0.01 train_loss: 16163.2471 train_distortion: 34.5029 train_mapscore: 0.9415 train_c: -1.7872 train_max_dist: 75.9961 train_imax: 184.8300 train_imin: -171.1886 time: 1.5830s
INFO:root:Epoch: 0260 lr: 0.01 train_loss: 16178.6270 train_distortion: 34.8614 train_mapscore: 0.9423 train_c: -1.7831 train_max_dist: 76.1562 train_imax: 186.0895 train_imin: -171.5729 time: 1.5839s
INFO:root:Epoch: 0265 lr: 0.01 train_loss: 15601.4629 train_distortion: 35.1842 train_mapscore: 0.9494 train_c: -1.7782 train_max_dist: 76.1797 train_imax: 187.2487 train_imin: -172.4062 time: 1.5821s
INFO:root:Epoch: 0270 lr: 0.01 train_loss: 15443.8516 train_distortion: 35.4654 train_mapscore: 0.9546 train_c: -1.7732 train_max_dist: 76.2812 train_imax: 188.2661 train_imin: -171.8211 time: 1.5816s
INFO:root:Epoch: 0275 lr: 0.01 train_loss: 15273.0977 train_distortion: 35.7335 train_mapscore: 0.9542 train_c: -1.7688 train_max_dist: 76.3672 train_imax: 192.4327 train_imin: -173.8887 time: 1.5804s
INFO:root:Epoch: 0280 lr: 0.01 train_loss: 15206.1797 train_distortion: 35.9348 train_mapscore: 0.9557 train_c: -1.7636 train_max_dist: 76.5156 train_imax: 193.5529 train_imin: -172.2799 time: 1.5821s
INFO:root:Epoch: 0285 lr: 0.01 train_loss: 14933.0996 train_distortion: 35.9438 train_mapscore: 0.9585 train_c: -1.7587 train_max_dist: 76.3984 train_imax: 192.3463 train_imin: -171.5701 time: 1.5717s
INFO:root:Epoch: 0290 lr: 0.01 train_loss: 14633.4043 train_distortion: 36.1314 train_mapscore: 0.9608 train_c: -1.7537 train_max_dist: 76.4609 train_imax: 196.0410 train_imin: -173.6990 time: 1.5815s
INFO:root:Epoch: 0295 lr: 0.01 train_loss: 14376.7715 train_distortion: 36.3584 train_mapscore: 0.9601 train_c: -1.7496 train_max_dist: 76.6328 train_imax: 197.2752 train_imin: -173.5449 time: 1.5769s
INFO:root:Epoch: 0300 lr: 0.01 train_loss: 14413.4697 train_distortion: 36.4241 train_mapscore: 0.9613 train_c: -1.7451 train_max_dist: 76.5977 train_imax: 195.8363 train_imin: -172.9740 time: 1.5909s
INFO:root:Epoch: 0305 lr: 0.01 train_loss: 14633.7607 train_distortion: 36.4500 train_mapscore: 0.9596 train_c: -1.7400 train_max_dist: 76.4531 train_imax: 198.2188 train_imin: -170.7289 time: 1.5737s
INFO:root:Epoch: 0310 lr: 0.01 train_loss: 14626.2617 train_distortion: 36.2065 train_mapscore: 0.9609 train_c: -1.7352 train_max_dist: 76.3711 train_imax: 199.4566 train_imin: -172.1086 time: 1.5754s
INFO:root:Epoch: 0315 lr: 0.01 train_loss: 14596.2402 train_distortion: 35.7257 train_mapscore: 0.9615 train_c: -1.7295 train_max_dist: 76.0234 train_imax: 192.4339 train_imin: -167.9758 time: 1.5826s
INFO:root:Epoch: 0320 lr: 0.01 train_loss: 14612.5566 train_distortion: 35.4731 train_mapscore: 0.9628 train_c: -1.7249 train_max_dist: 75.8086 train_imax: 189.9838 train_imin: -167.2112 time: 1.5793s
INFO:root:Epoch: 0325 lr: 0.01 train_loss: 14161.0332 train_distortion: 35.3678 train_mapscore: 0.9658 train_c: -1.7196 train_max_dist: 75.5430 train_imax: 194.6900 train_imin: -165.0720 time: 1.5805s
INFO:root:Epoch: 0330 lr: 0.01 train_loss: 14114.0176 train_distortion: 35.6930 train_mapscore: 0.9662 train_c: -1.7166 train_max_dist: 75.6641 train_imax: 195.5929 train_imin: -166.9553 time: 1.5790s
INFO:root:Epoch: 0335 lr: 0.01 train_loss: 13918.6055 train_distortion: 35.8984 train_mapscore: 0.9674 train_c: -1.7127 train_max_dist: 75.6641 train_imax: 195.6219 train_imin: -167.2947 time: 1.5825s
INFO:root:Epoch: 0340 lr: 0.01 train_loss: 13844.0117 train_distortion: 36.1956 train_mapscore: 0.9686 train_c: -1.7085 train_max_dist: 75.7266 train_imax: 198.5906 train_imin: -168.1800 time: 1.5790s
INFO:root:Epoch: 0345 lr: 0.01 train_loss: 13740.8730 train_distortion: 36.1873 train_mapscore: 0.9670 train_c: -1.7033 train_max_dist: 75.8125 train_imax: 198.9181 train_imin: -168.7855 time: 1.5781s
INFO:root:Epoch: 0350 lr: 0.01 train_loss: 13571.6885 train_distortion: 36.0514 train_mapscore: 0.9700 train_c: -1.6984 train_max_dist: 75.4922 train_imax: 198.5247 train_imin: -166.1896 time: 1.5794s
INFO:root:Epoch: 0355 lr: 0.01 train_loss: 13734.8379 train_distortion: 36.0026 train_mapscore: 0.9695 train_c: -1.6941 train_max_dist: 75.3516 train_imax: 199.9647 train_imin: -166.1412 time: 1.5823s
INFO:root:Epoch: 0360 lr: 0.01 train_loss: 13413.1084 train_distortion: 35.7725 train_mapscore: 0.9696 train_c: -1.6885 train_max_dist: 75.1328 train_imax: 196.3851 train_imin: -164.5242 time: 1.5839s
INFO:root:Epoch: 0365 lr: 0.01 train_loss: 13382.4961 train_distortion: 35.6150 train_mapscore: 0.9711 train_c: -1.6831 train_max_dist: 74.9688 train_imax: 193.9191 train_imin: -163.0095 time: 1.5816s
INFO:root:Epoch: 0370 lr: 0.01 train_loss: 13049.0068 train_distortion: 35.7088 train_mapscore: 0.9730 train_c: -1.6792 train_max_dist: 74.9258 train_imax: 196.3666 train_imin: -162.6557 time: 1.5815s
INFO:root:Epoch: 0375 lr: 0.01 train_loss: 12962.1445 train_distortion: 35.9732 train_mapscore: 0.9733 train_c: -1.6747 train_max_dist: 74.8477 train_imax: 196.8924 train_imin: -162.8334 time: 1.5921s
INFO:root:Epoch: 0380 lr: 0.01 train_loss: 13488.9590 train_distortion: 36.2299 train_mapscore: 0.9725 train_c: -1.6706 train_max_dist: 74.9570 train_imax: 202.7862 train_imin: -164.3164 time: 1.5803s
INFO:root:Epoch: 0385 lr: 0.01 train_loss: 13430.4629 train_distortion: 35.9360 train_mapscore: 0.9724 train_c: -1.6645 train_max_dist: 74.6406 train_imax: 200.1336 train_imin: -164.0628 time: 1.5795s
INFO:root:Epoch: 0390 lr: 0.01 train_loss: 13022.9238 train_distortion: 35.5559 train_mapscore: 0.9751 train_c: -1.6590 train_max_dist: 74.4219 train_imax: 196.1833 train_imin: -160.6597 time: 1.5791s
INFO:root:Epoch: 0395 lr: 0.01 train_loss: 12896.2500 train_distortion: 35.5570 train_mapscore: 0.9765 train_c: -1.6538 train_max_dist: 74.2695 train_imax: 197.8622 train_imin: -159.6098 time: 1.5779s
INFO:root:Epoch: 0400 lr: 0.01 train_loss: 14948.1738 train_distortion: 35.5968 train_mapscore: 0.9600 train_c: -1.6495 train_max_dist: 74.1875 train_imax: 198.4869 train_imin: -160.5425 time: 1.5776s
INFO:root:Epoch: 0405 lr: 0.01 train_loss: 17569.4805 train_distortion: 33.8465 train_mapscore: 0.9082 train_c: -1.6408 train_max_dist: 72.8281 train_imax: 187.7041 train_imin: -155.0405 time: 1.5797s
INFO:root:Epoch: 0410 lr: 0.01 train_loss: 16350.2002 train_distortion: 31.7787 train_mapscore: 0.9162 train_c: -1.6339 train_max_dist: 71.4531 train_imax: 179.5959 train_imin: -146.3895 time: 1.5803s
INFO:root:Epoch: 0415 lr: 0.01 train_loss: 15120.3262 train_distortion: 31.3731 train_mapscore: 0.9388 train_c: -1.6342 train_max_dist: 71.1719 train_imax: 176.8882 train_imin: -144.2111 time: 1.5803s
INFO:root:Epoch: 0420 lr: 0.01 train_loss: 14113.8652 train_distortion: 32.7624 train_mapscore: 0.9527 train_c: -1.6393 train_max_dist: 72.1797 train_imax: 184.1414 train_imin: -147.0109 time: 1.5799s
INFO:root:Epoch: 0425 lr: 0.01 train_loss: 13769.4453 train_distortion: 35.1808 train_mapscore: 0.9600 train_c: -1.6459 train_max_dist: 73.7734 train_imax: 195.7671 train_imin: -155.5678 time: 1.5797s
INFO:root:Epoch: 0430 lr: 0.01 train_loss: 13712.1953 train_distortion: 37.1425 train_mapscore: 0.9625 train_c: -1.6486 train_max_dist: 74.9844 train_imax: 208.3126 train_imin: -165.4990 time: 1.5758s
INFO:root:Epoch: 0435 lr: 0.01 train_loss: 13857.2656 train_distortion: 37.7516 train_mapscore: 0.9636 train_c: -1.6473 train_max_dist: 75.3281 train_imax: 207.2975 train_imin: -167.9744 time: 1.5876s
INFO:root:Epoch: 0440 lr: 0.01 train_loss: 13424.0234 train_distortion: 36.9737 train_mapscore: 0.9674 train_c: -1.6418 train_max_dist: 74.7539 train_imax: 203.4613 train_imin: -164.4843 time: 1.5881s
INFO:root:Epoch: 0445 lr: 0.01 train_loss: 13637.2578 train_distortion: 35.9823 train_mapscore: 0.9691 train_c: -1.6350 train_max_dist: 73.9844 train_imax: 199.5790 train_imin: -159.6328 time: 1.5822s
INFO:root:Epoch: 0450 lr: 0.01 train_loss: 13381.1113 train_distortion: 34.9740 train_mapscore: 0.9699 train_c: -1.6284 train_max_dist: 73.3594 train_imax: 197.8228 train_imin: -154.8342 time: 1.5842s
INFO:root:Epoch: 0455 lr: 0.01 train_loss: 12982.8936 train_distortion: 34.5523 train_mapscore: 0.9723 train_c: -1.6236 train_max_dist: 72.9844 train_imax: 192.1389 train_imin: -153.7231 time: 1.5843s
INFO:root:Epoch: 0460 lr: 0.01 train_loss: 13258.1787 train_distortion: 34.9332 train_mapscore: 0.9711 train_c: -1.6206 train_max_dist: 73.1250 train_imax: 191.3251 train_imin: -155.5802 time: 1.5811s
INFO:root:Epoch: 0465 lr: 0.01 train_loss: 16237.4170 train_distortion: 34.9756 train_mapscore: 0.9547 train_c: -1.6168 train_max_dist: 72.9609 train_imax: 188.8189 train_imin: -154.2120 time: 1.5831s
INFO:root:Epoch: 0470 lr: 0.01 train_loss: 16453.4980 train_distortion: 33.5718 train_mapscore: 0.9533 train_c: -1.6065 train_max_dist: 71.7578 train_imax: 181.7383 train_imin: -149.2410 time: 1.5863s
INFO:root:Epoch: 0475 lr: 0.01 train_loss: 15397.5264 train_distortion: 32.3260 train_mapscore: 0.9590 train_c: -1.5956 train_max_dist: 70.8359 train_imax: 176.1481 train_imin: -146.6863 time: 1.5880s
INFO:root:Epoch: 0480 lr: 0.01 train_loss: 14501.8555 train_distortion: 32.0660 train_mapscore: 0.9681 train_c: -1.5858 train_max_dist: 70.3516 train_imax: 175.4587 train_imin: -145.4284 time: 1.5842s
INFO:root:Epoch: 0485 lr: 0.01 train_loss: 14032.6328 train_distortion: 32.9605 train_mapscore: 0.9704 train_c: -1.5803 train_max_dist: 70.7812 train_imax: 181.1824 train_imin: -146.2550 time: 1.5854s
INFO:root:Epoch: 0490 lr: 0.01 train_loss: 13583.5479 train_distortion: 34.0941 train_mapscore: 0.9734 train_c: -1.5745 train_max_dist: 71.3125 train_imax: 187.8375 train_imin: -150.9366 time: 1.5850s
INFO:root:Epoch: 0495 lr: 0.01 train_loss: 13528.2012 train_distortion: 34.7522 train_mapscore: 0.9719 train_c: -1.5666 train_max_dist: 71.4609 train_imax: 192.8765 train_imin: -154.8670 time: 1.5820s
INFO:root:Epoch: 0500 lr: 0.01 train_loss: 13267.6914 train_distortion: 34.8118 train_mapscore: 0.9759 train_c: -1.5579 train_max_dist: 71.3672 train_imax: 194.6944 train_imin: -154.2202 time: 1.5848s
INFO:root:Epoch: 0505 lr: 0.01 train_loss: 13302.7480 train_distortion: 34.4068 train_mapscore: 0.9736 train_c: -1.5483 train_max_dist: 70.8594 train_imax: 194.2802 train_imin: -152.4470 time: 1.5854s
INFO:root:Epoch: 0510 lr: 0.01 train_loss: 14795.9980 train_distortion: 33.7459 train_mapscore: 0.9638 train_c: -1.5406 train_max_dist: 70.4453 train_imax: 191.5038 train_imin: -149.9644 time: 1.5857s
INFO:root:Epoch: 0515 lr: 0.01 train_loss: 17420.9082 train_distortion: 31.1960 train_mapscore: 0.9115 train_c: -1.5338 train_max_dist: 68.6055 train_imax: 177.3202 train_imin: -141.4667 time: 1.5848s
INFO:root:Epoch: 0520 lr: 0.01 train_loss: 16405.1367 train_distortion: 29.2588 train_mapscore: 0.9211 train_c: -1.5285 train_max_dist: 67.3555 train_imax: 167.5829 train_imin: -132.2398 time: 1.5803s
INFO:root:Epoch: 0525 lr: 0.01 train_loss: 15293.0098 train_distortion: 29.1763 train_mapscore: 0.9387 train_c: -1.5301 train_max_dist: 67.3750 train_imax: 167.0674 train_imin: -129.5513 time: 1.5835s
INFO:root:Epoch: 0530 lr: 0.01 train_loss: 14228.4453 train_distortion: 30.8891 train_mapscore: 0.9550 train_c: -1.5366 train_max_dist: 68.6289 train_imax: 176.1087 train_imin: -134.9357 time: 1.5837s
INFO:root:Epoch: 0535 lr: 0.01 train_loss: 13508.6895 train_distortion: 33.2445 train_mapscore: 0.9623 train_c: -1.5424 train_max_dist: 70.1875 train_imax: 188.5776 train_imin: -144.1036 time: 1.5806s
INFO:root:Epoch: 0540 lr: 0.01 train_loss: 13467.6328 train_distortion: 35.3897 train_mapscore: 0.9656 train_c: -1.5452 train_max_dist: 71.5312 train_imax: 201.1532 train_imin: -152.4928 time: 1.5823s
INFO:root:Epoch: 0545 lr: 0.01 train_loss: 13223.2109 train_distortion: 36.2936 train_mapscore: 0.9701 train_c: -1.5432 train_max_dist: 71.9219 train_imax: 207.2842 train_imin: -155.7808 time: 1.5862s
INFO:root:Epoch: 0550 lr: 0.01 train_loss: 13315.4463 train_distortion: 35.7143 train_mapscore: 0.9703 train_c: -1.5353 train_max_dist: 71.4453 train_imax: 204.6041 train_imin: -152.8668 time: 1.5857s
INFO:root:Epoch: 0555 lr: 0.01 train_loss: 13214.9189 train_distortion: 34.4416 train_mapscore: 0.9729 train_c: -1.5263 train_max_dist: 70.4922 train_imax: 198.5117 train_imin: -148.3777 time: 1.5811s
INFO:root:Epoch: 0560 lr: 0.01 train_loss: 13071.4512 train_distortion: 33.4401 train_mapscore: 0.9743 train_c: -1.5172 train_max_dist: 69.7344 train_imax: 194.3745 train_imin: -141.8157 time: 1.5830s
INFO:root:Epoch: 0565 lr: 0.01 train_loss: 12422.3955 train_distortion: 32.8736 train_mapscore: 0.9757 train_c: -1.5088 train_max_dist: 69.1758 train_imax: 192.3754 train_imin: -140.8846 time: 1.5800s
INFO:root:Epoch: 0570 lr: 0.01 train_loss: 12438.1045 train_distortion: 33.1602 train_mapscore: 0.9769 train_c: -1.5027 train_max_dist: 69.2305 train_imax: 194.9888 train_imin: -141.0356 time: 1.5810s
INFO:root:Epoch: 0575 lr: 0.01 train_loss: 12229.6309 train_distortion: 33.7427 train_mapscore: 0.9781 train_c: -1.4979 train_max_dist: 69.4609 train_imax: 199.1469 train_imin: -143.5794 time: 1.5838s
INFO:root:Epoch: 0580 lr: 0.01 train_loss: 12371.9980 train_distortion: 34.0237 train_mapscore: 0.9777 train_c: -1.4914 train_max_dist: 69.4688 train_imax: 200.9195 train_imin: -145.7361 time: 1.5818s
INFO:root:Epoch: 0585 lr: 0.01 train_loss: 12277.5449 train_distortion: 33.9033 train_mapscore: 0.9766 train_c: -1.4837 train_max_dist: 69.2812 train_imax: 201.4333 train_imin: -143.8180 time: 1.5822s
INFO:root:Epoch: 0590 lr: 0.01 train_loss: 12100.7012 train_distortion: 33.4012 train_mapscore: 0.9784 train_c: -1.4748 train_max_dist: 68.8047 train_imax: 199.4564 train_imin: -143.2086 time: 1.5819s
INFO:root:Epoch: 0595 lr: 0.01 train_loss: 11979.3379 train_distortion: 32.9682 train_mapscore: 0.9797 train_c: -1.4664 train_max_dist: 68.2812 train_imax: 198.3175 train_imin: -140.9688 time: 1.5784s
INFO:root:Epoch: 0600 lr: 0.01 train_loss: 11671.8018 train_distortion: 32.7657 train_mapscore: 0.9795 train_c: -1.4584 train_max_dist: 68.0234 train_imax: 198.4912 train_imin: -140.8416 time: 1.5780s
INFO:root:Epoch: 0605 lr: 0.01 train_loss: 11761.6357 train_distortion: 32.7734 train_mapscore: 0.9812 train_c: -1.4518 train_max_dist: 67.8945 train_imax: 199.2925 train_imin: -140.7271 time: 1.5729s
INFO:root:Epoch: 0610 lr: 0.01 train_loss: 11648.2070 train_distortion: 32.8073 train_mapscore: 0.9818 train_c: -1.4460 train_max_dist: 67.8086 train_imax: 200.7682 train_imin: -139.3603 time: 1.5812s
INFO:root:Epoch: 0615 lr: 0.01 train_loss: 11399.4824 train_distortion: 32.7672 train_mapscore: 0.9830 train_c: -1.4382 train_max_dist: 67.7031 train_imax: 201.6268 train_imin: -141.4491 time: 1.5790s
INFO:root:Epoch: 0620 lr: 0.01 train_loss: 11604.0596 train_distortion: 32.6452 train_mapscore: 0.9820 train_c: -1.4312 train_max_dist: 67.4219 train_imax: 201.4867 train_imin: -141.1260 time: 1.5797s
INFO:root:Epoch: 0625 lr: 0.01 train_loss: 11714.9590 train_distortion: 32.4271 train_mapscore: 0.9795 train_c: -1.4243 train_max_dist: 67.1484 train_imax: 200.8887 train_imin: -139.0981 time: 1.5781s
INFO:root:Epoch: 0630 lr: 0.01 train_loss: 12193.6768 train_distortion: 31.8048 train_mapscore: 0.9789 train_c: -1.4190 train_max_dist: 66.7266 train_imax: 197.6702 train_imin: -136.7900 time: 1.5795s
INFO:root:Epoch: 0635 lr: 0.01 train_loss: 13590.0312 train_distortion: 30.1660 train_mapscore: 0.9590 train_c: -1.4196 train_max_dist: 65.6719 train_imax: 187.4103 train_imin: -127.2368 time: 1.5798s
INFO:root:Epoch: 0640 lr: 0.01 train_loss: 12766.9004 train_distortion: 29.7140 train_mapscore: 0.9659 train_c: -1.4219 train_max_dist: 65.4219 train_imax: 184.9034 train_imin: -125.0114 time: 1.5854s
INFO:root:Epoch: 0645 lr: 0.01 train_loss: 12314.1924 train_distortion: 30.7060 train_mapscore: 0.9712 train_c: -1.4271 train_max_dist: 66.2148 train_imax: 190.7798 train_imin: -127.3097 time: 1.5821s
INFO:root:Epoch: 0650 lr: 0.01 train_loss: 12020.5352 train_distortion: 32.2406 train_mapscore: 0.9736 train_c: -1.4304 train_max_dist: 67.2891 train_imax: 200.1629 train_imin: -132.0950 time: 1.5813s
INFO:root:Epoch: 0655 lr: 0.01 train_loss: 11813.1338 train_distortion: 33.5586 train_mapscore: 0.9765 train_c: -1.4330 train_max_dist: 68.0938 train_imax: 208.0618 train_imin: -137.4376 time: 1.5804s
INFO:root:Epoch: 0660 lr: 0.01 train_loss: 11770.5547 train_distortion: 33.9085 train_mapscore: 0.9777 train_c: -1.4288 train_max_dist: 68.2031 train_imax: 211.2907 train_imin: -138.1410 time: 1.5857s
INFO:root:Epoch: 0665 lr: 0.01 train_loss: 11654.3281 train_distortion: 33.4660 train_mapscore: 0.9788 train_c: -1.4233 train_max_dist: 67.8828 train_imax: 209.1880 train_imin: -137.4445 time: 1.5833s
INFO:root:Epoch: 0670 lr: 0.01 train_loss: 11648.0684 train_distortion: 32.6296 train_mapscore: 0.9800 train_c: -1.4157 train_max_dist: 67.3281 train_imax: 204.5504 train_imin: -134.2507 time: 1.5893s
INFO:root:Epoch: 0675 lr: 0.01 train_loss: 11521.0664 train_distortion: 32.0189 train_mapscore: 0.9810 train_c: -1.4083 train_max_dist: 66.7070 train_imax: 201.7134 train_imin: -130.9379 time: 1.5764s
INFO:root:Epoch: 0680 lr: 0.01 train_loss: 11276.7666 train_distortion: 31.7343 train_mapscore: 0.9817 train_c: -1.4023 train_max_dist: 66.4609 train_imax: 200.5663 train_imin: -130.2800 time: 1.5749s
INFO:root:Epoch: 0685 lr: 0.01 train_loss: 11140.4648 train_distortion: 31.7392 train_mapscore: 0.9815 train_c: -1.3972 train_max_dist: 66.3828 train_imax: 201.6268 train_imin: -130.6471 time: 1.5742s
INFO:root:Epoch: 0690 lr: 0.01 train_loss: 10944.8936 train_distortion: 31.8666 train_mapscore: 0.9827 train_c: -1.3924 train_max_dist: 66.3438 train_imax: 202.6876 train_imin: -131.7457 time: 1.5802s
INFO:root:Epoch: 0695 lr: 0.01 train_loss: 11002.7871 train_distortion: 32.1713 train_mapscore: 0.9824 train_c: -1.3891 train_max_dist: 66.5078 train_imax: 205.3247 train_imin: -132.7330 time: 1.5760s
INFO:root:Epoch: 0700 lr: 0.01 train_loss: 11114.9609 train_distortion: 32.2313 train_mapscore: 0.9820 train_c: -1.3845 train_max_dist: 66.3672 train_imax: 205.9253 train_imin: -133.2766 time: 1.5721s
INFO:root:Epoch: 0705 lr: 0.01 train_loss: 11148.1670 train_distortion: 32.0223 train_mapscore: 0.9820 train_c: -1.3783 train_max_dist: 66.2109 train_imax: 205.7838 train_imin: -132.6060 time: 1.5854s
INFO:root:Epoch: 0710 lr: 0.01 train_loss: 11493.8242 train_distortion: 31.4860 train_mapscore: 0.9814 train_c: -1.3715 train_max_dist: 65.6875 train_imax: 203.3685 train_imin: -130.3118 time: 1.5783s
INFO:root:Epoch: 0715 lr: 0.01 train_loss: 11041.4229 train_distortion: 31.0805 train_mapscore: 0.9827 train_c: -1.3652 train_max_dist: 65.3125 train_imax: 202.1177 train_imin: -129.3854 time: 1.5762s
INFO:root:Epoch: 0720 lr: 0.01 train_loss: 11475.4336 train_distortion: 30.9513 train_mapscore: 0.9796 train_c: -1.3607 train_max_dist: 65.1875 train_imax: 201.6946 train_imin: -128.9561 time: 1.5772s
INFO:root:Epoch: 0725 lr: 0.01 train_loss: 11406.1064 train_distortion: 30.8189 train_mapscore: 0.9811 train_c: -1.3554 train_max_dist: 65.0391 train_imax: 202.5099 train_imin: -128.7401 time: 1.5776s
INFO:root:Epoch: 0730 lr: 0.01 train_loss: 11073.8203 train_distortion: 30.6249 train_mapscore: 0.9833 train_c: -1.3492 train_max_dist: 64.7188 train_imax: 201.2549 train_imin: -127.8680 time: 1.5758s
INFO:root:Epoch: 0735 lr: 0.01 train_loss: 10746.3613 train_distortion: 30.6676 train_mapscore: 0.9829 train_c: -1.3454 train_max_dist: 64.7344 train_imax: 202.0851 train_imin: -128.2265 time: 1.5871s
INFO:root:Epoch: 0740 lr: 0.01 train_loss: 10859.9746 train_distortion: 30.8028 train_mapscore: 0.9834 train_c: -1.3417 train_max_dist: 64.6953 train_imax: 203.2897 train_imin: -129.4269 time: 1.5817s
INFO:root:Epoch: 0745 lr: 0.01 train_loss: 10833.4883 train_distortion: 30.8251 train_mapscore: 0.9832 train_c: -1.3373 train_max_dist: 64.6016 train_imax: 203.7080 train_imin: -129.6334 time: 1.5792s
INFO:root:Epoch: 0750 lr: 0.01 train_loss: 10658.5820 train_distortion: 30.6433 train_mapscore: 0.9851 train_c: -1.3326 train_max_dist: 64.4375 train_imax: 203.5675 train_imin: -128.8558 time: 1.5775s
INFO:root:Epoch: 0755 lr: 0.01 train_loss: 10521.3262 train_distortion: 30.5040 train_mapscore: 0.9843 train_c: -1.3278 train_max_dist: 64.1953 train_imax: 202.6550 train_imin: -129.2173 time: 1.5800s
INFO:root:Epoch: 0760 lr: 0.01 train_loss: 10510.9219 train_distortion: 30.3605 train_mapscore: 0.9837 train_c: -1.3231 train_max_dist: 64.0703 train_imax: 202.1463 train_imin: -127.2914 time: 1.5798s
INFO:root:Epoch: 0765 lr: 0.01 train_loss: 10869.9688 train_distortion: 30.3529 train_mapscore: 0.9819 train_c: -1.3184 train_max_dist: 63.9531 train_imax: 203.2213 train_imin: -128.2594 time: 1.5763s
INFO:root:Epoch: 0770 lr: 0.01 train_loss: 10620.8564 train_distortion: 30.2324 train_mapscore: 0.9844 train_c: -1.3138 train_max_dist: 63.7656 train_imax: 203.3040 train_imin: -127.4959 time: 1.5755s
INFO:root:Epoch: 0775 lr: 0.01 train_loss: 10692.6406 train_distortion: 30.0418 train_mapscore: 0.9835 train_c: -1.3092 train_max_dist: 63.5781 train_imax: 202.9756 train_imin: -126.0792 time: 1.5725s
INFO:root:Epoch: 0780 lr: 0.01 train_loss: 19544.5508 train_distortion: 26.8613 train_mapscore: 0.8538 train_c: -1.3034 train_max_dist: 61.2500 train_imax: 180.1170 train_imin: -111.2203 time: 1.5810s
INFO:root:Epoch: 0785 lr: 0.01 train_loss: 18647.1953 train_distortion: 23.3930 train_mapscore: 0.8513 train_c: -1.3027 train_max_dist: 58.7891 train_imax: 157.4452 train_imin: -97.9536 time: 1.5802s
INFO:root:Epoch: 0790 lr: 0.01 train_loss: 16732.5664 train_distortion: 22.5291 train_mapscore: 0.8848 train_c: -1.3192 train_max_dist: 58.5859 train_imax: 150.4506 train_imin: -95.0541 time: 1.5775s
INFO:root:Epoch: 0795 lr: 0.01 train_loss: 14923.2227 train_distortion: 24.4093 train_mapscore: 0.9174 train_c: -1.3471 train_max_dist: 60.5469 train_imax: 159.6734 train_imin: -101.6070 time: 1.5793s
INFO:root:Epoch: 0800 lr: 0.01 train_loss: 13269.8613 train_distortion: 28.3466 train_mapscore: 0.9443 train_c: -1.3795 train_max_dist: 63.8047 train_imax: 181.0554 train_imin: -115.4029 time: 1.5802s
INFO:root:Epoch: 0805 lr: 0.01 train_loss: 12346.5693 train_distortion: 32.4423 train_mapscore: 0.9574 train_c: -1.4019 train_max_dist: 66.7148 train_imax: 204.0795 train_imin: -130.2216 time: 1.5776s
INFO:root:Epoch: 0810 lr: 0.01 train_loss: 12240.3496 train_distortion: 35.1746 train_mapscore: 0.9638 train_c: -1.4124 train_max_dist: 68.5391 train_imax: 219.9310 train_imin: -140.3429 time: 1.5784s
INFO:root:Epoch: 0815 lr: 0.01 train_loss: 12392.1475 train_distortion: 35.4788 train_mapscore: 0.9702 train_c: -1.4123 train_max_dist: 68.8047 train_imax: 222.1520 train_imin: -139.8835 time: 1.5729s
INFO:root:Epoch: 0820 lr: 0.01 train_loss: 11809.6387 train_distortion: 34.1585 train_mapscore: 0.9727 train_c: -1.4045 train_max_dist: 67.8594 train_imax: 214.7611 train_imin: -135.7679 time: 1.5721s
INFO:root:Epoch: 0825 lr: 0.01 train_loss: 11505.3115 train_distortion: 32.7463 train_mapscore: 0.9757 train_c: -1.3949 train_max_dist: 66.8906 train_imax: 206.8847 train_imin: -130.4008 time: 1.5759s
INFO:root:Epoch: 0830 lr: 0.01 train_loss: 11935.4668 train_distortion: 31.8849 train_mapscore: 0.9742 train_c: -1.3875 train_max_dist: 66.1016 train_imax: 201.9962 train_imin: -127.8187 time: 1.5722s
INFO:root:Epoch: 0835 lr: 0.01 train_loss: 12245.9258 train_distortion: 31.0532 train_mapscore: 0.9709 train_c: -1.3837 train_max_dist: 65.5703 train_imax: 196.6393 train_imin: -123.9646 time: 1.5736s
INFO:root:Epoch: 0840 lr: 0.01 train_loss: 12045.4219 train_distortion: 31.0680 train_mapscore: 0.9695 train_c: -1.3817 train_max_dist: 65.5078 train_imax: 197.2634 train_imin: -124.9263 time: 1.5719s
INFO:root:Epoch: 0845 lr: 0.01 train_loss: 11455.7041 train_distortion: 31.7249 train_mapscore: 0.9755 train_c: -1.3818 train_max_dist: 65.9062 train_imax: 201.1631 train_imin: -126.9230 time: 1.5728s
INFO:root:Epoch: 0850 lr: 0.01 train_loss: 11339.3867 train_distortion: 32.5896 train_mapscore: 0.9780 train_c: -1.3803 train_max_dist: 66.3438 train_imax: 206.5084 train_imin: -130.4116 time: 1.5704s
INFO:root:Epoch: 0855 lr: 0.01 train_loss: 11294.4590 train_distortion: 33.0827 train_mapscore: 0.9790 train_c: -1.3763 train_max_dist: 66.6523 train_imax: 210.8053 train_imin: -131.6392 time: 1.5782s
INFO:root:Epoch: 0860 lr: 0.01 train_loss: 11222.4453 train_distortion: 32.7741 train_mapscore: 0.9797 train_c: -1.3679 train_max_dist: 66.1641 train_imax: 210.1534 train_imin: -131.3423 time: 1.5730s
INFO:root:Epoch: 0865 lr: 0.01 train_loss: 11136.0625 train_distortion: 32.1067 train_mapscore: 0.9806 train_c: -1.3598 train_max_dist: 65.6680 train_imax: 206.6700 train_imin: -128.4843 time: 1.5783s
INFO:root:Epoch: 0870 lr: 0.01 train_loss: 11347.8359 train_distortion: 31.3736 train_mapscore: 0.9782 train_c: -1.3497 train_max_dist: 65.0234 train_imax: 203.0696 train_imin: -127.0841 time: 1.5770s
INFO:root:Epoch: 0875 lr: 0.01 train_loss: 11241.2852 train_distortion: 30.8151 train_mapscore: 0.9786 train_c: -1.3429 train_max_dist: 64.5547 train_imax: 199.1747 train_imin: -125.5080 time: 1.5764s
INFO:root:Epoch: 0880 lr: 0.01 train_loss: 11156.2539 train_distortion: 30.6348 train_mapscore: 0.9796 train_c: -1.3372 train_max_dist: 64.3594 train_imax: 198.8809 train_imin: -124.4822 time: 1.5951s
INFO:root:Epoch: 0885 lr: 0.01 train_loss: 10724.8809 train_distortion: 30.7585 train_mapscore: 0.9824 train_c: -1.3320 train_max_dist: 64.2422 train_imax: 200.5464 train_imin: -126.6268 time: 1.5728s
INFO:root:Epoch: 0890 lr: 0.01 train_loss: 11243.7803 train_distortion: 30.7668 train_mapscore: 0.9803 train_c: -1.3280 train_max_dist: 64.1836 train_imax: 201.6086 train_imin: -125.4626 time: 1.5767s
INFO:root:Epoch: 0895 lr: 0.01 train_loss: 11849.8066 train_distortion: 29.8520 train_mapscore: 0.9731 train_c: -1.3272 train_max_dist: 63.6523 train_imax: 194.3629 train_imin: -121.7601 time: 1.5709s
INFO:root:Epoch: 0900 lr: 0.01 train_loss: 11684.0801 train_distortion: 29.7523 train_mapscore: 0.9731 train_c: -1.3298 train_max_dist: 63.5703 train_imax: 193.9471 train_imin: -123.1423 time: 1.5710s
INFO:root:Epoch: 0905 lr: 0.01 train_loss: 11273.3281 train_distortion: 30.2978 train_mapscore: 0.9758 train_c: -1.3329 train_max_dist: 63.9453 train_imax: 196.6140 train_imin: -124.0059 time: 1.5825s
INFO:root:Epoch: 0910 lr: 0.01 train_loss: 10969.6094 train_distortion: 31.3958 train_mapscore: 0.9770 train_c: -1.3371 train_max_dist: 64.6992 train_imax: 203.1825 train_imin: -129.5461 time: 1.5712s
INFO:root:Epoch: 0915 lr: 0.01 train_loss: 10857.5215 train_distortion: 32.2346 train_mapscore: 0.9798 train_c: -1.3373 train_max_dist: 65.2422 train_imax: 208.6063 train_imin: -134.4422 time: 1.5697s
INFO:root:Epoch: 0920 lr: 0.01 train_loss: 10819.9609 train_distortion: 32.4567 train_mapscore: 0.9802 train_c: -1.3339 train_max_dist: 65.2383 train_imax: 211.1881 train_imin: -133.4874 time: 1.5710s
INFO:root:Epoch: 0925 lr: 0.01 train_loss: 10560.3008 train_distortion: 31.9511 train_mapscore: 0.9813 train_c: -1.3274 train_max_dist: 64.8281 train_imax: 208.5480 train_imin: -132.9306 time: 1.5719s
INFO:root:Epoch: 0930 lr: 0.01 train_loss: 10601.0176 train_distortion: 31.4504 train_mapscore: 0.9828 train_c: -1.3197 train_max_dist: 64.3750 train_imax: 206.2300 train_imin: -130.5856 time: 1.5752s
INFO:root:Epoch: 0935 lr: 0.01 train_loss: 10390.9609 train_distortion: 31.0089 train_mapscore: 0.9834 train_c: -1.3133 train_max_dist: 63.9492 train_imax: 204.1897 train_imin: -129.6121 time: 1.5717s
INFO:root:Epoch: 0940 lr: 0.01 train_loss: 10209.5488 train_distortion: 30.7944 train_mapscore: 0.9843 train_c: -1.3093 train_max_dist: 63.7656 train_imax: 202.6558 train_imin: -129.1602 time: 1.5736s
INFO:root:Epoch: 0945 lr: 0.01 train_loss: 10439.3477 train_distortion: 30.6305 train_mapscore: 0.9849 train_c: -1.3029 train_max_dist: 63.5547 train_imax: 202.4530 train_imin: -129.3134 time: 1.5689s
INFO:root:Epoch: 0950 lr: 0.01 train_loss: 10295.9883 train_distortion: 30.7513 train_mapscore: 0.9855 train_c: -1.3004 train_max_dist: 63.5781 train_imax: 204.0305 train_imin: -128.9020 time: 1.5696s
INFO:root:Epoch: 0955 lr: 0.01 train_loss: 10144.8418 train_distortion: 30.7564 train_mapscore: 0.9842 train_c: -1.2980 train_max_dist: 63.5234 train_imax: 203.9741 train_imin: -129.8969 time: 1.5680s
INFO:root:Epoch: 0960 lr: 0.01 train_loss: 10106.2734 train_distortion: 30.7196 train_mapscore: 0.9833 train_c: -1.2935 train_max_dist: 63.3906 train_imax: 204.1401 train_imin: -129.3072 time: 1.5699s
INFO:root:Epoch: 0965 lr: 0.01 train_loss: 9994.6426 train_distortion: 30.7311 train_mapscore: 0.9846 train_c: -1.2900 train_max_dist: 63.2969 train_imax: 205.2383 train_imin: -129.0186 time: 1.5781s
INFO:root:Epoch: 0970 lr: 0.01 train_loss: 9985.0859 train_distortion: 30.5551 train_mapscore: 0.9855 train_c: -1.2852 train_max_dist: 63.1641 train_imax: 204.9164 train_imin: -128.1608 time: 1.5832s
INFO:root:Epoch: 0975 lr: 0.01 train_loss: 9891.5625 train_distortion: 30.3745 train_mapscore: 0.9862 train_c: -1.2805 train_max_dist: 62.8906 train_imax: 204.0725 train_imin: -127.9507 time: 1.5919s
INFO:root:Epoch: 0980 lr: 0.01 train_loss: 9902.3418 train_distortion: 30.2596 train_mapscore: 0.9855 train_c: -1.2766 train_max_dist: 62.8594 train_imax: 203.5474 train_imin: -127.3490 time: 1.5937s
INFO:root:Epoch: 0985 lr: 0.01 train_loss: 9934.2441 train_distortion: 30.1227 train_mapscore: 0.9860 train_c: -1.2735 train_max_dist: 62.6094 train_imax: 202.6376 train_imin: -126.8533 time: 1.5843s
INFO:root:Epoch: 0990 lr: 0.01 train_loss: 9793.0527 train_distortion: 30.0221 train_mapscore: 0.9864 train_c: -1.2709 train_max_dist: 62.5000 train_imax: 202.6063 train_imin: -127.2671 time: 1.5837s
INFO:root:Epoch: 0995 lr: 0.01 train_loss: 9861.9023 train_distortion: 30.1568 train_mapscore: 0.9857 train_c: -1.2676 train_max_dist: 62.5625 train_imax: 204.4470 train_imin: -126.9625 time: 1.5811s
INFO:root:Epoch: 1000 lr: 0.01 train_loss: 9750.1396 train_distortion: 30.3009 train_mapscore: 0.9858 train_c: -1.2662 train_max_dist: 62.6094 train_imax: 204.9909 train_imin: -126.8956 time: 1.5829s
INFO:root:Epoch: 1005 lr: 0.01 train_loss: 9727.7715 train_distortion: 30.2571 train_mapscore: 0.9859 train_c: -1.2634 train_max_dist: 62.5000 train_imax: 205.9153 train_imin: -126.5345 time: 1.5819s
INFO:root:Epoch: 1010 lr: 0.01 train_loss: 9600.0791 train_distortion: 30.0517 train_mapscore: 0.9873 train_c: -1.2604 train_max_dist: 62.3516 train_imax: 204.7556 train_imin: -126.5662 time: 1.5836s
INFO:root:Epoch: 1015 lr: 0.01 train_loss: 9590.3086 train_distortion: 29.9712 train_mapscore: 0.9869 train_c: -1.2584 train_max_dist: 62.2578 train_imax: 204.8297 train_imin: -125.3984 time: 1.5861s
INFO:root:Epoch: 1020 lr: 0.01 train_loss: 10045.8906 train_distortion: 29.5857 train_mapscore: 0.9856 train_c: -1.2546 train_max_dist: 61.9453 train_imax: 201.6517 train_imin: -124.5032 time: 1.5853s
INFO:root:Epoch: 1025 lr: 0.01 train_loss: 9733.0625 train_distortion: 29.2613 train_mapscore: 0.9867 train_c: -1.2511 train_max_dist: 61.7344 train_imax: 200.0909 train_imin: -123.0930 time: 1.5805s
INFO:root:Epoch: 1030 lr: 0.01 train_loss: 9635.4629 train_distortion: 29.4753 train_mapscore: 0.9857 train_c: -1.2511 train_max_dist: 61.8594 train_imax: 202.2051 train_imin: -123.0873 time: 1.5812s
INFO:root:Epoch: 1035 lr: 0.01 train_loss: 9506.3428 train_distortion: 29.7345 train_mapscore: 0.9867 train_c: -1.2491 train_max_dist: 61.8984 train_imax: 203.6750 train_imin: -125.0048 time: 1.5855s
INFO:root:Epoch: 1040 lr: 0.01 train_loss: 9835.5547 train_distortion: 30.0835 train_mapscore: 0.9867 train_c: -1.2495 train_max_dist: 62.1602 train_imax: 206.0626 train_imin: -125.7155 time: 1.5814s
INFO:root:Epoch: 1045 lr: 0.01 train_loss: 9852.1328 train_distortion: 29.9900 train_mapscore: 0.9871 train_c: -1.2482 train_max_dist: 62.0703 train_imax: 205.6148 train_imin: -125.1494 time: 1.5784s
INFO:root:Epoch: 1050 lr: 0.01 train_loss: 9695.8867 train_distortion: 29.6276 train_mapscore: 0.9861 train_c: -1.2465 train_max_dist: 61.8984 train_imax: 203.2798 train_imin: -124.4033 time: 1.5801s
INFO:root:Epoch: 1055 lr: 0.01 train_loss: 9663.3389 train_distortion: 29.1964 train_mapscore: 0.9871 train_c: -1.2419 train_max_dist: 61.5430 train_imax: 200.9697 train_imin: -121.3098 time: 1.5801s
INFO:root:Epoch: 1060 lr: 0.01 train_loss: 9426.3867 train_distortion: 29.2197 train_mapscore: 0.9871 train_c: -1.2398 train_max_dist: 61.4141 train_imax: 201.5056 train_imin: -122.3497 time: 1.5781s
INFO:root:Epoch: 1065 lr: 0.01 train_loss: 9462.6172 train_distortion: 29.4503 train_mapscore: 0.9877 train_c: -1.2402 train_max_dist: 61.6406 train_imax: 202.7045 train_imin: -123.1224 time: 1.5833s
INFO:root:Epoch: 1070 lr: 0.01 train_loss: 9358.0781 train_distortion: 29.7761 train_mapscore: 0.9877 train_c: -1.2408 train_max_dist: 61.8047 train_imax: 205.5278 train_imin: -124.5233 time: 1.5820s
INFO:root:Epoch: 1075 lr: 0.01 train_loss: 9469.4277 train_distortion: 29.8587 train_mapscore: 0.9872 train_c: -1.2399 train_max_dist: 61.8047 train_imax: 205.8787 train_imin: -125.4908 time: 1.5863s
INFO:root:Epoch: 1080 lr: 0.01 train_loss: 9564.2510 train_distortion: 29.8302 train_mapscore: 0.9878 train_c: -1.2402 train_max_dist: 61.7891 train_imax: 205.5213 train_imin: -123.9429 time: 1.5898s
INFO:root:Epoch: 1085 lr: 0.01 train_loss: 9683.6973 train_distortion: 29.5121 train_mapscore: 0.9865 train_c: -1.2366 train_max_dist: 61.5547 train_imax: 204.3927 train_imin: -122.6578 time: 1.5829s
INFO:root:Epoch: 1090 lr: 0.01 train_loss: 9509.1016 train_distortion: 29.2609 train_mapscore: 0.9872 train_c: -1.2352 train_max_dist: 61.4414 train_imax: 202.6091 train_imin: -122.7605 time: 1.5904s
INFO:root:Epoch: 1095 lr: 0.01 train_loss: 9280.3398 train_distortion: 29.3833 train_mapscore: 0.9883 train_c: -1.2360 train_max_dist: 61.4844 train_imax: 203.2198 train_imin: -121.8669 time: 1.5763s
INFO:root:Epoch: 1100 lr: 0.01 train_loss: 9438.0059 train_distortion: 29.6546 train_mapscore: 0.9872 train_c: -1.2361 train_max_dist: 61.6172 train_imax: 205.0450 train_imin: -122.4211 time: 1.5823s
INFO:root:Epoch: 1105 lr: 0.01 train_loss: 9397.7305 train_distortion: 29.6547 train_mapscore: 0.9874 train_c: -1.2354 train_max_dist: 61.6094 train_imax: 204.3354 train_imin: -122.8633 time: 1.5798s
INFO:root:Epoch: 1110 lr: 0.01 train_loss: 10579.0977 train_distortion: 29.0510 train_mapscore: 0.9837 train_c: -1.2342 train_max_dist: 61.2305 train_imax: 199.3585 train_imin: -120.8687 time: 1.5857s
INFO:root:Epoch: 1115 lr: 0.01 train_loss: 10254.0918 train_distortion: 28.6105 train_mapscore: 0.9815 train_c: -1.2360 train_max_dist: 60.9766 train_imax: 197.0483 train_imin: -118.4513 time: 1.5778s
INFO:root:Epoch: 1120 lr: 0.01 train_loss: 9908.7891 train_distortion: 28.8078 train_mapscore: 0.9845 train_c: -1.2388 train_max_dist: 61.1602 train_imax: 197.8221 train_imin: -117.1982 time: 1.5813s
INFO:root:Epoch: 1125 lr: 0.01 train_loss: 9705.7510 train_distortion: 29.4915 train_mapscore: 0.9843 train_c: -1.2416 train_max_dist: 61.6602 train_imax: 201.6000 train_imin: -119.3698 time: 1.5760s
INFO:root:Epoch: 1130 lr: 0.01 train_loss: 9738.3799 train_distortion: 30.2932 train_mapscore: 0.9849 train_c: -1.2441 train_max_dist: 62.1641 train_imax: 206.7401 train_imin: -121.9730 time: 1.5784s
INFO:root:Epoch: 1135 lr: 0.01 train_loss: 9883.5273 train_distortion: 30.5318 train_mapscore: 0.9864 train_c: -1.2444 train_max_dist: 62.3438 train_imax: 207.7798 train_imin: -123.9009 time: 1.5834s
INFO:root:Epoch: 1140 lr: 0.01 train_loss: 9536.5410 train_distortion: 30.2159 train_mapscore: 0.9866 train_c: -1.2415 train_max_dist: 62.0625 train_imax: 206.1845 train_imin: -122.7159 time: 1.5825s
INFO:root:Epoch: 1145 lr: 0.01 train_loss: 9383.6406 train_distortion: 29.8072 train_mapscore: 0.9873 train_c: -1.2383 train_max_dist: 61.7188 train_imax: 203.8929 train_imin: -120.6146 time: 1.5819s
INFO:root:Epoch: 1150 lr: 0.01 train_loss: 9447.3750 train_distortion: 29.6299 train_mapscore: 0.9863 train_c: -1.2372 train_max_dist: 61.6250 train_imax: 202.8444 train_imin: -120.1640 time: 1.5790s
INFO:root:Epoch: 1155 lr: 0.01 train_loss: 9505.7217 train_distortion: 29.7511 train_mapscore: 0.9849 train_c: -1.2394 train_max_dist: 61.7188 train_imax: 203.3546 train_imin: -120.7574 time: 1.5808s
INFO:root:Epoch: 1160 lr: 0.01 train_loss: 9266.2773 train_distortion: 29.8895 train_mapscore: 0.9844 train_c: -1.2405 train_max_dist: 61.8203 train_imax: 203.8007 train_imin: -122.5084 time: 1.5814s
INFO:root:Epoch: 1165 lr: 0.01 train_loss: 9341.5586 train_distortion: 30.1625 train_mapscore: 0.9865 train_c: -1.2421 train_max_dist: 61.9844 train_imax: 205.6649 train_imin: -121.8867 time: 1.5767s
INFO:root:Epoch: 1170 lr: 0.01 train_loss: 9238.9707 train_distortion: 30.3155 train_mapscore: 0.9875 train_c: -1.2429 train_max_dist: 62.1133 train_imax: 206.7499 train_imin: -122.5743 time: 1.5835s
INFO:root:Epoch: 1175 lr: 0.01 train_loss: 9143.3809 train_distortion: 30.3945 train_mapscore: 0.9871 train_c: -1.2426 train_max_dist: 62.1406 train_imax: 207.1739 train_imin: -122.1241 time: 1.5818s
INFO:root:Epoch: 1180 lr: 0.01 train_loss: 9146.9414 train_distortion: 30.3000 train_mapscore: 0.9884 train_c: -1.2405 train_max_dist: 62.0703 train_imax: 206.9368 train_imin: -121.3997 time: 1.5800s
INFO:root:Epoch: 1185 lr: 0.01 train_loss: 9201.7988 train_distortion: 30.2666 train_mapscore: 0.9869 train_c: -1.2406 train_max_dist: 62.0352 train_imax: 206.8608 train_imin: -120.6956 time: 1.5825s
INFO:root:Epoch: 1190 lr: 0.01 train_loss: 91002.1719 train_distortion: 22.6840 train_mapscore: 0.1945 train_c: -1.0992 train_max_dist: 55.0156 train_imax: 233.5583 train_imin: -85.9960 time: 1.7042s
INFO:root:Epoch: 1195 lr: 0.01 train_loss: 94791.9688 train_distortion: 10.5709 train_mapscore: 0.1096 train_c: -0.9159 train_max_dist: 41.4141 train_imax: 107.8982 train_imin: -111.8069 time: 1.8246s
INFO:root:Epoch: 1200 lr: 0.01 train_loss: 86675.0703 train_distortion: 3.9472 train_mapscore: 0.0862 train_c: -0.7319 train_max_dist: 29.4336 train_imax: 60.0867 train_imin: -75.8025 time: 1.8553s
INFO:root:Epoch: 1205 lr: 0.01 train_loss: 82223.1875 train_distortion: 1.2826 train_mapscore: 0.0693 train_c: -0.5669 train_max_dist: 20.6064 train_imax: 33.9947 train_imin: -46.7956 time: 1.8981s
INFO:root:Epoch: 1210 lr: 0.01 train_loss: 81538.8203 train_distortion: 0.5116 train_mapscore: 0.0642 train_c: -0.4684 train_max_dist: 15.8950 train_imax: 22.8995 train_imin: -32.4407 time: 1.9142s
INFO:root:Epoch: 1215 lr: 0.01 train_loss: 81301.9609 train_distortion: 0.3371 train_mapscore: 0.0678 train_c: -0.4444 train_max_dist: 14.3442 train_imax: 19.0206 train_imin: -26.3282 time: 1.9152s
INFO:root:Epoch: 1220 lr: 0.01 train_loss: 80565.3906 train_distortion: 0.3309 train_mapscore: 0.0725 train_c: -0.4707 train_max_dist: 14.6177 train_imax: 18.4088 train_imin: -24.7906 time: 1.9106s
INFO:root:Epoch: 1225 lr: 0.01 train_loss: 79456.3281 train_distortion: 0.3914 train_mapscore: 0.0799 train_c: -0.5235 train_max_dist: 15.7783 train_imax: 19.1432 train_imin: -25.4851 time: 1.8982s
INFO:root:Epoch: 1230 lr: 0.01 train_loss: 78287.0156 train_distortion: 0.4877 train_mapscore: 0.0866 train_c: -0.5834 train_max_dist: 17.2251 train_imax: 20.1466 train_imin: -27.1608 time: 1.8887s
INFO:root:Epoch: 1235 lr: 0.01 train_loss: 77304.6562 train_distortion: 0.6047 train_mapscore: 0.0947 train_c: -0.6457 train_max_dist: 18.7251 train_imax: 21.1042 train_imin: -28.9934 time: 1.8720s
INFO:root:Epoch: 1240 lr: 0.01 train_loss: 76249.8125 train_distortion: 0.7179 train_mapscore: 0.1012 train_c: -0.6947 train_max_dist: 19.9644 train_imax: 22.0304 train_imin: -30.6997 time: 1.8619s
INFO:root:Epoch: 1245 lr: 0.01 train_loss: 75146.7656 train_distortion: 0.8246 train_mapscore: 0.1122 train_c: -0.7325 train_max_dist: 21.0005 train_imax: 22.9241 train_imin: -32.2559 time: 1.8878s
INFO:root:Epoch: 1250 lr: 0.01 train_loss: 74057.2266 train_distortion: 0.9247 train_mapscore: 0.1232 train_c: -0.7623 train_max_dist: 21.8755 train_imax: 23.8603 train_imin: -33.6531 time: 1.8435s
INFO:root:Epoch: 1255 lr: 0.01 train_loss: 72964.6250 train_distortion: 1.0183 train_mapscore: 0.1331 train_c: -0.7866 train_max_dist: 22.6230 train_imax: 24.7342 train_imin: -35.0641 time: 1.8319s
INFO:root:Epoch: 1260 lr: 0.01 train_loss: 71935.9766 train_distortion: 1.1224 train_mapscore: 0.1479 train_c: -0.8072 train_max_dist: 23.3369 train_imax: 25.7063 train_imin: -36.6754 time: 1.8299s
INFO:root:Epoch: 1265 lr: 0.01 train_loss: 70886.6953 train_distortion: 1.2390 train_mapscore: 0.1614 train_c: -0.8255 train_max_dist: 24.0513 train_imax: 26.8334 train_imin: -38.3984 time: 1.8143s
INFO:root:Epoch: 1270 lr: 0.01 train_loss: 69881.1406 train_distortion: 1.3655 train_mapscore: 0.1747 train_c: -0.8411 train_max_dist: 24.7495 train_imax: 28.1153 train_imin: -40.0963 time: 1.8091s
INFO:root:Epoch: 1275 lr: 0.01 train_loss: 68927.0859 train_distortion: 1.4936 train_mapscore: 0.1872 train_c: -0.8547 train_max_dist: 25.3906 train_imax: 29.3611 train_imin: -41.9129 time: 1.8016s
INFO:root:Epoch: 1280 lr: 0.01 train_loss: 68016.8438 train_distortion: 1.6300 train_mapscore: 0.1997 train_c: -0.8659 train_max_dist: 26.0103 train_imax: 30.6766 train_imin: -43.8907 time: 1.7952s
INFO:root:Epoch: 1285 lr: 0.01 train_loss: 67025.8750 train_distortion: 1.7838 train_mapscore: 0.2187 train_c: -0.8763 train_max_dist: 26.6567 train_imax: 32.1566 train_imin: -45.9710 time: 1.7930s
INFO:root:Epoch: 1290 lr: 0.01 train_loss: 66048.0312 train_distortion: 1.9509 train_mapscore: 0.2356 train_c: -0.8848 train_max_dist: 27.2866 train_imax: 33.7823 train_imin: -48.1426 time: 1.7846s
INFO:root:Epoch: 1295 lr: 0.01 train_loss: 65101.6641 train_distortion: 2.1309 train_mapscore: 0.2552 train_c: -0.8915 train_max_dist: 27.9141 train_imax: 35.5563 train_imin: -50.5277 time: 1.7918s
INFO:root:Epoch: 1300 lr: 0.01 train_loss: 64158.3828 train_distortion: 2.3259 train_mapscore: 0.2728 train_c: -0.8976 train_max_dist: 28.5459 train_imax: 37.4306 train_imin: -53.0795 time: 1.7720s
INFO:root:Epoch: 1305 lr: 0.01 train_loss: 63228.4609 train_distortion: 2.5296 train_mapscore: 0.2947 train_c: -0.9020 train_max_dist: 29.1387 train_imax: 39.4227 train_imin: -55.7822 time: 1.7645s
INFO:root:Epoch: 1310 lr: 0.01 train_loss: 62317.7578 train_distortion: 2.7374 train_mapscore: 0.3081 train_c: -0.9050 train_max_dist: 29.7119 train_imax: 41.4498 train_imin: -58.5022 time: 1.7605s
INFO:root:Epoch: 1315 lr: 0.01 train_loss: 61434.6953 train_distortion: 2.9537 train_mapscore: 0.3234 train_c: -0.9066 train_max_dist: 30.2373 train_imax: 43.5704 train_imin: -61.3436 time: 1.7573s
INFO:root:Epoch: 1320 lr: 0.01 train_loss: 60549.2891 train_distortion: 3.1744 train_mapscore: 0.3409 train_c: -0.9064 train_max_dist: 30.7334 train_imax: 45.7593 train_imin: -64.2471 time: 1.7543s
INFO:root:Epoch: 1325 lr: 0.01 train_loss: 59692.5938 train_distortion: 3.4061 train_mapscore: 0.3591 train_c: -0.9055 train_max_dist: 31.2119 train_imax: 48.1592 train_imin: -67.4108 time: 1.7504s
INFO:root:Epoch: 1330 lr: 0.01 train_loss: 59361.1953 train_distortion: 3.6340 train_mapscore: 0.3196 train_c: -0.9052 train_max_dist: 31.6836 train_imax: 50.4475 train_imin: -70.4097 time: 1.7464s
INFO:root:Epoch: 1335 lr: 0.01 train_loss: 58643.0938 train_distortion: 3.8517 train_mapscore: 0.3316 train_c: -0.9041 train_max_dist: 32.0918 train_imax: 52.6328 train_imin: -73.2252 time: 1.7415s
INFO:root:Epoch: 1340 lr: 0.01 train_loss: 58317.5508 train_distortion: 4.0345 train_mapscore: 0.3150 train_c: -0.9035 train_max_dist: 32.4258 train_imax: 53.8617 train_imin: -75.3726 time: 1.7358s
INFO:root:Epoch: 1345 lr: 0.01 train_loss: 57405.9062 train_distortion: 4.2206 train_mapscore: 0.3384 train_c: -0.9007 train_max_dist: 32.7266 train_imax: 55.4456 train_imin: -77.7872 time: 1.7319s
INFO:root:Epoch: 1350 lr: 0.01 train_loss: 56458.4766 train_distortion: 4.4175 train_mapscore: 0.3608 train_c: -0.8964 train_max_dist: 33.0283 train_imax: 57.2488 train_imin: -80.3775 time: 1.7360s
INFO:root:Epoch: 1355 lr: 0.01 train_loss: 55609.9375 train_distortion: 4.6366 train_mapscore: 0.3785 train_c: -0.8912 train_max_dist: 33.3379 train_imax: 59.7328 train_imin: -83.4491 time: 1.7193s
INFO:root:Epoch: 1360 lr: 0.01 train_loss: 55285.2539 train_distortion: 4.8844 train_mapscore: 0.3697 train_c: -0.8839 train_max_dist: 33.6328 train_imax: 62.3412 train_imin: -86.9207 time: 1.7171s
INFO:root:Epoch: 1365 lr: 0.01 train_loss: 54418.5938 train_distortion: 5.1171 train_mapscore: 0.3918 train_c: -0.8770 train_max_dist: 33.8887 train_imax: 65.1317 train_imin: -90.3350 time: 1.7121s
INFO:root:Epoch: 1370 lr: 0.01 train_loss: 54208.9023 train_distortion: 5.4017 train_mapscore: 0.3876 train_c: -0.8735 train_max_dist: 34.2617 train_imax: 68.0562 train_imin: -89.5377 time: 1.7057s
INFO:root:Epoch: 1375 lr: 0.01 train_loss: 54599.4219 train_distortion: 5.6405 train_mapscore: 0.3640 train_c: -0.8710 train_max_dist: 34.5352 train_imax: 70.5132 train_imin: -85.4769 time: 1.7112s
INFO:root:Epoch: 1380 lr: 0.01 train_loss: 53682.5938 train_distortion: 5.7319 train_mapscore: 0.3900 train_c: -0.8610 train_max_dist: 34.4434 train_imax: 71.7235 train_imin: -86.3675 time: 1.7089s
INFO:root:Epoch: 1385 lr: 0.01 train_loss: 53469.5938 train_distortion: 5.8500 train_mapscore: 0.3795 train_c: -0.8530 train_max_dist: 34.4414 train_imax: 73.0620 train_imin: -87.4321 time: 1.7076s
INFO:root:Epoch: 1390 lr: 0.01 train_loss: 52525.8750 train_distortion: 5.9225 train_mapscore: 0.4019 train_c: -0.8425 train_max_dist: 34.3379 train_imax: 75.0514 train_imin: -88.0968 time: 1.7025s
INFO:root:Epoch: 1395 lr: 0.01 train_loss: 51456.3672 train_distortion: 6.0236 train_mapscore: 0.4347 train_c: -0.8326 train_max_dist: 34.3203 train_imax: 76.7994 train_imin: -90.0011 time: 1.6989s
INFO:root:Epoch: 1400 lr: 0.01 train_loss: 50465.3984 train_distortion: 6.1672 train_mapscore: 0.4687 train_c: -0.8235 train_max_dist: 34.3789 train_imax: 79.0978 train_imin: -92.3387 time: 1.7143s
INFO:root:Epoch: 1405 lr: 0.01 train_loss: 49635.7070 train_distortion: 6.3948 train_mapscore: 0.4862 train_c: -0.8185 train_max_dist: 34.5859 train_imax: 81.8043 train_imin: -94.9157 time: 1.7003s
INFO:root:Epoch: 1410 lr: 0.01 train_loss: 48998.9375 train_distortion: 6.6821 train_mapscore: 0.4939 train_c: -0.8145 train_max_dist: 34.9062 train_imax: 85.2407 train_imin: -98.2149 time: 1.7083s
INFO:root:Epoch: 1415 lr: 0.01 train_loss: 48124.9375 train_distortion: 6.9497 train_mapscore: 0.5106 train_c: -0.8069 train_max_dist: 35.1289 train_imax: 88.9479 train_imin: -102.4519 time: 1.7086s
INFO:root:Epoch: 1420 lr: 0.01 train_loss: 47369.7773 train_distortion: 7.2001 train_mapscore: 0.5372 train_c: -0.7966 train_max_dist: 35.2422 train_imax: 93.0783 train_imin: -105.9388 time: 1.6924s
INFO:root:Epoch: 1425 lr: 0.01 train_loss: 46734.4922 train_distortion: 7.4700 train_mapscore: 0.5526 train_c: -0.7864 train_max_dist: 35.4219 train_imax: 97.1021 train_imin: -110.2856 time: 1.6910s
INFO:root:Epoch: 1430 lr: 0.01 train_loss: 46191.7695 train_distortion: 7.6991 train_mapscore: 0.5569 train_c: -0.7795 train_max_dist: 48.0000 train_imax: 100.6250 train_imin: -113.5859 time: 1.6879s
INFO:root:Epoch: 1435 lr: 0.01 train_loss: 45361.8984 train_distortion: 7.8883 train_mapscore: 0.5811 train_c: -0.7684 train_max_dist: 35.5859 train_imax: 104.6466 train_imin: -117.1781 time: 1.7222s
INFO:root:Epoch: 1440 lr: 0.01 train_loss: 44760.6328 train_distortion: 8.1076 train_mapscore: 0.5947 train_c: -0.7567 train_max_dist: 35.6406 train_imax: 108.6375 train_imin: -122.0782 time: 1.7087s
INFO:root:Epoch: 1445 lr: 0.01 train_loss: 45380.0938 train_distortion: 8.1866 train_mapscore: 0.5748 train_c: -0.7399 train_max_dist: 35.4062 train_imax: 112.4400 train_imin: -126.3249 time: 1.7081s
INFO:root:Epoch: 1450 lr: 0.01 train_loss: 44929.9805 train_distortion: 8.2531 train_mapscore: 0.5802 train_c: -0.7244 train_max_dist: 35.1953 train_imax: 116.7557 train_imin: -130.1208 time: 1.6959s
INFO:root:Epoch: 1455 lr: 0.01 train_loss: 44179.2188 train_distortion: 8.2384 train_mapscore: 0.5793 train_c: -0.7076 train_max_dist: 34.8672 train_imax: 118.5974 train_imin: -132.7962 time: 1.6924s
INFO:root:Epoch: 1460 lr: 0.01 train_loss: 43537.4141 train_distortion: 8.2574 train_mapscore: 0.5862 train_c: -0.6931 train_max_dist: 34.6055 train_imax: 122.8545 train_imin: -136.1703 time: 1.6786s
INFO:root:Epoch: 1465 lr: 0.01 train_loss: 45043.3320 train_distortion: 8.1137 train_mapscore: 0.5318 train_c: -0.6750 train_max_dist: 34.1289 train_imax: 124.2266 train_imin: -137.8483 time: 1.6770s
INFO:root:Epoch: 1470 lr: 0.01 train_loss: 44783.2188 train_distortion: 7.9042 train_mapscore: 0.5162 train_c: -0.6579 train_max_dist: 33.5898 train_imax: 124.0273 train_imin: -140.3764 time: 1.6839s
INFO:root:Epoch: 1475 lr: 0.01 train_loss: 49231.3242 train_distortion: 7.5975 train_mapscore: 0.3951 train_c: -0.6431 train_max_dist: 32.9531 train_imax: 122.1066 train_imin: -139.9503 time: 1.6846s
INFO:root:Epoch: 1480 lr: 0.01 train_loss: 59121.6094 train_distortion: 6.0859 train_mapscore: 0.2409 train_c: -0.5990 train_max_dist: 30.1797 train_imax: 107.7539 train_imin: -129.8849 time: 1.6976s
INFO:root:Epoch: 1485 lr: 0.01 train_loss: 64652.3242 train_distortion: 4.3760 train_mapscore: 0.1833 train_c: -0.5453 train_max_dist: 26.6445 train_imax: 89.0370 train_imin: -104.6971 time: 1.7187s
INFO:root:Epoch: 1490 lr: 0.01 train_loss: 66009.8906 train_distortion: 3.0250 train_mapscore: 0.1562 train_c: -0.5028 train_max_dist: 32.0000 train_imax: 71.4888 train_imin: -81.2935 time: 1.7274s
INFO:root:Epoch: 1495 lr: 0.01 train_loss: 66917.9531 train_distortion: 2.1576 train_mapscore: 0.1489 train_c: -0.4734 train_max_dist: 21.4141 train_imax: 59.9398 train_imin: -64.6777 time: 1.7444s
INFO:root:Epoch: 1500 lr: 0.01 train_loss: 65860.2969 train_distortion: 1.7890 train_mapscore: 0.1585 train_c: -0.4688 train_max_dist: 20.4648 train_imax: 52.2821 train_imin: -56.9313 time: 1.7449s
INFO:root:Epoch: 1505 lr: 0.01 train_loss: 66174.2734 train_distortion: 1.5749 train_mapscore: 0.1511 train_c: -0.4616 train_max_dist: 19.8320 train_imax: 48.2509 train_imin: -53.7173 time: 1.7483s
INFO:root:Epoch: 1510 lr: 0.01 train_loss: 65141.6055 train_distortion: 1.5689 train_mapscore: 0.1608 train_c: -0.4714 train_max_dist: 20.0020 train_imax: 46.5520 train_imin: -52.8317 time: 1.7478s
INFO:root:Epoch: 1515 lr: 0.01 train_loss: 64247.7695 train_distortion: 1.6350 train_mapscore: 0.1707 train_c: -0.4833 train_max_dist: 20.3594 train_imax: 46.6385 train_imin: -52.8443 time: 1.7471s
INFO:root:Epoch: 1520 lr: 0.01 train_loss: 62606.8672 train_distortion: 1.8128 train_mapscore: 0.1928 train_c: -0.5050 train_max_dist: 21.1777 train_imax: 47.6775 train_imin: -54.0447 time: 1.7425s
INFO:root:Epoch: 1525 lr: 0.01 train_loss: 82441.5078 train_distortion: 0.8314 train_mapscore: 0.0666 train_c: -0.4377 train_max_dist: 16.4492 train_imax: 30.0698 train_imin: -53.4279 time: 1.9119s
INFO:root:Epoch: 1530 lr: 0.01 train_loss: 91797.8906 train_distortion: 0.2893 train_mapscore: 0.0314 train_c: -0.3540 train_max_dist: 11.6841 train_imax: 17.1891 train_imin: -28.5973 time: 2.1843s
INFO:root:Epoch: 1535 lr: 0.01 train_loss: 94526.2734 train_distortion: 0.1826 train_mapscore: 0.0251 train_c: -0.3043 train_max_dist: 9.2942 train_imax: 11.8688 train_imin: -19.0662 time: 2.2932s
INFO:root:Epoch: 1540 lr: 0.01 train_loss: 95651.0000 train_distortion: 0.1705 train_mapscore: 0.0221 train_c: -0.2748 train_max_dist: 8.0791 train_imax: 9.8266 train_imin: -15.5266 time: 2.3484s
INFO:root:Epoch: 1545 lr: 0.01 train_loss: 96228.7188 train_distortion: 0.1777 train_mapscore: 0.0217 train_c: -0.2576 train_max_dist: 7.3997 train_imax: 8.8847 train_imin: -14.4045 time: 2.3961s
INFO:root:Epoch: 1550 lr: 0.01 train_loss: 96535.4453 train_distortion: 0.1865 train_mapscore: 0.0220 train_c: -0.2475 train_max_dist: 7.0100 train_imax: 8.2994 train_imin: -13.7029 time: 2.4123s
INFO:root:Epoch: 1555 lr: 0.01 train_loss: 96667.1641 train_distortion: 0.1936 train_mapscore: 0.0204 train_c: -0.2418 train_max_dist: 6.7808 train_imax: 7.9115 train_imin: -13.2344 time: 2.4167s
INFO:root:Epoch: 1560 lr: 0.01 train_loss: 96715.4688 train_distortion: 0.1986 train_mapscore: 0.0203 train_c: -0.2388 train_max_dist: 6.6433 train_imax: 7.6427 train_imin: -12.9068 time: 2.4845s
INFO:root:Epoch: 1565 lr: 0.01 train_loss: 96709.7578 train_distortion: 0.2021 train_mapscore: 0.0206 train_c: -0.2373 train_max_dist: 6.5618 train_imax: 7.4478 train_imin: -12.6753 time: 2.4235s
INFO:root:Epoch: 1570 lr: 0.01 train_loss: 96666.5547 train_distortion: 0.2045 train_mapscore: 0.0211 train_c: -0.2368 train_max_dist: 6.5139 train_imax: 7.2909 train_imin: -12.4942 time: 2.4301s
INFO:root:Epoch: 1575 lr: 0.01 train_loss: 96615.5312 train_distortion: 0.2062 train_mapscore: 0.0221 train_c: -0.2369 train_max_dist: 10.0000 train_imax: 7.1629 train_imin: -12.3473 time: 2.4188s
INFO:root:Epoch: 1580 lr: 0.01 train_loss: 96558.6719 train_distortion: 0.2075 train_mapscore: 0.0232 train_c: -0.2372 train_max_dist: 6.4667 train_imax: 7.0584 train_imin: -12.2288 time: 2.4094s
INFO:root:Epoch: 1585 lr: 0.01 train_loss: 96493.2812 train_distortion: 0.2086 train_mapscore: 0.0234 train_c: -0.2377 train_max_dist: 6.4540 train_imax: 6.9547 train_imin: -12.1186 time: 2.4038s
INFO:root:Epoch: 1590 lr: 0.01 train_loss: 96433.1562 train_distortion: 0.2090 train_mapscore: 0.0238 train_c: -0.2384 train_max_dist: 6.4526 train_imax: 6.8914 train_imin: -12.0718 time: 2.4058s
INFO:root:Epoch: 1595 lr: 0.01 train_loss: 96371.3828 train_distortion: 0.2092 train_mapscore: 0.0256 train_c: -0.2391 train_max_dist: 6.4567 train_imax: 6.8362 train_imin: -12.0277 time: 2.4234s
INFO:root:Epoch: 1600 lr: 0.01 train_loss: 96310.5938 train_distortion: 0.2093 train_mapscore: 0.0262 train_c: -0.2398 train_max_dist: 6.4634 train_imax: 6.7925 train_imin: -11.9919 time: 2.4160s
INFO:root:Epoch: 1605 lr: 0.01 train_loss: 96245.2266 train_distortion: 0.2094 train_mapscore: 0.0261 train_c: -0.2406 train_max_dist: 6.4757 train_imax: 6.7485 train_imin: -11.9527 time: 2.4143s
INFO:root:Epoch: 1610 lr: 0.01 train_loss: 96189.7031 train_distortion: 0.2094 train_mapscore: 0.0264 train_c: -0.2415 train_max_dist: 6.4884 train_imax: 6.7083 train_imin: -11.9208 time: 2.4113s
INFO:root:Epoch: 1615 lr: 0.01 train_loss: 96128.5781 train_distortion: 0.2093 train_mapscore: 0.0276 train_c: -0.2424 train_max_dist: 6.5013 train_imax: 6.6689 train_imin: -11.8885 time: 2.4163s
INFO:root:Epoch: 1620 lr: 0.01 train_loss: 96079.0000 train_distortion: 0.2092 train_mapscore: 0.0284 train_c: -0.2433 train_max_dist: 6.5159 train_imax: 6.6298 train_imin: -11.8618 time: 2.4081s
INFO:root:Epoch: 1625 lr: 0.01 train_loss: 96020.7188 train_distortion: 0.2090 train_mapscore: 0.0294 train_c: -0.2443 train_max_dist: 6.5315 train_imax: 6.5927 train_imin: -11.8341 time: 2.3966s
INFO:root:Epoch: 1630 lr: 0.01 train_loss: 95964.9688 train_distortion: 0.2086 train_mapscore: 0.0295 train_c: -0.2451 train_max_dist: 6.5454 train_imax: 6.5693 train_imin: -11.8236 time: 2.3981s
INFO:root:Epoch: 1635 lr: 0.01 train_loss: 95907.5547 train_distortion: 0.2084 train_mapscore: 0.0309 train_c: -0.2460 train_max_dist: 6.5582 train_imax: 6.5407 train_imin: -11.8000 time: 2.4105s
INFO:root:Epoch: 1640 lr: 0.01 train_loss: 95855.9844 train_distortion: 0.2083 train_mapscore: 0.0306 train_c: -0.2471 train_max_dist: 6.5697 train_imax: 6.5008 train_imin: -11.7635 time: 2.4052s
INFO:root:Epoch: 1645 lr: 0.01 train_loss: 95801.2734 train_distortion: 0.2083 train_mapscore: 0.0319 train_c: -0.2481 train_max_dist: 6.5819 train_imax: 6.4596 train_imin: -11.7245 time: 2.4164s
INFO:root:Epoch: 1650 lr: 0.01 train_loss: 95746.7266 train_distortion: 0.2082 train_mapscore: 0.0312 train_c: -0.2492 train_max_dist: 6.5944 train_imax: 6.4210 train_imin: -11.6917 time: 2.3895s
INFO:root:Epoch: 1655 lr: 0.01 train_loss: 95694.5938 train_distortion: 0.2080 train_mapscore: 0.0327 train_c: -0.2502 train_max_dist: 6.6093 train_imax: 6.3881 train_imin: -11.6655 time: 2.4017s
INFO:root:Epoch: 1660 lr: 0.01 train_loss: 95692.4219 train_distortion: 0.2035 train_mapscore: 0.0271 train_c: -0.2512 train_max_dist: 6.7045 train_imax: 6.6584 train_imin: -12.0306 time: 2.4200s
INFO:root:Epoch: 1665 lr: 0.01 train_loss: 95685.7500 train_distortion: 0.2010 train_mapscore: 0.0266 train_c: -0.2523 train_max_dist: 6.7659 train_imax: 6.8020 train_imin: -12.2323 time: 2.4039s
INFO:root:Epoch: 1670 lr: 0.01 train_loss: 95667.0469 train_distortion: 0.1978 train_mapscore: 0.0255 train_c: -0.2526 train_max_dist: 6.8304 train_imax: 6.9753 train_imin: -12.4938 time: 2.4138s
INFO:root:Epoch: 1675 lr: 0.01 train_loss: 95628.4062 train_distortion: 0.1960 train_mapscore: 0.0257 train_c: -0.2532 train_max_dist: 6.8734 train_imax: 7.0517 train_imin: -12.6264 time: 2.4050s
INFO:root:Epoch: 1680 lr: 0.01 train_loss: 95577.9609 train_distortion: 0.1951 train_mapscore: 0.0271 train_c: -0.2539 train_max_dist: 6.9021 train_imax: 7.0918 train_imin: -12.6811 time: 2.3934s
INFO:root:Epoch: 1685 lr: 0.01 train_loss: 95520.9766 train_distortion: 0.1946 train_mapscore: 0.0278 train_c: -0.2547 train_max_dist: 6.9221 train_imax: 7.1113 train_imin: -12.6898 time: 2.3917s
INFO:root:Epoch: 1690 lr: 0.01 train_loss: 95463.6953 train_distortion: 0.1945 train_mapscore: 0.0283 train_c: -0.2555 train_max_dist: 6.9362 train_imax: 7.1101 train_imin: -12.6643 time: 2.3956s
INFO:root:Epoch: 1695 lr: 0.01 train_loss: 95399.1406 train_distortion: 0.1945 train_mapscore: 0.0296 train_c: -0.2564 train_max_dist: 6.9492 train_imax: 7.0915 train_imin: -12.6299 time: 2.3996s
INFO:root:Epoch: 1700 lr: 0.01 train_loss: 95329.5781 train_distortion: 0.1946 train_mapscore: 0.0311 train_c: -0.2575 train_max_dist: 6.9601 train_imax: 7.0599 train_imin: -12.5745 time: 2.3853s
INFO:root:Epoch: 1705 lr: 0.01 train_loss: 95265.4219 train_distortion: 0.1947 train_mapscore: 0.0322 train_c: -0.2584 train_max_dist: 6.9718 train_imax: 7.0278 train_imin: -12.5267 time: 2.3916s
INFO:root:Epoch: 1710 lr: 0.01 train_loss: 95201.1250 train_distortion: 0.1947 train_mapscore: 0.0328 train_c: -0.2594 train_max_dist: 6.9839 train_imax: 6.9987 train_imin: -12.4890 time: 2.3844s
INFO:root:Epoch: 1715 lr: 0.01 train_loss: 95142.0469 train_distortion: 0.1946 train_mapscore: 0.0343 train_c: -0.2603 train_max_dist: 6.9995 train_imax: 6.9817 train_imin: -12.4644 time: 2.3764s
INFO:root:Epoch: 1720 lr: 0.01 train_loss: 95085.5625 train_distortion: 0.1943 train_mapscore: 0.0340 train_c: -0.2611 train_max_dist: 7.0055 train_imax: 6.9717 train_imin: -12.4628 time: 2.3877s
INFO:root:Epoch: 1725 lr: 0.01 train_loss: 95037.3438 train_distortion: 0.1940 train_mapscore: 0.0347 train_c: -0.2620 train_max_dist: 7.0162 train_imax: 6.9632 train_imin: -12.4527 time: 2.3922s
INFO:root:Epoch: 1730 lr: 0.01 train_loss: 94979.8125 train_distortion: 0.1938 train_mapscore: 0.0360 train_c: -0.2628 train_max_dist: 7.0289 train_imax: 6.9514 train_imin: -12.4427 time: 2.3780s
INFO:root:Epoch: 1735 lr: 0.01 train_loss: 94927.2344 train_distortion: 0.1938 train_mapscore: 0.0386 train_c: -0.2638 train_max_dist: 7.0389 train_imax: 6.9302 train_imin: -12.4084 time: 2.3715s
INFO:root:Epoch: 1740 lr: 0.01 train_loss: 94871.2500 train_distortion: 0.1939 train_mapscore: 0.0391 train_c: -0.2646 train_max_dist: 7.0455 train_imax: 6.8999 train_imin: -12.3682 time: 2.3703s
INFO:root:Epoch: 1745 lr: 0.01 train_loss: 94809.9453 train_distortion: 0.1937 train_mapscore: 0.0396 train_c: -0.2655 train_max_dist: 7.0618 train_imax: 6.8895 train_imin: -12.3473 time: 2.3648s
INFO:root:Epoch: 1750 lr: 0.01 train_loss: 94750.2812 train_distortion: 0.1930 train_mapscore: 0.0395 train_c: -0.2663 train_max_dist: 7.0859 train_imax: 6.9168 train_imin: -12.3535 time: 2.3625s
INFO:root:Epoch: 1755 lr: 0.01 train_loss: 94693.2344 train_distortion: 0.1924 train_mapscore: 0.0408 train_c: -0.2671 train_max_dist: 7.1091 train_imax: 6.9379 train_imin: -12.3667 time: 2.3607s
INFO:root:Epoch: 1760 lr: 0.01 train_loss: 94640.1875 train_distortion: 0.1920 train_mapscore: 0.0418 train_c: -0.2679 train_max_dist: 7.1301 train_imax: 6.9496 train_imin: -12.3766 time: 2.3627s
INFO:root:Epoch: 1765 lr: 0.01 train_loss: 94588.5703 train_distortion: 0.1916 train_mapscore: 0.0433 train_c: -0.2687 train_max_dist: 7.1494 train_imax: 6.9545 train_imin: -12.3792 time: 2.3635s
INFO:root:Epoch: 1770 lr: 0.01 train_loss: 94528.7188 train_distortion: 0.1913 train_mapscore: 0.0460 train_c: -0.2696 train_max_dist: 7.1681 train_imax: 6.9552 train_imin: -12.3805 time: 2.3662s
INFO:root:Epoch: 1775 lr: 0.01 train_loss: 94472.9297 train_distortion: 0.1909 train_mapscore: 0.0454 train_c: -0.2703 train_max_dist: 7.1869 train_imax: 6.9646 train_imin: -12.3950 time: 2.3626s
INFO:root:Epoch: 1780 lr: 0.01 train_loss: 94418.9766 train_distortion: 0.1905 train_mapscore: 0.0455 train_c: -0.2712 train_max_dist: 7.2091 train_imax: 6.9617 train_imin: -12.3993 time: 2.3560s
INFO:root:Epoch: 1785 lr: 0.01 train_loss: 94370.3438 train_distortion: 0.1895 train_mapscore: 0.0443 train_c: -0.2718 train_max_dist: 8.0000 train_imax: 7.0147 train_imin: -12.4915 time: 2.3664s
INFO:root:Epoch: 1790 lr: 0.01 train_loss: 94333.5000 train_distortion: 0.1882 train_mapscore: 0.0433 train_c: -0.2723 train_max_dist: 7.2897 train_imax: 7.0923 train_imin: -12.6307 time: 2.3541s
INFO:root:Epoch: 1795 lr: 0.01 train_loss: 94284.2578 train_distortion: 0.1875 train_mapscore: 0.0418 train_c: -0.2730 train_max_dist: 7.3228 train_imax: 7.1309 train_imin: -12.7039 time: 2.3594s
INFO:root:Epoch: 1800 lr: 0.01 train_loss: 94229.6016 train_distortion: 0.1869 train_mapscore: 0.0438 train_c: -0.2737 train_max_dist: 7.3489 train_imax: 7.1513 train_imin: -12.7477 time: 2.3485s
INFO:root:Epoch: 1805 lr: 0.01 train_loss: 94177.4375 train_distortion: 0.1865 train_mapscore: 0.0448 train_c: -0.2745 train_max_dist: 7.3713 train_imax: 7.1680 train_imin: -12.7758 time: 2.3707s
INFO:root:Epoch: 1810 lr: 0.01 train_loss: 94122.2812 train_distortion: 0.1860 train_mapscore: 0.0448 train_c: -0.2751 train_max_dist: 7.3936 train_imax: 7.1949 train_imin: -12.8080 time: 2.3523s
INFO:root:Epoch: 1815 lr: 0.01 train_loss: 94068.5781 train_distortion: 0.1856 train_mapscore: 0.0470 train_c: -0.2759 train_max_dist: 7.4144 train_imax: 7.2184 train_imin: -12.8292 time: 2.3517s
INFO:root:Epoch: 1820 lr: 0.01 train_loss: 94012.8672 train_distortion: 0.1856 train_mapscore: 0.0440 train_c: -0.2772 train_max_dist: 7.4364 train_imax: 7.1985 train_imin: -12.8005 time: 2.3464s
INFO:root:Epoch: 1825 lr: 0.01 train_loss: 93964.9844 train_distortion: 0.1855 train_mapscore: 0.0432 train_c: -0.2784 train_max_dist: 7.4575 train_imax: 7.1825 train_imin: -12.7758 time: 2.3510s
INFO:root:Epoch: 1830 lr: 0.01 train_loss: 93906.6562 train_distortion: 0.1855 train_mapscore: 0.0442 train_c: -0.2795 train_max_dist: 7.4763 train_imax: 7.1724 train_imin: -12.7566 time: 2.3464s
INFO:root:Epoch: 1835 lr: 0.01 train_loss: 93849.4141 train_distortion: 0.1854 train_mapscore: 0.0454 train_c: -0.2806 train_max_dist: 7.4966 train_imax: 7.1591 train_imin: -12.7430 time: 2.3476s
INFO:root:Epoch: 1840 lr: 0.01 train_loss: 93794.0703 train_distortion: 0.1852 train_mapscore: 0.0469 train_c: -0.2816 train_max_dist: 8.0000 train_imax: 7.1570 train_imin: -12.7391 time: 2.3513s
INFO:root:Epoch: 1845 lr: 0.01 train_loss: 93732.4844 train_distortion: 0.1850 train_mapscore: 0.0494 train_c: -0.2826 train_max_dist: 7.5391 train_imax: 7.1558 train_imin: -12.7386 time: 2.3520s
INFO:root:Epoch: 1850 lr: 0.01 train_loss: 93674.8359 train_distortion: 0.1848 train_mapscore: 0.0504 train_c: -0.2835 train_max_dist: 10.0000 train_imax: 7.1597 train_imin: -12.7443 time: 2.3382s
INFO:root:Epoch: 1855 lr: 0.01 train_loss: 93617.0000 train_distortion: 0.1846 train_mapscore: 0.0525 train_c: -0.2844 train_max_dist: 7.5806 train_imax: 7.1582 train_imin: -12.7466 time: 2.3629s
INFO:root:Epoch: 1860 lr: 0.01 train_loss: 93562.5625 train_distortion: 0.1840 train_mapscore: 0.0504 train_c: -0.2852 train_max_dist: 7.6116 train_imax: 7.2042 train_imin: -12.8051 time: 2.3423s
INFO:root:Epoch: 1865 lr: 0.01 train_loss: 93515.4219 train_distortion: 0.1831 train_mapscore: 0.0467 train_c: -0.2858 train_max_dist: 7.6533 train_imax: 7.2886 train_imin: -12.9170 time: 2.3430s
INFO:root:Epoch: 1870 lr: 0.01 train_loss: 93457.0000 train_distortion: 0.1825 train_mapscore: 0.0467 train_c: -0.2864 train_max_dist: 7.6877 train_imax: 7.3427 train_imin: -12.9898 time: 2.3292s
INFO:root:Epoch: 1875 lr: 0.01 train_loss: 93399.4766 train_distortion: 0.1821 train_mapscore: 0.0500 train_c: -0.2872 train_max_dist: 7.7158 train_imax: 7.3759 train_imin: -13.0380 time: 2.3322s
INFO:root:Epoch: 1880 lr: 0.01 train_loss: 93334.1016 train_distortion: 0.1817 train_mapscore: 0.0530 train_c: -0.2880 train_max_dist: 8.0000 train_imax: 7.3963 train_imin: -13.0711 time: 2.3338s
INFO:root:Epoch: 1885 lr: 0.01 train_loss: 93276.3594 train_distortion: 0.1814 train_mapscore: 0.0545 train_c: -0.2888 train_max_dist: 7.7703 train_imax: 7.4226 train_imin: -13.1104 time: 2.3360s
INFO:root:Epoch: 1890 lr: 0.01 train_loss: 93218.2734 train_distortion: 0.1811 train_mapscore: 0.0559 train_c: -0.2896 train_max_dist: 7.7949 train_imax: 7.4408 train_imin: -13.1401 time: 2.3189s
INFO:root:Epoch: 1895 lr: 0.01 train_loss: 93164.7031 train_distortion: 0.1810 train_mapscore: 0.0557 train_c: -0.2904 train_max_dist: 7.8097 train_imax: 7.4261 train_imin: -13.1318 time: 2.3147s
INFO:root:Epoch: 1900 lr: 0.01 train_loss: 93195.0703 train_distortion: 0.1837 train_mapscore: 0.0410 train_c: -0.2911 train_max_dist: 7.7375 train_imax: 7.0478 train_imin: -12.5719 time: 2.3084s
INFO:root:Epoch: 1905 lr: 0.01 train_loss: 93344.5625 train_distortion: 0.1879 train_mapscore: 0.0342 train_c: -0.2915 train_max_dist: 7.6360 train_imax: 6.5727 train_imin: -13.3311 time: 2.3357s
INFO:root:Epoch: 1910 lr: 0.01 train_loss: 93494.0859 train_distortion: 0.1857 train_mapscore: 0.0309 train_c: -0.2908 train_max_dist: 10.0000 train_imax: 6.7323 train_imin: -15.5550 time: 2.3019s
INFO:root:Epoch: 1915 lr: 0.01 train_loss: 93570.4375 train_distortion: 0.1845 train_mapscore: 0.0291 train_c: -0.2909 train_max_dist: 7.7400 train_imax: 6.7943 train_imin: -16.4512 time: 2.3288s
INFO:root:Epoch: 1920 lr: 0.01 train_loss: 93581.5625 train_distortion: 0.1840 train_mapscore: 0.0289 train_c: -0.2913 train_max_dist: 7.7666 train_imax: 6.8024 train_imin: -16.8526 time: 2.3232s
INFO:root:Epoch: 1925 lr: 0.01 train_loss: 93553.3281 train_distortion: 0.1838 train_mapscore: 0.0294 train_c: -0.2920 train_max_dist: 7.7827 train_imax: 6.7756 train_imin: -17.0226 time: 2.3117s
INFO:root:Epoch: 1930 lr: 0.01 train_loss: 93507.9922 train_distortion: 0.1838 train_mapscore: 0.0307 train_c: -0.2928 train_max_dist: 7.7937 train_imax: 6.7359 train_imin: -17.0758 time: 2.3078s
INFO:root:Epoch: 1935 lr: 0.01 train_loss: 93440.1562 train_distortion: 0.1840 train_mapscore: 0.0311 train_c: -0.2937 train_max_dist: 7.8000 train_imax: 6.7014 train_imin: -17.0598 time: 2.3260s
INFO:root:Epoch: 1940 lr: 0.01 train_loss: 93396.0781 train_distortion: 0.1835 train_mapscore: 0.0305 train_c: -0.2940 train_max_dist: 7.8153 train_imax: 6.7443 train_imin: -17.1349 time: 2.3035s
INFO:root:Epoch: 1945 lr: 0.01 train_loss: 93348.2578 train_distortion: 0.1832 train_mapscore: 0.0307 train_c: -0.2945 train_max_dist: 7.8293 train_imax: 6.7825 train_imin: -17.1819 time: 2.3011s
INFO:root:Epoch: 1950 lr: 0.01 train_loss: 93281.7188 train_distortion: 0.1831 train_mapscore: 0.0311 train_c: -0.2952 train_max_dist: 7.8407 train_imax: 6.8024 train_imin: -17.1806 time: 2.2972s
INFO:root:Epoch: 1955 lr: 0.01 train_loss: 93213.8906 train_distortion: 0.1831 train_mapscore: 0.0323 train_c: -0.2960 train_max_dist: 7.8517 train_imax: 6.8146 train_imin: -17.1538 time: 2.3068s
INFO:root:Epoch: 1960 lr: 0.01 train_loss: 93144.7656 train_distortion: 0.1831 train_mapscore: 0.0330 train_c: -0.2969 train_max_dist: 7.8643 train_imax: 6.8237 train_imin: -17.1244 time: 2.3076s
INFO:root:Epoch: 1965 lr: 0.01 train_loss: 93073.7656 train_distortion: 0.1831 train_mapscore: 0.0333 train_c: -0.2979 train_max_dist: 7.8772 train_imax: 6.8287 train_imin: -17.0979 time: 2.3052s
INFO:root:Epoch: 1970 lr: 0.01 train_loss: 93010.2656 train_distortion: 0.1830 train_mapscore: 0.0337 train_c: -0.2988 train_max_dist: 7.8934 train_imax: 6.8383 train_imin: -17.0893 time: 2.2910s
INFO:root:Epoch: 1975 lr: 0.01 train_loss: 92940.2500 train_distortion: 0.1828 train_mapscore: 0.0362 train_c: -0.2997 train_max_dist: 7.9138 train_imax: 6.8606 train_imin: -17.1026 time: 2.3151s
INFO:root:Epoch: 1980 lr: 0.01 train_loss: 92941.8516 train_distortion: 0.1844 train_mapscore: 0.0326 train_c: -0.3000 train_max_dist: 7.8479 train_imax: 6.6885 train_imin: -16.7155 time: 2.2997s
INFO:root:Epoch: 1985 lr: 0.01 train_loss: 92955.0781 train_distortion: 0.1864 train_mapscore: 0.0326 train_c: -0.3002 train_max_dist: 7.7742 train_imax: 6.4982 train_imin: -16.2949 time: 2.3086s
INFO:root:Epoch: 1990 lr: 0.01 train_loss: 92941.1562 train_distortion: 0.1875 train_mapscore: 0.0331 train_c: -0.3009 train_max_dist: 7.7399 train_imax: 6.3947 train_imin: -16.0597 time: 2.3025s
INFO:root:Epoch: 1995 lr: 0.01 train_loss: 92907.3594 train_distortion: 0.1882 train_mapscore: 0.0330 train_c: -0.3018 train_max_dist: 7.7278 train_imax: 6.3277 train_imin: -15.9099 time: 2.2943s
INFO:root:Epoch: 2000 lr: 0.0025 train_loss: 92855.7422 train_distortion: 0.1885 train_mapscore: 0.0335 train_c: -0.3029 train_max_dist: 7.7308 train_imax: 6.2865 train_imin: -15.8256 time: 2.2897s
INFO:root:Optimization Finished!
INFO:root:Total time elapsed: 3616.2730s
INFO:root:Val set results: val_distortion: 1.0000 val_mapscore: -1.0000 val_c: -1.0000 val_max_dist: 0.0000
INFO:root:Test set results: test_loss: 92842.3906 test_distortion: 0.1885 test_mapscore: 0.0338 test_c: -0.3031 test_max_dist: 7.7325 test_imax: 6.2825 test_imin: -15.8131
INFO:root:Saved model in /workspace/xiongbo/hgcn/logs/md/2021_4_29/57
