INFO:root:Using: cuda:0
INFO:root:Using seed 1234.
INFO:root:MDModel(
  (encoder): HGCN(
    (layers): Sequential(
      (0): HyperbolicGraphConvolution(
        (linear): HypLinear(
          in_features=3032, out_features=10, c=Parameter containing:
          tensor([-1.], requires_grad=True)
        )
        (agg): HypAgg(
          c=Parameter containing:
          tensor([-1.], requires_grad=True)
        )
        (hyp_act): HypAct(
          c_in=Parameter containing:
          tensor([-1.], requires_grad=True), c_out=Parameter containing:
          tensor([-1.], requires_grad=True)
        )
      )
    )
  )
  (decoder): MDDecoder()
)
INFO:root:Total number of parameters: 30332
/workspace/anaconda3/envs/geo/lib/python3.7/site-packages/torch/optim/lr_scheduler.py:370: UserWarning: To get the last learning rate computed by the scheduler, please use `get_last_lr()`.
  "please use `get_last_lr()`.", UserWarning)
INFO:root:Epoch: 0005 lr: 0.01 train_loss: 96771.7812 train_distortion: 0.6384 train_mapscore: 0.1352 train_c: -1.0388 train_max_dist: 2.4142 train_imax: -0.0000 train_imin: -2.0717 time: 1.8580s
INFO:root:Epoch: 0010 lr: 0.01 train_loss: 92504.6484 train_distortion: 0.5396 train_mapscore: 0.2761 train_c: -1.0882 train_max_dist: 4.5924 train_imax: -0.0000 train_imin: -2.4872 time: 1.7278s
INFO:root:Epoch: 0015 lr: 0.01 train_loss: 88207.0000 train_distortion: 0.4451 train_mapscore: 0.3961 train_c: -1.1407 train_max_dist: 7.1698 train_imax: -0.0000 train_imin: -3.2835 time: 1.6758s
INFO:root:Epoch: 0020 lr: 0.01 train_loss: 83171.7344 train_distortion: 0.3479 train_mapscore: 0.4789 train_c: -1.1960 train_max_dist: 10.0438 train_imax: 0.1347 train_imin: -3.8090 time: 1.6306s
INFO:root:Epoch: 0025 lr: 0.01 train_loss: 77429.3594 train_distortion: 0.2569 train_mapscore: 0.5215 train_c: -1.2539 train_max_dist: 13.0664 train_imax: 0.7753 train_imin: -4.5982 time: 1.6291s
INFO:root:Epoch: 0030 lr: 0.01 train_loss: 70786.9609 train_distortion: 0.1899 train_mapscore: 0.5276 train_c: -1.3141 train_max_dist: 16.0432 train_imax: 1.0527 train_imin: -6.1332 time: 1.6128s
INFO:root:Epoch: 0035 lr: 0.01 train_loss: 62999.2617 train_distortion: 0.1848 train_mapscore: 0.5022 train_c: -1.3764 train_max_dist: 19.4862 train_imax: 2.8609 train_imin: -8.1504 time: 1.5879s
INFO:root:Epoch: 0040 lr: 0.01 train_loss: 53980.5859 train_distortion: 0.3261 train_mapscore: 0.5023 train_c: -1.4403 train_max_dist: 23.6030 train_imax: 3.2971 train_imin: -11.1056 time: 1.5840s
INFO:root:Epoch: 0045 lr: 0.01 train_loss: 44338.5742 train_distortion: 0.8061 train_mapscore: 0.5479 train_c: -1.5043 train_max_dist: 29.2169 train_imax: 9.0630 train_imin: -15.2831 time: 1.5770s
INFO:root:Epoch: 0050 lr: 0.01 train_loss: 36095.5938 train_distortion: 1.9789 train_mapscore: 0.6379 train_c: -1.5646 train_max_dist: 35.6411 train_imax: 10.7457 train_imin: -21.2563 time: 1.5788s
INFO:root:Epoch: 0055 lr: 0.01 train_loss: 29804.9414 train_distortion: 4.1644 train_mapscore: 0.7370 train_c: -1.6158 train_max_dist: 41.9048 train_imax: 20.7165 train_imin: -28.7482 time: 1.5763s
INFO:root:Epoch: 0060 lr: 0.01 train_loss: 28741.7773 train_distortion: 7.1214 train_mapscore: 0.7767 train_c: -1.6532 train_max_dist: 47.7344 train_imax: 2.1656 train_imin: -41.0345 time: 1.5879s
INFO:root:Epoch: 0065 lr: 0.01 train_loss: 30470.8945 train_distortion: 9.4496 train_mapscore: 0.7923 train_c: -1.6734 train_max_dist: 51.3320 train_imax: 4.1824 train_imin: -56.1001 time: 1.5873s
INFO:root:Epoch: 0070 lr: 0.01 train_loss: 29617.9492 train_distortion: 9.7342 train_mapscore: 0.8112 train_c: -1.6766 train_max_dist: 51.5449 train_imax: 3.5472 train_imin: -55.2803 time: 1.5928s
INFO:root:Epoch: 0075 lr: 0.01 train_loss: 27406.9062 train_distortion: 8.6110 train_mapscore: 0.8396 train_c: -1.6696 train_max_dist: 49.5459 train_imax: 2.2223 train_imin: -47.2130 time: 1.5883s
INFO:root:Epoch: 0080 lr: 0.01 train_loss: 26200.3789 train_distortion: 7.6143 train_mapscore: 0.8539 train_c: -1.6615 train_max_dist: 47.7920 train_imax: 2.6951 train_imin: -40.1566 time: 1.5895s
INFO:root:Epoch: 0085 lr: 0.01 train_loss: 25312.8750 train_distortion: 7.3675 train_mapscore: 0.8617 train_c: -1.6564 train_max_dist: 46.8896 train_imax: 0.8566 train_imin: -36.8964 time: 1.5841s
INFO:root:Epoch: 0090 lr: 0.01 train_loss: 23347.0586 train_distortion: 7.8512 train_mapscore: 0.8824 train_c: -1.6554 train_max_dist: 47.8252 train_imax: 1.0021 train_imin: -36.1928 time: 1.5812s
INFO:root:Epoch: 0095 lr: 0.01 train_loss: 22227.1582 train_distortion: 8.8056 train_mapscore: 0.8945 train_c: -1.6571 train_max_dist: 49.2871 train_imax: 0.5433 train_imin: -36.8228 time: 1.5815s
INFO:root:Epoch: 0100 lr: 0.01 train_loss: 21586.0996 train_distortion: 9.8009 train_mapscore: 0.9054 train_c: -1.6583 train_max_dist: 50.7773 train_imax: 3.7385 train_imin: -37.8298 time: 1.5773s
INFO:root:Epoch: 0105 lr: 0.01 train_loss: 21350.0996 train_distortion: 10.1011 train_mapscore: 0.9070 train_c: -1.6585 train_max_dist: 51.0029 train_imax: 1.2570 train_imin: -37.3898 time: 1.5755s
INFO:root:Epoch: 0110 lr: 0.01 train_loss: 25948.8555 train_distortion: 10.2155 train_mapscore: 0.8546 train_c: -1.6504 train_max_dist: 51.0654 train_imax: 42.0257 train_imin: -44.1215 time: 1.5820s
INFO:root:Epoch: 0115 lr: 0.01 train_loss: 24769.0156 train_distortion: 9.4287 train_mapscore: 0.8719 train_c: -1.6426 train_max_dist: 50.1729 train_imax: 30.0066 train_imin: -57.7173 time: 1.6149s
INFO:root:Epoch: 0120 lr: 0.01 train_loss: 23530.8672 train_distortion: 8.7538 train_mapscore: 0.8856 train_c: -1.6369 train_max_dist: 49.3867 train_imax: 22.8152 train_imin: -62.3948 time: 1.6245s
INFO:root:Epoch: 0125 lr: 0.01 train_loss: 33676.0938 train_distortion: 8.8853 train_mapscore: 0.7325 train_c: -1.6116 train_max_dist: 49.3770 train_imax: 65.0658 train_imin: -40.6607 time: 1.6246s
INFO:root:Epoch: 0130 lr: 0.01 train_loss: 36685.4766 train_distortion: 7.8754 train_mapscore: 0.6633 train_c: -1.5897 train_max_dist: 47.4482 train_imax: 75.9309 train_imin: -30.9289 time: 1.6400s
INFO:root:Epoch: 0135 lr: 0.01 train_loss: 35456.1250 train_distortion: 6.7850 train_mapscore: 0.6680 train_c: -1.5740 train_max_dist: 45.4551 train_imax: 67.9880 train_imin: -32.2313 time: 1.6486s
INFO:root:Epoch: 0140 lr: 0.01 train_loss: 33823.7812 train_distortion: 6.2488 train_mapscore: 0.6899 train_c: -1.5651 train_max_dist: 44.4277 train_imax: 63.2490 train_imin: -31.9830 time: 1.6422s
INFO:root:Epoch: 0145 lr: 0.01 train_loss: 31439.8457 train_distortion: 6.3196 train_mapscore: 0.7233 train_c: -1.5641 train_max_dist: 44.5781 train_imax: 62.9060 train_imin: -32.9532 time: 1.6376s
INFO:root:Epoch: 0150 lr: 0.01 train_loss: 28966.6973 train_distortion: 6.8813 train_mapscore: 0.7577 train_c: -1.5692 train_max_dist: 45.5791 train_imax: 65.6319 train_imin: -34.4859 time: 1.6358s
INFO:root:Epoch: 0155 lr: 0.01 train_loss: 26629.8828 train_distortion: 7.7690 train_mapscore: 0.7906 train_c: -1.5776 train_max_dist: 46.9766 train_imax: 70.6226 train_imin: -36.0789 time: 1.5979s
INFO:root:Epoch: 0160 lr: 0.01 train_loss: 24702.9336 train_distortion: 8.7607 train_mapscore: 0.8192 train_c: -1.5858 train_max_dist: 48.4580 train_imax: 76.4197 train_imin: -38.0916 time: 1.5965s
INFO:root:Epoch: 0165 lr: 0.01 train_loss: 23243.1523 train_distortion: 9.6969 train_mapscore: 0.8452 train_c: -1.5925 train_max_dist: 49.6406 train_imax: 81.5130 train_imin: -40.1661 time: 1.5953s
INFO:root:Epoch: 0170 lr: 0.01 train_loss: 21999.6680 train_distortion: 10.4644 train_mapscore: 0.8660 train_c: -1.5970 train_max_dist: 50.5898 train_imax: 86.2009 train_imin: -42.6279 time: 1.5940s
INFO:root:Epoch: 0175 lr: 0.01 train_loss: 20891.7812 train_distortion: 10.9923 train_mapscore: 0.8838 train_c: -1.5993 train_max_dist: 51.3037 train_imax: 89.1637 train_imin: -43.8032 time: 1.5938s
INFO:root:Epoch: 0180 lr: 0.01 train_loss: 20167.9492 train_distortion: 11.3568 train_mapscore: 0.8971 train_c: -1.6002 train_max_dist: 51.7646 train_imax: 91.4698 train_imin: -44.8454 time: 1.5906s
INFO:root:Epoch: 0185 lr: 0.01 train_loss: 19421.7188 train_distortion: 11.6372 train_mapscore: 0.9084 train_c: -1.6005 train_max_dist: 52.1074 train_imax: 93.3059 train_imin: -45.6695 time: 1.5882s
INFO:root:Epoch: 0190 lr: 0.01 train_loss: 18817.7031 train_distortion: 11.8885 train_mapscore: 0.9174 train_c: -1.6003 train_max_dist: 52.4531 train_imax: 95.7115 train_imin: -46.4550 time: 1.5911s
INFO:root:Epoch: 0195 lr: 0.01 train_loss: 18365.6758 train_distortion: 12.1183 train_mapscore: 0.9256 train_c: -1.5996 train_max_dist: 52.6836 train_imax: 97.9721 train_imin: -46.1256 time: 1.5974s
INFO:root:Epoch: 0200 lr: 0.01 train_loss: 17770.2188 train_distortion: 12.3182 train_mapscore: 0.9326 train_c: -1.5989 train_max_dist: 52.9229 train_imax: 99.7288 train_imin: -47.2992 time: 1.5731s
INFO:root:Epoch: 0205 lr: 0.01 train_loss: 17601.5840 train_distortion: 12.5124 train_mapscore: 0.9388 train_c: -1.5980 train_max_dist: 53.1680 train_imax: 101.5676 train_imin: -46.7768 time: 1.5719s
INFO:root:Epoch: 0210 lr: 0.01 train_loss: 17096.9648 train_distortion: 12.6934 train_mapscore: 0.9421 train_c: -1.5971 train_max_dist: 53.3506 train_imax: 103.1237 train_imin: -47.9909 time: 1.5801s
INFO:root:Epoch: 0215 lr: 0.01 train_loss: 16595.2793 train_distortion: 12.8495 train_mapscore: 0.9467 train_c: -1.5960 train_max_dist: 53.5205 train_imax: 104.0841 train_imin: -48.2444 time: 1.5853s
INFO:root:Epoch: 0220 lr: 0.01 train_loss: 16470.6660 train_distortion: 12.9885 train_mapscore: 0.9502 train_c: -1.5946 train_max_dist: 53.6143 train_imax: 104.7182 train_imin: -47.7411 time: 1.5828s
INFO:root:Epoch: 0225 lr: 0.01 train_loss: 16303.9463 train_distortion: 13.1093 train_mapscore: 0.9529 train_c: -1.5931 train_max_dist: 53.7217 train_imax: 106.2986 train_imin: -48.2511 time: 1.5911s
INFO:root:Epoch: 0230 lr: 0.01 train_loss: 16083.0830 train_distortion: 13.2446 train_mapscore: 0.9556 train_c: -1.5916 train_max_dist: 53.8223 train_imax: 107.1523 train_imin: -49.2844 time: 1.5853s
INFO:root:Epoch: 0235 lr: 0.01 train_loss: 15901.0098 train_distortion: 13.3615 train_mapscore: 0.9573 train_c: -1.5898 train_max_dist: 53.9121 train_imax: 108.2474 train_imin: -48.9235 time: 1.5835s
INFO:root:Epoch: 0240 lr: 0.01 train_loss: 15833.3945 train_distortion: 13.4682 train_mapscore: 0.9592 train_c: -1.5880 train_max_dist: 54.0078 train_imax: 108.8857 train_imin: -49.1948 time: 1.5841s
INFO:root:Epoch: 0245 lr: 0.01 train_loss: 15488.8115 train_distortion: 13.5440 train_mapscore: 0.9612 train_c: -1.5861 train_max_dist: 54.0293 train_imax: 109.1877 train_imin: -49.7689 time: 1.5812s
INFO:root:Epoch: 0250 lr: 0.01 train_loss: 15313.6191 train_distortion: 13.6331 train_mapscore: 0.9626 train_c: -1.5842 train_max_dist: 54.1465 train_imax: 110.0883 train_imin: -49.9243 time: 1.5822s
INFO:root:Epoch: 0255 lr: 0.01 train_loss: 16105.4883 train_distortion: 13.7086 train_mapscore: 0.9577 train_c: -1.5818 train_max_dist: 54.1719 train_imax: 111.6389 train_imin: -49.0668 time: 1.5845s
INFO:root:Epoch: 0260 lr: 0.01 train_loss: 16338.0742 train_distortion: 13.5391 train_mapscore: 0.9562 train_c: -1.5786 train_max_dist: 53.9727 train_imax: 110.7714 train_imin: -48.3371 time: 1.5832s
INFO:root:Epoch: 0265 lr: 0.01 train_loss: 15334.6523 train_distortion: 13.3613 train_mapscore: 0.9636 train_c: -1.5745 train_max_dist: 53.6025 train_imax: 109.4818 train_imin: -48.6534 time: 1.5823s
INFO:root:Epoch: 0270 lr: 0.01 train_loss: 16792.7871 train_distortion: 13.1819 train_mapscore: 0.9567 train_c: -1.5712 train_max_dist: 53.4346 train_imax: 108.5543 train_imin: -48.0334 time: 1.5838s
INFO:root:Epoch: 0275 lr: 0.01 train_loss: 16621.9766 train_distortion: 12.7993 train_mapscore: 0.9565 train_c: -1.5674 train_max_dist: 52.6758 train_imax: 106.5371 train_imin: -46.4522 time: 1.5826s
INFO:root:Epoch: 0280 lr: 0.01 train_loss: 16902.3379 train_distortion: 12.6202 train_mapscore: 0.9553 train_c: -1.5639 train_max_dist: 52.1543 train_imax: 105.5977 train_imin: -45.6024 time: 1.5830s
INFO:root:Epoch: 0285 lr: 0.01 train_loss: 16365.6387 train_distortion: 12.4963 train_mapscore: 0.9555 train_c: -1.5612 train_max_dist: 51.8525 train_imax: 104.1618 train_imin: -45.5546 time: 1.5836s
INFO:root:Epoch: 0290 lr: 0.01 train_loss: 15382.3867 train_distortion: 12.6367 train_mapscore: 0.9641 train_c: -1.5592 train_max_dist: 51.9355 train_imax: 105.3895 train_imin: -45.8852 time: 1.5822s
INFO:root:Epoch: 0295 lr: 0.01 train_loss: 14908.1982 train_distortion: 12.9801 train_mapscore: 0.9663 train_c: -1.5582 train_max_dist: 52.3184 train_imax: 107.9966 train_imin: -46.6219 time: 1.5821s
INFO:root:Epoch: 0300 lr: 0.01 train_loss: 14477.4863 train_distortion: 13.4165 train_mapscore: 0.9688 train_c: -1.5575 train_max_dist: 52.7881 train_imax: 110.8099 train_imin: -47.4108 time: 1.6177s
INFO:root:Epoch: 0305 lr: 0.01 train_loss: 14253.0674 train_distortion: 13.8349 train_mapscore: 0.9703 train_c: -1.5561 train_max_dist: 53.2178 train_imax: 114.0993 train_imin: -48.1854 time: 1.6243s
INFO:root:Epoch: 0310 lr: 0.01 train_loss: 14181.6777 train_distortion: 14.0804 train_mapscore: 0.9704 train_c: -1.5536 train_max_dist: 53.4121 train_imax: 115.5493 train_imin: -48.5708 time: 1.6146s
INFO:root:Epoch: 0315 lr: 0.01 train_loss: 13965.0820 train_distortion: 14.1641 train_mapscore: 0.9716 train_c: -1.5505 train_max_dist: 53.4541 train_imax: 116.2719 train_imin: -49.0325 time: 1.6106s
INFO:root:Epoch: 0320 lr: 0.01 train_loss: 13837.9268 train_distortion: 14.1540 train_mapscore: 0.9726 train_c: -1.5469 train_max_dist: 53.4062 train_imax: 116.1991 train_imin: -48.6680 time: 1.6106s
INFO:root:Epoch: 0325 lr: 0.01 train_loss: 14065.3193 train_distortion: 14.1286 train_mapscore: 0.9725 train_c: -1.5429 train_max_dist: 53.2705 train_imax: 116.2556 train_imin: -48.6784 time: 1.6105s
INFO:root:Epoch: 0330 lr: 0.01 train_loss: 13876.2129 train_distortion: 14.0447 train_mapscore: 0.9729 train_c: -1.5387 train_max_dist: 53.1230 train_imax: 116.3661 train_imin: -48.1609 time: 1.6413s
INFO:root:Epoch: 0335 lr: 0.01 train_loss: 13874.2109 train_distortion: 14.0291 train_mapscore: 0.9726 train_c: -1.5350 train_max_dist: 53.0098 train_imax: 116.2114 train_imin: -48.5045 time: 1.5831s
INFO:root:Epoch: 0340 lr: 0.01 train_loss: 13770.3770 train_distortion: 14.0322 train_mapscore: 0.9732 train_c: -1.5315 train_max_dist: 52.9551 train_imax: 116.4282 train_imin: -48.5360 time: 1.5824s
INFO:root:Epoch: 0345 lr: 0.01 train_loss: 13677.8477 train_distortion: 14.0356 train_mapscore: 0.9738 train_c: -1.5276 train_max_dist: 52.8750 train_imax: 116.6707 train_imin: -48.0139 time: 1.5838s
INFO:root:Epoch: 0350 lr: 0.01 train_loss: 13636.9561 train_distortion: 14.0697 train_mapscore: 0.9739 train_c: -1.5243 train_max_dist: 52.7969 train_imax: 116.5665 train_imin: -48.7321 time: 1.5838s
INFO:root:Epoch: 0355 lr: 0.01 train_loss: 13576.9102 train_distortion: 14.1257 train_mapscore: 0.9741 train_c: -1.5207 train_max_dist: 52.7725 train_imax: 117.2467 train_imin: -48.4236 time: 1.5826s
INFO:root:Epoch: 0360 lr: 0.01 train_loss: 13609.4844 train_distortion: 14.1116 train_mapscore: 0.9742 train_c: -1.5165 train_max_dist: 52.6895 train_imax: 118.2326 train_imin: -47.3414 time: 1.5839s
INFO:root:Epoch: 0365 lr: 0.01 train_loss: 13589.0156 train_distortion: 14.1037 train_mapscore: 0.9746 train_c: -1.5121 train_max_dist: 52.5898 train_imax: 118.4233 train_imin: -48.6768 time: 1.5808s
INFO:root:Epoch: 0370 lr: 0.01 train_loss: 13540.0508 train_distortion: 14.0696 train_mapscore: 0.9753 train_c: -1.5080 train_max_dist: 52.4824 train_imax: 116.6753 train_imin: -48.1662 time: 1.5815s
INFO:root:Epoch: 0375 lr: 0.01 train_loss: 13544.0977 train_distortion: 14.0789 train_mapscore: 0.9750 train_c: -1.5040 train_max_dist: 52.4102 train_imax: 118.0736 train_imin: -47.6780 time: 1.5866s
INFO:root:Epoch: 0380 lr: 0.01 train_loss: 13389.6152 train_distortion: 14.0602 train_mapscore: 0.9753 train_c: -1.4997 train_max_dist: 52.2754 train_imax: 118.0077 train_imin: -47.6722 time: 1.5783s
INFO:root:Epoch: 0385 lr: 0.01 train_loss: 13422.2041 train_distortion: 14.0402 train_mapscore: 0.9754 train_c: -1.4956 train_max_dist: 52.2012 train_imax: 116.9830 train_imin: -48.3414 time: 1.5781s
INFO:root:Epoch: 0390 lr: 0.01 train_loss: 13278.2500 train_distortion: 14.0402 train_mapscore: 0.9761 train_c: -1.4913 train_max_dist: 52.1055 train_imax: 117.2862 train_imin: -47.7710 time: 1.5791s
INFO:root:Epoch: 0395 lr: 0.01 train_loss: 13366.9639 train_distortion: 14.0184 train_mapscore: 0.9758 train_c: -1.4871 train_max_dist: 52.0127 train_imax: 117.8358 train_imin: -48.4600 time: 1.5820s
INFO:root:Epoch: 0400 lr: 0.01 train_loss: 13215.0098 train_distortion: 14.0053 train_mapscore: 0.9760 train_c: -1.4828 train_max_dist: 51.8750 train_imax: 117.6748 train_imin: -48.2398 time: 1.5869s
INFO:root:Epoch: 0405 lr: 0.01 train_loss: 13248.0791 train_distortion: 14.0001 train_mapscore: 0.9760 train_c: -1.4785 train_max_dist: 51.8301 train_imax: 117.1972 train_imin: -47.7088 time: 1.6168s
INFO:root:Epoch: 0410 lr: 0.01 train_loss: 13081.0049 train_distortion: 13.9759 train_mapscore: 0.9764 train_c: -1.4739 train_max_dist: 51.7285 train_imax: 117.4279 train_imin: -47.7610 time: 1.5853s
INFO:root:Epoch: 0415 lr: 0.01 train_loss: 13093.2158 train_distortion: 13.9562 train_mapscore: 0.9760 train_c: -1.4694 train_max_dist: 51.5879 train_imax: 117.6164 train_imin: -47.4687 time: 1.5809s
INFO:root:Epoch: 0420 lr: 0.01 train_loss: 13068.3184 train_distortion: 13.9228 train_mapscore: 0.9766 train_c: -1.4648 train_max_dist: 51.4766 train_imax: 116.9035 train_imin: -47.7327 time: 1.5811s
INFO:root:Epoch: 0425 lr: 0.01 train_loss: 13033.9277 train_distortion: 13.9159 train_mapscore: 0.9767 train_c: -1.4601 train_max_dist: 51.3213 train_imax: 117.5838 train_imin: -47.2788 time: 1.5815s
INFO:root:Epoch: 0430 lr: 0.01 train_loss: 13109.6855 train_distortion: 13.8879 train_mapscore: 0.9767 train_c: -1.4555 train_max_dist: 51.1895 train_imax: 118.3293 train_imin: -47.1476 time: 1.5808s
INFO:root:Epoch: 0435 lr: 0.01 train_loss: 13061.8164 train_distortion: 13.8464 train_mapscore: 0.9771 train_c: -1.4513 train_max_dist: 51.0488 train_imax: 116.6621 train_imin: -47.7346 time: 1.5814s
INFO:root:Epoch: 0440 lr: 0.01 train_loss: 12999.5723 train_distortion: 13.8161 train_mapscore: 0.9768 train_c: -1.4469 train_max_dist: 50.9307 train_imax: 115.5635 train_imin: -48.1374 time: 1.5858s
INFO:root:Epoch: 0445 lr: 0.01 train_loss: 12971.4297 train_distortion: 13.8086 train_mapscore: 0.9770 train_c: -1.4416 train_max_dist: 50.8047 train_imax: 116.3078 train_imin: -47.7378 time: 1.5918s
INFO:root:Epoch: 0450 lr: 0.01 train_loss: 12929.6768 train_distortion: 13.8447 train_mapscore: 0.9769 train_c: -1.4371 train_max_dist: 50.7197 train_imax: 117.3123 train_imin: -46.9955 time: 1.5833s
INFO:root:Epoch: 0455 lr: 0.01 train_loss: 12848.1162 train_distortion: 13.8573 train_mapscore: 0.9775 train_c: -1.4321 train_max_dist: 50.6465 train_imax: 117.0732 train_imin: -47.2793 time: 1.5818s
INFO:root:Epoch: 0460 lr: 0.01 train_loss: 12868.5898 train_distortion: 13.8143 train_mapscore: 0.9777 train_c: -1.4268 train_max_dist: 50.5088 train_imax: 117.5017 train_imin: -47.0641 time: 1.5794s
INFO:root:Epoch: 0465 lr: 0.01 train_loss: 12883.8115 train_distortion: 13.7625 train_mapscore: 0.9778 train_c: -1.4218 train_max_dist: 50.3477 train_imax: 116.0425 train_imin: -47.8133 time: 1.5799s
INFO:root:Epoch: 0470 lr: 0.01 train_loss: 12802.2871 train_distortion: 13.7062 train_mapscore: 0.9772 train_c: -1.4162 train_max_dist: 50.1875 train_imax: 116.6228 train_imin: -46.6643 time: 1.6163s
INFO:root:Epoch: 0475 lr: 0.01 train_loss: 12707.2461 train_distortion: 13.6323 train_mapscore: 0.9780 train_c: -1.4104 train_max_dist: 50.0020 train_imax: 115.8743 train_imin: -46.8199 time: 1.6213s
INFO:root:Epoch: 0480 lr: 0.01 train_loss: 12809.1025 train_distortion: 13.5821 train_mapscore: 0.9776 train_c: -1.4050 train_max_dist: 49.8828 train_imax: 115.1040 train_imin: -47.2439 time: 1.6111s
INFO:root:Epoch: 0485 lr: 0.01 train_loss: 12825.3818 train_distortion: 13.5239 train_mapscore: 0.9777 train_c: -1.3989 train_max_dist: 49.6816 train_imax: 116.1556 train_imin: -46.0265 time: 1.6138s
INFO:root:Epoch: 0490 lr: 0.01 train_loss: 12875.1748 train_distortion: 13.4545 train_mapscore: 0.9774 train_c: -1.3931 train_max_dist: 49.4912 train_imax: 114.6035 train_imin: -47.4988 time: 1.6192s
INFO:root:Epoch: 0495 lr: 0.01 train_loss: 12719.2451 train_distortion: 13.3667 train_mapscore: 0.9776 train_c: -1.3869 train_max_dist: 49.3252 train_imax: 114.1637 train_imin: -46.8091 time: 1.6165s
INFO:root:Epoch: 0500 lr: 0.01 train_loss: 12716.2812 train_distortion: 13.3574 train_mapscore: 0.9780 train_c: -1.3808 train_max_dist: 49.1758 train_imax: 114.6586 train_imin: -45.8378 time: 1.6238s
INFO:root:Epoch: 0505 lr: 0.01 train_loss: 12634.4404 train_distortion: 13.3712 train_mapscore: 0.9782 train_c: -1.3756 train_max_dist: 49.0977 train_imax: 114.1305 train_imin: -47.1280 time: 1.5802s
INFO:root:Epoch: 0510 lr: 0.01 train_loss: 12501.1445 train_distortion: 13.3824 train_mapscore: 0.9779 train_c: -1.3696 train_max_dist: 48.9824 train_imax: 114.5635 train_imin: -46.5080 time: 1.5869s
INFO:root:Epoch: 0515 lr: 0.01 train_loss: 12591.1484 train_distortion: 13.3689 train_mapscore: 0.9780 train_c: -1.3637 train_max_dist: 48.8398 train_imax: 114.6449 train_imin: -47.0417 time: 1.5884s
INFO:root:Epoch: 0520 lr: 0.01 train_loss: 12570.0908 train_distortion: 13.3439 train_mapscore: 0.9778 train_c: -1.3576 train_max_dist: 48.7109 train_imax: 114.7353 train_imin: -46.4772 time: 1.5889s
INFO:root:Epoch: 0525 lr: 0.01 train_loss: 12684.6377 train_distortion: 13.2639 train_mapscore: 0.9782 train_c: -1.3513 train_max_dist: 48.5000 train_imax: 113.6906 train_imin: -46.9777 time: 1.5879s
INFO:root:Epoch: 0530 lr: 0.01 train_loss: 12646.2725 train_distortion: 13.1575 train_mapscore: 0.9778 train_c: -1.3449 train_max_dist: 48.2207 train_imax: 112.8506 train_imin: -46.5218 time: 1.5893s
INFO:root:Epoch: 0535 lr: 0.01 train_loss: 12589.9502 train_distortion: 13.0360 train_mapscore: 0.9781 train_c: -1.3376 train_max_dist: 47.9922 train_imax: 112.8000 train_imin: -45.9662 time: 1.5890s
INFO:root:Epoch: 0540 lr: 0.01 train_loss: 12375.9785 train_distortion: 13.0084 train_mapscore: 0.9786 train_c: -1.3315 train_max_dist: 47.8223 train_imax: 112.8618 train_imin: -46.0481 time: 1.5872s
INFO:root:Epoch: 0545 lr: 0.01 train_loss: 12485.9316 train_distortion: 13.0518 train_mapscore: 0.9779 train_c: -1.3258 train_max_dist: 47.7471 train_imax: 113.0403 train_imin: -46.1441 time: 1.5877s
INFO:root:Epoch: 0550 lr: 0.01 train_loss: 12467.6924 train_distortion: 13.0492 train_mapscore: 0.9785 train_c: -1.3197 train_max_dist: 47.6025 train_imax: 112.3115 train_imin: -46.7293 time: 1.5898s
INFO:root:Epoch: 0555 lr: 0.01 train_loss: 12586.3945 train_distortion: 13.0094 train_mapscore: 0.9782 train_c: -1.3133 train_max_dist: 47.4395 train_imax: 112.3327 train_imin: -46.3648 time: 1.5969s
INFO:root:Epoch: 0560 lr: 0.01 train_loss: 12642.2148 train_distortion: 12.8866 train_mapscore: 0.9786 train_c: -1.3061 train_max_dist: 47.1953 train_imax: 112.1428 train_imin: -46.1186 time: 1.5886s
INFO:root:Epoch: 0565 lr: 0.01 train_loss: 12613.1143 train_distortion: 12.7504 train_mapscore: 0.9783 train_c: -1.2989 train_max_dist: 46.8848 train_imax: 111.5617 train_imin: -45.3713 time: 1.5902s
INFO:root:Epoch: 0570 lr: 0.01 train_loss: 12533.1094 train_distortion: 12.6531 train_mapscore: 0.9786 train_c: -1.2927 train_max_dist: 46.6836 train_imax: 110.6809 train_imin: -45.4875 time: 1.5889s
INFO:root:Epoch: 0575 lr: 0.01 train_loss: 12604.0381 train_distortion: 12.6003 train_mapscore: 0.9786 train_c: -1.2862 train_max_dist: 46.4980 train_imax: 110.6963 train_imin: -44.9722 time: 1.5880s
INFO:root:Epoch: 0580 lr: 0.01 train_loss: 12466.7764 train_distortion: 12.6181 train_mapscore: 0.9787 train_c: -1.2812 train_max_dist: 46.4336 train_imax: 110.4751 train_imin: -45.7239 time: 1.5897s
INFO:root:Epoch: 0585 lr: 0.01 train_loss: 12479.4844 train_distortion: 12.6351 train_mapscore: 0.9786 train_c: -1.2754 train_max_dist: 46.2988 train_imax: 111.2090 train_imin: -45.2588 time: 1.5866s
INFO:root:Epoch: 0590 lr: 0.01 train_loss: 12336.7344 train_distortion: 12.6040 train_mapscore: 0.9789 train_c: -1.2706 train_max_dist: 46.1855 train_imax: 110.1517 train_imin: -45.9665 time: 1.5902s
INFO:root:Epoch: 0595 lr: 0.01 train_loss: 12338.9756 train_distortion: 12.5677 train_mapscore: 0.9788 train_c: -1.2645 train_max_dist: 46.0264 train_imax: 110.0997 train_imin: -45.7647 time: 1.5865s
INFO:root:Epoch: 0600 lr: 0.01 train_loss: 12323.6602 train_distortion: 12.5440 train_mapscore: 0.9788 train_c: -1.2593 train_max_dist: 45.8691 train_imax: 110.3229 train_imin: -45.5972 time: 1.5848s
INFO:root:Epoch: 0605 lr: 0.01 train_loss: 12257.2373 train_distortion: 12.4902 train_mapscore: 0.9790 train_c: -1.2530 train_max_dist: 45.7363 train_imax: 110.4484 train_imin: -45.5505 time: 1.5871s
INFO:root:Epoch: 0610 lr: 0.01 train_loss: 12162.2656 train_distortion: 12.4565 train_mapscore: 0.9787 train_c: -1.2477 train_max_dist: 45.5664 train_imax: 109.6995 train_imin: -45.4709 time: 1.5895s
INFO:root:Epoch: 0615 lr: 0.01 train_loss: 12286.4268 train_distortion: 12.4413 train_mapscore: 0.9790 train_c: -1.2427 train_max_dist: 45.4746 train_imax: 109.6999 train_imin: -45.4511 time: 1.5877s
INFO:root:Epoch: 0620 lr: 0.01 train_loss: 20102.7324 train_distortion: 11.1104 train_mapscore: 0.9278 train_c: -1.2379 train_max_dist: 43.7158 train_imax: 98.8745 train_imin: -40.3044 time: 1.5902s
INFO:root:Epoch: 0625 lr: 0.01 train_loss: 20052.8672 train_distortion: 9.3424 train_mapscore: 0.9136 train_c: -1.2283 train_max_dist: 41.3779 train_imax: 86.2649 train_imin: -34.9456 time: 1.5960s
INFO:root:Epoch: 0630 lr: 0.01 train_loss: 19078.9102 train_distortion: 8.5843 train_mapscore: 0.9210 train_c: -1.2298 train_max_dist: 40.3896 train_imax: 80.5426 train_imin: -32.8419 time: 1.5931s
INFO:root:Epoch: 0635 lr: 0.01 train_loss: 17881.1406 train_distortion: 9.0378 train_mapscore: 0.9320 train_c: -1.2455 train_max_dist: 41.1309 train_imax: 83.4573 train_imin: -33.4633 time: 1.5926s
INFO:root:Epoch: 0640 lr: 0.01 train_loss: 16706.3066 train_distortion: 10.1908 train_mapscore: 0.9411 train_c: -1.2670 train_max_dist: 42.8252 train_imax: 90.5127 train_imin: -35.9215 time: 1.6218s
INFO:root:Epoch: 0645 lr: 0.01 train_loss: 15882.5713 train_distortion: 11.3498 train_mapscore: 0.9483 train_c: -1.2850 train_max_dist: 44.3525 train_imax: 97.2799 train_imin: -38.3174 time: 1.6264s
INFO:root:Epoch: 0650 lr: 0.01 train_loss: 15347.5674 train_distortion: 12.0218 train_mapscore: 0.9539 train_c: -1.2940 train_max_dist: 45.2363 train_imax: 100.9596 train_imin: -40.2583 time: 1.6337s
INFO:root:Epoch: 0655 lr: 0.01 train_loss: 14955.7910 train_distortion: 12.1767 train_mapscore: 0.9574 train_c: -1.2958 train_max_dist: 45.4297 train_imax: 101.9073 train_imin: -40.4768 time: 1.6350s
INFO:root:Epoch: 0660 lr: 0.01 train_loss: 14547.9756 train_distortion: 12.0764 train_mapscore: 0.9611 train_c: -1.2930 train_max_dist: 45.3154 train_imax: 101.5036 train_imin: -40.7529 time: 1.6195s
INFO:root:Epoch: 0665 lr: 0.01 train_loss: 14337.3086 train_distortion: 11.9700 train_mapscore: 0.9626 train_c: -1.2884 train_max_dist: 45.1348 train_imax: 101.0582 train_imin: -40.7060 time: 1.6250s
INFO:root:Epoch: 0670 lr: 0.01 train_loss: 14062.6641 train_distortion: 11.9999 train_mapscore: 0.9644 train_c: -1.2836 train_max_dist: 45.0654 train_imax: 101.7189 train_imin: -41.2287 time: 1.6226s
INFO:root:Epoch: 0675 lr: 0.01 train_loss: 13864.7832 train_distortion: 12.1308 train_mapscore: 0.9660 train_c: -1.2797 train_max_dist: 45.1562 train_imax: 102.7580 train_imin: -41.5898 time: 1.5898s
INFO:root:Epoch: 0680 lr: 0.01 train_loss: 13693.5410 train_distortion: 12.2941 train_mapscore: 0.9666 train_c: -1.2743 train_max_dist: 45.1914 train_imax: 104.7200 train_imin: -42.1209 time: 1.5892s
INFO:root:Epoch: 0685 lr: 0.01 train_loss: 13633.6777 train_distortion: 12.4102 train_mapscore: 0.9674 train_c: -1.2688 train_max_dist: 45.2197 train_imax: 105.6118 train_imin: -42.4224 time: 1.5925s
INFO:root:Epoch: 0690 lr: 0.01 train_loss: 13691.9199 train_distortion: 12.4314 train_mapscore: 0.9685 train_c: -1.2618 train_max_dist: 45.1289 train_imax: 105.9837 train_imin: -42.4676 time: 1.5913s
INFO:root:Epoch: 0695 lr: 0.01 train_loss: 13526.9570 train_distortion: 12.3510 train_mapscore: 0.9689 train_c: -1.2534 train_max_dist: 44.9004 train_imax: 106.0463 train_imin: -42.3059 time: 1.5885s
INFO:root:Epoch: 0700 lr: 0.01 train_loss: 13470.4248 train_distortion: 12.2746 train_mapscore: 0.9696 train_c: -1.2452 train_max_dist: 44.7070 train_imax: 105.9024 train_imin: -42.7087 time: 1.5895s
INFO:root:Epoch: 0705 lr: 0.01 train_loss: 13371.2109 train_distortion: 12.1899 train_mapscore: 0.9698 train_c: -1.2369 train_max_dist: 44.5391 train_imax: 105.4288 train_imin: -43.0731 time: 1.5919s
INFO:root:Epoch: 0710 lr: 0.01 train_loss: 13317.9082 train_distortion: 12.1214 train_mapscore: 0.9702 train_c: -1.2286 train_max_dist: 44.4023 train_imax: 105.2118 train_imin: -42.3743 time: 1.5908s
INFO:root:Epoch: 0715 lr: 0.01 train_loss: 13341.5732 train_distortion: 12.0788 train_mapscore: 0.9707 train_c: -1.2198 train_max_dist: 44.2754 train_imax: 106.0652 train_imin: -42.0472 time: 1.5904s
INFO:root:Epoch: 0720 lr: 0.01 train_loss: 13262.8340 train_distortion: 12.0711 train_mapscore: 0.9711 train_c: -1.2127 train_max_dist: 44.1875 train_imax: 106.1520 train_imin: -42.5342 time: 1.5874s
INFO:root:Epoch: 0725 lr: 0.01 train_loss: 13105.8174 train_distortion: 12.0006 train_mapscore: 0.9711 train_c: -1.2043 train_max_dist: 44.0234 train_imax: 105.7802 train_imin: -42.3880 time: 1.5976s
INFO:root:Epoch: 0730 lr: 0.01 train_loss: 13116.9160 train_distortion: 11.9683 train_mapscore: 0.9710 train_c: -1.1969 train_max_dist: 43.9375 train_imax: 105.4966 train_imin: -42.5956 time: 1.5899s
INFO:root:Epoch: 0735 lr: 0.01 train_loss: 12971.8936 train_distortion: 11.9616 train_mapscore: 0.9716 train_c: -1.1892 train_max_dist: 43.8105 train_imax: 106.3715 train_imin: -42.2413 time: 1.5894s
INFO:root:Epoch: 0740 lr: 0.01 train_loss: 13003.8008 train_distortion: 11.9324 train_mapscore: 0.9719 train_c: -1.1815 train_max_dist: 43.6953 train_imax: 106.5824 train_imin: -42.5960 time: 1.5867s
INFO:root:Epoch: 0745 lr: 0.01 train_loss: 12934.5859 train_distortion: 11.8895 train_mapscore: 0.9720 train_c: -1.1744 train_max_dist: 43.5918 train_imax: 106.2548 train_imin: -42.5354 time: 1.5873s
INFO:root:Epoch: 0750 lr: 0.01 train_loss: 12846.2422 train_distortion: 11.8657 train_mapscore: 0.9725 train_c: -1.1669 train_max_dist: 43.4297 train_imax: 106.6896 train_imin: -42.7670 time: 1.5860s
INFO:root:Epoch: 0755 lr: 0.01 train_loss: 12976.6475 train_distortion: 11.8315 train_mapscore: 0.9723 train_c: -1.1601 train_max_dist: 43.2852 train_imax: 105.7521 train_imin: -43.8723 time: 1.5899s
INFO:root:Epoch: 0760 lr: 0.01 train_loss: 12912.3809 train_distortion: 11.7630 train_mapscore: 0.9725 train_c: -1.1526 train_max_dist: 43.0938 train_imax: 106.6899 train_imin: -42.8894 time: 1.5849s
INFO:root:Epoch: 0765 lr: 0.01 train_loss: 12800.5332 train_distortion: 11.6918 train_mapscore: 0.9726 train_c: -1.1451 train_max_dist: 42.9102 train_imax: 106.9120 train_imin: -42.4220 time: 1.5869s
INFO:root:Epoch: 0770 lr: 0.01 train_loss: 12829.1113 train_distortion: 11.6437 train_mapscore: 0.9730 train_c: -1.1386 train_max_dist: 42.7168 train_imax: 106.6685 train_imin: -42.4221 time: 1.5853s
INFO:root:Epoch: 0775 lr: 0.01 train_loss: 12764.2129 train_distortion: 11.5624 train_mapscore: 0.9732 train_c: -1.1319 train_max_dist: 42.5703 train_imax: 105.7471 train_imin: -43.0283 time: 1.5873s
INFO:root:Epoch: 0780 lr: 0.01 train_loss: 12724.4941 train_distortion: 11.5334 train_mapscore: 0.9731 train_c: -1.1255 train_max_dist: 42.3789 train_imax: 105.9945 train_imin: -42.8676 time: 1.5869s
INFO:root:Epoch: 0785 lr: 0.01 train_loss: 12711.7432 train_distortion: 11.5198 train_mapscore: 0.9731 train_c: -1.1195 train_max_dist: 42.3203 train_imax: 106.0112 train_imin: -42.6358 time: 1.5897s
INFO:root:Epoch: 0790 lr: 0.01 train_loss: 12611.9932 train_distortion: 11.5277 train_mapscore: 0.9736 train_c: -1.1143 train_max_dist: 42.2285 train_imax: 106.4961 train_imin: -42.8610 time: 1.5885s
INFO:root:Epoch: 0795 lr: 0.01 train_loss: 12606.7031 train_distortion: 11.5220 train_mapscore: 0.9738 train_c: -1.1088 train_max_dist: 42.1348 train_imax: 106.4381 train_imin: -42.6838 time: 1.5878s
INFO:root:Epoch: 0800 lr: 0.01 train_loss: 12543.7617 train_distortion: 11.4814 train_mapscore: 0.9738 train_c: -1.1027 train_max_dist: 41.9688 train_imax: 106.7259 train_imin: -43.1616 time: 1.5888s
INFO:root:Epoch: 0805 lr: 0.01 train_loss: 12545.8965 train_distortion: 11.4366 train_mapscore: 0.9737 train_c: -1.0970 train_max_dist: 41.8633 train_imax: 106.6311 train_imin: -42.9400 time: 1.5867s
INFO:root:Epoch: 0810 lr: 0.01 train_loss: 12508.2695 train_distortion: 11.4028 train_mapscore: 0.9740 train_c: -1.0919 train_max_dist: 41.7324 train_imax: 106.1971 train_imin: -42.8912 time: 1.6160s
INFO:root:Epoch: 0815 lr: 0.01 train_loss: 12382.2461 train_distortion: 11.3690 train_mapscore: 0.9738 train_c: -1.0863 train_max_dist: 41.6250 train_imax: 106.2738 train_imin: -42.9009 time: 1.6171s
INFO:root:Epoch: 0820 lr: 0.01 train_loss: 12476.5205 train_distortion: 11.3731 train_mapscore: 0.9744 train_c: -1.0817 train_max_dist: 41.5293 train_imax: 106.3396 train_imin: -43.1022 time: 1.6058s
INFO:root:Epoch: 0825 lr: 0.01 train_loss: 12483.3086 train_distortion: 11.3562 train_mapscore: 0.9742 train_c: -1.0767 train_max_dist: 41.4453 train_imax: 106.6738 train_imin: -43.2199 time: 1.6119s
INFO:root:Epoch: 0830 lr: 0.01 train_loss: 12330.4121 train_distortion: 11.3107 train_mapscore: 0.9744 train_c: -1.0715 train_max_dist: 41.3066 train_imax: 106.6540 train_imin: -42.9520 time: 1.6080s
INFO:root:Epoch: 0835 lr: 0.01 train_loss: 12368.6680 train_distortion: 11.2760 train_mapscore: 0.9745 train_c: -1.0670 train_max_dist: 41.2090 train_imax: 106.3472 train_imin: -43.0718 time: 1.6040s
INFO:root:Epoch: 0840 lr: 0.01 train_loss: 12358.8828 train_distortion: 11.2660 train_mapscore: 0.9747 train_c: -1.0624 train_max_dist: 41.1406 train_imax: 107.0945 train_imin: -43.0063 time: 1.6151s
INFO:root:Epoch: 0845 lr: 0.01 train_loss: 12216.3301 train_distortion: 11.2336 train_mapscore: 0.9749 train_c: -1.0581 train_max_dist: 41.0137 train_imax: 106.9308 train_imin: -42.7211 time: 1.5765s
INFO:root:Epoch: 0850 lr: 0.01 train_loss: 12219.7285 train_distortion: 11.2228 train_mapscore: 0.9748 train_c: -1.0540 train_max_dist: 40.9297 train_imax: 106.8066 train_imin: -43.1608 time: 1.5749s
INFO:root:Epoch: 0855 lr: 0.01 train_loss: 12414.9209 train_distortion: 11.2015 train_mapscore: 0.9748 train_c: -1.0495 train_max_dist: 40.8457 train_imax: 106.9392 train_imin: -42.8172 time: 1.5730s
INFO:root:Epoch: 0860 lr: 0.01 train_loss: 12294.4756 train_distortion: 11.1635 train_mapscore: 0.9752 train_c: -1.0456 train_max_dist: 40.7695 train_imax: 106.7497 train_imin: -43.3388 time: 1.5781s
INFO:root:Epoch: 0865 lr: 0.01 train_loss: 12375.7988 train_distortion: 11.1252 train_mapscore: 0.9757 train_c: -1.0411 train_max_dist: 40.6562 train_imax: 106.4601 train_imin: -43.0909 time: 1.5776s
INFO:root:Epoch: 0870 lr: 0.01 train_loss: 12208.8652 train_distortion: 11.0859 train_mapscore: 0.9758 train_c: -1.0378 train_max_dist: 40.5508 train_imax: 106.1555 train_imin: -42.7902 time: 1.5751s
INFO:root:Epoch: 0875 lr: 0.01 train_loss: 12178.6914 train_distortion: 11.0241 train_mapscore: 0.9762 train_c: -1.0334 train_max_dist: 40.4473 train_imax: 106.4801 train_imin: -42.3405 time: 1.5760s
INFO:root:Epoch: 0880 lr: 0.01 train_loss: 12291.6875 train_distortion: 11.0206 train_mapscore: 0.9763 train_c: -1.0310 train_max_dist: 40.4160 train_imax: 105.2324 train_imin: -43.3475 time: 1.5729s
INFO:root:Epoch: 0885 lr: 0.01 train_loss: 12158.6592 train_distortion: 11.0135 train_mapscore: 0.9767 train_c: -1.0282 train_max_dist: 40.3633 train_imax: 106.2942 train_imin: -42.5552 time: 1.5761s
INFO:root:Epoch: 0890 lr: 0.01 train_loss: 12102.2578 train_distortion: 11.0121 train_mapscore: 0.9766 train_c: -1.0253 train_max_dist: 40.3066 train_imax: 106.3668 train_imin: -42.2653 time: 1.5788s
INFO:root:Epoch: 0895 lr: 0.01 train_loss: 12058.0332 train_distortion: 11.0620 train_mapscore: 0.9773 train_c: -1.0242 train_max_dist: 40.3809 train_imax: 106.1883 train_imin: -43.5541 time: 1.5834s
INFO:root:Epoch: 0900 lr: 0.01 train_loss: 11941.4531 train_distortion: 11.0818 train_mapscore: 0.9776 train_c: -1.0216 train_max_dist: 40.3398 train_imax: 106.4966 train_imin: -42.9880 time: 1.5846s
INFO:root:Epoch: 0905 lr: 0.01 train_loss: 11993.4844 train_distortion: 11.0832 train_mapscore: 0.9773 train_c: -1.0191 train_max_dist: 40.3340 train_imax: 106.9939 train_imin: -42.8331 time: 1.5846s
INFO:root:Epoch: 0910 lr: 0.01 train_loss: 12095.7256 train_distortion: 11.0893 train_mapscore: 0.9774 train_c: -1.0171 train_max_dist: 40.3086 train_imax: 107.0172 train_imin: -43.1613 time: 1.5887s
INFO:root:Epoch: 0915 lr: 0.01 train_loss: 11874.2070 train_distortion: 11.0653 train_mapscore: 0.9778 train_c: -1.0149 train_max_dist: 40.2734 train_imax: 106.2856 train_imin: -43.8312 time: 1.5830s
INFO:root:Epoch: 0920 lr: 0.01 train_loss: 11922.8994 train_distortion: 11.0532 train_mapscore: 0.9785 train_c: -1.0127 train_max_dist: 40.2383 train_imax: 106.1945 train_imin: -43.4518 time: 1.5830s
INFO:root:Epoch: 0925 lr: 0.01 train_loss: 11922.3496 train_distortion: 11.0307 train_mapscore: 0.9788 train_c: -1.0102 train_max_dist: 40.1816 train_imax: 106.4914 train_imin: -43.0424 time: 1.5844s
INFO:root:Epoch: 0930 lr: 0.01 train_loss: 11809.9326 train_distortion: 11.0306 train_mapscore: 0.9791 train_c: -1.0087 train_max_dist: 40.1641 train_imax: 106.2622 train_imin: -43.0542 time: 1.5957s
INFO:root:Epoch: 0935 lr: 0.01 train_loss: 11779.8613 train_distortion: 11.0454 train_mapscore: 0.9787 train_c: -1.0069 train_max_dist: 40.1719 train_imax: 106.9187 train_imin: -43.0002 time: 1.5849s
INFO:root:Epoch: 0940 lr: 0.01 train_loss: 11787.8945 train_distortion: 11.0675 train_mapscore: 0.9792 train_c: -1.0061 train_max_dist: 40.1875 train_imax: 106.2429 train_imin: -43.5059 time: 1.5866s
INFO:root:Epoch: 0945 lr: 0.01 train_loss: 11901.0488 train_distortion: 11.0557 train_mapscore: 0.9793 train_c: -1.0044 train_max_dist: 40.1758 train_imax: 106.3138 train_imin: -43.5083 time: 1.5847s
INFO:root:Epoch: 0950 lr: 0.01 train_loss: 11790.3535 train_distortion: 11.0301 train_mapscore: 0.9788 train_c: -1.0025 train_max_dist: 40.1250 train_imax: 105.9433 train_imin: -43.3681 time: 1.5810s
INFO:root:Epoch: 0955 lr: 0.01 train_loss: 11737.2461 train_distortion: 11.0360 train_mapscore: 0.9796 train_c: -1.0013 train_max_dist: 40.1191 train_imax: 106.3212 train_imin: -42.8672 time: 1.5829s
INFO:root:Epoch: 0960 lr: 0.01 train_loss: 11671.2910 train_distortion: 11.0560 train_mapscore: 0.9799 train_c: -1.0008 train_max_dist: 40.1660 train_imax: 106.5510 train_imin: -42.8791 time: 1.5965s
INFO:root:Epoch: 0965 lr: 0.01 train_loss: 11753.0254 train_distortion: 11.0749 train_mapscore: 0.9799 train_c: -1.0004 train_max_dist: 40.1738 train_imax: 105.9967 train_imin: -43.7740 time: 1.5879s
INFO:root:Epoch: 0970 lr: 0.01 train_loss: 11688.2783 train_distortion: 11.0731 train_mapscore: 0.9799 train_c: -0.9996 train_max_dist: 40.1465 train_imax: 106.3112 train_imin: -43.1749 time: 1.5846s
INFO:root:Epoch: 0975 lr: 0.01 train_loss: 11664.5859 train_distortion: 11.0551 train_mapscore: 0.9802 train_c: -0.9982 train_max_dist: 40.0898 train_imax: 106.1080 train_imin: -42.8733 time: 1.5833s
INFO:root:Epoch: 0980 lr: 0.01 train_loss: 11648.1816 train_distortion: 11.0749 train_mapscore: 0.9804 train_c: -0.9985 train_max_dist: 40.1445 train_imax: 106.0993 train_imin: -43.3333 time: 1.6190s
INFO:root:Epoch: 0985 lr: 0.01 train_loss: 11604.0518 train_distortion: 11.0965 train_mapscore: 0.9802 train_c: -0.9977 train_max_dist: 40.1309 train_imax: 106.5086 train_imin: -43.3111 time: 1.6196s
INFO:root:Epoch: 0990 lr: 0.01 train_loss: 11631.2871 train_distortion: 11.1119 train_mapscore: 0.9807 train_c: -0.9974 train_max_dist: 40.1172 train_imax: 105.3956 train_imin: -43.3083 time: 1.6139s
INFO:root:Epoch: 0995 lr: 0.01 train_loss: 11515.1396 train_distortion: 11.1529 train_mapscore: 0.9806 train_c: -0.9974 train_max_dist: 40.1738 train_imax: 105.9536 train_imin: -43.4715 time: 1.6124s
INFO:root:Epoch: 1000 lr: 0.01 train_loss: 11480.9219 train_distortion: 11.1594 train_mapscore: 0.9808 train_c: -0.9967 train_max_dist: 40.1445 train_imax: 107.0409 train_imin: -42.9259 time: 1.6139s
INFO:root:Epoch: 1005 lr: 0.01 train_loss: 11500.7373 train_distortion: 11.1421 train_mapscore: 0.9808 train_c: -0.9954 train_max_dist: 40.1055 train_imax: 106.7197 train_imin: -43.2613 time: 1.6166s
INFO:root:Epoch: 1010 lr: 0.01 train_loss: 11520.1318 train_distortion: 11.1386 train_mapscore: 0.9809 train_c: -0.9956 train_max_dist: 40.0918 train_imax: 105.4291 train_imin: -43.0714 time: 1.6280s
INFO:root:Epoch: 1015 lr: 0.01 train_loss: 11547.6572 train_distortion: 11.1138 train_mapscore: 0.9809 train_c: -0.9942 train_max_dist: 40.0312 train_imax: 105.6473 train_imin: -42.8916 time: 1.5914s
INFO:root:Epoch: 1020 lr: 0.01 train_loss: 11570.0850 train_distortion: 11.1089 train_mapscore: 0.9812 train_c: -0.9943 train_max_dist: 40.0039 train_imax: 105.2838 train_imin: -42.9947 time: 1.5858s
INFO:root:Epoch: 1025 lr: 0.01 train_loss: 11507.6631 train_distortion: 11.0937 train_mapscore: 0.9808 train_c: -0.9939 train_max_dist: 39.9824 train_imax: 105.0238 train_imin: -42.9227 time: 1.5831s
INFO:root:Epoch: 1030 lr: 0.01 train_loss: 11539.2695 train_distortion: 11.0692 train_mapscore: 0.9811 train_c: -0.9928 train_max_dist: 39.9844 train_imax: 105.4799 train_imin: -42.5026 time: 1.5847s
INFO:root:Epoch: 1035 lr: 0.01 train_loss: 11514.9844 train_distortion: 11.0645 train_mapscore: 0.9814 train_c: -0.9927 train_max_dist: 39.9961 train_imax: 105.0868 train_imin: -42.8292 time: 1.5915s
INFO:root:Epoch: 1040 lr: 0.01 train_loss: 11500.9033 train_distortion: 11.0975 train_mapscore: 0.9812 train_c: -0.9933 train_max_dist: 40.0508 train_imax: 104.7730 train_imin: -43.5721 time: 1.6034s
INFO:root:Epoch: 1045 lr: 0.01 train_loss: 11458.6602 train_distortion: 11.1089 train_mapscore: 0.9816 train_c: -0.9933 train_max_dist: 40.0430 train_imax: 105.0606 train_imin: -43.5580 time: 1.5872s
INFO:root:Epoch: 1050 lr: 0.01 train_loss: 11381.5693 train_distortion: 11.1387 train_mapscore: 0.9815 train_c: -0.9935 train_max_dist: 40.0801 train_imax: 105.2228 train_imin: -43.8131 time: 1.5812s
INFO:root:Epoch: 1055 lr: 0.01 train_loss: 11434.3496 train_distortion: 11.1659 train_mapscore: 0.9816 train_c: -0.9938 train_max_dist: 40.0957 train_imax: 105.0392 train_imin: -44.3985 time: 1.5842s
INFO:root:Epoch: 1060 lr: 0.01 train_loss: 11363.0586 train_distortion: 11.1767 train_mapscore: 0.9817 train_c: -0.9940 train_max_dist: 40.0703 train_imax: 105.0300 train_imin: -44.4560 time: 1.5942s
INFO:root:Epoch: 1065 lr: 0.01 train_loss: 11487.4854 train_distortion: 11.1716 train_mapscore: 0.9819 train_c: -0.9936 train_max_dist: 40.0645 train_imax: 104.7471 train_imin: -44.6663 time: 1.5921s
INFO:root:Epoch: 1070 lr: 0.01 train_loss: 11436.4131 train_distortion: 11.1163 train_mapscore: 0.9817 train_c: -0.9923 train_max_dist: 39.9551 train_imax: 104.5093 train_imin: -44.4073 time: 1.5901s
INFO:root:Epoch: 1075 lr: 0.01 train_loss: 11317.0186 train_distortion: 11.1023 train_mapscore: 0.9814 train_c: -0.9928 train_max_dist: 39.9453 train_imax: 104.0746 train_imin: -44.7446 time: 1.5949s
INFO:root:Epoch: 1080 lr: 0.01 train_loss: 11292.0859 train_distortion: 11.1113 train_mapscore: 0.9819 train_c: -0.9930 train_max_dist: 39.9297 train_imax: 103.6479 train_imin: -45.1437 time: 1.5927s
INFO:root:Epoch: 1085 lr: 0.01 train_loss: 11413.0723 train_distortion: 11.1304 train_mapscore: 0.9817 train_c: -0.9925 train_max_dist: 39.9062 train_imax: 104.0354 train_imin: -45.2398 time: 1.5984s
INFO:root:Epoch: 1090 lr: 0.01 train_loss: 11349.7383 train_distortion: 11.1602 train_mapscore: 0.9813 train_c: -0.9936 train_max_dist: 39.9473 train_imax: 103.9938 train_imin: -45.5806 time: 1.5921s
INFO:root:Epoch: 1095 lr: 0.01 train_loss: 11375.6562 train_distortion: 11.1459 train_mapscore: 0.9821 train_c: -0.9934 train_max_dist: 39.9199 train_imax: 103.8502 train_imin: -45.6194 time: 1.5928s
INFO:root:Epoch: 1100 lr: 0.01 train_loss: 11337.2246 train_distortion: 11.1547 train_mapscore: 0.9817 train_c: -0.9940 train_max_dist: 39.9277 train_imax: 103.2097 train_imin: -46.1276 time: 1.5895s
INFO:root:Epoch: 1105 lr: 0.01 train_loss: 11336.8027 train_distortion: 11.1404 train_mapscore: 0.9816 train_c: -0.9933 train_max_dist: 39.9004 train_imax: 103.6814 train_imin: -45.6623 time: 1.5891s
INFO:root:Epoch: 1110 lr: 0.01 train_loss: 11456.6230 train_distortion: 11.1642 train_mapscore: 0.9818 train_c: -0.9935 train_max_dist: 39.8906 train_imax: 103.5902 train_imin: -45.8942 time: 1.5976s
INFO:root:Epoch: 1115 lr: 0.01 train_loss: 11401.6777 train_distortion: 11.1376 train_mapscore: 0.9819 train_c: -0.9933 train_max_dist: 39.8613 train_imax: 103.5123 train_imin: -45.5103 time: 1.5899s
INFO:root:Epoch: 1120 lr: 0.01 train_loss: 11348.5996 train_distortion: 11.0778 train_mapscore: 0.9819 train_c: -0.9929 train_max_dist: 39.7617 train_imax: 102.3117 train_imin: -46.2539 time: 1.5927s
INFO:root:Epoch: 1125 lr: 0.01 train_loss: 11276.6113 train_distortion: 11.0999 train_mapscore: 0.9820 train_c: -0.9937 train_max_dist: 39.7715 train_imax: 102.7751 train_imin: -45.8360 time: 1.5953s
INFO:root:Epoch: 1130 lr: 0.01 train_loss: 11309.2744 train_distortion: 11.1231 train_mapscore: 0.9819 train_c: -0.9944 train_max_dist: 39.7676 train_imax: 101.8423 train_imin: -46.4440 time: 1.5965s
INFO:root:Epoch: 1135 lr: 0.01 train_loss: 11297.5869 train_distortion: 11.1529 train_mapscore: 0.9820 train_c: -0.9944 train_max_dist: 39.7891 train_imax: 102.9748 train_imin: -46.0829 time: 1.5804s
INFO:root:Epoch: 1140 lr: 0.01 train_loss: 11353.3496 train_distortion: 11.2103 train_mapscore: 0.9822 train_c: -0.9955 train_max_dist: 39.8516 train_imax: 102.5626 train_imin: -46.5246 time: 1.5922s
INFO:root:Epoch: 1145 lr: 0.01 train_loss: 11213.7656 train_distortion: 11.2275 train_mapscore: 0.9825 train_c: -0.9953 train_max_dist: 39.8770 train_imax: 103.2703 train_imin: -46.3160 time: 1.5881s
INFO:root:Epoch: 1150 lr: 0.01 train_loss: 11138.4902 train_distortion: 11.2488 train_mapscore: 0.9826 train_c: -0.9957 train_max_dist: 39.8633 train_imax: 102.9552 train_imin: -46.9620 time: 1.6167s
INFO:root:Epoch: 1155 lr: 0.01 train_loss: 11187.8389 train_distortion: 11.2797 train_mapscore: 0.9824 train_c: -0.9957 train_max_dist: 39.8633 train_imax: 102.6868 train_imin: -46.9031 time: 1.6294s
INFO:root:Epoch: 1160 lr: 0.01 train_loss: 11192.0273 train_distortion: 11.2915 train_mapscore: 0.9824 train_c: -0.9953 train_max_dist: 39.8730 train_imax: 102.9681 train_imin: -46.6709 time: 1.6257s
INFO:root:Epoch: 1165 lr: 0.01 train_loss: 11260.8125 train_distortion: 11.2739 train_mapscore: 0.9827 train_c: -0.9945 train_max_dist: 39.8145 train_imax: 102.8691 train_imin: -47.2013 time: 1.6198s
INFO:root:Epoch: 1170 lr: 0.01 train_loss: 11137.5859 train_distortion: 11.2431 train_mapscore: 0.9825 train_c: -0.9938 train_max_dist: 39.7598 train_imax: 102.7408 train_imin: -46.7491 time: 1.6201s
INFO:root:Epoch: 1175 lr: 0.01 train_loss: 11113.8418 train_distortion: 11.2618 train_mapscore: 0.9823 train_c: -0.9937 train_max_dist: 39.7441 train_imax: 102.4009 train_imin: -47.2952 time: 1.6202s
INFO:root:Epoch: 1180 lr: 0.01 train_loss: 11035.9512 train_distortion: 11.2956 train_mapscore: 0.9826 train_c: -0.9937 train_max_dist: 39.7578 train_imax: 102.3162 train_imin: -47.2635 time: 1.6624s
INFO:root:Epoch: 1185 lr: 0.01 train_loss: 11106.2734 train_distortion: 11.3288 train_mapscore: 0.9824 train_c: -0.9935 train_max_dist: 39.7793 train_imax: 102.5034 train_imin: -47.3490 time: 1.5926s
INFO:root:Epoch: 1190 lr: 0.01 train_loss: 11145.2373 train_distortion: 11.3372 train_mapscore: 0.9824 train_c: -0.9939 train_max_dist: 39.7676 train_imax: 102.3422 train_imin: -47.9293 time: 1.5885s
INFO:root:Epoch: 1195 lr: 0.01 train_loss: 11104.1777 train_distortion: 11.3076 train_mapscore: 0.9824 train_c: -0.9928 train_max_dist: 39.7148 train_imax: 102.3035 train_imin: -47.5499 time: 1.5921s
INFO:root:Epoch: 1200 lr: 0.01 train_loss: 11147.2344 train_distortion: 11.2775 train_mapscore: 0.9823 train_c: -0.9918 train_max_dist: 39.6934 train_imax: 102.1044 train_imin: -47.5128 time: 1.5918s
INFO:root:Epoch: 1205 lr: 0.01 train_loss: 11125.3574 train_distortion: 11.2666 train_mapscore: 0.9825 train_c: -0.9914 train_max_dist: 39.6094 train_imax: 102.1622 train_imin: -46.8852 time: 1.5889s
INFO:root:Epoch: 1210 lr: 0.01 train_loss: 11110.0146 train_distortion: 11.2693 train_mapscore: 0.9824 train_c: -0.9913 train_max_dist: 39.6289 train_imax: 102.0429 train_imin: -47.5680 time: 1.5908s
INFO:root:Epoch: 1215 lr: 0.01 train_loss: 11080.1055 train_distortion: 11.2857 train_mapscore: 0.9826 train_c: -0.9914 train_max_dist: 39.6309 train_imax: 101.3732 train_imin: -47.5951 time: 1.5887s
INFO:root:Epoch: 1220 lr: 0.01 train_loss: 11076.3262 train_distortion: 11.3104 train_mapscore: 0.9828 train_c: -0.9917 train_max_dist: 39.6191 train_imax: 101.4896 train_imin: -47.8784 time: 1.5904s
INFO:root:Epoch: 1225 lr: 0.01 train_loss: 11041.3789 train_distortion: 11.3411 train_mapscore: 0.9827 train_c: -0.9918 train_max_dist: 39.6250 train_imax: 101.8035 train_imin: -47.8129 time: 1.5923s
INFO:root:Epoch: 1230 lr: 0.01 train_loss: 11024.0664 train_distortion: 11.3703 train_mapscore: 0.9825 train_c: -0.9912 train_max_dist: 39.6367 train_imax: 102.3327 train_imin: -47.6390 time: 1.5958s
INFO:root:Epoch: 1235 lr: 0.01 train_loss: 11032.9795 train_distortion: 11.3653 train_mapscore: 0.9826 train_c: -0.9907 train_max_dist: 39.5918 train_imax: 102.1068 train_imin: -47.5691 time: 1.5887s
INFO:root:Epoch: 1240 lr: 0.01 train_loss: 10939.7285 train_distortion: 11.3590 train_mapscore: 0.9828 train_c: -0.9903 train_max_dist: 39.5664 train_imax: 101.7252 train_imin: -47.8004 time: 1.5868s
INFO:root:Epoch: 1245 lr: 0.01 train_loss: 11108.6016 train_distortion: 11.3489 train_mapscore: 0.9825 train_c: -0.9898 train_max_dist: 39.5352 train_imax: 101.4930 train_imin: -47.7182 time: 1.5905s
INFO:root:Epoch: 1250 lr: 0.01 train_loss: 11042.8965 train_distortion: 11.3109 train_mapscore: 0.9828 train_c: -0.9890 train_max_dist: 39.4473 train_imax: 101.5958 train_imin: -47.6078 time: 1.5897s
INFO:root:Epoch: 1255 lr: 0.01 train_loss: 10981.8984 train_distortion: 11.2954 train_mapscore: 0.9827 train_c: -0.9890 train_max_dist: 39.4336 train_imax: 100.9460 train_imin: -47.8439 time: 1.5892s
INFO:root:Epoch: 1260 lr: 0.01 train_loss: 10927.9238 train_distortion: 11.3279 train_mapscore: 0.9829 train_c: -0.9889 train_max_dist: 39.4375 train_imax: 101.1738 train_imin: -47.5986 time: 1.5904s
INFO:root:Epoch: 1265 lr: 0.01 train_loss: 10936.5039 train_distortion: 11.3762 train_mapscore: 0.9828 train_c: -0.9893 train_max_dist: 39.4531 train_imax: 101.1426 train_imin: -48.4545 time: 1.5974s
INFO:root:Epoch: 1270 lr: 0.01 train_loss: 11013.9834 train_distortion: 11.4070 train_mapscore: 0.9828 train_c: -0.9895 train_max_dist: 39.4785 train_imax: 101.7419 train_imin: -47.9563 time: 1.5924s
INFO:root:Epoch: 1275 lr: 0.01 train_loss: 10964.5977 train_distortion: 11.4049 train_mapscore: 0.9829 train_c: -0.9889 train_max_dist: 39.4258 train_imax: 101.3731 train_imin: -48.3161 time: 1.5912s
INFO:root:Epoch: 1280 lr: 0.01 train_loss: 11055.3086 train_distortion: 11.3635 train_mapscore: 0.9830 train_c: -0.9884 train_max_dist: 39.3750 train_imax: 100.6469 train_imin: -48.3177 time: 1.5937s
INFO:root:Epoch: 1285 lr: 0.01 train_loss: 10996.8291 train_distortion: 11.3114 train_mapscore: 0.9830 train_c: -0.9873 train_max_dist: 39.2852 train_imax: 100.4990 train_imin: -47.6324 time: 1.5910s
INFO:root:Epoch: 1290 lr: 0.01 train_loss: 10971.0586 train_distortion: 11.3190 train_mapscore: 0.9829 train_c: -0.9865 train_max_dist: 39.2480 train_imax: 100.6573 train_imin: -47.9693 time: 1.5924s
INFO:root:Epoch: 1295 lr: 0.01 train_loss: 10873.3730 train_distortion: 11.3725 train_mapscore: 0.9826 train_c: -0.9871 train_max_dist: 39.2812 train_imax: 100.9410 train_imin: -47.8453 time: 1.5965s
INFO:root:Epoch: 1300 lr: 0.01 train_loss: 10906.6699 train_distortion: 11.4238 train_mapscore: 0.9828 train_c: -0.9876 train_max_dist: 39.3164 train_imax: 100.8196 train_imin: -48.3951 time: 1.5921s
INFO:root:Epoch: 1305 lr: 0.01 train_loss: 10876.4189 train_distortion: 11.4490 train_mapscore: 0.9830 train_c: -0.9875 train_max_dist: 39.3359 train_imax: 101.0557 train_imin: -48.0223 time: 1.5882s
INFO:root:Epoch: 1310 lr: 0.01 train_loss: 10997.2412 train_distortion: 11.4446 train_mapscore: 0.9830 train_c: -0.9870 train_max_dist: 39.3223 train_imax: 101.4996 train_imin: -48.1944 time: 1.5925s
INFO:root:Epoch: 1315 lr: 0.01 train_loss: 10955.8037 train_distortion: 11.3872 train_mapscore: 0.9830 train_c: -0.9857 train_max_dist: 39.2070 train_imax: 100.6402 train_imin: -47.9220 time: 1.5886s
INFO:root:Epoch: 1320 lr: 0.01 train_loss: 10975.4717 train_distortion: 11.3310 train_mapscore: 0.9828 train_c: -0.9849 train_max_dist: 39.1367 train_imax: 100.0173 train_imin: -48.0189 time: 1.6249s
INFO:root:Epoch: 1325 lr: 0.01 train_loss: 10884.5742 train_distortion: 11.2987 train_mapscore: 0.9829 train_c: -0.9840 train_max_dist: 39.0879 train_imax: 99.7472 train_imin: -48.0096 time: 1.6190s
INFO:root:Epoch: 1330 lr: 0.01 train_loss: 10967.7148 train_distortion: 11.3307 train_mapscore: 0.9828 train_c: -0.9848 train_max_dist: 39.0938 train_imax: 99.4210 train_imin: -48.0686 time: 1.6248s
INFO:root:Epoch: 1335 lr: 0.01 train_loss: 10915.2080 train_distortion: 11.3552 train_mapscore: 0.9828 train_c: -0.9848 train_max_dist: 39.1191 train_imax: 99.9660 train_imin: -48.2382 time: 1.6270s
INFO:root:Epoch: 1340 lr: 0.01 train_loss: 10965.6777 train_distortion: 11.3875 train_mapscore: 0.9831 train_c: -0.9852 train_max_dist: 39.1348 train_imax: 100.2841 train_imin: -47.8038 time: 1.6230s
INFO:root:Epoch: 1345 lr: 0.01 train_loss: 10940.2090 train_distortion: 11.3798 train_mapscore: 0.9830 train_c: -0.9845 train_max_dist: 39.0859 train_imax: 100.1642 train_imin: -47.5375 time: 1.6188s
INFO:root:Epoch: 1350 lr: 0.01 train_loss: 10958.9219 train_distortion: 11.3813 train_mapscore: 0.9832 train_c: -0.9852 train_max_dist: 39.0957 train_imax: 99.5090 train_imin: -48.3102 time: 1.6150s
INFO:root:Epoch: 1355 lr: 0.01 train_loss: 10959.4873 train_distortion: 11.3766 train_mapscore: 0.9829 train_c: -0.9846 train_max_dist: 39.0410 train_imax: 99.7445 train_imin: -47.9679 time: 1.5878s
INFO:root:Epoch: 1360 lr: 0.01 train_loss: 10946.6914 train_distortion: 11.3674 train_mapscore: 0.9830 train_c: -0.9845 train_max_dist: 39.0039 train_imax: 99.6058 train_imin: -47.9012 time: 1.5897s
INFO:root:Epoch: 1365 lr: 0.01 train_loss: 10951.5693 train_distortion: 11.3720 train_mapscore: 0.9829 train_c: -0.9842 train_max_dist: 39.0117 train_imax: 99.5941 train_imin: -47.9640 time: 1.5924s
INFO:root:Epoch: 1370 lr: 0.01 train_loss: 10940.5176 train_distortion: 11.3720 train_mapscore: 0.9830 train_c: -0.9845 train_max_dist: 38.9766 train_imax: 99.1321 train_imin: -48.0296 time: 1.5861s
INFO:root:Epoch: 1375 lr: 0.01 train_loss: 10889.2695 train_distortion: 11.3890 train_mapscore: 0.9831 train_c: -0.9845 train_max_dist: 38.9844 train_imax: 99.6756 train_imin: -47.7588 time: 1.5912s
INFO:root:Epoch: 1380 lr: 0.01 train_loss: 10960.2480 train_distortion: 11.3930 train_mapscore: 0.9830 train_c: -0.9846 train_max_dist: 38.9648 train_imax: 99.5291 train_imin: -48.0057 time: 1.5916s
INFO:root:Epoch: 1385 lr: 0.01 train_loss: 10963.2578 train_distortion: 11.3896 train_mapscore: 0.9832 train_c: -0.9849 train_max_dist: 38.9473 train_imax: 98.7580 train_imin: -48.3227 time: 1.5913s
INFO:root:Epoch: 1390 lr: 0.01 train_loss: 10919.5537 train_distortion: 11.3992 train_mapscore: 0.9829 train_c: -0.9847 train_max_dist: 38.9375 train_imax: 99.3254 train_imin: -48.2226 time: 1.5945s
INFO:root:Epoch: 1395 lr: 0.01 train_loss: 10937.7852 train_distortion: 11.4097 train_mapscore: 0.9832 train_c: -0.9848 train_max_dist: 38.9219 train_imax: 99.0746 train_imin: -47.8734 time: 1.5918s
INFO:root:Epoch: 1400 lr: 0.01 train_loss: 10989.4629 train_distortion: 11.3914 train_mapscore: 0.9830 train_c: -0.9847 train_max_dist: 38.8691 train_imax: 98.8134 train_imin: -47.7637 time: 1.5912s
INFO:root:Epoch: 1405 lr: 0.01 train_loss: 10925.5381 train_distortion: 11.3857 train_mapscore: 0.9834 train_c: -0.9847 train_max_dist: 38.8672 train_imax: 98.5994 train_imin: -47.7648 time: 1.5934s
INFO:root:Epoch: 1410 lr: 0.01 train_loss: 10855.1201 train_distortion: 11.3869 train_mapscore: 0.9833 train_c: -0.9846 train_max_dist: 38.8262 train_imax: 98.6145 train_imin: -47.9605 time: 1.5898s
INFO:root:Epoch: 1415 lr: 0.01 train_loss: 10855.4395 train_distortion: 11.4273 train_mapscore: 0.9832 train_c: -0.9856 train_max_dist: 38.8574 train_imax: 98.2475 train_imin: -48.1846 time: 1.5929s
INFO:root:Epoch: 1420 lr: 0.01 train_loss: 10891.2354 train_distortion: 11.4386 train_mapscore: 0.9834 train_c: -0.9849 train_max_dist: 38.8711 train_imax: 98.7411 train_imin: -47.7287 time: 1.5891s
INFO:root:Epoch: 1425 lr: 0.01 train_loss: 10844.0537 train_distortion: 11.4506 train_mapscore: 0.9833 train_c: -0.9855 train_max_dist: 38.8691 train_imax: 98.4063 train_imin: -48.3293 time: 1.5882s
INFO:root:Epoch: 1430 lr: 0.01 train_loss: 10817.6377 train_distortion: 11.4328 train_mapscore: 0.9831 train_c: -0.9851 train_max_dist: 38.8301 train_imax: 98.1104 train_imin: -48.1761 time: 1.5948s
INFO:root:Epoch: 1435 lr: 0.01 train_loss: 10868.8945 train_distortion: 11.4304 train_mapscore: 0.9836 train_c: -0.9846 train_max_dist: 38.8281 train_imax: 98.5891 train_imin: -47.9922 time: 1.5922s
INFO:root:Epoch: 1440 lr: 0.01 train_loss: 10852.1348 train_distortion: 11.4387 train_mapscore: 0.9833 train_c: -0.9843 train_max_dist: 38.8164 train_imax: 98.6633 train_imin: -47.4558 time: 1.5913s
INFO:root:Epoch: 1445 lr: 0.01 train_loss: 10905.0029 train_distortion: 11.4714 train_mapscore: 0.9834 train_c: -0.9858 train_max_dist: 38.8418 train_imax: 97.6353 train_imin: -48.8955 time: 1.5888s
INFO:root:Epoch: 1450 lr: 0.01 train_loss: 10808.5117 train_distortion: 11.4417 train_mapscore: 0.9833 train_c: -0.9845 train_max_dist: 38.7910 train_imax: 98.4009 train_imin: -48.0739 time: 1.5887s
INFO:root:Epoch: 1455 lr: 0.01 train_loss: 10884.5381 train_distortion: 11.4168 train_mapscore: 0.9835 train_c: -0.9840 train_max_dist: 38.7227 train_imax: 97.7655 train_imin: -47.8472 time: 1.5953s
INFO:root:Epoch: 1460 lr: 0.01 train_loss: 10879.0293 train_distortion: 11.4295 train_mapscore: 0.9833 train_c: -0.9845 train_max_dist: 38.7246 train_imax: 97.4296 train_imin: -47.7870 time: 1.5984s
INFO:root:Epoch: 1465 lr: 0.01 train_loss: 10905.2988 train_distortion: 11.4290 train_mapscore: 0.9835 train_c: -0.9844 train_max_dist: 38.6836 train_imax: 97.7878 train_imin: -47.9629 time: 1.5873s
INFO:root:Epoch: 1470 lr: 0.01 train_loss: 10885.8633 train_distortion: 11.4503 train_mapscore: 0.9835 train_c: -0.9854 train_max_dist: 38.7344 train_imax: 97.2393 train_imin: -48.0672 time: 1.5899s
INFO:root:Epoch: 1475 lr: 0.01 train_loss: 10845.7598 train_distortion: 11.4595 train_mapscore: 0.9836 train_c: -0.9854 train_max_dist: 38.7168 train_imax: 97.7117 train_imin: -47.9728 time: 1.5885s
INFO:root:Epoch: 1480 lr: 0.01 train_loss: 10766.4482 train_distortion: 11.4308 train_mapscore: 0.9836 train_c: -0.9849 train_max_dist: 38.6621 train_imax: 97.0452 train_imin: -48.0751 time: 1.5936s
INFO:root:Epoch: 1485 lr: 0.01 train_loss: 10809.3193 train_distortion: 11.4414 train_mapscore: 0.9837 train_c: -0.9846 train_max_dist: 38.6406 train_imax: 97.5236 train_imin: -47.4020 time: 1.5890s
INFO:root:Epoch: 1490 lr: 0.01 train_loss: 10822.6719 train_distortion: 11.4794 train_mapscore: 0.9836 train_c: -0.9855 train_max_dist: 38.6797 train_imax: 97.3679 train_imin: -47.8993 time: 1.6224s
INFO:root:Epoch: 1495 lr: 0.01 train_loss: 10774.8711 train_distortion: 11.5141 train_mapscore: 0.9834 train_c: -0.9859 train_max_dist: 38.6895 train_imax: 97.6501 train_imin: -48.0066 time: 1.6206s
INFO:root:Epoch: 1500 lr: 0.01 train_loss: 10753.9297 train_distortion: 11.5167 train_mapscore: 0.9835 train_c: -0.9858 train_max_dist: 38.6641 train_imax: 97.7983 train_imin: -47.7171 time: 1.6273s
INFO:root:Epoch: 1505 lr: 0.01 train_loss: 10742.1895 train_distortion: 11.5132 train_mapscore: 0.9836 train_c: -0.9856 train_max_dist: 38.6582 train_imax: 97.0991 train_imin: -48.3033 time: 1.6180s
INFO:root:Epoch: 1510 lr: 0.01 train_loss: 10701.7754 train_distortion: 11.5082 train_mapscore: 0.9836 train_c: -0.9849 train_max_dist: 38.6270 train_imax: 97.4827 train_imin: -47.8806 time: 1.6170s
INFO:root:Epoch: 1515 lr: 0.01 train_loss: 10701.9512 train_distortion: 11.5282 train_mapscore: 0.9834 train_c: -0.9852 train_max_dist: 38.6250 train_imax: 97.5386 train_imin: -48.1223 time: 1.6218s
INFO:root:Epoch: 1520 lr: 0.01 train_loss: 10727.0771 train_distortion: 11.5416 train_mapscore: 0.9835 train_c: -0.9843 train_max_dist: 38.6289 train_imax: 97.8706 train_imin: -47.7023 time: 1.6212s
INFO:root:Epoch: 1525 lr: 0.01 train_loss: 10760.2002 train_distortion: 11.5536 train_mapscore: 0.9836 train_c: -0.9848 train_max_dist: 38.6035 train_imax: 97.1921 train_imin: -48.2356 time: 1.5953s
INFO:root:Epoch: 1530 lr: 0.01 train_loss: 10796.2109 train_distortion: 11.5363 train_mapscore: 0.9837 train_c: -0.9840 train_max_dist: 38.5918 train_imax: 97.7402 train_imin: -47.8917 time: 1.5912s
INFO:root:Epoch: 1535 lr: 0.01 train_loss: 10839.7168 train_distortion: 11.5110 train_mapscore: 0.9837 train_c: -0.9841 train_max_dist: 38.5625 train_imax: 95.9208 train_imin: -48.7854 time: 1.5889s
INFO:root:Epoch: 1540 lr: 0.01 train_loss: 10851.9121 train_distortion: 11.5024 train_mapscore: 0.9836 train_c: -0.9837 train_max_dist: 38.5156 train_imax: 96.0396 train_imin: -48.3807 time: 1.5898s
INFO:root:Epoch: 1545 lr: 0.01 train_loss: 10753.1191 train_distortion: 11.4876 train_mapscore: 0.9836 train_c: -0.9837 train_max_dist: 38.5078 train_imax: 96.5796 train_imin: -47.8003 time: 1.5899s
INFO:root:Epoch: 1550 lr: 0.01 train_loss: 10782.7051 train_distortion: 11.4900 train_mapscore: 0.9835 train_c: -0.9829 train_max_dist: 38.4600 train_imax: 96.9061 train_imin: -47.3963 time: 1.5891s
INFO:root:Epoch: 1555 lr: 0.01 train_loss: 10672.0566 train_distortion: 11.5236 train_mapscore: 0.9837 train_c: -0.9833 train_max_dist: 38.5156 train_imax: 96.5749 train_imin: -47.8247 time: 1.5910s
INFO:root:Epoch: 1560 lr: 0.01 train_loss: 10716.7266 train_distortion: 11.5729 train_mapscore: 0.9834 train_c: -0.9841 train_max_dist: 38.5537 train_imax: 96.3045 train_imin: -48.4382 time: 1.5901s
INFO:root:Epoch: 1565 lr: 0.01 train_loss: 10799.8086 train_distortion: 11.5463 train_mapscore: 0.9835 train_c: -0.9832 train_max_dist: 38.4883 train_imax: 96.7482 train_imin: -47.4969 time: 1.5929s
INFO:root:Epoch: 1570 lr: 0.01 train_loss: 10685.7715 train_distortion: 11.5015 train_mapscore: 0.9835 train_c: -0.9822 train_max_dist: 38.4160 train_imax: 96.6170 train_imin: -47.5719 time: 1.5911s
INFO:root:Epoch: 1575 lr: 0.01 train_loss: 10661.1445 train_distortion: 11.5150 train_mapscore: 0.9835 train_c: -0.9820 train_max_dist: 38.4199 train_imax: 96.5608 train_imin: -47.6791 time: 1.5911s
INFO:root:Epoch: 1580 lr: 0.01 train_loss: 10666.3506 train_distortion: 11.5614 train_mapscore: 0.9836 train_c: -0.9826 train_max_dist: 38.4658 train_imax: 96.4865 train_imin: -48.1955 time: 1.5910s
INFO:root:Epoch: 1585 lr: 0.01 train_loss: 10702.7344 train_distortion: 11.6289 train_mapscore: 0.9836 train_c: -0.9833 train_max_dist: 38.5225 train_imax: 97.4124 train_imin: -47.9142 time: 1.5879s
INFO:root:Epoch: 1590 lr: 0.01 train_loss: 10676.6875 train_distortion: 11.6206 train_mapscore: 0.9836 train_c: -0.9829 train_max_dist: 38.4971 train_imax: 96.8456 train_imin: -48.1890 time: 1.5926s
INFO:root:Epoch: 1595 lr: 0.01 train_loss: 10751.0508 train_distortion: 11.5666 train_mapscore: 0.9835 train_c: -0.9818 train_max_dist: 38.4102 train_imax: 96.3519 train_imin: -48.0895 time: 1.5937s
INFO:root:Epoch: 1600 lr: 0.01 train_loss: 10745.8506 train_distortion: 11.5392 train_mapscore: 0.9836 train_c: -0.9822 train_max_dist: 38.3906 train_imax: 95.6176 train_imin: -48.3959 time: 1.5916s
INFO:root:Epoch: 1605 lr: 0.01 train_loss: 10695.0889 train_distortion: 11.5136 train_mapscore: 0.9836 train_c: -0.9818 train_max_dist: 38.3301 train_imax: 95.6568 train_imin: -47.8887 time: 1.5866s
INFO:root:Epoch: 1610 lr: 0.01 train_loss: 10626.7285 train_distortion: 11.4917 train_mapscore: 0.9837 train_c: -0.9813 train_max_dist: 38.3047 train_imax: 95.3589 train_imin: -47.7215 time: 1.5890s
INFO:root:Epoch: 1615 lr: 0.01 train_loss: 10621.9648 train_distortion: 11.5775 train_mapscore: 0.9837 train_c: -0.9822 train_max_dist: 38.3828 train_imax: 96.2039 train_imin: -47.6336 time: 1.5910s
INFO:root:Epoch: 1620 lr: 0.01 train_loss: 10650.6094 train_distortion: 11.6589 train_mapscore: 0.9836 train_c: -0.9831 train_max_dist: 38.4492 train_imax: 96.1948 train_imin: -48.3838 time: 1.6226s
INFO:root:Epoch: 1625 lr: 0.01 train_loss: 10627.4707 train_distortion: 11.6993 train_mapscore: 0.9837 train_c: -0.9831 train_max_dist: 38.4805 train_imax: 96.6031 train_imin: -48.3135 time: 1.5921s
INFO:root:Epoch: 1630 lr: 0.01 train_loss: 10603.9023 train_distortion: 11.7058 train_mapscore: 0.9838 train_c: -0.9834 train_max_dist: 38.4570 train_imax: 96.5493 train_imin: -48.4981 time: 1.5882s
INFO:root:Epoch: 1635 lr: 0.01 train_loss: 10605.5352 train_distortion: 11.6549 train_mapscore: 0.9836 train_c: -0.9823 train_max_dist: 38.4062 train_imax: 96.2957 train_imin: -48.3873 time: 1.5890s
INFO:root:Epoch: 1640 lr: 0.01 train_loss: 10630.2891 train_distortion: 11.6226 train_mapscore: 0.9835 train_c: -0.9813 train_max_dist: 38.3379 train_imax: 96.2044 train_imin: -47.7152 time: 1.5935s
INFO:root:Epoch: 1645 lr: 0.01 train_loss: 10616.0723 train_distortion: 11.6202 train_mapscore: 0.9835 train_c: -0.9815 train_max_dist: 38.3242 train_imax: 95.5664 train_imin: -48.3565 time: 1.5685s
INFO:root:Epoch: 1650 lr: 0.01 train_loss: 10577.5430 train_distortion: 11.6153 train_mapscore: 0.9838 train_c: -0.9806 train_max_dist: 38.2832 train_imax: 96.0570 train_imin: -47.8407 time: 1.5900s
INFO:root:Epoch: 1655 lr: 0.01 train_loss: 10617.4092 train_distortion: 11.6566 train_mapscore: 0.9837 train_c: -0.9812 train_max_dist: 38.3271 train_imax: 95.9152 train_imin: -48.1421 time: 1.5912s
INFO:root:Epoch: 1660 lr: 0.01 train_loss: 10621.8984 train_distortion: 11.6521 train_mapscore: 0.9836 train_c: -0.9808 train_max_dist: 38.2793 train_imax: 95.6597 train_imin: -48.2067 time: 1.6159s
INFO:root:Epoch: 1665 lr: 0.01 train_loss: 10620.0840 train_distortion: 11.6229 train_mapscore: 0.9834 train_c: -0.9799 train_max_dist: 38.2598 train_imax: 95.7337 train_imin: -47.6935 time: 1.6201s
INFO:root:Epoch: 1670 lr: 0.01 train_loss: 10602.8926 train_distortion: 11.6286 train_mapscore: 0.9837 train_c: -0.9799 train_max_dist: 38.2461 train_imax: 95.1911 train_imin: -48.2178 time: 1.6247s
INFO:root:Epoch: 1675 lr: 0.01 train_loss: 10629.4902 train_distortion: 11.6580 train_mapscore: 0.9834 train_c: -0.9799 train_max_dist: 38.2500 train_imax: 95.6436 train_imin: -48.1885 time: 1.6211s
INFO:root:Epoch: 1680 lr: 0.01 train_loss: 10596.5430 train_distortion: 11.6669 train_mapscore: 0.9838 train_c: -0.9801 train_max_dist: 38.2500 train_imax: 95.5477 train_imin: -48.2293 time: 1.6255s
INFO:root:Epoch: 1685 lr: 0.01 train_loss: 10596.4082 train_distortion: 11.6357 train_mapscore: 0.9838 train_c: -0.9797 train_max_dist: 38.2012 train_imax: 95.1556 train_imin: -48.3973 time: 1.6221s
INFO:root:Epoch: 1690 lr: 0.01 train_loss: 10612.3506 train_distortion: 11.6108 train_mapscore: 0.9836 train_c: -0.9788 train_max_dist: 38.1621 train_imax: 95.4666 train_imin: -47.6716 time: 1.6165s
INFO:root:Epoch: 1695 lr: 0.01 train_loss: 10655.8926 train_distortion: 11.5947 train_mapscore: 0.9836 train_c: -0.9787 train_max_dist: 38.1250 train_imax: 94.9983 train_imin: -48.0330 time: 1.5882s
INFO:root:Epoch: 1700 lr: 0.01 train_loss: 10686.5840 train_distortion: 11.6006 train_mapscore: 0.9837 train_c: -0.9797 train_max_dist: 38.1221 train_imax: 94.5527 train_imin: -47.9935 time: 1.5883s
INFO:root:Epoch: 1705 lr: 0.01 train_loss: 10613.8340 train_distortion: 11.5548 train_mapscore: 0.9836 train_c: -0.9786 train_max_dist: 38.0352 train_imax: 94.6597 train_imin: -47.4764 time: 1.6070s
INFO:root:Epoch: 1710 lr: 0.01 train_loss: 10585.7373 train_distortion: 11.5866 train_mapscore: 0.9840 train_c: -0.9794 train_max_dist: 38.0898 train_imax: 94.1324 train_imin: -47.8037 time: 1.5986s
INFO:root:Epoch: 1715 lr: 0.01 train_loss: 10519.7510 train_distortion: 11.6652 train_mapscore: 0.9837 train_c: -0.9809 train_max_dist: 38.1436 train_imax: 94.8182 train_imin: -48.0225 time: 1.6172s
INFO:root:Epoch: 1720 lr: 0.01 train_loss: 10560.3828 train_distortion: 11.7358 train_mapscore: 0.9838 train_c: -0.9819 train_max_dist: 38.2393 train_imax: 95.2682 train_imin: -48.1659 time: 1.5993s
INFO:root:Epoch: 1725 lr: 0.01 train_loss: 10594.5244 train_distortion: 11.7048 train_mapscore: 0.9838 train_c: -0.9815 train_max_dist: 38.1914 train_imax: 94.8396 train_imin: -47.8884 time: 1.5928s
INFO:root:Epoch: 1730 lr: 0.01 train_loss: 10617.3184 train_distortion: 11.6508 train_mapscore: 0.9839 train_c: -0.9805 train_max_dist: 38.1104 train_imax: 94.4625 train_imin: -47.7290 time: 1.5954s
INFO:root:Epoch: 1735 lr: 0.01 train_loss: 10694.5283 train_distortion: 11.6336 train_mapscore: 0.9838 train_c: -0.9805 train_max_dist: 38.0859 train_imax: 94.3690 train_imin: -47.5199 time: 1.5919s
INFO:root:Epoch: 1740 lr: 0.01 train_loss: 10621.9629 train_distortion: 11.6468 train_mapscore: 0.9838 train_c: -0.9812 train_max_dist: 38.0898 train_imax: 94.1011 train_imin: -47.8672 time: 1.5969s
INFO:root:Epoch: 1745 lr: 0.01 train_loss: 10585.1484 train_distortion: 11.6354 train_mapscore: 0.9838 train_c: -0.9805 train_max_dist: 38.0605 train_imax: 94.0942 train_imin: -47.2056 time: 1.5899s
INFO:root:Epoch: 1750 lr: 0.01 train_loss: 10472.8379 train_distortion: 11.6824 train_mapscore: 0.9838 train_c: -0.9812 train_max_dist: 38.1094 train_imax: 94.1821 train_imin: -47.8021 time: 1.5859s
INFO:root:Epoch: 1755 lr: 0.01 train_loss: 10494.0791 train_distortion: 11.7565 train_mapscore: 0.9838 train_c: -0.9819 train_max_dist: 38.1426 train_imax: 95.0161 train_imin: -47.3512 time: 1.5906s
INFO:root:Epoch: 1760 lr: 0.01 train_loss: 10593.8203 train_distortion: 11.7900 train_mapscore: 0.9838 train_c: -0.9822 train_max_dist: 38.1855 train_imax: 95.3573 train_imin: -47.5768 time: 1.5887s
INFO:root:Epoch: 1765 lr: 0.01 train_loss: 10516.1387 train_distortion: 11.7517 train_mapscore: 0.9838 train_c: -0.9820 train_max_dist: 38.1240 train_imax: 94.1473 train_imin: -48.0033 time: 1.5900s
INFO:root:Epoch: 1770 lr: 0.01 train_loss: 10468.3652 train_distortion: 11.7338 train_mapscore: 0.9839 train_c: -0.9813 train_max_dist: 38.0811 train_imax: 94.3661 train_imin: -47.8255 time: 1.5899s
INFO:root:Epoch: 1775 lr: 0.01 train_loss: 10522.4639 train_distortion: 11.7472 train_mapscore: 0.9839 train_c: -0.9814 train_max_dist: 38.0830 train_imax: 94.4528 train_imin: -47.5999 time: 1.5960s
INFO:root:Epoch: 1780 lr: 0.01 train_loss: 10508.2344 train_distortion: 11.7620 train_mapscore: 0.9839 train_c: -0.9814 train_max_dist: 38.0898 train_imax: 93.7602 train_imin: -48.3233 time: 1.5897s
INFO:root:Epoch: 1785 lr: 0.01 train_loss: 10521.1074 train_distortion: 11.7701 train_mapscore: 0.9837 train_c: -0.9807 train_max_dist: 38.0918 train_imax: 94.4314 train_imin: -47.4317 time: 1.5976s
INFO:root:Epoch: 1790 lr: 0.01 train_loss: 10504.1807 train_distortion: 11.7699 train_mapscore: 0.9839 train_c: -0.9803 train_max_dist: 38.0566 train_imax: 94.0288 train_imin: -48.2002 time: 1.5925s
INFO:root:Epoch: 1795 lr: 0.01 train_loss: 10542.6855 train_distortion: 11.7637 train_mapscore: 0.9840 train_c: -0.9799 train_max_dist: 38.0352 train_imax: 93.8694 train_imin: -47.7908 time: 1.5877s
INFO:root:Epoch: 1800 lr: 0.01 train_loss: 10527.9844 train_distortion: 11.7704 train_mapscore: 0.9837 train_c: -0.9798 train_max_dist: 38.0312 train_imax: 94.6625 train_imin: -47.4363 time: 1.5908s
INFO:root:Epoch: 1805 lr: 0.01 train_loss: 10511.8301 train_distortion: 11.7514 train_mapscore: 0.9841 train_c: -0.9795 train_max_dist: 37.9971 train_imax: 93.6234 train_imin: -47.6969 time: 1.5886s
INFO:root:Epoch: 1810 lr: 0.01 train_loss: 10571.6045 train_distortion: 11.7324 train_mapscore: 0.9840 train_c: -0.9790 train_max_dist: 37.9453 train_imax: 93.8925 train_imin: -47.3320 time: 1.5871s
INFO:root:Epoch: 1815 lr: 0.01 train_loss: 10453.1016 train_distortion: 11.7402 train_mapscore: 0.9839 train_c: -0.9795 train_max_dist: 37.9570 train_imax: 93.5796 train_imin: -47.9708 time: 1.5870s
INFO:root:Epoch: 1820 lr: 0.01 train_loss: 10523.5820 train_distortion: 11.7669 train_mapscore: 0.9839 train_c: -0.9797 train_max_dist: 37.9834 train_imax: 93.7508 train_imin: -47.8272 time: 1.5779s
INFO:root:Epoch: 1825 lr: 0.01 train_loss: 10427.1299 train_distortion: 11.7599 train_mapscore: 0.9840 train_c: -0.9791 train_max_dist: 37.9404 train_imax: 93.4953 train_imin: -47.3188 time: 1.6089s
INFO:root:Epoch: 1830 lr: 0.01 train_loss: 10486.4355 train_distortion: 11.7733 train_mapscore: 0.9841 train_c: -0.9791 train_max_dist: 37.9463 train_imax: 93.7702 train_imin: -47.3840 time: 1.6289s
INFO:root:Epoch: 1835 lr: 0.01 train_loss: 10536.3672 train_distortion: 11.8046 train_mapscore: 0.9842 train_c: -0.9795 train_max_dist: 37.9688 train_imax: 94.1380 train_imin: -47.7273 time: 1.6272s
INFO:root:Epoch: 1840 lr: 0.01 train_loss: 10530.4131 train_distortion: 11.7715 train_mapscore: 0.9837 train_c: -0.9789 train_max_dist: 37.9238 train_imax: 93.8071 train_imin: -47.5766 time: 1.6226s
INFO:root:Epoch: 1845 lr: 0.01 train_loss: 10426.8174 train_distortion: 11.7501 train_mapscore: 0.9840 train_c: -0.9787 train_max_dist: 37.8721 train_imax: 93.0461 train_imin: -47.4789 time: 1.6291s
INFO:root:Epoch: 1850 lr: 0.01 train_loss: 10494.0449 train_distortion: 11.7473 train_mapscore: 0.9840 train_c: -0.9787 train_max_dist: 37.8701 train_imax: 93.1000 train_imin: -47.5952 time: 1.6284s
INFO:root:Epoch: 1855 lr: 0.01 train_loss: 10527.2930 train_distortion: 11.7451 train_mapscore: 0.9834 train_c: -0.9785 train_max_dist: 37.8271 train_imax: 93.0202 train_imin: -47.2439 time: 1.6348s
INFO:root:Epoch: 1860 lr: 0.01 train_loss: 10521.8037 train_distortion: 11.7583 train_mapscore: 0.9840 train_c: -0.9792 train_max_dist: 37.8398 train_imax: 92.8691 train_imin: -47.5046 time: 1.6288s
INFO:root:Epoch: 1865 lr: 0.01 train_loss: 10537.2969 train_distortion: 11.7596 train_mapscore: 0.9838 train_c: -0.9792 train_max_dist: 37.8350 train_imax: 92.6840 train_imin: -47.4444 time: 1.5976s
INFO:root:Epoch: 1870 lr: 0.01 train_loss: 10534.2812 train_distortion: 11.7523 train_mapscore: 0.9839 train_c: -0.9793 train_max_dist: 37.8037 train_imax: 92.3982 train_imin: -47.7460 time: 1.5948s
INFO:root:Epoch: 1875 lr: 0.01 train_loss: 10473.0586 train_distortion: 11.7416 train_mapscore: 0.9841 train_c: -0.9795 train_max_dist: 37.8047 train_imax: 92.0082 train_imin: -47.5136 time: 1.5940s
INFO:root:Epoch: 1880 lr: 0.01 train_loss: 10486.5293 train_distortion: 11.7534 train_mapscore: 0.9841 train_c: -0.9793 train_max_dist: 37.7910 train_imax: 92.4131 train_imin: -47.3999 time: 1.5965s
INFO:root:Epoch: 1885 lr: 0.01 train_loss: 10408.7500 train_distortion: 11.7930 train_mapscore: 0.9839 train_c: -0.9800 train_max_dist: 37.8125 train_imax: 92.4296 train_imin: -47.7640 time: 1.5928s
INFO:root:Epoch: 1890 lr: 0.01 train_loss: 10431.4346 train_distortion: 11.8123 train_mapscore: 0.9842 train_c: -0.9797 train_max_dist: 37.8301 train_imax: 92.7587 train_imin: -47.0170 time: 1.5917s
INFO:root:Epoch: 1895 lr: 0.01 train_loss: 10447.1162 train_distortion: 11.8732 train_mapscore: 0.9841 train_c: -0.9812 train_max_dist: 37.8818 train_imax: 92.9389 train_imin: -47.5693 time: 1.5941s
INFO:root:Epoch: 1900 lr: 0.01 train_loss: 10462.2168 train_distortion: 11.8891 train_mapscore: 0.9840 train_c: -0.9811 train_max_dist: 37.8945 train_imax: 92.6361 train_imin: -47.9280 time: 1.5933s
INFO:root:Epoch: 1905 lr: 0.01 train_loss: 10420.5205 train_distortion: 11.8999 train_mapscore: 0.9841 train_c: -0.9811 train_max_dist: 37.8799 train_imax: 92.5574 train_imin: -47.9851 time: 1.5920s
INFO:root:Epoch: 1910 lr: 0.01 train_loss: 10433.1152 train_distortion: 11.8734 train_mapscore: 0.9841 train_c: -0.9802 train_max_dist: 37.8291 train_imax: 92.4326 train_imin: -47.8451 time: 1.5890s
INFO:root:Epoch: 1915 lr: 0.01 train_loss: 10436.0879 train_distortion: 11.8688 train_mapscore: 0.9840 train_c: -0.9802 train_max_dist: 37.8154 train_imax: 92.6668 train_imin: -47.4598 time: 1.5928s
INFO:root:Epoch: 1920 lr: 0.01 train_loss: 10432.5684 train_distortion: 11.8445 train_mapscore: 0.9842 train_c: -0.9795 train_max_dist: 37.7656 train_imax: 92.4220 train_imin: -47.3436 time: 1.6005s
INFO:root:Epoch: 1925 lr: 0.01 train_loss: 10400.0068 train_distortion: 11.8696 train_mapscore: 0.9840 train_c: -0.9802 train_max_dist: 37.7832 train_imax: 91.8183 train_imin: -47.9396 time: 1.5946s
INFO:root:Epoch: 1930 lr: 0.01 train_loss: 10403.0059 train_distortion: 11.8966 train_mapscore: 0.9840 train_c: -0.9801 train_max_dist: 37.7852 train_imax: 92.1154 train_imin: -47.9962 time: 1.5954s
INFO:root:Epoch: 1935 lr: 0.01 train_loss: 10417.6328 train_distortion: 11.9105 train_mapscore: 0.9843 train_c: -0.9806 train_max_dist: 37.7891 train_imax: 91.9968 train_imin: -47.9650 time: 1.5857s
INFO:root:Epoch: 1940 lr: 0.01 train_loss: 10381.6660 train_distortion: 11.8852 train_mapscore: 0.9843 train_c: -0.9792 train_max_dist: 37.7441 train_imax: 92.1345 train_imin: -47.6743 time: 1.5900s
INFO:root:Epoch: 1945 lr: 0.01 train_loss: 10322.3945 train_distortion: 11.8899 train_mapscore: 0.9843 train_c: -0.9793 train_max_dist: 37.7539 train_imax: 92.2378 train_imin: -47.7851 time: 1.5859s
INFO:root:Epoch: 1950 lr: 0.01 train_loss: 10443.2402 train_distortion: 11.9241 train_mapscore: 0.9842 train_c: -0.9794 train_max_dist: 37.7520 train_imax: 92.4899 train_imin: -47.9305 time: 1.5992s
INFO:root:Epoch: 1955 lr: 0.01 train_loss: 10484.5508 train_distortion: 11.9314 train_mapscore: 0.9843 train_c: -0.9792 train_max_dist: 37.7363 train_imax: 92.2759 train_imin: -47.9251 time: 1.5883s
INFO:root:Epoch: 1960 lr: 0.01 train_loss: 10418.2334 train_distortion: 11.9160 train_mapscore: 0.9840 train_c: -0.9791 train_max_dist: 37.7041 train_imax: 91.9536 train_imin: -47.6575 time: 1.5877s
INFO:root:Epoch: 1965 lr: 0.01 train_loss: 10403.9062 train_distortion: 11.8997 train_mapscore: 0.9844 train_c: -0.9787 train_max_dist: 37.6836 train_imax: 91.8802 train_imin: -47.7081 time: 1.5876s
INFO:root:Epoch: 1970 lr: 0.01 train_loss: 10381.9443 train_distortion: 11.8925 train_mapscore: 0.9841 train_c: -0.9789 train_max_dist: 37.6621 train_imax: 91.2324 train_imin: -47.8684 time: 1.5957s
INFO:root:Epoch: 1975 lr: 0.01 train_loss: 10423.0332 train_distortion: 11.8963 train_mapscore: 0.9844 train_c: -0.9791 train_max_dist: 37.6582 train_imax: 91.2063 train_imin: -48.0785 time: 1.5924s
INFO:root:Epoch: 1980 lr: 0.01 train_loss: 10366.8711 train_distortion: 11.9116 train_mapscore: 0.9843 train_c: -0.9798 train_max_dist: 37.6719 train_imax: 90.6252 train_imin: -47.9405 time: 1.5907s
INFO:root:Epoch: 1985 lr: 0.01 train_loss: 10407.5723 train_distortion: 11.9364 train_mapscore: 0.9842 train_c: -0.9796 train_max_dist: 37.6611 train_imax: 91.4678 train_imin: -47.8601 time: 1.5891s
INFO:root:Epoch: 1990 lr: 0.01 train_loss: 10372.0703 train_distortion: 11.9225 train_mapscore: 0.9843 train_c: -0.9792 train_max_dist: 37.6523 train_imax: 91.1812 train_imin: -47.9137 time: 1.5908s
INFO:root:Epoch: 1995 lr: 0.01 train_loss: 10321.8652 train_distortion: 11.9312 train_mapscore: 0.9841 train_c: -0.9790 train_max_dist: 37.6387 train_imax: 91.1553 train_imin: -47.6955 time: 1.5996s
INFO:root:Epoch: 2000 lr: 0.0025 train_loss: 10335.8496 train_distortion: 11.9556 train_mapscore: 0.9843 train_c: -0.9795 train_max_dist: 37.6523 train_imax: 91.0283 train_imin: -47.9389 time: 1.6217s
INFO:root:Optimization Finished!
INFO:root:Total time elapsed: 3196.4457s
INFO:root:Val set results: val_distortion: 1.0000 val_mapscore: -1.0000 val_c: -1.0000 val_max_dist: 0.0000
INFO:root:Test set results: test_loss: 10339.3828 test_distortion: 11.9793 test_mapscore: 0.9843 test_c: -0.9799 test_max_dist: 37.6777 test_imax: 91.4378 test_imin: -47.9133
INFO:root:Saved model in /workspace/xiongbo/hgcn/logs/md/2021_4_29/55
