INFO:root:Using: cuda:0
INFO:root:Using seed 1234.
INFO:root:MDModel(
  (encoder): HGCN(
    (layers): Sequential(
      (0): HyperbolicGraphConvolution(
        (linear): HypLinear(
          in_features=3032, out_features=10, c=Parameter containing:
          tensor([-1.], requires_grad=True)
        )
        (agg): HypAgg(
          c=Parameter containing:
          tensor([-1.], requires_grad=True)
        )
        (hyp_act): HypAct(
          c_in=Parameter containing:
          tensor([-1.], requires_grad=True), c_out=Parameter containing:
          tensor([-1.], requires_grad=True)
        )
      )
    )
  )
  (decoder): MDDecoder()
)
INFO:root:Total number of parameters: 30332
/workspace/anaconda3/envs/geo/lib/python3.7/site-packages/torch/optim/lr_scheduler.py:370: UserWarning: To get the last learning rate computed by the scheduler, please use `get_last_lr()`.
  "please use `get_last_lr()`.", UserWarning)
INFO:root:Epoch: 0005 lr: 0.01 train_loss: 96701.1484 train_distortion: 0.6159 train_mapscore: 0.1789 train_c: -1.0353 train_max_dist: 2.7071 train_imax: -0.0000 train_imin: -1.0343 time: 1.8475s
INFO:root:Epoch: 0010 lr: 0.01 train_loss: 93667.3047 train_distortion: 0.5639 train_mapscore: 0.3038 train_c: -1.0839 train_max_dist: 3.6694 train_imax: -0.0000 train_imin: -1.0833 time: 1.6534s
INFO:root:Epoch: 0015 lr: 0.01 train_loss: 91943.7500 train_distortion: 0.5253 train_mapscore: 0.3645 train_c: -1.1358 train_max_dist: 4.3644 train_imax: -0.0000 train_imin: -1.1356 time: 1.6212s
INFO:root:Epoch: 0020 lr: 0.01 train_loss: 91580.3281 train_distortion: 0.4888 train_mapscore: 0.3784 train_c: -1.1896 train_max_dist: 4.6732 train_imax: 0.0603 train_imin: -1.1893 time: 1.6174s
INFO:root:Epoch: 0025 lr: 0.01 train_loss: 90244.3359 train_distortion: 0.4525 train_mapscore: 0.3616 train_c: -1.2442 train_max_dist: 5.0306 train_imax: -0.0000 train_imin: -1.2440 time: 1.5086s
INFO:root:Epoch: 0030 lr: 0.01 train_loss: 88874.6562 train_distortion: 0.4127 train_mapscore: 0.3486 train_c: -1.2997 train_max_dist: 5.2074 train_imax: 0.0000 train_imin: -1.2995 time: 1.4687s
INFO:root:Epoch: 0035 lr: 0.01 train_loss: 87205.4219 train_distortion: 0.3659 train_mapscore: 0.3412 train_c: -1.3562 train_max_dist: 5.3331 train_imax: 0.0000 train_imin: -1.3560 time: 1.4538s
INFO:root:Epoch: 0040 lr: 0.01 train_loss: 85029.0547 train_distortion: 0.3158 train_mapscore: 0.3449 train_c: -1.4137 train_max_dist: 6.5181 train_imax: 0.0000 train_imin: -1.4135 time: 1.4421s
INFO:root:Epoch: 0045 lr: 0.01 train_loss: 82609.8594 train_distortion: 0.2665 train_mapscore: 0.3643 train_c: -1.4723 train_max_dist: 6.7629 train_imax: 0.0000 train_imin: -1.4722 time: 1.4319s
INFO:root:Epoch: 0050 lr: 0.01 train_loss: 79773.4531 train_distortion: 0.2171 train_mapscore: 0.3800 train_c: -1.5321 train_max_dist: 7.0989 train_imax: 0.0398 train_imin: -1.5320 time: 1.4225s
INFO:root:Epoch: 0055 lr: 0.01 train_loss: 76480.6562 train_distortion: 0.1737 train_mapscore: 0.3919 train_c: -1.5930 train_max_dist: 7.5516 train_imax: 0.0000 train_imin: -1.5929 time: 1.4271s
INFO:root:Epoch: 0060 lr: 0.01 train_loss: 72560.0312 train_distortion: 0.1499 train_mapscore: 0.4189 train_c: -1.6552 train_max_dist: 8.3691 train_imax: 0.0000 train_imin: -1.6551 time: 1.4203s
INFO:root:Epoch: 0065 lr: 0.01 train_loss: 67907.6875 train_distortion: 0.1830 train_mapscore: 0.4630 train_c: -1.7186 train_max_dist: 10.5374 train_imax: 0.3754 train_imin: -1.7185 time: 1.3800s
INFO:root:Epoch: 0070 lr: 0.01 train_loss: 65611.3984 train_distortion: 0.2476 train_mapscore: 0.4120 train_c: -1.7839 train_max_dist: 14.8347 train_imax: 0.9854 train_imin: -1.7836 time: 1.3960s
INFO:root:Epoch: 0075 lr: 0.01 train_loss: 64339.1250 train_distortion: 0.2940 train_mapscore: 0.4529 train_c: -1.8508 train_max_dist: 14.7647 train_imax: 0.9262 train_imin: -1.8505 time: 1.3908s
INFO:root:Epoch: 0080 lr: 0.01 train_loss: 62731.2422 train_distortion: 0.2901 train_mapscore: 0.4884 train_c: -1.9182 train_max_dist: 14.5864 train_imax: 0.6934 train_imin: -1.9178 time: 1.3812s
INFO:root:Epoch: 0085 lr: 0.01 train_loss: 61350.9375 train_distortion: 0.3173 train_mapscore: 0.5064 train_c: -1.9850 train_max_dist: 14.6623 train_imax: 0.6826 train_imin: -1.9844 time: 1.3964s
INFO:root:Epoch: 0090 lr: 0.01 train_loss: 59800.1914 train_distortion: 0.3806 train_mapscore: 0.5219 train_c: -2.0510 train_max_dist: 15.6463 train_imax: 0.9081 train_imin: -2.0507 time: 1.3769s
INFO:root:Epoch: 0095 lr: 0.01 train_loss: 58542.7227 train_distortion: 0.4432 train_mapscore: 0.5144 train_c: -2.1160 train_max_dist: 16.5658 train_imax: 1.0294 train_imin: -2.1158 time: 1.3766s
INFO:root:Epoch: 0100 lr: 0.01 train_loss: 57117.0430 train_distortion: 0.5071 train_mapscore: 0.5029 train_c: -2.1801 train_max_dist: 17.7275 train_imax: 0.5500 train_imin: -2.1799 time: 1.4123s
INFO:root:Epoch: 0105 lr: 0.01 train_loss: 59264.3594 train_distortion: 0.5209 train_mapscore: 0.4893 train_c: -2.2433 train_max_dist: 18.6344 train_imax: 0.6109 train_imin: -2.2432 time: 1.3896s
INFO:root:Epoch: 0110 lr: 0.01 train_loss: 56114.2461 train_distortion: 0.4928 train_mapscore: 0.5372 train_c: -2.3051 train_max_dist: 17.6853 train_imax: 0.8613 train_imin: -2.3048 time: 1.3722s
INFO:root:Epoch: 0115 lr: 0.01 train_loss: 55362.0625 train_distortion: 0.5157 train_mapscore: 0.5069 train_c: -2.3652 train_max_dist: 17.0348 train_imax: 0.3568 train_imin: -2.3648 time: 1.3740s
INFO:root:Epoch: 0120 lr: 0.01 train_loss: 54212.8438 train_distortion: 0.5969 train_mapscore: 0.5450 train_c: -2.4237 train_max_dist: 18.1614 train_imax: 0.5208 train_imin: -2.4235 time: 1.3731s
INFO:root:Epoch: 0125 lr: 0.01 train_loss: 53058.1211 train_distortion: 0.6935 train_mapscore: 0.5525 train_c: -2.4807 train_max_dist: 19.5028 train_imax: 0.7228 train_imin: -2.4806 time: 1.3736s
INFO:root:Epoch: 0130 lr: 0.01 train_loss: 52085.2930 train_distortion: 0.7796 train_mapscore: 0.5366 train_c: -2.5364 train_max_dist: 20.4527 train_imax: 0.1062 train_imin: -2.5362 time: 1.3663s
INFO:root:Epoch: 0135 lr: 0.01 train_loss: 50855.2695 train_distortion: 0.8824 train_mapscore: 0.5414 train_c: -2.5911 train_max_dist: 20.8328 train_imax: 0.4376 train_imin: -2.5911 time: 1.3719s
INFO:root:Epoch: 0140 lr: 0.01 train_loss: 51560.4258 train_distortion: 0.9746 train_mapscore: 0.5395 train_c: -2.6449 train_max_dist: 21.1056 train_imax: 0.1656 train_imin: -2.6448 time: 1.3691s
INFO:root:Epoch: 0145 lr: 0.01 train_loss: 51482.0898 train_distortion: 0.7852 train_mapscore: 0.5515 train_c: -2.6974 train_max_dist: 19.5916 train_imax: 0.1510 train_imin: -2.6972 time: 1.4025s
INFO:root:Epoch: 0150 lr: 0.01 train_loss: 51553.6562 train_distortion: 0.7012 train_mapscore: 0.5294 train_c: -2.7488 train_max_dist: 18.4944 train_imax: 0.1390 train_imin: -2.7486 time: 1.3664s
INFO:root:Epoch: 0155 lr: 0.01 train_loss: 50845.7578 train_distortion: 0.7531 train_mapscore: 0.5458 train_c: -2.7991 train_max_dist: 18.3523 train_imax: 0.1017 train_imin: -2.7990 time: 1.3613s
INFO:root:Epoch: 0160 lr: 0.01 train_loss: 49752.6875 train_distortion: 0.8665 train_mapscore: 0.5753 train_c: -2.8486 train_max_dist: 19.0788 train_imax: 0.1250 train_imin: -2.8484 time: 1.3590s
INFO:root:Epoch: 0165 lr: 0.01 train_loss: 48369.9062 train_distortion: 1.0166 train_mapscore: 0.6027 train_c: -2.8972 train_max_dist: 20.6104 train_imax: 0.3493 train_imin: -2.8972 time: 1.3616s
INFO:root:Epoch: 0170 lr: 0.01 train_loss: 47250.6641 train_distortion: 1.1743 train_mapscore: 0.6154 train_c: -2.9450 train_max_dist: 22.6290 train_imax: 0.5145 train_imin: -2.9449 time: 1.3628s
INFO:root:Epoch: 0175 lr: 0.01 train_loss: 46572.3945 train_distortion: 1.3174 train_mapscore: 0.5980 train_c: -2.9922 train_max_dist: 24.7974 train_imax: 0.6223 train_imin: -2.9921 time: 1.3589s
INFO:root:Epoch: 0180 lr: 0.01 train_loss: 45507.1523 train_distortion: 1.4531 train_mapscore: 0.6070 train_c: -3.0387 train_max_dist: 26.1517 train_imax: 0.4089 train_imin: -3.0387 time: 1.3807s
INFO:root:Epoch: 0185 lr: 0.01 train_loss: 44937.2969 train_distortion: 1.5342 train_mapscore: 0.6177 train_c: -3.0848 train_max_dist: 26.1829 train_imax: 0.6077 train_imin: -3.0848 time: 1.3984s
INFO:root:Epoch: 0190 lr: 0.01 train_loss: 48646.9883 train_distortion: 1.1627 train_mapscore: 0.6111 train_c: -3.1302 train_max_dist: 24.2868 train_imax: 0.8423 train_imin: -3.1301 time: 1.3998s
INFO:root:Epoch: 0195 lr: 0.01 train_loss: 49050.0781 train_distortion: 0.9006 train_mapscore: 0.5387 train_c: -3.1752 train_max_dist: 20.0085 train_imax: 0.0000 train_imin: -3.1745 time: 1.3722s
INFO:root:Epoch: 0200 lr: 0.01 train_loss: 49576.6602 train_distortion: 0.8276 train_mapscore: 0.5367 train_c: -3.2199 train_max_dist: 18.4332 train_imax: 0.0000 train_imin: -3.2196 time: 1.3661s
INFO:root:Epoch: 0205 lr: 0.01 train_loss: 49287.5547 train_distortion: 0.8400 train_mapscore: 0.5633 train_c: -3.2642 train_max_dist: 18.1232 train_imax: 0.0000 train_imin: -3.2640 time: 1.3586s
INFO:root:Epoch: 0210 lr: 0.01 train_loss: 48617.6992 train_distortion: 0.8942 train_mapscore: 0.5927 train_c: -3.3079 train_max_dist: 18.4819 train_imax: 0.0000 train_imin: -3.3077 time: 1.3557s
INFO:root:Epoch: 0215 lr: 0.01 train_loss: 47705.3555 train_distortion: 0.9823 train_mapscore: 0.6158 train_c: -3.3510 train_max_dist: 18.8693 train_imax: 0.0000 train_imin: -3.3509 time: 1.3581s
INFO:root:Epoch: 0220 lr: 0.01 train_loss: 46652.1758 train_distortion: 1.0995 train_mapscore: 0.6375 train_c: -3.3935 train_max_dist: 19.4920 train_imax: 0.0000 train_imin: -3.3935 time: 1.3586s
INFO:root:Epoch: 0225 lr: 0.01 train_loss: 45550.7383 train_distortion: 1.2388 train_mapscore: 0.6518 train_c: -3.4356 train_max_dist: 20.0808 train_imax: 0.0000 train_imin: -3.4355 time: 1.3554s
INFO:root:Epoch: 0230 lr: 0.01 train_loss: 44455.5234 train_distortion: 1.3964 train_mapscore: 0.6626 train_c: -3.4771 train_max_dist: 21.1807 train_imax: 0.0890 train_imin: -3.4771 time: 1.3839s
INFO:root:Epoch: 0235 lr: 0.01 train_loss: 43402.0391 train_distortion: 1.5703 train_mapscore: 0.6712 train_c: -3.5181 train_max_dist: 22.4238 train_imax: 0.2113 train_imin: -3.5181 time: 1.3612s
INFO:root:Epoch: 0240 lr: 0.01 train_loss: 42459.8047 train_distortion: 1.7575 train_mapscore: 0.6757 train_c: -3.5587 train_max_dist: 23.6003 train_imax: 0.3555 train_imin: -3.5587 time: 1.3669s
INFO:root:Epoch: 0245 lr: 0.01 train_loss: 41533.1016 train_distortion: 1.9560 train_mapscore: 0.6803 train_c: -3.5989 train_max_dist: 24.8924 train_imax: 0.4824 train_imin: -3.5989 time: 1.3777s
INFO:root:Epoch: 0250 lr: 0.01 train_loss: 40695.2188 train_distortion: 2.1590 train_mapscore: 0.6856 train_c: -3.6386 train_max_dist: 26.3777 train_imax: 0.6075 train_imin: -3.6386 time: 1.3714s
INFO:root:Epoch: 0255 lr: 0.01 train_loss: 39913.3672 train_distortion: 2.3591 train_mapscore: 0.6899 train_c: -3.6780 train_max_dist: 27.9936 train_imax: 0.7471 train_imin: -3.6780 time: 1.3699s
INFO:root:Epoch: 0260 lr: 0.01 train_loss: 39296.6406 train_distortion: 2.5467 train_mapscore: 0.6890 train_c: -3.7170 train_max_dist: 29.4313 train_imax: 0.8679 train_imin: -3.7170 time: 1.3666s
INFO:root:Epoch: 0265 lr: 0.01 train_loss: 38781.9766 train_distortion: 2.7180 train_mapscore: 0.6914 train_c: -3.7555 train_max_dist: 30.6724 train_imax: 0.9425 train_imin: -3.7555 time: 1.3709s
INFO:root:Epoch: 0270 lr: 0.01 train_loss: 38374.1953 train_distortion: 2.8722 train_mapscore: 0.6919 train_c: -3.7937 train_max_dist: 32.0805 train_imax: 0.7570 train_imin: -3.7937 time: 1.4104s
INFO:root:Epoch: 0275 lr: 0.01 train_loss: 38085.3906 train_distortion: 3.0008 train_mapscore: 0.6889 train_c: -3.8316 train_max_dist: 33.1038 train_imax: 0.8738 train_imin: -3.8315 time: 1.3961s
INFO:root:Epoch: 0280 lr: 0.01 train_loss: 37809.2578 train_distortion: 3.1196 train_mapscore: 0.6875 train_c: -3.8690 train_max_dist: 33.6264 train_imax: 0.5936 train_imin: -3.8690 time: 1.3756s
INFO:root:Epoch: 0285 lr: 0.01 train_loss: 37429.0391 train_distortion: 3.2301 train_mapscore: 0.6911 train_c: -3.9061 train_max_dist: 34.0421 train_imax: 0.6409 train_imin: -3.9061 time: 1.3724s
INFO:root:Epoch: 0290 lr: 0.01 train_loss: 37105.2812 train_distortion: 3.3233 train_mapscore: 0.6950 train_c: -3.9428 train_max_dist: 34.2736 train_imax: 0.7838 train_imin: -3.9428 time: 1.3641s
INFO:root:Epoch: 0295 lr: 0.01 train_loss: 36807.9336 train_distortion: 3.4141 train_mapscore: 0.6978 train_c: -3.9791 train_max_dist: 34.3502 train_imax: 0.8650 train_imin: -3.9791 time: 1.3658s
INFO:root:Epoch: 0300 lr: 0.01 train_loss: 36520.3008 train_distortion: 3.5044 train_mapscore: 0.7004 train_c: -4.0151 train_max_dist: 34.4995 train_imax: 0.8729 train_imin: -4.0151 time: 1.3680s
INFO:root:Epoch: 0305 lr: 0.01 train_loss: 36218.5859 train_distortion: 3.5926 train_mapscore: 0.7026 train_c: -4.0507 train_max_dist: 34.9583 train_imax: 0.8649 train_imin: -4.0507 time: 1.3660s
INFO:root:Epoch: 0310 lr: 0.01 train_loss: 35918.3633 train_distortion: 3.6848 train_mapscore: 0.7044 train_c: -4.0860 train_max_dist: 35.5725 train_imax: 0.7778 train_imin: -4.0860 time: 1.3943s
INFO:root:Epoch: 0315 lr: 0.01 train_loss: 35613.7578 train_distortion: 3.7699 train_mapscore: 0.7069 train_c: -4.1210 train_max_dist: 35.6979 train_imax: 0.7283 train_imin: -4.1210 time: 1.4038s
INFO:root:Epoch: 0320 lr: 0.01 train_loss: 35321.2383 train_distortion: 3.8559 train_mapscore: 0.7103 train_c: -4.1557 train_max_dist: 35.4446 train_imax: 0.6677 train_imin: -4.1557 time: 1.3672s
INFO:root:Epoch: 0325 lr: 0.01 train_loss: 35050.5781 train_distortion: 3.9388 train_mapscore: 0.7136 train_c: -4.1901 train_max_dist: 35.7559 train_imax: 1.0397 train_imin: -4.1901 time: 1.3699s
INFO:root:Epoch: 0330 lr: 0.01 train_loss: 34751.0078 train_distortion: 4.0238 train_mapscore: 0.7187 train_c: -4.2243 train_max_dist: 35.9277 train_imax: 1.1496 train_imin: -4.2243 time: 1.3704s
INFO:root:Epoch: 0335 lr: 0.01 train_loss: 34484.9141 train_distortion: 4.1079 train_mapscore: 0.7208 train_c: -4.2582 train_max_dist: 36.2782 train_imax: 1.4391 train_imin: -4.2582 time: 1.3691s
INFO:root:Epoch: 0340 lr: 0.01 train_loss: 34253.9844 train_distortion: 4.1960 train_mapscore: 0.7245 train_c: -4.2918 train_max_dist: 37.0534 train_imax: 1.5066 train_imin: -4.2918 time: 1.3702s
INFO:root:Epoch: 0345 lr: 0.01 train_loss: 34475.8516 train_distortion: 4.1480 train_mapscore: 0.7236 train_c: -4.3252 train_max_dist: 37.0128 train_imax: 1.3568 train_imin: -4.3252 time: 1.3731s
INFO:root:Epoch: 0350 lr: 0.01 train_loss: 34165.2422 train_distortion: 4.0963 train_mapscore: 0.7317 train_c: -4.3584 train_max_dist: 37.1111 train_imax: 1.1038 train_imin: -4.3582 time: 1.3622s
INFO:root:Epoch: 0355 lr: 0.01 train_loss: 33839.5391 train_distortion: 4.1392 train_mapscore: 0.7382 train_c: -4.3913 train_max_dist: 36.2984 train_imax: 0.8471 train_imin: -4.3912 time: 1.4038s
INFO:root:Epoch: 0360 lr: 0.01 train_loss: 33515.9258 train_distortion: 4.2737 train_mapscore: 0.7406 train_c: -4.4241 train_max_dist: 36.9763 train_imax: 0.7126 train_imin: -4.4240 time: 1.3621s
INFO:root:Epoch: 0365 lr: 0.01 train_loss: 33200.1797 train_distortion: 4.4271 train_mapscore: 0.7411 train_c: -4.4567 train_max_dist: 37.5175 train_imax: 0.8212 train_imin: -4.4566 time: 1.3713s
INFO:root:Epoch: 0370 lr: 0.01 train_loss: 32896.3828 train_distortion: 4.5939 train_mapscore: 0.7432 train_c: -4.4889 train_max_dist: 37.9349 train_imax: 0.9169 train_imin: -4.4889 time: 1.3680s
INFO:root:Epoch: 0375 lr: 0.01 train_loss: 32632.8672 train_distortion: 4.7424 train_mapscore: 0.7447 train_c: -4.5208 train_max_dist: 38.7253 train_imax: 1.0290 train_imin: -4.5207 time: 1.3728s
INFO:root:Epoch: 0380 lr: 0.01 train_loss: 32586.5117 train_distortion: 4.8656 train_mapscore: 0.7412 train_c: -4.5522 train_max_dist: 39.5554 train_imax: 1.1257 train_imin: -4.5521 time: 1.3759s
INFO:root:Epoch: 0385 lr: 0.01 train_loss: 32317.2734 train_distortion: 4.9882 train_mapscore: 0.7425 train_c: -4.5832 train_max_dist: 40.1782 train_imax: 1.1216 train_imin: -4.5832 time: 1.3730s
INFO:root:Epoch: 0390 lr: 0.01 train_loss: 32175.0312 train_distortion: 5.0965 train_mapscore: 0.7415 train_c: -4.6139 train_max_dist: 40.6159 train_imax: 1.2058 train_imin: -4.6138 time: 1.3744s
INFO:root:Epoch: 0395 lr: 0.01 train_loss: 32015.0020 train_distortion: 5.2087 train_mapscore: 0.7447 train_c: -4.6441 train_max_dist: 39.9788 train_imax: 1.3199 train_imin: -4.6441 time: 1.3777s
INFO:root:Epoch: 0400 lr: 0.01 train_loss: 34267.7461 train_distortion: 4.0356 train_mapscore: 0.7431 train_c: -4.6742 train_max_dist: 37.8022 train_imax: 0.6318 train_imin: -4.6739 time: 1.3990s
INFO:root:Epoch: 0405 lr: 0.01 train_loss: 34909.8477 train_distortion: 3.4739 train_mapscore: 0.7421 train_c: -4.7048 train_max_dist: 32.1411 train_imax: 0.0000 train_imin: -4.7043 time: 1.3698s
INFO:root:Epoch: 0410 lr: 0.01 train_loss: 34968.3789 train_distortion: 3.4464 train_mapscore: 0.7434 train_c: -4.7364 train_max_dist: 30.3899 train_imax: 0.0000 train_imin: -4.7361 time: 1.3771s
INFO:root:Epoch: 0415 lr: 0.01 train_loss: 34492.2461 train_distortion: 3.6134 train_mapscore: 0.7442 train_c: -4.7687 train_max_dist: 30.3238 train_imax: 0.0000 train_imin: -4.7685 time: 1.3701s
INFO:root:Epoch: 0420 lr: 0.01 train_loss: 33808.6836 train_distortion: 3.8906 train_mapscore: 0.7432 train_c: -4.8011 train_max_dist: 31.3086 train_imax: 0.0000 train_imin: -4.8010 time: 1.3737s
INFO:root:Epoch: 0425 lr: 0.01 train_loss: 33086.6992 train_distortion: 4.2319 train_mapscore: 0.7431 train_c: -4.8331 train_max_dist: 32.4572 train_imax: 0.0285 train_imin: -4.8329 time: 1.3752s
INFO:root:Epoch: 0430 lr: 0.01 train_loss: 32404.9297 train_distortion: 4.6137 train_mapscore: 0.7444 train_c: -4.8645 train_max_dist: 34.2678 train_imax: 0.2631 train_imin: -4.8644 time: 1.3661s
INFO:root:Epoch: 0435 lr: 0.01 train_loss: 31805.0898 train_distortion: 5.0037 train_mapscore: 0.7456 train_c: -4.8951 train_max_dist: 36.3235 train_imax: 0.4270 train_imin: -4.8950 time: 1.3810s
INFO:root:Epoch: 0440 lr: 0.01 train_loss: 31325.5430 train_distortion: 5.3822 train_mapscore: 0.7455 train_c: -4.9247 train_max_dist: 38.1183 train_imax: 0.6525 train_imin: -4.9247 time: 1.3982s
INFO:root:Epoch: 0445 lr: 0.01 train_loss: 30919.7383 train_distortion: 5.7186 train_mapscore: 0.7476 train_c: -4.9535 train_max_dist: 39.9686 train_imax: 0.8872 train_imin: -4.9535 time: 1.4078s
INFO:root:Epoch: 0450 lr: 0.01 train_loss: 30591.1309 train_distortion: 5.9977 train_mapscore: 0.7494 train_c: -4.9814 train_max_dist: 41.5482 train_imax: 1.0259 train_imin: -4.9814 time: 1.3727s
INFO:root:Epoch: 0455 lr: 0.01 train_loss: 30368.4609 train_distortion: 6.2202 train_mapscore: 0.7515 train_c: -5.0085 train_max_dist: 42.9748 train_imax: 1.1613 train_imin: -5.0084 time: 1.3763s
INFO:root:Epoch: 0460 lr: 0.01 train_loss: 30215.6406 train_distortion: 6.3931 train_mapscore: 0.7524 train_c: -5.0348 train_max_dist: 44.3799 train_imax: 1.2793 train_imin: -5.0348 time: 1.3768s
INFO:root:Epoch: 0465 lr: 0.01 train_loss: 30068.6074 train_distortion: 6.5392 train_mapscore: 0.7543 train_c: -5.0606 train_max_dist: 45.4467 train_imax: 1.3824 train_imin: -5.0606 time: 1.3842s
INFO:root:Epoch: 0470 lr: 0.01 train_loss: 29952.1602 train_distortion: 6.6497 train_mapscore: 0.7552 train_c: -5.0859 train_max_dist: 46.3499 train_imax: 1.4677 train_imin: -5.0859 time: 1.3813s
INFO:root:Epoch: 0475 lr: 0.01 train_loss: 29870.4414 train_distortion: 6.7547 train_mapscore: 0.7550 train_c: -5.1108 train_max_dist: 46.8167 train_imax: 1.5427 train_imin: -5.1108 time: 1.3805s
INFO:root:Epoch: 0480 lr: 0.01 train_loss: 29752.9609 train_distortion: 6.8474 train_mapscore: 0.7578 train_c: -5.1354 train_max_dist: 47.1926 train_imax: 1.6048 train_imin: -5.1354 time: 1.3825s
INFO:root:Epoch: 0485 lr: 0.01 train_loss: 29663.9141 train_distortion: 6.9382 train_mapscore: 0.7582 train_c: -5.1597 train_max_dist: 47.3138 train_imax: 1.6637 train_imin: -5.1597 time: 1.4085s
INFO:root:Epoch: 0490 lr: 0.01 train_loss: 29581.0410 train_distortion: 7.0217 train_mapscore: 0.7589 train_c: -5.1837 train_max_dist: 47.3459 train_imax: 1.6521 train_imin: -5.1836 time: 1.3782s
INFO:root:Epoch: 0495 lr: 0.01 train_loss: 29494.4648 train_distortion: 7.1001 train_mapscore: 0.7603 train_c: -5.2074 train_max_dist: 47.2401 train_imax: 1.6686 train_imin: -5.2074 time: 1.3768s
INFO:root:Epoch: 0500 lr: 0.01 train_loss: 29386.3301 train_distortion: 7.1876 train_mapscore: 0.7625 train_c: -5.2308 train_max_dist: 47.3531 train_imax: 1.5806 train_imin: -5.2308 time: 1.3767s
INFO:root:Epoch: 0505 lr: 0.01 train_loss: 29244.4180 train_distortion: 7.2589 train_mapscore: 0.7631 train_c: -5.2540 train_max_dist: 47.4870 train_imax: 1.5654 train_imin: -5.2540 time: 1.3818s
INFO:root:Epoch: 0510 lr: 0.01 train_loss: 29091.7695 train_distortion: 7.3418 train_mapscore: 0.7648 train_c: -5.2770 train_max_dist: 47.6042 train_imax: 1.3937 train_imin: -5.2770 time: 1.3803s
INFO:root:Epoch: 0515 lr: 0.01 train_loss: 28976.9492 train_distortion: 7.4130 train_mapscore: 0.7668 train_c: -5.2998 train_max_dist: 47.5063 train_imax: 1.6131 train_imin: -5.2997 time: 1.3801s
INFO:root:Epoch: 0520 lr: 0.01 train_loss: 28852.9453 train_distortion: 7.4902 train_mapscore: 0.7682 train_c: -5.3223 train_max_dist: 47.5570 train_imax: 1.6455 train_imin: -5.3222 time: 1.3809s
INFO:root:Epoch: 0525 lr: 0.01 train_loss: 28732.4707 train_distortion: 7.5554 train_mapscore: 0.7686 train_c: -5.3445 train_max_dist: 47.6906 train_imax: 1.5123 train_imin: -5.3445 time: 1.4069s
INFO:root:Epoch: 0530 lr: 0.01 train_loss: 28624.9336 train_distortion: 7.6225 train_mapscore: 0.7694 train_c: -5.3666 train_max_dist: 47.8448 train_imax: 1.5862 train_imin: -5.3665 time: 1.4131s
INFO:root:Epoch: 0535 lr: 0.01 train_loss: 28512.1426 train_distortion: 7.6848 train_mapscore: 0.7694 train_c: -5.3884 train_max_dist: 47.7329 train_imax: 1.5686 train_imin: -5.3883 time: 1.3814s
INFO:root:Epoch: 0540 lr: 0.01 train_loss: 28357.0918 train_distortion: 7.7494 train_mapscore: 0.7720 train_c: -5.4100 train_max_dist: 47.9075 train_imax: 1.5878 train_imin: -5.4100 time: 1.3866s
INFO:root:Epoch: 0545 lr: 0.01 train_loss: 28258.2676 train_distortion: 7.8131 train_mapscore: 0.7732 train_c: -5.4314 train_max_dist: 47.7750 train_imax: 1.5092 train_imin: -5.4314 time: 1.3855s
INFO:root:Epoch: 0550 lr: 0.01 train_loss: 28190.7656 train_distortion: 7.8822 train_mapscore: 0.7732 train_c: -5.4527 train_max_dist: 47.7811 train_imax: 1.5625 train_imin: -5.4527 time: 1.3835s
INFO:root:Epoch: 0555 lr: 0.01 train_loss: 28080.8398 train_distortion: 7.9496 train_mapscore: 0.7752 train_c: -5.4739 train_max_dist: 47.6349 train_imax: 1.4811 train_imin: -5.4738 time: 1.3837s
INFO:root:Epoch: 0560 lr: 0.01 train_loss: 27989.0742 train_distortion: 8.0145 train_mapscore: 0.7755 train_c: -5.4948 train_max_dist: 47.8320 train_imax: 1.4508 train_imin: -5.4948 time: 1.3829s
INFO:root:Epoch: 0565 lr: 0.01 train_loss: 27908.5391 train_distortion: 8.0886 train_mapscore: 0.7769 train_c: -5.5155 train_max_dist: 47.7649 train_imax: 1.5046 train_imin: -5.5155 time: 1.4081s
INFO:root:Epoch: 0570 lr: 0.01 train_loss: 27829.1836 train_distortion: 8.1641 train_mapscore: 0.7764 train_c: -5.5361 train_max_dist: 47.6161 train_imax: 1.4922 train_imin: -5.5361 time: 1.4089s
INFO:root:Epoch: 0575 lr: 0.01 train_loss: 27769.4062 train_distortion: 8.2357 train_mapscore: 0.7763 train_c: -5.5565 train_max_dist: 47.7697 train_imax: 1.4832 train_imin: -5.5565 time: 1.3854s
INFO:root:Epoch: 0580 lr: 0.01 train_loss: 27685.2012 train_distortion: 8.3172 train_mapscore: 0.7777 train_c: -5.5767 train_max_dist: 47.9056 train_imax: 1.4348 train_imin: -5.5767 time: 1.3844s
INFO:root:Epoch: 0585 lr: 0.01 train_loss: 27601.9336 train_distortion: 8.3980 train_mapscore: 0.7785 train_c: -5.5967 train_max_dist: 48.1062 train_imax: 1.4181 train_imin: -5.5967 time: 1.3826s
INFO:root:Epoch: 0590 lr: 0.01 train_loss: 27502.0547 train_distortion: 8.4797 train_mapscore: 0.7813 train_c: -5.6165 train_max_dist: 48.0296 train_imax: 1.3677 train_imin: -5.6165 time: 1.3876s
INFO:root:Epoch: 0595 lr: 0.01 train_loss: 27470.6895 train_distortion: 8.5268 train_mapscore: 0.7806 train_c: -5.6361 train_max_dist: 48.0173 train_imax: 1.4212 train_imin: -5.6361 time: 1.3844s
INFO:root:Epoch: 0600 lr: 0.01 train_loss: 27358.7676 train_distortion: 8.6132 train_mapscore: 0.7830 train_c: -5.6555 train_max_dist: 48.5176 train_imax: 1.4098 train_imin: -5.6554 time: 1.3831s
INFO:root:Epoch: 0605 lr: 0.01 train_loss: 27304.6035 train_distortion: 8.6714 train_mapscore: 0.7835 train_c: -5.6747 train_max_dist: 48.5247 train_imax: 1.4121 train_imin: -5.6746 time: 1.3837s
INFO:root:Epoch: 0610 lr: 0.01 train_loss: 27221.3281 train_distortion: 8.7420 train_mapscore: 0.7854 train_c: -5.6937 train_max_dist: 48.9961 train_imax: 1.3889 train_imin: -5.6936 time: 1.4071s
INFO:root:Epoch: 0615 lr: 0.01 train_loss: 27552.3926 train_distortion: 8.8459 train_mapscore: 0.7850 train_c: -5.7125 train_max_dist: 50.3329 train_imax: 1.3541 train_imin: -5.7124 time: 1.3834s
INFO:root:Epoch: 0620 lr: 0.01 train_loss: 27317.6172 train_distortion: 8.5727 train_mapscore: 0.7838 train_c: -5.7312 train_max_dist: 49.0698 train_imax: 1.2615 train_imin: -5.7312 time: 1.3727s
INFO:root:Epoch: 0625 lr: 0.01 train_loss: 27255.6133 train_distortion: 8.5817 train_mapscore: 0.7840 train_c: -5.7499 train_max_dist: 48.9301 train_imax: 1.0602 train_imin: -5.7498 time: 1.3749s
INFO:root:Epoch: 0630 lr: 0.01 train_loss: 27139.0078 train_distortion: 8.5652 train_mapscore: 0.7847 train_c: -5.7688 train_max_dist: 47.9933 train_imax: 0.9512 train_imin: -5.7687 time: 1.3810s
INFO:root:Epoch: 0635 lr: 0.01 train_loss: 27015.3516 train_distortion: 8.7348 train_mapscore: 0.7861 train_c: -5.7876 train_max_dist: 48.5287 train_imax: 1.0470 train_imin: -5.7875 time: 1.3803s
INFO:root:Epoch: 0640 lr: 0.01 train_loss: 26915.9609 train_distortion: 8.8829 train_mapscore: 0.7864 train_c: -5.8063 train_max_dist: 49.0582 train_imax: 1.0264 train_imin: -5.8063 time: 1.3844s
INFO:root:Epoch: 0645 lr: 0.01 train_loss: 26832.2500 train_distortion: 9.0419 train_mapscore: 0.7870 train_c: -5.8248 train_max_dist: 49.4541 train_imax: 0.9896 train_imin: -5.8248 time: 1.3811s
INFO:root:Epoch: 0650 lr: 0.01 train_loss: 26756.3047 train_distortion: 9.1904 train_mapscore: 0.7884 train_c: -5.8431 train_max_dist: 50.1184 train_imax: 1.0458 train_imin: -5.8431 time: 1.3818s
INFO:root:Epoch: 0655 lr: 0.01 train_loss: 26711.9102 train_distortion: 9.3039 train_mapscore: 0.7885 train_c: -5.8611 train_max_dist: 50.2185 train_imax: 1.0862 train_imin: -5.8611 time: 1.4079s
INFO:root:Epoch: 0660 lr: 0.01 train_loss: 26679.0312 train_distortion: 9.4039 train_mapscore: 0.7897 train_c: -5.8788 train_max_dist: 50.5110 train_imax: 1.1669 train_imin: -5.8787 time: 1.3801s
INFO:root:Epoch: 0665 lr: 0.01 train_loss: 26612.5586 train_distortion: 9.4968 train_mapscore: 0.7901 train_c: -5.8962 train_max_dist: 50.8591 train_imax: 1.1680 train_imin: -5.8961 time: 1.3774s
INFO:root:Epoch: 0670 lr: 0.01 train_loss: 26582.7559 train_distortion: 9.5554 train_mapscore: 0.7911 train_c: -5.9134 train_max_dist: 50.9577 train_imax: 1.2187 train_imin: -5.9133 time: 1.3809s
INFO:root:Epoch: 0675 lr: 0.01 train_loss: 27648.3887 train_distortion: 9.4545 train_mapscore: 0.7878 train_c: -5.9303 train_max_dist: 52.2389 train_imax: 1.0938 train_imin: -5.9303 time: 1.3807s
INFO:root:Epoch: 0680 lr: 0.01 train_loss: 26780.1836 train_distortion: 9.1407 train_mapscore: 0.7923 train_c: -5.9473 train_max_dist: 52.4203 train_imax: 0.8374 train_imin: -5.9473 time: 1.3856s
INFO:root:Epoch: 0685 lr: 0.01 train_loss: 26763.5977 train_distortion: 8.9443 train_mapscore: 0.7917 train_c: -5.9646 train_max_dist: 50.0245 train_imax: 0.6230 train_imin: -5.9645 time: 1.3681s
INFO:root:Epoch: 0690 lr: 0.01 train_loss: 26663.8828 train_distortion: 8.9648 train_mapscore: 0.7923 train_c: -5.9823 train_max_dist: 49.6463 train_imax: 0.6619 train_imin: -5.9821 time: 1.3740s
INFO:root:Epoch: 0695 lr: 0.01 train_loss: 26516.6172 train_distortion: 9.1871 train_mapscore: 0.7919 train_c: -6.0001 train_max_dist: 49.7697 train_imax: 0.5659 train_imin: -6.0000 time: 1.4140s
INFO:root:Epoch: 0700 lr: 0.01 train_loss: 26406.5469 train_distortion: 9.4513 train_mapscore: 0.7922 train_c: -6.0178 train_max_dist: 50.4152 train_imax: 0.6265 train_imin: -6.0178 time: 1.4011s
INFO:root:Epoch: 0705 lr: 0.01 train_loss: 26274.9688 train_distortion: 9.6909 train_mapscore: 0.7934 train_c: -6.0353 train_max_dist: 50.6813 train_imax: 0.7827 train_imin: -6.0353 time: 1.3838s
INFO:root:Epoch: 0710 lr: 0.01 train_loss: 26205.0078 train_distortion: 9.8979 train_mapscore: 0.7948 train_c: -6.0524 train_max_dist: 51.6512 train_imax: 0.8814 train_imin: -6.0524 time: 1.3806s
INFO:root:Epoch: 0715 lr: 0.01 train_loss: 26180.1602 train_distortion: 10.0614 train_mapscore: 0.7962 train_c: -6.0690 train_max_dist: 51.5773 train_imax: 0.9302 train_imin: -6.0690 time: 1.3801s
INFO:root:Epoch: 0720 lr: 0.01 train_loss: 26122.3281 train_distortion: 10.1827 train_mapscore: 0.7970 train_c: -6.0852 train_max_dist: 51.9135 train_imax: 1.0214 train_imin: -6.0851 time: 1.3830s
INFO:root:Epoch: 0725 lr: 0.01 train_loss: 26136.7461 train_distortion: 10.2745 train_mapscore: 0.7959 train_c: -6.1010 train_max_dist: 52.4985 train_imax: 1.0193 train_imin: -6.1010 time: 1.3821s
INFO:root:Epoch: 0730 lr: 0.01 train_loss: 26069.6133 train_distortion: 10.3555 train_mapscore: 0.7976 train_c: -6.1165 train_max_dist: 52.5966 train_imax: 1.0827 train_imin: -6.1165 time: 1.3840s
INFO:root:Epoch: 0735 lr: 0.01 train_loss: 26021.2109 train_distortion: 10.4117 train_mapscore: 0.7986 train_c: -6.1318 train_max_dist: 52.5294 train_imax: 1.0310 train_imin: -6.1318 time: 1.3797s
INFO:root:Epoch: 0740 lr: 0.01 train_loss: 26643.7891 train_distortion: 10.5119 train_mapscore: 0.7949 train_c: -6.1468 train_max_dist: 53.6907 train_imax: 1.0853 train_imin: -6.1468 time: 1.4121s
INFO:root:Epoch: 0745 lr: 0.01 train_loss: 26185.0215 train_distortion: 10.1869 train_mapscore: 0.7969 train_c: -6.1619 train_max_dist: 55.0107 train_imax: 0.9915 train_imin: -6.1619 time: 1.3841s
INFO:root:Epoch: 0750 lr: 0.01 train_loss: 26092.6914 train_distortion: 9.9396 train_mapscore: 0.7984 train_c: -6.1771 train_max_dist: 51.9781 train_imax: 0.6923 train_imin: -6.1770 time: 1.3752s
INFO:root:Epoch: 0755 lr: 0.01 train_loss: 26017.6211 train_distortion: 10.0359 train_mapscore: 0.7987 train_c: -6.1925 train_max_dist: 52.4587 train_imax: 0.5522 train_imin: -6.1925 time: 1.3800s
INFO:root:Epoch: 0760 lr: 0.01 train_loss: 25912.7246 train_distortion: 10.2098 train_mapscore: 0.8000 train_c: -6.2081 train_max_dist: 52.7078 train_imax: 0.5672 train_imin: -6.2080 time: 1.3861s
INFO:root:Epoch: 0765 lr: 0.01 train_loss: 25824.8594 train_distortion: 10.3864 train_mapscore: 0.8006 train_c: -6.2236 train_max_dist: 52.7788 train_imax: 0.6641 train_imin: -6.2235 time: 1.3819s
INFO:root:Epoch: 0770 lr: 0.01 train_loss: 25773.8164 train_distortion: 10.5812 train_mapscore: 0.8019 train_c: -6.2388 train_max_dist: 53.0940 train_imax: 0.7821 train_imin: -6.2388 time: 1.3850s
INFO:root:Epoch: 0775 lr: 0.01 train_loss: 25771.7695 train_distortion: 10.7299 train_mapscore: 0.8020 train_c: -6.2538 train_max_dist: 53.0834 train_imax: 0.8237 train_imin: -6.2538 time: 1.3793s
INFO:root:Epoch: 0780 lr: 0.01 train_loss: 25702.9219 train_distortion: 10.8625 train_mapscore: 0.8023 train_c: -6.2685 train_max_dist: 53.3001 train_imax: 0.8258 train_imin: -6.2685 time: 1.4122s
INFO:root:Epoch: 0785 lr: 0.01 train_loss: 25679.3262 train_distortion: 10.9725 train_mapscore: 0.8023 train_c: -6.2829 train_max_dist: 53.9881 train_imax: 0.8814 train_imin: -6.2829 time: 1.4094s
INFO:root:Epoch: 0790 lr: 0.01 train_loss: 25658.9375 train_distortion: 11.0628 train_mapscore: 0.8037 train_c: -6.2970 train_max_dist: 53.9767 train_imax: 0.8920 train_imin: -6.2970 time: 1.3808s
INFO:root:Epoch: 0795 lr: 0.01 train_loss: 25603.8574 train_distortion: 11.1291 train_mapscore: 0.8053 train_c: -6.3109 train_max_dist: 54.4236 train_imax: 0.8877 train_imin: -6.3109 time: 1.3801s
INFO:root:Epoch: 0800 lr: 0.01 train_loss: 25590.5391 train_distortion: 11.1842 train_mapscore: 0.8050 train_c: -6.3245 train_max_dist: 54.3491 train_imax: 0.8986 train_imin: -6.3245 time: 1.3798s
INFO:root:Epoch: 0805 lr: 0.01 train_loss: 25813.4609 train_distortion: 11.0619 train_mapscore: 0.8010 train_c: -6.3381 train_max_dist: 53.5234 train_imax: 1.0981 train_imin: -6.3380 time: 1.3824s
INFO:root:Epoch: 0810 lr: 0.01 train_loss: 25643.1680 train_distortion: 10.9589 train_mapscore: 0.8053 train_c: -6.3515 train_max_dist: 53.4405 train_imax: 0.7782 train_imin: -6.3515 time: 1.3792s
INFO:root:Epoch: 0815 lr: 0.01 train_loss: 25584.1328 train_distortion: 10.9363 train_mapscore: 0.8059 train_c: -6.3651 train_max_dist: 54.6859 train_imax: 0.7119 train_imin: -6.3651 time: 1.3791s
INFO:root:Epoch: 0820 lr: 0.01 train_loss: 25523.6270 train_distortion: 10.9992 train_mapscore: 0.8064 train_c: -6.3788 train_max_dist: 53.9156 train_imax: 0.6337 train_imin: -6.3788 time: 1.4069s
INFO:root:Epoch: 0825 lr: 0.01 train_loss: 25484.9180 train_distortion: 11.1153 train_mapscore: 0.8061 train_c: -6.3925 train_max_dist: 54.3414 train_imax: 0.6684 train_imin: -6.3925 time: 1.4163s
INFO:root:Epoch: 0830 lr: 0.01 train_loss: 25457.8027 train_distortion: 11.2553 train_mapscore: 0.8065 train_c: -6.4061 train_max_dist: 54.2971 train_imax: 0.7240 train_imin: -6.4061 time: 1.3814s
INFO:root:Epoch: 0835 lr: 0.01 train_loss: 25399.1621 train_distortion: 11.3882 train_mapscore: 0.8080 train_c: -6.4196 train_max_dist: 54.8226 train_imax: 0.7537 train_imin: -6.4196 time: 1.3800s
INFO:root:Epoch: 0840 lr: 0.01 train_loss: 25388.9141 train_distortion: 11.5001 train_mapscore: 0.8079 train_c: -6.4329 train_max_dist: 55.1879 train_imax: 0.7700 train_imin: -6.4329 time: 1.3809s
INFO:root:Epoch: 0845 lr: 0.01 train_loss: 25357.0430 train_distortion: 11.6031 train_mapscore: 0.8082 train_c: -6.4460 train_max_dist: 55.7901 train_imax: 0.7904 train_imin: -6.4460 time: 1.3817s
INFO:root:Epoch: 0850 lr: 0.01 train_loss: 25325.5781 train_distortion: 11.6880 train_mapscore: 0.8093 train_c: -6.4589 train_max_dist: 54.8498 train_imax: 0.8244 train_imin: -6.4589 time: 1.3809s
INFO:root:Epoch: 0855 lr: 0.01 train_loss: 25306.1875 train_distortion: 11.7728 train_mapscore: 0.8091 train_c: -6.4716 train_max_dist: 55.2549 train_imax: 0.9201 train_imin: -6.4716 time: 1.3802s
INFO:root:Epoch: 0860 lr: 0.01 train_loss: 25752.5176 train_distortion: 11.4094 train_mapscore: 0.8039 train_c: -6.4842 train_max_dist: 56.1177 train_imax: 0.9420 train_imin: -6.4842 time: 1.3812s
INFO:root:Epoch: 0865 lr: 0.01 train_loss: 25596.6836 train_distortion: 10.7753 train_mapscore: 0.8064 train_c: -6.4972 train_max_dist: 52.7813 train_imax: 0.6943 train_imin: -6.4972 time: 1.4079s
INFO:root:Epoch: 0870 lr: 0.01 train_loss: 25533.2461 train_distortion: 10.7501 train_mapscore: 0.8063 train_c: -6.5107 train_max_dist: 53.0789 train_imax: 0.5219 train_imin: -6.5106 time: 1.3872s
INFO:root:Epoch: 0875 lr: 0.01 train_loss: 25496.2852 train_distortion: 10.9245 train_mapscore: 0.8054 train_c: -6.5246 train_max_dist: 53.3563 train_imax: 0.4544 train_imin: -6.5245 time: 1.3791s
INFO:root:Epoch: 0880 lr: 0.01 train_loss: 25359.9961 train_distortion: 11.1853 train_mapscore: 0.8076 train_c: -6.5387 train_max_dist: 54.0469 train_imax: 0.3548 train_imin: -6.5387 time: 1.3771s
INFO:root:Epoch: 0885 lr: 0.01 train_loss: 25263.1250 train_distortion: 11.4685 train_mapscore: 0.8081 train_c: -6.5526 train_max_dist: 54.2960 train_imax: 0.4101 train_imin: -6.5526 time: 1.3807s
INFO:root:Epoch: 0890 lr: 0.01 train_loss: 25200.7480 train_distortion: 11.7283 train_mapscore: 0.8098 train_c: -6.5662 train_max_dist: 56.0014 train_imax: 0.5567 train_imin: -6.5662 time: 1.3796s
INFO:root:Epoch: 0895 lr: 0.01 train_loss: 25183.8535 train_distortion: 11.9211 train_mapscore: 0.8101 train_c: -6.5794 train_max_dist: 55.4189 train_imax: 0.6354 train_imin: -6.5794 time: 1.3768s
INFO:root:Epoch: 0900 lr: 0.01 train_loss: 25169.2793 train_distortion: 12.0884 train_mapscore: 0.8098 train_c: -6.5922 train_max_dist: 56.7399 train_imax: 0.7123 train_imin: -6.5922 time: 1.3833s
INFO:root:Epoch: 0905 lr: 0.01 train_loss: 25114.8848 train_distortion: 12.2085 train_mapscore: 0.8108 train_c: -6.6046 train_max_dist: 56.6834 train_imax: 0.7601 train_imin: -6.6046 time: 1.3806s
INFO:root:Epoch: 0910 lr: 0.01 train_loss: 25087.9219 train_distortion: 12.3010 train_mapscore: 0.8116 train_c: -6.6167 train_max_dist: 56.5820 train_imax: 0.7925 train_imin: -6.6167 time: 1.4094s
INFO:root:Epoch: 0915 lr: 0.01 train_loss: 25075.0391 train_distortion: 12.3654 train_mapscore: 0.8118 train_c: -6.6285 train_max_dist: 56.5179 train_imax: 0.7908 train_imin: -6.6285 time: 1.3787s
INFO:root:Epoch: 0920 lr: 0.01 train_loss: 25063.0918 train_distortion: 12.4247 train_mapscore: 0.8117 train_c: -6.6401 train_max_dist: 56.3947 train_imax: 0.8024 train_imin: -6.6401 time: 1.3825s
INFO:root:Epoch: 0925 lr: 0.01 train_loss: 25029.7070 train_distortion: 12.4807 train_mapscore: 0.8119 train_c: -6.6516 train_max_dist: 56.4412 train_imax: 0.8335 train_imin: -6.6516 time: 1.3858s
INFO:root:Epoch: 0930 lr: 0.01 train_loss: 24995.9219 train_distortion: 12.5230 train_mapscore: 0.8127 train_c: -6.6629 train_max_dist: 56.5006 train_imax: 0.8564 train_imin: -6.6629 time: 1.3861s
INFO:root:Epoch: 0935 lr: 0.01 train_loss: 24974.2852 train_distortion: 12.5638 train_mapscore: 0.8135 train_c: -6.6741 train_max_dist: 56.7144 train_imax: 0.8627 train_imin: -6.6741 time: 1.3821s
INFO:root:Epoch: 0940 lr: 0.01 train_loss: 24951.8906 train_distortion: 12.6127 train_mapscore: 0.8142 train_c: -6.6852 train_max_dist: 56.8457 train_imax: 0.8658 train_imin: -6.6852 time: 1.3891s
INFO:root:Epoch: 0945 lr: 0.01 train_loss: 24934.5957 train_distortion: 12.6217 train_mapscore: 0.8137 train_c: -6.6963 train_max_dist: 57.0025 train_imax: 0.9815 train_imin: -6.6963 time: 1.3786s
INFO:root:Epoch: 0950 lr: 0.01 train_loss: 24917.6719 train_distortion: 12.6586 train_mapscore: 0.8135 train_c: -6.7073 train_max_dist: 56.9650 train_imax: 0.9667 train_imin: -6.7073 time: 1.4089s
INFO:root:Epoch: 0955 lr: 0.01 train_loss: 24898.4844 train_distortion: 12.6939 train_mapscore: 0.8139 train_c: -6.7182 train_max_dist: 57.1699 train_imax: 1.0059 train_imin: -6.7182 time: 1.4083s
INFO:root:Epoch: 0960 lr: 0.01 train_loss: 24874.5840 train_distortion: 12.7448 train_mapscore: 0.8140 train_c: -6.7291 train_max_dist: 57.0479 train_imax: 0.9555 train_imin: -6.7291 time: 1.3772s
INFO:root:Epoch: 0965 lr: 0.01 train_loss: 24870.9824 train_distortion: 12.7928 train_mapscore: 0.8141 train_c: -6.7399 train_max_dist: 57.0388 train_imax: 0.5919 train_imin: -6.7399 time: 1.3823s
INFO:root:Epoch: 0970 lr: 0.01 train_loss: 24842.6270 train_distortion: 12.8426 train_mapscore: 0.8143 train_c: -6.7507 train_max_dist: 57.1249 train_imax: 0.9604 train_imin: -6.7507 time: 1.3796s
INFO:root:Epoch: 0975 lr: 0.01 train_loss: 24833.6465 train_distortion: 12.8792 train_mapscore: 0.8149 train_c: -6.7614 train_max_dist: 57.1972 train_imax: 0.9070 train_imin: -6.7614 time: 1.3827s
INFO:root:Epoch: 0980 lr: 0.01 train_loss: 24822.8340 train_distortion: 12.8895 train_mapscore: 0.8148 train_c: -6.7720 train_max_dist: 57.2193 train_imax: 0.9068 train_imin: -6.7720 time: 1.3849s
INFO:root:Epoch: 0985 lr: 0.01 train_loss: 24808.6602 train_distortion: 12.9065 train_mapscore: 0.8145 train_c: -6.7826 train_max_dist: 57.0071 train_imax: 0.9540 train_imin: -6.7826 time: 1.3858s
INFO:root:Epoch: 0990 lr: 0.01 train_loss: 24778.8398 train_distortion: 12.9419 train_mapscore: 0.8153 train_c: -6.7932 train_max_dist: 57.3482 train_imax: 0.8957 train_imin: -6.7932 time: 1.3845s
INFO:root:Epoch: 0995 lr: 0.01 train_loss: 24769.8359 train_distortion: 12.9853 train_mapscore: 0.8148 train_c: -6.8038 train_max_dist: 57.0871 train_imax: 0.8487 train_imin: -6.8038 time: 1.4061s
INFO:root:Epoch: 1000 lr: 0.01 train_loss: 24748.8965 train_distortion: 13.0339 train_mapscore: 0.8152 train_c: -6.8143 train_max_dist: 57.3291 train_imax: 0.8481 train_imin: -6.8143 time: 1.3766s
INFO:root:Epoch: 1005 lr: 0.01 train_loss: 24741.7500 train_distortion: 13.0841 train_mapscore: 0.8150 train_c: -6.8247 train_max_dist: 57.5631 train_imax: 0.8489 train_imin: -6.8247 time: 1.3809s
INFO:root:Epoch: 1010 lr: 0.01 train_loss: 24764.6680 train_distortion: 13.1236 train_mapscore: 0.8153 train_c: -6.8351 train_max_dist: 57.2871 train_imax: 0.8981 train_imin: -6.8351 time: 1.3834s
INFO:root:Epoch: 1015 lr: 0.01 train_loss: 24820.0742 train_distortion: 12.9635 train_mapscore: 0.8143 train_c: -6.8455 train_max_dist: 57.5361 train_imax: 1.0008 train_imin: -6.8455 time: 1.3810s
INFO:root:Epoch: 1020 lr: 0.01 train_loss: 24808.4141 train_distortion: 12.8714 train_mapscore: 0.8133 train_c: -6.8559 train_max_dist: 56.7856 train_imax: 0.8974 train_imin: -6.8559 time: 1.3859s
INFO:root:Epoch: 1025 lr: 0.01 train_loss: 24777.0957 train_distortion: 12.9094 train_mapscore: 0.8129 train_c: -6.8665 train_max_dist: 57.2422 train_imax: 0.7962 train_imin: -6.8665 time: 1.3829s
INFO:root:Epoch: 1030 lr: 0.01 train_loss: 24715.6484 train_distortion: 13.0188 train_mapscore: 0.8135 train_c: -6.8771 train_max_dist: 57.1988 train_imax: 0.7026 train_imin: -6.8771 time: 1.3801s
INFO:root:Epoch: 1035 lr: 0.01 train_loss: 24692.1152 train_distortion: 13.1385 train_mapscore: 0.8151 train_c: -6.8877 train_max_dist: 57.5296 train_imax: 0.6702 train_imin: -6.8877 time: 1.4061s
INFO:root:Epoch: 1040 lr: 0.01 train_loss: 24672.9375 train_distortion: 13.2485 train_mapscore: 0.8159 train_c: -6.8982 train_max_dist: 58.2726 train_imax: 0.7013 train_imin: -6.8982 time: 1.4142s
INFO:root:Epoch: 1045 lr: 0.01 train_loss: 24654.2188 train_distortion: 13.3491 train_mapscore: 0.8158 train_c: -6.9086 train_max_dist: 58.4588 train_imax: 0.7400 train_imin: -6.9086 time: 1.3837s
INFO:root:Epoch: 1050 lr: 0.01 train_loss: 24641.8594 train_distortion: 13.4385 train_mapscore: 0.8156 train_c: -6.9189 train_max_dist: 58.4135 train_imax: 0.7582 train_imin: -6.9189 time: 1.3916s
INFO:root:Epoch: 1055 lr: 0.01 train_loss: 24621.5859 train_distortion: 13.5070 train_mapscore: 0.8159 train_c: -6.9290 train_max_dist: 58.1348 train_imax: 0.7535 train_imin: -6.9290 time: 1.3816s
INFO:root:Epoch: 1060 lr: 0.01 train_loss: 24603.5547 train_distortion: 13.5617 train_mapscore: 0.8163 train_c: -6.9390 train_max_dist: 57.8924 train_imax: 0.7732 train_imin: -6.9390 time: 1.3875s
INFO:root:Epoch: 1065 lr: 0.01 train_loss: 24642.5684 train_distortion: 13.5247 train_mapscore: 0.8158 train_c: -6.9489 train_max_dist: 57.9793 train_imax: 0.4278 train_imin: -6.9489 time: 1.3816s
INFO:root:Epoch: 1070 lr: 0.01 train_loss: 24593.8516 train_distortion: 13.5057 train_mapscore: 0.8162 train_c: -6.9587 train_max_dist: 57.3350 train_imax: 0.9671 train_imin: -6.9587 time: 1.3783s
INFO:root:Epoch: 1075 lr: 0.01 train_loss: 24597.2930 train_distortion: 13.4691 train_mapscore: 0.8159 train_c: -6.9686 train_max_dist: 57.2278 train_imax: 0.8356 train_imin: -6.9686 time: 1.4046s
INFO:root:Epoch: 1080 lr: 0.01 train_loss: 24559.7637 train_distortion: 13.5193 train_mapscore: 0.8163 train_c: -6.9784 train_max_dist: 57.2970 train_imax: 0.6701 train_imin: -6.9784 time: 1.4096s
INFO:root:Epoch: 1085 lr: 0.01 train_loss: 24551.4844 train_distortion: 13.5872 train_mapscore: 0.8168 train_c: -6.9883 train_max_dist: 57.7483 train_imax: 0.6438 train_imin: -6.9883 time: 1.3808s
INFO:root:Epoch: 1090 lr: 0.01 train_loss: 24531.6445 train_distortion: 13.6772 train_mapscore: 0.8171 train_c: -6.9981 train_max_dist: 57.9326 train_imax: 0.6867 train_imin: -6.9981 time: 1.3943s
INFO:root:Epoch: 1095 lr: 0.01 train_loss: 24525.1055 train_distortion: 13.7475 train_mapscore: 0.8171 train_c: -7.0079 train_max_dist: 57.9099 train_imax: 0.7241 train_imin: -7.0079 time: 1.3818s
INFO:root:Epoch: 1100 lr: 0.01 train_loss: 24508.2148 train_distortion: 13.8137 train_mapscore: 0.8170 train_c: -7.0176 train_max_dist: 57.9591 train_imax: 0.7226 train_imin: -7.0176 time: 1.3810s
INFO:root:Epoch: 1105 lr: 0.01 train_loss: 24526.3105 train_distortion: 13.8233 train_mapscore: 0.8167 train_c: -7.0272 train_max_dist: 57.8399 train_imax: 0.3958 train_imin: -7.0272 time: 1.3740s
INFO:root:Epoch: 1110 lr: 0.01 train_loss: 24508.2520 train_distortion: 13.7816 train_mapscore: 0.8167 train_c: -7.0367 train_max_dist: 58.0239 train_imax: 0.7982 train_imin: -7.0367 time: 1.3748s
INFO:root:Epoch: 1115 lr: 0.01 train_loss: 24486.7578 train_distortion: 13.7860 train_mapscore: 0.8174 train_c: -7.0462 train_max_dist: 58.5718 train_imax: 0.7007 train_imin: -7.0462 time: 1.3729s
INFO:root:Epoch: 1120 lr: 0.01 train_loss: 24467.5254 train_distortion: 13.8580 train_mapscore: 0.8173 train_c: -7.0557 train_max_dist: 58.4307 train_imax: 0.6369 train_imin: -7.0557 time: 1.4051s
INFO:root:Epoch: 1125 lr: 0.01 train_loss: 24452.0977 train_distortion: 13.9203 train_mapscore: 0.8176 train_c: -7.0652 train_max_dist: 58.8177 train_imax: 0.6354 train_imin: -7.0652 time: 1.3772s
INFO:root:Epoch: 1130 lr: 0.01 train_loss: 24446.3398 train_distortion: 14.0008 train_mapscore: 0.8177 train_c: -7.0746 train_max_dist: 58.6249 train_imax: 0.6580 train_imin: -7.0746 time: 1.3824s
INFO:root:Epoch: 1135 lr: 0.01 train_loss: 24437.6230 train_distortion: 14.0777 train_mapscore: 0.8177 train_c: -7.0840 train_max_dist: 58.7795 train_imax: 0.6867 train_imin: -7.0840 time: 1.3756s
INFO:root:Epoch: 1140 lr: 0.01 train_loss: 24591.3672 train_distortion: 13.9306 train_mapscore: 0.8156 train_c: -7.0933 train_max_dist: 60.2270 train_imax: 0.8094 train_imin: -7.0933 time: 1.3762s
INFO:root:Epoch: 1145 lr: 0.01 train_loss: 24528.1953 train_distortion: 13.8805 train_mapscore: 0.8163 train_c: -7.1025 train_max_dist: 58.7693 train_imax: 0.8323 train_imin: -7.1025 time: 1.3741s
INFO:root:Epoch: 1150 lr: 0.01 train_loss: 24497.1230 train_distortion: 13.7724 train_mapscore: 0.8161 train_c: -7.1119 train_max_dist: 58.6713 train_imax: 0.6204 train_imin: -7.1119 time: 1.3788s
INFO:root:Epoch: 1155 lr: 0.01 train_loss: 24454.1992 train_distortion: 13.8313 train_mapscore: 0.8169 train_c: -7.1214 train_max_dist: 58.8727 train_imax: 0.5111 train_imin: -7.1214 time: 1.3750s
INFO:root:Epoch: 1160 lr: 0.01 train_loss: 24422.8320 train_distortion: 13.9625 train_mapscore: 0.8178 train_c: -7.1310 train_max_dist: 58.9085 train_imax: 0.4313 train_imin: -7.1309 time: 1.3785s
INFO:root:Epoch: 1165 lr: 0.01 train_loss: 24400.9551 train_distortion: 14.0885 train_mapscore: 0.8182 train_c: -7.1405 train_max_dist: 59.0979 train_imax: 0.4929 train_imin: -7.1405 time: 1.4067s
INFO:root:Epoch: 1170 lr: 0.01 train_loss: 24384.8086 train_distortion: 14.1978 train_mapscore: 0.8186 train_c: -7.1499 train_max_dist: 59.3971 train_imax: 0.5372 train_imin: -7.1499 time: 1.3730s
INFO:root:Epoch: 1175 lr: 0.01 train_loss: 24375.2871 train_distortion: 14.2932 train_mapscore: 0.8179 train_c: -7.1592 train_max_dist: 58.9804 train_imax: 0.5692 train_imin: -7.1592 time: 1.3827s
INFO:root:Epoch: 1180 lr: 0.01 train_loss: 24357.3711 train_distortion: 14.3691 train_mapscore: 0.8183 train_c: -7.1683 train_max_dist: 58.9364 train_imax: 0.5620 train_imin: -7.1683 time: 1.3744s
INFO:root:Epoch: 1185 lr: 0.01 train_loss: 24355.4492 train_distortion: 14.4269 train_mapscore: 0.8183 train_c: -7.1773 train_max_dist: 59.0334 train_imax: 0.5680 train_imin: -7.1773 time: 1.3740s
INFO:root:Epoch: 1190 lr: 0.01 train_loss: 24332.7793 train_distortion: 14.4802 train_mapscore: 0.8188 train_c: -7.1863 train_max_dist: 59.3364 train_imax: 0.5857 train_imin: -7.1862 time: 1.3824s
INFO:root:Epoch: 1195 lr: 0.01 train_loss: 24377.3242 train_distortion: 14.3872 train_mapscore: 0.8177 train_c: -7.1951 train_max_dist: 59.9289 train_imax: 0.5561 train_imin: -7.1951 time: 1.3831s
INFO:root:Epoch: 1200 lr: 0.01 train_loss: 24412.2969 train_distortion: 14.1894 train_mapscore: 0.8174 train_c: -7.2039 train_max_dist: 59.7753 train_imax: 0.6368 train_imin: -7.2039 time: 1.3862s
INFO:root:Epoch: 1205 lr: 0.01 train_loss: 24425.9980 train_distortion: 14.1181 train_mapscore: 0.8166 train_c: -7.2128 train_max_dist: 58.9030 train_imax: 0.5440 train_imin: -7.2127 time: 1.4194s
INFO:root:Epoch: 1210 lr: 0.01 train_loss: 24374.2715 train_distortion: 14.1934 train_mapscore: 0.8171 train_c: -7.2218 train_max_dist: 59.1132 train_imax: 0.4375 train_imin: -7.2218 time: 1.4103s
INFO:root:Epoch: 1215 lr: 0.01 train_loss: 24330.9727 train_distortion: 14.3051 train_mapscore: 0.8178 train_c: -7.2310 train_max_dist: 59.1941 train_imax: 0.3765 train_imin: -7.2310 time: 1.3832s
INFO:root:Epoch: 1220 lr: 0.01 train_loss: 24302.6133 train_distortion: 14.4199 train_mapscore: 0.8186 train_c: -7.2402 train_max_dist: 58.9938 train_imax: 0.4013 train_imin: -7.2402 time: 1.3851s
INFO:root:Epoch: 1225 lr: 0.01 train_loss: 24295.5195 train_distortion: 14.5345 train_mapscore: 0.8189 train_c: -7.2492 train_max_dist: 59.1092 train_imax: 0.4513 train_imin: -7.2492 time: 1.3842s
INFO:root:Epoch: 1230 lr: 0.01 train_loss: 24275.1211 train_distortion: 14.6432 train_mapscore: 0.8191 train_c: -7.2582 train_max_dist: 58.8138 train_imax: 0.4827 train_imin: -7.2582 time: 1.3878s
INFO:root:Epoch: 1235 lr: 0.01 train_loss: 24273.1875 train_distortion: 14.7200 train_mapscore: 0.8191 train_c: -7.2670 train_max_dist: 58.9070 train_imax: 0.4947 train_imin: -7.2670 time: 1.3861s
INFO:root:Epoch: 1240 lr: 0.01 train_loss: 24263.5781 train_distortion: 14.7662 train_mapscore: 0.8192 train_c: -7.2757 train_max_dist: 59.0276 train_imax: 0.4895 train_imin: -7.2756 time: 1.3825s
INFO:root:Epoch: 1245 lr: 0.01 train_loss: 24247.7754 train_distortion: 14.8104 train_mapscore: 0.8199 train_c: -7.2842 train_max_dist: 59.1279 train_imax: 0.4942 train_imin: -7.2842 time: 1.3846s
INFO:root:Epoch: 1250 lr: 0.01 train_loss: 24234.4004 train_distortion: 14.8428 train_mapscore: 0.8196 train_c: -7.2927 train_max_dist: 59.1353 train_imax: 0.5093 train_imin: -7.2927 time: 1.4091s
INFO:root:Epoch: 1255 lr: 0.01 train_loss: 24337.1328 train_distortion: 14.8829 train_mapscore: 0.8189 train_c: -7.3011 train_max_dist: 60.6769 train_imax: 0.5182 train_imin: -7.3011 time: 1.4005s
INFO:root:Epoch: 1260 lr: 0.01 train_loss: 24342.4961 train_distortion: 14.4753 train_mapscore: 0.8181 train_c: -7.3095 train_max_dist: 60.1654 train_imax: 0.6189 train_imin: -7.3095 time: 1.3841s
INFO:root:Epoch: 1265 lr: 0.01 train_loss: 24372.5664 train_distortion: 14.2397 train_mapscore: 0.8168 train_c: -7.3181 train_max_dist: 58.9391 train_imax: 0.4051 train_imin: -7.3181 time: 1.3840s
INFO:root:Epoch: 1270 lr: 0.01 train_loss: 24325.6250 train_distortion: 14.3397 train_mapscore: 0.8179 train_c: -7.3270 train_max_dist: 59.1652 train_imax: 0.3122 train_imin: -7.3270 time: 1.3824s
INFO:root:Epoch: 1275 lr: 0.01 train_loss: 24278.0977 train_distortion: 14.5104 train_mapscore: 0.8181 train_c: -7.3361 train_max_dist: 59.3921 train_imax: 0.2237 train_imin: -7.3361 time: 1.3827s
INFO:root:Epoch: 1280 lr: 0.01 train_loss: 24250.1172 train_distortion: 14.6874 train_mapscore: 0.8184 train_c: -7.3451 train_max_dist: 59.4630 train_imax: 0.2903 train_imin: -7.3451 time: 1.3929s
INFO:root:Epoch: 1285 lr: 0.01 train_loss: 24222.9121 train_distortion: 14.8357 train_mapscore: 0.8194 train_c: -7.3541 train_max_dist: 59.8294 train_imax: 0.3689 train_imin: -7.3541 time: 1.3824s
INFO:root:Epoch: 1290 lr: 0.01 train_loss: 24204.6465 train_distortion: 14.9622 train_mapscore: 0.8197 train_c: -7.3628 train_max_dist: 60.1669 train_imax: 0.4080 train_imin: -7.3628 time: 1.4106s
INFO:root:Epoch: 1295 lr: 0.01 train_loss: 24191.7168 train_distortion: 15.0551 train_mapscore: 0.8197 train_c: -7.3714 train_max_dist: 60.1752 train_imax: 0.4361 train_imin: -7.3714 time: 1.4099s
INFO:root:Epoch: 1300 lr: 0.01 train_loss: 24178.9453 train_distortion: 15.1152 train_mapscore: 0.8196 train_c: -7.3798 train_max_dist: 60.3211 train_imax: 0.4522 train_imin: -7.3798 time: 1.3858s
INFO:root:Epoch: 1305 lr: 0.01 train_loss: 24168.6387 train_distortion: 15.1629 train_mapscore: 0.8201 train_c: -7.3881 train_max_dist: 60.5545 train_imax: 0.4514 train_imin: -7.3881 time: 1.3821s
INFO:root:Epoch: 1310 lr: 0.01 train_loss: 24168.0723 train_distortion: 15.2031 train_mapscore: 0.8200 train_c: -7.3963 train_max_dist: 60.6660 train_imax: 0.4617 train_imin: -7.3963 time: 1.3819s
INFO:root:Epoch: 1315 lr: 0.01 train_loss: 24153.9375 train_distortion: 15.2465 train_mapscore: 0.8201 train_c: -7.4044 train_max_dist: 60.5849 train_imax: 0.4609 train_imin: -7.4044 time: 1.3854s
INFO:root:Epoch: 1320 lr: 0.01 train_loss: 24142.7109 train_distortion: 15.2885 train_mapscore: 0.8205 train_c: -7.4124 train_max_dist: 60.7050 train_imax: 0.4676 train_imin: -7.4124 time: 1.3843s
INFO:root:Epoch: 1325 lr: 0.01 train_loss: 24130.3750 train_distortion: 15.3157 train_mapscore: 0.8205 train_c: -7.4204 train_max_dist: 60.9107 train_imax: 0.4679 train_imin: -7.4204 time: 1.3815s
INFO:root:Epoch: 1330 lr: 0.01 train_loss: 24120.6250 train_distortion: 15.3506 train_mapscore: 0.8206 train_c: -7.4284 train_max_dist: 61.1401 train_imax: 0.4620 train_imin: -7.4284 time: 1.4237s
INFO:root:Epoch: 1335 lr: 0.01 train_loss: 24134.0840 train_distortion: 15.3719 train_mapscore: 0.8220 train_c: -7.4363 train_max_dist: 61.2521 train_imax: 0.4568 train_imin: -7.4363 time: 1.4228s
INFO:root:Epoch: 1340 lr: 0.01 train_loss: 24255.5527 train_distortion: 15.0811 train_mapscore: 0.8194 train_c: -7.4441 train_max_dist: 62.3421 train_imax: 0.4941 train_imin: -7.4441 time: 1.3813s
INFO:root:Epoch: 1345 lr: 0.01 train_loss: 24256.0312 train_distortion: 14.8468 train_mapscore: 0.8193 train_c: -7.4521 train_max_dist: 62.1802 train_imax: 0.4608 train_imin: -7.4521 time: 1.3828s
INFO:root:Epoch: 1350 lr: 0.01 train_loss: 24212.6953 train_distortion: 14.8901 train_mapscore: 0.8186 train_c: -7.4604 train_max_dist: 61.0856 train_imax: 0.3871 train_imin: -7.4604 time: 1.3843s
INFO:root:Epoch: 1355 lr: 0.01 train_loss: 24150.7266 train_distortion: 15.0306 train_mapscore: 0.8191 train_c: -7.4688 train_max_dist: 61.3173 train_imax: 0.2402 train_imin: -7.4688 time: 1.3857s
INFO:root:Epoch: 1360 lr: 0.01 train_loss: 24126.1680 train_distortion: 15.1870 train_mapscore: 0.8203 train_c: -7.4772 train_max_dist: 61.2418 train_imax: 0.2660 train_imin: -7.4772 time: 1.3851s
INFO:root:Epoch: 1365 lr: 0.01 train_loss: 24113.9727 train_distortion: 15.3156 train_mapscore: 0.8198 train_c: -7.4856 train_max_dist: 61.1936 train_imax: 0.3266 train_imin: -7.4855 time: 1.3912s
INFO:root:Epoch: 1370 lr: 0.01 train_loss: 24093.3398 train_distortion: 15.4199 train_mapscore: 0.8207 train_c: -7.4938 train_max_dist: 61.3806 train_imax: 0.3581 train_imin: -7.4938 time: 1.3808s
INFO:root:Epoch: 1375 lr: 0.01 train_loss: 24085.9883 train_distortion: 15.5020 train_mapscore: 0.8209 train_c: -7.5019 train_max_dist: 61.4676 train_imax: 0.3838 train_imin: -7.5019 time: 1.4135s
INFO:root:Epoch: 1380 lr: 0.01 train_loss: 24069.1055 train_distortion: 15.5581 train_mapscore: 0.8209 train_c: -7.5099 train_max_dist: 61.4303 train_imax: 0.3791 train_imin: -7.5098 time: 1.3807s
INFO:root:Epoch: 1385 lr: 0.01 train_loss: 24055.8359 train_distortion: 15.6155 train_mapscore: 0.8212 train_c: -7.5177 train_max_dist: 61.6613 train_imax: 0.3956 train_imin: -7.5177 time: 1.3821s
INFO:root:Epoch: 1390 lr: 0.01 train_loss: 24055.0625 train_distortion: 15.6562 train_mapscore: 0.8208 train_c: -7.5255 train_max_dist: 62.0476 train_imax: 0.4147 train_imin: -7.5255 time: 1.3866s
INFO:root:Epoch: 1395 lr: 0.01 train_loss: 24044.8203 train_distortion: 15.6919 train_mapscore: 0.8214 train_c: -7.5332 train_max_dist: 62.1209 train_imax: 0.4211 train_imin: -7.5332 time: 1.3797s
INFO:root:Epoch: 1400 lr: 0.01 train_loss: 24036.7109 train_distortion: 15.7302 train_mapscore: 0.8213 train_c: -7.5409 train_max_dist: 62.3012 train_imax: 0.4227 train_imin: -7.5409 time: 1.3913s
INFO:root:Epoch: 1405 lr: 0.01 train_loss: 24027.9219 train_distortion: 15.7531 train_mapscore: 0.8214 train_c: -7.5485 train_max_dist: 62.3327 train_imax: 0.4233 train_imin: -7.5485 time: 1.3877s
INFO:root:Epoch: 1410 lr: 0.01 train_loss: 24020.4355 train_distortion: 15.7754 train_mapscore: 0.8214 train_c: -7.5560 train_max_dist: 62.5579 train_imax: 0.4242 train_imin: -7.5560 time: 1.3799s
INFO:root:Epoch: 1415 lr: 0.01 train_loss: 24014.3223 train_distortion: 15.7924 train_mapscore: 0.8209 train_c: -7.5636 train_max_dist: 62.5650 train_imax: 0.4351 train_imin: -7.5636 time: 1.3881s
INFO:root:Epoch: 1420 lr: 0.01 train_loss: 24035.0508 train_distortion: 15.7889 train_mapscore: 0.8224 train_c: -7.5711 train_max_dist: 63.0574 train_imax: 0.4218 train_imin: -7.5711 time: 1.4096s
INFO:root:Epoch: 1425 lr: 0.01 train_loss: 24096.6328 train_distortion: 15.6282 train_mapscore: 0.8207 train_c: -7.5785 train_max_dist: 63.8590 train_imax: 0.5222 train_imin: -7.5785 time: 1.3930s
INFO:root:Epoch: 1430 lr: 0.01 train_loss: 24085.1055 train_distortion: 15.5589 train_mapscore: 0.8202 train_c: -7.5861 train_max_dist: 63.0661 train_imax: 0.6070 train_imin: -7.5861 time: 1.3806s
INFO:root:Epoch: 1435 lr: 0.01 train_loss: 24030.0156 train_distortion: 15.5949 train_mapscore: 0.8211 train_c: -7.5938 train_max_dist: 62.5516 train_imax: 0.4109 train_imin: -7.5938 time: 1.3814s
INFO:root:Epoch: 1440 lr: 0.01 train_loss: 24008.8750 train_distortion: 15.6831 train_mapscore: 0.8212 train_c: -7.6015 train_max_dist: 62.7221 train_imax: 0.3969 train_imin: -7.6015 time: 1.3811s
INFO:root:Epoch: 1445 lr: 0.01 train_loss: 24002.5527 train_distortion: 15.7855 train_mapscore: 0.8212 train_c: -7.6093 train_max_dist: 62.9236 train_imax: 0.4005 train_imin: -7.6093 time: 1.3791s
INFO:root:Epoch: 1450 lr: 0.01 train_loss: 23986.6289 train_distortion: 15.8810 train_mapscore: 0.8219 train_c: -7.6170 train_max_dist: 62.7789 train_imax: 0.4072 train_imin: -7.6170 time: 1.3816s
INFO:root:Epoch: 1455 lr: 0.01 train_loss: 23983.5234 train_distortion: 15.9375 train_mapscore: 0.8218 train_c: -7.6246 train_max_dist: 63.3011 train_imax: 0.3757 train_imin: -7.6246 time: 1.3844s
INFO:root:Epoch: 1460 lr: 0.01 train_loss: 23975.6074 train_distortion: 15.9913 train_mapscore: 0.8222 train_c: -7.6321 train_max_dist: 63.6312 train_imax: 0.3810 train_imin: -7.6321 time: 1.4076s
INFO:root:Epoch: 1465 lr: 0.01 train_loss: 23965.0625 train_distortion: 16.0294 train_mapscore: 0.8218 train_c: -7.6396 train_max_dist: 63.5459 train_imax: 0.3811 train_imin: -7.6396 time: 1.4062s
INFO:root:Epoch: 1470 lr: 0.01 train_loss: 23957.9707 train_distortion: 16.0564 train_mapscore: 0.8222 train_c: -7.6470 train_max_dist: 63.5972 train_imax: 0.4101 train_imin: -7.6469 time: 1.3810s
INFO:root:Epoch: 1475 lr: 0.01 train_loss: 23954.6934 train_distortion: 16.0867 train_mapscore: 0.8220 train_c: -7.6543 train_max_dist: 63.6475 train_imax: 0.4101 train_imin: -7.6543 time: 1.3765s
INFO:root:Epoch: 1480 lr: 0.01 train_loss: 23941.2109 train_distortion: 16.1122 train_mapscore: 0.8220 train_c: -7.6616 train_max_dist: 63.7863 train_imax: 0.4143 train_imin: -7.6616 time: 1.3782s
INFO:root:Epoch: 1485 lr: 0.01 train_loss: 23946.6680 train_distortion: 16.1455 train_mapscore: 0.8222 train_c: -7.6689 train_max_dist: 64.5279 train_imax: 0.4134 train_imin: -7.6689 time: 1.3827s
INFO:root:Epoch: 1490 lr: 0.01 train_loss: 23956.4121 train_distortion: 16.0754 train_mapscore: 0.8212 train_c: -7.6761 train_max_dist: 63.9678 train_imax: 0.4002 train_imin: -7.6761 time: 1.3822s
INFO:root:Epoch: 1495 lr: 0.01 train_loss: 23967.8164 train_distortion: 15.9867 train_mapscore: 0.8210 train_c: -7.6834 train_max_dist: 63.5015 train_imax: 0.3720 train_imin: -7.6834 time: 1.3823s
INFO:root:Epoch: 1500 lr: 0.01 train_loss: 23935.9023 train_distortion: 16.0293 train_mapscore: 0.8219 train_c: -7.6907 train_max_dist: 64.2707 train_imax: 0.3693 train_imin: -7.6907 time: 1.3825s
INFO:root:Epoch: 1505 lr: 0.01 train_loss: 23927.0977 train_distortion: 16.1181 train_mapscore: 0.8220 train_c: -7.6981 train_max_dist: 63.7288 train_imax: 0.3899 train_imin: -7.6981 time: 1.4068s
INFO:root:Epoch: 1510 lr: 0.01 train_loss: 23924.1113 train_distortion: 16.1809 train_mapscore: 0.8225 train_c: -7.7054 train_max_dist: 63.9853 train_imax: 0.3905 train_imin: -7.7054 time: 1.3782s
INFO:root:Epoch: 1515 lr: 0.01 train_loss: 23922.0508 train_distortion: 16.2194 train_mapscore: 0.8220 train_c: -7.7127 train_max_dist: 63.6930 train_imax: 0.4162 train_imin: -7.7127 time: 1.3797s
INFO:root:Epoch: 1520 lr: 0.01 train_loss: 23925.8750 train_distortion: 16.2690 train_mapscore: 0.8221 train_c: -7.7200 train_max_dist: 63.6483 train_imax: 0.4054 train_imin: -7.7200 time: 1.3781s
INFO:root:Epoch: 1525 lr: 0.01 train_loss: 23906.8945 train_distortion: 16.3094 train_mapscore: 0.8223 train_c: -7.7272 train_max_dist: 64.0151 train_imax: 0.4105 train_imin: -7.7271 time: 1.3778s
INFO:root:Epoch: 1530 lr: 0.01 train_loss: 23903.5820 train_distortion: 16.3475 train_mapscore: 0.8223 train_c: -7.7343 train_max_dist: 64.1502 train_imax: 0.3973 train_imin: -7.7343 time: 1.3757s
INFO:root:Epoch: 1535 lr: 0.01 train_loss: 23902.4805 train_distortion: 16.3558 train_mapscore: 0.8225 train_c: -7.7414 train_max_dist: 64.1721 train_imax: 0.3973 train_imin: -7.7414 time: 1.3789s
INFO:root:Epoch: 1540 lr: 0.01 train_loss: 23924.0293 train_distortion: 16.3933 train_mapscore: 0.8222 train_c: -7.7485 train_max_dist: 64.0712 train_imax: 0.4204 train_imin: -7.7485 time: 1.3799s
INFO:root:Epoch: 1545 lr: 0.01 train_loss: 23885.9258 train_distortion: 16.3573 train_mapscore: 0.8227 train_c: -7.7556 train_max_dist: 64.2634 train_imax: 0.4140 train_imin: -7.7555 time: 1.4167s
INFO:root:Epoch: 1550 lr: 0.01 train_loss: 23897.5938 train_distortion: 16.2570 train_mapscore: 0.8222 train_c: -7.7626 train_max_dist: 63.1905 train_imax: 0.4069 train_imin: -7.7626 time: 1.4068s
INFO:root:Epoch: 1555 lr: 0.01 train_loss: 23885.5664 train_distortion: 16.3412 train_mapscore: 0.8224 train_c: -7.7698 train_max_dist: 64.3969 train_imax: 0.3901 train_imin: -7.7697 time: 1.3812s
INFO:root:Epoch: 1560 lr: 0.01 train_loss: 23887.0508 train_distortion: 16.3269 train_mapscore: 0.8222 train_c: -7.7769 train_max_dist: 63.0204 train_imax: 0.3890 train_imin: -7.7769 time: 1.3778s
INFO:root:Epoch: 1565 lr: 0.01 train_loss: 23875.3164 train_distortion: 16.4489 train_mapscore: 0.8230 train_c: -7.7840 train_max_dist: 64.2825 train_imax: 0.3683 train_imin: -7.7840 time: 1.3772s
INFO:root:Epoch: 1570 lr: 0.01 train_loss: 23872.9121 train_distortion: 16.4106 train_mapscore: 0.8219 train_c: -7.7911 train_max_dist: 63.2975 train_imax: 0.3629 train_imin: -7.7911 time: 1.3771s
INFO:root:Epoch: 1575 lr: 0.01 train_loss: 23868.3867 train_distortion: 16.4926 train_mapscore: 0.8228 train_c: -7.7982 train_max_dist: 64.0874 train_imax: 0.3751 train_imin: -7.7982 time: 1.3821s
INFO:root:Epoch: 1580 lr: 0.01 train_loss: 23857.2188 train_distortion: 16.4943 train_mapscore: 0.8223 train_c: -7.8053 train_max_dist: 63.5494 train_imax: 0.4084 train_imin: -7.8052 time: 1.3801s
INFO:root:Epoch: 1585 lr: 0.01 train_loss: 23852.0234 train_distortion: 16.5120 train_mapscore: 0.8223 train_c: -7.8123 train_max_dist: 63.5512 train_imax: 0.4049 train_imin: -7.8123 time: 1.4113s
INFO:root:Epoch: 1590 lr: 0.01 train_loss: 23849.1680 train_distortion: 16.5787 train_mapscore: 0.8230 train_c: -7.8193 train_max_dist: 63.7695 train_imax: 0.3900 train_imin: -7.8193 time: 1.4063s
INFO:root:Epoch: 1595 lr: 0.01 train_loss: 23840.4961 train_distortion: 16.5365 train_mapscore: 0.8227 train_c: -7.8263 train_max_dist: 63.2115 train_imax: 0.3693 train_imin: -7.8263 time: 1.3875s
INFO:root:Epoch: 1600 lr: 0.01 train_loss: 23843.6445 train_distortion: 16.5812 train_mapscore: 0.8230 train_c: -7.8332 train_max_dist: 63.9156 train_imax: 0.3807 train_imin: -7.8332 time: 1.3777s
INFO:root:Epoch: 1605 lr: 0.01 train_loss: 23868.2031 train_distortion: 16.6523 train_mapscore: 0.8225 train_c: -7.8402 train_max_dist: 64.0602 train_imax: 0.3878 train_imin: -7.8401 time: 1.3802s
INFO:root:Epoch: 1610 lr: 0.01 train_loss: 23834.3242 train_distortion: 16.5665 train_mapscore: 0.8229 train_c: -7.8471 train_max_dist: 62.8861 train_imax: 0.3787 train_imin: -7.8471 time: 1.3781s
INFO:root:Epoch: 1615 lr: 0.01 train_loss: 23828.6172 train_distortion: 16.6349 train_mapscore: 0.8227 train_c: -7.8540 train_max_dist: 63.7009 train_imax: 0.3784 train_imin: -7.8540 time: 1.3754s
INFO:root:Epoch: 1620 lr: 0.01 train_loss: 23833.5742 train_distortion: 16.6810 train_mapscore: 0.8227 train_c: -7.8610 train_max_dist: 63.3977 train_imax: 0.3723 train_imin: -7.8610 time: 1.3854s
INFO:root:Epoch: 1625 lr: 0.01 train_loss: 23829.4668 train_distortion: 16.6685 train_mapscore: 0.8231 train_c: -7.8679 train_max_dist: 62.9742 train_imax: 0.3717 train_imin: -7.8679 time: 1.3789s
INFO:root:Epoch: 1630 lr: 0.01 train_loss: 23814.8555 train_distortion: 16.7193 train_mapscore: 0.8227 train_c: -7.8748 train_max_dist: 63.2443 train_imax: 0.3652 train_imin: -7.8748 time: 1.4069s
INFO:root:Epoch: 1635 lr: 0.01 train_loss: 23806.4688 train_distortion: 16.7656 train_mapscore: 0.8232 train_c: -7.8817 train_max_dist: 63.4634 train_imax: 0.3756 train_imin: -7.8816 time: 1.3789s
INFO:root:Epoch: 1640 lr: 0.01 train_loss: 23832.3418 train_distortion: 16.8161 train_mapscore: 0.8230 train_c: -7.8885 train_max_dist: 63.5513 train_imax: 0.3593 train_imin: -7.8885 time: 1.3827s
INFO:root:Epoch: 1645 lr: 0.01 train_loss: 23809.6836 train_distortion: 16.8113 train_mapscore: 0.8236 train_c: -7.8953 train_max_dist: 63.5325 train_imax: 0.3717 train_imin: -7.8953 time: 1.3772s
INFO:root:Epoch: 1650 lr: 0.01 train_loss: 23797.2227 train_distortion: 16.8071 train_mapscore: 0.8233 train_c: -7.9021 train_max_dist: 63.5231 train_imax: 0.3659 train_imin: -7.9021 time: 1.3772s
INFO:root:Epoch: 1655 lr: 0.01 train_loss: 23806.5195 train_distortion: 16.8074 train_mapscore: 0.8234 train_c: -7.9089 train_max_dist: 63.4970 train_imax: 0.3602 train_imin: -7.9089 time: 1.3813s
INFO:root:Epoch: 1660 lr: 0.01 train_loss: 23797.2500 train_distortion: 16.8525 train_mapscore: 0.8237 train_c: -7.9157 train_max_dist: 63.3316 train_imax: 0.3600 train_imin: -7.9156 time: 1.3794s
INFO:root:Epoch: 1665 lr: 0.01 train_loss: 23798.9727 train_distortion: 16.8439 train_mapscore: 0.8232 train_c: -7.9224 train_max_dist: 63.5660 train_imax: 0.3389 train_imin: -7.9224 time: 1.3860s
INFO:root:Epoch: 1670 lr: 0.01 train_loss: 23787.0352 train_distortion: 16.8938 train_mapscore: 0.8232 train_c: -7.9292 train_max_dist: 63.5504 train_imax: 0.3367 train_imin: -7.9292 time: 1.3785s
INFO:root:Epoch: 1675 lr: 0.01 train_loss: 23782.4492 train_distortion: 16.9072 train_mapscore: 0.8242 train_c: -7.9359 train_max_dist: 63.8037 train_imax: 0.3282 train_imin: -7.9359 time: 1.4127s
INFO:root:Epoch: 1680 lr: 0.01 train_loss: 23787.0156 train_distortion: 16.9772 train_mapscore: 0.8236 train_c: -7.9426 train_max_dist: 64.5177 train_imax: 0.3303 train_imin: -7.9426 time: 1.3800s
INFO:root:Epoch: 1685 lr: 0.01 train_loss: 23786.9180 train_distortion: 16.9126 train_mapscore: 0.8235 train_c: -7.9494 train_max_dist: 63.7551 train_imax: 0.3271 train_imin: -7.9494 time: 1.3800s
INFO:root:Epoch: 1690 lr: 0.01 train_loss: 23795.0156 train_distortion: 16.8984 train_mapscore: 0.8235 train_c: -7.9561 train_max_dist: 64.0381 train_imax: 0.3132 train_imin: -7.9561 time: 1.3806s
INFO:root:Epoch: 1695 lr: 0.01 train_loss: 23818.0801 train_distortion: 16.9843 train_mapscore: 0.8236 train_c: -7.9628 train_max_dist: 64.5388 train_imax: 0.3111 train_imin: -7.9628 time: 1.3819s
INFO:root:Epoch: 1700 lr: 0.01 train_loss: 23766.7266 train_distortion: 16.9403 train_mapscore: 0.8233 train_c: -7.9696 train_max_dist: 64.2058 train_imax: 0.3073 train_imin: -7.9696 time: 1.3801s
INFO:root:Epoch: 1705 lr: 0.01 train_loss: 23763.7637 train_distortion: 17.0002 train_mapscore: 0.8238 train_c: -7.9763 train_max_dist: 64.3196 train_imax: 0.2844 train_imin: -7.9763 time: 1.3776s
INFO:root:Epoch: 1710 lr: 0.01 train_loss: 23756.0859 train_distortion: 17.0197 train_mapscore: 0.8232 train_c: -7.9831 train_max_dist: 64.5312 train_imax: 0.2814 train_imin: -7.9831 time: 1.3814s
INFO:root:Epoch: 1715 lr: 0.01 train_loss: 23759.4961 train_distortion: 17.0687 train_mapscore: 0.8239 train_c: -7.9898 train_max_dist: 64.4998 train_imax: 0.2628 train_imin: -7.9898 time: 1.4096s
INFO:root:Epoch: 1720 lr: 0.01 train_loss: 23751.5469 train_distortion: 17.1121 train_mapscore: 0.8240 train_c: -7.9965 train_max_dist: 64.7715 train_imax: 0.2711 train_imin: -7.9965 time: 1.4094s
INFO:root:Epoch: 1725 lr: 0.01 train_loss: 23749.8867 train_distortion: 17.1156 train_mapscore: 0.8240 train_c: -8.0031 train_max_dist: 64.6521 train_imax: 0.2885 train_imin: -8.0031 time: 1.3813s
INFO:root:Epoch: 1730 lr: 0.01 train_loss: 23748.1992 train_distortion: 17.1829 train_mapscore: 0.8242 train_c: -8.0097 train_max_dist: 64.8420 train_imax: 0.2820 train_imin: -8.0097 time: 1.3802s
INFO:root:Epoch: 1735 lr: 0.01 train_loss: 23751.5898 train_distortion: 17.1194 train_mapscore: 0.8239 train_c: -8.0163 train_max_dist: 64.5583 train_imax: 0.2722 train_imin: -8.0163 time: 1.3782s
INFO:root:Epoch: 1740 lr: 0.01 train_loss: 23767.7695 train_distortion: 17.1206 train_mapscore: 0.8228 train_c: -8.0229 train_max_dist: 64.6457 train_imax: 0.2451 train_imin: -8.0229 time: 1.3844s
INFO:root:Epoch: 1745 lr: 0.01 train_loss: 23773.7188 train_distortion: 17.1797 train_mapscore: 0.8243 train_c: -8.0295 train_max_dist: 65.1451 train_imax: 0.2232 train_imin: -8.0295 time: 1.3762s
INFO:root:Epoch: 1750 lr: 0.01 train_loss: 23741.8652 train_distortion: 17.0971 train_mapscore: 0.8231 train_c: -8.0362 train_max_dist: 64.8272 train_imax: 0.2586 train_imin: -8.0361 time: 1.3778s
INFO:root:Epoch: 1755 lr: 0.01 train_loss: 23752.7031 train_distortion: 17.1412 train_mapscore: 0.8234 train_c: -8.0428 train_max_dist: 64.9412 train_imax: 0.2066 train_imin: -8.0428 time: 1.3795s
INFO:root:Epoch: 1760 lr: 0.01 train_loss: 23746.6523 train_distortion: 17.1951 train_mapscore: 0.8240 train_c: -8.0494 train_max_dist: 65.3633 train_imax: 0.1931 train_imin: -8.0494 time: 1.4027s
INFO:root:Epoch: 1765 lr: 0.01 train_loss: 23727.0156 train_distortion: 17.2299 train_mapscore: 0.8236 train_c: -8.0561 train_max_dist: 65.1123 train_imax: 0.2412 train_imin: -8.0561 time: 1.3767s
INFO:root:Epoch: 1770 lr: 0.01 train_loss: 23720.3262 train_distortion: 17.2618 train_mapscore: 0.8239 train_c: -8.0627 train_max_dist: 65.3389 train_imax: 0.1918 train_imin: -8.0627 time: 1.3787s
INFO:root:Epoch: 1775 lr: 0.01 train_loss: 23754.8047 train_distortion: 17.3264 train_mapscore: 0.8244 train_c: -8.0693 train_max_dist: 65.2406 train_imax: 0.1832 train_imin: -8.0692 time: 1.3760s
INFO:root:Epoch: 1780 lr: 0.01 train_loss: 23731.4961 train_distortion: 17.3339 train_mapscore: 0.8243 train_c: -8.0758 train_max_dist: 65.6907 train_imax: 0.2040 train_imin: -8.0758 time: 1.3800s
INFO:root:Epoch: 1785 lr: 0.01 train_loss: 23709.7168 train_distortion: 17.3471 train_mapscore: 0.8244 train_c: -8.0823 train_max_dist: 65.5192 train_imax: 0.2142 train_imin: -8.0823 time: 1.3763s
INFO:root:Epoch: 1790 lr: 0.01 train_loss: 23710.4863 train_distortion: 17.3499 train_mapscore: 0.8240 train_c: -8.0888 train_max_dist: 65.4265 train_imax: 0.1789 train_imin: -8.0888 time: 1.3780s
INFO:root:Epoch: 1795 lr: 0.01 train_loss: 23705.6758 train_distortion: 17.3656 train_mapscore: 0.8242 train_c: -8.0953 train_max_dist: 65.4881 train_imax: 0.1671 train_imin: -8.0953 time: 1.3797s
INFO:root:Epoch: 1800 lr: 0.01 train_loss: 23705.1738 train_distortion: 17.3893 train_mapscore: 0.8238 train_c: -8.1018 train_max_dist: 65.5212 train_imax: 0.1661 train_imin: -8.1018 time: 1.4055s
INFO:root:Epoch: 1805 lr: 0.01 train_loss: 23697.9629 train_distortion: 17.4088 train_mapscore: 0.8247 train_c: -8.1083 train_max_dist: 65.5649 train_imax: 0.1353 train_imin: -8.1083 time: 1.4066s
INFO:root:Epoch: 1810 lr: 0.01 train_loss: 23711.6973 train_distortion: 17.4807 train_mapscore: 0.8243 train_c: -8.1147 train_max_dist: 66.2169 train_imax: 0.1615 train_imin: -8.1147 time: 1.3786s
INFO:root:Epoch: 1815 lr: 0.01 train_loss: 23707.8906 train_distortion: 17.4159 train_mapscore: 0.8237 train_c: -8.1212 train_max_dist: 66.0548 train_imax: 0.1572 train_imin: -8.1211 time: 1.3801s
INFO:root:Epoch: 1820 lr: 0.01 train_loss: 23693.8613 train_distortion: 17.4530 train_mapscore: 0.8251 train_c: -8.1276 train_max_dist: 65.4292 train_imax: 0.1077 train_imin: -8.1276 time: 1.3769s
INFO:root:Epoch: 1825 lr: 0.01 train_loss: 23699.2910 train_distortion: 17.4337 train_mapscore: 0.8238 train_c: -8.1341 train_max_dist: 66.1611 train_imax: 0.1029 train_imin: -8.1340 time: 1.3800s
INFO:root:Epoch: 1830 lr: 0.01 train_loss: 23705.6621 train_distortion: 17.4941 train_mapscore: 0.8248 train_c: -8.1405 train_max_dist: 66.3931 train_imax: 0.1241 train_imin: -8.1405 time: 1.3757s
INFO:root:Epoch: 1835 lr: 0.01 train_loss: 23697.9727 train_distortion: 17.4615 train_mapscore: 0.8240 train_c: -8.1470 train_max_dist: 65.6272 train_imax: 0.1087 train_imin: -8.1470 time: 1.3777s
INFO:root:Epoch: 1840 lr: 0.01 train_loss: 23691.2617 train_distortion: 17.5410 train_mapscore: 0.8249 train_c: -8.1534 train_max_dist: 66.1497 train_imax: 0.0410 train_imin: -8.1534 time: 1.4045s
INFO:root:Epoch: 1845 lr: 0.01 train_loss: 23687.3086 train_distortion: 17.4814 train_mapscore: 0.8237 train_c: -8.1599 train_max_dist: 66.0861 train_imax: 0.0734 train_imin: -8.1598 time: 1.4048s
INFO:root:Epoch: 1850 lr: 0.01 train_loss: 23692.2070 train_distortion: 17.5683 train_mapscore: 0.8244 train_c: -8.1663 train_max_dist: 66.5216 train_imax: 0.0513 train_imin: -8.1663 time: 1.3787s
INFO:root:Epoch: 1855 lr: 0.01 train_loss: 23664.0977 train_distortion: 17.5416 train_mapscore: 0.8245 train_c: -8.1727 train_max_dist: 66.4630 train_imax: 0.0567 train_imin: -8.1727 time: 1.3803s
INFO:root:Epoch: 1860 lr: 0.01 train_loss: 23669.9102 train_distortion: 17.5852 train_mapscore: 0.8249 train_c: -8.1791 train_max_dist: 66.5538 train_imax: 0.0213 train_imin: -8.1791 time: 1.3833s
INFO:root:Epoch: 1865 lr: 0.01 train_loss: 23691.9336 train_distortion: 17.6158 train_mapscore: 0.8247 train_c: -8.1855 train_max_dist: 66.4134 train_imax: 0.0000 train_imin: -8.1855 time: 1.3791s
INFO:root:Epoch: 1870 lr: 0.01 train_loss: 23674.8672 train_distortion: 17.6365 train_mapscore: 0.8245 train_c: -8.1919 train_max_dist: 67.0532 train_imax: 0.0208 train_imin: -8.1919 time: 1.3769s
INFO:root:Epoch: 1875 lr: 0.01 train_loss: 23684.3125 train_distortion: 17.6397 train_mapscore: 0.8243 train_c: -8.1983 train_max_dist: 66.2288 train_imax: 0.0220 train_imin: -8.1983 time: 1.3807s
INFO:root:Epoch: 1880 lr: 0.01 train_loss: 23652.5430 train_distortion: 17.6701 train_mapscore: 0.8249 train_c: -8.2047 train_max_dist: 66.7909 train_imax: 0.0000 train_imin: -8.2047 time: 1.3773s
INFO:root:Epoch: 1885 lr: 0.01 train_loss: 23646.4707 train_distortion: 17.6540 train_mapscore: 0.8247 train_c: -8.2110 train_max_dist: 66.2994 train_imax: 0.0000 train_imin: -8.2110 time: 1.4055s
INFO:root:Epoch: 1890 lr: 0.01 train_loss: 23685.2773 train_distortion: 17.7127 train_mapscore: 0.8251 train_c: -8.2174 train_max_dist: 66.8358 train_imax: 0.0000 train_imin: -8.2174 time: 1.3782s
INFO:root:Epoch: 1895 lr: 0.01 train_loss: 23658.5547 train_distortion: 17.7177 train_mapscore: 0.8255 train_c: -8.2237 train_max_dist: 66.5201 train_imax: 0.0000 train_imin: -8.2237 time: 1.3792s
INFO:root:Epoch: 1900 lr: 0.01 train_loss: 23646.2930 train_distortion: 17.7474 train_mapscore: 0.8251 train_c: -8.2300 train_max_dist: 66.8505 train_imax: 0.0000 train_imin: -8.2300 time: 1.3834s
INFO:root:Epoch: 1905 lr: 0.01 train_loss: 23653.9746 train_distortion: 17.7277 train_mapscore: 0.8245 train_c: -8.2363 train_max_dist: 66.6586 train_imax: 0.0000 train_imin: -8.2363 time: 1.3768s
INFO:root:Epoch: 1910 lr: 0.01 train_loss: 23636.5957 train_distortion: 17.7476 train_mapscore: 0.8250 train_c: -8.2426 train_max_dist: 66.7088 train_imax: 0.0000 train_imin: -8.2426 time: 1.3759s
INFO:root:Epoch: 1915 lr: 0.01 train_loss: 23637.2344 train_distortion: 17.7672 train_mapscore: 0.8251 train_c: -8.2489 train_max_dist: 67.2091 train_imax: 0.0000 train_imin: -8.2489 time: 1.3787s
INFO:root:Epoch: 1920 lr: 0.01 train_loss: 23639.0742 train_distortion: 17.7400 train_mapscore: 0.8248 train_c: -8.2553 train_max_dist: 66.7391 train_imax: 0.0000 train_imin: -8.2552 time: 1.3773s
INFO:root:Epoch: 1925 lr: 0.01 train_loss: 23637.7578 train_distortion: 17.7984 train_mapscore: 0.8255 train_c: -8.2616 train_max_dist: 67.1760 train_imax: 0.0000 train_imin: -8.2616 time: 1.3829s
INFO:root:Epoch: 1930 lr: 0.01 train_loss: 23626.5996 train_distortion: 17.7958 train_mapscore: 0.8254 train_c: -8.2679 train_max_dist: 67.1784 train_imax: 0.0000 train_imin: -8.2679 time: 1.4025s
INFO:root:Epoch: 1935 lr: 0.01 train_loss: 23633.0664 train_distortion: 17.8016 train_mapscore: 0.8252 train_c: -8.2742 train_max_dist: 67.4237 train_imax: 0.0000 train_imin: -8.2742 time: 1.3735s
INFO:root:Epoch: 1940 lr: 0.01 train_loss: 23624.9492 train_distortion: 17.8513 train_mapscore: 0.8255 train_c: -8.2805 train_max_dist: 67.0689 train_imax: 0.0000 train_imin: -8.2805 time: 1.3782s
INFO:root:Epoch: 1945 lr: 0.01 train_loss: 23643.0527 train_distortion: 17.8360 train_mapscore: 0.8252 train_c: -8.2868 train_max_dist: 67.0807 train_imax: 0.0000 train_imin: -8.2868 time: 1.3776s
INFO:root:Epoch: 1950 lr: 0.01 train_loss: 23622.9199 train_distortion: 17.8893 train_mapscore: 0.8255 train_c: -8.2931 train_max_dist: 67.6109 train_imax: 0.0000 train_imin: -8.2931 time: 1.3785s
INFO:root:Epoch: 1955 lr: 0.01 train_loss: 23614.9980 train_distortion: 17.8414 train_mapscore: 0.8249 train_c: -8.2994 train_max_dist: 66.9867 train_imax: 0.0000 train_imin: -8.2994 time: 1.3753s
INFO:root:Epoch: 1960 lr: 0.01 train_loss: 23615.5059 train_distortion: 17.9208 train_mapscore: 0.8253 train_c: -8.3057 train_max_dist: 67.4670 train_imax: 0.0000 train_imin: -8.3057 time: 1.3765s
INFO:root:Epoch: 1965 lr: 0.01 train_loss: 23603.2734 train_distortion: 17.9010 train_mapscore: 0.8253 train_c: -8.3120 train_max_dist: 67.4967 train_imax: 0.0000 train_imin: -8.3120 time: 1.3746s
INFO:root:Epoch: 1970 lr: 0.01 train_loss: 23608.5625 train_distortion: 17.9154 train_mapscore: 0.8248 train_c: -8.3183 train_max_dist: 67.2634 train_imax: 0.0000 train_imin: -8.3183 time: 1.4028s
INFO:root:Epoch: 1975 lr: 0.01 train_loss: 23614.1523 train_distortion: 17.9873 train_mapscore: 0.8256 train_c: -8.3246 train_max_dist: 67.3846 train_imax: 0.0000 train_imin: -8.3245 time: 1.4040s
INFO:root:Epoch: 1980 lr: 0.01 train_loss: 23616.3828 train_distortion: 17.9401 train_mapscore: 0.8250 train_c: -8.3308 train_max_dist: 67.3697 train_imax: 0.0000 train_imin: -8.3308 time: 1.3779s
INFO:root:Epoch: 1985 lr: 0.01 train_loss: 23609.0137 train_distortion: 18.0250 train_mapscore: 0.8256 train_c: -8.3371 train_max_dist: 67.8929 train_imax: 0.0000 train_imin: -8.3370 time: 1.3787s
INFO:root:Epoch: 1990 lr: 0.01 train_loss: 23596.1445 train_distortion: 17.9758 train_mapscore: 0.8261 train_c: -8.3433 train_max_dist: 67.3662 train_imax: 0.0000 train_imin: -8.3433 time: 1.3753s
INFO:root:Epoch: 1995 lr: 0.01 train_loss: 23612.1523 train_distortion: 18.0500 train_mapscore: 0.8252 train_c: -8.3495 train_max_dist: 67.7808 train_imax: 0.0000 train_imin: -8.3495 time: 1.3784s
INFO:root:Epoch: 2000 lr: 0.0025 train_loss: 23591.2852 train_distortion: 18.0538 train_mapscore: 0.8257 train_c: -8.3557 train_max_dist: 67.5075 train_imax: 0.0000 train_imin: -8.3557 time: 1.3761s
INFO:root:Optimization Finished!
INFO:root:Total time elapsed: 2778.9252s
INFO:root:Val set results: val_distortion: 1.0000 val_mapscore: -1.0000 val_c: -1.0000 val_max_dist: 0.0000
INFO:root:Test set results: test_loss: 23604.4883 test_distortion: 18.0339 test_mapscore: 0.8251 test_c: -8.3570 test_max_dist: 67.5143 test_imax: 0.0000 test_imin: -8.3570
INFO:root:Saved model in /workspace/xiongbo/hgcn/logs/md/2021_4_30/4
