INFO:root:Using: cuda:0
INFO:root:Using seed 1234.
INFO:root:MDModel(
  (encoder): HGCN(
    (layers): Sequential(
      (0): HyperbolicGraphConvolution(
        (linear): HypLinear(
          in_features=3032, out_features=10, c=Parameter containing:
          tensor([-1.], requires_grad=True)
        )
        (agg): HypAgg(
          c=Parameter containing:
          tensor([-1.], requires_grad=True)
        )
        (hyp_act): HypAct(
          c_in=Parameter containing:
          tensor([-1.], requires_grad=True), c_out=Parameter containing:
          tensor([-1.], requires_grad=True)
        )
      )
    )
  )
  (decoder): MDDecoder()
)
INFO:root:Total number of parameters: 30332
/workspace/anaconda3/envs/geo/lib/python3.7/site-packages/torch/optim/lr_scheduler.py:370: UserWarning: To get the last learning rate computed by the scheduler, please use `get_last_lr()`.
  "please use `get_last_lr()`.", UserWarning)
INFO:root:Epoch: 0005 lr: 0.01 train_loss: 98477.1016 train_distortion: 0.7228 train_mapscore: 0.0525 train_c: -1.0130 train_max_dist: 2.6571 train_imax: -0.0000 train_imin: -1.2174 time: 1.9547s
INFO:root:Epoch: 0010 lr: 0.01 train_loss: 95131.3281 train_distortion: 0.6232 train_mapscore: 0.1292 train_c: -1.0611 train_max_dist: 3.5729 train_imax: -0.0000 train_imin: -1.2494 time: 1.7970s
INFO:root:Epoch: 0015 lr: 0.01 train_loss: 93446.4531 train_distortion: 0.5719 train_mapscore: 0.1799 train_c: -1.1131 train_max_dist: 4.1541 train_imax: -0.0000 train_imin: -1.3468 time: 1.7416s
INFO:root:Epoch: 0020 lr: 0.01 train_loss: 92008.7188 train_distortion: 0.5262 train_mapscore: 0.2115 train_c: -1.1671 train_max_dist: 4.7373 train_imax: 0.0264 train_imin: -1.3841 time: 1.6978s
INFO:root:Epoch: 0025 lr: 0.01 train_loss: 90690.8281 train_distortion: 0.4755 train_mapscore: 0.2282 train_c: -1.2227 train_max_dist: 6.8304 train_imax: 0.0000 train_imin: -1.3959 time: 1.6849s
INFO:root:Epoch: 0030 lr: 0.01 train_loss: 89303.2578 train_distortion: 0.4183 train_mapscore: 0.2364 train_c: -1.2793 train_max_dist: 6.0113 train_imax: 0.0000 train_imin: -1.4533 time: 1.6637s
INFO:root:Epoch: 0035 lr: 0.01 train_loss: 87338.2500 train_distortion: 0.3535 train_mapscore: 0.2392 train_c: -1.3368 train_max_dist: 8.0991 train_imax: 0.0000 train_imin: -1.4970 time: 1.6484s
INFO:root:Epoch: 0040 lr: 0.01 train_loss: 84767.2344 train_distortion: 0.2820 train_mapscore: 0.2386 train_c: -1.3952 train_max_dist: 10.4908 train_imax: 0.0000 train_imin: -1.5707 time: 1.6736s
INFO:root:Epoch: 0045 lr: 0.01 train_loss: 80442.9297 train_distortion: 0.2206 train_mapscore: 0.2739 train_c: -1.4545 train_max_dist: 14.2266 train_imax: 0.0000 train_imin: -1.9398 time: 1.6255s
INFO:root:Epoch: 0050 lr: 0.01 train_loss: 75353.8984 train_distortion: 0.2334 train_mapscore: 0.3258 train_c: -1.5139 train_max_dist: 14.2202 train_imax: 0.0000 train_imin: -2.3070 time: 1.5995s
INFO:root:Epoch: 0055 lr: 0.01 train_loss: 67784.9219 train_distortion: 0.6933 train_mapscore: 0.3716 train_c: -1.5721 train_max_dist: 15.8750 train_imax: 0.6956 train_imin: -3.2760 time: 1.6040s
INFO:root:Epoch: 0060 lr: 0.01 train_loss: 55526.8789 train_distortion: 0.7797 train_mapscore: 0.3936 train_c: -1.6246 train_max_dist: 16.5000 train_imax: 2.3477 train_imin: -4.5824 time: 1.7192s
INFO:root:Epoch: 0065 lr: 0.01 train_loss: 45452.8164 train_distortion: 9.9436 train_mapscore: 0.4189 train_c: -1.6575 train_max_dist: 34.8995 train_imax: 10.4683 train_imin: -10.6948 time: 1.8072s
INFO:root:Epoch: 0070 lr: 0.01 train_loss: 32551.1074 train_distortion: 8.9466 train_mapscore: 0.5866 train_c: -1.6728 train_max_dist: 33.9582 train_imax: 10.1707 train_imin: -9.5957 time: 1.7622s
INFO:root:Epoch: 0075 lr: 0.01 train_loss: 25319.2539 train_distortion: 12.9359 train_mapscore: 0.7177 train_c: -1.6684 train_max_dist: 37.8894 train_imax: 12.8601 train_imin: -12.8185 time: 1.7554s
INFO:root:Epoch: 0080 lr: 0.01 train_loss: 19635.6582 train_distortion: 20.9896 train_mapscore: 0.8452 train_c: -1.6521 train_max_dist: 43.1618 train_imax: 16.8048 train_imin: -17.4622 time: 1.7568s
INFO:root:Epoch: 0085 lr: 0.01 train_loss: 16398.1094 train_distortion: 28.7011 train_mapscore: 0.9089 train_c: -1.6332 train_max_dist: 47.7385 train_imax: 20.2776 train_imin: -21.4746 time: 1.7537s
INFO:root:Epoch: 0090 lr: 0.01 train_loss: 15513.0244 train_distortion: 31.9330 train_mapscore: 0.9282 train_c: -1.6169 train_max_dist: 48.2267 train_imax: 19.8310 train_imin: -21.1022 time: 1.7469s
INFO:root:Epoch: 0095 lr: 0.01 train_loss: 13454.5215 train_distortion: 31.2297 train_mapscore: 0.9453 train_c: -1.6008 train_max_dist: 46.6340 train_imax: 17.5955 train_imin: -23.0068 time: 1.7502s
INFO:root:Epoch: 0100 lr: 0.01 train_loss: 11393.9453 train_distortion: 30.6699 train_mapscore: 0.9664 train_c: -1.5829 train_max_dist: 44.9369 train_imax: 15.7646 train_imin: -28.7205 time: 1.7542s
INFO:root:Epoch: 0105 lr: 0.01 train_loss: 10394.0762 train_distortion: 31.6644 train_mapscore: 0.9737 train_c: -1.5635 train_max_dist: 45.1260 train_imax: 15.8624 train_imin: -35.3167 time: 1.7546s
INFO:root:Epoch: 0110 lr: 0.01 train_loss: 9508.8232 train_distortion: 32.9362 train_mapscore: 0.9777 train_c: -1.5440 train_max_dist: 45.4623 train_imax: 15.8695 train_imin: -32.4787 time: 1.7533s
INFO:root:Epoch: 0115 lr: 0.01 train_loss: 9181.4121 train_distortion: 33.4874 train_mapscore: 0.9799 train_c: -1.5262 train_max_dist: 45.5313 train_imax: 15.7258 train_imin: -25.5593 time: 1.7522s
INFO:root:Epoch: 0120 lr: 0.01 train_loss: 8670.1367 train_distortion: 33.0178 train_mapscore: 0.9826 train_c: -1.5109 train_max_dist: 45.2893 train_imax: 15.1442 train_imin: -24.5061 time: 1.7480s
INFO:root:Epoch: 0125 lr: 0.01 train_loss: 8218.1455 train_distortion: 32.7307 train_mapscore: 0.9814 train_c: -1.4951 train_max_dist: 45.1485 train_imax: 14.7024 train_imin: -19.0496 time: 1.7490s
INFO:root:Epoch: 0130 lr: 0.01 train_loss: 7849.5063 train_distortion: 32.8513 train_mapscore: 0.9852 train_c: -1.4788 train_max_dist: 45.0181 train_imax: 14.2823 train_imin: -17.5651 time: 1.7469s
INFO:root:Epoch: 0135 lr: 0.01 train_loss: 8145.8008 train_distortion: 32.8691 train_mapscore: 0.9837 train_c: -1.4634 train_max_dist: 44.8175 train_imax: 14.0220 train_imin: -16.8637 time: 1.7535s
INFO:root:Epoch: 0140 lr: 0.01 train_loss: 7409.8428 train_distortion: 32.4563 train_mapscore: 0.9877 train_c: -1.4483 train_max_dist: 44.7438 train_imax: 13.5981 train_imin: -15.4334 time: 1.7437s
INFO:root:Epoch: 0145 lr: 0.01 train_loss: 7269.2866 train_distortion: 32.2953 train_mapscore: 0.9897 train_c: -1.4327 train_max_dist: 44.5904 train_imax: 12.7934 train_imin: -14.2292 time: 1.7451s
INFO:root:Epoch: 0150 lr: 0.01 train_loss: 7034.0688 train_distortion: 32.2417 train_mapscore: 0.9895 train_c: -1.4171 train_max_dist: 44.6193 train_imax: 12.4070 train_imin: -14.2779 time: 1.7423s
INFO:root:Epoch: 0155 lr: 0.01 train_loss: 7143.7178 train_distortion: 32.1216 train_mapscore: 0.9899 train_c: -1.4019 train_max_dist: 44.5000 train_imax: 11.8620 train_imin: -13.6771 time: 1.7429s
INFO:root:Epoch: 0160 lr: 0.01 train_loss: 6853.8916 train_distortion: 31.7094 train_mapscore: 0.9901 train_c: -1.3873 train_max_dist: 44.0540 train_imax: 11.1998 train_imin: -13.2828 time: 1.7420s
INFO:root:Epoch: 0165 lr: 0.01 train_loss: 6715.0225 train_distortion: 31.3125 train_mapscore: 0.9913 train_c: -1.3736 train_max_dist: 43.8260 train_imax: 10.6246 train_imin: -13.1200 time: 1.7442s
INFO:root:Epoch: 0170 lr: 0.01 train_loss: 6498.0791 train_distortion: 31.0200 train_mapscore: 0.9924 train_c: -1.3597 train_max_dist: 43.5620 train_imax: 9.9938 train_imin: -12.9639 time: 1.7408s
INFO:root:Epoch: 0175 lr: 0.01 train_loss: 6327.4893 train_distortion: 30.7436 train_mapscore: 0.9923 train_c: -1.3458 train_max_dist: 43.2996 train_imax: 9.5518 train_imin: -12.9637 time: 1.7398s
INFO:root:Epoch: 0180 lr: 0.01 train_loss: 6170.0288 train_distortion: 30.5454 train_mapscore: 0.9942 train_c: -1.3322 train_max_dist: 43.3282 train_imax: 8.9634 train_imin: -12.8512 time: 1.7402s
INFO:root:Epoch: 0185 lr: 0.01 train_loss: 6240.6797 train_distortion: 30.2333 train_mapscore: 0.9944 train_c: -1.3191 train_max_dist: 42.9947 train_imax: 8.4753 train_imin: -12.4469 time: 1.7431s
INFO:root:Epoch: 0190 lr: 0.01 train_loss: 6043.8945 train_distortion: 29.8920 train_mapscore: 0.9945 train_c: -1.3065 train_max_dist: 42.6295 train_imax: 8.7334 train_imin: -12.5913 time: 1.7439s
INFO:root:Epoch: 0195 lr: 0.01 train_loss: 6050.3696 train_distortion: 29.6330 train_mapscore: 0.9938 train_c: -1.2930 train_max_dist: 42.4591 train_imax: 10.1436 train_imin: -12.2791 time: 1.7437s
INFO:root:Epoch: 0200 lr: 0.01 train_loss: 5860.2500 train_distortion: 29.3411 train_mapscore: 0.9943 train_c: -1.2801 train_max_dist: 42.1897 train_imax: 9.8936 train_imin: -12.2593 time: 1.7437s
INFO:root:Epoch: 0205 lr: 0.01 train_loss: 5840.1631 train_distortion: 29.1531 train_mapscore: 0.9940 train_c: -1.2674 train_max_dist: 41.9076 train_imax: 10.5213 train_imin: -12.2990 time: 1.7449s
INFO:root:Epoch: 0210 lr: 0.01 train_loss: 5829.5366 train_distortion: 28.8087 train_mapscore: 0.9942 train_c: -1.2549 train_max_dist: 41.6184 train_imax: 10.7413 train_imin: -12.2523 time: 1.7416s
INFO:root:Epoch: 0215 lr: 0.01 train_loss: 5600.0586 train_distortion: 28.4754 train_mapscore: 0.9944 train_c: -1.2426 train_max_dist: 41.4107 train_imax: 10.7922 train_imin: -11.9907 time: 1.7418s
INFO:root:Epoch: 0220 lr: 0.01 train_loss: 5630.7227 train_distortion: 28.2554 train_mapscore: 0.9950 train_c: -1.2307 train_max_dist: 41.2947 train_imax: 11.2453 train_imin: -11.6852 time: 1.7476s
INFO:root:Epoch: 0225 lr: 0.01 train_loss: 5587.1753 train_distortion: 27.9620 train_mapscore: 0.9948 train_c: -1.2187 train_max_dist: 41.0703 train_imax: 11.4954 train_imin: -11.5422 time: 1.7449s
INFO:root:Epoch: 0230 lr: 0.01 train_loss: 5495.5903 train_distortion: 27.6512 train_mapscore: 0.9943 train_c: -1.2074 train_max_dist: 40.9008 train_imax: 11.2879 train_imin: -11.8651 time: 1.7439s
INFO:root:Epoch: 0235 lr: 0.01 train_loss: 5436.5215 train_distortion: 27.3557 train_mapscore: 0.9949 train_c: -1.1963 train_max_dist: 40.6410 train_imax: 12.0691 train_imin: -11.6394 time: 1.7476s
INFO:root:Epoch: 0240 lr: 0.01 train_loss: 5416.6646 train_distortion: 27.0147 train_mapscore: 0.9953 train_c: -1.1853 train_max_dist: 40.3900 train_imax: 11.3669 train_imin: -11.4392 time: 1.7483s
INFO:root:Epoch: 0245 lr: 0.01 train_loss: 5446.1406 train_distortion: 26.7300 train_mapscore: 0.9950 train_c: -1.1742 train_max_dist: 40.1037 train_imax: 11.8633 train_imin: -11.2855 time: 1.7470s
INFO:root:Epoch: 0250 lr: 0.01 train_loss: 5364.7695 train_distortion: 26.3920 train_mapscore: 0.9951 train_c: -1.1637 train_max_dist: 39.9589 train_imax: 11.8045 train_imin: -11.2690 time: 1.7463s
INFO:root:Epoch: 0255 lr: 0.01 train_loss: 19236.4434 train_distortion: 21.9548 train_mapscore: 0.8857 train_c: -1.1692 train_max_dist: 37.7867 train_imax: 13.4888 train_imin: -9.2136 time: 1.7552s
INFO:root:Epoch: 0260 lr: 0.01 train_loss: 30343.1953 train_distortion: 12.3870 train_mapscore: 0.6344 train_c: -1.1912 train_max_dist: 31.3556 train_imax: 9.0866 train_imin: -6.8249 time: 1.7733s
INFO:root:Epoch: 0265 lr: 0.01 train_loss: 37771.3359 train_distortion: 7.0688 train_mapscore: 0.4936 train_c: -1.2128 train_max_dist: 27.2747 train_imax: 12.4021 train_imin: -5.5371 time: 1.7695s
INFO:root:Epoch: 0270 lr: 0.01 train_loss: 38961.2734 train_distortion: 7.2271 train_mapscore: 0.4595 train_c: -1.2038 train_max_dist: 27.7108 train_imax: 16.1350 train_imin: -5.7369 time: 1.7723s
INFO:root:Epoch: 0275 lr: 0.01 train_loss: 35960.5000 train_distortion: 9.2365 train_mapscore: 0.5105 train_c: -1.1764 train_max_dist: 29.6968 train_imax: 20.1376 train_imin: -7.1863 time: 1.7792s
INFO:root:Epoch: 0280 lr: 0.01 train_loss: 31147.7617 train_distortion: 11.0640 train_mapscore: 0.5987 train_c: -1.1471 train_max_dist: 31.3879 train_imax: 23.0628 train_imin: -8.7856 time: 1.7683s
INFO:root:Epoch: 0285 lr: 0.01 train_loss: 26791.3320 train_distortion: 13.0416 train_mapscore: 0.6895 train_c: -1.1175 train_max_dist: 33.1504 train_imax: 25.7729 train_imin: -10.0558 time: 1.7612s
INFO:root:Epoch: 0290 lr: 0.01 train_loss: 23111.6113 train_distortion: 15.1084 train_mapscore: 0.7774 train_c: -1.0895 train_max_dist: 34.6327 train_imax: 28.8613 train_imin: -12.2041 time: 1.7649s
INFO:root:Epoch: 0295 lr: 0.01 train_loss: 19586.2734 train_distortion: 17.2203 train_mapscore: 0.8428 train_c: -1.0646 train_max_dist: 36.0330 train_imax: 31.7214 train_imin: -14.4033 time: 1.7671s
INFO:root:Epoch: 0300 lr: 0.01 train_loss: 16976.4980 train_distortion: 19.4664 train_mapscore: 0.8886 train_c: -1.0421 train_max_dist: 37.4302 train_imax: 34.6316 train_imin: -16.4497 time: 1.7602s
INFO:root:Epoch: 0305 lr: 0.01 train_loss: 23770.9219 train_distortion: 17.9800 train_mapscore: 0.7442 train_c: -1.0370 train_max_dist: 36.3471 train_imax: 30.8708 train_imin: -14.4967 time: 1.7601s
INFO:root:Epoch: 0310 lr: 0.01 train_loss: 22639.6484 train_distortion: 15.5289 train_mapscore: 0.7535 train_c: -1.0256 train_max_dist: 34.7206 train_imax: 25.6051 train_imin: -12.6846 time: 1.7617s
INFO:root:Epoch: 0315 lr: 0.01 train_loss: 20251.1445 train_distortion: 15.2326 train_mapscore: 0.8084 train_c: -1.0047 train_max_dist: 34.2293 train_imax: 24.8552 train_imin: -12.4279 time: 1.7619s
INFO:root:Epoch: 0320 lr: 0.01 train_loss: 18241.0859 train_distortion: 17.0890 train_mapscore: 0.8636 train_c: -0.9785 train_max_dist: 35.2375 train_imax: 27.8623 train_imin: -14.0088 time: 1.7660s
INFO:root:Epoch: 0325 lr: 0.01 train_loss: 20839.0664 train_distortion: 17.5814 train_mapscore: 0.7908 train_c: -0.9745 train_max_dist: 35.4762 train_imax: 27.8241 train_imin: -14.8423 time: 1.7722s
INFO:root:Epoch: 0330 lr: 0.01 train_loss: 28102.3320 train_distortion: 14.1668 train_mapscore: 0.6469 train_c: -1.0002 train_max_dist: 33.7831 train_imax: 21.7939 train_imin: -13.0424 time: 1.7719s
INFO:root:Epoch: 0335 lr: 0.01 train_loss: 27757.7930 train_distortion: 11.5184 train_mapscore: 0.6430 train_c: -1.0108 train_max_dist: 31.8120 train_imax: 17.5070 train_imin: -10.8139 time: 1.7661s
INFO:root:Epoch: 0340 lr: 0.01 train_loss: 26456.1426 train_distortion: 11.3271 train_mapscore: 0.6576 train_c: -1.0049 train_max_dist: 31.5975 train_imax: 16.7103 train_imin: -10.8764 time: 1.7671s
INFO:root:Epoch: 0345 lr: 0.01 train_loss: 23821.4844 train_distortion: 13.0929 train_mapscore: 0.7216 train_c: -0.9880 train_max_dist: 32.9343 train_imax: 19.4156 train_imin: -12.3289 time: 1.7727s
INFO:root:Epoch: 0350 lr: 0.01 train_loss: 20535.7812 train_distortion: 15.4463 train_mapscore: 0.8023 train_c: -0.9677 train_max_dist: 34.5980 train_imax: 23.3278 train_imin: -14.7339 time: 1.7666s
INFO:root:Epoch: 0355 lr: 0.01 train_loss: 17630.4863 train_distortion: 17.5794 train_mapscore: 0.8657 train_c: -0.9471 train_max_dist: 35.9674 train_imax: 26.9659 train_imin: -16.8330 time: 1.7640s
INFO:root:Epoch: 0360 lr: 0.01 train_loss: 15323.4023 train_distortion: 19.3065 train_mapscore: 0.9068 train_c: -0.9283 train_max_dist: 36.9263 train_imax: 29.7094 train_imin: -19.0100 time: 1.7591s
INFO:root:Epoch: 0365 lr: 0.01 train_loss: 13686.9648 train_distortion: 20.6722 train_mapscore: 0.9312 train_c: -0.9115 train_max_dist: 37.6199 train_imax: 31.9812 train_imin: -20.4781 time: 1.8072s
INFO:root:Epoch: 0370 lr: 0.01 train_loss: 17477.1055 train_distortion: 21.1741 train_mapscore: 0.8644 train_c: -0.9012 train_max_dist: 37.8467 train_imax: 32.3088 train_imin: -22.3058 time: 1.7607s
INFO:root:Epoch: 0375 lr: 0.01 train_loss: 23555.4902 train_distortion: 17.2213 train_mapscore: 0.7291 train_c: -0.9012 train_max_dist: 35.4403 train_imax: 22.0363 train_imin: -19.1513 time: 1.7655s
INFO:root:Epoch: 0380 lr: 0.01 train_loss: 22011.3867 train_distortion: 13.6352 train_mapscore: 0.7528 train_c: -0.8943 train_max_dist: 32.8547 train_imax: 16.4025 train_imin: -18.7726 time: 1.7648s
INFO:root:Epoch: 0385 lr: 0.01 train_loss: 19958.6562 train_distortion: 13.1958 train_mapscore: 0.8025 train_c: -0.8790 train_max_dist: 32.4733 train_imax: 16.2660 train_imin: -17.9932 time: 1.7607s
INFO:root:Epoch: 0390 lr: 0.01 train_loss: 17617.7617 train_distortion: 15.0190 train_mapscore: 0.8537 train_c: -0.8582 train_max_dist: 33.6785 train_imax: 18.9634 train_imin: -19.7031 time: 1.7604s
INFO:root:Epoch: 0395 lr: 0.01 train_loss: 15008.7969 train_distortion: 17.3361 train_mapscore: 0.9034 train_c: -0.8373 train_max_dist: 35.2301 train_imax: 22.7734 train_imin: -24.9783 time: 1.7590s
INFO:root:Epoch: 0400 lr: 0.01 train_loss: 13281.9414 train_distortion: 18.9991 train_mapscore: 0.9322 train_c: -0.8205 train_max_dist: 36.2188 train_imax: 25.6599 train_imin: -29.2320 time: 1.7547s
INFO:root:Epoch: 0405 lr: 0.01 train_loss: 37070.9609 train_distortion: 12.1649 train_mapscore: 0.5116 train_c: -0.8478 train_max_dist: 31.3365 train_imax: 19.1562 train_imin: -14.7422 time: 1.7653s
INFO:root:Epoch: 0410 lr: 0.01 train_loss: 42315.8672 train_distortion: 6.3014 train_mapscore: 0.3978 train_c: -0.8807 train_max_dist: 25.8604 train_imax: 18.8877 train_imin: -9.3641 time: 1.7845s
INFO:root:Epoch: 0415 lr: 0.01 train_loss: 44925.4961 train_distortion: 4.3563 train_mapscore: 0.3601 train_c: -0.8980 train_max_dist: 23.2259 train_imax: 14.0426 train_imin: -7.9953 time: 1.7810s
INFO:root:Epoch: 0420 lr: 0.01 train_loss: 43509.6797 train_distortion: 4.6852 train_mapscore: 0.3676 train_c: -0.8955 train_max_dist: 23.5407 train_imax: 9.4381 train_imin: -8.5863 time: 1.7767s
INFO:root:Epoch: 0425 lr: 0.01 train_loss: 41043.7812 train_distortion: 5.7709 train_mapscore: 0.4015 train_c: -0.8846 train_max_dist: 24.9142 train_imax: 9.3122 train_imin: -9.8946 time: 1.7722s
INFO:root:Epoch: 0430 lr: 0.01 train_loss: 37698.6328 train_distortion: 6.6485 train_mapscore: 0.4602 train_c: -0.8746 train_max_dist: 25.9216 train_imax: 10.5888 train_imin: -10.4333 time: 1.7691s
INFO:root:Epoch: 0435 lr: 0.01 train_loss: 34406.1641 train_distortion: 7.7106 train_mapscore: 0.5284 train_c: -0.8644 train_max_dist: 27.0079 train_imax: 12.1940 train_imin: -11.5133 time: 1.7766s
INFO:root:Epoch: 0440 lr: 0.01 train_loss: 31259.1094 train_distortion: 9.0139 train_mapscore: 0.5960 train_c: -0.8552 train_max_dist: 28.2253 train_imax: 14.2418 train_imin: -12.5671 time: 1.7708s
INFO:root:Epoch: 0445 lr: 0.01 train_loss: 28275.3555 train_distortion: 10.3834 train_mapscore: 0.6654 train_c: -0.8483 train_max_dist: 29.3935 train_imax: 16.5005 train_imin: -14.1907 time: 1.7691s
INFO:root:Epoch: 0450 lr: 0.01 train_loss: 26842.3867 train_distortion: 11.5485 train_mapscore: 0.6784 train_c: -0.8467 train_max_dist: 30.3661 train_imax: 17.8620 train_imin: -15.5054 time: 1.7734s
INFO:root:Epoch: 0455 lr: 0.01 train_loss: 25263.5234 train_distortion: 12.7614 train_mapscore: 0.7298 train_c: -0.8432 train_max_dist: 31.3062 train_imax: 19.9445 train_imin: -21.5912 time: 1.7743s
INFO:root:Epoch: 0460 lr: 0.01 train_loss: 22729.0352 train_distortion: 13.9069 train_mapscore: 0.7871 train_c: -0.8360 train_max_dist: 32.0780 train_imax: 21.4788 train_imin: -32.0033 time: 1.7686s
INFO:root:Epoch: 0465 lr: 0.01 train_loss: 20964.3262 train_distortion: 15.1987 train_mapscore: 0.8320 train_c: -0.8283 train_max_dist: 32.9735 train_imax: 24.0107 train_imin: -32.6522 time: 1.7682s
INFO:root:Epoch: 0470 lr: 0.01 train_loss: 19197.6895 train_distortion: 16.5600 train_mapscore: 0.8655 train_c: -0.8202 train_max_dist: 33.8642 train_imax: 26.8853 train_imin: -33.6209 time: 1.7688s
INFO:root:Epoch: 0475 lr: 0.01 train_loss: 18996.3398 train_distortion: 17.7193 train_mapscore: 0.8646 train_c: -0.8120 train_max_dist: 34.5976 train_imax: 29.7400 train_imin: -36.4582 time: 1.7728s
INFO:root:Epoch: 0480 lr: 0.01 train_loss: 33567.4297 train_distortion: 16.7279 train_mapscore: 0.5556 train_c: -0.8243 train_max_dist: 34.1491 train_imax: 27.6477 train_imin: -29.0021 time: 1.7713s
INFO:root:Epoch: 0485 lr: 0.01 train_loss: 37329.3750 train_distortion: 11.3166 train_mapscore: 0.4510 train_c: -0.8453 train_max_dist: 30.2996 train_imax: 18.1123 train_imin: -16.6340 time: 1.7731s
INFO:root:Epoch: 0490 lr: 0.01 train_loss: 36786.0312 train_distortion: 7.3246 train_mapscore: 0.4528 train_c: -0.8554 train_max_dist: 26.5579 train_imax: 11.8919 train_imin: -10.8220 time: 1.7739s
INFO:root:Epoch: 0495 lr: 0.01 train_loss: 35683.2812 train_distortion: 6.6665 train_mapscore: 0.4770 train_c: -0.8491 train_max_dist: 25.8031 train_imax: 10.9964 train_imin: -9.1156 time: 1.7748s
INFO:root:Epoch: 0500 lr: 0.01 train_loss: 33880.0547 train_distortion: 7.4667 train_mapscore: 0.5090 train_c: -0.8367 train_max_dist: 26.6061 train_imax: 12.8284 train_imin: -9.6554 time: 1.7797s
INFO:root:Epoch: 0505 lr: 0.01 train_loss: 33352.1406 train_distortion: 7.9515 train_mapscore: 0.5241 train_c: -0.8327 train_max_dist: 27.1080 train_imax: 15.3768 train_imin: -15.8777 time: 1.7838s
INFO:root:Epoch: 0510 lr: 0.01 train_loss: 39560.1602 train_distortion: 7.4989 train_mapscore: 0.4378 train_c: -0.8391 train_max_dist: 26.8318 train_imax: 17.5777 train_imin: -14.8769 time: 1.7862s
INFO:root:Epoch: 0515 lr: 0.01 train_loss: 39181.0391 train_distortion: 7.4608 train_mapscore: 0.4467 train_c: -0.8369 train_max_dist: 26.9242 train_imax: 21.8859 train_imin: -13.7892 time: 1.7862s
INFO:root:Epoch: 0520 lr: 0.01 train_loss: 37343.7188 train_distortion: 7.4668 train_mapscore: 0.4886 train_c: -0.8328 train_max_dist: 27.0051 train_imax: 23.5472 train_imin: -13.4035 time: 1.7843s
INFO:root:Epoch: 0525 lr: 0.01 train_loss: 34956.1758 train_distortion: 7.8535 train_mapscore: 0.5389 train_c: -0.8191 train_max_dist: 27.3591 train_imax: 25.9295 train_imin: -13.8795 time: 1.7916s
INFO:root:Epoch: 0530 lr: 0.01 train_loss: 33072.7422 train_distortion: 8.6657 train_mapscore: 0.5959 train_c: -0.8008 train_max_dist: 28.0459 train_imax: 29.5046 train_imin: -15.8447 time: 1.7837s
INFO:root:Epoch: 0535 lr: 0.01 train_loss: 29982.3613 train_distortion: 9.7173 train_mapscore: 0.6593 train_c: -0.7826 train_max_dist: 28.8432 train_imax: 34.0176 train_imin: -18.3249 time: 1.7819s
INFO:root:Epoch: 0540 lr: 0.01 train_loss: 28152.1191 train_distortion: 10.9516 train_mapscore: 0.7136 train_c: -0.7699 train_max_dist: 29.7883 train_imax: 38.9847 train_imin: -21.1510 time: 1.7812s
INFO:root:Epoch: 0545 lr: 0.01 train_loss: 26806.8906 train_distortion: 12.1155 train_mapscore: 0.7601 train_c: -0.7560 train_max_dist: 30.6013 train_imax: 44.1140 train_imin: -24.2167 time: 1.7840s
INFO:root:Epoch: 0550 lr: 0.01 train_loss: 25160.8477 train_distortion: 12.7257 train_mapscore: 0.7778 train_c: -0.7420 train_max_dist: 31.0460 train_imax: 47.0789 train_imin: -26.4191 time: 1.7834s
INFO:root:Epoch: 0555 lr: 0.01 train_loss: 24081.0391 train_distortion: 12.9690 train_mapscore: 0.8040 train_c: -0.7322 train_max_dist: 31.1824 train_imax: 48.4383 train_imin: -27.8711 time: 1.7875s
INFO:root:Epoch: 0560 lr: 0.01 train_loss: 22826.0254 train_distortion: 13.5008 train_mapscore: 0.8401 train_c: -0.7201 train_max_dist: 31.4471 train_imax: 51.4289 train_imin: -30.3410 time: 1.7861s
INFO:root:Epoch: 0565 lr: 0.01 train_loss: 21350.9844 train_distortion: 14.2138 train_mapscore: 0.8649 train_c: -0.7049 train_max_dist: 31.7920 train_imax: 56.0106 train_imin: -33.5095 time: 1.7859s
INFO:root:Epoch: 0570 lr: 0.01 train_loss: 20612.6211 train_distortion: 14.7187 train_mapscore: 0.8743 train_c: -0.6908 train_max_dist: 32.0231 train_imax: 59.9097 train_imin: -36.3137 time: 1.7808s
INFO:root:Epoch: 0575 lr: 0.01 train_loss: 20341.4180 train_distortion: 14.9588 train_mapscore: 0.8735 train_c: -0.6809 train_max_dist: 32.1216 train_imax: 61.5574 train_imin: -38.6306 time: 1.7790s
INFO:root:Epoch: 0580 lr: 0.01 train_loss: 19497.2305 train_distortion: 14.8982 train_mapscore: 0.8853 train_c: -0.6690 train_max_dist: 31.9641 train_imax: 62.5886 train_imin: -39.1230 time: 1.7820s
INFO:root:Epoch: 0585 lr: 0.01 train_loss: 21128.2031 train_distortion: 14.5001 train_mapscore: 0.8480 train_c: -0.6637 train_max_dist: 31.7029 train_imax: 59.8895 train_imin: -38.9535 time: 1.7823s
INFO:root:Epoch: 0590 lr: 0.01 train_loss: 20139.0996 train_distortion: 14.0471 train_mapscore: 0.8727 train_c: -0.6525 train_max_dist: 31.2868 train_imax: 59.1361 train_imin: -38.4918 time: 1.7770s
INFO:root:Epoch: 0595 lr: 0.01 train_loss: 19262.4219 train_distortion: 13.9708 train_mapscore: 0.8916 train_c: -0.6421 train_max_dist: 31.0994 train_imax: 59.4224 train_imin: -38.4340 time: 1.7813s
INFO:root:Epoch: 0600 lr: 0.01 train_loss: 18265.7598 train_distortion: 14.2999 train_mapscore: 0.9048 train_c: -0.6329 train_max_dist: 31.2112 train_imax: 61.4859 train_imin: -45.8090 time: 1.7834s
INFO:root:Epoch: 0605 lr: 0.01 train_loss: 17817.6016 train_distortion: 14.7460 train_mapscore: 0.9077 train_c: -0.6238 train_max_dist: 31.4138 train_imax: 64.4209 train_imin: -51.4316 time: 1.7826s
INFO:root:Epoch: 0610 lr: 0.01 train_loss: 26123.2090 train_distortion: 13.7122 train_mapscore: 0.7258 train_c: -0.6242 train_max_dist: 30.5651 train_imax: 56.1406 train_imin: -43.9178 time: 1.7805s
INFO:root:Epoch: 0615 lr: 0.01 train_loss: 25618.1602 train_distortion: 11.3446 train_mapscore: 0.7260 train_c: -0.6217 train_max_dist: 28.5757 train_imax: 44.6304 train_imin: -36.4227 time: 1.7896s
INFO:root:Epoch: 0620 lr: 0.01 train_loss: 25592.3496 train_distortion: 9.6332 train_mapscore: 0.7145 train_c: -0.6190 train_max_dist: 27.1573 train_imax: 39.4838 train_imin: -30.2479 time: 1.7815s
INFO:root:Epoch: 0625 lr: 0.01 train_loss: 24143.4961 train_distortion: 9.4112 train_mapscore: 0.7609 train_c: -0.6137 train_max_dist: 26.9636 train_imax: 40.2795 train_imin: -29.9710 time: 1.7756s
INFO:root:Epoch: 0630 lr: 0.01 train_loss: 23292.3203 train_distortion: 10.1399 train_mapscore: 0.8062 train_c: -0.6050 train_max_dist: 27.5560 train_imax: 45.4267 train_imin: -33.6517 time: 1.7903s
INFO:root:Epoch: 0635 lr: 0.01 train_loss: 22244.3750 train_distortion: 11.1706 train_mapscore: 0.8414 train_c: -0.5946 train_max_dist: 28.2619 train_imax: 52.2593 train_imin: -38.7242 time: 1.7794s
INFO:root:Epoch: 0640 lr: 0.01 train_loss: 20716.8145 train_distortion: 12.0776 train_mapscore: 0.8687 train_c: -0.5843 train_max_dist: 28.8858 train_imax: 58.5522 train_imin: -43.4699 time: 1.7814s
INFO:root:Epoch: 0645 lr: 0.01 train_loss: 18752.7578 train_distortion: 12.7837 train_mapscore: 0.8929 train_c: -0.5759 train_max_dist: 29.3363 train_imax: 63.3809 train_imin: -47.6129 time: 1.7910s
INFO:root:Epoch: 0650 lr: 0.01 train_loss: 17868.6133 train_distortion: 13.2841 train_mapscore: 0.9067 train_c: -0.5679 train_max_dist: 29.6282 train_imax: 67.3907 train_imin: -51.0592 time: 1.7793s
INFO:root:Epoch: 0655 lr: 0.01 train_loss: 24592.5078 train_distortion: 12.1817 train_mapscore: 0.7693 train_c: -0.5744 train_max_dist: 28.9474 train_imax: 58.4288 train_imin: -45.1883 time: 1.7819s
INFO:root:Epoch: 0660 lr: 0.01 train_loss: 24165.1367 train_distortion: 10.3695 train_mapscore: 0.7661 train_c: -0.5738 train_max_dist: 27.5150 train_imax: 47.5345 train_imin: -38.5454 time: 1.7863s
INFO:root:Epoch: 0665 lr: 0.01 train_loss: 24277.3125 train_distortion: 9.3426 train_mapscore: 0.7600 train_c: -0.5718 train_max_dist: 26.6641 train_imax: 42.1524 train_imin: -35.4158 time: 1.7824s
INFO:root:Epoch: 0670 lr: 0.01 train_loss: 23165.3320 train_distortion: 9.4162 train_mapscore: 0.7983 train_c: -0.5691 train_max_dist: 26.7338 train_imax: 42.6953 train_imin: -35.3873 time: 1.7815s
INFO:root:Epoch: 0675 lr: 0.01 train_loss: 21342.6055 train_distortion: 10.1131 train_mapscore: 0.8442 train_c: -0.5620 train_max_dist: 27.2629 train_imax: 47.4465 train_imin: -38.6298 time: 1.7898s
INFO:root:Epoch: 0680 lr: 0.01 train_loss: 19757.8594 train_distortion: 11.0215 train_mapscore: 0.8770 train_c: -0.5547 train_max_dist: 27.9164 train_imax: 53.5342 train_imin: -44.3981 time: 1.7784s
INFO:root:Epoch: 0685 lr: 0.01 train_loss: 18995.4805 train_distortion: 11.7960 train_mapscore: 0.8911 train_c: -0.5503 train_max_dist: 28.5093 train_imax: 58.5971 train_imin: -47.9746 time: 1.7812s
INFO:root:Epoch: 0690 lr: 0.01 train_loss: 18095.1602 train_distortion: 12.3532 train_mapscore: 0.9046 train_c: -0.5440 train_max_dist: 28.8815 train_imax: 62.8869 train_imin: -51.2162 time: 1.7823s
INFO:root:Epoch: 0695 lr: 0.01 train_loss: 17421.7539 train_distortion: 12.5899 train_mapscore: 0.9124 train_c: -0.5378 train_max_dist: 28.9993 train_imax: 65.2405 train_imin: -52.4962 time: 1.7866s
INFO:root:Epoch: 0700 lr: 0.01 train_loss: 16906.1172 train_distortion: 12.6008 train_mapscore: 0.9192 train_c: -0.5329 train_max_dist: 28.9360 train_imax: 66.1626 train_imin: -54.0904 time: 1.7787s
INFO:root:Epoch: 0705 lr: 0.01 train_loss: 16658.3828 train_distortion: 12.6822 train_mapscore: 0.9216 train_c: -0.5308 train_max_dist: 28.9579 train_imax: 66.8498 train_imin: -53.4739 time: 1.7802s
INFO:root:Epoch: 0710 lr: 0.01 train_loss: 16587.7734 train_distortion: 12.6163 train_mapscore: 0.9204 train_c: -0.5299 train_max_dist: 28.8856 train_imax: 66.4476 train_imin: -52.9911 time: 1.7758s
INFO:root:Epoch: 0715 lr: 0.01 train_loss: 16724.5527 train_distortion: 12.4044 train_mapscore: 0.9204 train_c: -0.5275 train_max_dist: 28.7007 train_imax: 65.5033 train_imin: -52.8240 time: 1.7790s
INFO:root:Epoch: 0720 lr: 0.01 train_loss: 18449.9121 train_distortion: 12.4099 train_mapscore: 0.8931 train_c: -0.5257 train_max_dist: 28.7066 train_imax: 65.5384 train_imin: -53.0798 time: 1.7817s
INFO:root:Epoch: 0725 lr: 0.01 train_loss: 17995.1660 train_distortion: 11.5893 train_mapscore: 0.8995 train_c: -0.5186 train_max_dist: 27.9909 train_imax: 61.3496 train_imin: -49.4950 time: 1.7821s
INFO:root:Epoch: 0730 lr: 0.01 train_loss: 18321.5195 train_distortion: 11.0622 train_mapscore: 0.8925 train_c: -0.5209 train_max_dist: 27.6335 train_imax: 63.7125 train_imin: -46.5844 time: 1.7807s
INFO:root:Epoch: 0735 lr: 0.01 train_loss: 18092.4688 train_distortion: 11.0266 train_mapscore: 0.9004 train_c: -0.5172 train_max_dist: 27.5503 train_imax: 67.1582 train_imin: -47.4377 time: 1.7770s
INFO:root:Epoch: 0740 lr: 0.01 train_loss: 17261.2070 train_distortion: 11.3178 train_mapscore: 0.9100 train_c: -0.5142 train_max_dist: 27.7421 train_imax: 70.8964 train_imin: -49.3647 time: 1.7816s
INFO:root:Epoch: 0745 lr: 0.01 train_loss: 43300.7188 train_distortion: 11.0162 train_mapscore: 0.4652 train_c: -0.5209 train_max_dist: 27.6072 train_imax: 63.3426 train_imin: -55.4586 time: 1.7847s
INFO:root:Epoch: 0750 lr: 0.01 train_loss: 64578.7109 train_distortion: 3.9682 train_mapscore: 0.1755 train_c: -0.5642 train_max_dist: 20.3384 train_imax: 17.4072 train_imin: -24.0195 time: 1.8302s
INFO:root:Epoch: 0755 lr: 0.01 train_loss: 70849.5703 train_distortion: 1.5293 train_mapscore: 0.1147 train_c: -0.5750 train_max_dist: 16.0844 train_imax: 16.5969 train_imin: -13.0244 time: 1.8821s
INFO:root:Epoch: 0760 lr: 0.01 train_loss: 73921.1250 train_distortion: 0.7494 train_mapscore: 0.0979 train_c: -0.6309 train_max_dist: 14.0082 train_imax: 10.3000 train_imin: -8.2886 time: 1.9144s
INFO:root:Epoch: 0765 lr: 0.01 train_loss: 75053.4844 train_distortion: 0.4968 train_mapscore: 0.0960 train_c: -0.6901 train_max_dist: 13.0665 train_imax: 7.6459 train_imin: -6.4889 time: 1.9296s
INFO:root:Epoch: 0770 lr: 0.01 train_loss: 74682.7031 train_distortion: 0.4595 train_mapscore: 0.0964 train_c: -0.7382 train_max_dist: 13.0262 train_imax: 6.8776 train_imin: -6.0539 time: 1.9307s
INFO:root:Epoch: 0775 lr: 0.01 train_loss: 73350.4609 train_distortion: 0.5595 train_mapscore: 0.1046 train_c: -0.7681 train_max_dist: 13.7303 train_imax: 7.3158 train_imin: -6.4526 time: 1.9271s
INFO:root:Epoch: 0780 lr: 0.01 train_loss: 71527.1406 train_distortion: 0.7900 train_mapscore: 0.1093 train_c: -0.7819 train_max_dist: 14.9220 train_imax: 8.5886 train_imin: -7.4281 time: 1.9269s
INFO:root:Epoch: 0785 lr: 0.01 train_loss: 69905.3750 train_distortion: 1.0778 train_mapscore: 0.1145 train_c: -0.7886 train_max_dist: 16.0599 train_imax: 9.9492 train_imin: -8.4967 time: 1.9167s
INFO:root:Epoch: 0790 lr: 0.01 train_loss: 68401.1875 train_distortion: 1.2695 train_mapscore: 0.1210 train_c: -0.7942 train_max_dist: 16.7153 train_imax: 10.5138 train_imin: -9.0788 time: 1.9134s
INFO:root:Epoch: 0795 lr: 0.01 train_loss: 66781.8750 train_distortion: 1.3817 train_mapscore: 0.1319 train_c: -0.7941 train_max_dist: 17.0488 train_imax: 10.6760 train_imin: -9.3708 time: 1.8937s
INFO:root:Epoch: 0800 lr: 0.01 train_loss: 65348.1523 train_distortion: 1.5048 train_mapscore: 0.1370 train_c: -0.7855 train_max_dist: 17.3452 train_imax: 11.0118 train_imin: -9.7524 time: 1.8884s
INFO:root:Epoch: 0805 lr: 0.01 train_loss: 64005.3047 train_distortion: 1.5881 train_mapscore: 0.1501 train_c: -0.7742 train_max_dist: 17.5005 train_imax: 8.9801 train_imin: -10.0188 time: 1.8826s
INFO:root:Epoch: 0810 lr: 0.01 train_loss: 62656.5000 train_distortion: 1.6548 train_mapscore: 0.1635 train_c: -0.7623 train_max_dist: 17.5950 train_imax: 9.3056 train_imin: -10.2380 time: 1.8693s
INFO:root:Epoch: 0815 lr: 0.01 train_loss: 61677.2852 train_distortion: 1.7517 train_mapscore: 0.1741 train_c: -0.7491 train_max_dist: 17.7567 train_imax: 9.7834 train_imin: -10.5834 time: 1.8670s
INFO:root:Epoch: 0820 lr: 0.01 train_loss: 60450.2969 train_distortion: 1.8149 train_mapscore: 0.1879 train_c: -0.7395 train_max_dist: 17.8432 train_imax: 10.0960 train_imin: -10.7907 time: 1.8608s
INFO:root:Epoch: 0825 lr: 0.01 train_loss: 59306.8281 train_distortion: 1.9178 train_mapscore: 0.2016 train_c: -0.7314 train_max_dist: 18.0327 train_imax: 10.5528 train_imin: -11.1151 time: 1.8532s
INFO:root:Epoch: 0830 lr: 0.01 train_loss: 58165.8398 train_distortion: 2.0276 train_mapscore: 0.2170 train_c: -0.7262 train_max_dist: 18.2428 train_imax: 11.0027 train_imin: -11.4231 time: 1.8472s
INFO:root:Epoch: 0835 lr: 0.01 train_loss: 57058.0039 train_distortion: 2.1480 train_mapscore: 0.2368 train_c: -0.7222 train_max_dist: 18.4759 train_imax: 11.4788 train_imin: -11.7469 time: 1.8436s
INFO:root:Epoch: 0840 lr: 0.01 train_loss: 55993.3438 train_distortion: 2.2838 train_mapscore: 0.2555 train_c: -0.7197 train_max_dist: 18.7341 train_imax: 11.9951 train_imin: -12.0988 time: 1.8450s
INFO:root:Epoch: 0845 lr: 0.01 train_loss: 54956.3086 train_distortion: 2.4160 train_mapscore: 0.2744 train_c: -0.7193 train_max_dist: 19.0428 train_imax: 12.4629 train_imin: -12.3833 time: 1.8401s
INFO:root:Epoch: 0850 lr: 0.01 train_loss: 53951.4453 train_distortion: 2.5572 train_mapscore: 0.2980 train_c: -0.7200 train_max_dist: 19.3674 train_imax: 12.9370 train_imin: -12.6995 time: 1.8337s
INFO:root:Epoch: 0855 lr: 0.01 train_loss: 52974.3359 train_distortion: 2.6932 train_mapscore: 0.3130 train_c: -0.7225 train_max_dist: 19.6696 train_imax: 13.3499 train_imin: -13.0000 time: 1.8314s
INFO:root:Epoch: 0860 lr: 0.01 train_loss: 52091.7852 train_distortion: 2.8297 train_mapscore: 0.3259 train_c: -0.7292 train_max_dist: 19.9987 train_imax: 13.6652 train_imin: -13.1841 time: 1.8308s
INFO:root:Epoch: 0865 lr: 0.01 train_loss: 51247.9336 train_distortion: 3.0742 train_mapscore: 0.3450 train_c: -0.7334 train_max_dist: 20.4972 train_imax: 14.4270 train_imin: -13.7511 time: 1.8263s
INFO:root:Epoch: 0870 lr: 0.01 train_loss: 50339.1875 train_distortion: 3.2717 train_mapscore: 0.3658 train_c: -0.7364 train_max_dist: 20.8786 train_imax: 15.0176 train_imin: -14.2170 time: 1.8238s
INFO:root:Epoch: 0875 lr: 0.01 train_loss: 49441.8906 train_distortion: 3.4536 train_mapscore: 0.3823 train_c: -0.7426 train_max_dist: 21.2340 train_imax: 15.4716 train_imin: -14.5892 time: 1.8192s
INFO:root:Epoch: 0880 lr: 0.01 train_loss: 48576.6758 train_distortion: 3.7050 train_mapscore: 0.4007 train_c: -0.7469 train_max_dist: 21.6752 train_imax: 16.2082 train_imin: -15.1721 time: 1.8161s
INFO:root:Epoch: 0885 lr: 0.01 train_loss: 47682.4336 train_distortion: 3.9535 train_mapscore: 0.4258 train_c: -0.7490 train_max_dist: 22.0758 train_imax: 16.9707 train_imin: -15.7546 time: 1.8181s
INFO:root:Epoch: 0890 lr: 0.01 train_loss: 46834.2852 train_distortion: 4.1526 train_mapscore: 0.4434 train_c: -0.7505 train_max_dist: 22.3828 train_imax: 17.5653 train_imin: -16.0977 time: 1.8174s
INFO:root:Epoch: 0895 lr: 0.01 train_loss: 45961.8047 train_distortion: 4.3869 train_mapscore: 0.4615 train_c: -0.7511 train_max_dist: 22.7232 train_imax: 18.3043 train_imin: -16.4954 time: 1.8096s
INFO:root:Epoch: 0900 lr: 0.01 train_loss: 45142.6953 train_distortion: 4.6226 train_mapscore: 0.4801 train_c: -0.7519 train_max_dist: 23.0537 train_imax: 19.0400 train_imin: -16.8265 time: 1.8108s
INFO:root:Epoch: 0905 lr: 0.01 train_loss: 44594.5469 train_distortion: 4.8322 train_mapscore: 0.4956 train_c: -0.7537 train_max_dist: 23.3482 train_imax: 19.6559 train_imin: -17.0098 time: 1.8120s
INFO:root:Epoch: 0910 lr: 0.01 train_loss: 43585.5469 train_distortion: 5.1160 train_mapscore: 0.5140 train_c: -0.7548 train_max_dist: 23.7264 train_imax: 20.5404 train_imin: -17.4150 time: 1.8071s
INFO:root:Epoch: 0915 lr: 0.01 train_loss: 42792.3594 train_distortion: 5.4343 train_mapscore: 0.5335 train_c: -0.7562 train_max_dist: 24.1500 train_imax: 21.5377 train_imin: -17.9910 time: 1.8133s
INFO:root:Epoch: 0920 lr: 0.01 train_loss: 42005.9062 train_distortion: 5.7335 train_mapscore: 0.5560 train_c: -0.7579 train_max_dist: 24.5449 train_imax: 22.4438 train_imin: -18.5027 time: 1.8110s
INFO:root:Epoch: 0925 lr: 0.01 train_loss: 41233.8164 train_distortion: 6.0402 train_mapscore: 0.5689 train_c: -0.7594 train_max_dist: 24.9267 train_imax: 23.3815 train_imin: -19.0586 time: 1.8028s
INFO:root:Epoch: 0930 lr: 0.01 train_loss: 40710.1367 train_distortion: 6.3309 train_mapscore: 0.5863 train_c: -0.7606 train_max_dist: 25.2743 train_imax: 24.2773 train_imin: -19.6531 time: 1.8062s
INFO:root:Epoch: 0935 lr: 0.01 train_loss: 39731.4141 train_distortion: 6.6447 train_mapscore: 0.6031 train_c: -0.7626 train_max_dist: 25.6412 train_imax: 25.1990 train_imin: -20.3289 time: 1.8042s
INFO:root:Epoch: 0940 lr: 0.01 train_loss: 39080.7070 train_distortion: 7.0439 train_mapscore: 0.6155 train_c: -0.7638 train_max_dist: 26.0937 train_imax: 26.4668 train_imin: -21.1743 time: 1.8028s
INFO:root:Epoch: 0945 lr: 0.01 train_loss: 38808.1133 train_distortion: 7.4227 train_mapscore: 0.6290 train_c: -0.7649 train_max_dist: 26.5168 train_imax: 27.6675 train_imin: -21.9542 time: 1.7999s
INFO:root:Epoch: 0950 lr: 0.01 train_loss: 38415.1680 train_distortion: 7.8049 train_mapscore: 0.6397 train_c: -0.7657 train_max_dist: 26.9256 train_imax: 28.8883 train_imin: -22.7387 time: 1.8036s
INFO:root:Epoch: 0955 lr: 0.01 train_loss: 38737.0000 train_distortion: 8.6463 train_mapscore: 0.5737 train_c: -0.7628 train_max_dist: 27.7663 train_imax: 32.0467 train_imin: -24.9447 time: 1.8077s
INFO:root:Epoch: 0960 lr: 0.01 train_loss: 40416.4961 train_distortion: 8.3970 train_mapscore: 0.4472 train_c: -0.7634 train_max_dist: 27.4743 train_imax: 31.4215 train_imin: -24.6415 time: 1.8036s
INFO:root:Epoch: 0965 lr: 0.01 train_loss: 42429.9414 train_distortion: 6.6928 train_mapscore: 0.3877 train_c: -0.7775 train_max_dist: 25.7864 train_imax: 26.8206 train_imin: -19.7184 time: 1.8037s
INFO:root:Epoch: 0970 lr: 0.01 train_loss: 50208.9219 train_distortion: 3.7483 train_mapscore: 0.2557 train_c: -0.8229 train_max_dist: 22.2210 train_imax: 15.7773 train_imin: -12.6776 time: 1.8103s
INFO:root:Epoch: 0975 lr: 0.01 train_loss: 52257.2148 train_distortion: 3.3911 train_mapscore: 0.2275 train_c: -0.8484 train_max_dist: 21.7039 train_imax: 14.3613 train_imin: -11.6789 time: 1.8206s
INFO:root:Epoch: 0980 lr: 0.01 train_loss: 52049.2422 train_distortion: 3.9103 train_mapscore: 0.2290 train_c: -0.8575 train_max_dist: 22.5421 train_imax: 15.9376 train_imin: -12.6324 time: 1.8211s
INFO:root:Epoch: 0985 lr: 0.01 train_loss: 50915.8438 train_distortion: 3.9518 train_mapscore: 0.2407 train_c: -0.8648 train_max_dist: 22.5954 train_imax: 15.8875 train_imin: -12.5548 time: 1.8147s
INFO:root:Epoch: 0990 lr: 0.01 train_loss: 49269.3750 train_distortion: 4.1633 train_mapscore: 0.2611 train_c: -0.8599 train_max_dist: 22.9149 train_imax: 16.5318 train_imin: -12.8697 time: 1.8127s
INFO:root:Epoch: 0995 lr: 0.01 train_loss: 48026.0508 train_distortion: 4.1597 train_mapscore: 0.2764 train_c: -0.8577 train_max_dist: 22.8726 train_imax: 16.4568 train_imin: -12.9948 time: 1.8076s
INFO:root:Epoch: 1000 lr: 0.01 train_loss: 47173.6836 train_distortion: 4.6432 train_mapscore: 0.2943 train_c: -0.8517 train_max_dist: 23.6062 train_imax: 17.9752 train_imin: -13.9391 time: 1.8071s
INFO:root:Epoch: 1005 lr: 0.01 train_loss: 45846.1328 train_distortion: 5.1839 train_mapscore: 0.3197 train_c: -0.8403 train_max_dist: 24.2952 train_imax: 19.7859 train_imin: -14.9475 time: 1.8028s
INFO:root:Epoch: 1010 lr: 0.01 train_loss: 44316.1602 train_distortion: 5.4019 train_mapscore: 0.3528 train_c: -0.8287 train_max_dist: 24.4999 train_imax: 20.6209 train_imin: -15.4182 time: 1.8042s
INFO:root:Epoch: 1015 lr: 0.01 train_loss: 43127.1406 train_distortion: 5.8050 train_mapscore: 0.3867 train_c: -0.8156 train_max_dist: 24.9077 train_imax: 22.1633 train_imin: -16.3104 time: 1.8119s
INFO:root:Epoch: 1020 lr: 0.01 train_loss: 41854.7500 train_distortion: 6.0236 train_mapscore: 0.4186 train_c: -0.8049 train_max_dist: 25.0785 train_imax: 23.0502 train_imin: -16.9920 time: 1.8005s
INFO:root:Epoch: 1025 lr: 0.01 train_loss: 40627.1250 train_distortion: 6.4197 train_mapscore: 0.4606 train_c: -0.7951 train_max_dist: 25.4617 train_imax: 24.5319 train_imin: -18.0363 time: 1.8000s
INFO:root:Epoch: 1030 lr: 0.01 train_loss: 39395.0547 train_distortion: 6.7470 train_mapscore: 0.4979 train_c: -0.7886 train_max_dist: 25.7990 train_imax: 25.7168 train_imin: -18.9801 time: 1.8001s
INFO:root:Epoch: 1035 lr: 0.01 train_loss: 38339.3594 train_distortion: 7.2095 train_mapscore: 0.5328 train_c: -0.7854 train_max_dist: 26.3009 train_imax: 27.3056 train_imin: -20.1356 time: 1.7959s
INFO:root:Epoch: 1040 lr: 0.01 train_loss: 37307.0000 train_distortion: 7.6746 train_mapscore: 0.5671 train_c: -0.7834 train_max_dist: 26.8001 train_imax: 28.8552 train_imin: -21.4386 time: 1.7971s
INFO:root:Epoch: 1045 lr: 0.01 train_loss: 36746.3008 train_distortion: 8.1316 train_mapscore: 0.5971 train_c: -0.7832 train_max_dist: 27.2944 train_imax: 30.2917 train_imin: -22.5902 time: 1.7951s
INFO:root:Epoch: 1050 lr: 0.01 train_loss: 35431.7266 train_distortion: 8.5073 train_mapscore: 0.6249 train_c: -0.7855 train_max_dist: 27.7014 train_imax: 31.3212 train_imin: -23.5504 time: 1.7955s
INFO:root:Epoch: 1055 lr: 0.01 train_loss: 34563.9531 train_distortion: 9.0932 train_mapscore: 0.6474 train_c: -0.7864 train_max_dist: 28.2957 train_imax: 33.2109 train_imin: -24.9516 time: 1.7907s
INFO:root:Epoch: 1060 lr: 0.01 train_loss: 34005.5781 train_distortion: 9.9369 train_mapscore: 0.6584 train_c: -0.7837 train_max_dist: 29.0716 train_imax: 36.2452 train_imin: -27.5272 time: 1.7913s
INFO:root:Epoch: 1065 lr: 0.01 train_loss: 67711.7031 train_distortion: 1.1042 train_mapscore: 0.1272 train_c: -0.6793 train_max_dist: 15.4652 train_imax: 12.5875 train_imin: -6.8207 time: 1.8825s
INFO:root:Epoch: 1070 lr: 0.01 train_loss: 78733.2188 train_distortion: 0.3101 train_mapscore: 0.0823 train_c: -0.6197 train_max_dist: 11.6668 train_imax: 5.6952 train_imin: -4.5055 time: 1.9823s
INFO:root:Epoch: 1075 lr: 0.01 train_loss: 83232.2422 train_distortion: 0.1929 train_mapscore: 0.0694 train_c: -0.5873 train_max_dist: 10.0595 train_imax: 4.7525 train_imin: -3.8551 time: 2.0587s
INFO:root:Epoch: 1080 lr: 0.01 train_loss: 85415.2422 train_distortion: 0.1773 train_mapscore: 0.0627 train_c: -0.5714 train_max_dist: 9.2613 train_imax: 4.7889 train_imin: -3.4703 time: 2.1265s
INFO:root:Epoch: 1085 lr: 0.01 train_loss: 86229.2812 train_distortion: 0.1785 train_mapscore: 0.0595 train_c: -0.5652 train_max_dist: 8.8675 train_imax: 4.7702 train_imin: -3.2676 time: 2.1201s
INFO:root:Epoch: 1090 lr: 0.01 train_loss: 86224.0312 train_distortion: 0.1810 train_mapscore: 0.0580 train_c: -0.5643 train_max_dist: 8.6986 train_imax: 4.8206 train_imin: -3.1815 time: 2.1242s
INFO:root:Epoch: 1095 lr: 0.01 train_loss: 86225.0938 train_distortion: 0.1823 train_mapscore: 0.0573 train_c: -0.5665 train_max_dist: 8.6595 train_imax: 4.8535 train_imin: -3.1617 time: 2.0982s
INFO:root:Epoch: 1100 lr: 0.01 train_loss: 85988.9141 train_distortion: 0.1822 train_mapscore: 0.0594 train_c: -0.5700 train_max_dist: 9.0000 train_imax: 4.9007 train_imin: -3.1823 time: 2.1151s
INFO:root:Epoch: 1105 lr: 0.01 train_loss: 85674.7031 train_distortion: 0.1814 train_mapscore: 0.0599 train_c: -0.5742 train_max_dist: 8.7993 train_imax: 4.9624 train_imin: -3.2334 time: 2.0783s
INFO:root:Epoch: 1110 lr: 0.01 train_loss: 85236.5156 train_distortion: 0.1805 train_mapscore: 0.0608 train_c: -0.5787 train_max_dist: 8.9305 train_imax: 5.0347 train_imin: -3.3026 time: 2.0749s
INFO:root:Epoch: 1115 lr: 0.01 train_loss: 84773.5469 train_distortion: 0.1800 train_mapscore: 0.0627 train_c: -0.5830 train_max_dist: 9.0847 train_imax: 5.1265 train_imin: -3.3866 time: 2.0621s
INFO:root:Epoch: 1120 lr: 0.01 train_loss: 84321.2656 train_distortion: 0.1804 train_mapscore: 0.0642 train_c: -0.5871 train_max_dist: 9.2557 train_imax: 5.2246 train_imin: -3.4792 time: 2.0630s
INFO:root:Epoch: 1125 lr: 0.01 train_loss: 83846.6094 train_distortion: 0.1818 train_mapscore: 0.0662 train_c: -0.5911 train_max_dist: 9.4336 train_imax: 5.3235 train_imin: -3.5788 time: 2.0632s
INFO:root:Epoch: 1130 lr: 0.01 train_loss: 83359.0469 train_distortion: 0.1842 train_mapscore: 0.0675 train_c: -0.5951 train_max_dist: 9.6136 train_imax: 5.4129 train_imin: -3.6777 time: 2.0560s
INFO:root:Epoch: 1135 lr: 0.01 train_loss: 82880.3672 train_distortion: 0.1878 train_mapscore: 0.0688 train_c: -0.5992 train_max_dist: 9.7919 train_imax: 5.4876 train_imin: -3.7768 time: 2.0613s
INFO:root:Epoch: 1140 lr: 0.01 train_loss: 82416.6562 train_distortion: 0.1923 train_mapscore: 0.0709 train_c: -0.6034 train_max_dist: 9.9665 train_imax: 5.5420 train_imin: -3.8763 time: 2.0465s
INFO:root:Epoch: 1145 lr: 0.01 train_loss: 81941.6328 train_distortion: 0.1970 train_mapscore: 0.0721 train_c: -0.6080 train_max_dist: 10.1200 train_imax: 5.5823 train_imin: -3.9586 time: 2.0373s
INFO:root:Epoch: 1150 lr: 0.01 train_loss: 81474.3906 train_distortion: 0.2047 train_mapscore: 0.0735 train_c: -0.6116 train_max_dist: 10.3227 train_imax: 5.6766 train_imin: -4.0891 time: 2.0576s
INFO:root:Epoch: 1155 lr: 0.01 train_loss: 81031.8750 train_distortion: 0.2143 train_mapscore: 0.0764 train_c: -0.6148 train_max_dist: 10.5313 train_imax: 5.7786 train_imin: -4.2277 time: 2.0299s
INFO:root:Epoch: 1160 lr: 0.01 train_loss: 80344.6250 train_distortion: 0.2417 train_mapscore: 0.0762 train_c: -0.6129 train_max_dist: 10.9619 train_imax: 6.2522 train_imin: -4.5669 time: 2.0229s
INFO:root:Epoch: 1165 lr: 0.01 train_loss: 80330.5078 train_distortion: 0.2657 train_mapscore: 0.0778 train_c: -0.6141 train_max_dist: 11.2606 train_imax: 6.5075 train_imin: -4.8021 time: 2.0738s
INFO:root:Epoch: 1170 lr: 0.01 train_loss: 79818.0469 train_distortion: 0.2866 train_mapscore: 0.0806 train_c: -0.6161 train_max_dist: 11.4917 train_imax: 6.6425 train_imin: -4.9827 time: 2.0570s
INFO:root:Epoch: 1175 lr: 0.01 train_loss: 79303.7812 train_distortion: 0.3016 train_mapscore: 0.0817 train_c: -0.6200 train_max_dist: 11.6544 train_imax: 6.6408 train_imin: -5.1000 time: 2.0310s
INFO:root:Epoch: 1180 lr: 0.01 train_loss: 78755.3438 train_distortion: 0.3138 train_mapscore: 0.0846 train_c: -0.6246 train_max_dist: 11.7886 train_imax: 6.5788 train_imin: -5.1823 time: 2.0280s
INFO:root:Epoch: 1185 lr: 0.01 train_loss: 78287.5938 train_distortion: 0.3262 train_mapscore: 0.0864 train_c: -0.6290 train_max_dist: 11.9182 train_imax: 6.5155 train_imin: -5.2615 time: 2.0126s
INFO:root:Epoch: 1190 lr: 0.01 train_loss: 77807.6406 train_distortion: 0.3396 train_mapscore: 0.0875 train_c: -0.6332 train_max_dist: 12.0485 train_imax: 6.4529 train_imin: -5.3407 time: 2.0013s
INFO:root:Epoch: 1195 lr: 0.01 train_loss: 77562.6719 train_distortion: 0.3543 train_mapscore: 0.0909 train_c: -0.6371 train_max_dist: 12.1871 train_imax: 6.4024 train_imin: -5.4287 time: 1.9988s
INFO:root:Epoch: 1200 lr: 0.01 train_loss: 77245.2188 train_distortion: 0.3687 train_mapscore: 0.0925 train_c: -0.6412 train_max_dist: 12.3175 train_imax: 6.3395 train_imin: -5.5043 time: 2.0053s
INFO:root:Epoch: 1205 lr: 0.01 train_loss: 77042.6094 train_distortion: 0.3843 train_mapscore: 0.0945 train_c: -0.6453 train_max_dist: 12.4494 train_imax: 6.3208 train_imin: -5.5805 time: 1.9930s
INFO:root:Epoch: 1210 lr: 0.01 train_loss: 76779.9375 train_distortion: 0.4009 train_mapscore: 0.0975 train_c: -0.6495 train_max_dist: 12.5846 train_imax: 6.4509 train_imin: -5.6564 time: 1.9910s
INFO:root:Epoch: 1215 lr: 0.01 train_loss: 76264.8438 train_distortion: 0.4194 train_mapscore: 0.1019 train_c: -0.6539 train_max_dist: 12.7281 train_imax: 6.5844 train_imin: -5.7325 time: 1.9815s
INFO:root:Epoch: 1220 lr: 0.01 train_loss: 75782.8906 train_distortion: 0.4407 train_mapscore: 0.1041 train_c: -0.6579 train_max_dist: 12.8812 train_imax: 6.7378 train_imin: -5.8163 time: 1.9858s
INFO:root:Epoch: 1225 lr: 0.01 train_loss: 75308.2812 train_distortion: 0.4641 train_mapscore: 0.1051 train_c: -0.6618 train_max_dist: 13.0419 train_imax: 6.8996 train_imin: -5.9086 time: 1.9754s
INFO:root:Epoch: 1230 lr: 0.01 train_loss: 74857.6797 train_distortion: 0.4891 train_mapscore: 0.1071 train_c: -0.6657 train_max_dist: 13.2064 train_imax: 7.0651 train_imin: -5.9967 time: 1.9734s
INFO:root:Epoch: 1235 lr: 0.01 train_loss: 74494.0625 train_distortion: 0.5143 train_mapscore: 0.1103 train_c: -0.6697 train_max_dist: 13.3658 train_imax: 7.2293 train_imin: -6.0871 time: 1.9670s
INFO:root:Epoch: 1240 lr: 0.01 train_loss: 74190.4766 train_distortion: 0.5399 train_mapscore: 0.1128 train_c: -0.6738 train_max_dist: 13.5219 train_imax: 7.3844 train_imin: -6.1678 time: 1.9623s
INFO:root:Epoch: 1245 lr: 0.01 train_loss: 73680.3125 train_distortion: 0.5672 train_mapscore: 0.1175 train_c: -0.6778 train_max_dist: 13.6801 train_imax: 7.5453 train_imin: -6.2507 time: 2.0195s
INFO:root:Epoch: 1250 lr: 0.01 train_loss: 73212.8906 train_distortion: 0.5961 train_mapscore: 0.1194 train_c: -0.6817 train_max_dist: 13.8390 train_imax: 7.7099 train_imin: -6.3466 time: 1.9691s
INFO:root:Epoch: 1255 lr: 0.01 train_loss: 72728.1875 train_distortion: 0.6260 train_mapscore: 0.1223 train_c: -0.6857 train_max_dist: 14.0013 train_imax: 7.8734 train_imin: -6.4386 time: 1.9452s
INFO:root:Epoch: 1260 lr: 0.01 train_loss: 72228.3203 train_distortion: 0.6578 train_mapscore: 0.1265 train_c: -0.6896 train_max_dist: 14.1634 train_imax: 8.0438 train_imin: -6.5395 time: 1.9425s
INFO:root:Epoch: 1265 lr: 0.01 train_loss: 71742.8438 train_distortion: 0.6914 train_mapscore: 0.1299 train_c: -0.6932 train_max_dist: 14.3272 train_imax: 8.2201 train_imin: -6.6412 time: 1.9421s
INFO:root:Epoch: 1270 lr: 0.01 train_loss: 71276.3906 train_distortion: 0.7261 train_mapscore: 0.1337 train_c: -0.6967 train_max_dist: 14.4887 train_imax: 8.3973 train_imin: -6.7407 time: 1.9370s
INFO:root:Epoch: 1275 lr: 0.01 train_loss: 70826.7734 train_distortion: 0.7611 train_mapscore: 0.1374 train_c: -0.7003 train_max_dist: 14.6471 train_imax: 8.5642 train_imin: -6.8359 time: 1.9533s
INFO:root:Epoch: 1280 lr: 0.01 train_loss: 70337.0938 train_distortion: 0.7967 train_mapscore: 0.1423 train_c: -0.7040 train_max_dist: 14.8039 train_imax: 8.7288 train_imin: -6.9270 time: 1.9339s
INFO:root:Epoch: 1285 lr: 0.01 train_loss: 69880.1875 train_distortion: 0.8316 train_mapscore: 0.1451 train_c: -0.7078 train_max_dist: 14.9539 train_imax: 8.8781 train_imin: -7.0200 time: 1.9292s
INFO:root:Epoch: 1290 lr: 0.01 train_loss: 69422.2188 train_distortion: 0.8674 train_mapscore: 0.1490 train_c: -0.7117 train_max_dist: 15.1043 train_imax: 9.0309 train_imin: -7.1063 time: 1.9136s
INFO:root:Epoch: 1295 lr: 0.01 train_loss: 68949.5312 train_distortion: 0.8975 train_mapscore: 0.1487 train_c: -0.7159 train_max_dist: 15.2462 train_imax: 9.1526 train_imin: -7.1365 time: 1.9086s
INFO:root:Epoch: 1300 lr: 0.01 train_loss: 68479.2891 train_distortion: 0.9348 train_mapscore: 0.1536 train_c: -0.7198 train_max_dist: 15.4029 train_imax: 9.3132 train_imin: -7.1975 time: 1.9134s
INFO:root:Epoch: 1305 lr: 0.01 train_loss: 68037.9375 train_distortion: 0.9772 train_mapscore: 0.1579 train_c: -0.7235 train_max_dist: 15.5671 train_imax: 9.4963 train_imin: -7.2865 time: 1.9106s
INFO:root:Epoch: 1310 lr: 0.01 train_loss: 67627.8594 train_distortion: 1.0216 train_mapscore: 0.1630 train_c: -0.7270 train_max_dist: 15.7412 train_imax: 9.6811 train_imin: -7.3774 time: 1.9080s
INFO:root:Epoch: 1315 lr: 0.01 train_loss: 67160.5938 train_distortion: 1.0643 train_mapscore: 0.1678 train_c: -0.7306 train_max_dist: 15.9139 train_imax: 9.8471 train_imin: -7.4594 time: 1.9037s
INFO:root:Epoch: 1320 lr: 0.01 train_loss: 66712.3047 train_distortion: 1.1046 train_mapscore: 0.1715 train_c: -0.7343 train_max_dist: 16.0756 train_imax: 9.9938 train_imin: -7.5279 time: 1.9043s
INFO:root:Epoch: 1325 lr: 0.01 train_loss: 66387.5312 train_distortion: 1.1474 train_mapscore: 0.1775 train_c: -0.7378 train_max_dist: 16.2415 train_imax: 10.1532 train_imin: -7.5976 time: 1.9018s
INFO:root:Epoch: 1330 lr: 0.01 train_loss: 65943.2656 train_distortion: 1.1936 train_mapscore: 0.1829 train_c: -0.7410 train_max_dist: 16.4092 train_imax: 10.3179 train_imin: -7.6751 time: 1.8993s
INFO:root:Epoch: 1335 lr: 0.01 train_loss: 65638.8125 train_distortion: 1.2422 train_mapscore: 0.1876 train_c: -0.7440 train_max_dist: 16.5781 train_imax: 10.4931 train_imin: -7.7516 time: 1.8946s
INFO:root:Epoch: 1340 lr: 0.01 train_loss: 65178.4492 train_distortion: 1.2907 train_mapscore: 0.1930 train_c: -0.7470 train_max_dist: 16.7461 train_imax: 10.6640 train_imin: -7.8303 time: 1.8938s
INFO:root:Epoch: 1345 lr: 0.01 train_loss: 64731.5391 train_distortion: 1.3395 train_mapscore: 0.1982 train_c: -0.7500 train_max_dist: 16.9107 train_imax: 10.8273 train_imin: -7.9115 time: 1.8945s
INFO:root:Epoch: 1350 lr: 0.01 train_loss: 64292.6914 train_distortion: 1.3898 train_mapscore: 0.2035 train_c: -0.7527 train_max_dist: 17.0727 train_imax: 10.9936 train_imin: -7.9855 time: 1.8903s
INFO:root:Epoch: 1355 lr: 0.01 train_loss: 63865.8047 train_distortion: 1.4399 train_mapscore: 0.2098 train_c: -0.7555 train_max_dist: 17.2314 train_imax: 11.1567 train_imin: -8.0562 time: 1.8858s
INFO:root:Epoch: 1360 lr: 0.01 train_loss: 63438.2969 train_distortion: 1.4896 train_mapscore: 0.2142 train_c: -0.7583 train_max_dist: 17.3872 train_imax: 11.3097 train_imin: -8.1205 time: 1.8847s
INFO:root:Epoch: 1365 lr: 0.01 train_loss: 63028.4180 train_distortion: 1.5393 train_mapscore: 0.2171 train_c: -0.7612 train_max_dist: 17.5422 train_imax: 11.4591 train_imin: -8.1871 time: 1.8821s
INFO:root:Epoch: 1370 lr: 0.01 train_loss: 62761.0781 train_distortion: 1.5866 train_mapscore: 0.2186 train_c: -0.7643 train_max_dist: 17.6856 train_imax: 11.5899 train_imin: -8.2426 time: 1.8926s
INFO:root:Epoch: 1375 lr: 0.01 train_loss: 62283.1641 train_distortion: 1.6350 train_mapscore: 0.2268 train_c: -0.7672 train_max_dist: 17.8282 train_imax: 11.7237 train_imin: -8.2956 time: 1.8831s
INFO:root:Epoch: 1380 lr: 0.01 train_loss: 62267.1133 train_distortion: 1.6890 train_mapscore: 0.2319 train_c: -0.7699 train_max_dist: 17.9815 train_imax: 11.8874 train_imin: -8.3611 time: 1.8780s
INFO:root:Epoch: 1385 lr: 0.01 train_loss: 61837.7266 train_distortion: 1.7495 train_mapscore: 0.2386 train_c: -0.7725 train_max_dist: 18.1435 train_imax: 12.0751 train_imin: -8.4487 time: 1.8767s
INFO:root:Epoch: 1390 lr: 0.01 train_loss: 61610.2656 train_distortion: 1.8072 train_mapscore: 0.2439 train_c: -0.7751 train_max_dist: 18.2982 train_imax: 12.2452 train_imin: -8.7171 time: 1.8675s
INFO:root:Epoch: 1395 lr: 0.01 train_loss: 61516.6953 train_distortion: 1.8479 train_mapscore: 0.2478 train_c: -0.7782 train_max_dist: 18.4170 train_imax: 12.3416 train_imin: -8.5792 time: 1.8755s
INFO:root:Epoch: 1400 lr: 0.01 train_loss: 61022.7891 train_distortion: 1.8948 train_mapscore: 0.2517 train_c: -0.7815 train_max_dist: 18.5457 train_imax: 12.4514 train_imin: -8.7096 time: 1.8708s
INFO:root:Epoch: 1405 lr: 0.01 train_loss: 60584.4141 train_distortion: 1.9503 train_mapscore: 0.2575 train_c: -0.7846 train_max_dist: 18.6905 train_imax: 12.6002 train_imin: -9.0215 time: 1.8596s
INFO:root:Epoch: 1410 lr: 0.01 train_loss: 60152.4961 train_distortion: 2.0078 train_mapscore: 0.2654 train_c: -0.7877 train_max_dist: 18.8384 train_imax: 12.7562 train_imin: -9.3724 time: 1.8577s
INFO:root:Epoch: 1415 lr: 0.01 train_loss: 59702.9531 train_distortion: 2.0679 train_mapscore: 0.2712 train_c: -0.7908 train_max_dist: 18.9897 train_imax: 12.9166 train_imin: -9.7684 time: 1.8564s
INFO:root:Epoch: 1420 lr: 0.01 train_loss: 59800.9805 train_distortion: 2.1224 train_mapscore: 0.2742 train_c: -0.7942 train_max_dist: 19.1304 train_imax: 13.0518 train_imin: -10.0680 time: 1.8559s
INFO:root:Epoch: 1425 lr: 0.01 train_loss: 59856.5000 train_distortion: 2.1722 train_mapscore: 0.2747 train_c: -0.7976 train_max_dist: 19.2674 train_imax: 13.1632 train_imin: -10.2032 time: 1.8525s
INFO:root:Epoch: 1430 lr: 0.01 train_loss: 60132.9844 train_distortion: 2.2209 train_mapscore: 0.2789 train_c: -0.8008 train_max_dist: 19.3996 train_imax: 13.2657 train_imin: -10.3170 time: 1.8648s
INFO:root:Epoch: 1435 lr: 0.01 train_loss: 59705.1172 train_distortion: 2.2567 train_mapscore: 0.2755 train_c: -0.8045 train_max_dist: 19.4933 train_imax: 13.2966 train_imin: -10.4142 time: 1.8621s
INFO:root:Epoch: 1440 lr: 0.01 train_loss: 59160.4062 train_distortion: 2.3015 train_mapscore: 0.2808 train_c: -0.8082 train_max_dist: 19.5989 train_imax: 13.3669 train_imin: -9.9014 time: 1.8562s
INFO:root:Epoch: 1445 lr: 0.01 train_loss: 58619.6172 train_distortion: 2.3626 train_mapscore: 0.2853 train_c: -0.8116 train_max_dist: 19.7282 train_imax: 13.4940 train_imin: -10.1731 time: 1.8526s
INFO:root:Epoch: 1450 lr: 0.01 train_loss: 58100.8047 train_distortion: 2.4341 train_mapscore: 0.2927 train_c: -0.8148 train_max_dist: 19.8720 train_imax: 13.6699 train_imin: -10.3709 time: 1.8483s
INFO:root:Epoch: 1455 lr: 0.01 train_loss: 57541.5195 train_distortion: 2.5010 train_mapscore: 0.2934 train_c: -0.8181 train_max_dist: 20.0061 train_imax: 13.8144 train_imin: -10.4467 time: 1.8475s
INFO:root:Epoch: 1460 lr: 0.01 train_loss: 57129.3750 train_distortion: 2.5873 train_mapscore: 0.3005 train_c: -0.8209 train_max_dist: 20.1799 train_imax: 14.0429 train_imin: -10.4068 time: 1.8507s
INFO:root:Epoch: 1465 lr: 0.01 train_loss: 59782.1914 train_distortion: 2.9624 train_mapscore: 0.1678 train_c: -0.7910 train_max_dist: 20.7811 train_imax: 16.1109 train_imin: -10.6702 time: 1.8621s
INFO:root:Epoch: 1470 lr: 0.01 train_loss: 67370.7188 train_distortion: 3.2909 train_mapscore: 0.1236 train_c: -0.7381 train_max_dist: 21.0397 train_imax: 19.3049 train_imin: -12.0510 time: 1.8922s
INFO:root:Epoch: 1475 lr: 0.01 train_loss: 70395.4141 train_distortion: 2.9218 train_mapscore: 0.1110 train_c: -0.7173 train_max_dist: 20.0874 train_imax: 19.2522 train_imin: -12.9576 time: 1.9067s
INFO:root:Epoch: 1480 lr: 0.01 train_loss: 70221.1641 train_distortion: 2.1360 train_mapscore: 0.1062 train_c: -0.7266 train_max_dist: 18.5340 train_imax: 15.3252 train_imin: -11.5764 time: 1.9163s
INFO:root:Epoch: 1485 lr: 0.01 train_loss: 69751.3516 train_distortion: 1.5836 train_mapscore: 0.1047 train_c: -0.7358 train_max_dist: 17.3719 train_imax: 12.3902 train_imin: -10.0466 time: 1.9167s
INFO:root:Epoch: 1490 lr: 0.01 train_loss: 69507.4844 train_distortion: 1.2402 train_mapscore: 0.1047 train_c: -0.7437 train_max_dist: 16.5009 train_imax: 10.4918 train_imin: -8.8784 time: 1.9149s
INFO:root:Epoch: 1495 lr: 0.01 train_loss: 69512.8594 train_distortion: 1.0306 train_mapscore: 0.1079 train_c: -0.7510 train_max_dist: 15.8888 train_imax: 10.0516 train_imin: -8.0520 time: 1.9190s
INFO:root:Epoch: 1500 lr: 0.01 train_loss: 69746.8281 train_distortion: 0.9135 train_mapscore: 0.1108 train_c: -0.7573 train_max_dist: 17.2711 train_imax: 30.2739 train_imin: -7.4990 time: 1.9249s
INFO:root:Epoch: 1505 lr: 0.01 train_loss: 69316.2500 train_distortion: 0.8675 train_mapscore: 0.1146 train_c: -0.7623 train_max_dist: 17.0944 train_imax: 29.2123 train_imin: -7.2235 time: 1.9272s
INFO:root:Epoch: 1510 lr: 0.01 train_loss: 68760.0938 train_distortion: 0.8869 train_mapscore: 0.1185 train_c: -0.7656 train_max_dist: 17.1591 train_imax: 29.3205 train_imin: -7.1927 time: 1.9180s
INFO:root:Epoch: 1515 lr: 0.01 train_loss: 68159.6797 train_distortion: 0.9565 train_mapscore: 0.1237 train_c: -0.7677 train_max_dist: 17.3966 train_imax: 30.2713 train_imin: -7.3490 time: 1.9171s
INFO:root:Epoch: 1520 lr: 0.01 train_loss: 67564.0781 train_distortion: 1.0561 train_mapscore: 0.1288 train_c: -0.7689 train_max_dist: 17.7202 train_imax: 31.6886 train_imin: -7.5939 time: 1.9131s
INFO:root:Epoch: 1525 lr: 0.01 train_loss: 66710.6719 train_distortion: 1.1532 train_mapscore: 0.1326 train_c: -0.7700 train_max_dist: 16.3649 train_imax: 10.4389 train_imin: -7.8435 time: 1.9165s
INFO:root:Epoch: 1530 lr: 0.01 train_loss: 66133.3281 train_distortion: 1.2508 train_mapscore: 0.1354 train_c: -0.7714 train_max_dist: 16.6636 train_imax: 10.8876 train_imin: -8.0513 time: 1.9122s
INFO:root:Epoch: 1535 lr: 0.01 train_loss: 65615.3906 train_distortion: 1.3363 train_mapscore: 0.1406 train_c: -0.7731 train_max_dist: 16.9194 train_imax: 11.0199 train_imin: -8.2150 time: 1.9055s
INFO:root:Epoch: 1540 lr: 0.01 train_loss: 65116.3203 train_distortion: 1.4044 train_mapscore: 0.1455 train_c: -0.7750 train_max_dist: 17.1172 train_imax: 11.3742 train_imin: -8.3203 time: 1.9009s
INFO:root:Epoch: 1545 lr: 0.01 train_loss: 64588.8359 train_distortion: 1.4685 train_mapscore: 0.1527 train_c: -0.7769 train_max_dist: 17.2977 train_imax: 11.7088 train_imin: -8.4013 time: 1.8978s
INFO:root:Epoch: 1550 lr: 0.01 train_loss: 64114.5430 train_distortion: 1.5354 train_mapscore: 0.1572 train_c: -0.7785 train_max_dist: 17.4798 train_imax: 12.0453 train_imin: -8.4857 time: 1.8934s
INFO:root:Epoch: 1555 lr: 0.01 train_loss: 63868.9141 train_distortion: 1.5963 train_mapscore: 0.1631 train_c: -0.7801 train_max_dist: 17.6479 train_imax: 12.3617 train_imin: -8.5553 time: 1.8952s
INFO:root:Epoch: 1560 lr: 0.01 train_loss: 63363.0000 train_distortion: 1.6593 train_mapscore: 0.1694 train_c: -0.7816 train_max_dist: 17.8137 train_imax: 12.6777 train_imin: -8.6215 time: 1.8877s
INFO:root:Epoch: 1565 lr: 0.01 train_loss: 62924.3047 train_distortion: 1.7215 train_mapscore: 0.1734 train_c: -0.7832 train_max_dist: 17.9730 train_imax: 12.9813 train_imin: -8.6931 time: 1.8821s
INFO:root:Epoch: 1570 lr: 0.01 train_loss: 62445.7109 train_distortion: 1.7808 train_mapscore: 0.1820 train_c: -0.7848 train_max_dist: 18.1190 train_imax: 13.2630 train_imin: -8.7435 time: 1.8866s
INFO:root:Epoch: 1575 lr: 0.01 train_loss: 62002.9023 train_distortion: 1.8274 train_mapscore: 0.1840 train_c: -0.7864 train_max_dist: 18.2314 train_imax: 13.4756 train_imin: -8.7457 time: 1.8815s
INFO:root:Epoch: 1580 lr: 0.01 train_loss: 61574.0781 train_distortion: 1.8795 train_mapscore: 0.1883 train_c: -0.7877 train_max_dist: 18.3549 train_imax: 13.7195 train_imin: -8.7715 time: 1.8807s
INFO:root:Epoch: 1585 lr: 0.01 train_loss: 61144.6797 train_distortion: 1.9341 train_mapscore: 0.1969 train_c: -0.7890 train_max_dist: 18.4788 train_imax: 13.9598 train_imin: -8.8063 time: 1.8886s
INFO:root:Epoch: 1590 lr: 0.01 train_loss: 60727.6406 train_distortion: 1.9913 train_mapscore: 0.2048 train_c: -0.7901 train_max_dist: 18.6066 train_imax: 14.2150 train_imin: -8.8389 time: 1.8909s
INFO:root:Epoch: 1595 lr: 0.01 train_loss: 60304.1914 train_distortion: 2.0484 train_mapscore: 0.2125 train_c: -0.7911 train_max_dist: 18.7316 train_imax: 14.4756 train_imin: -8.8628 time: 1.8888s
INFO:root:Epoch: 1600 lr: 0.01 train_loss: 59888.9922 train_distortion: 2.1049 train_mapscore: 0.2191 train_c: -0.7920 train_max_dist: 18.8532 train_imax: 14.7306 train_imin: -8.9017 time: 1.8738s
INFO:root:Epoch: 1605 lr: 0.01 train_loss: 59487.5547 train_distortion: 2.1575 train_mapscore: 0.2281 train_c: -0.7927 train_max_dist: 18.9652 train_imax: 14.9654 train_imin: -8.9231 time: 1.8796s
INFO:root:Epoch: 1610 lr: 0.01 train_loss: 59093.6016 train_distortion: 2.1996 train_mapscore: 0.2323 train_c: -0.7935 train_max_dist: 19.0548 train_imax: 15.1577 train_imin: -8.9292 time: 1.8678s
INFO:root:Epoch: 1615 lr: 0.01 train_loss: 58643.2500 train_distortion: 2.2295 train_mapscore: 0.2343 train_c: -0.7947 train_max_dist: 19.1251 train_imax: 13.5941 train_imin: -8.9261 time: 1.8628s
INFO:root:Epoch: 1620 lr: 0.01 train_loss: 58322.5078 train_distortion: 2.2824 train_mapscore: 0.2428 train_c: -0.7953 train_max_dist: 19.2337 train_imax: 13.7775 train_imin: -8.9695 time: 1.8556s
INFO:root:Epoch: 1625 lr: 0.01 train_loss: 57963.1367 train_distortion: 2.3479 train_mapscore: 0.2524 train_c: -0.7958 train_max_dist: 19.3665 train_imax: 14.0128 train_imin: -9.0377 time: 1.8542s
INFO:root:Epoch: 1630 lr: 0.01 train_loss: 57606.7305 train_distortion: 2.4146 train_mapscore: 0.2608 train_c: -0.7962 train_max_dist: 19.4971 train_imax: 14.2520 train_imin: -9.1074 time: 1.8538s
INFO:root:Epoch: 1635 lr: 0.01 train_loss: 57262.4297 train_distortion: 2.4769 train_mapscore: 0.2704 train_c: -0.7966 train_max_dist: 19.6159 train_imax: 14.4727 train_imin: -9.1653 time: 1.8530s
INFO:root:Epoch: 1640 lr: 0.01 train_loss: 56925.1367 train_distortion: 2.5325 train_mapscore: 0.2789 train_c: -0.7969 train_max_dist: 19.7198 train_imax: 14.6677 train_imin: -9.2131 time: 1.8531s
INFO:root:Epoch: 1645 lr: 0.01 train_loss: 56587.1055 train_distortion: 2.5815 train_mapscore: 0.2864 train_c: -0.7973 train_max_dist: 19.8108 train_imax: 14.8357 train_imin: -9.2531 time: 1.8486s
INFO:root:Epoch: 1650 lr: 0.01 train_loss: 56229.7969 train_distortion: 2.6298 train_mapscore: 0.2919 train_c: -0.7976 train_max_dist: 19.8972 train_imax: 15.0010 train_imin: -9.2867 time: 1.8473s
INFO:root:Epoch: 1655 lr: 0.01 train_loss: 56194.4688 train_distortion: 2.6758 train_mapscore: 0.3011 train_c: -0.7978 train_max_dist: 19.9837 train_imax: 15.1631 train_imin: -9.3294 time: 1.8457s
INFO:root:Epoch: 1660 lr: 0.01 train_loss: 55905.2305 train_distortion: 2.7209 train_mapscore: 0.3073 train_c: -0.7980 train_max_dist: 20.0646 train_imax: 15.3141 train_imin: -9.3588 time: 1.8508s
INFO:root:Epoch: 1665 lr: 0.01 train_loss: 55544.8555 train_distortion: 2.7631 train_mapscore: 0.3135 train_c: -0.7983 train_max_dist: 20.1372 train_imax: 15.4507 train_imin: -9.3883 time: 1.8474s
INFO:root:Epoch: 1670 lr: 0.01 train_loss: 55189.2969 train_distortion: 2.8032 train_mapscore: 0.3237 train_c: -0.7988 train_max_dist: 20.2049 train_imax: 15.5750 train_imin: -9.4126 time: 1.8489s
INFO:root:Epoch: 1675 lr: 0.01 train_loss: 54911.6172 train_distortion: 2.7493 train_mapscore: 0.2967 train_c: -0.8010 train_max_dist: 20.1117 train_imax: 15.2841 train_imin: -9.2139 time: 1.8406s
INFO:root:Epoch: 1680 lr: 0.01 train_loss: 54654.6562 train_distortion: 2.7575 train_mapscore: 0.2983 train_c: -0.8027 train_max_dist: 20.1287 train_imax: 15.2528 train_imin: -9.1535 time: 1.8407s
INFO:root:Epoch: 1685 lr: 0.01 train_loss: 54344.2734 train_distortion: 2.8337 train_mapscore: 0.3054 train_c: -0.8036 train_max_dist: 20.2643 train_imax: 15.5047 train_imin: -9.2315 time: 1.8393s
INFO:root:Epoch: 1690 lr: 0.01 train_loss: 54054.4883 train_distortion: 2.9336 train_mapscore: 0.3162 train_c: -0.8040 train_max_dist: 20.4373 train_imax: 15.8596 train_imin: -9.3574 time: 1.8412s
INFO:root:Epoch: 1695 lr: 0.01 train_loss: 53734.9492 train_distortion: 3.0316 train_mapscore: 0.3283 train_c: -0.8043 train_max_dist: 20.6028 train_imax: 16.2110 train_imin: -9.4809 time: 1.8393s
INFO:root:Epoch: 1700 lr: 0.01 train_loss: 53411.9141 train_distortion: 3.0847 train_mapscore: 0.3328 train_c: -0.8049 train_max_dist: 20.6979 train_imax: 16.3888 train_imin: -9.4807 time: 1.8405s
INFO:root:Epoch: 1705 lr: 0.01 train_loss: 53102.4375 train_distortion: 3.1526 train_mapscore: 0.3437 train_c: -0.8053 train_max_dist: 20.8210 train_imax: 16.6238 train_imin: -9.5084 time: 1.8366s
INFO:root:Epoch: 1710 lr: 0.01 train_loss: 52783.5781 train_distortion: 3.2174 train_mapscore: 0.3518 train_c: -0.8057 train_max_dist: 20.9381 train_imax: 16.8476 train_imin: -9.5417 time: 1.8381s
INFO:root:Epoch: 1715 lr: 0.01 train_loss: 52477.2812 train_distortion: 3.2821 train_mapscore: 0.3660 train_c: -0.8059 train_max_dist: 21.0544 train_imax: 17.0739 train_imin: -9.5798 time: 1.8361s
INFO:root:Epoch: 1720 lr: 0.01 train_loss: 52906.7031 train_distortion: 3.5025 train_mapscore: 0.3240 train_c: -0.8025 train_max_dist: 21.4125 train_imax: 18.0273 train_imin: -10.0182 time: 1.8361s
INFO:root:Epoch: 1725 lr: 0.01 train_loss: 53080.3086 train_distortion: 3.5846 train_mapscore: 0.3182 train_c: -0.8005 train_max_dist: 21.5508 train_imax: 18.4040 train_imin: -10.1848 time: 1.8513s
INFO:root:Epoch: 1730 lr: 0.01 train_loss: 52823.4453 train_distortion: 3.5272 train_mapscore: 0.3260 train_c: -0.8003 train_max_dist: 21.4775 train_imax: 18.1821 train_imin: -10.0493 time: 1.8421s
INFO:root:Epoch: 1735 lr: 0.01 train_loss: 52566.7266 train_distortion: 3.3646 train_mapscore: 0.3162 train_c: -0.8018 train_max_dist: 21.2420 train_imax: 17.5030 train_imin: -9.7052 time: 1.8419s
INFO:root:Epoch: 1740 lr: 0.01 train_loss: 52901.1250 train_distortion: 3.2984 train_mapscore: 0.3180 train_c: -0.8030 train_max_dist: 21.1545 train_imax: 17.1997 train_imin: -9.4938 time: 1.8445s
INFO:root:Epoch: 1745 lr: 0.01 train_loss: 52078.0547 train_distortion: 3.3075 train_mapscore: 0.3252 train_c: -0.8038 train_max_dist: 21.1868 train_imax: 17.1998 train_imin: -9.4113 time: 1.8395s
INFO:root:Epoch: 1750 lr: 0.01 train_loss: 51798.6719 train_distortion: 3.3964 train_mapscore: 0.3355 train_c: -0.8040 train_max_dist: 21.3360 train_imax: 17.5154 train_imin: -9.4820 time: 1.8365s
INFO:root:Epoch: 1755 lr: 0.01 train_loss: 51543.2969 train_distortion: 3.5272 train_mapscore: 0.3477 train_c: -0.8040 train_max_dist: 21.5461 train_imax: 18.0055 train_imin: -9.6533 time: 1.8427s
INFO:root:Epoch: 1760 lr: 0.01 train_loss: 51275.3242 train_distortion: 3.6766 train_mapscore: 0.3655 train_c: -0.8035 train_max_dist: 21.7770 train_imax: 18.5773 train_imin: -9.8539 time: 1.8454s
INFO:root:Epoch: 1765 lr: 0.01 train_loss: 51001.7578 train_distortion: 3.7955 train_mapscore: 0.3824 train_c: -0.8030 train_max_dist: 21.9592 train_imax: 19.0312 train_imin: -9.9827 time: 1.8350s
INFO:root:Epoch: 1770 lr: 0.01 train_loss: 50699.1875 train_distortion: 3.8708 train_mapscore: 0.3974 train_c: -0.8026 train_max_dist: 22.0749 train_imax: 19.3131 train_imin: -10.0480 time: 1.8375s
INFO:root:Epoch: 1775 lr: 0.01 train_loss: 50363.2852 train_distortion: 3.9138 train_mapscore: 0.4142 train_c: -0.8023 train_max_dist: 22.1448 train_imax: 19.4686 train_imin: -10.0580 time: 1.8441s
INFO:root:Epoch: 1780 lr: 0.01 train_loss: 50051.8516 train_distortion: 3.9557 train_mapscore: 0.4269 train_c: -0.8021 train_max_dist: 22.2112 train_imax: 19.6175 train_imin: -10.0634 time: 1.8329s
INFO:root:Epoch: 1785 lr: 0.01 train_loss: 49759.2969 train_distortion: 3.9973 train_mapscore: 0.4345 train_c: -0.8019 train_max_dist: 22.2747 train_imax: 19.7635 train_imin: -10.0695 time: 1.8355s
INFO:root:Epoch: 1790 lr: 0.01 train_loss: 50193.3086 train_distortion: 3.9623 train_mapscore: 0.4164 train_c: -0.8020 train_max_dist: 22.2353 train_imax: 19.5764 train_imin: -9.9361 time: 1.8331s
INFO:root:Epoch: 1795 lr: 0.01 train_loss: 49358.2969 train_distortion: 3.9810 train_mapscore: 0.4267 train_c: -0.8021 train_max_dist: 22.2702 train_imax: 19.6224 train_imin: -9.8934 time: 1.8310s
INFO:root:Epoch: 1800 lr: 0.01 train_loss: 49101.0781 train_distortion: 4.0706 train_mapscore: 0.4380 train_c: -0.8020 train_max_dist: 22.4019 train_imax: 19.9389 train_imin: -9.9923 time: 1.8257s
INFO:root:Epoch: 1805 lr: 0.01 train_loss: 48815.6211 train_distortion: 4.1891 train_mapscore: 0.4519 train_c: -0.8019 train_max_dist: 22.5710 train_imax: 20.3769 train_imin: -10.1314 time: 1.8276s
INFO:root:Epoch: 1810 lr: 0.01 train_loss: 48535.2266 train_distortion: 4.2964 train_mapscore: 0.4624 train_c: -0.8016 train_max_dist: 22.7182 train_imax: 20.7722 train_imin: -10.2678 time: 1.8340s
INFO:root:Epoch: 1815 lr: 0.01 train_loss: 48925.5312 train_distortion: 4.3406 train_mapscore: 0.4502 train_c: -0.8029 train_max_dist: 22.7989 train_imax: 20.8811 train_imin: -10.3052 time: 1.8301s
INFO:root:Epoch: 1820 lr: 0.01 train_loss: 48079.9844 train_distortion: 4.3802 train_mapscore: 0.4629 train_c: -0.8041 train_max_dist: 22.8749 train_imax: 20.9647 train_imin: -10.3427 time: 1.8303s
INFO:root:Epoch: 1825 lr: 0.01 train_loss: 47813.1562 train_distortion: 4.4646 train_mapscore: 0.4728 train_c: -0.8046 train_max_dist: 22.9972 train_imax: 21.2468 train_imin: -10.4146 time: 1.8260s
INFO:root:Epoch: 1830 lr: 0.01 train_loss: 47535.6484 train_distortion: 4.5714 train_mapscore: 0.4835 train_c: -0.8047 train_max_dist: 23.1436 train_imax: 21.6301 train_imin: -10.5309 time: 1.8275s
INFO:root:Epoch: 1835 lr: 0.01 train_loss: 47309.0742 train_distortion: 4.6899 train_mapscore: 0.4825 train_c: -0.8043 train_max_dist: 23.2986 train_imax: 22.0707 train_imin: -10.6787 time: 1.8213s
INFO:root:Epoch: 1840 lr: 0.01 train_loss: 47148.1719 train_distortion: 4.8145 train_mapscore: 0.4712 train_c: -0.8035 train_max_dist: 23.4582 train_imax: 22.5534 train_imin: -10.8800 time: 1.8224s
INFO:root:Epoch: 1845 lr: 0.01 train_loss: 46840.5781 train_distortion: 4.8580 train_mapscore: 0.4833 train_c: -0.8032 train_max_dist: 23.5169 train_imax: 22.7088 train_imin: -10.9355 time: 1.8333s
INFO:root:Epoch: 1850 lr: 0.01 train_loss: 47169.6445 train_distortion: 4.8842 train_mapscore: 0.4934 train_c: -0.8031 train_max_dist: 23.5506 train_imax: 22.7892 train_imin: -10.9697 time: 1.8286s
INFO:root:Epoch: 1855 lr: 0.01 train_loss: 46209.3086 train_distortion: 4.9315 train_mapscore: 0.5066 train_c: -0.8029 train_max_dist: 23.6120 train_imax: 22.9533 train_imin: -11.0647 time: 1.8189s
INFO:root:Epoch: 1860 lr: 0.01 train_loss: 45946.0781 train_distortion: 5.0098 train_mapscore: 0.5179 train_c: -0.8026 train_max_dist: 23.7127 train_imax: 23.2416 train_imin: -11.2007 time: 1.8202s
INFO:root:Epoch: 1865 lr: 0.01 train_loss: 45636.0781 train_distortion: 5.0873 train_mapscore: 0.5282 train_c: -0.8024 train_max_dist: 23.8120 train_imax: 23.5255 train_imin: -11.3048 time: 1.8204s
INFO:root:Epoch: 1870 lr: 0.01 train_loss: 46079.0938 train_distortion: 5.1560 train_mapscore: 0.5208 train_c: -0.8026 train_max_dist: 23.9039 train_imax: 23.7625 train_imin: -11.3731 time: 1.8225s
INFO:root:Epoch: 1875 lr: 0.01 train_loss: 45129.6992 train_distortion: 5.2228 train_mapscore: 0.5296 train_c: -0.8028 train_max_dist: 23.9878 train_imax: 23.9919 train_imin: -11.4365 time: 1.8273s
INFO:root:Epoch: 1880 lr: 0.01 train_loss: 44876.2812 train_distortion: 5.3101 train_mapscore: 0.5390 train_c: -0.8028 train_max_dist: 24.0942 train_imax: 24.3036 train_imin: -11.5291 time: 1.8165s
INFO:root:Epoch: 1885 lr: 0.01 train_loss: 45360.3945 train_distortion: 5.4448 train_mapscore: 0.5341 train_c: -0.8025 train_max_dist: 24.2558 train_imax: 24.7854 train_imin: -11.7236 time: 1.8219s
INFO:root:Epoch: 1890 lr: 0.01 train_loss: 44397.6875 train_distortion: 5.5504 train_mapscore: 0.5475 train_c: -0.8022 train_max_dist: 24.3793 train_imax: 25.1541 train_imin: -11.8863 time: 1.8170s
INFO:root:Epoch: 1895 lr: 0.01 train_loss: 44160.1094 train_distortion: 5.6251 train_mapscore: 0.5549 train_c: -0.8021 train_max_dist: 24.4634 train_imax: 25.4012 train_imin: -12.0132 time: 1.8154s
INFO:root:Epoch: 1900 lr: 0.01 train_loss: 43875.0547 train_distortion: 5.6956 train_mapscore: 0.5620 train_c: -0.8021 train_max_dist: 24.5430 train_imax: 25.6447 train_imin: -12.1037 time: 1.8191s
INFO:root:Epoch: 1905 lr: 0.01 train_loss: 43618.7500 train_distortion: 5.7789 train_mapscore: 0.5708 train_c: -0.8022 train_max_dist: 24.6392 train_imax: 25.9486 train_imin: -12.2468 time: 1.8196s
INFO:root:Epoch: 1910 lr: 0.01 train_loss: 44484.3438 train_distortion: 5.8661 train_mapscore: 0.5714 train_c: -0.8023 train_max_dist: 24.7420 train_imax: 26.2675 train_imin: -12.3975 time: 1.8220s
INFO:root:Epoch: 1915 lr: 0.01 train_loss: 43488.9727 train_distortion: 5.9531 train_mapscore: 0.5808 train_c: -0.8025 train_max_dist: 24.8463 train_imax: 26.5805 train_imin: -12.5149 time: 1.8145s
INFO:root:Epoch: 1920 lr: 0.01 train_loss: 43242.8047 train_distortion: 6.0275 train_mapscore: 0.5839 train_c: -0.8029 train_max_dist: 24.9312 train_imax: 26.8510 train_imin: -12.5849 time: 1.8150s
INFO:root:Epoch: 1925 lr: 0.01 train_loss: 43408.2852 train_distortion: 6.0598 train_mapscore: 0.5773 train_c: -0.8037 train_max_dist: 24.9844 train_imax: 26.9546 train_imin: -12.4991 time: 1.8151s
INFO:root:Epoch: 1930 lr: 0.01 train_loss: 43150.0352 train_distortion: 6.1182 train_mapscore: 0.5829 train_c: -0.8044 train_max_dist: 25.0621 train_imax: 27.1646 train_imin: -12.5164 time: 1.8159s
INFO:root:Epoch: 1935 lr: 0.01 train_loss: 44007.8594 train_distortion: 5.8911 train_mapscore: 0.5006 train_c: -0.8064 train_max_dist: 24.8153 train_imax: 26.2239 train_imin: -12.1424 time: 1.8289s
INFO:root:Epoch: 1940 lr: 0.01 train_loss: 44205.2031 train_distortion: 5.6768 train_mapscore: 0.4715 train_c: -0.8085 train_max_dist: 24.5636 train_imax: 25.3434 train_imin: -11.7712 time: 1.8138s
INFO:root:Epoch: 1945 lr: 0.01 train_loss: 43369.9766 train_distortion: 5.7187 train_mapscore: 0.4852 train_c: -0.8094 train_max_dist: 24.6187 train_imax: 25.4920 train_imin: -11.7691 time: 1.8127s
INFO:root:Epoch: 1950 lr: 0.01 train_loss: 43061.4766 train_distortion: 5.9111 train_mapscore: 0.5017 train_c: -0.8094 train_max_dist: 24.8651 train_imax: 26.2276 train_imin: -11.9666 time: 1.8150s
INFO:root:Epoch: 1955 lr: 0.01 train_loss: 42786.1406 train_distortion: 5.9913 train_mapscore: 0.5134 train_c: -0.8102 train_max_dist: 24.9513 train_imax: 26.5053 train_imin: -12.0230 time: 1.8090s
INFO:root:Epoch: 1960 lr: 0.01 train_loss: 43132.5273 train_distortion: 6.1429 train_mapscore: 0.5273 train_c: -0.8105 train_max_dist: 25.1155 train_imax: 27.0713 train_imin: -12.1639 time: 1.8189s
INFO:root:Epoch: 1965 lr: 0.01 train_loss: 42384.1367 train_distortion: 6.3572 train_mapscore: 0.5453 train_c: -0.8103 train_max_dist: 25.3572 train_imax: 27.8972 train_imin: -12.4456 time: 1.8049s
INFO:root:Epoch: 1970 lr: 0.01 train_loss: 42022.0742 train_distortion: 6.5572 train_mapscore: 0.5687 train_c: -0.8099 train_max_dist: 25.5825 train_imax: 28.6575 train_imin: -12.7905 time: 1.8088s
INFO:root:Epoch: 1975 lr: 0.01 train_loss: 41624.6445 train_distortion: 6.7244 train_mapscore: 0.5834 train_c: -0.8098 train_max_dist: 25.7733 train_imax: 29.2885 train_imin: -13.0247 time: 1.8041s
INFO:root:Epoch: 1980 lr: 0.01 train_loss: 41577.0352 train_distortion: 6.8380 train_mapscore: 0.5875 train_c: -0.8099 train_max_dist: 25.9120 train_imax: 29.7035 train_imin: -13.1409 time: 1.8078s
INFO:root:Epoch: 1985 lr: 0.01 train_loss: 41152.4219 train_distortion: 6.9130 train_mapscore: 0.5894 train_c: -0.8100 train_max_dist: 25.9942 train_imax: 29.9490 train_imin: -13.1874 time: 1.8092s
INFO:root:Epoch: 1990 lr: 0.01 train_loss: 40835.4414 train_distortion: 7.0175 train_mapscore: 0.6015 train_c: -0.8101 train_max_dist: 26.1085 train_imax: 30.3272 train_imin: -13.2916 time: 1.8140s
INFO:root:Epoch: 1995 lr: 0.01 train_loss: 41068.5625 train_distortion: 7.1651 train_mapscore: 0.6150 train_c: -0.8099 train_max_dist: 26.2681 train_imax: 30.8856 train_imin: -13.4816 time: 1.8089s
INFO:root:Epoch: 2000 lr: 0.0025 train_loss: 40786.2500 train_distortion: 7.3027 train_mapscore: 0.6245 train_c: -0.8098 train_max_dist: 26.4150 train_imax: 31.3815 train_imin: -13.6717 time: 1.8099s
INFO:root:Optimization Finished!
INFO:root:Total time elapsed: 3685.2669s
INFO:root:Val set results: val_distortion: 1.0000 val_mapscore: -1.0000 val_c: -1.0000 val_max_dist: 0.0000
INFO:root:Test set results: test_loss: 41526.9453 test_distortion: 7.3338 test_mapscore: 0.6219 test_c: -0.8098 test_max_dist: 26.4474 test_imax: 31.4899 test_imin: -13.7183
INFO:root:Saved model in /workspace/xiongbo/hgcn/logs/md/2021_4_30/1
