INFO:root:Using: cuda:0
INFO:root:Using seed 1234.
INFO:root:MDModel(
  (encoder): HGCN(
    (layers): Sequential(
      (0): HyperbolicGraphConvolution(
        (linear): HypLinear(
          in_features=3032, out_features=10, c=Parameter containing:
          tensor([-1.], requires_grad=True)
        )
        (agg): HypAgg(
          c=Parameter containing:
          tensor([-1.], requires_grad=True)
        )
        (hyp_act): HypAct(
          c_in=Parameter containing:
          tensor([-1.], requires_grad=True), c_out=Parameter containing:
          tensor([-1.], requires_grad=True)
        )
      )
    )
  )
  (decoder): MDDecoder()
)
INFO:root:Total number of parameters: 30332
/workspace/anaconda3/envs/geo/lib/python3.7/site-packages/torch/optim/lr_scheduler.py:370: UserWarning: To get the last learning rate computed by the scheduler, please use `get_last_lr()`.
  "please use `get_last_lr()`.", UserWarning)
INFO:root:Epoch: 0005 lr: 0.001 train_loss: 102464.0781 train_distortion: 0.8299 train_mapscore: 0.0105 train_c: -1.0004 train_max_dist: 1.4892 train_imax: -0.0000 train_imin: -1.4976 time: 4.6860s
INFO:root:Epoch: 0010 lr: 0.001 train_loss: 101482.1875 train_distortion: 0.8054 train_mapscore: 0.0177 train_c: -1.0009 train_max_dist: 1.6009 train_imax: -0.0000 train_imin: -1.5113 time: 5.0145s
INFO:root:Epoch: 0015 lr: 0.001 train_loss: 100496.6406 train_distortion: 0.7782 train_mapscore: 0.0321 train_c: -1.0014 train_max_dist: 1.6937 train_imax: -0.0000 train_imin: -1.5441 time: 4.7872s
INFO:root:Epoch: 0020 lr: 0.001 train_loss: 99525.1094 train_distortion: 0.7509 train_mapscore: 0.0507 train_c: -1.0020 train_max_dist: 1.7958 train_imax: -0.0000 train_imin: -1.6262 time: 3.6530s
INFO:root:Epoch: 0025 lr: 0.001 train_loss: 98599.6094 train_distortion: 0.7253 train_mapscore: 0.0760 train_c: -1.0026 train_max_dist: 1.9629 train_imax: -0.0000 train_imin: -1.6966 time: 3.9904s
INFO:root:Epoch: 0030 lr: 0.001 train_loss: 97745.8594 train_distortion: 0.7018 train_mapscore: 0.1034 train_c: -1.0032 train_max_dist: 2.1600 train_imax: -0.0000 train_imin: -1.7906 time: 4.4600s
INFO:root:Epoch: 0035 lr: 0.001 train_loss: 96964.2031 train_distortion: 0.6802 train_mapscore: 0.1296 train_c: -1.0038 train_max_dist: 2.4038 train_imax: -0.0000 train_imin: -1.8938 time: 3.7320s
INFO:root:Epoch: 0040 lr: 0.001 train_loss: 96237.8125 train_distortion: 0.6607 train_mapscore: 0.1579 train_c: -1.0045 train_max_dist: 2.8588 train_imax: -0.0000 train_imin: -2.0034 time: 2.0130s
INFO:root:Epoch: 0045 lr: 0.001 train_loss: 95551.1250 train_distortion: 0.6425 train_mapscore: 0.1882 train_c: -1.0051 train_max_dist: 3.3200 train_imax: -0.0000 train_imin: -2.1145 time: 2.5957s
INFO:root:Epoch: 0050 lr: 0.001 train_loss: 94888.3516 train_distortion: 0.6257 train_mapscore: 0.2146 train_c: -1.0058 train_max_dist: 3.6869 train_imax: -0.0000 train_imin: -2.2075 time: 2.6136s
INFO:root:Epoch: 0055 lr: 0.001 train_loss: 94234.9844 train_distortion: 0.6098 train_mapscore: 0.2429 train_c: -1.0065 train_max_dist: 4.1075 train_imax: -0.0000 train_imin: -2.2792 time: 2.8382s
INFO:root:Epoch: 0060 lr: 0.001 train_loss: 93581.7344 train_distortion: 0.5946 train_mapscore: 0.2705 train_c: -1.0072 train_max_dist: 4.5781 train_imax: -0.0000 train_imin: -2.3066 time: 3.6665s
INFO:root:Epoch: 0065 lr: 0.001 train_loss: 92924.2344 train_distortion: 0.5801 train_mapscore: 0.2951 train_c: -1.0079 train_max_dist: 5.0550 train_imax: -0.0000 train_imin: -2.3165 time: 2.4005s
INFO:root:Epoch: 0070 lr: 0.001 train_loss: 92259.9844 train_distortion: 0.5661 train_mapscore: 0.3237 train_c: -1.0087 train_max_dist: 5.5218 train_imax: -0.0000 train_imin: -2.3372 time: 2.7515s
INFO:root:Epoch: 0075 lr: 0.001 train_loss: 91593.1250 train_distortion: 0.5526 train_mapscore: 0.3535 train_c: -1.0094 train_max_dist: 5.9396 train_imax: -0.0000 train_imin: -2.3584 time: 3.9969s
INFO:root:Epoch: 0080 lr: 0.001 train_loss: 90921.6250 train_distortion: 0.5394 train_mapscore: 0.3797 train_c: -1.0101 train_max_dist: 6.3596 train_imax: -0.0000 train_imin: -2.5181 time: 3.8096s
INFO:root:Epoch: 0085 lr: 0.001 train_loss: 90291.3516 train_distortion: 0.5269 train_mapscore: 0.3986 train_c: -1.0109 train_max_dist: 6.7429 train_imax: -0.0000 train_imin: -2.6875 time: 3.2453s
INFO:root:Epoch: 0090 lr: 0.001 train_loss: 89636.9141 train_distortion: 0.5144 train_mapscore: 0.4157 train_c: -1.0116 train_max_dist: 7.1032 train_imax: -0.0000 train_imin: -2.8117 time: 1.7334s
INFO:root:Epoch: 0095 lr: 0.001 train_loss: 88989.2188 train_distortion: 0.5022 train_mapscore: 0.4313 train_c: -1.0123 train_max_dist: 7.3614 train_imax: -0.0000 train_imin: -2.9604 time: 2.4745s
INFO:root:Epoch: 0100 lr: 0.001 train_loss: 88345.3750 train_distortion: 0.4902 train_mapscore: 0.4485 train_c: -1.0131 train_max_dist: 7.6645 train_imax: -0.0000 train_imin: -3.1173 time: 2.1902s
INFO:root:Epoch: 0105 lr: 0.001 train_loss: 87715.3281 train_distortion: 0.4783 train_mapscore: 0.4555 train_c: -1.0138 train_max_dist: 7.8869 train_imax: -0.0000 train_imin: -3.2133 time: 1.6284s
INFO:root:Epoch: 0110 lr: 0.001 train_loss: 87100.2656 train_distortion: 0.4667 train_mapscore: 0.4780 train_c: -1.0146 train_max_dist: 8.1459 train_imax: -0.0000 train_imin: -3.3121 time: 1.8075s
INFO:root:Epoch: 0115 lr: 0.001 train_loss: 86502.2969 train_distortion: 0.4552 train_mapscore: 0.4788 train_c: -1.0154 train_max_dist: 8.3559 train_imax: -0.0000 train_imin: -3.4630 time: 1.8803s
INFO:root:Epoch: 0120 lr: 0.001 train_loss: 85920.4219 train_distortion: 0.4442 train_mapscore: 0.4822 train_c: -1.0161 train_max_dist: 8.4261 train_imax: -0.0000 train_imin: -3.5805 time: 2.0728s
INFO:root:Epoch: 0125 lr: 0.001 train_loss: 85305.0156 train_distortion: 0.4329 train_mapscore: 0.4900 train_c: -1.0169 train_max_dist: 8.6878 train_imax: -0.0000 train_imin: -3.7518 time: 3.7254s
INFO:root:Epoch: 0130 lr: 0.001 train_loss: 84691.9688 train_distortion: 0.4216 train_mapscore: 0.4896 train_c: -1.0176 train_max_dist: 8.9224 train_imax: 0.0503 train_imin: -3.8814 time: 3.2804s
INFO:root:Epoch: 0135 lr: 0.001 train_loss: 84058.5234 train_distortion: 0.4104 train_mapscore: 0.5067 train_c: -1.0184 train_max_dist: 9.1303 train_imax: 0.0694 train_imin: -4.0367 time: 1.9520s
INFO:root:Epoch: 0140 lr: 0.001 train_loss: 83440.5078 train_distortion: 0.3992 train_mapscore: 0.5006 train_c: -1.0192 train_max_dist: 9.3328 train_imax: 0.1354 train_imin: -4.1159 time: 1.8682s
INFO:root:Epoch: 0145 lr: 0.001 train_loss: 82809.3125 train_distortion: 0.3881 train_mapscore: 0.5040 train_c: -1.0199 train_max_dist: 9.5574 train_imax: 0.1834 train_imin: -4.3057 time: 2.0121s
INFO:root:Epoch: 0150 lr: 0.001 train_loss: 82162.2422 train_distortion: 0.3769 train_mapscore: 0.5068 train_c: -1.0207 train_max_dist: 9.9243 train_imax: 0.2090 train_imin: -4.4361 time: 3.1422s
INFO:root:Epoch: 0155 lr: 0.001 train_loss: 81511.9375 train_distortion: 0.3659 train_mapscore: 0.5103 train_c: -1.0215 train_max_dist: 10.1867 train_imax: 0.2483 train_imin: -4.5346 time: 3.8848s
INFO:root:Epoch: 0160 lr: 0.001 train_loss: 80861.3906 train_distortion: 0.3549 train_mapscore: 0.4996 train_c: -1.0222 train_max_dist: 10.3613 train_imax: 0.2832 train_imin: -4.6589 time: 1.8836s
INFO:root:Epoch: 0165 lr: 0.001 train_loss: 80198.0156 train_distortion: 0.3439 train_mapscore: 0.4990 train_c: -1.0230 train_max_dist: 10.5944 train_imax: 0.2942 train_imin: -4.8071 time: 4.3190s
INFO:root:Epoch: 0170 lr: 0.001 train_loss: 79516.1172 train_distortion: 0.3330 train_mapscore: 0.5039 train_c: -1.0238 train_max_dist: 10.9295 train_imax: 0.2745 train_imin: -4.9222 time: 3.6840s
INFO:root:Epoch: 0175 lr: 0.001 train_loss: 78832.2109 train_distortion: 0.3223 train_mapscore: 0.5043 train_c: -1.0246 train_max_dist: 11.1920 train_imax: 0.3393 train_imin: -5.0156 time: 3.8431s
INFO:root:Epoch: 0180 lr: 0.001 train_loss: 78144.7969 train_distortion: 0.3116 train_mapscore: 0.4910 train_c: -1.0253 train_max_dist: 11.4236 train_imax: 0.2753 train_imin: -5.1482 time: 3.6899s
INFO:root:Epoch: 0185 lr: 0.001 train_loss: 77428.3906 train_distortion: 0.3010 train_mapscore: 0.5016 train_c: -1.0261 train_max_dist: 11.7437 train_imax: 0.2782 train_imin: -5.2640 time: 3.8694s
INFO:root:Epoch: 0190 lr: 0.001 train_loss: 76732.0859 train_distortion: 0.2905 train_mapscore: 0.4923 train_c: -1.0269 train_max_dist: 12.0450 train_imax: 0.2721 train_imin: -5.3815 time: 1.8746s
INFO:root:Epoch: 0195 lr: 0.001 train_loss: 76013.8516 train_distortion: 0.2803 train_mapscore: 0.4941 train_c: -1.0277 train_max_dist: 12.3179 train_imax: 0.3043 train_imin: -5.4836 time: 1.8779s
INFO:root:Epoch: 0200 lr: 0.001 train_loss: 75282.1016 train_distortion: 0.2703 train_mapscore: 0.5042 train_c: -1.0285 train_max_dist: 12.6450 train_imax: 0.3015 train_imin: -5.5765 time: 1.8691s
INFO:root:Epoch: 0205 lr: 0.001 train_loss: 74524.3594 train_distortion: 0.2605 train_mapscore: 0.4982 train_c: -1.0293 train_max_dist: 12.8727 train_imax: 0.2620 train_imin: -5.6749 time: 2.3539s
INFO:root:Epoch: 0210 lr: 0.001 train_loss: 73745.9688 train_distortion: 0.2510 train_mapscore: 0.4990 train_c: -1.0300 train_max_dist: 13.1346 train_imax: 0.2654 train_imin: -5.7814 time: 3.4114s
INFO:root:Epoch: 0215 lr: 0.001 train_loss: 72992.7422 train_distortion: 0.2419 train_mapscore: 0.4909 train_c: -1.0308 train_max_dist: 13.3766 train_imax: 0.2841 train_imin: -5.8453 time: 3.4351s
INFO:root:Epoch: 0220 lr: 0.001 train_loss: 72163.7812 train_distortion: 0.2333 train_mapscore: 0.4967 train_c: -1.0316 train_max_dist: 13.7512 train_imax: 0.1912 train_imin: -6.1120 time: 4.1928s
INFO:root:Epoch: 0225 lr: 0.001 train_loss: 71357.6016 train_distortion: 0.2251 train_mapscore: 0.5003 train_c: -1.0324 train_max_dist: 14.0274 train_imax: 0.1157 train_imin: -6.3917 time: 1.8815s
INFO:root:Epoch: 0230 lr: 0.001 train_loss: 70503.3438 train_distortion: 0.2174 train_mapscore: 0.5096 train_c: -1.0332 train_max_dist: 14.3081 train_imax: 0.1211 train_imin: -6.5855 time: 3.7109s
INFO:root:Epoch: 0235 lr: 0.001 train_loss: 69661.7109 train_distortion: 0.2104 train_mapscore: 0.5041 train_c: -1.0340 train_max_dist: 14.6032 train_imax: 0.0678 train_imin: -6.8399 time: 3.8363s
INFO:root:Epoch: 0240 lr: 0.001 train_loss: 68796.3750 train_distortion: 0.2040 train_mapscore: 0.5169 train_c: -1.0348 train_max_dist: 14.9499 train_imax: -0.0000 train_imin: -7.1632 time: 3.5730s
INFO:root:Epoch: 0245 lr: 0.001 train_loss: 67944.9375 train_distortion: 0.1985 train_mapscore: 0.5087 train_c: -1.0356 train_max_dist: 15.1988 train_imax: -0.0000 train_imin: -7.4549 time: 3.8550s
INFO:root:Epoch: 0250 lr: 0.001 train_loss: 67028.6719 train_distortion: 0.1936 train_mapscore: 0.5109 train_c: -1.0364 train_max_dist: 15.5298 train_imax: -0.0000 train_imin: -7.8014 time: 3.7523s
INFO:root:Epoch: 0255 lr: 0.001 train_loss: 66116.8750 train_distortion: 0.1898 train_mapscore: 0.5099 train_c: -1.0372 train_max_dist: 15.8472 train_imax: -0.0000 train_imin: -8.0214 time: 1.8452s
INFO:root:Epoch: 0260 lr: 0.001 train_loss: 65141.8984 train_distortion: 0.1871 train_mapscore: 0.5060 train_c: -1.0380 train_max_dist: 16.1639 train_imax: -0.0000 train_imin: -8.2794 time: 1.8394s
INFO:root:Epoch: 0265 lr: 0.001 train_loss: 64160.9492 train_distortion: 0.1853 train_mapscore: 0.5217 train_c: -1.0388 train_max_dist: 16.5418 train_imax: -0.0000 train_imin: -8.4820 time: 3.7597s
INFO:root:Epoch: 0270 lr: 0.001 train_loss: 63153.6172 train_distortion: 0.1851 train_mapscore: 0.5269 train_c: -1.0396 train_max_dist: 16.8453 train_imax: -0.0000 train_imin: -8.7569 time: 3.6228s
INFO:root:Epoch: 0275 lr: 0.001 train_loss: 62132.3984 train_distortion: 0.1863 train_mapscore: 0.5307 train_c: -1.0404 train_max_dist: 17.1802 train_imax: -0.0000 train_imin: -9.0298 time: 1.8832s
INFO:root:Epoch: 0280 lr: 0.001 train_loss: 61069.3281 train_distortion: 0.1892 train_mapscore: 0.5432 train_c: -1.0412 train_max_dist: 17.5434 train_imax: -0.0000 train_imin: -9.5328 time: 3.6377s
INFO:root:Epoch: 0285 lr: 0.001 train_loss: 60026.3984 train_distortion: 0.1938 train_mapscore: 0.5468 train_c: -1.0420 train_max_dist: 17.9082 train_imax: -0.0000 train_imin: -9.7885 time: 2.6160s
INFO:root:Epoch: 0290 lr: 0.001 train_loss: 58952.7148 train_distortion: 0.2006 train_mapscore: 0.5531 train_c: -1.0428 train_max_dist: 18.2991 train_imax: -0.0000 train_imin: -10.2852 time: 3.8337s
INFO:root:Epoch: 0295 lr: 0.001 train_loss: 57863.1484 train_distortion: 0.2095 train_mapscore: 0.5652 train_c: -1.0436 train_max_dist: 18.6741 train_imax: -0.0000 train_imin: -10.4564 time: 4.1101s
INFO:root:Epoch: 0300 lr: 0.001 train_loss: 56790.5391 train_distortion: 0.2204 train_mapscore: 0.5691 train_c: -1.0444 train_max_dist: 19.0392 train_imax: -0.0000 train_imin: -10.9984 time: 1.8007s
INFO:root:Epoch: 0305 lr: 0.001 train_loss: 55701.4141 train_distortion: 0.2340 train_mapscore: 0.5753 train_c: -1.0452 train_max_dist: 19.4380 train_imax: -0.0000 train_imin: -11.4100 time: 2.5061s
INFO:root:Epoch: 0310 lr: 0.001 train_loss: 54610.0039 train_distortion: 0.2501 train_mapscore: 0.5891 train_c: -1.0460 train_max_dist: 19.7894 train_imax: -0.0000 train_imin: -11.8893 time: 3.4246s
INFO:root:Epoch: 0315 lr: 0.001 train_loss: 53514.8477 train_distortion: 0.2693 train_mapscore: 0.6001 train_c: -1.0468 train_max_dist: 20.1575 train_imax: -0.0000 train_imin: -12.1006 time: 4.0802s
INFO:root:Epoch: 0320 lr: 0.001 train_loss: 52409.7578 train_distortion: 0.2909 train_mapscore: 0.6228 train_c: -1.0476 train_max_dist: 20.5448 train_imax: -0.0000 train_imin: -12.6618 time: 1.8224s
INFO:root:Epoch: 0325 lr: 0.001 train_loss: 51343.7617 train_distortion: 0.3156 train_mapscore: 0.6218 train_c: -1.0483 train_max_dist: 20.8960 train_imax: -0.0000 train_imin: -13.0747 time: 1.9318s
INFO:root:Epoch: 0330 lr: 0.001 train_loss: 50254.7266 train_distortion: 0.3429 train_mapscore: 0.6434 train_c: -1.0491 train_max_dist: 21.2607 train_imax: -0.0000 train_imin: -13.4549 time: 3.8498s
INFO:root:Epoch: 0335 lr: 0.001 train_loss: 49211.5977 train_distortion: 0.3734 train_mapscore: 0.6481 train_c: -1.0499 train_max_dist: 21.6067 train_imax: -0.0000 train_imin: -13.9764 time: 3.8182s
INFO:root:Epoch: 0340 lr: 0.001 train_loss: 48151.1406 train_distortion: 0.4069 train_mapscore: 0.6657 train_c: -1.0506 train_max_dist: 21.9615 train_imax: -0.0000 train_imin: -14.6786 time: 1.9003s
INFO:root:Epoch: 0345 lr: 0.001 train_loss: 47028.6719 train_distortion: 0.4433 train_mapscore: 0.6890 train_c: -1.0514 train_max_dist: 22.3041 train_imax: -0.0000 train_imin: -14.6613 time: 3.7814s
INFO:root:Epoch: 0350 lr: 0.001 train_loss: 45979.9297 train_distortion: 0.4834 train_mapscore: 0.6964 train_c: -1.0521 train_max_dist: 22.6610 train_imax: -0.0000 train_imin: -15.4500 time: 4.1131s
INFO:root:Epoch: 0355 lr: 0.001 train_loss: 44936.7734 train_distortion: 0.5256 train_mapscore: 0.7230 train_c: -1.0529 train_max_dist: 22.9814 train_imax: -0.0000 train_imin: -15.7597 time: 1.7196s
INFO:root:Epoch: 0360 lr: 0.001 train_loss: 43916.3750 train_distortion: 0.5724 train_mapscore: 0.7292 train_c: -1.0536 train_max_dist: 23.3318 train_imax: -0.0000 train_imin: -16.3341 time: 3.6551s
INFO:root:Epoch: 0365 lr: 0.001 train_loss: 42851.1484 train_distortion: 0.6212 train_mapscore: 0.7491 train_c: -1.0543 train_max_dist: 23.6584 train_imax: -0.0000 train_imin: -17.0710 time: 3.6097s
INFO:root:Epoch: 0370 lr: 0.001 train_loss: 41799.9609 train_distortion: 0.6739 train_mapscore: 0.7678 train_c: -1.0550 train_max_dist: 24.0100 train_imax: -0.0000 train_imin: -17.6971 time: 3.9299s
INFO:root:Epoch: 0375 lr: 0.001 train_loss: 40771.0547 train_distortion: 0.7308 train_mapscore: 0.7799 train_c: -1.0557 train_max_dist: 24.3567 train_imax: -0.0000 train_imin: -18.3633 time: 3.0623s
INFO:root:Epoch: 0380 lr: 0.001 train_loss: 39776.7734 train_distortion: 0.7916 train_mapscore: 0.7893 train_c: -1.0564 train_max_dist: 24.6976 train_imax: -0.0000 train_imin: -19.3980 time: 3.6237s
INFO:root:Epoch: 0385 lr: 0.001 train_loss: 38738.0391 train_distortion: 0.8548 train_mapscore: 0.8030 train_c: -1.0571 train_max_dist: 25.0176 train_imax: 0.0783 train_imin: -19.5957 time: 3.8683s
INFO:root:Epoch: 0390 lr: 0.001 train_loss: 37731.9609 train_distortion: 0.9229 train_mapscore: 0.8109 train_c: -1.0578 train_max_dist: 25.3579 train_imax: -0.0000 train_imin: -20.5719 time: 3.8448s
INFO:root:Epoch: 0395 lr: 0.001 train_loss: 36760.8359 train_distortion: 0.9953 train_mapscore: 0.8259 train_c: -1.0585 train_max_dist: 25.6646 train_imax: -0.0000 train_imin: -20.8833 time: 3.5456s
INFO:root:Epoch: 0400 lr: 0.001 train_loss: 35715.3633 train_distortion: 1.0731 train_mapscore: 0.8373 train_c: -1.0592 train_max_dist: 26.0234 train_imax: -0.0000 train_imin: -22.0808 time: 2.5674s
INFO:root:Epoch: 0405 lr: 0.001 train_loss: 34810.6641 train_distortion: 1.1541 train_mapscore: 0.8415 train_c: -1.0598 train_max_dist: 26.3655 train_imax: -0.0000 train_imin: -22.6287 time: 3.0151s
INFO:root:Epoch: 0410 lr: 0.001 train_loss: 33920.5234 train_distortion: 1.2390 train_mapscore: 0.8545 train_c: -1.0605 train_max_dist: 26.6819 train_imax: 0.2877 train_imin: -23.1635 time: 1.8786s
INFO:root:Epoch: 0415 lr: 0.001 train_loss: 32750.9355 train_distortion: 1.3300 train_mapscore: 0.8676 train_c: -1.0611 train_max_dist: 27.0583 train_imax: -0.0000 train_imin: -24.3484 time: 3.7708s
INFO:root:Epoch: 0420 lr: 0.001 train_loss: 31961.1875 train_distortion: 1.4270 train_mapscore: 0.8714 train_c: -1.0618 train_max_dist: 27.4009 train_imax: -0.0000 train_imin: -25.2986 time: 3.6615s
INFO:root:Epoch: 0425 lr: 0.001 train_loss: 31020.9570 train_distortion: 1.5255 train_mapscore: 0.8806 train_c: -1.0624 train_max_dist: 27.7617 train_imax: 0.0384 train_imin: -25.5472 time: 1.8974s
INFO:root:Epoch: 0430 lr: 0.001 train_loss: 30194.2266 train_distortion: 1.6305 train_mapscore: 0.8825 train_c: -1.0630 train_max_dist: 28.1016 train_imax: -0.0000 train_imin: -27.0648 time: 4.0400s
INFO:root:Epoch: 0435 lr: 0.001 train_loss: 29351.3496 train_distortion: 1.7397 train_mapscore: 0.8891 train_c: -1.0636 train_max_dist: 28.4399 train_imax: -0.0000 train_imin: -27.9169 time: 4.1942s
INFO:root:Epoch: 0440 lr: 0.001 train_loss: 28495.2930 train_distortion: 1.8518 train_mapscore: 0.8958 train_c: -1.0642 train_max_dist: 28.7974 train_imax: 0.1063 train_imin: -28.7480 time: 3.0424s
INFO:root:Epoch: 0445 lr: 0.001 train_loss: 27739.2383 train_distortion: 1.9700 train_mapscore: 0.9030 train_c: -1.0648 train_max_dist: 29.1387 train_imax: -0.0000 train_imin: -30.3104 time: 3.1981s
INFO:root:Epoch: 0450 lr: 0.001 train_loss: 26828.8262 train_distortion: 2.0920 train_mapscore: 0.9094 train_c: -1.0653 train_max_dist: 29.4829 train_imax: -0.0000 train_imin: -30.7186 time: 3.8837s
INFO:root:Epoch: 0455 lr: 0.001 train_loss: 26089.6289 train_distortion: 2.2171 train_mapscore: 0.9183 train_c: -1.0659 train_max_dist: 29.7686 train_imax: 0.2172 train_imin: -32.0200 time: 4.0053s
INFO:root:Epoch: 0460 lr: 0.001 train_loss: 25302.5312 train_distortion: 2.3444 train_mapscore: 0.9239 train_c: -1.0665 train_max_dist: 30.1382 train_imax: 0.6154 train_imin: -32.5359 time: 1.9551s
INFO:root:Epoch: 0465 lr: 0.001 train_loss: 24583.3672 train_distortion: 2.4780 train_mapscore: 0.9273 train_c: -1.0670 train_max_dist: 30.4111 train_imax: 0.2684 train_imin: -33.9936 time: 1.9342s
INFO:root:Epoch: 0470 lr: 0.001 train_loss: 23865.6387 train_distortion: 2.6146 train_mapscore: 0.9278 train_c: -1.0675 train_max_dist: 30.7832 train_imax: -0.0000 train_imin: -35.1262 time: 4.1053s
INFO:root:Epoch: 0475 lr: 0.001 train_loss: 23366.6719 train_distortion: 2.7535 train_mapscore: 0.9349 train_c: -1.0680 train_max_dist: 31.0527 train_imax: 1.2646 train_imin: -35.8075 time: 1.9422s
INFO:root:Epoch: 0480 lr: 0.001 train_loss: 22752.8027 train_distortion: 2.8998 train_mapscore: 0.9331 train_c: -1.0685 train_max_dist: 31.4248 train_imax: -0.0000 train_imin: -37.6184 time: 2.2897s
INFO:root:Epoch: 0485 lr: 0.001 train_loss: 22022.8984 train_distortion: 3.0444 train_mapscore: 0.9404 train_c: -1.0690 train_max_dist: 31.7349 train_imax: 0.0691 train_imin: -38.8102 time: 3.8368s
INFO:root:Epoch: 0490 lr: 0.001 train_loss: 21465.4531 train_distortion: 3.1897 train_mapscore: 0.9425 train_c: -1.0695 train_max_dist: 32.0215 train_imax: 1.3528 train_imin: -39.4803 time: 2.1659s
INFO:root:Epoch: 0495 lr: 0.001 train_loss: 21062.8906 train_distortion: 3.3391 train_mapscore: 0.9419 train_c: -1.0700 train_max_dist: 32.3032 train_imax: 3.3474 train_imin: -40.4258 time: 1.9381s
INFO:root:Epoch: 0500 lr: 0.001 train_loss: 20290.7832 train_distortion: 3.4943 train_mapscore: 0.9520 train_c: -1.0704 train_max_dist: 32.6294 train_imax: 2.2066 train_imin: -42.0828 time: 3.8917s
INFO:root:Epoch: 0505 lr: 0.001 train_loss: 19721.5605 train_distortion: 3.6488 train_mapscore: 0.9512 train_c: -1.0709 train_max_dist: 32.9375 train_imax: 0.0179 train_imin: -42.7855 time: 3.9668s
INFO:root:Epoch: 0510 lr: 0.001 train_loss: 19219.8906 train_distortion: 3.8056 train_mapscore: 0.9532 train_c: -1.0713 train_max_dist: 33.2285 train_imax: 0.0805 train_imin: -43.8839 time: 1.8404s
INFO:root:Epoch: 0515 lr: 0.001 train_loss: 18495.4297 train_distortion: 3.9646 train_mapscore: 0.9603 train_c: -1.0718 train_max_dist: 33.4756 train_imax: 0.4669 train_imin: -44.4856 time: 2.0924s
INFO:root:Epoch: 0520 lr: 0.001 train_loss: 18002.5566 train_distortion: 4.1260 train_mapscore: 0.9618 train_c: -1.0722 train_max_dist: 33.7783 train_imax: 0.0694 train_imin: -45.6717 time: 3.9082s
INFO:root:Epoch: 0525 lr: 0.001 train_loss: 17567.6191 train_distortion: 4.2913 train_mapscore: 0.9645 train_c: -1.0726 train_max_dist: 34.1338 train_imax: 0.0270 train_imin: -46.9836 time: 3.8793s
INFO:root:Epoch: 0530 lr: 0.001 train_loss: 17000.8086 train_distortion: 4.4568 train_mapscore: 0.9665 train_c: -1.0730 train_max_dist: 34.3799 train_imax: 0.6333 train_imin: -47.5641 time: 2.0123s
INFO:root:Epoch: 0535 lr: 0.001 train_loss: 16635.9531 train_distortion: 4.6240 train_mapscore: 0.9666 train_c: -1.0734 train_max_dist: 34.6484 train_imax: 0.5529 train_imin: -49.3255 time: 2.3695s
INFO:root:Epoch: 0540 lr: 0.001 train_loss: 16575.7734 train_distortion: 4.7912 train_mapscore: 0.9638 train_c: -1.0738 train_max_dist: 34.9629 train_imax: 1.1441 train_imin: -49.2957 time: 4.0915s
INFO:root:Epoch: 0545 lr: 0.001 train_loss: 16114.6084 train_distortion: 4.9598 train_mapscore: 0.9660 train_c: -1.0742 train_max_dist: 35.2065 train_imax: 2.2593 train_imin: -51.6492 time: 1.7924s
INFO:root:Epoch: 0550 lr: 0.001 train_loss: 15863.5684 train_distortion: 5.1234 train_mapscore: 0.9658 train_c: -1.0746 train_max_dist: 35.4414 train_imax: 1.7278 train_imin: -52.8393 time: 1.8741s
INFO:root:Epoch: 0555 lr: 0.001 train_loss: 15274.5859 train_distortion: 5.2914 train_mapscore: 0.9682 train_c: -1.0749 train_max_dist: 35.8164 train_imax: 0.8257 train_imin: -53.7324 time: 3.9511s
INFO:root:Epoch: 0560 lr: 0.001 train_loss: 14843.0205 train_distortion: 5.4599 train_mapscore: 0.9695 train_c: -1.0753 train_max_dist: 36.0527 train_imax: 2.2020 train_imin: -54.1525 time: 4.3351s
INFO:root:Epoch: 0565 lr: 0.001 train_loss: 14251.9805 train_distortion: 5.6322 train_mapscore: 0.9712 train_c: -1.0756 train_max_dist: 36.2783 train_imax: 0.0780 train_imin: -56.1155 time: 3.9762s
INFO:root:Epoch: 0570 lr: 0.001 train_loss: 13864.9336 train_distortion: 5.8053 train_mapscore: 0.9726 train_c: -1.0760 train_max_dist: 36.5146 train_imax: 0.0919 train_imin: -57.2085 time: 4.1620s
INFO:root:Epoch: 0575 lr: 0.001 train_loss: 13751.9434 train_distortion: 5.9783 train_mapscore: 0.9721 train_c: -1.0763 train_max_dist: 36.7920 train_imax: 1.0136 train_imin: -58.3146 time: 1.8461s
INFO:root:Epoch: 0580 lr: 0.001 train_loss: 13262.2070 train_distortion: 6.1532 train_mapscore: 0.9742 train_c: -1.0767 train_max_dist: 37.0352 train_imax: 0.1325 train_imin: -59.4961 time: 1.8885s
INFO:root:Epoch: 0585 lr: 0.001 train_loss: 13668.7285 train_distortion: 6.3173 train_mapscore: 0.9682 train_c: -1.0770 train_max_dist: 37.2998 train_imax: 1.2681 train_imin: -60.4144 time: 3.8151s
INFO:root:Epoch: 0590 lr: 0.001 train_loss: 13624.9824 train_distortion: 6.4674 train_mapscore: 0.9687 train_c: -1.0773 train_max_dist: 37.4873 train_imax: 1.2663 train_imin: -61.2592 time: 3.9883s
INFO:root:Epoch: 0595 lr: 0.001 train_loss: 13057.5859 train_distortion: 6.6213 train_mapscore: 0.9704 train_c: -1.0776 train_max_dist: 37.6777 train_imax: 0.6760 train_imin: -61.3646 time: 1.8937s
INFO:root:Epoch: 0600 lr: 0.001 train_loss: 12644.0996 train_distortion: 6.7832 train_mapscore: 0.9719 train_c: -1.0779 train_max_dist: 37.8740 train_imax: 0.9028 train_imin: -61.7930 time: 3.9981s
INFO:root:Epoch: 0605 lr: 0.001 train_loss: 12234.2871 train_distortion: 6.9536 train_mapscore: 0.9757 train_c: -1.0782 train_max_dist: 38.0742 train_imax: 1.0389 train_imin: -62.4179 time: 4.0973s
INFO:root:Epoch: 0610 lr: 0.001 train_loss: 12193.8965 train_distortion: 7.1252 train_mapscore: 0.9758 train_c: -1.0785 train_max_dist: 38.3447 train_imax: 0.6816 train_imin: -63.9809 time: 2.0516s
INFO:root:Epoch: 0615 lr: 0.001 train_loss: 11774.9805 train_distortion: 7.2986 train_mapscore: 0.9778 train_c: -1.0788 train_max_dist: 38.5430 train_imax: 0.0270 train_imin: -65.0509 time: 1.8487s
INFO:root:Epoch: 0620 lr: 0.001 train_loss: 11375.3428 train_distortion: 7.4667 train_mapscore: 0.9783 train_c: -1.0791 train_max_dist: 38.6992 train_imax: 1.1553 train_imin: -66.5316 time: 3.8938s
INFO:root:Epoch: 0625 lr: 0.001 train_loss: 11112.4316 train_distortion: 7.6356 train_mapscore: 0.9799 train_c: -1.0794 train_max_dist: 38.8311 train_imax: 1.2355 train_imin: -67.1219 time: 4.1790s
INFO:root:Epoch: 0630 lr: 0.001 train_loss: 10868.5059 train_distortion: 7.8044 train_mapscore: 0.9798 train_c: -1.0797 train_max_dist: 39.0654 train_imax: 0.5848 train_imin: -68.8498 time: 1.8842s
INFO:root:Epoch: 0635 lr: 0.001 train_loss: 10633.7109 train_distortion: 7.9704 train_mapscore: 0.9804 train_c: -1.0799 train_max_dist: 39.2949 train_imax: 0.4974 train_imin: -69.6464 time: 1.9838s
INFO:root:Epoch: 0640 lr: 0.001 train_loss: 10314.9463 train_distortion: 8.1335 train_mapscore: 0.9805 train_c: -1.0802 train_max_dist: 39.4863 train_imax: 1.9488 train_imin: -69.8958 time: 3.8492s
INFO:root:Epoch: 0645 lr: 0.001 train_loss: 10492.0684 train_distortion: 8.3001 train_mapscore: 0.9799 train_c: -1.0804 train_max_dist: 39.6992 train_imax: -0.0000 train_imin: -72.0520 time: 3.1794s
INFO:root:Epoch: 0650 lr: 0.001 train_loss: 10367.5762 train_distortion: 8.4575 train_mapscore: 0.9806 train_c: -1.0807 train_max_dist: 39.9238 train_imax: 0.2986 train_imin: -72.9688 time: 4.0781s
INFO:root:Epoch: 0655 lr: 0.001 train_loss: 10194.6914 train_distortion: 8.6089 train_mapscore: 0.9820 train_c: -1.0809 train_max_dist: 40.1465 train_imax: 0.6150 train_imin: -73.7088 time: 1.6343s
INFO:root:Epoch: 0660 lr: 0.001 train_loss: 9637.4043 train_distortion: 8.7606 train_mapscore: 0.9834 train_c: -1.0812 train_max_dist: 40.3604 train_imax: 0.8572 train_imin: -74.0255 time: 1.8845s
INFO:root:Epoch: 0665 lr: 0.001 train_loss: 10112.2578 train_distortion: 8.9115 train_mapscore: 0.9781 train_c: -1.0814 train_max_dist: 40.4414 train_imax: 2.1036 train_imin: -75.1527 time: 4.2269s
INFO:root:Epoch: 0670 lr: 0.001 train_loss: 9737.1934 train_distortion: 9.0538 train_mapscore: 0.9797 train_c: -1.0816 train_max_dist: 40.5078 train_imax: 4.4184 train_imin: -75.2380 time: 2.3938s
INFO:root:Epoch: 0675 lr: 0.001 train_loss: 9640.5938 train_distortion: 9.1950 train_mapscore: 0.9805 train_c: -1.0818 train_max_dist: 40.6787 train_imax: 3.0166 train_imin: -76.5748 time: 3.9071s
INFO:root:Epoch: 0680 lr: 0.001 train_loss: 9471.6797 train_distortion: 9.3394 train_mapscore: 0.9832 train_c: -1.0820 train_max_dist: 40.8086 train_imax: 0.1761 train_imin: -77.5694 time: 3.6890s
INFO:root:Epoch: 0685 lr: 0.001 train_loss: 9082.0342 train_distortion: 9.4740 train_mapscore: 0.9829 train_c: -1.0822 train_max_dist: 40.9473 train_imax: 0.5748 train_imin: -77.9641 time: 2.0022s
INFO:root:Epoch: 0690 lr: 0.001 train_loss: 9049.7256 train_distortion: 9.6114 train_mapscore: 0.9831 train_c: -1.0824 train_max_dist: 41.1777 train_imax: 0.0945 train_imin: -79.1760 time: 1.8843s
INFO:root:Epoch: 0695 lr: 0.001 train_loss: 8889.7285 train_distortion: 9.7435 train_mapscore: 0.9839 train_c: -1.0826 train_max_dist: 41.3320 train_imax: 0.1500 train_imin: -79.5337 time: 3.9373s
INFO:root:Epoch: 0700 lr: 0.001 train_loss: 8751.6816 train_distortion: 9.8799 train_mapscore: 0.9842 train_c: -1.0828 train_max_dist: 41.4805 train_imax: 0.1006 train_imin: -80.6008 time: 4.2022s
INFO:root:Epoch: 0705 lr: 0.001 train_loss: 8357.1406 train_distortion: 10.0087 train_mapscore: 0.9838 train_c: -1.0830 train_max_dist: 41.6133 train_imax: 1.1913 train_imin: -81.4531 time: 1.9002s
INFO:root:Epoch: 0710 lr: 0.001 train_loss: 8343.8232 train_distortion: 10.1377 train_mapscore: 0.9839 train_c: -1.0831 train_max_dist: 41.7344 train_imax: 0.5481 train_imin: -82.1382 time: 3.8978s
INFO:root:Epoch: 0715 lr: 0.001 train_loss: 9052.5371 train_distortion: 10.2689 train_mapscore: 0.9813 train_c: -1.0833 train_max_dist: 41.8613 train_imax: 0.2242 train_imin: -83.6789 time: 4.1809s
INFO:root:Epoch: 0720 lr: 0.001 train_loss: 8924.6113 train_distortion: 10.3853 train_mapscore: 0.9791 train_c: -1.0835 train_max_dist: 41.9629 train_imax: 3.5750 train_imin: -83.3167 time: 3.1881s
INFO:root:Epoch: 0725 lr: 0.001 train_loss: 8676.4131 train_distortion: 10.5000 train_mapscore: 0.9830 train_c: -1.0836 train_max_dist: 42.1270 train_imax: 4.0469 train_imin: -83.3511 time: 1.8958s
INFO:root:Epoch: 0730 lr: 0.001 train_loss: 8614.5225 train_distortion: 10.6093 train_mapscore: 0.9839 train_c: -1.0838 train_max_dist: 42.1914 train_imax: 6.8755 train_imin: -85.3316 time: 3.8710s
INFO:root:Epoch: 0735 lr: 0.001 train_loss: 8055.6919 train_distortion: 10.7135 train_mapscore: 0.9849 train_c: -1.0840 train_max_dist: 42.2734 train_imax: 7.2832 train_imin: -86.2608 time: 4.1205s
INFO:root:Epoch: 0740 lr: 0.001 train_loss: 8110.6680 train_distortion: 10.8200 train_mapscore: 0.9853 train_c: -1.0841 train_max_dist: 42.5332 train_imax: 5.1497 train_imin: -86.2689 time: 1.8278s
INFO:root:Epoch: 0745 lr: 0.001 train_loss: 7943.1558 train_distortion: 10.9296 train_mapscore: 0.9850 train_c: -1.0843 train_max_dist: 42.6855 train_imax: 2.4847 train_imin: -86.6294 time: 3.9238s
INFO:root:Epoch: 0750 lr: 0.001 train_loss: 7955.0654 train_distortion: 11.0357 train_mapscore: 0.9840 train_c: -1.0844 train_max_dist: 42.7988 train_imax: 3.0468 train_imin: -86.5081 time: 1.9370s
INFO:root:Epoch: 0755 lr: 0.001 train_loss: 7726.1733 train_distortion: 11.1429 train_mapscore: 0.9850 train_c: -1.0845 train_max_dist: 42.8750 train_imax: 1.1896 train_imin: -87.3465 time: 4.0919s
INFO:root:Epoch: 0760 lr: 0.001 train_loss: 7578.6260 train_distortion: 11.2487 train_mapscore: 0.9855 train_c: -1.0847 train_max_dist: 42.8906 train_imax: 0.6806 train_imin: -87.3181 time: 4.1083s
INFO:root:Epoch: 0765 lr: 0.001 train_loss: 7502.4355 train_distortion: 11.3536 train_mapscore: 0.9852 train_c: -1.0848 train_max_dist: 42.9824 train_imax: 1.4919 train_imin: -88.4370 time: 1.7620s
INFO:root:Epoch: 0770 lr: 0.001 train_loss: 7703.7290 train_distortion: 11.4620 train_mapscore: 0.9853 train_c: -1.0850 train_max_dist: 43.0977 train_imax: -0.0000 train_imin: -88.7739 time: 1.8811s
INFO:root:Epoch: 0775 lr: 0.001 train_loss: 7828.0117 train_distortion: 11.5582 train_mapscore: 0.9856 train_c: -1.0851 train_max_dist: 43.2070 train_imax: 0.1581 train_imin: -89.0846 time: 3.8375s
INFO:root:Epoch: 0780 lr: 0.001 train_loss: 7484.6895 train_distortion: 11.6500 train_mapscore: 0.9858 train_c: -1.0852 train_max_dist: 43.3105 train_imax: 1.4222 train_imin: -90.1104 time: 3.1345s
INFO:root:Epoch: 0785 lr: 0.001 train_loss: 7331.9595 train_distortion: 11.7457 train_mapscore: 0.9858 train_c: -1.0853 train_max_dist: 43.3301 train_imax: 1.1560 train_imin: -90.0016 time: 1.9324s
INFO:root:Epoch: 0790 lr: 0.001 train_loss: 7284.1030 train_distortion: 11.8403 train_mapscore: 0.9858 train_c: -1.0855 train_max_dist: 43.4688 train_imax: 1.0699 train_imin: -90.0193 time: 4.2743s
INFO:root:Epoch: 0795 lr: 0.001 train_loss: 7698.9141 train_distortion: 11.9305 train_mapscore: 0.9858 train_c: -1.0856 train_max_dist: 43.5410 train_imax: 0.4855 train_imin: -92.4607 time: 3.4812s
INFO:root:Epoch: 0800 lr: 0.001 train_loss: 7516.4077 train_distortion: 12.0158 train_mapscore: 0.9864 train_c: -1.0857 train_max_dist: 43.6602 train_imax: 0.4370 train_imin: -92.5663 time: 3.7658s
INFO:root:Epoch: 0805 lr: 0.001 train_loss: 7217.1567 train_distortion: 12.0964 train_mapscore: 0.9859 train_c: -1.0858 train_max_dist: 43.7812 train_imax: 1.5297 train_imin: -92.7267 time: 2.2972s
INFO:root:Epoch: 0810 lr: 0.001 train_loss: 7246.3408 train_distortion: 12.1787 train_mapscore: 0.9858 train_c: -1.0859 train_max_dist: 43.8789 train_imax: 1.4157 train_imin: -92.7910 time: 2.4291s
INFO:root:Epoch: 0815 lr: 0.001 train_loss: 7004.4014 train_distortion: 12.2627 train_mapscore: 0.9861 train_c: -1.0860 train_max_dist: 43.9414 train_imax: 0.0886 train_imin: -93.4496 time: 4.2304s
INFO:root:Epoch: 0820 lr: 0.001 train_loss: 7349.7832 train_distortion: 12.3483 train_mapscore: 0.9856 train_c: -1.0862 train_max_dist: 43.9941 train_imax: 0.3915 train_imin: -94.4488 time: 1.6825s
INFO:root:Epoch: 0825 lr: 0.001 train_loss: 7632.6904 train_distortion: 12.4261 train_mapscore: 0.9856 train_c: -1.0863 train_max_dist: 44.0586 train_imax: 0.9053 train_imin: -95.5689 time: 1.9268s
INFO:root:Epoch: 0830 lr: 0.001 train_loss: 7312.4307 train_distortion: 12.4925 train_mapscore: 0.9863 train_c: -1.0864 train_max_dist: 44.1191 train_imax: 1.0953 train_imin: -94.8613 time: 3.6982s
INFO:root:Epoch: 0835 lr: 0.001 train_loss: 7093.7295 train_distortion: 12.5627 train_mapscore: 0.9864 train_c: -1.0865 train_max_dist: 44.1133 train_imax: 1.1996 train_imin: -94.3399 time: 1.9420s
INFO:root:Epoch: 0840 lr: 0.001 train_loss: 6949.7812 train_distortion: 12.6301 train_mapscore: 0.9867 train_c: -1.0866 train_max_dist: 44.1582 train_imax: 0.5164 train_imin: -94.4711 time: 2.8918s
INFO:root:Epoch: 0845 lr: 0.001 train_loss: 6931.0586 train_distortion: 12.7016 train_mapscore: 0.9862 train_c: -1.0867 train_max_dist: 44.2656 train_imax: 1.5519 train_imin: -94.8701 time: 3.2307s
INFO:root:Epoch: 0850 lr: 0.001 train_loss: 6845.8589 train_distortion: 12.7692 train_mapscore: 0.9864 train_c: -1.0867 train_max_dist: 44.3672 train_imax: 0.6428 train_imin: -95.0901 time: 3.7580s
INFO:root:Epoch: 0855 lr: 0.001 train_loss: 6789.4595 train_distortion: 12.8433 train_mapscore: 0.9869 train_c: -1.0868 train_max_dist: 44.4355 train_imax: 0.4939 train_imin: -96.0343 time: 3.6901s
INFO:root:Epoch: 0860 lr: 0.001 train_loss: 6622.9854 train_distortion: 12.9145 train_mapscore: 0.9870 train_c: -1.0869 train_max_dist: 44.5430 train_imax: 0.4812 train_imin: -95.8853 time: 2.2172s
INFO:root:Epoch: 0865 lr: 0.001 train_loss: 6523.7510 train_distortion: 12.9850 train_mapscore: 0.9870 train_c: -1.0870 train_max_dist: 44.5859 train_imax: 0.3300 train_imin: -96.7801 time: 3.8011s
INFO:root:Epoch: 0870 lr: 0.001 train_loss: 7042.6987 train_distortion: 13.0505 train_mapscore: 0.9853 train_c: -1.0871 train_max_dist: 44.6543 train_imax: 7.9150 train_imin: -95.7366 time: 4.4694s
INFO:root:Epoch: 0875 lr: 0.001 train_loss: 7192.8975 train_distortion: 13.1046 train_mapscore: 0.9861 train_c: -1.0872 train_max_dist: 44.7754 train_imax: 16.2507 train_imin: -97.4264 time: 3.7184s
INFO:root:Epoch: 0880 lr: 0.001 train_loss: 6809.5537 train_distortion: 13.1628 train_mapscore: 0.9875 train_c: -1.0873 train_max_dist: 44.8027 train_imax: 17.4178 train_imin: -98.0494 time: 3.7245s
INFO:root:Epoch: 0885 lr: 0.001 train_loss: 6613.5859 train_distortion: 13.2186 train_mapscore: 0.9873 train_c: -1.0874 train_max_dist: 44.8027 train_imax: 16.6787 train_imin: -96.8218 time: 4.0561s
INFO:root:Epoch: 0890 lr: 0.001 train_loss: 6542.7598 train_distortion: 13.2748 train_mapscore: 0.9875 train_c: -1.0875 train_max_dist: 44.8535 train_imax: 15.7932 train_imin: -96.8000 time: 4.0491s
INFO:root:Epoch: 0895 lr: 0.001 train_loss: 6387.1504 train_distortion: 13.3368 train_mapscore: 0.9878 train_c: -1.0875 train_max_dist: 44.9141 train_imax: 14.1497 train_imin: -97.2408 time: 1.8125s
INFO:root:Epoch: 0900 lr: 0.001 train_loss: 6603.2349 train_distortion: 13.4015 train_mapscore: 0.9877 train_c: -1.0876 train_max_dist: 44.9785 train_imax: 12.6283 train_imin: -98.0243 time: 2.0777s
INFO:root:Epoch: 0905 lr: 0.001 train_loss: 6689.9951 train_distortion: 13.4592 train_mapscore: 0.9874 train_c: -1.0877 train_max_dist: 45.0234 train_imax: 11.5823 train_imin: -98.0132 time: 3.8190s
INFO:root:Epoch: 0910 lr: 0.001 train_loss: 6468.7031 train_distortion: 13.5141 train_mapscore: 0.9877 train_c: -1.0878 train_max_dist: 45.0898 train_imax: 8.7770 train_imin: -98.0900 time: 3.5343s
INFO:root:Epoch: 0915 lr: 0.001 train_loss: 6418.4092 train_distortion: 13.5729 train_mapscore: 0.9878 train_c: -1.0879 train_max_dist: 45.1602 train_imax: 7.1173 train_imin: -98.1287 time: 4.2462s
INFO:root:Epoch: 0920 lr: 0.001 train_loss: 6643.0820 train_distortion: 13.6269 train_mapscore: 0.9859 train_c: -1.0880 train_max_dist: 45.1797 train_imax: 4.8485 train_imin: -99.2235 time: 3.7513s
INFO:root:Epoch: 0925 lr: 0.001 train_loss: 6669.1045 train_distortion: 13.6769 train_mapscore: 0.9866 train_c: -1.0880 train_max_dist: 45.2227 train_imax: 3.2764 train_imin: -98.8858 time: 3.7271s
INFO:root:Epoch: 0930 lr: 0.001 train_loss: 6905.5635 train_distortion: 13.7290 train_mapscore: 0.9878 train_c: -1.0881 train_max_dist: 45.2891 train_imax: 0.1110 train_imin: -99.4434 time: 3.7260s
INFO:root:Epoch: 0935 lr: 0.001 train_loss: 6924.4160 train_distortion: 13.7703 train_mapscore: 0.9871 train_c: -1.0882 train_max_dist: 45.3477 train_imax: 0.9073 train_imin: -98.9747 time: 4.1120s
INFO:root:Epoch: 0940 lr: 0.001 train_loss: 6685.1392 train_distortion: 13.8099 train_mapscore: 0.9873 train_c: -1.0882 train_max_dist: 45.3945 train_imax: 0.1724 train_imin: -99.8505 time: 3.8133s
INFO:root:Epoch: 0945 lr: 0.001 train_loss: 6558.5454 train_distortion: 13.8518 train_mapscore: 0.9880 train_c: -1.0883 train_max_dist: 45.3984 train_imax: 2.6222 train_imin: -98.9974 time: 3.6563s
INFO:root:Epoch: 0950 lr: 0.001 train_loss: 6340.5605 train_distortion: 13.8968 train_mapscore: 0.9883 train_c: -1.0884 train_max_dist: 45.4336 train_imax: 0.6895 train_imin: -98.9909 time: 4.1986s
INFO:root:Epoch: 0955 lr: 0.001 train_loss: 6117.8135 train_distortion: 13.9418 train_mapscore: 0.9878 train_c: -1.0884 train_max_dist: 45.4648 train_imax: 0.4799 train_imin: -99.3275 time: 1.8921s
INFO:root:Epoch: 0960 lr: 0.001 train_loss: 6019.5869 train_distortion: 13.9942 train_mapscore: 0.9886 train_c: -1.0885 train_max_dist: 45.5234 train_imax: 0.7764 train_imin: -99.7720 time: 2.3321s
INFO:root:Epoch: 0965 lr: 0.001 train_loss: 6024.2407 train_distortion: 14.0469 train_mapscore: 0.9886 train_c: -1.0886 train_max_dist: 45.5859 train_imax: 0.5116 train_imin: -100.0443 time: 3.2111s
INFO:root:Epoch: 0970 lr: 0.001 train_loss: 6092.5659 train_distortion: 14.1044 train_mapscore: 0.9884 train_c: -1.0887 train_max_dist: 45.5996 train_imax: 0.0155 train_imin: -100.7534 time: 2.5321s
INFO:root:Epoch: 0975 lr: 0.001 train_loss: 7073.1943 train_distortion: 14.1597 train_mapscore: 0.9859 train_c: -1.0887 train_max_dist: 45.6270 train_imax: 0.2814 train_imin: -102.3243 time: 3.6455s
INFO:root:Epoch: 0980 lr: 0.001 train_loss: 6511.1494 train_distortion: 14.1966 train_mapscore: 0.9883 train_c: -1.0888 train_max_dist: 45.6953 train_imax: 0.5783 train_imin: -101.9291 time: 2.5068s
INFO:root:Epoch: 0985 lr: 0.001 train_loss: 6289.2314 train_distortion: 14.2356 train_mapscore: 0.9881 train_c: -1.0889 train_max_dist: 45.7070 train_imax: 0.4334 train_imin: -101.6984 time: 3.1478s
INFO:root:Epoch: 0990 lr: 0.001 train_loss: 6126.0474 train_distortion: 14.2728 train_mapscore: 0.9882 train_c: -1.0889 train_max_dist: 45.7461 train_imax: 0.1487 train_imin: -101.6047 time: 3.7959s
INFO:root:Epoch: 0995 lr: 0.001 train_loss: 6014.0029 train_distortion: 14.3120 train_mapscore: 0.9880 train_c: -1.0890 train_max_dist: 45.8125 train_imax: 0.3031 train_imin: -101.7376 time: 4.0333s
INFO:root:Epoch: 1000 lr: 0.001 train_loss: 5918.6475 train_distortion: 14.3524 train_mapscore: 0.9887 train_c: -1.0890 train_max_dist: 45.8242 train_imax: 0.5033 train_imin: -101.9244 time: 3.7396s
INFO:root:Epoch: 1005 lr: 0.001 train_loss: 6153.2607 train_distortion: 14.3959 train_mapscore: 0.9879 train_c: -1.0891 train_max_dist: 45.8809 train_imax: 0.4940 train_imin: -102.5474 time: 3.6854s
INFO:root:Epoch: 1010 lr: 0.001 train_loss: 6046.8203 train_distortion: 14.4405 train_mapscore: 0.9888 train_c: -1.0892 train_max_dist: 45.9238 train_imax: 1.2472 train_imin: -102.3843 time: 2.1675s
INFO:root:Epoch: 1015 lr: 0.001 train_loss: 7065.9434 train_distortion: 14.4875 train_mapscore: 0.9871 train_c: -1.0892 train_max_dist: 46.0059 train_imax: 0.4660 train_imin: -103.3008 time: 4.2266s
INFO:root:Epoch: 1020 lr: 0.001 train_loss: 6517.4800 train_distortion: 14.5115 train_mapscore: 0.9869 train_c: -1.0893 train_max_dist: 46.0312 train_imax: 3.6578 train_imin: -102.0584 time: 1.7133s
INFO:root:Epoch: 1025 lr: 0.001 train_loss: 6445.4253 train_distortion: 14.5364 train_mapscore: 0.9878 train_c: -1.0894 train_max_dist: 46.0508 train_imax: 1.0844 train_imin: -102.9016 time: 2.7561s
INFO:root:Epoch: 1030 lr: 0.001 train_loss: 7568.9380 train_distortion: 14.5447 train_mapscore: 0.9809 train_c: -1.0894 train_max_dist: 46.0293 train_imax: 3.4390 train_imin: -100.0875 time: 3.7356s
INFO:root:Epoch: 1035 lr: 0.001 train_loss: 7549.5254 train_distortion: 14.5474 train_mapscore: 0.9819 train_c: -1.0894 train_max_dist: 46.0000 train_imax: -0.0000 train_imin: -100.5844 time: 1.7725s
INFO:root:Epoch: 1040 lr: 0.001 train_loss: 7098.9966 train_distortion: 14.5453 train_mapscore: 0.9826 train_c: -1.0894 train_max_dist: 46.0312 train_imax: 0.0129 train_imin: -101.7994 time: 2.7819s
INFO:root:Epoch: 1045 lr: 0.001 train_loss: 6730.7461 train_distortion: 14.5521 train_mapscore: 0.9833 train_c: -1.0895 train_max_dist: 45.9648 train_imax: 0.7829 train_imin: -100.8352 time: 3.0964s
INFO:root:Epoch: 1050 lr: 0.001 train_loss: 6466.9263 train_distortion: 14.5705 train_mapscore: 0.9844 train_c: -1.0895 train_max_dist: 45.9922 train_imax: 0.7830 train_imin: -100.3187 time: 2.1879s
INFO:root:Epoch: 1055 lr: 0.001 train_loss: 6296.5840 train_distortion: 14.5943 train_mapscore: 0.9854 train_c: -1.0896 train_max_dist: 46.0664 train_imax: 0.0098 train_imin: -100.4468 time: 3.8576s
INFO:root:Epoch: 1060 lr: 0.001 train_loss: 6164.5879 train_distortion: 14.6226 train_mapscore: 0.9869 train_c: -1.0896 train_max_dist: 46.0996 train_imax: 0.4627 train_imin: -100.7978 time: 4.0452s
INFO:root:Epoch: 1065 lr: 0.001 train_loss: 6087.5225 train_distortion: 14.6635 train_mapscore: 0.9874 train_c: -1.0896 train_max_dist: 46.0977 train_imax: 0.8152 train_imin: -100.6005 time: 3.9436s
INFO:root:Epoch: 1070 lr: 0.001 train_loss: 6080.7666 train_distortion: 14.7033 train_mapscore: 0.9885 train_c: -1.0897 train_max_dist: 46.1680 train_imax: -0.0000 train_imin: -101.3863 time: 1.8571s
INFO:root:Epoch: 1075 lr: 0.001 train_loss: 6124.6709 train_distortion: 14.7486 train_mapscore: 0.9886 train_c: -1.0898 train_max_dist: 46.2129 train_imax: -0.0000 train_imin: -101.6351 time: 3.7353s
INFO:root:Epoch: 1080 lr: 0.001 train_loss: 6065.0684 train_distortion: 14.7909 train_mapscore: 0.9888 train_c: -1.0898 train_max_dist: 46.2461 train_imax: 0.0533 train_imin: -101.8679 time: 2.0470s
INFO:root:Epoch: 1085 lr: 0.001 train_loss: 5867.6562 train_distortion: 14.8354 train_mapscore: 0.9889 train_c: -1.0899 train_max_dist: 46.2793 train_imax: 0.5636 train_imin: -101.9103 time: 4.0190s
INFO:root:Epoch: 1090 lr: 0.001 train_loss: 5896.7275 train_distortion: 14.8787 train_mapscore: 0.9888 train_c: -1.0899 train_max_dist: 46.3047 train_imax: 0.6389 train_imin: -102.3396 time: 3.8399s
INFO:root:Epoch: 1095 lr: 0.001 train_loss: 5946.7056 train_distortion: 14.9209 train_mapscore: 0.9890 train_c: -1.0900 train_max_dist: 46.3398 train_imax: 0.2228 train_imin: -102.7422 time: 1.7236s
INFO:root:Epoch: 1100 lr: 0.001 train_loss: 5898.6064 train_distortion: 14.9629 train_mapscore: 0.9888 train_c: -1.0900 train_max_dist: 46.4141 train_imax: 0.2866 train_imin: -102.4244 time: 3.8271s
INFO:root:Epoch: 1105 lr: 0.001 train_loss: 5970.3647 train_distortion: 15.0026 train_mapscore: 0.9891 train_c: -1.0901 train_max_dist: 46.4492 train_imax: 0.6279 train_imin: -103.6221 time: 2.6802s
INFO:root:Epoch: 1110 lr: 0.001 train_loss: 5870.6011 train_distortion: 15.0366 train_mapscore: 0.9888 train_c: -1.0902 train_max_dist: 46.4434 train_imax: 0.6295 train_imin: -103.5574 time: 3.8835s
INFO:root:Epoch: 1115 lr: 0.001 train_loss: 5884.4316 train_distortion: 15.0748 train_mapscore: 0.9887 train_c: -1.0902 train_max_dist: 46.5195 train_imax: 0.0545 train_imin: -103.7017 time: 3.3940s
INFO:root:Epoch: 1120 lr: 0.001 train_loss: 6459.7783 train_distortion: 15.1052 train_mapscore: 0.9887 train_c: -1.0903 train_max_dist: 46.5781 train_imax: 0.5038 train_imin: -105.7290 time: 3.7666s
INFO:root:Epoch: 1125 lr: 0.001 train_loss: 6291.9150 train_distortion: 15.1290 train_mapscore: 0.9890 train_c: -1.0903 train_max_dist: 46.6328 train_imax: -0.0000 train_imin: -106.5312 time: 3.9704s
INFO:root:Epoch: 1130 lr: 0.001 train_loss: 6115.4741 train_distortion: 15.1479 train_mapscore: 0.9890 train_c: -1.0903 train_max_dist: 46.6367 train_imax: 0.0985 train_imin: -105.8558 time: 3.6516s
INFO:root:Epoch: 1135 lr: 0.001 train_loss: 6032.9038 train_distortion: 15.1696 train_mapscore: 0.9886 train_c: -1.0904 train_max_dist: 46.6406 train_imax: -0.0000 train_imin: -104.7280 time: 3.7226s
INFO:root:Epoch: 1140 lr: 0.001 train_loss: 6296.7129 train_distortion: 15.1871 train_mapscore: 0.9890 train_c: -1.0904 train_max_dist: 46.6211 train_imax: 0.5365 train_imin: -105.4634 time: 3.6945s
INFO:root:Epoch: 1145 lr: 0.001 train_loss: 6539.2876 train_distortion: 15.1943 train_mapscore: 0.9855 train_c: -1.0905 train_max_dist: 46.6992 train_imax: 1.8107 train_imin: -106.8658 time: 2.0953s
INFO:root:Epoch: 1150 lr: 0.001 train_loss: 6183.4004 train_distortion: 15.1966 train_mapscore: 0.9877 train_c: -1.0905 train_max_dist: 46.9297 train_imax: 1.6783 train_imin: -106.6499 time: 4.2182s
INFO:root:Epoch: 1155 lr: 0.001 train_loss: 5883.6934 train_distortion: 15.2058 train_mapscore: 0.9892 train_c: -1.0905 train_max_dist: 47.0078 train_imax: 0.0481 train_imin: -106.3156 time: 3.3447s
INFO:root:Epoch: 1160 lr: 0.001 train_loss: 5793.6982 train_distortion: 15.2198 train_mapscore: 0.9886 train_c: -1.0906 train_max_dist: 46.9883 train_imax: 0.3547 train_imin: -106.0464 time: 2.0963s
INFO:root:Epoch: 1165 lr: 0.001 train_loss: 5732.8599 train_distortion: 15.2414 train_mapscore: 0.9892 train_c: -1.0906 train_max_dist: 46.9805 train_imax: 0.6438 train_imin: -106.0128 time: 2.9204s
INFO:root:Epoch: 1170 lr: 0.001 train_loss: 5597.8057 train_distortion: 15.2691 train_mapscore: 0.9893 train_c: -1.0907 train_max_dist: 47.0469 train_imax: 0.2927 train_imin: -106.0352 time: 3.0790s
INFO:root:Epoch: 1175 lr: 0.001 train_loss: 5688.9790 train_distortion: 15.2976 train_mapscore: 0.9893 train_c: -1.0907 train_max_dist: 47.0332 train_imax: -0.0000 train_imin: -106.5115 time: 4.1682s
INFO:root:Epoch: 1180 lr: 0.001 train_loss: 5651.0850 train_distortion: 15.3258 train_mapscore: 0.9892 train_c: -1.0908 train_max_dist: 47.0273 train_imax: 0.4285 train_imin: -106.1622 time: 1.7722s
INFO:root:Epoch: 1185 lr: 0.001 train_loss: 5582.2500 train_distortion: 15.3611 train_mapscore: 0.9890 train_c: -1.0908 train_max_dist: 47.0117 train_imax: -0.0000 train_imin: -106.4277 time: 3.8418s
INFO:root:Epoch: 1190 lr: 0.001 train_loss: 5637.5093 train_distortion: 15.3934 train_mapscore: 0.9893 train_c: -1.0909 train_max_dist: 46.9863 train_imax: 0.2423 train_imin: -106.2403 time: 3.7723s
INFO:root:Epoch: 1195 lr: 0.001 train_loss: 5603.1641 train_distortion: 15.4228 train_mapscore: 0.9894 train_c: -1.0909 train_max_dist: 47.0000 train_imax: 0.3305 train_imin: -106.9485 time: 1.7829s
INFO:root:Epoch: 1200 lr: 0.001 train_loss: 5699.9253 train_distortion: 15.4539 train_mapscore: 0.9895 train_c: -1.0910 train_max_dist: 46.9727 train_imax: 1.0255 train_imin: -106.4908 time: 3.8055s
INFO:root:Epoch: 1205 lr: 0.001 train_loss: 5651.6929 train_distortion: 15.4846 train_mapscore: 0.9893 train_c: -1.0910 train_max_dist: 46.9609 train_imax: 0.1349 train_imin: -106.8396 time: 4.0527s
INFO:root:Epoch: 1210 lr: 0.001 train_loss: 5986.6865 train_distortion: 15.5072 train_mapscore: 0.9892 train_c: -1.0911 train_max_dist: 46.9961 train_imax: 1.4050 train_imin: -107.3338 time: 3.8023s
INFO:root:Epoch: 1215 lr: 0.001 train_loss: 5742.5986 train_distortion: 15.5225 train_mapscore: 0.9896 train_c: -1.0911 train_max_dist: 46.9961 train_imax: 1.2009 train_imin: -106.6034 time: 3.6362s
INFO:root:Epoch: 1220 lr: 0.001 train_loss: 10602.0039 train_distortion: 15.5243 train_mapscore: 0.9716 train_c: -1.0912 train_max_dist: 46.9844 train_imax: 93.1287 train_imin: -106.7651 time: 1.7588s
INFO:root:Epoch: 1225 lr: 0.001 train_loss: 14923.5645 train_distortion: 15.3695 train_mapscore: 0.9594 train_c: -1.0912 train_max_dist: 47.0098 train_imax: 228.4623 train_imin: -110.9088 time: 3.7053s
INFO:root:Epoch: 1230 lr: 0.001 train_loss: 13082.5781 train_distortion: 15.1504 train_mapscore: 0.9631 train_c: -1.0911 train_max_dist: 46.8672 train_imax: 209.3386 train_imin: -120.5132 time: 4.2150s
INFO:root:Epoch: 1235 lr: 0.001 train_loss: 12526.7773 train_distortion: 14.8805 train_mapscore: 0.9645 train_c: -1.0910 train_max_dist: 46.6641 train_imax: 150.8700 train_imin: -126.8017 time: 4.2590s
INFO:root:Epoch: 1240 lr: 0.001 train_loss: 11658.9600 train_distortion: 14.6859 train_mapscore: 0.9661 train_c: -1.0909 train_max_dist: 46.5391 train_imax: 139.3700 train_imin: -126.7623 time: 1.6330s
INFO:root:Epoch: 1245 lr: 0.001 train_loss: 10610.2471 train_distortion: 14.5794 train_mapscore: 0.9691 train_c: -1.0908 train_max_dist: 46.4805 train_imax: 144.2811 train_imin: -126.4123 time: 2.1431s
INFO:root:Epoch: 1250 lr: 0.001 train_loss: 9648.1992 train_distortion: 14.5122 train_mapscore: 0.9716 train_c: -1.0908 train_max_dist: 46.4102 train_imax: 150.8439 train_imin: -125.4918 time: 4.3875s
INFO:root:Epoch: 1255 lr: 0.001 train_loss: 8974.2969 train_distortion: 14.4688 train_mapscore: 0.9733 train_c: -1.0907 train_max_dist: 46.3984 train_imax: 150.1802 train_imin: -124.5446 time: 4.2693s
INFO:root:Epoch: 1260 lr: 0.001 train_loss: 8437.2383 train_distortion: 14.4616 train_mapscore: 0.9754 train_c: -1.0907 train_max_dist: 46.3867 train_imax: 150.5930 train_imin: -124.3770 time: 3.8268s
INFO:root:Epoch: 1265 lr: 0.001 train_loss: 8027.4165 train_distortion: 14.4745 train_mapscore: 0.9765 train_c: -1.0907 train_max_dist: 46.3984 train_imax: 151.2433 train_imin: -123.4467 time: 3.6964s
INFO:root:Epoch: 1270 lr: 0.001 train_loss: 7697.4727 train_distortion: 14.5132 train_mapscore: 0.9788 train_c: -1.0907 train_max_dist: 46.4004 train_imax: 151.8908 train_imin: -122.5302 time: 1.9121s
INFO:root:Epoch: 1275 lr: 0.001 train_loss: 7485.1016 train_distortion: 14.5632 train_mapscore: 0.9807 train_c: -1.0908 train_max_dist: 46.4297 train_imax: 152.4282 train_imin: -122.0952 time: 3.8585s
INFO:root:Epoch: 1280 lr: 0.001 train_loss: 7338.0732 train_distortion: 14.6149 train_mapscore: 0.9822 train_c: -1.0908 train_max_dist: 46.4531 train_imax: 152.2955 train_imin: -121.6263 time: 2.2198s
INFO:root:Epoch: 1285 lr: 0.001 train_loss: 7185.9385 train_distortion: 14.6763 train_mapscore: 0.9832 train_c: -1.0909 train_max_dist: 46.5000 train_imax: 151.8636 train_imin: -121.0750 time: 2.0420s
INFO:root:Epoch: 1290 lr: 0.001 train_loss: 7032.6753 train_distortion: 14.7478 train_mapscore: 0.9840 train_c: -1.0909 train_max_dist: 46.5508 train_imax: 153.4893 train_imin: -120.7034 time: 3.8649s
INFO:root:Epoch: 1295 lr: 0.001 train_loss: 6785.6812 train_distortion: 14.8213 train_mapscore: 0.9848 train_c: -1.0910 train_max_dist: 46.5957 train_imax: 152.5367 train_imin: -120.3076 time: 3.8785s
INFO:root:Epoch: 1300 lr: 0.001 train_loss: 6736.2788 train_distortion: 14.8879 train_mapscore: 0.9855 train_c: -1.0910 train_max_dist: 46.6680 train_imax: 153.5109 train_imin: -119.5642 time: 1.9768s
INFO:root:Epoch: 1305 lr: 0.001 train_loss: 6657.1641 train_distortion: 14.9583 train_mapscore: 0.9858 train_c: -1.0911 train_max_dist: 46.7109 train_imax: 154.0836 train_imin: -119.3904 time: 4.1088s
INFO:root:Epoch: 1310 lr: 0.001 train_loss: 6492.6299 train_distortion: 15.0297 train_mapscore: 0.9863 train_c: -1.0912 train_max_dist: 46.7949 train_imax: 154.6331 train_imin: -119.1301 time: 4.1619s
INFO:root:Epoch: 1315 lr: 0.001 train_loss: 6399.7944 train_distortion: 15.1042 train_mapscore: 0.9862 train_c: -1.0912 train_max_dist: 46.8613 train_imax: 156.0857 train_imin: -118.7456 time: 3.6554s
INFO:root:Epoch: 1320 lr: 0.001 train_loss: 6350.1641 train_distortion: 15.1741 train_mapscore: 0.9871 train_c: -1.0913 train_max_dist: 46.9121 train_imax: 156.6693 train_imin: -118.5841 time: 2.8622s
INFO:root:Epoch: 1325 lr: 0.001 train_loss: 6397.4541 train_distortion: 15.2451 train_mapscore: 0.9873 train_c: -1.0913 train_max_dist: 46.9883 train_imax: 157.4459 train_imin: -118.4364 time: 3.3069s
INFO:root:Epoch: 1330 lr: 0.001 train_loss: 6481.7822 train_distortion: 15.3143 train_mapscore: 0.9877 train_c: -1.0914 train_max_dist: 47.0371 train_imax: 158.3839 train_imin: -118.5186 time: 2.2935s
INFO:root:Epoch: 1335 lr: 0.001 train_loss: 6278.3936 train_distortion: 15.3749 train_mapscore: 0.9878 train_c: -1.0915 train_max_dist: 47.0957 train_imax: 156.8854 train_imin: -118.5295 time: 4.1881s
INFO:root:Epoch: 1340 lr: 0.001 train_loss: 6347.1777 train_distortion: 15.4342 train_mapscore: 0.9876 train_c: -1.0915 train_max_dist: 47.1406 train_imax: 159.4341 train_imin: -118.0783 time: 1.9497s
INFO:root:Epoch: 1345 lr: 0.001 train_loss: 6206.3916 train_distortion: 15.4881 train_mapscore: 0.9877 train_c: -1.0916 train_max_dist: 47.2070 train_imax: 159.6247 train_imin: -117.9465 time: 3.7121s
INFO:root:Epoch: 1350 lr: 0.001 train_loss: 6025.3848 train_distortion: 15.5462 train_mapscore: 0.9878 train_c: -1.0916 train_max_dist: 47.2031 train_imax: 161.0867 train_imin: -117.6237 time: 1.7773s
INFO:root:Epoch: 1355 lr: 0.001 train_loss: 6260.5161 train_distortion: 15.5996 train_mapscore: 0.9875 train_c: -1.0917 train_max_dist: 47.2812 train_imax: 158.4716 train_imin: -117.6739 time: 4.1023s
INFO:root:Epoch: 1360 lr: 0.001 train_loss: 6173.5771 train_distortion: 15.6598 train_mapscore: 0.9880 train_c: -1.0918 train_max_dist: 47.3359 train_imax: 161.2132 train_imin: -117.4544 time: 3.9776s
INFO:root:Epoch: 1365 lr: 0.001 train_loss: 6178.5791 train_distortion: 15.7096 train_mapscore: 0.9883 train_c: -1.0918 train_max_dist: 47.3711 train_imax: 160.8521 train_imin: -117.6092 time: 4.1762s
INFO:root:Epoch: 1370 lr: 0.001 train_loss: 5964.0615 train_distortion: 15.7654 train_mapscore: 0.9886 train_c: -1.0919 train_max_dist: 47.4102 train_imax: 163.7517 train_imin: -117.8558 time: 4.0659s
INFO:root:Epoch: 1375 lr: 0.001 train_loss: 5969.5229 train_distortion: 15.8157 train_mapscore: 0.9885 train_c: -1.0919 train_max_dist: 47.4668 train_imax: 162.5637 train_imin: -118.0756 time: 1.8226s
INFO:root:Epoch: 1380 lr: 0.001 train_loss: 5941.3535 train_distortion: 15.8714 train_mapscore: 0.9887 train_c: -1.0920 train_max_dist: 47.5156 train_imax: 163.0968 train_imin: -118.1367 time: 3.8503s
INFO:root:Epoch: 1385 lr: 0.001 train_loss: 5833.9141 train_distortion: 15.9284 train_mapscore: 0.9885 train_c: -1.0921 train_max_dist: 47.5586 train_imax: 164.9552 train_imin: -118.1791 time: 1.9582s
INFO:root:Epoch: 1390 lr: 0.001 train_loss: 6023.4009 train_distortion: 15.9830 train_mapscore: 0.9886 train_c: -1.0921 train_max_dist: 47.5977 train_imax: 167.3139 train_imin: -117.9700 time: 4.0819s
INFO:root:Epoch: 1395 lr: 0.001 train_loss: 5859.8096 train_distortion: 16.0311 train_mapscore: 0.9887 train_c: -1.0922 train_max_dist: 47.6328 train_imax: 166.4939 train_imin: -118.2913 time: 3.9127s
INFO:root:Epoch: 1400 lr: 0.001 train_loss: 5945.0620 train_distortion: 16.0724 train_mapscore: 0.9890 train_c: -1.0922 train_max_dist: 47.6758 train_imax: 165.4107 train_imin: -118.7662 time: 1.7681s
INFO:root:Epoch: 1405 lr: 0.001 train_loss: 5858.5107 train_distortion: 16.1142 train_mapscore: 0.9884 train_c: -1.0923 train_max_dist: 47.7070 train_imax: 165.8811 train_imin: -118.8892 time: 2.4006s
INFO:root:Epoch: 1410 lr: 0.001 train_loss: 5976.4893 train_distortion: 16.1530 train_mapscore: 0.9893 train_c: -1.0923 train_max_dist: 47.7227 train_imax: 168.2123 train_imin: -118.5396 time: 3.9619s
INFO:root:Epoch: 1415 lr: 0.001 train_loss: 5838.9229 train_distortion: 16.1925 train_mapscore: 0.9888 train_c: -1.0924 train_max_dist: 47.7832 train_imax: 165.9873 train_imin: -118.9424 time: 3.7400s
INFO:root:Epoch: 1420 lr: 0.001 train_loss: 5638.7324 train_distortion: 16.2358 train_mapscore: 0.9891 train_c: -1.0924 train_max_dist: 47.8164 train_imax: 168.9937 train_imin: -118.8193 time: 3.5491s
INFO:root:Epoch: 1425 lr: 0.001 train_loss: 5600.2705 train_distortion: 16.2795 train_mapscore: 0.9892 train_c: -1.0925 train_max_dist: 47.8438 train_imax: 168.1775 train_imin: -119.3715 time: 2.6742s
INFO:root:Epoch: 1430 lr: 0.001 train_loss: 5647.9434 train_distortion: 16.3249 train_mapscore: 0.9894 train_c: -1.0926 train_max_dist: 47.8828 train_imax: 170.5688 train_imin: -119.3683 time: 3.1191s
INFO:root:Epoch: 1435 lr: 0.001 train_loss: 5608.8037 train_distortion: 16.3666 train_mapscore: 0.9892 train_c: -1.0926 train_max_dist: 47.9375 train_imax: 168.4778 train_imin: -119.5514 time: 2.5041s
INFO:root:Epoch: 1440 lr: 0.001 train_loss: 5677.4639 train_distortion: 16.4067 train_mapscore: 0.9894 train_c: -1.0927 train_max_dist: 47.9648 train_imax: 168.7424 train_imin: -119.9578 time: 3.0451s
INFO:root:Epoch: 1445 lr: 0.001 train_loss: 5580.9854 train_distortion: 16.4456 train_mapscore: 0.9893 train_c: -1.0927 train_max_dist: 47.9922 train_imax: 170.4388 train_imin: -119.9272 time: 2.7109s
INFO:root:Epoch: 1450 lr: 0.001 train_loss: 5734.9805 train_distortion: 16.4811 train_mapscore: 0.9892 train_c: -1.0928 train_max_dist: 48.0156 train_imax: 171.1388 train_imin: -119.9752 time: 4.0652s
INFO:root:Epoch: 1455 lr: 0.001 train_loss: 5631.8389 train_distortion: 16.5167 train_mapscore: 0.9894 train_c: -1.0928 train_max_dist: 48.0664 train_imax: 169.6971 train_imin: -120.4847 time: 1.8925s
INFO:root:Epoch: 1460 lr: 0.001 train_loss: 5639.6489 train_distortion: 16.5509 train_mapscore: 0.9891 train_c: -1.0929 train_max_dist: 48.0938 train_imax: 171.0380 train_imin: -120.2377 time: 2.9349s
INFO:root:Epoch: 1465 lr: 0.001 train_loss: 5674.3188 train_distortion: 16.5811 train_mapscore: 0.9891 train_c: -1.0929 train_max_dist: 48.1211 train_imax: 172.5556 train_imin: -120.1315 time: 3.7988s
INFO:root:Epoch: 1470 lr: 0.001 train_loss: 6073.5850 train_distortion: 16.6052 train_mapscore: 0.9883 train_c: -1.0930 train_max_dist: 48.1602 train_imax: 167.3216 train_imin: -121.3840 time: 3.4559s
INFO:root:Epoch: 1475 lr: 0.001 train_loss: 5748.5015 train_distortion: 16.6262 train_mapscore: 0.9891 train_c: -1.0930 train_max_dist: 48.1680 train_imax: 170.5461 train_imin: -121.0262 time: 2.4258s
INFO:root:Epoch: 1480 lr: 0.001 train_loss: 5730.0425 train_distortion: 16.6478 train_mapscore: 0.9897 train_c: -1.0930 train_max_dist: 48.1641 train_imax: 170.4619 train_imin: -120.9724 time: 2.1442s
INFO:root:Epoch: 1485 lr: 0.001 train_loss: 5543.3418 train_distortion: 16.6711 train_mapscore: 0.9894 train_c: -1.0931 train_max_dist: 48.2188 train_imax: 171.6868 train_imin: -120.7888 time: 3.6831s
INFO:root:Epoch: 1490 lr: 0.001 train_loss: 5586.6851 train_distortion: 16.6992 train_mapscore: 0.9896 train_c: -1.0931 train_max_dist: 48.2109 train_imax: 171.8643 train_imin: -120.8050 time: 2.1552s
INFO:root:Epoch: 1495 lr: 0.001 train_loss: 5729.7939 train_distortion: 16.7304 train_mapscore: 0.9896 train_c: -1.0932 train_max_dist: 48.2383 train_imax: 174.5178 train_imin: -120.2608 time: 2.2902s
INFO:root:Epoch: 1500 lr: 0.001 train_loss: 5579.1641 train_distortion: 16.7549 train_mapscore: 0.9896 train_c: -1.0932 train_max_dist: 48.2734 train_imax: 174.2703 train_imin: -120.8103 time: 3.1441s
INFO:root:Epoch: 1505 lr: 0.001 train_loss: 5527.9902 train_distortion: 16.7803 train_mapscore: 0.9895 train_c: -1.0933 train_max_dist: 48.3086 train_imax: 174.2135 train_imin: -120.7619 time: 1.8710s
INFO:root:Epoch: 1510 lr: 0.001 train_loss: 5344.6006 train_distortion: 16.8114 train_mapscore: 0.9897 train_c: -1.0933 train_max_dist: 48.3359 train_imax: 175.4131 train_imin: -120.7141 time: 3.5564s
INFO:root:Epoch: 1515 lr: 0.001 train_loss: 5449.4199 train_distortion: 16.8380 train_mapscore: 0.9895 train_c: -1.0933 train_max_dist: 48.3555 train_imax: 174.0511 train_imin: -121.1476 time: 3.9075s
INFO:root:Epoch: 1520 lr: 0.001 train_loss: 5468.9990 train_distortion: 16.8696 train_mapscore: 0.9896 train_c: -1.0934 train_max_dist: 48.3555 train_imax: 174.1453 train_imin: -121.2604 time: 3.2727s
INFO:root:Epoch: 1525 lr: 0.001 train_loss: 5332.9980 train_distortion: 16.8981 train_mapscore: 0.9896 train_c: -1.0934 train_max_dist: 48.3984 train_imax: 175.4167 train_imin: -120.9517 time: 2.0622s
INFO:root:Epoch: 1530 lr: 0.001 train_loss: 5440.7461 train_distortion: 16.9254 train_mapscore: 0.9890 train_c: -1.0935 train_max_dist: 48.4180 train_imax: 176.8357 train_imin: -120.9374 time: 3.1370s
INFO:root:Epoch: 1535 lr: 0.001 train_loss: 5402.1279 train_distortion: 16.9499 train_mapscore: 0.9897 train_c: -1.0935 train_max_dist: 48.4453 train_imax: 174.4128 train_imin: -121.5527 time: 2.2426s
INFO:root:Epoch: 1540 lr: 0.001 train_loss: 5474.8960 train_distortion: 16.9755 train_mapscore: 0.9897 train_c: -1.0936 train_max_dist: 48.4531 train_imax: 176.9350 train_imin: -121.6128 time: 4.2884s
INFO:root:Epoch: 1545 lr: 0.001 train_loss: 5319.6230 train_distortion: 16.9971 train_mapscore: 0.9895 train_c: -1.0936 train_max_dist: 48.4922 train_imax: 176.2750 train_imin: -121.8323 time: 3.7028s
INFO:root:Epoch: 1550 lr: 0.001 train_loss: 5408.8223 train_distortion: 17.0220 train_mapscore: 0.9898 train_c: -1.0936 train_max_dist: 48.4961 train_imax: 175.7352 train_imin: -121.8031 time: 3.7259s
INFO:root:Epoch: 1555 lr: 0.001 train_loss: 5621.2773 train_distortion: 17.0462 train_mapscore: 0.9898 train_c: -1.0937 train_max_dist: 48.5312 train_imax: 178.5736 train_imin: -121.2753 time: 4.0159s
INFO:root:Epoch: 1560 lr: 0.001 train_loss: 5582.8433 train_distortion: 17.0642 train_mapscore: 0.9884 train_c: -1.0937 train_max_dist: 48.5625 train_imax: 179.3077 train_imin: -121.1418 time: 3.6864s
INFO:root:Epoch: 1565 lr: 0.001 train_loss: 5436.9067 train_distortion: 17.0788 train_mapscore: 0.9891 train_c: -1.0938 train_max_dist: 48.5586 train_imax: 179.0225 train_imin: -121.3185 time: 1.9447s
INFO:root:Epoch: 1570 lr: 0.001 train_loss: 5375.3237 train_distortion: 17.0958 train_mapscore: 0.9898 train_c: -1.0938 train_max_dist: 48.5977 train_imax: 178.6106 train_imin: -121.4807 time: 3.6957s
INFO:root:Epoch: 1575 lr: 0.001 train_loss: 5279.6045 train_distortion: 17.1150 train_mapscore: 0.9898 train_c: -1.0938 train_max_dist: 48.5586 train_imax: 176.9335 train_imin: -121.6948 time: 1.9330s
INFO:root:Epoch: 1580 lr: 0.001 train_loss: 5437.0303 train_distortion: 17.1385 train_mapscore: 0.9897 train_c: -1.0939 train_max_dist: 48.5703 train_imax: 176.7601 train_imin: -121.7812 time: 3.7110s
INFO:root:Epoch: 1585 lr: 0.001 train_loss: 5329.7783 train_distortion: 17.1611 train_mapscore: 0.9898 train_c: -1.0939 train_max_dist: 48.6289 train_imax: 178.5462 train_imin: -121.7447 time: 1.8582s
INFO:root:Epoch: 1590 lr: 0.001 train_loss: 5324.6655 train_distortion: 17.1770 train_mapscore: 0.9893 train_c: -1.0940 train_max_dist: 48.6445 train_imax: 178.8405 train_imin: -121.6861 time: 3.6226s
INFO:root:Epoch: 1595 lr: 0.001 train_loss: 5315.1001 train_distortion: 17.1894 train_mapscore: 0.9893 train_c: -1.0940 train_max_dist: 48.6602 train_imax: 179.2870 train_imin: -121.2913 time: 1.8657s
INFO:root:Epoch: 1600 lr: 0.001 train_loss: 5272.6050 train_distortion: 17.2034 train_mapscore: 0.9893 train_c: -1.0940 train_max_dist: 48.6719 train_imax: 177.6382 train_imin: -121.5153 time: 3.6317s
INFO:root:Epoch: 1605 lr: 0.001 train_loss: 5371.4854 train_distortion: 17.2235 train_mapscore: 0.9895 train_c: -1.0941 train_max_dist: 48.7109 train_imax: 178.2914 train_imin: -121.5016 time: 1.9385s
INFO:root:Epoch: 1610 lr: 0.001 train_loss: 5394.1626 train_distortion: 17.2421 train_mapscore: 0.9893 train_c: -1.0941 train_max_dist: 48.6992 train_imax: 180.4091 train_imin: -121.2137 time: 3.6467s
INFO:root:Epoch: 1615 lr: 0.001 train_loss: 5312.2915 train_distortion: 17.2577 train_mapscore: 0.9897 train_c: -1.0942 train_max_dist: 48.7266 train_imax: 180.1246 train_imin: -121.3866 time: 1.9522s
INFO:root:Epoch: 1620 lr: 0.001 train_loss: 5392.3027 train_distortion: 17.2738 train_mapscore: 0.9890 train_c: -1.0942 train_max_dist: 48.7383 train_imax: 177.9590 train_imin: -121.3789 time: 3.8696s
INFO:root:Epoch: 1625 lr: 0.001 train_loss: 5389.3867 train_distortion: 17.2898 train_mapscore: 0.9894 train_c: -1.0942 train_max_dist: 48.7656 train_imax: 178.4506 train_imin: -121.7869 time: 1.9077s
INFO:root:Epoch: 1630 lr: 0.001 train_loss: 5280.2051 train_distortion: 17.3056 train_mapscore: 0.9896 train_c: -1.0943 train_max_dist: 48.7773 train_imax: 181.1681 train_imin: -121.3175 time: 3.8483s
INFO:root:Epoch: 1635 lr: 0.001 train_loss: 5344.3765 train_distortion: 17.3164 train_mapscore: 0.9898 train_c: -1.0943 train_max_dist: 48.7578 train_imax: 180.0788 train_imin: -121.3660 time: 3.8965s
INFO:root:Epoch: 1640 lr: 0.001 train_loss: 5373.2100 train_distortion: 17.3350 train_mapscore: 0.9893 train_c: -1.0944 train_max_dist: 48.7891 train_imax: 179.1680 train_imin: -121.8766 time: 1.9356s
INFO:root:Epoch: 1645 lr: 0.001 train_loss: 5240.1787 train_distortion: 17.3514 train_mapscore: 0.9899 train_c: -1.0944 train_max_dist: 48.7734 train_imax: 179.4275 train_imin: -121.6603 time: 3.8555s
INFO:root:Epoch: 1650 lr: 0.001 train_loss: 5129.7290 train_distortion: 17.3703 train_mapscore: 0.9897 train_c: -1.0944 train_max_dist: 48.8086 train_imax: 181.2600 train_imin: -121.2564 time: 1.8528s
INFO:root:Epoch: 1655 lr: 0.001 train_loss: 5273.0293 train_distortion: 17.3860 train_mapscore: 0.9895 train_c: -1.0945 train_max_dist: 48.8086 train_imax: 181.9571 train_imin: -121.4673 time: 3.6834s
INFO:root:Epoch: 1660 lr: 0.001 train_loss: 5275.5830 train_distortion: 17.4026 train_mapscore: 0.9898 train_c: -1.0945 train_max_dist: 48.8438 train_imax: 179.9734 train_imin: -121.5206 time: 1.7441s
INFO:root:Epoch: 1665 lr: 0.001 train_loss: 5371.0889 train_distortion: 17.4155 train_mapscore: 0.9892 train_c: -1.0946 train_max_dist: 48.8711 train_imax: 180.4499 train_imin: -121.3471 time: 3.7930s
INFO:root:Epoch: 1670 lr: 0.001 train_loss: 5301.3398 train_distortion: 17.4286 train_mapscore: 0.9897 train_c: -1.0946 train_max_dist: 48.8652 train_imax: 182.3267 train_imin: -121.2408 time: 1.8715s
INFO:root:Epoch: 1675 lr: 0.001 train_loss: 5339.9863 train_distortion: 17.4346 train_mapscore: 0.9898 train_c: -1.0946 train_max_dist: 48.8555 train_imax: 181.7623 train_imin: -121.4677 time: 3.8173s
INFO:root:Epoch: 1680 lr: 0.001 train_loss: 5294.0059 train_distortion: 17.4446 train_mapscore: 0.9897 train_c: -1.0947 train_max_dist: 48.8867 train_imax: 181.5461 train_imin: -121.7278 time: 1.8351s
INFO:root:Epoch: 1685 lr: 0.001 train_loss: 5297.4863 train_distortion: 17.4513 train_mapscore: 0.9897 train_c: -1.0947 train_max_dist: 48.9102 train_imax: 181.4971 train_imin: -121.8930 time: 3.8090s
INFO:root:Epoch: 1690 lr: 0.001 train_loss: 5279.4077 train_distortion: 17.4622 train_mapscore: 0.9894 train_c: -1.0947 train_max_dist: 48.8984 train_imax: 183.1112 train_imin: -121.1951 time: 1.7861s
INFO:root:Epoch: 1695 lr: 0.001 train_loss: 5093.5420 train_distortion: 17.4749 train_mapscore: 0.9898 train_c: -1.0948 train_max_dist: 48.8926 train_imax: 182.4995 train_imin: -121.7908 time: 3.9107s
INFO:root:Epoch: 1700 lr: 0.001 train_loss: 5217.4404 train_distortion: 17.4908 train_mapscore: 0.9899 train_c: -1.0948 train_max_dist: 48.9141 train_imax: 182.8789 train_imin: -121.5525 time: 3.9139s
INFO:root:Epoch: 1705 lr: 0.001 train_loss: 5199.8154 train_distortion: 17.5072 train_mapscore: 0.9896 train_c: -1.0949 train_max_dist: 48.9570 train_imax: 181.6654 train_imin: -122.2283 time: 1.8918s
INFO:root:Epoch: 1710 lr: 0.001 train_loss: 5016.0947 train_distortion: 17.5242 train_mapscore: 0.9897 train_c: -1.0949 train_max_dist: 48.9609 train_imax: 183.1417 train_imin: -122.0303 time: 3.8110s
INFO:root:Epoch: 1715 lr: 0.001 train_loss: 4982.0869 train_distortion: 17.5435 train_mapscore: 0.9897 train_c: -1.0950 train_max_dist: 48.9629 train_imax: 182.7291 train_imin: -122.0943 time: 3.8276s
INFO:root:Epoch: 1720 lr: 0.001 train_loss: 5392.6636 train_distortion: 17.5696 train_mapscore: 0.9893 train_c: -1.0950 train_max_dist: 48.9805 train_imax: 181.2170 train_imin: -122.3864 time: 3.6532s
INFO:root:Epoch: 1725 lr: 0.001 train_loss: 5293.0381 train_distortion: 17.5802 train_mapscore: 0.9898 train_c: -1.0950 train_max_dist: 48.9922 train_imax: 184.3217 train_imin: -121.7164 time: 1.8786s
INFO:root:Epoch: 1730 lr: 0.001 train_loss: 5466.4502 train_distortion: 17.5841 train_mapscore: 0.9896 train_c: -1.0951 train_max_dist: 48.9922 train_imax: 185.4746 train_imin: -121.7175 time: 3.8754s
INFO:root:Epoch: 1735 lr: 0.001 train_loss: 5380.6924 train_distortion: 17.5816 train_mapscore: 0.9899 train_c: -1.0951 train_max_dist: 49.0273 train_imax: 184.3879 train_imin: -122.1744 time: 4.0710s
INFO:root:Epoch: 1740 lr: 0.001 train_loss: 5182.0332 train_distortion: 17.5828 train_mapscore: 0.9898 train_c: -1.0951 train_max_dist: 49.0195 train_imax: 182.1233 train_imin: -122.2113 time: 1.8620s
INFO:root:Epoch: 1745 lr: 0.001 train_loss: 5036.2998 train_distortion: 17.5870 train_mapscore: 0.9899 train_c: -1.0952 train_max_dist: 49.0195 train_imax: 182.9484 train_imin: -122.1288 time: 3.7692s
INFO:root:Epoch: 1750 lr: 0.001 train_loss: 4963.2051 train_distortion: 17.5997 train_mapscore: 0.9902 train_c: -1.0952 train_max_dist: 49.0117 train_imax: 183.6564 train_imin: -121.9891 time: 1.8866s
INFO:root:Epoch: 1755 lr: 0.001 train_loss: 4943.1729 train_distortion: 17.6169 train_mapscore: 0.9899 train_c: -1.0953 train_max_dist: 49.0234 train_imax: 183.7364 train_imin: -121.8442 time: 3.8362s
INFO:root:Epoch: 1760 lr: 0.001 train_loss: 5015.2080 train_distortion: 17.6379 train_mapscore: 0.9902 train_c: -1.0953 train_max_dist: 49.0781 train_imax: 185.4202 train_imin: -121.9310 time: 1.8974s
INFO:root:Epoch: 1765 lr: 0.001 train_loss: 4915.5747 train_distortion: 17.6580 train_mapscore: 0.9902 train_c: -1.0954 train_max_dist: 49.0977 train_imax: 183.7383 train_imin: -122.4998 time: 3.7138s
INFO:root:Epoch: 1770 lr: 0.001 train_loss: 5062.5615 train_distortion: 17.6803 train_mapscore: 0.9905 train_c: -1.0954 train_max_dist: 49.0898 train_imax: 183.4723 train_imin: -122.8571 time: 1.8137s
INFO:root:Epoch: 1775 lr: 0.001 train_loss: 4980.0020 train_distortion: 17.6993 train_mapscore: 0.9905 train_c: -1.0954 train_max_dist: 49.0977 train_imax: 185.2968 train_imin: -122.5714 time: 3.6942s
INFO:root:Epoch: 1780 lr: 0.001 train_loss: 5202.4917 train_distortion: 17.7217 train_mapscore: 0.9904 train_c: -1.0955 train_max_dist: 49.1191 train_imax: 183.7661 train_imin: -122.8824 time: 1.8628s
INFO:root:Epoch: 1785 lr: 0.001 train_loss: 7355.1514 train_distortion: 17.7203 train_mapscore: 0.9799 train_c: -1.0955 train_max_dist: 49.1445 train_imax: 173.1421 train_imin: -122.2423 time: 3.7448s
INFO:root:Epoch: 1790 lr: 0.001 train_loss: 6982.5698 train_distortion: 17.6695 train_mapscore: 0.9825 train_c: -1.0955 train_max_dist: 49.1367 train_imax: 174.4635 train_imin: -119.3110 time: 1.7210s
INFO:root:Epoch: 1795 lr: 0.001 train_loss: 6137.2144 train_distortion: 17.6053 train_mapscore: 0.9842 train_c: -1.0955 train_max_dist: 49.1055 train_imax: 186.4139 train_imin: -116.0954 time: 3.8565s
INFO:root:Epoch: 1800 lr: 0.001 train_loss: 5618.2383 train_distortion: 17.5455 train_mapscore: 0.9889 train_c: -1.0955 train_max_dist: 49.0430 train_imax: 182.0956 train_imin: -117.8104 time: 1.7388s
INFO:root:Epoch: 1805 lr: 0.001 train_loss: 5560.9297 train_distortion: 17.5028 train_mapscore: 0.9886 train_c: -1.0955 train_max_dist: 48.9395 train_imax: 180.7702 train_imin: -118.8656 time: 3.7712s
INFO:root:Epoch: 1810 lr: 0.001 train_loss: 5271.3608 train_distortion: 17.4773 train_mapscore: 0.9898 train_c: -1.0955 train_max_dist: 48.9082 train_imax: 181.5062 train_imin: -119.3768 time: 1.8711s
INFO:root:Epoch: 1815 lr: 0.001 train_loss: 5170.4209 train_distortion: 17.4703 train_mapscore: 0.9900 train_c: -1.0956 train_max_dist: 48.8828 train_imax: 181.0395 train_imin: -118.5558 time: 3.6949s
INFO:root:Epoch: 1820 lr: 0.001 train_loss: 5064.2051 train_distortion: 17.4770 train_mapscore: 0.9902 train_c: -1.0956 train_max_dist: 48.8984 train_imax: 181.6123 train_imin: -118.2192 time: 3.2731s
INFO:root:Epoch: 1825 lr: 0.001 train_loss: 4921.9014 train_distortion: 17.4955 train_mapscore: 0.9901 train_c: -1.0956 train_max_dist: 48.9297 train_imax: 182.2238 train_imin: -118.3652 time: 2.6844s
INFO:root:Epoch: 1830 lr: 0.001 train_loss: 4958.3467 train_distortion: 17.5188 train_mapscore: 0.9903 train_c: -1.0957 train_max_dist: 48.9570 train_imax: 182.6823 train_imin: -118.4013 time: 2.4898s
INFO:root:Epoch: 1835 lr: 0.001 train_loss: 5070.6396 train_distortion: 17.5493 train_mapscore: 0.9904 train_c: -1.0957 train_max_dist: 48.9531 train_imax: 181.0706 train_imin: -118.7105 time: 2.8681s
INFO:root:Epoch: 1840 lr: 0.001 train_loss: 4994.3848 train_distortion: 17.5776 train_mapscore: 0.9903 train_c: -1.0958 train_max_dist: 48.9902 train_imax: 182.6963 train_imin: -118.9263 time: 3.1675s
INFO:root:Epoch: 1845 lr: 0.001 train_loss: 4994.9180 train_distortion: 17.6066 train_mapscore: 0.9902 train_c: -1.0958 train_max_dist: 49.0078 train_imax: 182.9232 train_imin: -118.8500 time: 2.3374s
INFO:root:Epoch: 1850 lr: 0.001 train_loss: 4930.9302 train_distortion: 17.6387 train_mapscore: 0.9905 train_c: -1.0959 train_max_dist: 49.0352 train_imax: 183.2294 train_imin: -119.2364 time: 3.0215s
INFO:root:Epoch: 1855 lr: 0.001 train_loss: 4856.4258 train_distortion: 17.6732 train_mapscore: 0.9905 train_c: -1.0959 train_max_dist: 49.0938 train_imax: 183.4154 train_imin: -119.5069 time: 3.0809s
INFO:root:Epoch: 1860 lr: 0.001 train_loss: 4964.1670 train_distortion: 17.7029 train_mapscore: 0.9906 train_c: -1.0960 train_max_dist: 49.1172 train_imax: 183.8688 train_imin: -119.6264 time: 2.8428s
INFO:root:Epoch: 1865 lr: 0.001 train_loss: 5030.5430 train_distortion: 17.7349 train_mapscore: 0.9906 train_c: -1.0960 train_max_dist: 49.1250 train_imax: 185.3843 train_imin: -119.6683 time: 2.5904s
INFO:root:Epoch: 1870 lr: 0.001 train_loss: 4991.3442 train_distortion: 17.7609 train_mapscore: 0.9902 train_c: -1.0961 train_max_dist: 49.1289 train_imax: 184.1502 train_imin: -120.1560 time: 2.7251s
INFO:root:Epoch: 1875 lr: 0.001 train_loss: 5103.5117 train_distortion: 17.7882 train_mapscore: 0.9910 train_c: -1.0961 train_max_dist: 49.1484 train_imax: 185.6447 train_imin: -120.0831 time: 2.7967s
INFO:root:Epoch: 1880 lr: 0.001 train_loss: 4961.6748 train_distortion: 17.8113 train_mapscore: 0.9906 train_c: -1.0962 train_max_dist: 49.1777 train_imax: 184.3121 train_imin: -120.4100 time: 1.7943s
INFO:root:Epoch: 1885 lr: 0.001 train_loss: 4900.7783 train_distortion: 17.8291 train_mapscore: 0.9909 train_c: -1.0962 train_max_dist: 49.1914 train_imax: 185.4410 train_imin: -120.6718 time: 2.7136s
INFO:root:Epoch: 1890 lr: 0.001 train_loss: 4826.6973 train_distortion: 17.8508 train_mapscore: 0.9910 train_c: -1.0962 train_max_dist: 49.2285 train_imax: 185.7250 train_imin: -120.6974 time: 1.8422s
INFO:root:Epoch: 1895 lr: 0.001 train_loss: 4815.1099 train_distortion: 17.8763 train_mapscore: 0.9909 train_c: -1.0963 train_max_dist: 49.2305 train_imax: 185.7587 train_imin: -120.9471 time: 2.3587s
INFO:root:Epoch: 1900 lr: 0.001 train_loss: 4870.8467 train_distortion: 17.9008 train_mapscore: 0.9909 train_c: -1.0963 train_max_dist: 49.2637 train_imax: 185.1899 train_imin: -120.9224 time: 2.7198s
INFO:root:Epoch: 1905 lr: 0.001 train_loss: 4785.3271 train_distortion: 17.9229 train_mapscore: 0.9905 train_c: -1.0964 train_max_dist: 49.2891 train_imax: 186.5941 train_imin: -121.1870 time: 3.4890s
INFO:root:Epoch: 1910 lr: 0.001 train_loss: 4789.6230 train_distortion: 17.9466 train_mapscore: 0.9905 train_c: -1.0964 train_max_dist: 49.3066 train_imax: 186.1082 train_imin: -121.7198 time: 2.8832s
INFO:root:Epoch: 1915 lr: 0.001 train_loss: 4969.1187 train_distortion: 17.9650 train_mapscore: 0.9908 train_c: -1.0965 train_max_dist: 49.3418 train_imax: 186.2646 train_imin: -121.4426 time: 2.3494s
INFO:root:Epoch: 1920 lr: 0.001 train_loss: 4813.0117 train_distortion: 17.9821 train_mapscore: 0.9908 train_c: -1.0965 train_max_dist: 49.3262 train_imax: 186.1805 train_imin: -121.6452 time: 2.6061s
INFO:root:Epoch: 1925 lr: 0.001 train_loss: 4854.0322 train_distortion: 17.9981 train_mapscore: 0.9911 train_c: -1.0966 train_max_dist: 49.3438 train_imax: 186.3397 train_imin: -121.8253 time: 2.7382s
INFO:root:Epoch: 1930 lr: 0.001 train_loss: 4811.6396 train_distortion: 18.0181 train_mapscore: 0.9910 train_c: -1.0966 train_max_dist: 49.3750 train_imax: 187.4632 train_imin: -121.8649 time: 1.6832s
INFO:root:Epoch: 1935 lr: 0.001 train_loss: 4839.9175 train_distortion: 18.0369 train_mapscore: 0.9910 train_c: -1.0966 train_max_dist: 49.3828 train_imax: 187.1940 train_imin: -121.9980 time: 3.1277s
INFO:root:Epoch: 1940 lr: 0.001 train_loss: 4941.9307 train_distortion: 18.0575 train_mapscore: 0.9907 train_c: -1.0967 train_max_dist: 49.3984 train_imax: 186.7294 train_imin: -122.4339 time: 3.4282s
INFO:root:Epoch: 1945 lr: 0.001 train_loss: 5068.9092 train_distortion: 18.0697 train_mapscore: 0.9904 train_c: -1.0967 train_max_dist: 49.4297 train_imax: 187.9652 train_imin: -122.5812 time: 3.7894s
INFO:root:Epoch: 1950 lr: 0.001 train_loss: 4963.5225 train_distortion: 18.0792 train_mapscore: 0.9908 train_c: -1.0968 train_max_dist: 49.4570 train_imax: 186.8727 train_imin: -122.4570 time: 2.8912s
INFO:root:Epoch: 1955 lr: 0.001 train_loss: 4801.9165 train_distortion: 18.0838 train_mapscore: 0.9911 train_c: -1.0968 train_max_dist: 49.4531 train_imax: 187.8116 train_imin: -122.7982 time: 2.3944s
INFO:root:Epoch: 1960 lr: 0.001 train_loss: 4806.9980 train_distortion: 18.0919 train_mapscore: 0.9909 train_c: -1.0968 train_max_dist: 49.4297 train_imax: 187.9377 train_imin: -122.5140 time: 3.1191s
INFO:root:Epoch: 1965 lr: 0.001 train_loss: 5004.2407 train_distortion: 18.1043 train_mapscore: 0.9902 train_c: -1.0969 train_max_dist: 49.4375 train_imax: 189.1898 train_imin: -122.3354 time: 2.8136s
INFO:root:Epoch: 1970 lr: 0.001 train_loss: 4840.6699 train_distortion: 18.1158 train_mapscore: 0.9911 train_c: -1.0969 train_max_dist: 49.4609 train_imax: 188.6213 train_imin: -122.7307 time: 1.7750s
INFO:root:Epoch: 1975 lr: 0.001 train_loss: 4822.1523 train_distortion: 18.1297 train_mapscore: 0.9907 train_c: -1.0969 train_max_dist: 49.4824 train_imax: 188.9607 train_imin: -122.7095 time: 2.3666s
INFO:root:Epoch: 1980 lr: 0.001 train_loss: 4871.1748 train_distortion: 18.1434 train_mapscore: 0.9904 train_c: -1.0970 train_max_dist: 49.5117 train_imax: 187.6584 train_imin: -123.1678 time: 2.8793s
INFO:root:Epoch: 1985 lr: 0.001 train_loss: 4869.2207 train_distortion: 18.1559 train_mapscore: 0.9911 train_c: -1.0970 train_max_dist: 49.5137 train_imax: 187.9169 train_imin: -123.3264 time: 2.8538s
INFO:root:Epoch: 1990 lr: 0.001 train_loss: 4845.8428 train_distortion: 18.1622 train_mapscore: 0.9910 train_c: -1.0971 train_max_dist: 49.5039 train_imax: 188.4220 train_imin: -123.3367 time: 3.1111s
INFO:root:Epoch: 1995 lr: 0.001 train_loss: 4854.7783 train_distortion: 18.1758 train_mapscore: 0.9908 train_c: -1.0971 train_max_dist: 49.5234 train_imax: 189.4930 train_imin: -122.8810 time: 2.8188s
INFO:root:Epoch: 2000 lr: 0.00025 train_loss: 4711.0332 train_distortion: 18.1900 train_mapscore: 0.9911 train_c: -1.0971 train_max_dist: 49.5273 train_imax: 188.9216 train_imin: -123.4445 time: 1.7118s
INFO:root:Optimization Finished!
INFO:root:Total time elapsed: 6080.7051s
INFO:root:Val set results: val_distortion: 1.0000 val_mapscore: -1.0000 val_c: -1.0000 val_max_dist: 0.0000
INFO:root:Test set results: test_loss: 4700.5776 test_distortion: 18.1911 test_mapscore: 0.9910 test_c: -1.0971 test_max_dist: 49.5430 test_imax: 189.1339 test_imin: -123.4139
INFO:root:Saved model in /workspace/xiongbo/hgcn/logs/md/2021_5_1/0
