INFO:root:Using: cuda:0
INFO:root:Using seed 1234.
INFO:root:MDModel(
  (encoder): HGCN(
    (layers): Sequential(
      (0): HyperbolicGraphConvolution(
        (linear): HypLinear(
          in_features=3032, out_features=10, c=Parameter containing:
          tensor([-1.], requires_grad=True)
        )
        (agg): HypAgg(
          c=Parameter containing:
          tensor([-1.], requires_grad=True)
        )
        (hyp_act): HypAct(
          c_in=Parameter containing:
          tensor([-1.], requires_grad=True), c_out=Parameter containing:
          tensor([-1.], requires_grad=True)
        )
      )
    )
  )
  (decoder): MDDecoder()
)
INFO:root:Total number of parameters: 30332
/workspace/anaconda3/envs/geo/lib/python3.7/site-packages/torch/optim/lr_scheduler.py:370: UserWarning: To get the last learning rate computed by the scheduler, please use `get_last_lr()`.
  "please use `get_last_lr()`.", UserWarning)
INFO:root:Epoch: 0005 lr: 0.001 train_loss: 102011.1094 train_distortion: 0.7238 train_mapscore: 0.0147 train_c: -1.0004 train_max_dist: 1.6406 train_imax: -0.0000 train_imin: -1.5922 time: 2.2641s
INFO:root:Epoch: 0010 lr: 0.001 train_loss: 100936.8828 train_distortion: 0.7017 train_mapscore: 0.0316 train_c: -1.0009 train_max_dist: 1.6927 train_imax: -0.0000 train_imin: -1.6281 time: 2.2048s
INFO:root:Epoch: 0015 lr: 0.001 train_loss: 99833.4766 train_distortion: 0.6809 train_mapscore: 0.0584 train_c: -1.0014 train_max_dist: 1.8034 train_imax: -0.0000 train_imin: -1.6950 time: 1.9889s
INFO:root:Epoch: 0020 lr: 0.001 train_loss: 98795.1094 train_distortion: 0.6620 train_mapscore: 0.0943 train_c: -1.0020 train_max_dist: 1.9847 train_imax: -0.0000 train_imin: -1.7925 time: 1.8898s
INFO:root:Epoch: 0025 lr: 0.001 train_loss: 97868.1406 train_distortion: 0.6448 train_mapscore: 0.1285 train_c: -1.0026 train_max_dist: 2.2044 train_imax: -0.0000 train_imin: -1.9217 time: 1.9608s
INFO:root:Epoch: 0030 lr: 0.001 train_loss: 97043.3438 train_distortion: 0.6290 train_mapscore: 0.1611 train_c: -1.0031 train_max_dist: 2.3811 train_imax: -0.0000 train_imin: -2.0356 time: 1.9177s
INFO:root:Epoch: 0035 lr: 0.001 train_loss: 96287.1875 train_distortion: 0.6139 train_mapscore: 0.1952 train_c: -1.0038 train_max_dist: 2.7385 train_imax: -0.0000 train_imin: -2.1345 time: 2.5608s
INFO:root:Epoch: 0040 lr: 0.001 train_loss: 95571.4297 train_distortion: 0.5993 train_mapscore: 0.2266 train_c: -1.0044 train_max_dist: 3.2326 train_imax: -0.0000 train_imin: -2.2226 time: 1.7795s
INFO:root:Epoch: 0045 lr: 0.001 train_loss: 94874.8750 train_distortion: 0.5848 train_mapscore: 0.2576 train_c: -1.0050 train_max_dist: 3.7707 train_imax: -0.0000 train_imin: -2.3043 time: 2.0629s
INFO:root:Epoch: 0050 lr: 0.001 train_loss: 94177.8984 train_distortion: 0.5703 train_mapscore: 0.2857 train_c: -1.0057 train_max_dist: 4.3334 train_imax: -0.0000 train_imin: -2.3855 time: 2.0814s
INFO:root:Epoch: 0055 lr: 0.001 train_loss: 93468.3750 train_distortion: 0.5558 train_mapscore: 0.3136 train_c: -1.0063 train_max_dist: 4.9023 train_imax: -0.0000 train_imin: -2.5120 time: 2.0031s
INFO:root:Epoch: 0060 lr: 0.001 train_loss: 92740.5312 train_distortion: 0.5411 train_mapscore: 0.3364 train_c: -1.0070 train_max_dist: 5.4502 train_imax: -0.0000 train_imin: -2.6207 time: 1.9724s
INFO:root:Epoch: 0065 lr: 0.001 train_loss: 91991.5625 train_distortion: 0.5264 train_mapscore: 0.3551 train_c: -1.0077 train_max_dist: 5.9444 train_imax: -0.0000 train_imin: -2.7011 time: 1.9251s
INFO:root:Epoch: 0070 lr: 0.001 train_loss: 91218.5312 train_distortion: 0.5115 train_mapscore: 0.3701 train_c: -1.0084 train_max_dist: 6.3860 train_imax: -0.0000 train_imin: -2.7820 time: 2.0246s
INFO:root:Epoch: 0075 lr: 0.001 train_loss: 90421.2031 train_distortion: 0.4966 train_mapscore: 0.3775 train_c: -1.0091 train_max_dist: 6.7713 train_imax: -0.0000 train_imin: -2.8651 time: 1.9025s
INFO:root:Epoch: 0080 lr: 0.001 train_loss: 89603.6094 train_distortion: 0.4816 train_mapscore: 0.3782 train_c: -1.0098 train_max_dist: 7.2956 train_imax: -0.0000 train_imin: -2.9372 time: 1.8513s
INFO:root:Epoch: 0085 lr: 0.001 train_loss: 88773.0938 train_distortion: 0.4666 train_mapscore: 0.3741 train_c: -1.0105 train_max_dist: 7.7257 train_imax: -0.0000 train_imin: -3.0463 time: 1.8397s
INFO:root:Epoch: 0090 lr: 0.001 train_loss: 87936.3125 train_distortion: 0.4515 train_mapscore: 0.3694 train_c: -1.0113 train_max_dist: 8.1159 train_imax: -0.0000 train_imin: -3.1605 time: 1.8911s
INFO:root:Epoch: 0095 lr: 0.001 train_loss: 87097.8125 train_distortion: 0.4366 train_mapscore: 0.3642 train_c: -1.0120 train_max_dist: 8.4649 train_imax: -0.0000 train_imin: -3.2656 time: 1.8763s
INFO:root:Epoch: 0100 lr: 0.001 train_loss: 86261.1797 train_distortion: 0.4218 train_mapscore: 0.3583 train_c: -1.0127 train_max_dist: 8.7578 train_imax: -0.0000 train_imin: -3.3694 time: 1.8897s
INFO:root:Epoch: 0105 lr: 0.001 train_loss: 85427.0078 train_distortion: 0.4073 train_mapscore: 0.3460 train_c: -1.0135 train_max_dist: 9.2856 train_imax: -0.0000 train_imin: -3.4705 time: 1.8910s
INFO:root:Epoch: 0110 lr: 0.001 train_loss: 84597.9062 train_distortion: 0.3931 train_mapscore: 0.3367 train_c: -1.0143 train_max_dist: 9.7466 train_imax: -0.0000 train_imin: -3.5565 time: 1.5585s
INFO:root:Epoch: 0115 lr: 0.001 train_loss: 83778.0625 train_distortion: 0.3793 train_mapscore: 0.3311 train_c: -1.0150 train_max_dist: 10.0774 train_imax: -0.0000 train_imin: -3.6214 time: 1.5355s
INFO:root:Epoch: 0120 lr: 0.001 train_loss: 82967.8828 train_distortion: 0.3659 train_mapscore: 0.3223 train_c: -1.0158 train_max_dist: 10.3413 train_imax: -0.0000 train_imin: -3.6569 time: 1.5198s
INFO:root:Epoch: 0125 lr: 0.001 train_loss: 82169.3125 train_distortion: 0.3529 train_mapscore: 0.3134 train_c: -1.0166 train_max_dist: 10.6014 train_imax: -0.0000 train_imin: -3.7444 time: 1.5048s
INFO:root:Epoch: 0130 lr: 0.001 train_loss: 81379.4375 train_distortion: 0.3403 train_mapscore: 0.3080 train_c: -1.0173 train_max_dist: 10.8371 train_imax: -0.0000 train_imin: -3.8548 time: 1.4802s
INFO:root:Epoch: 0135 lr: 0.001 train_loss: 80597.1562 train_distortion: 0.3281 train_mapscore: 0.2992 train_c: -1.0181 train_max_dist: 11.0564 train_imax: -0.0000 train_imin: -3.9750 time: 1.4555s
INFO:root:Epoch: 0140 lr: 0.001 train_loss: 79820.3750 train_distortion: 0.3162 train_mapscore: 0.2982 train_c: -1.0189 train_max_dist: 11.2968 train_imax: -0.0000 train_imin: -4.0967 time: 1.4354s
INFO:root:Epoch: 0145 lr: 0.001 train_loss: 79044.7188 train_distortion: 0.3046 train_mapscore: 0.2979 train_c: -1.0197 train_max_dist: 11.5269 train_imax: -0.0000 train_imin: -4.2142 time: 1.6943s
INFO:root:Epoch: 0150 lr: 0.001 train_loss: 78266.4062 train_distortion: 0.2932 train_mapscore: 0.2957 train_c: -1.0205 train_max_dist: 11.7471 train_imax: -0.0000 train_imin: -4.3353 time: 1.4328s
INFO:root:Epoch: 0155 lr: 0.001 train_loss: 77484.2969 train_distortion: 0.2821 train_mapscore: 0.3026 train_c: -1.0213 train_max_dist: 12.0130 train_imax: -0.0000 train_imin: -4.4498 time: 1.5209s
INFO:root:Epoch: 0160 lr: 0.001 train_loss: 76689.8750 train_distortion: 0.2712 train_mapscore: 0.3051 train_c: -1.0220 train_max_dist: 12.2986 train_imax: -0.0000 train_imin: -4.5625 time: 2.2254s
INFO:root:Epoch: 0165 lr: 0.001 train_loss: 75883.7266 train_distortion: 0.2606 train_mapscore: 0.3096 train_c: -1.0228 train_max_dist: 12.5653 train_imax: -0.0000 train_imin: -4.6598 time: 1.4069s
INFO:root:Epoch: 0170 lr: 0.001 train_loss: 75063.2188 train_distortion: 0.2503 train_mapscore: 0.3119 train_c: -1.0236 train_max_dist: 12.8197 train_imax: -0.0000 train_imin: -4.7252 time: 1.4298s
INFO:root:Epoch: 0175 lr: 0.001 train_loss: 74225.4453 train_distortion: 0.2403 train_mapscore: 0.3122 train_c: -1.0244 train_max_dist: 13.0837 train_imax: -0.0000 train_imin: -4.8153 time: 1.4178s
INFO:root:Epoch: 0180 lr: 0.001 train_loss: 73367.1562 train_distortion: 0.2306 train_mapscore: 0.3163 train_c: -1.0252 train_max_dist: 13.3287 train_imax: -0.0000 train_imin: -4.9953 time: 2.2726s
INFO:root:Epoch: 0185 lr: 0.001 train_loss: 72486.7812 train_distortion: 0.2213 train_mapscore: 0.3184 train_c: -1.0260 train_max_dist: 13.5826 train_imax: -0.0000 train_imin: -5.1690 time: 1.5156s
INFO:root:Epoch: 0190 lr: 0.001 train_loss: 71583.1875 train_distortion: 0.2126 train_mapscore: 0.3173 train_c: -1.0268 train_max_dist: 13.8564 train_imax: -0.0000 train_imin: -5.3641 time: 1.5033s
INFO:root:Epoch: 0195 lr: 0.001 train_loss: 70654.5938 train_distortion: 0.2044 train_mapscore: 0.3168 train_c: -1.0276 train_max_dist: 14.1521 train_imax: -0.0000 train_imin: -5.5306 time: 2.7050s
INFO:root:Epoch: 0200 lr: 0.001 train_loss: 69701.4297 train_distortion: 0.1969 train_mapscore: 0.3125 train_c: -1.0284 train_max_dist: 14.4781 train_imax: -0.0000 train_imin: -5.7232 time: 3.0109s
INFO:root:Epoch: 0205 lr: 0.001 train_loss: 68724.2656 train_distortion: 0.1903 train_mapscore: 0.3138 train_c: -1.0292 train_max_dist: 14.8088 train_imax: -0.0000 train_imin: -5.9276 time: 1.5136s
INFO:root:Epoch: 0210 lr: 0.001 train_loss: 67720.5312 train_distortion: 0.1846 train_mapscore: 0.3120 train_c: -1.0300 train_max_dist: 15.1449 train_imax: -0.0000 train_imin: -6.1244 time: 1.5835s
INFO:root:Epoch: 0215 lr: 0.001 train_loss: 66693.4688 train_distortion: 0.1800 train_mapscore: 0.3103 train_c: -1.0308 train_max_dist: 15.4947 train_imax: -0.0000 train_imin: -6.3466 time: 2.5266s
INFO:root:Epoch: 0220 lr: 0.001 train_loss: 65647.1484 train_distortion: 0.1766 train_mapscore: 0.3113 train_c: -1.0316 train_max_dist: 15.8324 train_imax: -0.0000 train_imin: -6.5785 time: 1.4324s
INFO:root:Epoch: 0225 lr: 0.001 train_loss: 64581.8750 train_distortion: 0.1747 train_mapscore: 0.3097 train_c: -1.0324 train_max_dist: 16.1857 train_imax: -0.0000 train_imin: -6.7980 time: 1.3421s
INFO:root:Epoch: 0230 lr: 0.001 train_loss: 63499.3359 train_distortion: 0.1742 train_mapscore: 0.3113 train_c: -1.0332 train_max_dist: 16.5520 train_imax: -0.0000 train_imin: -7.0336 time: 1.8702s
INFO:root:Epoch: 0235 lr: 0.001 train_loss: 62407.8945 train_distortion: 0.1756 train_mapscore: 0.3073 train_c: -1.0339 train_max_dist: 16.9107 train_imax: -0.0000 train_imin: -7.3156 time: 2.7534s
INFO:root:Epoch: 0240 lr: 0.001 train_loss: 61311.2852 train_distortion: 0.1787 train_mapscore: 0.3083 train_c: -1.0347 train_max_dist: 17.2818 train_imax: -0.0000 train_imin: -7.5737 time: 3.2662s
INFO:root:Epoch: 0245 lr: 0.001 train_loss: 60212.9570 train_distortion: 0.1839 train_mapscore: 0.3055 train_c: -1.0355 train_max_dist: 17.6594 train_imax: -0.0000 train_imin: -7.8377 time: 1.4729s
INFO:root:Epoch: 0250 lr: 0.001 train_loss: 59119.5742 train_distortion: 0.1912 train_mapscore: 0.3087 train_c: -1.0363 train_max_dist: 18.0529 train_imax: -0.0000 train_imin: -8.1160 time: 1.4656s
INFO:root:Epoch: 0255 lr: 0.001 train_loss: 58034.8086 train_distortion: 0.2008 train_mapscore: 0.3085 train_c: -1.0370 train_max_dist: 18.4700 train_imax: -0.0000 train_imin: -8.4394 time: 2.3558s
INFO:root:Epoch: 0260 lr: 0.001 train_loss: 56966.8438 train_distortion: 0.2127 train_mapscore: 0.3122 train_c: -1.0378 train_max_dist: 18.8933 train_imax: -0.0000 train_imin: -8.7181 time: 2.6492s
INFO:root:Epoch: 0265 lr: 0.001 train_loss: 55917.8438 train_distortion: 0.2270 train_mapscore: 0.3106 train_c: -1.0385 train_max_dist: 19.3091 train_imax: -0.0000 train_imin: -9.0090 time: 2.4424s
INFO:root:Epoch: 0270 lr: 0.001 train_loss: 54893.1875 train_distortion: 0.2437 train_mapscore: 0.3186 train_c: -1.0392 train_max_dist: 19.7083 train_imax: -0.0000 train_imin: -9.3497 time: 2.7176s
INFO:root:Epoch: 0275 lr: 0.001 train_loss: 53898.2734 train_distortion: 0.2628 train_mapscore: 0.3228 train_c: -1.0399 train_max_dist: 20.0933 train_imax: -0.0000 train_imin: -9.6428 time: 2.5850s
INFO:root:Epoch: 0280 lr: 0.001 train_loss: 52938.0625 train_distortion: 0.2841 train_mapscore: 0.3331 train_c: -1.0406 train_max_dist: 20.4669 train_imax: -0.0000 train_imin: -9.8903 time: 3.1759s
INFO:root:Epoch: 0285 lr: 0.001 train_loss: 52013.3281 train_distortion: 0.3074 train_mapscore: 0.3324 train_c: -1.0413 train_max_dist: 20.8191 train_imax: -0.0000 train_imin: -10.2224 time: 1.5756s
INFO:root:Epoch: 0290 lr: 0.001 train_loss: 51125.0781 train_distortion: 0.3326 train_mapscore: 0.3445 train_c: -1.0419 train_max_dist: 21.1404 train_imax: -0.0000 train_imin: -10.4778 time: 1.8601s
INFO:root:Epoch: 0295 lr: 0.001 train_loss: 50276.5508 train_distortion: 0.3598 train_mapscore: 0.3509 train_c: -1.0425 train_max_dist: 21.4382 train_imax: -0.0000 train_imin: -10.7648 time: 3.1414s
INFO:root:Epoch: 0300 lr: 0.001 train_loss: 49462.9531 train_distortion: 0.3887 train_mapscore: 0.3652 train_c: -1.0432 train_max_dist: 21.6953 train_imax: -0.0000 train_imin: -11.0451 time: 1.8374s
INFO:root:Epoch: 0305 lr: 0.001 train_loss: 48688.8906 train_distortion: 0.4187 train_mapscore: 0.3769 train_c: -1.0437 train_max_dist: 21.9426 train_imax: -0.0000 train_imin: -11.2389 time: 2.6864s
INFO:root:Epoch: 0310 lr: 0.001 train_loss: 47952.2852 train_distortion: 0.4501 train_mapscore: 0.3969 train_c: -1.0443 train_max_dist: 22.1967 train_imax: -0.0000 train_imin: -11.4439 time: 2.5541s
INFO:root:Epoch: 0315 lr: 0.001 train_loss: 47248.9844 train_distortion: 0.4820 train_mapscore: 0.4161 train_c: -1.0449 train_max_dist: 22.3988 train_imax: -0.0000 train_imin: -11.6302 time: 3.0299s
INFO:root:Epoch: 0320 lr: 0.001 train_loss: 46581.7422 train_distortion: 0.5143 train_mapscore: 0.4340 train_c: -1.0454 train_max_dist: 22.5020 train_imax: -0.0000 train_imin: -11.7998 time: 1.5238s
INFO:root:Epoch: 0325 lr: 0.001 train_loss: 45942.5703 train_distortion: 0.5471 train_mapscore: 0.4571 train_c: -1.0459 train_max_dist: 22.5436 train_imax: -0.0000 train_imin: -11.9689 time: 2.8840s
INFO:root:Epoch: 0330 lr: 0.001 train_loss: 45334.4375 train_distortion: 0.5806 train_mapscore: 0.4776 train_c: -1.0464 train_max_dist: 22.6680 train_imax: -0.0000 train_imin: -12.0731 time: 1.4961s
INFO:root:Epoch: 0335 lr: 0.001 train_loss: 44756.3594 train_distortion: 0.6151 train_mapscore: 0.5036 train_c: -1.0469 train_max_dist: 22.9302 train_imax: -0.0000 train_imin: -12.1174 time: 3.0491s
INFO:root:Epoch: 0340 lr: 0.001 train_loss: 44204.0312 train_distortion: 0.6502 train_mapscore: 0.5268 train_c: -1.0473 train_max_dist: 23.1833 train_imax: -0.0000 train_imin: -12.3026 time: 1.5476s
INFO:root:Epoch: 0345 lr: 0.001 train_loss: 43678.2188 train_distortion: 0.6865 train_mapscore: 0.5476 train_c: -1.0478 train_max_dist: 23.4238 train_imax: -0.0000 train_imin: -12.5184 time: 2.9891s
INFO:root:Epoch: 0350 lr: 0.001 train_loss: 43184.1250 train_distortion: 0.7247 train_mapscore: 0.5686 train_c: -1.0482 train_max_dist: 23.6624 train_imax: -0.0000 train_imin: -12.7580 time: 1.6102s
INFO:root:Epoch: 0355 lr: 0.001 train_loss: 42710.4219 train_distortion: 0.7644 train_mapscore: 0.5825 train_c: -1.0486 train_max_dist: 23.8860 train_imax: -0.0000 train_imin: -12.9516 time: 3.0148s
INFO:root:Epoch: 0360 lr: 0.001 train_loss: 42261.7461 train_distortion: 0.8051 train_mapscore: 0.5953 train_c: -1.0490 train_max_dist: 24.0709 train_imax: -0.0000 train_imin: -13.0997 time: 1.6178s
INFO:root:Epoch: 0365 lr: 0.001 train_loss: 41831.9961 train_distortion: 0.8469 train_mapscore: 0.6061 train_c: -1.0494 train_max_dist: 24.2178 train_imax: -0.0000 train_imin: -13.3148 time: 2.9950s
INFO:root:Epoch: 0370 lr: 0.001 train_loss: 41419.7812 train_distortion: 0.8896 train_mapscore: 0.6130 train_c: -1.0498 train_max_dist: 24.2616 train_imax: -0.0000 train_imin: -13.5099 time: 1.6035s
INFO:root:Epoch: 0375 lr: 0.001 train_loss: 41023.0781 train_distortion: 0.9338 train_mapscore: 0.6203 train_c: -1.0502 train_max_dist: 24.1456 train_imax: -0.0000 train_imin: -13.9101 time: 2.8815s
INFO:root:Epoch: 0380 lr: 0.001 train_loss: 40643.9531 train_distortion: 0.9799 train_mapscore: 0.6251 train_c: -1.0505 train_max_dist: 24.2659 train_imax: -0.0000 train_imin: -14.2304 time: 1.6060s
INFO:root:Epoch: 0385 lr: 0.001 train_loss: 40280.8047 train_distortion: 1.0282 train_mapscore: 0.6284 train_c: -1.0508 train_max_dist: 24.4255 train_imax: -0.0000 train_imin: -14.4108 time: 2.8973s
INFO:root:Epoch: 0390 lr: 0.001 train_loss: 39935.6055 train_distortion: 1.0779 train_mapscore: 0.6316 train_c: -1.0511 train_max_dist: 24.5876 train_imax: -0.0000 train_imin: -14.5641 time: 1.6147s
INFO:root:Epoch: 0395 lr: 0.001 train_loss: 39607.5977 train_distortion: 1.1289 train_mapscore: 0.6346 train_c: -1.0514 train_max_dist: 24.7444 train_imax: -0.0000 train_imin: -15.0202 time: 2.8202s
INFO:root:Epoch: 0400 lr: 0.001 train_loss: 39296.1055 train_distortion: 1.1815 train_mapscore: 0.6367 train_c: -1.0517 train_max_dist: 24.8933 train_imax: -0.0000 train_imin: -15.2746 time: 1.6137s
INFO:root:Epoch: 0405 lr: 0.001 train_loss: 39002.7188 train_distortion: 1.2349 train_mapscore: 0.6391 train_c: -1.0520 train_max_dist: 25.0258 train_imax: -0.0000 train_imin: -15.4551 time: 2.7766s
INFO:root:Epoch: 0410 lr: 0.001 train_loss: 38725.6250 train_distortion: 1.2896 train_mapscore: 0.6405 train_c: -1.0522 train_max_dist: 25.1550 train_imax: -0.0000 train_imin: -15.6260 time: 1.6678s
INFO:root:Epoch: 0415 lr: 0.001 train_loss: 38465.9375 train_distortion: 1.3449 train_mapscore: 0.6421 train_c: -1.0525 train_max_dist: 25.2683 train_imax: -0.0000 train_imin: -15.9454 time: 2.8422s
INFO:root:Epoch: 0420 lr: 0.001 train_loss: 38220.8633 train_distortion: 1.4004 train_mapscore: 0.6432 train_c: -1.0527 train_max_dist: 25.3684 train_imax: -0.0000 train_imin: -16.1315 time: 1.6367s
INFO:root:Epoch: 0425 lr: 0.001 train_loss: 37991.4922 train_distortion: 1.4558 train_mapscore: 0.6444 train_c: -1.0529 train_max_dist: 25.4663 train_imax: -0.0000 train_imin: -16.3125 time: 2.7641s
INFO:root:Epoch: 0430 lr: 0.001 train_loss: 37776.8789 train_distortion: 1.5117 train_mapscore: 0.6458 train_c: -1.0530 train_max_dist: 25.5647 train_imax: -0.0000 train_imin: -16.5636 time: 1.6720s
INFO:root:Epoch: 0435 lr: 0.001 train_loss: 37575.4922 train_distortion: 1.5673 train_mapscore: 0.6469 train_c: -1.0532 train_max_dist: 25.6709 train_imax: -0.0000 train_imin: -16.6274 time: 2.8384s
INFO:root:Epoch: 0440 lr: 0.001 train_loss: 37386.8594 train_distortion: 1.6227 train_mapscore: 0.6478 train_c: -1.0534 train_max_dist: 25.7612 train_imax: -0.0000 train_imin: -16.7829 time: 1.6651s
INFO:root:Epoch: 0445 lr: 0.001 train_loss: 37210.4023 train_distortion: 1.6778 train_mapscore: 0.6487 train_c: -1.0535 train_max_dist: 25.8525 train_imax: -0.0000 train_imin: -16.9320 time: 2.7099s
INFO:root:Epoch: 0450 lr: 0.001 train_loss: 37045.1797 train_distortion: 1.7321 train_mapscore: 0.6495 train_c: -1.0536 train_max_dist: 25.9517 train_imax: -0.0000 train_imin: -17.0288 time: 1.5816s
INFO:root:Epoch: 0455 lr: 0.001 train_loss: 36889.3594 train_distortion: 1.7855 train_mapscore: 0.6504 train_c: -1.0537 train_max_dist: 26.0825 train_imax: -0.0000 train_imin: -17.1245 time: 2.6927s
INFO:root:Epoch: 0460 lr: 0.001 train_loss: 36742.5977 train_distortion: 1.8379 train_mapscore: 0.6511 train_c: -1.0538 train_max_dist: 26.2136 train_imax: -0.0000 train_imin: -17.2850 time: 1.5858s
INFO:root:Epoch: 0465 lr: 0.001 train_loss: 36604.1289 train_distortion: 1.8894 train_mapscore: 0.6517 train_c: -1.0539 train_max_dist: 26.3325 train_imax: -0.0000 train_imin: -17.2912 time: 2.8312s
INFO:root:Epoch: 0470 lr: 0.001 train_loss: 36473.9375 train_distortion: 1.9402 train_mapscore: 0.6530 train_c: -1.0539 train_max_dist: 26.4561 train_imax: -0.0000 train_imin: -17.3365 time: 1.6264s
INFO:root:Epoch: 0475 lr: 0.001 train_loss: 36350.5039 train_distortion: 1.9904 train_mapscore: 0.6535 train_c: -1.0540 train_max_dist: 26.5647 train_imax: -0.0000 train_imin: -17.4237 time: 2.8576s
INFO:root:Epoch: 0480 lr: 0.001 train_loss: 36234.3984 train_distortion: 2.0397 train_mapscore: 0.6543 train_c: -1.0540 train_max_dist: 26.6750 train_imax: -0.0000 train_imin: -17.3851 time: 1.5778s
INFO:root:Epoch: 0485 lr: 0.001 train_loss: 36124.0469 train_distortion: 2.0883 train_mapscore: 0.6551 train_c: -1.0540 train_max_dist: 26.7900 train_imax: -0.0000 train_imin: -17.3998 time: 2.8355s
INFO:root:Epoch: 0490 lr: 0.001 train_loss: 36020.0391 train_distortion: 2.1363 train_mapscore: 0.6561 train_c: -1.0541 train_max_dist: 26.8992 train_imax: -0.0000 train_imin: -17.3898 time: 1.6555s
INFO:root:Epoch: 0495 lr: 0.001 train_loss: 35920.9453 train_distortion: 2.1835 train_mapscore: 0.6566 train_c: -1.0541 train_max_dist: 27.0002 train_imax: -0.0000 train_imin: -17.3675 time: 2.7895s
INFO:root:Epoch: 0500 lr: 0.001 train_loss: 35827.6484 train_distortion: 2.2300 train_mapscore: 0.6575 train_c: -1.0540 train_max_dist: 27.1025 train_imax: -0.0000 train_imin: -17.3206 time: 1.5894s
INFO:root:Epoch: 0505 lr: 0.001 train_loss: 35738.2734 train_distortion: 2.2758 train_mapscore: 0.6580 train_c: -1.0540 train_max_dist: 27.2056 train_imax: -0.0000 train_imin: -17.2897 time: 2.7019s
INFO:root:Epoch: 0510 lr: 0.001 train_loss: 35654.1172 train_distortion: 2.3214 train_mapscore: 0.6587 train_c: -1.0540 train_max_dist: 27.3062 train_imax: -0.0000 train_imin: -17.2116 time: 1.6049s
INFO:root:Epoch: 0515 lr: 0.001 train_loss: 35574.4258 train_distortion: 2.3663 train_mapscore: 0.6592 train_c: -1.0540 train_max_dist: 27.4019 train_imax: -0.0000 train_imin: -17.0543 time: 2.7148s
INFO:root:Epoch: 0520 lr: 0.001 train_loss: 35499.0625 train_distortion: 2.4108 train_mapscore: 0.6598 train_c: -1.0539 train_max_dist: 27.5039 train_imax: -0.0000 train_imin: -17.0259 time: 1.5928s
INFO:root:Epoch: 0525 lr: 0.001 train_loss: 35428.1211 train_distortion: 2.4547 train_mapscore: 0.6602 train_c: -1.0538 train_max_dist: 27.6025 train_imax: -0.0000 train_imin: -16.8605 time: 2.8102s
INFO:root:Epoch: 0530 lr: 0.001 train_loss: 35360.0938 train_distortion: 2.4981 train_mapscore: 0.6609 train_c: -1.0538 train_max_dist: 27.7083 train_imax: -0.0000 train_imin: -16.8533 time: 1.6418s
INFO:root:Epoch: 0535 lr: 0.001 train_loss: 35295.8164 train_distortion: 2.5406 train_mapscore: 0.6614 train_c: -1.0537 train_max_dist: 27.8037 train_imax: -0.0000 train_imin: -16.6852 time: 2.6765s
INFO:root:Epoch: 0540 lr: 0.001 train_loss: 35234.9531 train_distortion: 2.5825 train_mapscore: 0.6618 train_c: -1.0536 train_max_dist: 27.9097 train_imax: -0.0000 train_imin: -16.5849 time: 1.6805s
INFO:root:Epoch: 0545 lr: 0.001 train_loss: 35177.3281 train_distortion: 2.6239 train_mapscore: 0.6621 train_c: -1.0535 train_max_dist: 28.0068 train_imax: -0.0000 train_imin: -16.4049 time: 2.8554s
INFO:root:Epoch: 0550 lr: 0.001 train_loss: 35122.5156 train_distortion: 2.6641 train_mapscore: 0.6629 train_c: -1.0534 train_max_dist: 28.1038 train_imax: -0.0000 train_imin: -16.2423 time: 1.6171s
INFO:root:Epoch: 0555 lr: 0.001 train_loss: 35069.8906 train_distortion: 2.7037 train_mapscore: 0.6634 train_c: -1.0533 train_max_dist: 28.2046 train_imax: -0.0000 train_imin: -16.1080 time: 2.8261s
INFO:root:Epoch: 0560 lr: 0.001 train_loss: 35019.6602 train_distortion: 2.7425 train_mapscore: 0.6641 train_c: -1.0532 train_max_dist: 28.2930 train_imax: -0.0000 train_imin: -15.9403 time: 1.6530s
INFO:root:Epoch: 0565 lr: 0.001 train_loss: 34971.8984 train_distortion: 2.7800 train_mapscore: 0.6646 train_c: -1.0531 train_max_dist: 28.3882 train_imax: -0.0000 train_imin: -15.8196 time: 2.7966s
INFO:root:Epoch: 0570 lr: 0.001 train_loss: 34926.1562 train_distortion: 2.8169 train_mapscore: 0.6643 train_c: -1.0529 train_max_dist: 28.4756 train_imax: -0.0000 train_imin: -15.6008 time: 1.6605s
INFO:root:Epoch: 0575 lr: 0.001 train_loss: 34882.5938 train_distortion: 2.8532 train_mapscore: 0.6647 train_c: -1.0528 train_max_dist: 28.5605 train_imax: -0.0000 train_imin: -15.4384 time: 2.7237s
INFO:root:Epoch: 0580 lr: 0.001 train_loss: 34840.5195 train_distortion: 2.8882 train_mapscore: 0.6647 train_c: -1.0526 train_max_dist: 28.6509 train_imax: -0.0000 train_imin: -15.2804 time: 1.6277s
INFO:root:Epoch: 0585 lr: 0.001 train_loss: 34800.2578 train_distortion: 2.9229 train_mapscore: 0.6655 train_c: -1.0525 train_max_dist: 28.7339 train_imax: -0.0000 train_imin: -15.1114 time: 2.7923s
INFO:root:Epoch: 0590 lr: 0.001 train_loss: 34761.6094 train_distortion: 2.9567 train_mapscore: 0.6656 train_c: -1.0523 train_max_dist: 28.8096 train_imax: -0.0000 train_imin: -15.0097 time: 1.6295s
INFO:root:Epoch: 0595 lr: 0.001 train_loss: 34724.3516 train_distortion: 2.9900 train_mapscore: 0.6660 train_c: -1.0522 train_max_dist: 28.8965 train_imax: -0.0000 train_imin: -14.8103 time: 2.8033s
INFO:root:Epoch: 0600 lr: 0.001 train_loss: 34688.5078 train_distortion: 3.0227 train_mapscore: 0.6658 train_c: -1.0520 train_max_dist: 28.9736 train_imax: -0.0000 train_imin: -14.7785 time: 1.6191s
INFO:root:Epoch: 0605 lr: 0.001 train_loss: 34654.3125 train_distortion: 3.0551 train_mapscore: 0.6664 train_c: -1.0518 train_max_dist: 29.0493 train_imax: -0.0000 train_imin: -14.7777 time: 2.7969s
INFO:root:Epoch: 0610 lr: 0.001 train_loss: 34621.4258 train_distortion: 3.0874 train_mapscore: 0.6666 train_c: -1.0516 train_max_dist: 29.1235 train_imax: -0.0000 train_imin: -14.8433 time: 1.6962s
INFO:root:Epoch: 0615 lr: 0.001 train_loss: 34589.3828 train_distortion: 3.1191 train_mapscore: 0.6669 train_c: -1.0514 train_max_dist: 29.2095 train_imax: -0.0000 train_imin: -14.9132 time: 2.7812s
INFO:root:Epoch: 0620 lr: 0.001 train_loss: 34558.5898 train_distortion: 3.1503 train_mapscore: 0.6670 train_c: -1.0513 train_max_dist: 29.2827 train_imax: -0.0000 train_imin: -15.0132 time: 1.6840s
INFO:root:Epoch: 0625 lr: 0.001 train_loss: 34528.9609 train_distortion: 3.1808 train_mapscore: 0.6669 train_c: -1.0511 train_max_dist: 29.3511 train_imax: -0.0000 train_imin: -15.1270 time: 2.8004s
INFO:root:Epoch: 0630 lr: 0.001 train_loss: 34500.5000 train_distortion: 3.2114 train_mapscore: 0.6675 train_c: -1.0509 train_max_dist: 29.4155 train_imax: -0.0000 train_imin: -15.1378 time: 1.6711s
INFO:root:Epoch: 0635 lr: 0.001 train_loss: 34473.7578 train_distortion: 3.2411 train_mapscore: 0.6676 train_c: -1.0506 train_max_dist: 29.4790 train_imax: -0.0000 train_imin: -15.1932 time: 2.8256s
INFO:root:Epoch: 0640 lr: 0.001 train_loss: 34446.9922 train_distortion: 3.2708 train_mapscore: 0.6680 train_c: -1.0504 train_max_dist: 29.5537 train_imax: -0.0000 train_imin: -15.2493 time: 1.6428s
INFO:root:Epoch: 0645 lr: 0.001 train_loss: 34421.5156 train_distortion: 3.2995 train_mapscore: 0.6683 train_c: -1.0502 train_max_dist: 29.6133 train_imax: -0.0000 train_imin: -15.3399 time: 2.8079s
INFO:root:Epoch: 0650 lr: 0.001 train_loss: 34397.1562 train_distortion: 3.3278 train_mapscore: 0.6688 train_c: -1.0500 train_max_dist: 29.6680 train_imax: -0.0000 train_imin: -15.3506 time: 1.6150s
INFO:root:Epoch: 0655 lr: 0.001 train_loss: 34373.5977 train_distortion: 3.3562 train_mapscore: 0.6688 train_c: -1.0498 train_max_dist: 29.7271 train_imax: -0.0000 train_imin: -15.4395 time: 2.8860s
INFO:root:Epoch: 0660 lr: 0.001 train_loss: 34350.5625 train_distortion: 3.3837 train_mapscore: 0.6688 train_c: -1.0495 train_max_dist: 29.8013 train_imax: -0.0000 train_imin: -15.4839 time: 1.6376s
INFO:root:Epoch: 0665 lr: 0.001 train_loss: 34328.5234 train_distortion: 3.4110 train_mapscore: 0.6689 train_c: -1.0493 train_max_dist: 29.8496 train_imax: -0.0000 train_imin: -15.6058 time: 2.6690s
INFO:root:Epoch: 0670 lr: 0.001 train_loss: 34307.2539 train_distortion: 3.4376 train_mapscore: 0.6692 train_c: -1.0491 train_max_dist: 29.9023 train_imax: -0.0000 train_imin: -15.5626 time: 1.6712s
INFO:root:Epoch: 0675 lr: 0.001 train_loss: 34287.3945 train_distortion: 3.4644 train_mapscore: 0.6695 train_c: -1.0488 train_max_dist: 29.9795 train_imax: -0.0000 train_imin: -15.7445 time: 2.7885s
INFO:root:Epoch: 0680 lr: 0.001 train_loss: 34266.7500 train_distortion: 3.4900 train_mapscore: 0.6697 train_c: -1.0486 train_max_dist: 30.0366 train_imax: -0.0000 train_imin: -15.7491 time: 1.6106s
INFO:root:Epoch: 0685 lr: 0.001 train_loss: 34247.4062 train_distortion: 3.5156 train_mapscore: 0.6697 train_c: -1.0483 train_max_dist: 30.0884 train_imax: -0.0000 train_imin: -15.8143 time: 2.8074s
INFO:root:Epoch: 0690 lr: 0.001 train_loss: 34228.4336 train_distortion: 3.5411 train_mapscore: 0.6699 train_c: -1.0481 train_max_dist: 30.1558 train_imax: -0.0000 train_imin: -15.9150 time: 1.5791s
INFO:root:Epoch: 0695 lr: 0.001 train_loss: 34210.3828 train_distortion: 3.5662 train_mapscore: 0.6700 train_c: -1.0478 train_max_dist: 30.2075 train_imax: -0.0000 train_imin: -15.9125 time: 2.6485s
INFO:root:Epoch: 0700 lr: 0.001 train_loss: 34192.6641 train_distortion: 3.5908 train_mapscore: 0.6707 train_c: -1.0475 train_max_dist: 30.2627 train_imax: -0.0000 train_imin: -15.9546 time: 1.6509s
INFO:root:Epoch: 0705 lr: 0.001 train_loss: 34175.7188 train_distortion: 3.6150 train_mapscore: 0.6709 train_c: -1.0473 train_max_dist: 30.3193 train_imax: -0.0000 train_imin: -15.9880 time: 2.7615s
INFO:root:Epoch: 0710 lr: 0.001 train_loss: 34158.7812 train_distortion: 3.6390 train_mapscore: 0.6710 train_c: -1.0470 train_max_dist: 30.3696 train_imax: -0.0000 train_imin: -16.1502 time: 1.6311s
INFO:root:Epoch: 0715 lr: 0.001 train_loss: 34142.6094 train_distortion: 3.6625 train_mapscore: 0.6710 train_c: -1.0467 train_max_dist: 30.4180 train_imax: -0.0000 train_imin: -16.1373 time: 2.7640s
INFO:root:Epoch: 0720 lr: 0.001 train_loss: 34126.8672 train_distortion: 3.6860 train_mapscore: 0.6713 train_c: -1.0464 train_max_dist: 30.4609 train_imax: -0.0000 train_imin: -16.2188 time: 1.6476s
INFO:root:Epoch: 0725 lr: 0.001 train_loss: 34111.5117 train_distortion: 3.7090 train_mapscore: 0.6713 train_c: -1.0462 train_max_dist: 30.5093 train_imax: -0.0000 train_imin: -16.3199 time: 2.7038s
INFO:root:Epoch: 0730 lr: 0.001 train_loss: 34097.0469 train_distortion: 3.7317 train_mapscore: 0.6714 train_c: -1.0459 train_max_dist: 30.5659 train_imax: -0.0000 train_imin: -16.3746 time: 1.5849s
INFO:root:Epoch: 0735 lr: 0.001 train_loss: 34082.3203 train_distortion: 3.7539 train_mapscore: 0.6717 train_c: -1.0456 train_max_dist: 30.6196 train_imax: -0.0000 train_imin: -16.3858 time: 2.7593s
INFO:root:Epoch: 0740 lr: 0.001 train_loss: 34067.8672 train_distortion: 3.7760 train_mapscore: 0.6720 train_c: -1.0453 train_max_dist: 30.6626 train_imax: -0.0000 train_imin: -16.5046 time: 1.6915s
INFO:root:Epoch: 0745 lr: 0.001 train_loss: 34054.1602 train_distortion: 3.7977 train_mapscore: 0.6720 train_c: -1.0450 train_max_dist: 30.6948 train_imax: -0.0000 train_imin: -16.4523 time: 2.8220s
INFO:root:Epoch: 0750 lr: 0.001 train_loss: 34040.4727 train_distortion: 3.8193 train_mapscore: 0.6720 train_c: -1.0447 train_max_dist: 30.7417 train_imax: -0.0000 train_imin: -16.5818 time: 1.6010s
INFO:root:Epoch: 0755 lr: 0.001 train_loss: 34027.2344 train_distortion: 3.8402 train_mapscore: 0.6723 train_c: -1.0444 train_max_dist: 30.7886 train_imax: -0.0000 train_imin: -16.6063 time: 2.8164s
INFO:root:Epoch: 0760 lr: 0.001 train_loss: 34014.5820 train_distortion: 3.8613 train_mapscore: 0.6723 train_c: -1.0441 train_max_dist: 30.8345 train_imax: -0.0000 train_imin: -16.6594 time: 1.5809s
INFO:root:Epoch: 0765 lr: 0.001 train_loss: 34001.6172 train_distortion: 3.8815 train_mapscore: 0.6727 train_c: -1.0438 train_max_dist: 30.8711 train_imax: -0.0000 train_imin: -16.7141 time: 2.7295s
INFO:root:Epoch: 0770 lr: 0.001 train_loss: 33989.7227 train_distortion: 3.9017 train_mapscore: 0.6729 train_c: -1.0435 train_max_dist: 30.9277 train_imax: -0.0000 train_imin: -16.8084 time: 1.6254s
INFO:root:Epoch: 0775 lr: 0.001 train_loss: 33977.2930 train_distortion: 3.9214 train_mapscore: 0.6726 train_c: -1.0432 train_max_dist: 30.9502 train_imax: -0.0000 train_imin: -16.7900 time: 2.8144s
INFO:root:Epoch: 0780 lr: 0.001 train_loss: 33965.3281 train_distortion: 3.9411 train_mapscore: 0.6730 train_c: -1.0429 train_max_dist: 31.0024 train_imax: -0.0000 train_imin: -16.9341 time: 1.6348s
INFO:root:Epoch: 0785 lr: 0.001 train_loss: 33953.8828 train_distortion: 3.9606 train_mapscore: 0.6728 train_c: -1.0425 train_max_dist: 31.0376 train_imax: -0.0000 train_imin: -16.9393 time: 2.6658s
INFO:root:Epoch: 0790 lr: 0.001 train_loss: 33942.1875 train_distortion: 3.9797 train_mapscore: 0.6733 train_c: -1.0422 train_max_dist: 31.0693 train_imax: -0.0000 train_imin: -17.0265 time: 1.5977s
INFO:root:Epoch: 0795 lr: 0.001 train_loss: 33930.8555 train_distortion: 3.9983 train_mapscore: 0.6730 train_c: -1.0419 train_max_dist: 31.1113 train_imax: -0.0000 train_imin: -17.0810 time: 2.7455s
INFO:root:Epoch: 0800 lr: 0.001 train_loss: 33920.6953 train_distortion: 4.0167 train_mapscore: 0.6736 train_c: -1.0416 train_max_dist: 31.1382 train_imax: -0.0000 train_imin: -17.0302 time: 1.6471s
INFO:root:Epoch: 0805 lr: 0.001 train_loss: 33910.5000 train_distortion: 4.0349 train_mapscore: 0.6737 train_c: -1.0412 train_max_dist: 31.1821 train_imax: -0.0000 train_imin: -17.2234 time: 2.7529s
INFO:root:Epoch: 0810 lr: 0.001 train_loss: 33899.2344 train_distortion: 4.0529 train_mapscore: 0.6739 train_c: -1.0409 train_max_dist: 31.1973 train_imax: -0.0000 train_imin: -17.1964 time: 1.5886s
INFO:root:Epoch: 0815 lr: 0.001 train_loss: 33888.6953 train_distortion: 4.0707 train_mapscore: 0.6740 train_c: -1.0406 train_max_dist: 31.2539 train_imax: -0.0000 train_imin: -17.2923 time: 2.7465s
INFO:root:Epoch: 0820 lr: 0.001 train_loss: 33878.6836 train_distortion: 4.0886 train_mapscore: 0.6743 train_c: -1.0402 train_max_dist: 31.2700 train_imax: -0.0000 train_imin: -17.3206 time: 1.6350s
INFO:root:Epoch: 0825 lr: 0.001 train_loss: 33868.6562 train_distortion: 4.1060 train_mapscore: 0.6743 train_c: -1.0399 train_max_dist: 31.3242 train_imax: -0.0000 train_imin: -17.3057 time: 2.8214s
INFO:root:Epoch: 0830 lr: 0.001 train_loss: 33858.5312 train_distortion: 4.1228 train_mapscore: 0.6743 train_c: -1.0395 train_max_dist: 31.3379 train_imax: -0.0000 train_imin: -17.4446 time: 1.6216s
INFO:root:Epoch: 0835 lr: 0.001 train_loss: 33849.0469 train_distortion: 4.1398 train_mapscore: 0.6744 train_c: -1.0392 train_max_dist: 31.3794 train_imax: -0.0000 train_imin: -17.4750 time: 2.6700s
INFO:root:Epoch: 0840 lr: 0.001 train_loss: 33839.9609 train_distortion: 4.1558 train_mapscore: 0.6749 train_c: -1.0389 train_max_dist: 31.4048 train_imax: -0.0000 train_imin: -17.4865 time: 1.6208s
INFO:root:Epoch: 0845 lr: 0.001 train_loss: 33830.6602 train_distortion: 4.1720 train_mapscore: 0.6748 train_c: -1.0385 train_max_dist: 31.4409 train_imax: -0.0000 train_imin: -17.5810 time: 2.7921s
INFO:root:Epoch: 0850 lr: 0.001 train_loss: 33821.6367 train_distortion: 4.1878 train_mapscore: 0.6754 train_c: -1.0382 train_max_dist: 31.4575 train_imax: -0.0000 train_imin: -17.6586 time: 1.6191s
INFO:root:Epoch: 0855 lr: 0.001 train_loss: 33812.6641 train_distortion: 4.2043 train_mapscore: 0.6753 train_c: -1.0378 train_max_dist: 31.5122 train_imax: -0.0000 train_imin: -17.6240 time: 2.8231s
INFO:root:Epoch: 0860 lr: 0.001 train_loss: 33803.3945 train_distortion: 4.2189 train_mapscore: 0.6756 train_c: -1.0374 train_max_dist: 31.5142 train_imax: -0.0000 train_imin: -17.6690 time: 1.6252s
INFO:root:Epoch: 0865 lr: 0.001 train_loss: 33794.5234 train_distortion: 4.2353 train_mapscore: 0.6755 train_c: -1.0371 train_max_dist: 31.5669 train_imax: -0.0000 train_imin: -17.7814 time: 2.8161s
INFO:root:Epoch: 0870 lr: 0.001 train_loss: 33786.2969 train_distortion: 4.2500 train_mapscore: 0.6761 train_c: -1.0367 train_max_dist: 31.5776 train_imax: -0.0000 train_imin: -17.7549 time: 1.6177s
INFO:root:Epoch: 0875 lr: 0.001 train_loss: 33778.3125 train_distortion: 4.2660 train_mapscore: 0.6763 train_c: -1.0364 train_max_dist: 31.6133 train_imax: -0.0000 train_imin: -17.8586 time: 2.7528s
INFO:root:Epoch: 0880 lr: 0.001 train_loss: 33769.6836 train_distortion: 4.2810 train_mapscore: 0.6765 train_c: -1.0360 train_max_dist: 31.6440 train_imax: -0.0000 train_imin: -17.9004 time: 1.6292s
INFO:root:Epoch: 0885 lr: 0.001 train_loss: 33761.8203 train_distortion: 4.2958 train_mapscore: 0.6768 train_c: -1.0356 train_max_dist: 31.6636 train_imax: -0.0000 train_imin: -17.9094 time: 2.7993s
INFO:root:Epoch: 0890 lr: 0.001 train_loss: 33753.4219 train_distortion: 4.3106 train_mapscore: 0.6772 train_c: -1.0353 train_max_dist: 31.6885 train_imax: -0.0000 train_imin: -17.9600 time: 1.6299s
INFO:root:Epoch: 0895 lr: 0.001 train_loss: 33745.3203 train_distortion: 4.3245 train_mapscore: 0.6772 train_c: -1.0349 train_max_dist: 31.7212 train_imax: -0.0000 train_imin: -17.9942 time: 2.8122s
INFO:root:Epoch: 0900 lr: 0.001 train_loss: 33737.2031 train_distortion: 4.3388 train_mapscore: 0.6773 train_c: -1.0345 train_max_dist: 31.7432 train_imax: -0.0000 train_imin: -18.0581 time: 1.6231s
INFO:root:Epoch: 0905 lr: 0.001 train_loss: 33729.4062 train_distortion: 4.3531 train_mapscore: 0.6775 train_c: -1.0342 train_max_dist: 31.7725 train_imax: -0.0000 train_imin: -18.1206 time: 2.7866s
INFO:root:Epoch: 0910 lr: 0.001 train_loss: 33721.3984 train_distortion: 4.3670 train_mapscore: 0.6779 train_c: -1.0338 train_max_dist: 31.7969 train_imax: -0.0000 train_imin: -18.0713 time: 1.6547s
INFO:root:Epoch: 0915 lr: 0.001 train_loss: 33713.9297 train_distortion: 4.3806 train_mapscore: 0.6780 train_c: -1.0334 train_max_dist: 31.8018 train_imax: -0.0000 train_imin: -18.2068 time: 2.7794s
INFO:root:Epoch: 0920 lr: 0.001 train_loss: 33706.3984 train_distortion: 4.3948 train_mapscore: 0.6783 train_c: -1.0330 train_max_dist: 31.8477 train_imax: -0.0000 train_imin: -18.2394 time: 1.6158s
INFO:root:Epoch: 0925 lr: 0.001 train_loss: 33698.8867 train_distortion: 4.4077 train_mapscore: 0.6784 train_c: -1.0327 train_max_dist: 31.8604 train_imax: -0.0000 train_imin: -18.2519 time: 2.7499s
INFO:root:Epoch: 0930 lr: 0.001 train_loss: 33691.6797 train_distortion: 4.4211 train_mapscore: 0.6783 train_c: -1.0323 train_max_dist: 31.8804 train_imax: -0.0000 train_imin: -18.3313 time: 1.6218s
INFO:root:Epoch: 0935 lr: 0.001 train_loss: 33683.9375 train_distortion: 4.4345 train_mapscore: 0.6784 train_c: -1.0319 train_max_dist: 31.9004 train_imax: -0.0000 train_imin: -18.3607 time: 2.8401s
INFO:root:Epoch: 0940 lr: 0.001 train_loss: 33677.2500 train_distortion: 4.4464 train_mapscore: 0.6790 train_c: -1.0315 train_max_dist: 31.9136 train_imax: -0.0000 train_imin: -18.3366 time: 1.6163s
INFO:root:Epoch: 0945 lr: 0.001 train_loss: 33669.7266 train_distortion: 4.4593 train_mapscore: 0.6786 train_c: -1.0311 train_max_dist: 31.9434 train_imax: -0.0000 train_imin: -18.4657 time: 2.8092s
INFO:root:Epoch: 0950 lr: 0.001 train_loss: 33662.9219 train_distortion: 4.4708 train_mapscore: 0.6791 train_c: -1.0307 train_max_dist: 31.9595 train_imax: -0.0000 train_imin: -18.4586 time: 1.6599s
INFO:root:Epoch: 0955 lr: 0.001 train_loss: 33655.7578 train_distortion: 4.4844 train_mapscore: 0.6798 train_c: -1.0303 train_max_dist: 31.9858 train_imax: -0.0000 train_imin: -18.5722 time: 2.8198s
INFO:root:Epoch: 0960 lr: 0.001 train_loss: 33648.3828 train_distortion: 4.4960 train_mapscore: 0.6793 train_c: -1.0300 train_max_dist: 31.9912 train_imax: -0.0000 train_imin: -18.5180 time: 1.6296s
INFO:root:Epoch: 0965 lr: 0.001 train_loss: 33641.4375 train_distortion: 4.5084 train_mapscore: 0.6793 train_c: -1.0296 train_max_dist: 32.0151 train_imax: -0.0000 train_imin: -18.5925 time: 2.8532s
INFO:root:Epoch: 0970 lr: 0.001 train_loss: 33634.7578 train_distortion: 4.5200 train_mapscore: 0.6799 train_c: -1.0292 train_max_dist: 32.0410 train_imax: -0.0000 train_imin: -18.5974 time: 1.6264s
INFO:root:Epoch: 0975 lr: 0.001 train_loss: 33627.8828 train_distortion: 4.5318 train_mapscore: 0.6805 train_c: -1.0288 train_max_dist: 32.0537 train_imax: -0.0000 train_imin: -18.6769 time: 2.7756s
INFO:root:Epoch: 0980 lr: 0.001 train_loss: 33621.4258 train_distortion: 4.5433 train_mapscore: 0.6804 train_c: -1.0284 train_max_dist: 32.0796 train_imax: -0.0000 train_imin: -18.7208 time: 1.6312s
INFO:root:Epoch: 0985 lr: 0.001 train_loss: 33614.6172 train_distortion: 4.5546 train_mapscore: 0.6802 train_c: -1.0280 train_max_dist: 32.1006 train_imax: -0.0000 train_imin: -18.7148 time: 2.8357s
INFO:root:Epoch: 0990 lr: 0.001 train_loss: 33607.8516 train_distortion: 4.5663 train_mapscore: 0.6814 train_c: -1.0276 train_max_dist: 32.1133 train_imax: -0.0000 train_imin: -18.7916 time: 1.6728s
INFO:root:Epoch: 0995 lr: 0.001 train_loss: 33600.9453 train_distortion: 4.5771 train_mapscore: 0.6814 train_c: -1.0272 train_max_dist: 32.1226 train_imax: -0.0000 train_imin: -18.7962 time: 2.8873s
INFO:root:Epoch: 1000 lr: 0.001 train_loss: 33594.5703 train_distortion: 4.5875 train_mapscore: 0.6815 train_c: -1.0268 train_max_dist: 32.1548 train_imax: -0.0000 train_imin: -18.8480 time: 1.6237s
INFO:root:Epoch: 1005 lr: 0.001 train_loss: 33588.1992 train_distortion: 4.5986 train_mapscore: 0.6818 train_c: -1.0264 train_max_dist: 32.1611 train_imax: -0.0000 train_imin: -18.8964 time: 2.8855s
INFO:root:Epoch: 1010 lr: 0.001 train_loss: 33581.5078 train_distortion: 4.6086 train_mapscore: 0.6821 train_c: -1.0260 train_max_dist: 32.1821 train_imax: -0.0000 train_imin: -18.9293 time: 1.6298s
INFO:root:Epoch: 1015 lr: 0.001 train_loss: 33575.2148 train_distortion: 4.6187 train_mapscore: 0.6820 train_c: -1.0256 train_max_dist: 32.2021 train_imax: -0.0000 train_imin: -18.9879 time: 2.8000s
INFO:root:Epoch: 1020 lr: 0.001 train_loss: 33568.7812 train_distortion: 4.6294 train_mapscore: 0.6829 train_c: -1.0252 train_max_dist: 32.2207 train_imax: -0.0000 train_imin: -19.0328 time: 1.6328s
INFO:root:Epoch: 1025 lr: 0.001 train_loss: 33562.7109 train_distortion: 4.6390 train_mapscore: 0.6830 train_c: -1.0247 train_max_dist: 32.2368 train_imax: -0.0000 train_imin: -19.1491 time: 2.8250s
INFO:root:Epoch: 1030 lr: 0.001 train_loss: 33556.2734 train_distortion: 4.6488 train_mapscore: 0.6829 train_c: -1.0243 train_max_dist: 32.2539 train_imax: -0.0000 train_imin: -19.1501 time: 1.6238s
INFO:root:Epoch: 1035 lr: 0.001 train_loss: 33550.0391 train_distortion: 4.6590 train_mapscore: 0.6830 train_c: -1.0239 train_max_dist: 32.2627 train_imax: -0.0000 train_imin: -19.1926 time: 2.8619s
INFO:root:Epoch: 1040 lr: 0.001 train_loss: 33543.4062 train_distortion: 4.6685 train_mapscore: 0.6827 train_c: -1.0235 train_max_dist: 32.2793 train_imax: -0.0000 train_imin: -19.2218 time: 1.6556s
INFO:root:Epoch: 1045 lr: 0.001 train_loss: 33537.4766 train_distortion: 4.6781 train_mapscore: 0.6834 train_c: -1.0231 train_max_dist: 32.3047 train_imax: -0.0000 train_imin: -19.3299 time: 2.9274s
INFO:root:Epoch: 1050 lr: 0.001 train_loss: 33531.3750 train_distortion: 4.6882 train_mapscore: 0.6831 train_c: -1.0227 train_max_dist: 32.3140 train_imax: -0.0000 train_imin: -19.2994 time: 1.6249s
INFO:root:Epoch: 1055 lr: 0.001 train_loss: 33525.1562 train_distortion: 4.6970 train_mapscore: 0.6845 train_c: -1.0223 train_max_dist: 32.3286 train_imax: -0.0000 train_imin: -19.3811 time: 2.8883s
INFO:root:Epoch: 1060 lr: 0.001 train_loss: 33518.6875 train_distortion: 4.7054 train_mapscore: 0.6843 train_c: -1.0219 train_max_dist: 32.3389 train_imax: -0.0000 train_imin: -19.3909 time: 1.6230s
INFO:root:Epoch: 1065 lr: 0.001 train_loss: 33512.2773 train_distortion: 4.7156 train_mapscore: 0.6848 train_c: -1.0214 train_max_dist: 32.3623 train_imax: -0.0000 train_imin: -19.4344 time: 2.9162s
INFO:root:Epoch: 1070 lr: 0.001 train_loss: 33506.4453 train_distortion: 4.7236 train_mapscore: 0.6847 train_c: -1.0210 train_max_dist: 32.3647 train_imax: -0.0000 train_imin: -19.5363 time: 1.6319s
INFO:root:Epoch: 1075 lr: 0.001 train_loss: 33500.1328 train_distortion: 4.7324 train_mapscore: 0.6847 train_c: -1.0206 train_max_dist: 32.3877 train_imax: -0.0000 train_imin: -19.5323 time: 2.9275s
INFO:root:Epoch: 1080 lr: 0.001 train_loss: 33494.5000 train_distortion: 4.7405 train_mapscore: 0.6850 train_c: -1.0202 train_max_dist: 32.3999 train_imax: -0.0000 train_imin: -19.6063 time: 1.6570s
INFO:root:Epoch: 1085 lr: 0.001 train_loss: 33488.1953 train_distortion: 4.7489 train_mapscore: 0.6850 train_c: -1.0198 train_max_dist: 32.4111 train_imax: -0.0000 train_imin: -19.6381 time: 2.9255s
INFO:root:Epoch: 1090 lr: 0.001 train_loss: 33482.2969 train_distortion: 4.7576 train_mapscore: 0.6854 train_c: -1.0193 train_max_dist: 32.4263 train_imax: -0.0000 train_imin: -19.7028 time: 1.6237s
INFO:root:Epoch: 1095 lr: 0.001 train_loss: 33476.0547 train_distortion: 4.7663 train_mapscore: 0.6853 train_c: -1.0189 train_max_dist: 32.4341 train_imax: -0.0000 train_imin: -19.6433 time: 2.9273s
INFO:root:Epoch: 1100 lr: 0.001 train_loss: 33470.0938 train_distortion: 4.7731 train_mapscore: 0.6855 train_c: -1.0185 train_max_dist: 32.4570 train_imax: -0.0000 train_imin: -19.7898 time: 1.6204s
INFO:root:Epoch: 1105 lr: 0.001 train_loss: 33464.2266 train_distortion: 4.7815 train_mapscore: 0.6859 train_c: -1.0181 train_max_dist: 32.4590 train_imax: -0.0000 train_imin: -19.7819 time: 3.0669s
INFO:root:Epoch: 1110 lr: 0.001 train_loss: 33457.8594 train_distortion: 4.7896 train_mapscore: 0.6853 train_c: -1.0176 train_max_dist: 32.4873 train_imax: -0.0000 train_imin: -19.8570 time: 1.6154s
INFO:root:Epoch: 1115 lr: 0.001 train_loss: 33452.2266 train_distortion: 4.7977 train_mapscore: 0.6859 train_c: -1.0172 train_max_dist: 32.4795 train_imax: -0.0000 train_imin: -19.8956 time: 2.8604s
INFO:root:Epoch: 1120 lr: 0.001 train_loss: 33446.0586 train_distortion: 4.8054 train_mapscore: 0.6857 train_c: -1.0168 train_max_dist: 32.5059 train_imax: -0.0000 train_imin: -19.9715 time: 1.6505s
INFO:root:Epoch: 1125 lr: 0.001 train_loss: 33440.3633 train_distortion: 4.8132 train_mapscore: 0.6858 train_c: -1.0164 train_max_dist: 32.5127 train_imax: -0.0000 train_imin: -19.9563 time: 2.9200s
INFO:root:Epoch: 1130 lr: 0.001 train_loss: 33434.2656 train_distortion: 4.8208 train_mapscore: 0.6865 train_c: -1.0159 train_max_dist: 32.5273 train_imax: -0.0000 train_imin: -19.9928 time: 1.6237s
INFO:root:Epoch: 1135 lr: 0.001 train_loss: 33428.5078 train_distortion: 4.8286 train_mapscore: 0.6864 train_c: -1.0155 train_max_dist: 32.5488 train_imax: -0.0000 train_imin: -20.0690 time: 2.9091s
INFO:root:Epoch: 1140 lr: 0.001 train_loss: 33422.7656 train_distortion: 4.8356 train_mapscore: 0.6864 train_c: -1.0151 train_max_dist: 32.5605 train_imax: -0.0000 train_imin: -20.1387 time: 1.6247s
INFO:root:Epoch: 1145 lr: 0.001 train_loss: 33417.1250 train_distortion: 4.8442 train_mapscore: 0.6865 train_c: -1.0146 train_max_dist: 32.5713 train_imax: -0.0000 train_imin: -20.1093 time: 2.8428s
INFO:root:Epoch: 1150 lr: 0.001 train_loss: 33410.8906 train_distortion: 4.8510 train_mapscore: 0.6866 train_c: -1.0142 train_max_dist: 32.5879 train_imax: -0.0000 train_imin: -20.1863 time: 1.6226s
INFO:root:Epoch: 1155 lr: 0.001 train_loss: 33405.1914 train_distortion: 4.8582 train_mapscore: 0.6867 train_c: -1.0138 train_max_dist: 32.5859 train_imax: -0.0000 train_imin: -20.1970 time: 2.8487s
INFO:root:Epoch: 1160 lr: 0.001 train_loss: 33399.2227 train_distortion: 4.8657 train_mapscore: 0.6868 train_c: -1.0134 train_max_dist: 32.5996 train_imax: -0.0000 train_imin: -20.2223 time: 1.6254s
INFO:root:Epoch: 1165 lr: 0.001 train_loss: 33393.3828 train_distortion: 4.8735 train_mapscore: 0.6868 train_c: -1.0129 train_max_dist: 32.6211 train_imax: -0.0000 train_imin: -20.3327 time: 2.9041s
INFO:root:Epoch: 1170 lr: 0.001 train_loss: 33388.1953 train_distortion: 4.8802 train_mapscore: 0.6868 train_c: -1.0125 train_max_dist: 32.6279 train_imax: -0.0000 train_imin: -20.3682 time: 1.6420s
INFO:root:Epoch: 1175 lr: 0.001 train_loss: 33382.0781 train_distortion: 4.8868 train_mapscore: 0.6870 train_c: -1.0120 train_max_dist: 32.6455 train_imax: -0.0000 train_imin: -20.3973 time: 2.8737s
INFO:root:Epoch: 1180 lr: 0.001 train_loss: 33376.0703 train_distortion: 4.8942 train_mapscore: 0.6867 train_c: -1.0116 train_max_dist: 32.6592 train_imax: -0.0000 train_imin: -20.4305 time: 1.6187s
INFO:root:Epoch: 1185 lr: 0.001 train_loss: 33370.4297 train_distortion: 4.9016 train_mapscore: 0.6872 train_c: -1.0112 train_max_dist: 32.6621 train_imax: -0.0000 train_imin: -20.4479 time: 2.9384s
INFO:root:Epoch: 1190 lr: 0.001 train_loss: 33365.3164 train_distortion: 4.9084 train_mapscore: 0.6871 train_c: -1.0107 train_max_dist: 32.6758 train_imax: -0.0000 train_imin: -20.5334 time: 1.6437s
INFO:root:Epoch: 1195 lr: 0.001 train_loss: 33359.1250 train_distortion: 4.9157 train_mapscore: 0.6871 train_c: -1.0103 train_max_dist: 32.6904 train_imax: -0.0000 train_imin: -20.5650 time: 2.8506s
INFO:root:Epoch: 1200 lr: 0.001 train_loss: 33353.5469 train_distortion: 4.9227 train_mapscore: 0.6871 train_c: -1.0099 train_max_dist: 32.6963 train_imax: -0.0000 train_imin: -20.6033 time: 1.6312s
INFO:root:Epoch: 1205 lr: 0.001 train_loss: 33347.9141 train_distortion: 4.9290 train_mapscore: 0.6873 train_c: -1.0094 train_max_dist: 32.7207 train_imax: -0.0000 train_imin: -20.6510 time: 2.9041s
INFO:root:Epoch: 1210 lr: 0.001 train_loss: 33342.3984 train_distortion: 4.9364 train_mapscore: 0.6872 train_c: -1.0090 train_max_dist: 32.7227 train_imax: -0.0000 train_imin: -20.7696 time: 1.6601s
INFO:root:Epoch: 1215 lr: 0.001 train_loss: 33336.7109 train_distortion: 4.9425 train_mapscore: 0.6874 train_c: -1.0085 train_max_dist: 32.7256 train_imax: -0.0000 train_imin: -20.7169 time: 2.8922s
INFO:root:Epoch: 1220 lr: 0.001 train_loss: 33331.0938 train_distortion: 4.9503 train_mapscore: 0.6873 train_c: -1.0081 train_max_dist: 32.7539 train_imax: -0.0000 train_imin: -20.8043 time: 1.6303s
INFO:root:Epoch: 1225 lr: 0.001 train_loss: 33325.4102 train_distortion: 4.9567 train_mapscore: 0.6874 train_c: -1.0077 train_max_dist: 32.7490 train_imax: -0.0000 train_imin: -20.8517 time: 2.8535s
INFO:root:Epoch: 1230 lr: 0.001 train_loss: 33320.0234 train_distortion: 4.9631 train_mapscore: 0.6874 train_c: -1.0072 train_max_dist: 32.7676 train_imax: -0.0000 train_imin: -20.8662 time: 1.6163s
INFO:root:Epoch: 1235 lr: 0.001 train_loss: 33314.1719 train_distortion: 4.9711 train_mapscore: 0.6874 train_c: -1.0068 train_max_dist: 32.7705 train_imax: -0.0000 train_imin: -20.9192 time: 2.9094s
INFO:root:Epoch: 1240 lr: 0.001 train_loss: 33308.6211 train_distortion: 4.9775 train_mapscore: 0.6875 train_c: -1.0063 train_max_dist: 32.7793 train_imax: -0.0000 train_imin: -20.9093 time: 1.6352s
INFO:root:Epoch: 1245 lr: 0.001 train_loss: 33302.8906 train_distortion: 4.9841 train_mapscore: 0.6874 train_c: -1.0059 train_max_dist: 32.7910 train_imax: -0.0000 train_imin: -21.0216 time: 2.8001s
INFO:root:Epoch: 1250 lr: 0.001 train_loss: 33297.4102 train_distortion: 4.9907 train_mapscore: 0.6876 train_c: -1.0054 train_max_dist: 32.8066 train_imax: -0.0000 train_imin: -21.0464 time: 1.6626s
INFO:root:Epoch: 1255 lr: 0.001 train_loss: 33291.9609 train_distortion: 4.9967 train_mapscore: 0.6877 train_c: -1.0050 train_max_dist: 32.8066 train_imax: -0.0000 train_imin: -21.1066 time: 2.8736s
INFO:root:Epoch: 1260 lr: 0.001 train_loss: 33286.5078 train_distortion: 5.0037 train_mapscore: 0.6877 train_c: -1.0045 train_max_dist: 32.8164 train_imax: -0.0000 train_imin: -21.1734 time: 1.6506s
INFO:root:Epoch: 1265 lr: 0.001 train_loss: 33280.6523 train_distortion: 5.0105 train_mapscore: 0.6875 train_c: -1.0041 train_max_dist: 32.8291 train_imax: -0.0000 train_imin: -21.1924 time: 2.9112s
INFO:root:Epoch: 1270 lr: 0.001 train_loss: 33275.1016 train_distortion: 5.0166 train_mapscore: 0.6877 train_c: -1.0036 train_max_dist: 32.8350 train_imax: -0.0000 train_imin: -21.1919 time: 1.6291s
INFO:root:Epoch: 1275 lr: 0.001 train_loss: 33269.8125 train_distortion: 5.0222 train_mapscore: 0.6876 train_c: -1.0032 train_max_dist: 32.8379 train_imax: -0.0000 train_imin: -21.2984 time: 2.8741s
INFO:root:Epoch: 1280 lr: 0.001 train_loss: 33263.9062 train_distortion: 5.0286 train_mapscore: 0.6879 train_c: -1.0027 train_max_dist: 32.8604 train_imax: -0.0000 train_imin: -21.3393 time: 1.6263s
INFO:root:Epoch: 1285 lr: 0.001 train_loss: 33258.5898 train_distortion: 5.0356 train_mapscore: 0.6880 train_c: -1.0023 train_max_dist: 32.8564 train_imax: -0.0000 train_imin: -21.3624 time: 2.8223s
INFO:root:Epoch: 1290 lr: 0.001 train_loss: 33253.0078 train_distortion: 5.0408 train_mapscore: 0.6881 train_c: -1.0018 train_max_dist: 32.8691 train_imax: -0.0000 train_imin: -21.4023 time: 1.6626s
INFO:root:Epoch: 1295 lr: 0.001 train_loss: 33247.3477 train_distortion: 5.0479 train_mapscore: 0.6880 train_c: -1.0014 train_max_dist: 32.8730 train_imax: -0.0000 train_imin: -21.4953 time: 2.8965s
INFO:root:Epoch: 1300 lr: 0.001 train_loss: 33241.9531 train_distortion: 5.0542 train_mapscore: 0.6882 train_c: -1.0009 train_max_dist: 32.8857 train_imax: -0.0000 train_imin: -21.5003 time: 1.6271s
INFO:root:Epoch: 1305 lr: 0.001 train_loss: 33236.5547 train_distortion: 5.0597 train_mapscore: 0.6882 train_c: -1.0005 train_max_dist: 32.8945 train_imax: -0.0000 train_imin: -21.5307 time: 2.8540s
INFO:root:Epoch: 1310 lr: 0.001 train_loss: 33230.9609 train_distortion: 5.0656 train_mapscore: 0.6882 train_c: -1.0000 train_max_dist: 32.9004 train_imax: -0.0000 train_imin: -21.6001 time: 1.6265s
INFO:root:Epoch: 1315 lr: 0.001 train_loss: 33225.2734 train_distortion: 5.0720 train_mapscore: 0.6883 train_c: -0.9996 train_max_dist: 32.9062 train_imax: -0.0000 train_imin: -21.7028 time: 2.9057s
INFO:root:Epoch: 1320 lr: 0.001 train_loss: 33220.0586 train_distortion: 5.0777 train_mapscore: 0.6882 train_c: -0.9991 train_max_dist: 32.9170 train_imax: -0.0000 train_imin: -21.6404 time: 1.6232s
INFO:root:Epoch: 1325 lr: 0.001 train_loss: 33214.1250 train_distortion: 5.0843 train_mapscore: 0.6884 train_c: -0.9987 train_max_dist: 32.9346 train_imax: -0.0000 train_imin: -21.8661 time: 2.8352s
INFO:root:Epoch: 1330 lr: 0.001 train_loss: 33208.4375 train_distortion: 5.0895 train_mapscore: 0.6884 train_c: -0.9982 train_max_dist: 32.9219 train_imax: -0.0000 train_imin: -21.7761 time: 1.6611s
INFO:root:Epoch: 1335 lr: 0.001 train_loss: 33203.2227 train_distortion: 5.0955 train_mapscore: 0.6886 train_c: -0.9978 train_max_dist: 32.9424 train_imax: -0.0000 train_imin: -21.8220 time: 2.9233s
INFO:root:Epoch: 1340 lr: 0.001 train_loss: 33197.7031 train_distortion: 5.1012 train_mapscore: 0.6886 train_c: -0.9973 train_max_dist: 32.9375 train_imax: -0.0000 train_imin: -21.9391 time: 1.6301s
INFO:root:Epoch: 1345 lr: 0.001 train_loss: 33192.0508 train_distortion: 5.1072 train_mapscore: 0.6886 train_c: -0.9969 train_max_dist: 32.9639 train_imax: -0.0000 train_imin: -22.0415 time: 2.9116s
INFO:root:Epoch: 1350 lr: 0.001 train_loss: 33186.4062 train_distortion: 5.1131 train_mapscore: 0.6887 train_c: -0.9964 train_max_dist: 32.9492 train_imax: -0.0000 train_imin: -22.0550 time: 1.6250s
INFO:root:Epoch: 1355 lr: 0.001 train_loss: 33181.4141 train_distortion: 5.1192 train_mapscore: 0.6887 train_c: -0.9960 train_max_dist: 32.9678 train_imax: -0.0000 train_imin: -22.1257 time: 2.9154s
INFO:root:Epoch: 1360 lr: 0.001 train_loss: 33175.2422 train_distortion: 5.1237 train_mapscore: 0.6887 train_c: -0.9955 train_max_dist: 32.9785 train_imax: -0.0000 train_imin: -22.1326 time: 1.6054s
INFO:root:Epoch: 1365 lr: 0.001 train_loss: 33169.8438 train_distortion: 5.1297 train_mapscore: 0.6885 train_c: -0.9950 train_max_dist: 32.9785 train_imax: -0.0000 train_imin: -22.1652 time: 2.9088s
INFO:root:Epoch: 1370 lr: 0.001 train_loss: 33164.2656 train_distortion: 5.1353 train_mapscore: 0.6890 train_c: -0.9946 train_max_dist: 32.9990 train_imax: -0.0000 train_imin: -22.2566 time: 1.6197s
INFO:root:Epoch: 1375 lr: 0.001 train_loss: 33158.6797 train_distortion: 5.1408 train_mapscore: 0.6889 train_c: -0.9941 train_max_dist: 32.9980 train_imax: -0.0000 train_imin: -22.2425 time: 2.8521s
INFO:root:Epoch: 1380 lr: 0.001 train_loss: 33153.3047 train_distortion: 5.1469 train_mapscore: 0.6889 train_c: -0.9937 train_max_dist: 33.0010 train_imax: -0.0000 train_imin: -22.3628 time: 1.6202s
INFO:root:Epoch: 1385 lr: 0.001 train_loss: 33147.6133 train_distortion: 5.1523 train_mapscore: 0.6890 train_c: -0.9932 train_max_dist: 33.0127 train_imax: -0.0000 train_imin: -22.4121 time: 2.9286s
INFO:root:Epoch: 1390 lr: 0.001 train_loss: 33142.0625 train_distortion: 5.1568 train_mapscore: 0.6891 train_c: -0.9927 train_max_dist: 33.0186 train_imax: -0.0000 train_imin: -22.4531 time: 1.6255s
INFO:root:Epoch: 1395 lr: 0.001 train_loss: 33136.6836 train_distortion: 5.1628 train_mapscore: 0.6890 train_c: -0.9923 train_max_dist: 33.0303 train_imax: -0.0000 train_imin: -22.4666 time: 2.8550s
INFO:root:Epoch: 1400 lr: 0.001 train_loss: 33131.0000 train_distortion: 5.1671 train_mapscore: 0.6892 train_c: -0.9918 train_max_dist: 33.0205 train_imax: -0.0000 train_imin: -22.5265 time: 1.6219s
INFO:root:Epoch: 1405 lr: 0.001 train_loss: 33125.2969 train_distortion: 5.1731 train_mapscore: 0.6890 train_c: -0.9914 train_max_dist: 33.0361 train_imax: -0.0000 train_imin: -22.6058 time: 2.9222s
INFO:root:Epoch: 1410 lr: 0.001 train_loss: 33119.7344 train_distortion: 5.1770 train_mapscore: 0.6891 train_c: -0.9909 train_max_dist: 33.0371 train_imax: -0.0000 train_imin: -22.6906 time: 1.6131s
INFO:root:Epoch: 1415 lr: 0.001 train_loss: 33113.8672 train_distortion: 5.1821 train_mapscore: 0.6892 train_c: -0.9904 train_max_dist: 33.0439 train_imax: -0.0000 train_imin: -22.7543 time: 2.8688s
INFO:root:Epoch: 1420 lr: 0.001 train_loss: 33108.6094 train_distortion: 5.1876 train_mapscore: 0.6894 train_c: -0.9900 train_max_dist: 33.0508 train_imax: -0.0000 train_imin: -22.7427 time: 1.6569s
INFO:root:Epoch: 1425 lr: 0.001 train_loss: 33102.9336 train_distortion: 5.1929 train_mapscore: 0.6893 train_c: -0.9895 train_max_dist: 33.0654 train_imax: -0.0000 train_imin: -22.8868 time: 2.8385s
INFO:root:Epoch: 1430 lr: 0.001 train_loss: 33097.2656 train_distortion: 5.1957 train_mapscore: 0.6893 train_c: -0.9891 train_max_dist: 33.0547 train_imax: -0.0000 train_imin: -22.8471 time: 1.6229s
INFO:root:Epoch: 1435 lr: 0.001 train_loss: 33092.1719 train_distortion: 5.2018 train_mapscore: 0.6897 train_c: -0.9886 train_max_dist: 33.0732 train_imax: -0.0000 train_imin: -23.0449 time: 2.8747s
INFO:root:Epoch: 1440 lr: 0.001 train_loss: 33086.1875 train_distortion: 5.2067 train_mapscore: 0.6896 train_c: -0.9881 train_max_dist: 33.0732 train_imax: -0.0000 train_imin: -23.0149 time: 1.6267s
INFO:root:Epoch: 1445 lr: 0.001 train_loss: 33080.9648 train_distortion: 5.2112 train_mapscore: 0.6896 train_c: -0.9877 train_max_dist: 33.0879 train_imax: -0.0000 train_imin: -23.0831 time: 2.8812s
INFO:root:Epoch: 1450 lr: 0.001 train_loss: 33075.4141 train_distortion: 5.2171 train_mapscore: 0.6894 train_c: -0.9872 train_max_dist: 33.0742 train_imax: -0.0000 train_imin: -23.1081 time: 1.6242s
INFO:root:Epoch: 1455 lr: 0.001 train_loss: 33069.7422 train_distortion: 5.2210 train_mapscore: 0.6896 train_c: -0.9867 train_max_dist: 33.0898 train_imax: -0.0000 train_imin: -23.2194 time: 2.8245s
INFO:root:Epoch: 1460 lr: 0.001 train_loss: 33064.1680 train_distortion: 5.2264 train_mapscore: 0.6898 train_c: -0.9863 train_max_dist: 33.0732 train_imax: -0.0000 train_imin: -23.2219 time: 1.6444s
INFO:root:Epoch: 1465 lr: 0.001 train_loss: 33058.3594 train_distortion: 5.2311 train_mapscore: 0.6897 train_c: -0.9858 train_max_dist: 33.0879 train_imax: -0.0000 train_imin: -23.2900 time: 2.9168s
INFO:root:Epoch: 1470 lr: 0.001 train_loss: 33052.7891 train_distortion: 5.2353 train_mapscore: 0.6898 train_c: -0.9854 train_max_dist: 33.0967 train_imax: -0.0000 train_imin: -23.3960 time: 1.6237s
INFO:root:Epoch: 1475 lr: 0.001 train_loss: 33047.3203 train_distortion: 5.2404 train_mapscore: 0.6899 train_c: -0.9849 train_max_dist: 33.0938 train_imax: -0.0000 train_imin: -23.4444 time: 2.9219s
INFO:root:Epoch: 1480 lr: 0.001 train_loss: 33041.7891 train_distortion: 5.2451 train_mapscore: 0.6898 train_c: -0.9844 train_max_dist: 33.0996 train_imax: -0.0000 train_imin: -23.4920 time: 1.6311s
INFO:root:Epoch: 1485 lr: 0.001 train_loss: 33036.2461 train_distortion: 5.2486 train_mapscore: 0.6901 train_c: -0.9840 train_max_dist: 33.0938 train_imax: -0.0000 train_imin: -23.4753 time: 2.8870s
INFO:root:Epoch: 1490 lr: 0.001 train_loss: 33030.6250 train_distortion: 5.2543 train_mapscore: 0.6901 train_c: -0.9835 train_max_dist: 33.1162 train_imax: -0.0000 train_imin: -23.5914 time: 1.6205s
INFO:root:Epoch: 1495 lr: 0.001 train_loss: 33024.8438 train_distortion: 5.2590 train_mapscore: 0.6901 train_c: -0.9830 train_max_dist: 33.1113 train_imax: -0.0000 train_imin: -23.5904 time: 2.8133s
INFO:root:Epoch: 1500 lr: 0.001 train_loss: 33019.5156 train_distortion: 5.2633 train_mapscore: 0.6903 train_c: -0.9826 train_max_dist: 33.1133 train_imax: -0.0000 train_imin: -23.7596 time: 1.6264s
INFO:root:Epoch: 1505 lr: 0.001 train_loss: 33013.9609 train_distortion: 5.2663 train_mapscore: 0.6901 train_c: -0.9821 train_max_dist: 33.1162 train_imax: -0.0000 train_imin: -23.6801 time: 2.9046s
INFO:root:Epoch: 1510 lr: 0.001 train_loss: 33008.5312 train_distortion: 5.2720 train_mapscore: 0.6903 train_c: -0.9816 train_max_dist: 33.1191 train_imax: -0.0000 train_imin: -23.7612 time: 1.6284s
INFO:root:Epoch: 1515 lr: 0.001 train_loss: 33002.8984 train_distortion: 5.2760 train_mapscore: 0.6905 train_c: -0.9811 train_max_dist: 33.1240 train_imax: -0.0000 train_imin: -23.8425 time: 2.8756s
INFO:root:Epoch: 1520 lr: 0.001 train_loss: 32997.6719 train_distortion: 5.2800 train_mapscore: 0.6905 train_c: -0.9807 train_max_dist: 33.1250 train_imax: -0.0000 train_imin: -23.8591 time: 1.6240s
INFO:root:Epoch: 1525 lr: 0.001 train_loss: 32992.1680 train_distortion: 5.2851 train_mapscore: 0.6904 train_c: -0.9802 train_max_dist: 33.1328 train_imax: -0.0000 train_imin: -23.8769 time: 2.8626s
INFO:root:Epoch: 1530 lr: 0.001 train_loss: 32986.8242 train_distortion: 5.2889 train_mapscore: 0.6906 train_c: -0.9797 train_max_dist: 33.1309 train_imax: -0.0000 train_imin: -23.8933 time: 1.6227s
INFO:root:Epoch: 1535 lr: 0.001 train_loss: 32981.4414 train_distortion: 5.2932 train_mapscore: 0.6906 train_c: -0.9793 train_max_dist: 33.1318 train_imax: -0.0000 train_imin: -23.9621 time: 2.8109s
INFO:root:Epoch: 1540 lr: 0.001 train_loss: 32975.5508 train_distortion: 5.2974 train_mapscore: 0.6909 train_c: -0.9788 train_max_dist: 33.1484 train_imax: -0.0000 train_imin: -24.0489 time: 1.6139s
INFO:root:Epoch: 1545 lr: 0.001 train_loss: 32970.3828 train_distortion: 5.3017 train_mapscore: 0.6907 train_c: -0.9783 train_max_dist: 33.1494 train_imax: -0.0000 train_imin: -24.0463 time: 2.9293s
INFO:root:Epoch: 1550 lr: 0.001 train_loss: 32965.0156 train_distortion: 5.3051 train_mapscore: 0.6908 train_c: -0.9779 train_max_dist: 33.1348 train_imax: -0.0000 train_imin: -24.1060 time: 1.6529s
INFO:root:Epoch: 1555 lr: 0.001 train_loss: 32959.3906 train_distortion: 5.3089 train_mapscore: 0.6908 train_c: -0.9774 train_max_dist: 33.1582 train_imax: -0.0000 train_imin: -24.1588 time: 2.8944s
INFO:root:Epoch: 1560 lr: 0.001 train_loss: 32954.2227 train_distortion: 5.3131 train_mapscore: 0.6912 train_c: -0.9769 train_max_dist: 33.1523 train_imax: -0.0000 train_imin: -24.1791 time: 1.6265s
INFO:root:Epoch: 1565 lr: 0.001 train_loss: 32948.8984 train_distortion: 5.3177 train_mapscore: 0.6911 train_c: -0.9765 train_max_dist: 33.1494 train_imax: -0.0000 train_imin: -24.2037 time: 2.8052s
INFO:root:Epoch: 1570 lr: 0.001 train_loss: 32943.4375 train_distortion: 5.3224 train_mapscore: 0.6913 train_c: -0.9760 train_max_dist: 33.1582 train_imax: -0.0000 train_imin: -24.2348 time: 1.6197s
INFO:root:Epoch: 1575 lr: 0.001 train_loss: 32938.1758 train_distortion: 5.3245 train_mapscore: 0.6915 train_c: -0.9755 train_max_dist: 33.1543 train_imax: -0.0000 train_imin: -24.2493 time: 2.9225s
INFO:root:Epoch: 1580 lr: 0.001 train_loss: 32933.0156 train_distortion: 5.3272 train_mapscore: 0.6915 train_c: -0.9750 train_max_dist: 33.1582 train_imax: -0.0000 train_imin: -24.2354 time: 1.6252s
INFO:root:Epoch: 1585 lr: 0.001 train_loss: 32927.7266 train_distortion: 5.3318 train_mapscore: 0.6913 train_c: -0.9746 train_max_dist: 33.1611 train_imax: -0.0000 train_imin: -24.2834 time: 2.9113s
INFO:root:Epoch: 1590 lr: 0.001 train_loss: 32922.0703 train_distortion: 5.3359 train_mapscore: 0.6910 train_c: -0.9741 train_max_dist: 33.1611 train_imax: -0.0000 train_imin: -24.2628 time: 1.6522s
INFO:root:Epoch: 1595 lr: 0.001 train_loss: 32916.9258 train_distortion: 5.3397 train_mapscore: 0.6918 train_c: -0.9736 train_max_dist: 33.1592 train_imax: -0.0000 train_imin: -24.2801 time: 2.8191s
INFO:root:Epoch: 1600 lr: 0.001 train_loss: 32911.6758 train_distortion: 5.3425 train_mapscore: 0.6912 train_c: -0.9731 train_max_dist: 33.1641 train_imax: -0.0000 train_imin: -24.2922 time: 1.6279s
INFO:root:Epoch: 1605 lr: 0.001 train_loss: 32906.5312 train_distortion: 5.3467 train_mapscore: 0.6913 train_c: -0.9727 train_max_dist: 33.1543 train_imax: -0.0000 train_imin: -24.2849 time: 2.8771s
INFO:root:Epoch: 1610 lr: 0.001 train_loss: 32901.3516 train_distortion: 5.3509 train_mapscore: 0.6917 train_c: -0.9722 train_max_dist: 33.1602 train_imax: -0.0000 train_imin: -24.3562 time: 1.6317s
INFO:root:Epoch: 1615 lr: 0.001 train_loss: 32896.0391 train_distortion: 5.3539 train_mapscore: 0.6916 train_c: -0.9717 train_max_dist: 33.1641 train_imax: -0.0000 train_imin: -24.3488 time: 2.9027s
INFO:root:Epoch: 1620 lr: 0.001 train_loss: 32891.0820 train_distortion: 5.3572 train_mapscore: 0.6917 train_c: -0.9712 train_max_dist: 33.1660 train_imax: -0.0000 train_imin: -24.3866 time: 1.6421s
INFO:root:Epoch: 1625 lr: 0.001 train_loss: 32885.1953 train_distortion: 5.3617 train_mapscore: 0.6918 train_c: -0.9708 train_max_dist: 33.1660 train_imax: -0.0000 train_imin: -24.4208 time: 2.9204s
INFO:root:Epoch: 1630 lr: 0.001 train_loss: 32880.6562 train_distortion: 5.3639 train_mapscore: 0.6916 train_c: -0.9703 train_max_dist: 33.1631 train_imax: -0.0000 train_imin: -24.3721 time: 1.6446s
INFO:root:Epoch: 1635 lr: 0.001 train_loss: 32875.3203 train_distortion: 5.3686 train_mapscore: 0.6919 train_c: -0.9698 train_max_dist: 33.1729 train_imax: -0.0000 train_imin: -24.4924 time: 2.9045s
INFO:root:Epoch: 1640 lr: 0.001 train_loss: 32869.8477 train_distortion: 5.3720 train_mapscore: 0.6917 train_c: -0.9693 train_max_dist: 33.1689 train_imax: -0.0000 train_imin: -24.4401 time: 1.6355s
INFO:root:Epoch: 1645 lr: 0.001 train_loss: 32864.6523 train_distortion: 5.3750 train_mapscore: 0.6921 train_c: -0.9689 train_max_dist: 33.1660 train_imax: -0.0000 train_imin: -24.4454 time: 2.8879s
INFO:root:Epoch: 1650 lr: 0.001 train_loss: 32859.6953 train_distortion: 5.3786 train_mapscore: 0.6921 train_c: -0.9684 train_max_dist: 33.1758 train_imax: -0.0000 train_imin: -24.5285 time: 1.6261s
INFO:root:Epoch: 1655 lr: 0.001 train_loss: 32854.5000 train_distortion: 5.3818 train_mapscore: 0.6920 train_c: -0.9679 train_max_dist: 33.1709 train_imax: -0.0000 train_imin: -24.4541 time: 2.8496s
INFO:root:Epoch: 1660 lr: 0.001 train_loss: 32849.2383 train_distortion: 5.3840 train_mapscore: 0.6920 train_c: -0.9674 train_max_dist: 33.1689 train_imax: -0.0000 train_imin: -24.4698 time: 1.6252s
INFO:root:Epoch: 1665 lr: 0.001 train_loss: 32843.9844 train_distortion: 5.3884 train_mapscore: 0.6919 train_c: -0.9670 train_max_dist: 33.1836 train_imax: -0.0000 train_imin: -24.5309 time: 2.8613s
INFO:root:Epoch: 1670 lr: 0.001 train_loss: 32839.2344 train_distortion: 5.3915 train_mapscore: 0.6923 train_c: -0.9665 train_max_dist: 33.1758 train_imax: -0.0000 train_imin: -24.4982 time: 1.6139s
INFO:root:Epoch: 1675 lr: 0.001 train_loss: 32834.2422 train_distortion: 5.3944 train_mapscore: 0.6924 train_c: -0.9660 train_max_dist: 33.1602 train_imax: -0.0000 train_imin: -24.4677 time: 2.8889s
INFO:root:Epoch: 1680 lr: 0.001 train_loss: 32828.9492 train_distortion: 5.3966 train_mapscore: 0.6920 train_c: -0.9655 train_max_dist: 33.1885 train_imax: -0.0000 train_imin: -24.5667 time: 1.6275s
INFO:root:Epoch: 1685 lr: 0.001 train_loss: 32823.7383 train_distortion: 5.4018 train_mapscore: 0.6921 train_c: -0.9651 train_max_dist: 33.1758 train_imax: -0.0000 train_imin: -24.5343 time: 2.9648s
INFO:root:Epoch: 1690 lr: 0.001 train_loss: 32818.8789 train_distortion: 5.4039 train_mapscore: 0.6926 train_c: -0.9646 train_max_dist: 33.1670 train_imax: -0.0000 train_imin: -24.5154 time: 1.6231s
INFO:root:Epoch: 1695 lr: 0.001 train_loss: 32813.9844 train_distortion: 5.4071 train_mapscore: 0.6923 train_c: -0.9641 train_max_dist: 33.1768 train_imax: -0.0000 train_imin: -24.6500 time: 2.9065s
INFO:root:Epoch: 1700 lr: 0.001 train_loss: 32808.5859 train_distortion: 5.4106 train_mapscore: 0.6924 train_c: -0.9636 train_max_dist: 33.1729 train_imax: -0.0000 train_imin: -24.6017 time: 1.6184s
INFO:root:Epoch: 1705 lr: 0.001 train_loss: 32803.3672 train_distortion: 5.4131 train_mapscore: 0.6930 train_c: -0.9631 train_max_dist: 33.1836 train_imax: -0.0000 train_imin: -24.6825 time: 2.8982s
INFO:root:Epoch: 1710 lr: 0.001 train_loss: 32798.4375 train_distortion: 5.4168 train_mapscore: 0.6929 train_c: -0.9627 train_max_dist: 33.1768 train_imax: -0.0000 train_imin: -24.6137 time: 1.6250s
INFO:root:Epoch: 1715 lr: 0.001 train_loss: 32793.4883 train_distortion: 5.4204 train_mapscore: 0.6925 train_c: -0.9622 train_max_dist: 33.1709 train_imax: -0.0000 train_imin: -24.5957 time: 2.9206s
INFO:root:Epoch: 1720 lr: 0.001 train_loss: 32788.5430 train_distortion: 5.4215 train_mapscore: 0.6929 train_c: -0.9617 train_max_dist: 33.1660 train_imax: -0.0000 train_imin: -24.5416 time: 1.6487s
INFO:root:Epoch: 1725 lr: 0.001 train_loss: 32783.3438 train_distortion: 5.4246 train_mapscore: 0.6930 train_c: -0.9612 train_max_dist: 33.1738 train_imax: -0.0000 train_imin: -24.6686 time: 2.8952s
INFO:root:Epoch: 1730 lr: 0.001 train_loss: 32778.5938 train_distortion: 5.4283 train_mapscore: 0.6932 train_c: -0.9608 train_max_dist: 33.1621 train_imax: -0.0000 train_imin: -24.6476 time: 1.6249s
INFO:root:Epoch: 1735 lr: 0.001 train_loss: 32773.5234 train_distortion: 5.4308 train_mapscore: 0.6931 train_c: -0.9603 train_max_dist: 33.1719 train_imax: -0.0000 train_imin: -24.7058 time: 2.9020s
INFO:root:Epoch: 1740 lr: 0.001 train_loss: 32768.1016 train_distortion: 5.4331 train_mapscore: 0.6933 train_c: -0.9598 train_max_dist: 33.1611 train_imax: -0.0000 train_imin: -24.6128 time: 1.6211s
INFO:root:Epoch: 1745 lr: 0.001 train_loss: 32762.9551 train_distortion: 5.4374 train_mapscore: 0.6931 train_c: -0.9593 train_max_dist: 33.1699 train_imax: -0.0000 train_imin: -24.7507 time: 2.9186s
INFO:root:Epoch: 1750 lr: 0.001 train_loss: 32758.1504 train_distortion: 5.4389 train_mapscore: 0.6933 train_c: -0.9588 train_max_dist: 33.1504 train_imax: -0.0000 train_imin: -24.6751 time: 1.6151s
INFO:root:Epoch: 1755 lr: 0.001 train_loss: 32753.0078 train_distortion: 5.4411 train_mapscore: 0.6931 train_c: -0.9584 train_max_dist: 33.1504 train_imax: -0.0000 train_imin: -24.6884 time: 2.8568s
INFO:root:Epoch: 1760 lr: 0.001 train_loss: 32748.1953 train_distortion: 5.4431 train_mapscore: 0.6937 train_c: -0.9579 train_max_dist: 33.1484 train_imax: -0.0000 train_imin: -24.7227 time: 1.6464s
INFO:root:Epoch: 1765 lr: 0.001 train_loss: 32742.7598 train_distortion: 5.4472 train_mapscore: 0.6931 train_c: -0.9574 train_max_dist: 33.1514 train_imax: -0.0000 train_imin: -24.7479 time: 2.9165s
INFO:root:Epoch: 1770 lr: 0.001 train_loss: 32737.9258 train_distortion: 5.4497 train_mapscore: 0.6939 train_c: -0.9569 train_max_dist: 33.1426 train_imax: -0.0000 train_imin: -24.7970 time: 1.6383s
INFO:root:Epoch: 1775 lr: 0.001 train_loss: 32732.8086 train_distortion: 5.4509 train_mapscore: 0.6938 train_c: -0.9564 train_max_dist: 33.1377 train_imax: -0.0000 train_imin: -24.7277 time: 2.8993s
INFO:root:Epoch: 1780 lr: 0.001 train_loss: 32728.0977 train_distortion: 5.4536 train_mapscore: 0.6941 train_c: -0.9560 train_max_dist: 33.1338 train_imax: -0.0000 train_imin: -24.7496 time: 1.6310s
INFO:root:Epoch: 1785 lr: 0.001 train_loss: 32722.9004 train_distortion: 5.4568 train_mapscore: 0.6936 train_c: -0.9555 train_max_dist: 33.1367 train_imax: -0.0000 train_imin: -24.7055 time: 2.8886s
INFO:root:Epoch: 1790 lr: 0.001 train_loss: 32718.0527 train_distortion: 5.4588 train_mapscore: 0.6937 train_c: -0.9550 train_max_dist: 33.1260 train_imax: -0.0000 train_imin: -24.7358 time: 1.6238s
INFO:root:Epoch: 1795 lr: 0.001 train_loss: 32713.0547 train_distortion: 5.4614 train_mapscore: 0.6938 train_c: -0.9545 train_max_dist: 33.1260 train_imax: -0.0000 train_imin: -24.7603 time: 2.8656s
INFO:root:Epoch: 1800 lr: 0.001 train_loss: 32707.8633 train_distortion: 5.4641 train_mapscore: 0.6937 train_c: -0.9540 train_max_dist: 33.1240 train_imax: -0.0000 train_imin: -24.7850 time: 1.6552s
INFO:root:Epoch: 1805 lr: 0.001 train_loss: 32702.8359 train_distortion: 5.4660 train_mapscore: 0.6941 train_c: -0.9535 train_max_dist: 33.1123 train_imax: -0.0000 train_imin: -24.8323 time: 2.9100s
INFO:root:Epoch: 1810 lr: 0.001 train_loss: 32698.0000 train_distortion: 5.4691 train_mapscore: 0.6941 train_c: -0.9531 train_max_dist: 33.1152 train_imax: -0.0000 train_imin: -24.8238 time: 1.6283s
INFO:root:Epoch: 1815 lr: 0.001 train_loss: 32692.7461 train_distortion: 5.4716 train_mapscore: 0.6939 train_c: -0.9526 train_max_dist: 33.1133 train_imax: -0.0000 train_imin: -24.8242 time: 2.8350s
INFO:root:Epoch: 1820 lr: 0.001 train_loss: 32687.4629 train_distortion: 5.4747 train_mapscore: 0.6940 train_c: -0.9521 train_max_dist: 33.1064 train_imax: -0.0000 train_imin: -24.8115 time: 1.6301s
INFO:root:Epoch: 1825 lr: 0.001 train_loss: 32682.6602 train_distortion: 5.4767 train_mapscore: 0.6942 train_c: -0.9516 train_max_dist: 33.1016 train_imax: -0.0000 train_imin: -24.8489 time: 2.8642s
INFO:root:Epoch: 1830 lr: 0.001 train_loss: 32677.5566 train_distortion: 5.4797 train_mapscore: 0.6949 train_c: -0.9511 train_max_dist: 33.0928 train_imax: -0.0000 train_imin: -24.8454 time: 1.6154s
INFO:root:Epoch: 1835 lr: 0.001 train_loss: 32673.0938 train_distortion: 5.4796 train_mapscore: 0.6944 train_c: -0.9507 train_max_dist: 33.0889 train_imax: -0.0000 train_imin: -24.8846 time: 2.8307s
INFO:root:Epoch: 1840 lr: 0.001 train_loss: 32667.6543 train_distortion: 5.4829 train_mapscore: 0.6945 train_c: -0.9502 train_max_dist: 33.0811 train_imax: -0.0000 train_imin: -24.8468 time: 1.6674s
INFO:root:Epoch: 1845 lr: 0.001 train_loss: 32662.8125 train_distortion: 5.4853 train_mapscore: 0.6941 train_c: -0.9497 train_max_dist: 33.0713 train_imax: -0.0000 train_imin: -24.8724 time: 2.9069s
INFO:root:Epoch: 1850 lr: 0.001 train_loss: 32657.6699 train_distortion: 5.4871 train_mapscore: 0.6946 train_c: -0.9492 train_max_dist: 33.0693 train_imax: -0.0000 train_imin: -24.9010 time: 1.6287s
INFO:root:Epoch: 1855 lr: 0.001 train_loss: 32652.5781 train_distortion: 5.4894 train_mapscore: 0.6947 train_c: -0.9487 train_max_dist: 33.0615 train_imax: -0.0000 train_imin: -24.8883 time: 2.8665s
INFO:root:Epoch: 1860 lr: 0.001 train_loss: 32647.8242 train_distortion: 5.4913 train_mapscore: 0.6944 train_c: -0.9482 train_max_dist: 33.0605 train_imax: -0.0000 train_imin: -24.9242 time: 1.6773s
INFO:root:Epoch: 1865 lr: 0.001 train_loss: 32642.8125 train_distortion: 5.4932 train_mapscore: 0.6946 train_c: -0.9478 train_max_dist: 33.0508 train_imax: -0.0000 train_imin: -24.8894 time: 2.8602s
INFO:root:Epoch: 1870 lr: 0.001 train_loss: 32637.6016 train_distortion: 5.4950 train_mapscore: 0.6949 train_c: -0.9473 train_max_dist: 33.0557 train_imax: -0.0000 train_imin: -24.9224 time: 1.6237s
INFO:root:Epoch: 1875 lr: 0.001 train_loss: 32632.8223 train_distortion: 5.4974 train_mapscore: 0.6950 train_c: -0.9468 train_max_dist: 33.0342 train_imax: -0.0000 train_imin: -24.8887 time: 2.9106s
INFO:root:Epoch: 1880 lr: 0.001 train_loss: 32627.4922 train_distortion: 5.5004 train_mapscore: 0.6947 train_c: -0.9463 train_max_dist: 33.0312 train_imax: -0.0000 train_imin: -24.9337 time: 1.6204s
INFO:root:Epoch: 1885 lr: 0.001 train_loss: 32622.8340 train_distortion: 5.5020 train_mapscore: 0.6949 train_c: -0.9458 train_max_dist: 33.0205 train_imax: -0.0000 train_imin: -24.8632 time: 2.8793s
INFO:root:Epoch: 1890 lr: 0.001 train_loss: 32617.8477 train_distortion: 5.5043 train_mapscore: 0.6946 train_c: -0.9453 train_max_dist: 33.0244 train_imax: -0.0000 train_imin: -24.9235 time: 1.6286s
INFO:root:Epoch: 1895 lr: 0.001 train_loss: 32612.7441 train_distortion: 5.5061 train_mapscore: 0.6951 train_c: -0.9449 train_max_dist: 33.0127 train_imax: -0.0000 train_imin: -24.9134 time: 2.8429s
INFO:root:Epoch: 1900 lr: 0.001 train_loss: 32608.2188 train_distortion: 5.5067 train_mapscore: 0.6952 train_c: -0.9444 train_max_dist: 33.0137 train_imax: -0.0000 train_imin: -24.9698 time: 1.6432s
INFO:root:Epoch: 1905 lr: 0.001 train_loss: 32603.0840 train_distortion: 5.5099 train_mapscore: 0.6955 train_c: -0.9439 train_max_dist: 33.0020 train_imax: -0.0000 train_imin: -24.9649 time: 2.9092s
INFO:root:Epoch: 1910 lr: 0.001 train_loss: 32598.2266 train_distortion: 5.5112 train_mapscore: 0.6949 train_c: -0.9434 train_max_dist: 32.9980 train_imax: -0.0000 train_imin: -24.9612 time: 1.6282s
INFO:root:Epoch: 1915 lr: 0.001 train_loss: 32593.0391 train_distortion: 5.5135 train_mapscore: 0.6948 train_c: -0.9429 train_max_dist: 32.9893 train_imax: -0.0000 train_imin: -24.9804 time: 2.9068s
INFO:root:Epoch: 1920 lr: 0.001 train_loss: 32588.4316 train_distortion: 5.5165 train_mapscore: 0.6956 train_c: -0.9424 train_max_dist: 32.9805 train_imax: -0.0000 train_imin: -24.9596 time: 1.6234s
INFO:root:Epoch: 1925 lr: 0.001 train_loss: 32583.5273 train_distortion: 5.5173 train_mapscore: 0.6956 train_c: -0.9419 train_max_dist: 32.9609 train_imax: -0.0000 train_imin: -24.8849 time: 2.8293s
INFO:root:Epoch: 1930 lr: 0.001 train_loss: 32578.2891 train_distortion: 5.5197 train_mapscore: 0.6957 train_c: -0.9415 train_max_dist: 32.9619 train_imax: -0.0000 train_imin: -24.9364 time: 1.6386s
INFO:root:Epoch: 1935 lr: 0.001 train_loss: 32573.5137 train_distortion: 5.5212 train_mapscore: 0.6957 train_c: -0.9410 train_max_dist: 32.9551 train_imax: -0.0000 train_imin: -24.9459 time: 2.9153s
INFO:root:Epoch: 1940 lr: 0.001 train_loss: 32568.8047 train_distortion: 5.5228 train_mapscore: 0.6957 train_c: -0.9405 train_max_dist: 32.9541 train_imax: -0.0000 train_imin: -25.0423 time: 1.6239s
INFO:root:Epoch: 1945 lr: 0.001 train_loss: 32563.9141 train_distortion: 5.5240 train_mapscore: 0.6957 train_c: -0.9400 train_max_dist: 32.9277 train_imax: -0.0000 train_imin: -24.9373 time: 2.8561s
INFO:root:Epoch: 1950 lr: 0.001 train_loss: 32558.8477 train_distortion: 5.5266 train_mapscore: 0.6961 train_c: -0.9395 train_max_dist: 32.9297 train_imax: -0.0000 train_imin: -25.0084 time: 1.6496s
INFO:root:Epoch: 1955 lr: 0.001 train_loss: 32553.8555 train_distortion: 5.5271 train_mapscore: 0.6955 train_c: -0.9390 train_max_dist: 32.9219 train_imax: -0.0000 train_imin: -24.9778 time: 2.8452s
INFO:root:Epoch: 1960 lr: 0.001 train_loss: 32548.8633 train_distortion: 5.5297 train_mapscore: 0.6958 train_c: -0.9386 train_max_dist: 32.9189 train_imax: -0.0000 train_imin: -25.0221 time: 1.6390s
INFO:root:Epoch: 1965 lr: 0.001 train_loss: 32544.1328 train_distortion: 5.5311 train_mapscore: 0.6960 train_c: -0.9381 train_max_dist: 32.8984 train_imax: -0.0000 train_imin: -24.9955 time: 2.8021s
INFO:root:Epoch: 1970 lr: 0.001 train_loss: 32539.1133 train_distortion: 5.5330 train_mapscore: 0.6961 train_c: -0.9376 train_max_dist: 32.8867 train_imax: -0.0000 train_imin: -24.9940 time: 1.6530s
INFO:root:Epoch: 1975 lr: 0.001 train_loss: 32534.0469 train_distortion: 5.5353 train_mapscore: 0.6958 train_c: -0.9371 train_max_dist: 32.8848 train_imax: -0.0000 train_imin: -25.0075 time: 2.9405s
INFO:root:Epoch: 1980 lr: 0.001 train_loss: 32529.5273 train_distortion: 5.5358 train_mapscore: 0.6962 train_c: -0.9366 train_max_dist: 32.8701 train_imax: -0.0000 train_imin: -24.9328 time: 1.6344s
INFO:root:Epoch: 1985 lr: 0.001 train_loss: 32524.5273 train_distortion: 5.5388 train_mapscore: 0.6966 train_c: -0.9361 train_max_dist: 32.8633 train_imax: -0.0000 train_imin: -25.0025 time: 2.8869s
INFO:root:Epoch: 1990 lr: 0.001 train_loss: 32519.4492 train_distortion: 5.5402 train_mapscore: 0.6964 train_c: -0.9356 train_max_dist: 32.8662 train_imax: -0.0000 train_imin: -24.9960 time: 1.6282s
INFO:root:Epoch: 1995 lr: 0.001 train_loss: 32514.7441 train_distortion: 5.5419 train_mapscore: 0.6963 train_c: -0.9352 train_max_dist: 32.8457 train_imax: -0.0000 train_imin: -25.0412 time: 2.8966s
INFO:root:Epoch: 2000 lr: 0.00025 train_loss: 32509.6484 train_distortion: 5.5428 train_mapscore: 0.6961 train_c: -0.9347 train_max_dist: 32.8398 train_imax: -0.0000 train_imin: -25.0236 time: 1.6247s
INFO:root:Optimization Finished!
INFO:root:Total time elapsed: 4430.1073s
INFO:root:Val set results: val_distortion: 1.0000 val_mapscore: -1.0000 val_c: -1.0000 val_max_dist: 0.0000
INFO:root:Test set results: test_loss: 32508.7598 test_distortion: 5.5434 test_mapscore: 0.6963 test_c: -0.9346 test_max_dist: 32.8369 test_imax: -0.0000 test_imin: -24.9827
INFO:root:Saved model in /workspace/xiongbo/hgcn/logs/md/2021_4_30/99
