INFO:root:Using: cuda:0
INFO:root:Using seed 1234.
INFO:root:MDModel(
  (encoder): HGCN(
    (layers): Sequential(
      (0): HyperbolicGraphConvolution(
        (linear): HypLinear(
          in_features=3032, out_features=10, c=Parameter containing:
          tensor([-1.], requires_grad=True)
        )
        (agg): HypAgg(
          c=Parameter containing:
          tensor([-1.], requires_grad=True)
        )
        (hyp_act): HypAct(
          c_in=Parameter containing:
          tensor([-1.], requires_grad=True), c_out=Parameter containing:
          tensor([-1.], requires_grad=True)
        )
      )
    )
  )
  (decoder): MDDecoder()
)
INFO:root:Total number of parameters: 30332
/workspace/anaconda3/envs/geo/lib/python3.7/site-packages/torch/optim/lr_scheduler.py:370: UserWarning: To get the last learning rate computed by the scheduler, please use `get_last_lr()`.
  "please use `get_last_lr()`.", UserWarning)
INFO:root:Epoch: 0005 lr: 0.01 train_loss: 96986.9219 train_distortion: 0.6311 train_mapscore: 0.1801 train_c: -1.0004 train_max_dist: 2.6195 train_imax: -0.0000 train_imin: -0.9994 time: 3.1193s
INFO:root:Epoch: 0010 lr: 0.01 train_loss: 94621.9453 train_distortion: 0.6011 train_mapscore: 0.3029 train_c: -1.0008 train_max_dist: 3.3822 train_imax: -0.0000 train_imin: -1.0004 time: 1.8893s
INFO:root:Epoch: 0015 lr: 0.01 train_loss: 93613.3125 train_distortion: 0.5874 train_mapscore: 0.3613 train_c: -1.0014 train_max_dist: 3.9210 train_imax: 0.0023 train_imin: -1.0012 time: 3.3044s
INFO:root:Epoch: 0020 lr: 0.01 train_loss: 92869.0625 train_distortion: 0.5765 train_mapscore: 0.3919 train_c: -1.0019 train_max_dist: 4.3613 train_imax: 0.0738 train_imin: -1.0017 time: 2.4228s
INFO:root:Epoch: 0025 lr: 0.01 train_loss: 92867.4453 train_distortion: 0.5677 train_mapscore: 0.3919 train_c: -1.0024 train_max_dist: 4.4576 train_imax: 0.0773 train_imin: -1.0023 time: 3.4910s
INFO:root:Epoch: 0030 lr: 0.01 train_loss: 92728.7188 train_distortion: 0.5606 train_mapscore: 0.3700 train_c: -1.0030 train_max_dist: 4.0149 train_imax: 0.0923 train_imin: -1.0029 time: 2.0980s
INFO:root:Epoch: 0035 lr: 0.01 train_loss: 92139.4688 train_distortion: 0.5540 train_mapscore: 0.3452 train_c: -1.0036 train_max_dist: 5.2822 train_imax: 0.0402 train_imin: -1.0035 time: 3.3349s
INFO:root:Epoch: 0040 lr: 0.01 train_loss: 92007.0469 train_distortion: 0.5486 train_mapscore: 0.3397 train_c: -1.0041 train_max_dist: 5.0857 train_imax: 0.0374 train_imin: -1.0040 time: 2.4797s
INFO:root:Epoch: 0045 lr: 0.01 train_loss: 91913.4219 train_distortion: 0.5429 train_mapscore: 0.3408 train_c: -1.0047 train_max_dist: 4.8312 train_imax: 0.0179 train_imin: -1.0046 time: 3.5041s
INFO:root:Epoch: 0050 lr: 0.01 train_loss: 92025.8047 train_distortion: 0.5395 train_mapscore: 0.3257 train_c: -1.0052 train_max_dist: 4.3850 train_imax: 0.0424 train_imin: -1.0052 time: 2.4259s
INFO:root:Epoch: 0055 lr: 0.01 train_loss: 91978.6484 train_distortion: 0.5365 train_mapscore: 0.3103 train_c: -1.0058 train_max_dist: 3.9389 train_imax: 0.0241 train_imin: -1.0057 time: 3.1330s
INFO:root:Epoch: 0060 lr: 0.01 train_loss: 91473.8906 train_distortion: 0.5324 train_mapscore: 0.3037 train_c: -1.0063 train_max_dist: 3.9461 train_imax: 0.0430 train_imin: -1.0062 time: 3.6982s
INFO:root:Epoch: 0065 lr: 0.01 train_loss: 91419.2500 train_distortion: 0.5286 train_mapscore: 0.3017 train_c: -1.0069 train_max_dist: 3.8992 train_imax: 0.1458 train_imin: -1.0069 time: 2.7788s
INFO:root:Epoch: 0070 lr: 0.01 train_loss: 91241.3281 train_distortion: 0.5254 train_mapscore: 0.3013 train_c: -1.0074 train_max_dist: 3.8504 train_imax: 0.1347 train_imin: -1.0074 time: 2.9907s
INFO:root:Epoch: 0075 lr: 0.01 train_loss: 91128.6484 train_distortion: 0.5226 train_mapscore: 0.2984 train_c: -1.0080 train_max_dist: 3.8282 train_imax: 0.1368 train_imin: -1.0080 time: 1.8837s
INFO:root:Epoch: 0080 lr: 0.01 train_loss: 90862.5703 train_distortion: 0.5199 train_mapscore: 0.2867 train_c: -1.0085 train_max_dist: 3.7619 train_imax: 0.1250 train_imin: -1.0085 time: 1.7950s
INFO:root:Epoch: 0085 lr: 0.01 train_loss: 91364.0000 train_distortion: 0.5187 train_mapscore: 0.2794 train_c: -1.0091 train_max_dist: 3.7331 train_imax: 0.2373 train_imin: -1.0091 time: 1.7342s
INFO:root:Epoch: 0090 lr: 0.01 train_loss: 90942.4844 train_distortion: 0.5163 train_mapscore: 0.2646 train_c: -1.0096 train_max_dist: 3.5742 train_imax: 0.0764 train_imin: -1.0096 time: 2.8451s
INFO:root:Epoch: 0095 lr: 0.01 train_loss: 90843.4062 train_distortion: 0.5146 train_mapscore: 0.2508 train_c: -1.0102 train_max_dist: 3.6522 train_imax: 0.0635 train_imin: -1.0101 time: 1.6861s
INFO:root:Epoch: 0100 lr: 0.01 train_loss: 90653.9531 train_distortion: 0.5126 train_mapscore: 0.2459 train_c: -1.0107 train_max_dist: 3.6729 train_imax: 0.0395 train_imin: -1.0107 time: 2.9910s
INFO:root:Epoch: 0105 lr: 0.01 train_loss: 90549.3828 train_distortion: 0.5105 train_mapscore: 0.2428 train_c: -1.0112 train_max_dist: 3.7043 train_imax: 0.0190 train_imin: -1.0112 time: 1.6632s
INFO:root:Epoch: 0110 lr: 0.01 train_loss: 90539.2656 train_distortion: 0.5088 train_mapscore: 0.2409 train_c: -1.0118 train_max_dist: 3.7252 train_imax: 0.0092 train_imin: -1.0118 time: 3.8321s
INFO:root:Epoch: 0115 lr: 0.01 train_loss: 90446.7656 train_distortion: 0.5075 train_mapscore: 0.2367 train_c: -1.0123 train_max_dist: 3.7135 train_imax: -0.0000 train_imin: -1.0123 time: 1.7383s
INFO:root:Epoch: 0120 lr: 0.01 train_loss: 90416.5781 train_distortion: 0.5062 train_mapscore: 0.2274 train_c: -1.0129 train_max_dist: 3.6589 train_imax: -0.0000 train_imin: -1.0129 time: 3.4626s
INFO:root:Epoch: 0125 lr: 0.01 train_loss: 90352.8281 train_distortion: 0.5049 train_mapscore: 0.2229 train_c: -1.0134 train_max_dist: 3.6694 train_imax: 0.0192 train_imin: -1.0134 time: 2.6885s
INFO:root:Epoch: 0130 lr: 0.01 train_loss: 90262.5234 train_distortion: 0.5036 train_mapscore: 0.2192 train_c: -1.0139 train_max_dist: 3.6395 train_imax: -0.0000 train_imin: -1.0139 time: 3.2959s
INFO:root:Epoch: 0135 lr: 0.01 train_loss: 90322.6875 train_distortion: 0.5029 train_mapscore: 0.2150 train_c: -1.0145 train_max_dist: 3.6415 train_imax: -0.0000 train_imin: -1.0145 time: 2.1903s
INFO:root:Epoch: 0140 lr: 0.01 train_loss: 90235.1328 train_distortion: 0.5019 train_mapscore: 0.2049 train_c: -1.0150 train_max_dist: 3.6161 train_imax: -0.0000 train_imin: -1.0150 time: 3.2893s
INFO:root:Epoch: 0145 lr: 0.01 train_loss: 90309.6094 train_distortion: 0.5013 train_mapscore: 0.1991 train_c: -1.0156 train_max_dist: 3.5676 train_imax: -0.0000 train_imin: -1.0155 time: 1.7747s
INFO:root:Epoch: 0150 lr: 0.01 train_loss: 90214.8594 train_distortion: 0.5002 train_mapscore: 0.1944 train_c: -1.0161 train_max_dist: 3.6171 train_imax: -0.0000 train_imin: -1.0161 time: 1.6713s
INFO:root:Epoch: 0155 lr: 0.01 train_loss: 90154.9062 train_distortion: 0.4993 train_mapscore: 0.1881 train_c: -1.0166 train_max_dist: 3.5659 train_imax: -0.0000 train_imin: -1.0166 time: 3.1642s
INFO:root:Epoch: 0160 lr: 0.01 train_loss: 90108.5781 train_distortion: 0.4982 train_mapscore: 0.1844 train_c: -1.0172 train_max_dist: 3.4766 train_imax: -0.0000 train_imin: -1.0171 time: 2.8221s
INFO:root:Epoch: 0165 lr: 0.01 train_loss: 90068.9062 train_distortion: 0.4972 train_mapscore: 0.1775 train_c: -1.0177 train_max_dist: 3.4241 train_imax: -0.0000 train_imin: -1.0177 time: 3.4456s
INFO:root:Epoch: 0170 lr: 0.01 train_loss: 90034.9297 train_distortion: 0.4963 train_mapscore: 0.1730 train_c: -1.0182 train_max_dist: 3.3669 train_imax: -0.0000 train_imin: -1.0182 time: 1.9608s
INFO:root:Epoch: 0175 lr: 0.01 train_loss: 90003.9375 train_distortion: 0.4954 train_mapscore: 0.1722 train_c: -1.0187 train_max_dist: 3.4113 train_imax: -0.0000 train_imin: -1.0187 time: 2.0443s
INFO:root:Epoch: 0180 lr: 0.01 train_loss: 89974.6406 train_distortion: 0.4947 train_mapscore: 0.1678 train_c: -1.0193 train_max_dist: 3.4181 train_imax: -0.0000 train_imin: -1.0193 time: 3.5613s
INFO:root:Epoch: 0185 lr: 0.01 train_loss: 89992.1406 train_distortion: 0.4943 train_mapscore: 0.1493 train_c: -1.0198 train_max_dist: 3.9963 train_imax: -0.0000 train_imin: -1.0198 time: 3.3026s
INFO:root:Epoch: 0190 lr: 0.01 train_loss: 89967.2500 train_distortion: 0.4937 train_mapscore: 0.1459 train_c: -1.0203 train_max_dist: 3.7225 train_imax: -0.0000 train_imin: -1.0203 time: 2.5182s
INFO:root:Epoch: 0195 lr: 0.01 train_loss: 89933.0781 train_distortion: 0.4928 train_mapscore: 0.1434 train_c: -1.0208 train_max_dist: 3.5152 train_imax: -0.0000 train_imin: -1.0208 time: 3.4691s
INFO:root:Epoch: 0200 lr: 0.01 train_loss: 89902.2344 train_distortion: 0.4921 train_mapscore: 0.1386 train_c: -1.0214 train_max_dist: 3.5091 train_imax: -0.0000 train_imin: -1.0214 time: 3.7402s
INFO:root:Epoch: 0205 lr: 0.01 train_loss: 89877.1641 train_distortion: 0.4915 train_mapscore: 0.1370 train_c: -1.0219 train_max_dist: 3.5039 train_imax: -0.0000 train_imin: -1.0219 time: 2.5743s
INFO:root:Epoch: 0210 lr: 0.01 train_loss: 89852.7344 train_distortion: 0.4909 train_mapscore: 0.1371 train_c: -1.0224 train_max_dist: 3.5444 train_imax: -0.0000 train_imin: -1.0224 time: 2.5744s
INFO:root:Epoch: 0215 lr: 0.01 train_loss: 90006.4062 train_distortion: 0.4906 train_mapscore: 0.1327 train_c: -1.0229 train_max_dist: 3.5335 train_imax: 0.0585 train_imin: -1.0229 time: 2.6359s
INFO:root:Epoch: 0220 lr: 0.01 train_loss: 89844.3828 train_distortion: 0.4899 train_mapscore: 0.1241 train_c: -1.0235 train_max_dist: 3.4511 train_imax: 0.0162 train_imin: -1.0235 time: 3.5731s
INFO:root:Epoch: 0225 lr: 0.01 train_loss: 89823.5312 train_distortion: 0.4892 train_mapscore: 0.1236 train_c: -1.0240 train_max_dist: 3.5857 train_imax: 0.0182 train_imin: -1.0240 time: 1.7099s
INFO:root:Epoch: 0230 lr: 0.01 train_loss: 89796.9688 train_distortion: 0.4888 train_mapscore: 0.1219 train_c: -1.0245 train_max_dist: 3.5294 train_imax: -0.0000 train_imin: -1.0245 time: 3.5416s
INFO:root:Epoch: 0235 lr: 0.01 train_loss: 89775.6406 train_distortion: 0.4886 train_mapscore: 0.1205 train_c: -1.0250 train_max_dist: 3.5582 train_imax: -0.0000 train_imin: -1.0250 time: 3.3545s
INFO:root:Epoch: 0240 lr: 0.01 train_loss: 89757.2812 train_distortion: 0.4883 train_mapscore: 0.1199 train_c: -1.0255 train_max_dist: 3.5329 train_imax: -0.0000 train_imin: -1.0255 time: 1.6465s
INFO:root:Epoch: 0245 lr: 0.01 train_loss: 89741.3125 train_distortion: 0.4879 train_mapscore: 0.1213 train_c: -1.0261 train_max_dist: 3.5170 train_imax: -0.0000 train_imin: -1.0261 time: 2.7770s
INFO:root:Epoch: 0250 lr: 0.01 train_loss: 89725.8438 train_distortion: 0.4875 train_mapscore: 0.1256 train_c: -1.0266 train_max_dist: 3.5025 train_imax: -0.0000 train_imin: -1.0266 time: 2.3551s
INFO:root:Epoch: 0255 lr: 0.01 train_loss: 89711.4219 train_distortion: 0.4872 train_mapscore: 0.1230 train_c: -1.0271 train_max_dist: 3.4834 train_imax: -0.0000 train_imin: -1.0271 time: 1.7476s
INFO:root:Epoch: 0260 lr: 0.01 train_loss: 89702.8203 train_distortion: 0.4868 train_mapscore: 0.1210 train_c: -1.0276 train_max_dist: 3.4313 train_imax: -0.0000 train_imin: -1.0276 time: 3.5287s
INFO:root:Epoch: 0265 lr: 0.01 train_loss: 89689.7344 train_distortion: 0.4864 train_mapscore: 0.1232 train_c: -1.0281 train_max_dist: 3.5199 train_imax: -0.0000 train_imin: -1.0281 time: 2.5879s
INFO:root:Epoch: 0270 lr: 0.01 train_loss: 89676.2812 train_distortion: 0.4861 train_mapscore: 0.1238 train_c: -1.0287 train_max_dist: 3.4707 train_imax: -0.0000 train_imin: -1.0287 time: 3.5582s
INFO:root:Epoch: 0275 lr: 0.01 train_loss: 89663.9375 train_distortion: 0.4859 train_mapscore: 0.1220 train_c: -1.0292 train_max_dist: 3.4943 train_imax: -0.0000 train_imin: -1.0292 time: 3.4491s
INFO:root:Epoch: 0280 lr: 0.01 train_loss: 89814.3281 train_distortion: 0.4858 train_mapscore: 0.1188 train_c: -1.0297 train_max_dist: 3.4735 train_imax: -0.0000 train_imin: -1.0297 time: 3.1236s
INFO:root:Epoch: 0285 lr: 0.01 train_loss: 89739.6250 train_distortion: 0.4855 train_mapscore: 0.1057 train_c: -1.0302 train_max_dist: 3.3743 train_imax: -0.0000 train_imin: -1.0302 time: 2.4645s
INFO:root:Epoch: 0290 lr: 0.01 train_loss: 89959.1797 train_distortion: 0.4849 train_mapscore: 0.1030 train_c: -1.0307 train_max_dist: 4.0679 train_imax: -0.0000 train_imin: -1.0307 time: 3.6964s
INFO:root:Epoch: 0295 lr: 0.01 train_loss: 89925.4141 train_distortion: 0.4844 train_mapscore: 0.1071 train_c: -1.0312 train_max_dist: 3.4478 train_imax: -0.0000 train_imin: -1.0312 time: 2.8336s
INFO:root:Epoch: 0300 lr: 0.01 train_loss: 89900.1562 train_distortion: 0.4840 train_mapscore: 0.1069 train_c: -1.0317 train_max_dist: 3.3903 train_imax: -0.0000 train_imin: -1.0317 time: 2.7273s
INFO:root:Epoch: 0305 lr: 0.01 train_loss: 89880.2734 train_distortion: 0.4838 train_mapscore: 0.1106 train_c: -1.0323 train_max_dist: 3.4019 train_imax: -0.0000 train_imin: -1.0323 time: 1.7447s
INFO:root:Epoch: 0310 lr: 0.01 train_loss: 89862.0000 train_distortion: 0.4835 train_mapscore: 0.1109 train_c: -1.0328 train_max_dist: 3.3337 train_imax: -0.0000 train_imin: -1.0328 time: 3.6622s
INFO:root:Epoch: 0315 lr: 0.01 train_loss: 89846.6094 train_distortion: 0.4832 train_mapscore: 0.1118 train_c: -1.0333 train_max_dist: 3.3015 train_imax: -0.0000 train_imin: -1.0333 time: 2.9924s
INFO:root:Epoch: 0320 lr: 0.01 train_loss: 89832.8672 train_distortion: 0.4829 train_mapscore: 0.1113 train_c: -1.0338 train_max_dist: 3.2599 train_imax: -0.0000 train_imin: -1.0338 time: 3.0138s
INFO:root:Epoch: 0325 lr: 0.01 train_loss: 89820.9453 train_distortion: 0.4826 train_mapscore: 0.1176 train_c: -1.0343 train_max_dist: 3.2101 train_imax: -0.0000 train_imin: -1.0343 time: 1.7432s
INFO:root:Epoch: 0330 lr: 0.01 train_loss: 89808.1562 train_distortion: 0.4823 train_mapscore: 0.1214 train_c: -1.0348 train_max_dist: 3.1628 train_imax: -0.0000 train_imin: -1.0348 time: 3.2856s
INFO:root:Epoch: 0335 lr: 0.01 train_loss: 89795.9219 train_distortion: 0.4820 train_mapscore: 0.1193 train_c: -1.0353 train_max_dist: 3.1485 train_imax: -0.0000 train_imin: -1.0353 time: 1.9504s
INFO:root:Epoch: 0340 lr: 0.01 train_loss: 89784.5156 train_distortion: 0.4816 train_mapscore: 0.1186 train_c: -1.0358 train_max_dist: 3.1513 train_imax: -0.0000 train_imin: -1.0358 time: 3.1120s
INFO:root:Epoch: 0345 lr: 0.01 train_loss: 89774.0781 train_distortion: 0.4812 train_mapscore: 0.1197 train_c: -1.0364 train_max_dist: 3.1956 train_imax: -0.0000 train_imin: -1.0364 time: 3.6248s
INFO:root:Epoch: 0350 lr: 0.01 train_loss: 89762.1094 train_distortion: 0.4809 train_mapscore: 0.1206 train_c: -1.0369 train_max_dist: 3.1699 train_imax: -0.0000 train_imin: -1.0369 time: 2.9489s
INFO:root:Epoch: 0355 lr: 0.01 train_loss: 89750.9375 train_distortion: 0.4806 train_mapscore: 0.1197 train_c: -1.0374 train_max_dist: 3.1457 train_imax: -0.0000 train_imin: -1.0374 time: 3.8619s
INFO:root:Epoch: 0360 lr: 0.01 train_loss: 89741.2891 train_distortion: 0.4803 train_mapscore: 0.1207 train_c: -1.0379 train_max_dist: 3.1991 train_imax: -0.0000 train_imin: -1.0379 time: 2.5184s
INFO:root:Epoch: 0365 lr: 0.01 train_loss: 89730.8438 train_distortion: 0.4799 train_mapscore: 0.1198 train_c: -1.0384 train_max_dist: 3.1841 train_imax: -0.0000 train_imin: -1.0384 time: 3.4374s
INFO:root:Epoch: 0370 lr: 0.01 train_loss: 89719.8281 train_distortion: 0.4796 train_mapscore: 0.1231 train_c: -1.0389 train_max_dist: 3.1450 train_imax: -0.0000 train_imin: -1.0389 time: 1.7630s
INFO:root:Epoch: 0375 lr: 0.01 train_loss: 89709.2656 train_distortion: 0.4793 train_mapscore: 0.1217 train_c: -1.0394 train_max_dist: 3.1293 train_imax: -0.0000 train_imin: -1.0394 time: 3.2342s
INFO:root:Epoch: 0380 lr: 0.01 train_loss: 89896.2031 train_distortion: 0.4794 train_mapscore: 0.0947 train_c: -1.0399 train_max_dist: 3.1478 train_imax: -0.0000 train_imin: -1.0399 time: 1.7509s
INFO:root:Epoch: 0385 lr: 0.01 train_loss: 89820.6016 train_distortion: 0.4796 train_mapscore: 0.0911 train_c: -1.0404 train_max_dist: 3.0327 train_imax: -0.0000 train_imin: -1.0404 time: 3.3679s
INFO:root:Epoch: 0390 lr: 0.01 train_loss: 89789.8750 train_distortion: 0.4789 train_mapscore: 0.0920 train_c: -1.0409 train_max_dist: 4.6291 train_imax: -0.0000 train_imin: -1.0409 time: 3.4309s
INFO:root:Epoch: 0395 lr: 0.01 train_loss: 89988.1016 train_distortion: 0.4782 train_mapscore: 0.0946 train_c: -1.0414 train_max_dist: 3.6659 train_imax: -0.0000 train_imin: -1.0414 time: 1.9020s
INFO:root:Epoch: 0400 lr: 0.01 train_loss: 89955.1016 train_distortion: 0.4778 train_mapscore: 0.0984 train_c: -1.0419 train_max_dist: 3.1629 train_imax: -0.0000 train_imin: -1.0419 time: 3.6075s
INFO:root:Epoch: 0405 lr: 0.01 train_loss: 89929.7500 train_distortion: 0.4775 train_mapscore: 0.1001 train_c: -1.0425 train_max_dist: 3.1314 train_imax: -0.0000 train_imin: -1.0425 time: 2.7779s
INFO:root:Epoch: 0410 lr: 0.01 train_loss: 89908.9531 train_distortion: 0.4771 train_mapscore: 0.1005 train_c: -1.0430 train_max_dist: 3.1257 train_imax: -0.0000 train_imin: -1.0430 time: 2.6341s
INFO:root:Epoch: 0415 lr: 0.01 train_loss: 89891.7188 train_distortion: 0.4768 train_mapscore: 0.1048 train_c: -1.0435 train_max_dist: 3.1159 train_imax: -0.0000 train_imin: -1.0435 time: 3.6791s
INFO:root:Epoch: 0420 lr: 0.01 train_loss: 89876.7969 train_distortion: 0.4765 train_mapscore: 0.1068 train_c: -1.0440 train_max_dist: 3.1253 train_imax: -0.0000 train_imin: -1.0440 time: 2.5807s
INFO:root:Epoch: 0425 lr: 0.01 train_loss: 89863.3594 train_distortion: 0.4762 train_mapscore: 0.1069 train_c: -1.0445 train_max_dist: 3.1203 train_imax: -0.0000 train_imin: -1.0445 time: 3.5083s
INFO:root:Epoch: 0430 lr: 0.01 train_loss: 89851.0156 train_distortion: 0.4760 train_mapscore: 0.1096 train_c: -1.0450 train_max_dist: 3.1174 train_imax: -0.0000 train_imin: -1.0450 time: 2.5096s
INFO:root:Epoch: 0435 lr: 0.01 train_loss: 89839.3828 train_distortion: 0.4757 train_mapscore: 0.1114 train_c: -1.0455 train_max_dist: 3.1089 train_imax: -0.0000 train_imin: -1.0455 time: 3.3737s
INFO:root:Epoch: 0440 lr: 0.01 train_loss: 89828.5469 train_distortion: 0.4754 train_mapscore: 0.1153 train_c: -1.0460 train_max_dist: 3.0982 train_imax: -0.0000 train_imin: -1.0460 time: 2.0759s
INFO:root:Epoch: 0445 lr: 0.01 train_loss: 89817.5625 train_distortion: 0.4751 train_mapscore: 0.1165 train_c: -1.0465 train_max_dist: 3.0870 train_imax: -0.0000 train_imin: -1.0465 time: 3.5623s
INFO:root:Epoch: 0450 lr: 0.01 train_loss: 89807.0938 train_distortion: 0.4748 train_mapscore: 0.1150 train_c: -1.0470 train_max_dist: 3.0823 train_imax: -0.0000 train_imin: -1.0470 time: 2.4839s
INFO:root:Epoch: 0455 lr: 0.01 train_loss: 89796.4062 train_distortion: 0.4745 train_mapscore: 0.1159 train_c: -1.0475 train_max_dist: 3.0844 train_imax: -0.0000 train_imin: -1.0475 time: 3.2004s
INFO:root:Epoch: 0460 lr: 0.01 train_loss: 89785.7734 train_distortion: 0.4742 train_mapscore: 0.1141 train_c: -1.0480 train_max_dist: 3.0751 train_imax: -0.0000 train_imin: -1.0480 time: 2.3872s
INFO:root:Epoch: 0465 lr: 0.01 train_loss: 89775.0000 train_distortion: 0.4739 train_mapscore: 0.1164 train_c: -1.0485 train_max_dist: 3.0691 train_imax: -0.0000 train_imin: -1.0485 time: 1.8227s
INFO:root:Epoch: 0470 lr: 0.01 train_loss: 89764.0859 train_distortion: 0.4736 train_mapscore: 0.1143 train_c: -1.0490 train_max_dist: 3.0575 train_imax: -0.0000 train_imin: -1.0490 time: 3.4534s
INFO:root:Epoch: 0475 lr: 0.01 train_loss: 89753.1953 train_distortion: 0.4733 train_mapscore: 0.1142 train_c: -1.0495 train_max_dist: 3.0443 train_imax: -0.0000 train_imin: -1.0495 time: 3.6574s
INFO:root:Epoch: 0480 lr: 0.01 train_loss: 89742.5625 train_distortion: 0.4730 train_mapscore: 0.1150 train_c: -1.0500 train_max_dist: 3.0237 train_imax: -0.0000 train_imin: -1.0500 time: 2.2983s
INFO:root:Epoch: 0485 lr: 0.01 train_loss: 89732.4531 train_distortion: 0.4727 train_mapscore: 0.1102 train_c: -1.0505 train_max_dist: 3.0187 train_imax: -0.0000 train_imin: -1.0505 time: 3.5358s
INFO:root:Epoch: 0490 lr: 0.01 train_loss: 89721.9062 train_distortion: 0.4725 train_mapscore: 0.1116 train_c: -1.0510 train_max_dist: 3.0239 train_imax: -0.0000 train_imin: -1.0510 time: 2.0240s
INFO:root:Epoch: 0495 lr: 0.01 train_loss: 89714.2891 train_distortion: 0.4723 train_mapscore: 0.1090 train_c: -1.0515 train_max_dist: 3.0389 train_imax: -0.0000 train_imin: -1.0515 time: 3.5476s
INFO:root:Epoch: 0500 lr: 0.01 train_loss: 89834.1797 train_distortion: 0.4721 train_mapscore: 0.1048 train_c: -1.0520 train_max_dist: 3.0769 train_imax: -0.0000 train_imin: -1.0520 time: 2.2776s
INFO:root:Epoch: 0505 lr: 0.01 train_loss: 89821.5312 train_distortion: 0.4718 train_mapscore: 0.0990 train_c: -1.0525 train_max_dist: 3.0678 train_imax: -0.0000 train_imin: -1.0525 time: 2.5268s
INFO:root:Epoch: 0510 lr: 0.01 train_loss: 89809.7344 train_distortion: 0.4716 train_mapscore: 0.1021 train_c: -1.0530 train_max_dist: 3.0472 train_imax: -0.0000 train_imin: -1.0530 time: 3.0968s
INFO:root:Epoch: 0515 lr: 0.01 train_loss: 89798.4375 train_distortion: 0.4714 train_mapscore: 0.1055 train_c: -1.0535 train_max_dist: 3.0599 train_imax: -0.0000 train_imin: -1.0535 time: 2.1722s
INFO:root:Epoch: 0520 lr: 0.01 train_loss: 89790.0781 train_distortion: 0.4713 train_mapscore: 0.0996 train_c: -1.0540 train_max_dist: 3.0619 train_imax: -0.0000 train_imin: -1.0540 time: 1.8259s
INFO:root:Epoch: 0525 lr: 0.01 train_loss: 89779.5156 train_distortion: 0.4708 train_mapscore: 0.1028 train_c: -1.0545 train_max_dist: 3.0708 train_imax: -0.0000 train_imin: -1.0545 time: 3.4208s
INFO:root:Epoch: 0530 lr: 0.01 train_loss: 89768.3438 train_distortion: 0.4706 train_mapscore: 0.1020 train_c: -1.0550 train_max_dist: 3.0893 train_imax: -0.0000 train_imin: -1.0550 time: 2.1670s
INFO:root:Epoch: 0535 lr: 0.01 train_loss: 89757.5469 train_distortion: 0.4703 train_mapscore: 0.1008 train_c: -1.0555 train_max_dist: 3.0826 train_imax: -0.0000 train_imin: -1.0555 time: 1.9601s
INFO:root:Epoch: 0540 lr: 0.01 train_loss: 89748.9922 train_distortion: 0.4703 train_mapscore: 0.1025 train_c: -1.0560 train_max_dist: 3.0859 train_imax: -0.0000 train_imin: -1.0560 time: 1.9198s
INFO:root:Epoch: 0545 lr: 0.01 train_loss: 89739.6016 train_distortion: 0.4698 train_mapscore: 0.0956 train_c: -1.0565 train_max_dist: 3.1027 train_imax: -0.0000 train_imin: -1.0565 time: 1.9389s
INFO:root:Epoch: 0550 lr: 0.01 train_loss: 89728.7188 train_distortion: 0.4696 train_mapscore: 0.0975 train_c: -1.0570 train_max_dist: 3.1102 train_imax: -0.0000 train_imin: -1.0570 time: 1.9719s
INFO:root:Epoch: 0555 lr: 0.01 train_loss: 89718.4766 train_distortion: 0.4693 train_mapscore: 0.0957 train_c: -1.0575 train_max_dist: 3.0874 train_imax: -0.0000 train_imin: -1.0575 time: 2.1557s
INFO:root:Epoch: 0560 lr: 0.01 train_loss: 89708.6719 train_distortion: 0.4691 train_mapscore: 0.0996 train_c: -1.0580 train_max_dist: 3.1072 train_imax: -0.0000 train_imin: -1.0580 time: 1.7787s
INFO:root:Epoch: 0565 lr: 0.01 train_loss: 89699.6719 train_distortion: 0.4689 train_mapscore: 0.0947 train_c: -1.0585 train_max_dist: 3.1248 train_imax: -0.0000 train_imin: -1.0585 time: 2.5667s
INFO:root:Epoch: 0570 lr: 0.01 train_loss: 89685.7031 train_distortion: 0.4686 train_mapscore: 0.0943 train_c: -1.0590 train_max_dist: 3.1228 train_imax: -0.0000 train_imin: -1.0590 time: 3.2545s
INFO:root:Epoch: 0575 lr: 0.01 train_loss: 89657.6094 train_distortion: 0.4683 train_mapscore: 0.0870 train_c: -1.0595 train_max_dist: 3.1364 train_imax: -0.0000 train_imin: -1.0595 time: 1.9760s
INFO:root:Epoch: 0580 lr: 0.01 train_loss: 89735.5938 train_distortion: 0.4680 train_mapscore: 0.0754 train_c: -1.0600 train_max_dist: 3.1254 train_imax: -0.0000 train_imin: -1.0600 time: 1.6068s
INFO:root:Epoch: 0585 lr: 0.01 train_loss: 89668.9141 train_distortion: 0.4684 train_mapscore: 0.0800 train_c: -1.0605 train_max_dist: 3.0767 train_imax: -0.0000 train_imin: -1.0605 time: 2.2951s
INFO:root:Epoch: 0590 lr: 0.01 train_loss: 89630.6094 train_distortion: 0.4681 train_mapscore: 0.0788 train_c: -1.0610 train_max_dist: 3.1962 train_imax: -0.0000 train_imin: -1.0610 time: 3.1885s
INFO:root:Epoch: 0595 lr: 0.01 train_loss: 89604.0000 train_distortion: 0.4675 train_mapscore: 0.0829 train_c: -1.0615 train_max_dist: 3.2359 train_imax: -0.0000 train_imin: -1.0615 time: 2.9377s
INFO:root:Epoch: 0600 lr: 0.01 train_loss: 89582.2188 train_distortion: 0.4670 train_mapscore: 0.0841 train_c: -1.0620 train_max_dist: 3.2140 train_imax: -0.0000 train_imin: -1.0620 time: 1.9241s
INFO:root:Epoch: 0605 lr: 0.01 train_loss: 89564.1094 train_distortion: 0.4666 train_mapscore: 0.0907 train_c: -1.0625 train_max_dist: 3.2267 train_imax: -0.0000 train_imin: -1.0625 time: 1.7800s
INFO:root:Epoch: 0610 lr: 0.01 train_loss: 89548.9609 train_distortion: 0.4662 train_mapscore: 0.0922 train_c: -1.0630 train_max_dist: 3.2346 train_imax: -0.0000 train_imin: -1.0630 time: 3.3671s
INFO:root:Epoch: 0615 lr: 0.01 train_loss: 89536.1016 train_distortion: 0.4659 train_mapscore: 0.0935 train_c: -1.0635 train_max_dist: 3.2400 train_imax: -0.0000 train_imin: -1.0635 time: 3.0222s
INFO:root:Epoch: 0620 lr: 0.01 train_loss: 89524.4219 train_distortion: 0.4656 train_mapscore: 0.0972 train_c: -1.0640 train_max_dist: 3.2330 train_imax: -0.0000 train_imin: -1.0640 time: 2.2893s
INFO:root:Epoch: 0625 lr: 0.01 train_loss: 89513.7969 train_distortion: 0.4654 train_mapscore: 0.0967 train_c: -1.0645 train_max_dist: 3.2438 train_imax: -0.0000 train_imin: -1.0645 time: 1.8346s
INFO:root:Epoch: 0630 lr: 0.01 train_loss: 89503.8359 train_distortion: 0.4651 train_mapscore: 0.1014 train_c: -1.0650 train_max_dist: 3.2335 train_imax: -0.0000 train_imin: -1.0650 time: 3.2271s
INFO:root:Epoch: 0635 lr: 0.01 train_loss: 89494.2500 train_distortion: 0.4648 train_mapscore: 0.1034 train_c: -1.0655 train_max_dist: 3.2426 train_imax: -0.0000 train_imin: -1.0655 time: 2.9904s
INFO:root:Epoch: 0640 lr: 0.01 train_loss: 89484.9609 train_distortion: 0.4646 train_mapscore: 0.1033 train_c: -1.0660 train_max_dist: 3.2379 train_imax: -0.0000 train_imin: -1.0660 time: 3.2726s
INFO:root:Epoch: 0645 lr: 0.01 train_loss: 89475.9375 train_distortion: 0.4644 train_mapscore: 0.1065 train_c: -1.0665 train_max_dist: 3.2414 train_imax: -0.0000 train_imin: -1.0665 time: 3.0081s
INFO:root:Epoch: 0650 lr: 0.01 train_loss: 89467.1172 train_distortion: 0.4641 train_mapscore: 0.1033 train_c: -1.0670 train_max_dist: 3.2385 train_imax: -0.0000 train_imin: -1.0670 time: 2.3361s
INFO:root:Epoch: 0655 lr: 0.01 train_loss: 89458.2891 train_distortion: 0.4639 train_mapscore: 0.1014 train_c: -1.0675 train_max_dist: 3.2347 train_imax: -0.0000 train_imin: -1.0675 time: 3.1372s
INFO:root:Epoch: 0660 lr: 0.01 train_loss: 89449.4844 train_distortion: 0.4637 train_mapscore: 0.1005 train_c: -1.0680 train_max_dist: 3.2361 train_imax: -0.0000 train_imin: -1.0680 time: 2.0967s
INFO:root:Epoch: 0665 lr: 0.01 train_loss: 89440.8750 train_distortion: 0.4635 train_mapscore: 0.0989 train_c: -1.0685 train_max_dist: 3.2279 train_imax: -0.0000 train_imin: -1.0685 time: 3.3105s
INFO:root:Epoch: 0670 lr: 0.01 train_loss: 89432.2344 train_distortion: 0.4632 train_mapscore: 0.0997 train_c: -1.0690 train_max_dist: 3.2317 train_imax: -0.0000 train_imin: -1.0690 time: 2.3645s
INFO:root:Epoch: 0675 lr: 0.01 train_loss: 89423.5625 train_distortion: 0.4630 train_mapscore: 0.0981 train_c: -1.0695 train_max_dist: 3.2188 train_imax: -0.0000 train_imin: -1.0695 time: 3.2984s
INFO:root:Epoch: 0680 lr: 0.01 train_loss: 89415.0000 train_distortion: 0.4628 train_mapscore: 0.0983 train_c: -1.0700 train_max_dist: 3.2193 train_imax: -0.0000 train_imin: -1.0700 time: 2.3308s
INFO:root:Epoch: 0685 lr: 0.01 train_loss: 89406.4062 train_distortion: 0.4625 train_mapscore: 0.0983 train_c: -1.0705 train_max_dist: 3.2195 train_imax: -0.0000 train_imin: -1.0705 time: 3.2531s
INFO:root:Epoch: 0690 lr: 0.01 train_loss: 89397.8281 train_distortion: 0.4623 train_mapscore: 0.0983 train_c: -1.0711 train_max_dist: 3.2060 train_imax: -0.0000 train_imin: -1.0711 time: 2.3043s
INFO:root:Epoch: 0695 lr: 0.01 train_loss: 89389.2812 train_distortion: 0.4621 train_mapscore: 0.0988 train_c: -1.0716 train_max_dist: 3.2151 train_imax: -0.0000 train_imin: -1.0716 time: 3.2806s
INFO:root:Epoch: 0700 lr: 0.01 train_loss: 89380.7031 train_distortion: 0.4618 train_mapscore: 0.0972 train_c: -1.0721 train_max_dist: 3.2041 train_imax: -0.0000 train_imin: -1.0721 time: 2.2940s
INFO:root:Epoch: 0705 lr: 0.01 train_loss: 89372.1562 train_distortion: 0.4616 train_mapscore: 0.0999 train_c: -1.0726 train_max_dist: 3.1960 train_imax: -0.0000 train_imin: -1.0726 time: 3.2625s
INFO:root:Epoch: 0710 lr: 0.01 train_loss: 89363.5781 train_distortion: 0.4614 train_mapscore: 0.0993 train_c: -1.0731 train_max_dist: 3.1983 train_imax: -0.0000 train_imin: -1.0731 time: 2.3015s
INFO:root:Epoch: 0715 lr: 0.01 train_loss: 89355.1797 train_distortion: 0.4611 train_mapscore: 0.0991 train_c: -1.0736 train_max_dist: 3.1952 train_imax: -0.0000 train_imin: -1.0736 time: 3.2796s
INFO:root:Epoch: 0720 lr: 0.01 train_loss: 89346.6406 train_distortion: 0.4609 train_mapscore: 0.0994 train_c: -1.0741 train_max_dist: 3.1862 train_imax: -0.0000 train_imin: -1.0741 time: 2.3242s
INFO:root:Epoch: 0725 lr: 0.01 train_loss: 89338.0938 train_distortion: 0.4607 train_mapscore: 0.0977 train_c: -1.0746 train_max_dist: 3.1854 train_imax: -0.0000 train_imin: -1.0746 time: 3.2206s
INFO:root:Epoch: 0730 lr: 0.01 train_loss: 89329.5156 train_distortion: 0.4604 train_mapscore: 0.0980 train_c: -1.0751 train_max_dist: 3.1822 train_imax: -0.0000 train_imin: -1.0751 time: 2.2725s
INFO:root:Epoch: 0735 lr: 0.01 train_loss: 89321.0859 train_distortion: 0.4602 train_mapscore: 0.0977 train_c: -1.0756 train_max_dist: 3.1779 train_imax: -0.0000 train_imin: -1.0756 time: 3.2541s
INFO:root:Epoch: 0740 lr: 0.01 train_loss: 89312.5469 train_distortion: 0.4599 train_mapscore: 0.0952 train_c: -1.0761 train_max_dist: 3.1700 train_imax: -0.0000 train_imin: -1.0761 time: 2.3038s
INFO:root:Epoch: 0745 lr: 0.01 train_loss: 89303.9297 train_distortion: 0.4597 train_mapscore: 0.0970 train_c: -1.0766 train_max_dist: 3.1712 train_imax: -0.0000 train_imin: -1.0766 time: 3.2585s
INFO:root:Epoch: 0750 lr: 0.01 train_loss: 89295.3984 train_distortion: 0.4595 train_mapscore: 0.0963 train_c: -1.0771 train_max_dist: 3.1695 train_imax: -0.0000 train_imin: -1.0771 time: 2.3406s
INFO:root:Epoch: 0755 lr: 0.01 train_loss: 89286.9375 train_distortion: 0.4592 train_mapscore: 0.0961 train_c: -1.0776 train_max_dist: 3.1565 train_imax: -0.0000 train_imin: -1.0776 time: 3.2576s
INFO:root:Epoch: 0760 lr: 0.01 train_loss: 89278.3516 train_distortion: 0.4590 train_mapscore: 0.0985 train_c: -1.0781 train_max_dist: 3.1565 train_imax: -0.0000 train_imin: -1.0781 time: 2.3344s
INFO:root:Epoch: 0765 lr: 0.01 train_loss: 89269.8359 train_distortion: 0.4587 train_mapscore: 0.0990 train_c: -1.0786 train_max_dist: 3.1551 train_imax: -0.0000 train_imin: -1.0786 time: 3.2172s
INFO:root:Epoch: 0770 lr: 0.01 train_loss: 89261.2656 train_distortion: 0.4585 train_mapscore: 0.0970 train_c: -1.0791 train_max_dist: 3.1523 train_imax: -0.0000 train_imin: -1.0791 time: 2.3333s
INFO:root:Epoch: 0775 lr: 0.01 train_loss: 89252.7031 train_distortion: 0.4583 train_mapscore: 0.0981 train_c: -1.0796 train_max_dist: 3.1573 train_imax: -0.0000 train_imin: -1.0796 time: 3.2332s
INFO:root:Epoch: 0780 lr: 0.01 train_loss: 89244.0547 train_distortion: 0.4580 train_mapscore: 0.0986 train_c: -1.0801 train_max_dist: 3.1466 train_imax: -0.0000 train_imin: -1.0801 time: 2.3260s
INFO:root:Epoch: 0785 lr: 0.01 train_loss: 89235.3906 train_distortion: 0.4578 train_mapscore: 0.0970 train_c: -1.0806 train_max_dist: 3.1468 train_imax: -0.0000 train_imin: -1.0806 time: 3.2564s
INFO:root:Epoch: 0790 lr: 0.01 train_loss: 89226.6094 train_distortion: 0.4575 train_mapscore: 0.0966 train_c: -1.0811 train_max_dist: 3.1402 train_imax: -0.0000 train_imin: -1.0811 time: 2.3518s
INFO:root:Epoch: 0795 lr: 0.01 train_loss: 89217.8438 train_distortion: 0.4573 train_mapscore: 0.0969 train_c: -1.0816 train_max_dist: 3.1417 train_imax: -0.0000 train_imin: -1.0816 time: 3.2261s
INFO:root:Epoch: 0800 lr: 0.01 train_loss: 89208.9062 train_distortion: 0.4570 train_mapscore: 0.0972 train_c: -1.0821 train_max_dist: 3.1467 train_imax: -0.0000 train_imin: -1.0821 time: 2.3368s
INFO:root:Epoch: 0805 lr: 0.01 train_loss: 89199.8281 train_distortion: 0.4568 train_mapscore: 0.0954 train_c: -1.0826 train_max_dist: 3.1475 train_imax: -0.0000 train_imin: -1.0826 time: 3.2314s
INFO:root:Epoch: 0810 lr: 0.01 train_loss: 89190.6094 train_distortion: 0.4565 train_mapscore: 0.0940 train_c: -1.0831 train_max_dist: 3.1532 train_imax: -0.0000 train_imin: -1.0831 time: 2.3363s
INFO:root:Epoch: 0815 lr: 0.01 train_loss: 89181.5234 train_distortion: 0.4562 train_mapscore: 0.0973 train_c: -1.0836 train_max_dist: 3.1534 train_imax: -0.0000 train_imin: -1.0836 time: 3.2682s
INFO:root:Epoch: 0820 lr: 0.01 train_loss: 89172.4375 train_distortion: 0.4560 train_mapscore: 0.0989 train_c: -1.0841 train_max_dist: 3.1444 train_imax: -0.0000 train_imin: -1.0841 time: 2.3626s
INFO:root:Epoch: 0825 lr: 0.01 train_loss: 89163.4375 train_distortion: 0.4557 train_mapscore: 0.0977 train_c: -1.0846 train_max_dist: 3.1523 train_imax: -0.0000 train_imin: -1.0846 time: 3.3011s
INFO:root:Epoch: 0830 lr: 0.01 train_loss: 89154.4453 train_distortion: 0.4555 train_mapscore: 0.0986 train_c: -1.0851 train_max_dist: 3.1514 train_imax: -0.0000 train_imin: -1.0851 time: 2.3417s
INFO:root:Epoch: 0835 lr: 0.01 train_loss: 89149.7188 train_distortion: 0.4552 train_mapscore: 0.0835 train_c: -1.0856 train_max_dist: 3.1763 train_imax: -0.0000 train_imin: -1.0856 time: 3.2487s
INFO:root:Epoch: 0840 lr: 0.01 train_loss: 89140.1250 train_distortion: 0.4549 train_mapscore: 0.0864 train_c: -1.0861 train_max_dist: 3.1505 train_imax: -0.0000 train_imin: -1.0861 time: 2.3533s
INFO:root:Epoch: 0845 lr: 0.01 train_loss: 89129.8281 train_distortion: 0.4547 train_mapscore: 0.0891 train_c: -1.0866 train_max_dist: 3.1576 train_imax: -0.0000 train_imin: -1.0866 time: 3.2310s
INFO:root:Epoch: 0850 lr: 0.01 train_loss: 89120.1094 train_distortion: 0.4544 train_mapscore: 0.0925 train_c: -1.0871 train_max_dist: 3.1718 train_imax: -0.0000 train_imin: -1.0871 time: 2.3737s
INFO:root:Epoch: 0855 lr: 0.01 train_loss: 89110.8281 train_distortion: 0.4542 train_mapscore: 0.0966 train_c: -1.0876 train_max_dist: 3.1739 train_imax: -0.0000 train_imin: -1.0876 time: 3.2719s
INFO:root:Epoch: 0860 lr: 0.01 train_loss: 89101.6797 train_distortion: 0.4539 train_mapscore: 0.0957 train_c: -1.0881 train_max_dist: 3.1552 train_imax: -0.0000 train_imin: -1.0881 time: 2.3374s
INFO:root:Epoch: 0865 lr: 0.01 train_loss: 89092.7031 train_distortion: 0.4537 train_mapscore: 0.0992 train_c: -1.0886 train_max_dist: 3.1639 train_imax: -0.0000 train_imin: -1.0886 time: 3.3160s
INFO:root:Epoch: 0870 lr: 0.01 train_loss: 89083.7578 train_distortion: 0.4534 train_mapscore: 0.0965 train_c: -1.0892 train_max_dist: 3.1708 train_imax: -0.0000 train_imin: -1.0892 time: 2.2785s
INFO:root:Epoch: 0875 lr: 0.01 train_loss: 89075.0234 train_distortion: 0.4532 train_mapscore: 0.0976 train_c: -1.0897 train_max_dist: 3.1668 train_imax: -0.0000 train_imin: -1.0897 time: 3.2666s
INFO:root:Epoch: 0880 lr: 0.01 train_loss: 89066.1562 train_distortion: 0.4529 train_mapscore: 0.0968 train_c: -1.0902 train_max_dist: 3.1626 train_imax: -0.0000 train_imin: -1.0902 time: 2.2979s
INFO:root:Epoch: 0885 lr: 0.01 train_loss: 89057.3750 train_distortion: 0.4527 train_mapscore: 0.0950 train_c: -1.0907 train_max_dist: 3.1624 train_imax: -0.0000 train_imin: -1.0907 time: 3.2561s
INFO:root:Epoch: 0890 lr: 0.01 train_loss: 89049.5781 train_distortion: 0.4524 train_mapscore: 0.0921 train_c: -1.0912 train_max_dist: 3.1919 train_imax: -0.0000 train_imin: -1.0912 time: 2.3393s
INFO:root:Epoch: 0895 lr: 0.01 train_loss: 89250.6250 train_distortion: 0.4524 train_mapscore: 0.0853 train_c: -1.0917 train_max_dist: 3.1494 train_imax: -0.0000 train_imin: -1.0917 time: 3.2840s
INFO:root:Epoch: 0900 lr: 0.01 train_loss: 89239.2188 train_distortion: 0.4522 train_mapscore: 0.0880 train_c: -1.0922 train_max_dist: 3.1442 train_imax: -0.0000 train_imin: -1.0922 time: 2.2701s
INFO:root:Epoch: 0905 lr: 0.01 train_loss: 89228.5469 train_distortion: 0.4519 train_mapscore: 0.0876 train_c: -1.0927 train_max_dist: 3.1473 train_imax: -0.0000 train_imin: -1.0927 time: 3.2892s
INFO:root:Epoch: 0910 lr: 0.01 train_loss: 89218.7734 train_distortion: 0.4516 train_mapscore: 0.0899 train_c: -1.0932 train_max_dist: 3.1616 train_imax: -0.0000 train_imin: -1.0932 time: 2.2866s
INFO:root:Epoch: 0915 lr: 0.01 train_loss: 89209.6250 train_distortion: 0.4513 train_mapscore: 0.0924 train_c: -1.0937 train_max_dist: 3.1403 train_imax: -0.0000 train_imin: -1.0937 time: 3.2754s
INFO:root:Epoch: 0920 lr: 0.01 train_loss: 89199.0156 train_distortion: 0.4510 train_mapscore: 0.0952 train_c: -1.0942 train_max_dist: 3.1689 train_imax: -0.0000 train_imin: -1.0942 time: 2.2703s
INFO:root:Epoch: 0925 lr: 0.01 train_loss: 89188.9531 train_distortion: 0.4507 train_mapscore: 0.0931 train_c: -1.0947 train_max_dist: 3.1474 train_imax: -0.0000 train_imin: -1.0947 time: 3.2601s
INFO:root:Epoch: 0930 lr: 0.01 train_loss: 89178.9062 train_distortion: 0.4505 train_mapscore: 0.0962 train_c: -1.0952 train_max_dist: 3.1572 train_imax: -0.0000 train_imin: -1.0952 time: 2.2731s
INFO:root:Epoch: 0935 lr: 0.01 train_loss: 89169.0938 train_distortion: 0.4502 train_mapscore: 0.0978 train_c: -1.0957 train_max_dist: 3.1616 train_imax: -0.0000 train_imin: -1.0957 time: 3.3048s
INFO:root:Epoch: 0940 lr: 0.01 train_loss: 89159.4375 train_distortion: 0.4499 train_mapscore: 0.0977 train_c: -1.0962 train_max_dist: 3.1535 train_imax: -0.0000 train_imin: -1.0962 time: 2.2878s
INFO:root:Epoch: 0945 lr: 0.01 train_loss: 89149.7656 train_distortion: 0.4496 train_mapscore: 0.0961 train_c: -1.0967 train_max_dist: 3.1580 train_imax: -0.0000 train_imin: -1.0967 time: 3.2972s
INFO:root:Epoch: 0950 lr: 0.01 train_loss: 89207.2500 train_distortion: 0.4495 train_mapscore: 0.0891 train_c: -1.0972 train_max_dist: 3.1553 train_imax: -0.0000 train_imin: -1.0972 time: 2.2690s
INFO:root:Epoch: 0955 lr: 0.01 train_loss: 89135.2812 train_distortion: 0.4491 train_mapscore: 0.0840 train_c: -1.0977 train_max_dist: 3.1506 train_imax: -0.0000 train_imin: -1.0977 time: 3.2849s
INFO:root:Epoch: 0960 lr: 0.01 train_loss: 89124.0781 train_distortion: 0.4487 train_mapscore: 0.0851 train_c: -1.0982 train_max_dist: 3.1964 train_imax: -0.0000 train_imin: -1.0982 time: 2.2869s
INFO:root:Epoch: 0965 lr: 0.01 train_loss: 89113.3281 train_distortion: 0.4485 train_mapscore: 0.0858 train_c: -1.0987 train_max_dist: 3.1560 train_imax: -0.0000 train_imin: -1.0987 time: 3.2474s
INFO:root:Epoch: 0970 lr: 0.01 train_loss: 89102.7344 train_distortion: 0.4482 train_mapscore: 0.0901 train_c: -1.0992 train_max_dist: 3.1646 train_imax: -0.0000 train_imin: -1.0992 time: 2.2673s
INFO:root:Epoch: 0975 lr: 0.01 train_loss: 89092.5625 train_distortion: 0.4479 train_mapscore: 0.0949 train_c: -1.0997 train_max_dist: 3.1795 train_imax: -0.0000 train_imin: -1.0997 time: 3.2978s
INFO:root:Epoch: 0980 lr: 0.01 train_loss: 89082.4375 train_distortion: 0.4475 train_mapscore: 0.0969 train_c: -1.1002 train_max_dist: 3.1643 train_imax: -0.0000 train_imin: -1.1002 time: 2.2609s
INFO:root:Epoch: 0985 lr: 0.01 train_loss: 89072.3281 train_distortion: 0.4472 train_mapscore: 0.0966 train_c: -1.1007 train_max_dist: 3.1719 train_imax: -0.0000 train_imin: -1.1007 time: 3.2975s
INFO:root:Epoch: 0990 lr: 0.01 train_loss: 89062.2422 train_distortion: 0.4469 train_mapscore: 0.0945 train_c: -1.1012 train_max_dist: 3.1770 train_imax: -0.0000 train_imin: -1.1012 time: 2.2202s
INFO:root:Epoch: 0995 lr: 0.01 train_loss: 89052.1562 train_distortion: 0.4466 train_mapscore: 0.0963 train_c: -1.1017 train_max_dist: 3.1753 train_imax: -0.0000 train_imin: -1.1017 time: 3.2777s
INFO:root:Epoch: 1000 lr: 0.01 train_loss: 89042.4922 train_distortion: 0.4463 train_mapscore: 0.0899 train_c: -1.1022 train_max_dist: 3.1757 train_imax: -0.0000 train_imin: -1.1022 time: 2.3011s
INFO:root:Epoch: 1005 lr: 0.01 train_loss: 89033.0625 train_distortion: 0.4460 train_mapscore: 0.0912 train_c: -1.1027 train_max_dist: 3.1744 train_imax: -0.0000 train_imin: -1.1027 time: 3.2650s
INFO:root:Epoch: 1010 lr: 0.01 train_loss: 89022.4688 train_distortion: 0.4457 train_mapscore: 0.0912 train_c: -1.1032 train_max_dist: 3.1968 train_imax: -0.0000 train_imin: -1.1032 time: 2.2515s
INFO:root:Epoch: 1015 lr: 0.01 train_loss: 89012.0781 train_distortion: 0.4454 train_mapscore: 0.0892 train_c: -1.1037 train_max_dist: 3.1803 train_imax: -0.0000 train_imin: -1.1037 time: 3.2784s
INFO:root:Epoch: 1020 lr: 0.01 train_loss: 89001.7422 train_distortion: 0.4450 train_mapscore: 0.0928 train_c: -1.1042 train_max_dist: 3.1857 train_imax: -0.0000 train_imin: -1.1042 time: 2.2540s
INFO:root:Epoch: 1025 lr: 0.01 train_loss: 88991.5781 train_distortion: 0.4447 train_mapscore: 0.0957 train_c: -1.1047 train_max_dist: 3.1932 train_imax: -0.0000 train_imin: -1.1047 time: 3.3094s
INFO:root:Epoch: 1030 lr: 0.01 train_loss: 88981.4062 train_distortion: 0.4444 train_mapscore: 0.0934 train_c: -1.1052 train_max_dist: 3.1866 train_imax: -0.0000 train_imin: -1.1052 time: 2.2144s
INFO:root:Epoch: 1035 lr: 0.01 train_loss: 88972.5000 train_distortion: 0.4442 train_mapscore: 0.0854 train_c: -1.1057 train_max_dist: 3.1844 train_imax: -0.0000 train_imin: -1.1057 time: 3.2762s
INFO:root:Epoch: 1040 lr: 0.01 train_loss: 88962.4219 train_distortion: 0.4438 train_mapscore: 0.0927 train_c: -1.1062 train_max_dist: 3.1957 train_imax: -0.0000 train_imin: -1.1062 time: 2.3278s
INFO:root:Epoch: 1045 lr: 0.01 train_loss: 88952.3125 train_distortion: 0.4435 train_mapscore: 0.0926 train_c: -1.1067 train_max_dist: 3.2055 train_imax: -0.0000 train_imin: -1.1067 time: 3.2748s
INFO:root:Epoch: 1050 lr: 0.01 train_loss: 88942.4609 train_distortion: 0.4432 train_mapscore: 0.0911 train_c: -1.1072 train_max_dist: 3.1946 train_imax: -0.0000 train_imin: -1.1072 time: 2.3950s
INFO:root:Epoch: 1055 lr: 0.01 train_loss: 88932.7188 train_distortion: 0.4430 train_mapscore: 0.0925 train_c: -1.1077 train_max_dist: 3.2038 train_imax: -0.0000 train_imin: -1.1077 time: 3.3406s
INFO:root:Epoch: 1060 lr: 0.01 train_loss: 88926.4453 train_distortion: 0.4428 train_mapscore: 0.0796 train_c: -1.1082 train_max_dist: 3.1859 train_imax: -0.0000 train_imin: -1.1082 time: 2.3914s
INFO:root:Epoch: 1065 lr: 0.01 train_loss: 88916.2734 train_distortion: 0.4424 train_mapscore: 0.0849 train_c: -1.1087 train_max_dist: 3.2091 train_imax: -0.0000 train_imin: -1.1087 time: 3.2850s
INFO:root:Epoch: 1070 lr: 0.01 train_loss: 88905.9688 train_distortion: 0.4421 train_mapscore: 0.0871 train_c: -1.1092 train_max_dist: 3.2237 train_imax: -0.0000 train_imin: -1.1092 time: 2.3405s
INFO:root:Epoch: 1075 lr: 0.01 train_loss: 88895.9453 train_distortion: 0.4418 train_mapscore: 0.0877 train_c: -1.1097 train_max_dist: 3.1991 train_imax: -0.0000 train_imin: -1.1097 time: 3.3956s
INFO:root:Epoch: 1080 lr: 0.01 train_loss: 88886.2734 train_distortion: 0.4415 train_mapscore: 0.0896 train_c: -1.1102 train_max_dist: 3.2206 train_imax: -0.0000 train_imin: -1.1102 time: 2.2733s
INFO:root:Epoch: 1085 lr: 0.01 train_loss: 88876.7891 train_distortion: 0.4413 train_mapscore: 0.0928 train_c: -1.1107 train_max_dist: 3.2167 train_imax: -0.0000 train_imin: -1.1107 time: 3.2695s
INFO:root:Epoch: 1090 lr: 0.01 train_loss: 88867.3281 train_distortion: 0.4410 train_mapscore: 0.0927 train_c: -1.1112 train_max_dist: 3.2102 train_imax: -0.0000 train_imin: -1.1112 time: 2.3320s
INFO:root:Epoch: 1095 lr: 0.01 train_loss: 88924.2422 train_distortion: 0.4409 train_mapscore: 0.0932 train_c: -1.1117 train_max_dist: 3.2198 train_imax: -0.0000 train_imin: -1.1117 time: 3.3051s
INFO:root:Epoch: 1100 lr: 0.01 train_loss: 88851.8594 train_distortion: 0.4405 train_mapscore: 0.0807 train_c: -1.1122 train_max_dist: 3.1961 train_imax: -0.0000 train_imin: -1.1122 time: 2.3587s
INFO:root:Epoch: 1105 lr: 0.01 train_loss: 88841.4844 train_distortion: 0.4402 train_mapscore: 0.0824 train_c: -1.1127 train_max_dist: 3.2450 train_imax: -0.0000 train_imin: -1.1127 time: 3.3381s
INFO:root:Epoch: 1110 lr: 0.01 train_loss: 88831.4531 train_distortion: 0.4399 train_mapscore: 0.0854 train_c: -1.1132 train_max_dist: 3.2235 train_imax: -0.0000 train_imin: -1.1132 time: 2.9916s
INFO:root:Epoch: 1115 lr: 0.01 train_loss: 88821.8594 train_distortion: 0.4396 train_mapscore: 0.0872 train_c: -1.1137 train_max_dist: 3.2200 train_imax: -0.0000 train_imin: -1.1137 time: 2.4659s
INFO:root:Epoch: 1120 lr: 0.01 train_loss: 88812.3594 train_distortion: 0.4394 train_mapscore: 0.0880 train_c: -1.1142 train_max_dist: 3.2366 train_imax: -0.0000 train_imin: -1.1142 time: 3.3650s
INFO:root:Epoch: 1125 lr: 0.01 train_loss: 88802.9297 train_distortion: 0.4391 train_mapscore: 0.0896 train_c: -1.1147 train_max_dist: 3.2251 train_imax: -0.0000 train_imin: -1.1147 time: 2.1924s
INFO:root:Epoch: 1130 lr: 0.01 train_loss: 88793.6094 train_distortion: 0.4388 train_mapscore: 0.0879 train_c: -1.1152 train_max_dist: 3.2299 train_imax: -0.0000 train_imin: -1.1152 time: 3.7132s
INFO:root:Epoch: 1135 lr: 0.01 train_loss: 88785.2188 train_distortion: 0.4386 train_mapscore: 0.0811 train_c: -1.1157 train_max_dist: 3.2267 train_imax: -0.0000 train_imin: -1.1157 time: 2.4117s
INFO:root:Epoch: 1140 lr: 0.01 train_loss: 88775.7734 train_distortion: 0.4383 train_mapscore: 0.0853 train_c: -1.1162 train_max_dist: 3.2408 train_imax: -0.0000 train_imin: -1.1162 time: 3.2965s
INFO:root:Epoch: 1145 lr: 0.01 train_loss: 88766.3438 train_distortion: 0.4380 train_mapscore: 0.0863 train_c: -1.1167 train_max_dist: 3.2454 train_imax: -0.0000 train_imin: -1.1167 time: 3.0387s
INFO:root:Epoch: 1150 lr: 0.01 train_loss: 88756.9062 train_distortion: 0.4377 train_mapscore: 0.0864 train_c: -1.1173 train_max_dist: 3.2316 train_imax: -0.0000 train_imin: -1.1173 time: 2.0296s
INFO:root:Epoch: 1155 lr: 0.01 train_loss: 88749.0703 train_distortion: 0.4374 train_mapscore: 0.0794 train_c: -1.1178 train_max_dist: 3.2350 train_imax: -0.0000 train_imin: -1.1178 time: 3.3585s
INFO:root:Epoch: 1160 lr: 0.01 train_loss: 88739.0781 train_distortion: 0.4371 train_mapscore: 0.0847 train_c: -1.1183 train_max_dist: 3.2518 train_imax: -0.0000 train_imin: -1.1183 time: 2.1165s
INFO:root:Epoch: 1165 lr: 0.01 train_loss: 88730.7969 train_distortion: 0.4369 train_mapscore: 0.0781 train_c: -1.1188 train_max_dist: 3.2307 train_imax: -0.0000 train_imin: -1.1188 time: 3.5915s
INFO:root:Epoch: 1170 lr: 0.01 train_loss: 88727.3594 train_distortion: 0.4368 train_mapscore: 0.0764 train_c: -1.1193 train_max_dist: 3.2221 train_imax: -0.0000 train_imin: -1.1193 time: 1.8340s
INFO:root:Epoch: 1175 lr: 0.01 train_loss: 88715.3281 train_distortion: 0.4364 train_mapscore: 0.0794 train_c: -1.1198 train_max_dist: 3.2785 train_imax: -0.0000 train_imin: -1.1198 time: 3.2693s
INFO:root:Epoch: 1180 lr: 0.01 train_loss: 88704.4609 train_distortion: 0.4361 train_mapscore: 0.0828 train_c: -1.1203 train_max_dist: 3.2492 train_imax: -0.0000 train_imin: -1.1203 time: 1.8509s
INFO:root:Epoch: 1185 lr: 0.01 train_loss: 88694.1094 train_distortion: 0.4358 train_mapscore: 0.0862 train_c: -1.1208 train_max_dist: 3.2499 train_imax: -0.0000 train_imin: -1.1208 time: 3.5398s
INFO:root:Epoch: 1190 lr: 0.01 train_loss: 88684.1875 train_distortion: 0.4355 train_mapscore: 0.0879 train_c: -1.1213 train_max_dist: 3.2571 train_imax: -0.0000 train_imin: -1.1213 time: 2.2515s
INFO:root:Epoch: 1195 lr: 0.01 train_loss: 88674.4531 train_distortion: 0.4353 train_mapscore: 0.0901 train_c: -1.1218 train_max_dist: 3.2521 train_imax: -0.0000 train_imin: -1.1218 time: 3.7906s
INFO:root:Epoch: 1200 lr: 0.01 train_loss: 88664.8906 train_distortion: 0.4350 train_mapscore: 0.0887 train_c: -1.1223 train_max_dist: 3.2552 train_imax: -0.0000 train_imin: -1.1223 time: 2.1983s
INFO:root:Epoch: 1205 lr: 0.01 train_loss: 88655.4609 train_distortion: 0.4347 train_mapscore: 0.0883 train_c: -1.1228 train_max_dist: 3.2599 train_imax: -0.0000 train_imin: -1.1228 time: 3.3673s
INFO:root:Epoch: 1210 lr: 0.01 train_loss: 88646.8125 train_distortion: 0.4345 train_mapscore: 0.0804 train_c: -1.1233 train_max_dist: 3.2527 train_imax: -0.0000 train_imin: -1.1233 time: 2.6835s
INFO:root:Epoch: 1215 lr: 0.01 train_loss: 88637.2891 train_distortion: 0.4342 train_mapscore: 0.0846 train_c: -1.1238 train_max_dist: 3.2667 train_imax: -0.0000 train_imin: -1.1238 time: 3.2693s
INFO:root:Epoch: 1220 lr: 0.01 train_loss: 88627.7031 train_distortion: 0.4339 train_mapscore: 0.0874 train_c: -1.1243 train_max_dist: 3.2667 train_imax: -0.0000 train_imin: -1.1243 time: 2.1589s
INFO:root:Epoch: 1225 lr: 0.01 train_loss: 88618.2891 train_distortion: 0.4337 train_mapscore: 0.0886 train_c: -1.1248 train_max_dist: 3.2601 train_imax: -0.0000 train_imin: -1.1248 time: 3.3044s
INFO:root:Epoch: 1230 lr: 0.01 train_loss: 88608.8359 train_distortion: 0.4334 train_mapscore: 0.0858 train_c: -1.1253 train_max_dist: 3.2677 train_imax: -0.0000 train_imin: -1.1253 time: 2.3268s
INFO:root:Epoch: 1235 lr: 0.01 train_loss: 88672.4844 train_distortion: 0.4333 train_mapscore: 0.0742 train_c: -1.1258 train_max_dist: 3.2477 train_imax: -0.0000 train_imin: -1.1258 time: 3.1164s
INFO:root:Epoch: 1240 lr: 0.01 train_loss: 88646.3281 train_distortion: 0.4332 train_mapscore: 0.0764 train_c: -1.1263 train_max_dist: 3.2238 train_imax: -0.0000 train_imin: -1.1263 time: 2.1931s
INFO:root:Epoch: 1245 lr: 0.01 train_loss: 88623.9297 train_distortion: 0.4329 train_mapscore: 0.0799 train_c: -1.1268 train_max_dist: 3.2489 train_imax: -0.0000 train_imin: -1.1268 time: 3.1762s
INFO:root:Epoch: 1250 lr: 0.01 train_loss: 88604.7188 train_distortion: 0.4325 train_mapscore: 0.0814 train_c: -1.1273 train_max_dist: 3.2434 train_imax: -0.0000 train_imin: -1.1273 time: 2.2709s
INFO:root:Epoch: 1255 lr: 0.01 train_loss: 88590.1094 train_distortion: 0.4322 train_mapscore: 0.0845 train_c: -1.1278 train_max_dist: 3.2348 train_imax: -0.0000 train_imin: -1.1278 time: 3.4020s
INFO:root:Epoch: 1260 lr: 0.01 train_loss: 88577.5312 train_distortion: 0.4318 train_mapscore: 0.0922 train_c: -1.1283 train_max_dist: 3.2058 train_imax: -0.0000 train_imin: -1.1283 time: 2.3153s
INFO:root:Epoch: 1265 lr: 0.01 train_loss: 88566.2578 train_distortion: 0.4315 train_mapscore: 0.0954 train_c: -1.1288 train_max_dist: 3.1790 train_imax: -0.0000 train_imin: -1.1288 time: 3.5210s
INFO:root:Epoch: 1270 lr: 0.01 train_loss: 88555.7188 train_distortion: 0.4312 train_mapscore: 0.0972 train_c: -1.1293 train_max_dist: 3.1771 train_imax: -0.0000 train_imin: -1.1293 time: 2.2605s
INFO:root:Epoch: 1275 lr: 0.01 train_loss: 88545.5781 train_distortion: 0.4309 train_mapscore: 0.0928 train_c: -1.1298 train_max_dist: 3.1764 train_imax: -0.0000 train_imin: -1.1298 time: 3.5421s
INFO:root:Epoch: 1280 lr: 0.01 train_loss: 88535.6953 train_distortion: 0.4306 train_mapscore: 0.0934 train_c: -1.1303 train_max_dist: 3.1766 train_imax: -0.0000 train_imin: -1.1303 time: 3.2969s
INFO:root:Epoch: 1285 lr: 0.01 train_loss: 88526.0547 train_distortion: 0.4303 train_mapscore: 0.0967 train_c: -1.1308 train_max_dist: 3.1751 train_imax: -0.0000 train_imin: -1.1308 time: 3.4401s
INFO:root:Epoch: 1290 lr: 0.01 train_loss: 88516.5156 train_distortion: 0.4300 train_mapscore: 0.0919 train_c: -1.1313 train_max_dist: 3.1768 train_imax: -0.0000 train_imin: -1.1313 time: 2.5272s
INFO:root:Epoch: 1295 lr: 0.01 train_loss: 88507.0469 train_distortion: 0.4297 train_mapscore: 0.0912 train_c: -1.1318 train_max_dist: 3.1797 train_imax: -0.0000 train_imin: -1.1318 time: 3.4678s
INFO:root:Epoch: 1300 lr: 0.01 train_loss: 88497.5938 train_distortion: 0.4294 train_mapscore: 0.0891 train_c: -1.1323 train_max_dist: 3.1805 train_imax: -0.0000 train_imin: -1.1323 time: 2.1282s
INFO:root:Epoch: 1305 lr: 0.01 train_loss: 88488.2031 train_distortion: 0.4292 train_mapscore: 0.0884 train_c: -1.1328 train_max_dist: 3.1820 train_imax: -0.0000 train_imin: -1.1328 time: 3.1304s
INFO:root:Epoch: 1310 lr: 0.01 train_loss: 88478.7656 train_distortion: 0.4289 train_mapscore: 0.0878 train_c: -1.1333 train_max_dist: 3.1829 train_imax: -0.0000 train_imin: -1.1333 time: 2.4446s
INFO:root:Epoch: 1315 lr: 0.01 train_loss: 88469.3750 train_distortion: 0.4286 train_mapscore: 0.0859 train_c: -1.1338 train_max_dist: 3.1861 train_imax: -0.0000 train_imin: -1.1338 time: 3.5125s
INFO:root:Epoch: 1320 lr: 0.01 train_loss: 88459.9688 train_distortion: 0.4284 train_mapscore: 0.0829 train_c: -1.1343 train_max_dist: 3.1858 train_imax: -0.0000 train_imin: -1.1343 time: 2.4011s
INFO:root:Epoch: 1325 lr: 0.01 train_loss: 88450.5938 train_distortion: 0.4281 train_mapscore: 0.0825 train_c: -1.1348 train_max_dist: 3.1879 train_imax: -0.0000 train_imin: -1.1348 time: 3.6677s
INFO:root:Epoch: 1330 lr: 0.01 train_loss: 88441.1562 train_distortion: 0.4278 train_mapscore: 0.0820 train_c: -1.1353 train_max_dist: 3.1885 train_imax: -0.0000 train_imin: -1.1353 time: 2.4365s
INFO:root:Epoch: 1335 lr: 0.01 train_loss: 88431.7812 train_distortion: 0.4275 train_mapscore: 0.0815 train_c: -1.1358 train_max_dist: 3.1911 train_imax: -0.0000 train_imin: -1.1358 time: 2.8532s
INFO:root:Epoch: 1340 lr: 0.01 train_loss: 88422.3438 train_distortion: 0.4273 train_mapscore: 0.0824 train_c: -1.1363 train_max_dist: 3.1917 train_imax: -0.0000 train_imin: -1.1363 time: 3.5454s
INFO:root:Epoch: 1345 lr: 0.01 train_loss: 88412.8906 train_distortion: 0.4270 train_mapscore: 0.0825 train_c: -1.1368 train_max_dist: 3.1927 train_imax: -0.0000 train_imin: -1.1368 time: 1.8481s
INFO:root:Epoch: 1350 lr: 0.01 train_loss: 88403.5000 train_distortion: 0.4267 train_mapscore: 0.0810 train_c: -1.1373 train_max_dist: 3.1944 train_imax: -0.0000 train_imin: -1.1373 time: 3.2784s
INFO:root:Epoch: 1355 lr: 0.01 train_loss: 88394.0781 train_distortion: 0.4264 train_mapscore: 0.0816 train_c: -1.1378 train_max_dist: 3.1955 train_imax: -0.0000 train_imin: -1.1378 time: 1.8383s
INFO:root:Epoch: 1360 lr: 0.01 train_loss: 88384.6250 train_distortion: 0.4262 train_mapscore: 0.0816 train_c: -1.1383 train_max_dist: 3.1970 train_imax: -0.0000 train_imin: -1.1383 time: 3.6141s
INFO:root:Epoch: 1365 lr: 0.01 train_loss: 88375.1875 train_distortion: 0.4259 train_mapscore: 0.0828 train_c: -1.1388 train_max_dist: 3.1995 train_imax: -0.0000 train_imin: -1.1388 time: 1.8380s
INFO:root:Epoch: 1370 lr: 0.01 train_loss: 88365.7344 train_distortion: 0.4256 train_mapscore: 0.0819 train_c: -1.1393 train_max_dist: 3.1988 train_imax: -0.0000 train_imin: -1.1393 time: 3.5345s
INFO:root:Epoch: 1375 lr: 0.01 train_loss: 88356.2812 train_distortion: 0.4254 train_mapscore: 0.0826 train_c: -1.1398 train_max_dist: 3.2023 train_imax: -0.0000 train_imin: -1.1398 time: 1.8991s
INFO:root:Epoch: 1380 lr: 0.01 train_loss: 88346.8047 train_distortion: 0.4251 train_mapscore: 0.0790 train_c: -1.1403 train_max_dist: 3.2035 train_imax: -0.0000 train_imin: -1.1403 time: 3.5759s
INFO:root:Epoch: 1385 lr: 0.01 train_loss: 88337.3438 train_distortion: 0.4248 train_mapscore: 0.0816 train_c: -1.1408 train_max_dist: 3.2035 train_imax: -0.0000 train_imin: -1.1408 time: 2.3563s
INFO:root:Epoch: 1390 lr: 0.01 train_loss: 88327.8750 train_distortion: 0.4245 train_mapscore: 0.0819 train_c: -1.1413 train_max_dist: 3.2069 train_imax: -0.0000 train_imin: -1.1413 time: 1.8262s
INFO:root:Epoch: 1395 lr: 0.01 train_loss: 88318.4062 train_distortion: 0.4243 train_mapscore: 0.0804 train_c: -1.1418 train_max_dist: 3.2055 train_imax: -0.0000 train_imin: -1.1418 time: 3.6030s
INFO:root:Epoch: 1400 lr: 0.01 train_loss: 88308.9062 train_distortion: 0.4240 train_mapscore: 0.0815 train_c: -1.1424 train_max_dist: 3.2097 train_imax: -0.0000 train_imin: -1.1424 time: 3.6174s
INFO:root:Epoch: 1405 lr: 0.01 train_loss: 88299.4141 train_distortion: 0.4237 train_mapscore: 0.0799 train_c: -1.1429 train_max_dist: 3.2094 train_imax: -0.0000 train_imin: -1.1429 time: 2.1380s
INFO:root:Epoch: 1410 lr: 0.01 train_loss: 88289.9219 train_distortion: 0.4234 train_mapscore: 0.0811 train_c: -1.1434 train_max_dist: 3.2101 train_imax: -0.0000 train_imin: -1.1434 time: 3.0786s
INFO:root:Epoch: 1415 lr: 0.01 train_loss: 88280.3984 train_distortion: 0.4232 train_mapscore: 0.0818 train_c: -1.1439 train_max_dist: 3.2129 train_imax: -0.0000 train_imin: -1.1439 time: 1.8292s
INFO:root:Epoch: 1420 lr: 0.01 train_loss: 88270.8750 train_distortion: 0.4229 train_mapscore: 0.0817 train_c: -1.1444 train_max_dist: 3.2126 train_imax: -0.0000 train_imin: -1.1444 time: 3.2756s
INFO:root:Epoch: 1425 lr: 0.01 train_loss: 88261.3359 train_distortion: 0.4226 train_mapscore: 0.0812 train_c: -1.1449 train_max_dist: 3.2157 train_imax: -0.0000 train_imin: -1.1449 time: 3.4271s
INFO:root:Epoch: 1430 lr: 0.01 train_loss: 88251.8281 train_distortion: 0.4224 train_mapscore: 0.0820 train_c: -1.1454 train_max_dist: 3.2170 train_imax: -0.0000 train_imin: -1.1454 time: 3.7836s
INFO:root:Epoch: 1435 lr: 0.01 train_loss: 88242.2891 train_distortion: 0.4221 train_mapscore: 0.0822 train_c: -1.1459 train_max_dist: 3.2166 train_imax: -0.0000 train_imin: -1.1459 time: 2.2778s
INFO:root:Epoch: 1440 lr: 0.01 train_loss: 88232.7656 train_distortion: 0.4218 train_mapscore: 0.0822 train_c: -1.1464 train_max_dist: 3.2207 train_imax: -0.0000 train_imin: -1.1464 time: 3.5443s
INFO:root:Epoch: 1445 lr: 0.01 train_loss: 88223.2188 train_distortion: 0.4215 train_mapscore: 0.0805 train_c: -1.1469 train_max_dist: 3.2204 train_imax: -0.0000 train_imin: -1.1469 time: 2.0739s
INFO:root:Epoch: 1450 lr: 0.01 train_loss: 88213.6641 train_distortion: 0.4212 train_mapscore: 0.0817 train_c: -1.1474 train_max_dist: 3.2220 train_imax: -0.0000 train_imin: -1.1474 time: 3.5256s
INFO:root:Epoch: 1455 lr: 0.01 train_loss: 88204.0859 train_distortion: 0.4210 train_mapscore: 0.0831 train_c: -1.1479 train_max_dist: 3.2240 train_imax: -0.0000 train_imin: -1.1479 time: 1.9771s
INFO:root:Epoch: 1460 lr: 0.01 train_loss: 88194.5156 train_distortion: 0.4207 train_mapscore: 0.0819 train_c: -1.1484 train_max_dist: 3.2243 train_imax: -0.0000 train_imin: -1.1484 time: 3.2920s
INFO:root:Epoch: 1465 lr: 0.01 train_loss: 88184.9688 train_distortion: 0.4204 train_mapscore: 0.0811 train_c: -1.1489 train_max_dist: 3.2257 train_imax: -0.0000 train_imin: -1.1489 time: 1.8567s
INFO:root:Epoch: 1470 lr: 0.01 train_loss: 88175.3672 train_distortion: 0.4202 train_mapscore: 0.0813 train_c: -1.1494 train_max_dist: 3.2282 train_imax: -0.0000 train_imin: -1.1494 time: 3.5998s
INFO:root:Epoch: 1475 lr: 0.01 train_loss: 88165.7500 train_distortion: 0.4199 train_mapscore: 0.0815 train_c: -1.1499 train_max_dist: 3.2288 train_imax: -0.0000 train_imin: -1.1499 time: 2.0392s
INFO:root:Epoch: 1480 lr: 0.01 train_loss: 88156.2344 train_distortion: 0.4196 train_mapscore: 0.0825 train_c: -1.1504 train_max_dist: 3.2306 train_imax: -0.0000 train_imin: -1.1504 time: 3.8073s
INFO:root:Epoch: 1485 lr: 0.01 train_loss: 88165.9141 train_distortion: 0.4193 train_mapscore: 0.0693 train_c: -1.1509 train_max_dist: 3.7306 train_imax: 0.1817 train_imin: -1.1509 time: 2.5904s
INFO:root:Epoch: 1490 lr: 0.01 train_loss: 88157.8125 train_distortion: 0.4192 train_mapscore: 0.0748 train_c: -1.1514 train_max_dist: 3.5171 train_imax: 0.0771 train_imin: -1.1514 time: 3.6171s
INFO:root:Epoch: 1495 lr: 0.01 train_loss: 88139.3125 train_distortion: 0.4189 train_mapscore: 0.0780 train_c: -1.1519 train_max_dist: 3.3894 train_imax: -0.0000 train_imin: -1.1519 time: 2.2862s
INFO:root:Epoch: 1500 lr: 0.01 train_loss: 88125.1797 train_distortion: 0.4186 train_mapscore: 0.0826 train_c: -1.1524 train_max_dist: 3.3107 train_imax: -0.0000 train_imin: -1.1524 time: 3.6278s
INFO:root:Epoch: 1505 lr: 0.01 train_loss: 88113.2422 train_distortion: 0.4183 train_mapscore: 0.0881 train_c: -1.1529 train_max_dist: 3.3241 train_imax: -0.0000 train_imin: -1.1529 time: 2.0233s
INFO:root:Epoch: 1510 lr: 0.01 train_loss: 88101.8281 train_distortion: 0.4180 train_mapscore: 0.0874 train_c: -1.1534 train_max_dist: 3.2780 train_imax: -0.0000 train_imin: -1.1534 time: 3.6069s
INFO:root:Epoch: 1515 lr: 0.01 train_loss: 88091.1250 train_distortion: 0.4177 train_mapscore: 0.0914 train_c: -1.1539 train_max_dist: 3.2704 train_imax: -0.0000 train_imin: -1.1539 time: 1.8309s
INFO:root:Epoch: 1520 lr: 0.01 train_loss: 88082.1406 train_distortion: 0.4175 train_mapscore: 0.0859 train_c: -1.1544 train_max_dist: 3.2420 train_imax: -0.0000 train_imin: -1.1544 time: 3.5766s
INFO:root:Epoch: 1525 lr: 0.01 train_loss: 88071.5625 train_distortion: 0.4171 train_mapscore: 0.0845 train_c: -1.1549 train_max_dist: 3.2622 train_imax: -0.0000 train_imin: -1.1549 time: 2.0076s
INFO:root:Epoch: 1530 lr: 0.01 train_loss: 88061.3125 train_distortion: 0.4168 train_mapscore: 0.0838 train_c: -1.1554 train_max_dist: 3.2634 train_imax: -0.0000 train_imin: -1.1554 time: 3.7034s
INFO:root:Epoch: 1535 lr: 0.01 train_loss: 88051.2734 train_distortion: 0.4166 train_mapscore: 0.0855 train_c: -1.1559 train_max_dist: 3.2500 train_imax: -0.0000 train_imin: -1.1559 time: 2.5200s
INFO:root:Epoch: 1540 lr: 0.01 train_loss: 88041.2969 train_distortion: 0.4163 train_mapscore: 0.0880 train_c: -1.1564 train_max_dist: 3.2495 train_imax: -0.0000 train_imin: -1.1564 time: 3.0654s
INFO:root:Epoch: 1545 lr: 0.01 train_loss: 88096.3438 train_distortion: 0.4161 train_mapscore: 0.0740 train_c: -1.1569 train_max_dist: 3.2500 train_imax: -0.0000 train_imin: -1.1569 time: 2.5770s
INFO:root:Epoch: 1550 lr: 0.01 train_loss: 88072.0781 train_distortion: 0.4160 train_mapscore: 0.0764 train_c: -1.1574 train_max_dist: 3.2450 train_imax: -0.0000 train_imin: -1.1574 time: 3.5485s
INFO:root:Epoch: 1555 lr: 0.01 train_loss: 88049.7812 train_distortion: 0.4157 train_mapscore: 0.0786 train_c: -1.1579 train_max_dist: 3.2394 train_imax: -0.0000 train_imin: -1.1579 time: 1.8170s
INFO:root:Epoch: 1560 lr: 0.01 train_loss: 88030.6328 train_distortion: 0.4153 train_mapscore: 0.0847 train_c: -1.1584 train_max_dist: 3.2469 train_imax: -0.0000 train_imin: -1.1584 time: 3.2606s
INFO:root:Epoch: 1565 lr: 0.01 train_loss: 88016.9688 train_distortion: 0.4149 train_mapscore: 0.0910 train_c: -1.1589 train_max_dist: 3.2515 train_imax: -0.0000 train_imin: -1.1589 time: 3.1958s
INFO:root:Epoch: 1570 lr: 0.01 train_loss: 88004.7266 train_distortion: 0.4146 train_mapscore: 0.0971 train_c: -1.1594 train_max_dist: 3.2509 train_imax: -0.0000 train_imin: -1.1594 time: 2.6342s
INFO:root:Epoch: 1575 lr: 0.01 train_loss: 87993.4062 train_distortion: 0.4142 train_mapscore: 0.0947 train_c: -1.1599 train_max_dist: 3.2557 train_imax: -0.0000 train_imin: -1.1599 time: 3.5033s
INFO:root:Epoch: 1580 lr: 0.01 train_loss: 87982.7188 train_distortion: 0.4139 train_mapscore: 0.0971 train_c: -1.1604 train_max_dist: 3.2580 train_imax: -0.0000 train_imin: -1.1604 time: 1.9995s
INFO:root:Epoch: 1585 lr: 0.01 train_loss: 87972.4219 train_distortion: 0.4136 train_mapscore: 0.0978 train_c: -1.1609 train_max_dist: 3.2582 train_imax: -0.0000 train_imin: -1.1609 time: 3.5626s
INFO:root:Epoch: 1590 lr: 0.01 train_loss: 87962.3281 train_distortion: 0.4133 train_mapscore: 0.0977 train_c: -1.1614 train_max_dist: 3.2612 train_imax: -0.0000 train_imin: -1.1614 time: 1.9558s
INFO:root:Epoch: 1595 lr: 0.01 train_loss: 87952.3672 train_distortion: 0.4131 train_mapscore: 0.0948 train_c: -1.1620 train_max_dist: 3.2624 train_imax: -0.0000 train_imin: -1.1620 time: 3.5339s
INFO:root:Epoch: 1600 lr: 0.01 train_loss: 87942.5234 train_distortion: 0.4128 train_mapscore: 0.0944 train_c: -1.1625 train_max_dist: 3.2631 train_imax: -0.0000 train_imin: -1.1625 time: 3.3605s
INFO:root:Epoch: 1605 lr: 0.01 train_loss: 87932.6328 train_distortion: 0.4125 train_mapscore: 0.0901 train_c: -1.1630 train_max_dist: 3.2644 train_imax: -0.0000 train_imin: -1.1630 time: 1.9662s
INFO:root:Epoch: 1610 lr: 0.01 train_loss: 87922.8047 train_distortion: 0.4122 train_mapscore: 0.0873 train_c: -1.1635 train_max_dist: 3.2642 train_imax: -0.0000 train_imin: -1.1635 time: 3.5141s
INFO:root:Epoch: 1615 lr: 0.01 train_loss: 87912.9766 train_distortion: 0.4119 train_mapscore: 0.0868 train_c: -1.1640 train_max_dist: 3.2682 train_imax: -0.0000 train_imin: -1.1640 time: 3.1799s
INFO:root:Epoch: 1620 lr: 0.01 train_loss: 87903.1719 train_distortion: 0.4117 train_mapscore: 0.0849 train_c: -1.1645 train_max_dist: 3.2671 train_imax: -0.0000 train_imin: -1.1645 time: 2.3639s
INFO:root:Epoch: 1625 lr: 0.01 train_loss: 87893.3594 train_distortion: 0.4114 train_mapscore: 0.0835 train_c: -1.1650 train_max_dist: 3.2683 train_imax: -0.0000 train_imin: -1.1650 time: 3.2088s
INFO:root:Epoch: 1630 lr: 0.01 train_loss: 87883.5312 train_distortion: 0.4111 train_mapscore: 0.0836 train_c: -1.1655 train_max_dist: 3.2715 train_imax: -0.0000 train_imin: -1.1655 time: 2.3060s
INFO:root:Epoch: 1635 lr: 0.01 train_loss: 87873.7188 train_distortion: 0.4108 train_mapscore: 0.0832 train_c: -1.1660 train_max_dist: 3.2719 train_imax: -0.0000 train_imin: -1.1660 time: 3.3758s
INFO:root:Epoch: 1640 lr: 0.01 train_loss: 87863.9062 train_distortion: 0.4106 train_mapscore: 0.0822 train_c: -1.1665 train_max_dist: 3.2735 train_imax: -0.0000 train_imin: -1.1665 time: 2.5967s
INFO:root:Epoch: 1645 lr: 0.01 train_loss: 87854.0781 train_distortion: 0.4103 train_mapscore: 0.0832 train_c: -1.1670 train_max_dist: 3.2744 train_imax: -0.0000 train_imin: -1.1670 time: 3.5994s
INFO:root:Epoch: 1650 lr: 0.01 train_loss: 87844.2578 train_distortion: 0.4100 train_mapscore: 0.0840 train_c: -1.1675 train_max_dist: 3.2766 train_imax: -0.0000 train_imin: -1.1675 time: 2.2024s
INFO:root:Epoch: 1655 lr: 0.01 train_loss: 87834.4219 train_distortion: 0.4097 train_mapscore: 0.0822 train_c: -1.1680 train_max_dist: 3.2774 train_imax: -0.0000 train_imin: -1.1680 time: 3.5088s
INFO:root:Epoch: 1660 lr: 0.01 train_loss: 87824.5703 train_distortion: 0.4094 train_mapscore: 0.0820 train_c: -1.1685 train_max_dist: 3.2779 train_imax: -0.0000 train_imin: -1.1685 time: 2.2885s
INFO:root:Epoch: 1665 lr: 0.01 train_loss: 87814.7344 train_distortion: 0.4092 train_mapscore: 0.0826 train_c: -1.1690 train_max_dist: 3.2814 train_imax: -0.0000 train_imin: -1.1690 time: 1.8065s
INFO:root:Epoch: 1670 lr: 0.01 train_loss: 87804.8672 train_distortion: 0.4089 train_mapscore: 0.0829 train_c: -1.1695 train_max_dist: 3.2818 train_imax: -0.0000 train_imin: -1.1695 time: 3.2124s
INFO:root:Epoch: 1675 lr: 0.01 train_loss: 87795.0078 train_distortion: 0.4086 train_mapscore: 0.0827 train_c: -1.1700 train_max_dist: 3.2827 train_imax: -0.0000 train_imin: -1.1700 time: 2.1163s
INFO:root:Epoch: 1680 lr: 0.01 train_loss: 87785.1250 train_distortion: 0.4083 train_mapscore: 0.0830 train_c: -1.1705 train_max_dist: 3.2845 train_imax: -0.0000 train_imin: -1.1705 time: 1.8122s
INFO:root:Epoch: 1685 lr: 0.01 train_loss: 87775.2188 train_distortion: 0.4080 train_mapscore: 0.0822 train_c: -1.1710 train_max_dist: 3.2859 train_imax: -0.0000 train_imin: -1.1710 time: 3.4737s
INFO:root:Epoch: 1690 lr: 0.01 train_loss: 87765.3281 train_distortion: 0.4078 train_mapscore: 0.0836 train_c: -1.1715 train_max_dist: 3.2882 train_imax: -0.0000 train_imin: -1.1715 time: 2.1668s
INFO:root:Epoch: 1695 lr: 0.01 train_loss: 87755.4453 train_distortion: 0.4075 train_mapscore: 0.0835 train_c: -1.1720 train_max_dist: 3.2897 train_imax: -0.0000 train_imin: -1.1720 time: 2.6152s
INFO:root:Epoch: 1700 lr: 0.01 train_loss: 87745.5234 train_distortion: 0.4072 train_mapscore: 0.0820 train_c: -1.1725 train_max_dist: 3.2900 train_imax: -0.0000 train_imin: -1.1725 time: 2.1662s
INFO:root:Epoch: 1705 lr: 0.01 train_loss: 87735.6406 train_distortion: 0.4069 train_mapscore: 0.0807 train_c: -1.1730 train_max_dist: 3.2924 train_imax: -0.0000 train_imin: -1.1730 time: 3.5074s
INFO:root:Epoch: 1710 lr: 0.01 train_loss: 87725.7031 train_distortion: 0.4066 train_mapscore: 0.0838 train_c: -1.1735 train_max_dist: 3.2940 train_imax: -0.0000 train_imin: -1.1735 time: 2.1420s
INFO:root:Epoch: 1715 lr: 0.01 train_loss: 87715.7891 train_distortion: 0.4063 train_mapscore: 0.0843 train_c: -1.1740 train_max_dist: 3.2952 train_imax: -0.0000 train_imin: -1.1740 time: 1.8600s
INFO:root:Epoch: 1720 lr: 0.01 train_loss: 87705.8438 train_distortion: 0.4061 train_mapscore: 0.0837 train_c: -1.1745 train_max_dist: 3.2965 train_imax: -0.0000 train_imin: -1.1745 time: 1.8343s
INFO:root:Epoch: 1725 lr: 0.01 train_loss: 87695.9062 train_distortion: 0.4058 train_mapscore: 0.0825 train_c: -1.1750 train_max_dist: 3.2970 train_imax: -0.0000 train_imin: -1.1750 time: 3.4702s
INFO:root:Epoch: 1730 lr: 0.01 train_loss: 87685.9688 train_distortion: 0.4055 train_mapscore: 0.0811 train_c: -1.1755 train_max_dist: 3.2995 train_imax: -0.0000 train_imin: -1.1755 time: 2.5361s
INFO:root:Epoch: 1735 lr: 0.01 train_loss: 87676.0312 train_distortion: 0.4052 train_mapscore: 0.0855 train_c: -1.1760 train_max_dist: 3.3000 train_imax: -0.0000 train_imin: -1.1760 time: 3.2899s
INFO:root:Epoch: 1740 lr: 0.01 train_loss: 87666.0547 train_distortion: 0.4049 train_mapscore: 0.0849 train_c: -1.1765 train_max_dist: 3.3027 train_imax: -0.0000 train_imin: -1.1765 time: 2.3372s
INFO:root:Epoch: 1745 lr: 0.01 train_loss: 87656.0703 train_distortion: 0.4047 train_mapscore: 0.0836 train_c: -1.1770 train_max_dist: 3.3030 train_imax: -0.0000 train_imin: -1.1770 time: 3.5470s
INFO:root:Epoch: 1750 lr: 0.01 train_loss: 87646.1094 train_distortion: 0.4044 train_mapscore: 0.0836 train_c: -1.1775 train_max_dist: 3.3058 train_imax: -0.0000 train_imin: -1.1775 time: 2.8099s
INFO:root:Epoch: 1755 lr: 0.01 train_loss: 87636.1250 train_distortion: 0.4041 train_mapscore: 0.0837 train_c: -1.1781 train_max_dist: 3.3052 train_imax: -0.0000 train_imin: -1.1781 time: 2.3282s
INFO:root:Epoch: 1760 lr: 0.01 train_loss: 87626.1562 train_distortion: 0.4038 train_mapscore: 0.0841 train_c: -1.1786 train_max_dist: 3.3087 train_imax: -0.0000 train_imin: -1.1786 time: 3.1673s
INFO:root:Epoch: 1765 lr: 0.01 train_loss: 87616.1328 train_distortion: 0.4035 train_mapscore: 0.0830 train_c: -1.1791 train_max_dist: 3.3104 train_imax: -0.0000 train_imin: -1.1791 time: 3.2311s
INFO:root:Epoch: 1770 lr: 0.01 train_loss: 87606.1250 train_distortion: 0.4032 train_mapscore: 0.0821 train_c: -1.1796 train_max_dist: 3.3111 train_imax: -0.0000 train_imin: -1.1796 time: 2.2893s
INFO:root:Epoch: 1775 lr: 0.01 train_loss: 87596.1094 train_distortion: 0.4030 train_mapscore: 0.0828 train_c: -1.1801 train_max_dist: 3.3118 train_imax: -0.0000 train_imin: -1.1801 time: 3.2303s
INFO:root:Epoch: 1780 lr: 0.01 train_loss: 87586.0859 train_distortion: 0.4027 train_mapscore: 0.0841 train_c: -1.1806 train_max_dist: 3.3144 train_imax: -0.0000 train_imin: -1.1806 time: 2.7091s
INFO:root:Epoch: 1785 lr: 0.01 train_loss: 87576.0469 train_distortion: 0.4024 train_mapscore: 0.0841 train_c: -1.1811 train_max_dist: 3.3144 train_imax: -0.0000 train_imin: -1.1811 time: 3.3979s
INFO:root:Epoch: 1790 lr: 0.01 train_loss: 87566.0234 train_distortion: 0.4021 train_mapscore: 0.0830 train_c: -1.1816 train_max_dist: 3.3162 train_imax: -0.0000 train_imin: -1.1816 time: 2.2699s
INFO:root:Epoch: 1795 lr: 0.01 train_loss: 87555.9688 train_distortion: 0.4018 train_mapscore: 0.0825 train_c: -1.1821 train_max_dist: 3.3192 train_imax: -0.0000 train_imin: -1.1821 time: 3.2643s
INFO:root:Epoch: 1800 lr: 0.01 train_loss: 87545.9453 train_distortion: 0.4015 train_mapscore: 0.0846 train_c: -1.1826 train_max_dist: 3.3189 train_imax: -0.0000 train_imin: -1.1826 time: 1.8252s
INFO:root:Epoch: 1805 lr: 0.01 train_loss: 87535.8828 train_distortion: 0.4013 train_mapscore: 0.0837 train_c: -1.1831 train_max_dist: 3.3216 train_imax: -0.0000 train_imin: -1.1831 time: 3.5474s
INFO:root:Epoch: 1810 lr: 0.01 train_loss: 87525.8125 train_distortion: 0.4010 train_mapscore: 0.0819 train_c: -1.1836 train_max_dist: 3.3220 train_imax: -0.0000 train_imin: -1.1836 time: 2.3668s
INFO:root:Epoch: 1815 lr: 0.01 train_loss: 87515.7344 train_distortion: 0.4007 train_mapscore: 0.0815 train_c: -1.1841 train_max_dist: 3.3228 train_imax: -0.0000 train_imin: -1.1841 time: 3.4001s
INFO:root:Epoch: 1820 lr: 0.01 train_loss: 87505.6719 train_distortion: 0.4004 train_mapscore: 0.0845 train_c: -1.1846 train_max_dist: 3.3256 train_imax: -0.0000 train_imin: -1.1846 time: 2.3162s
INFO:root:Epoch: 1825 lr: 0.01 train_loss: 87495.6250 train_distortion: 0.4001 train_mapscore: 0.0834 train_c: -1.1851 train_max_dist: 3.3259 train_imax: -0.0000 train_imin: -1.1851 time: 3.2516s
INFO:root:Epoch: 1830 lr: 0.01 train_loss: 87485.5156 train_distortion: 0.3998 train_mapscore: 0.0834 train_c: -1.1856 train_max_dist: 3.3288 train_imax: -0.0000 train_imin: -1.1856 time: 1.9417s
INFO:root:Epoch: 1835 lr: 0.01 train_loss: 87475.3906 train_distortion: 0.3995 train_mapscore: 0.0824 train_c: -1.1861 train_max_dist: 3.3288 train_imax: -0.0000 train_imin: -1.1861 time: 3.5353s
INFO:root:Epoch: 1840 lr: 0.01 train_loss: 87465.2188 train_distortion: 0.3993 train_mapscore: 0.0841 train_c: -1.1866 train_max_dist: 3.3291 train_imax: -0.0000 train_imin: -1.1866 time: 1.8411s
INFO:root:Epoch: 1845 lr: 0.01 train_loss: 87455.0469 train_distortion: 0.3990 train_mapscore: 0.0838 train_c: -1.1871 train_max_dist: 3.3318 train_imax: -0.0000 train_imin: -1.1871 time: 3.2344s
INFO:root:Epoch: 1850 lr: 0.01 train_loss: 87444.5000 train_distortion: 0.3987 train_mapscore: 0.0818 train_c: -1.1876 train_max_dist: 3.3322 train_imax: -0.0000 train_imin: -1.1876 time: 1.7892s
INFO:root:Epoch: 1855 lr: 0.01 train_loss: 87432.5156 train_distortion: 0.3984 train_mapscore: 0.0835 train_c: -1.1881 train_max_dist: 3.3330 train_imax: -0.0000 train_imin: -1.1881 time: 3.4773s
INFO:root:Epoch: 1860 lr: 0.01 train_loss: 87418.9844 train_distortion: 0.3982 train_mapscore: 0.0844 train_c: -1.1886 train_max_dist: 3.3330 train_imax: -0.0000 train_imin: -1.1886 time: 2.1877s
INFO:root:Epoch: 1865 lr: 0.01 train_loss: 87407.1094 train_distortion: 0.3979 train_mapscore: 0.0907 train_c: -1.1891 train_max_dist: 3.3251 train_imax: -0.0000 train_imin: -1.1891 time: 2.1677s
INFO:root:Epoch: 1870 lr: 0.01 train_loss: 87396.1094 train_distortion: 0.3976 train_mapscore: 0.0941 train_c: -1.1896 train_max_dist: 3.3304 train_imax: -0.0000 train_imin: -1.1896 time: 3.1810s
INFO:root:Epoch: 1875 lr: 0.01 train_loss: 87385.1484 train_distortion: 0.3973 train_mapscore: 0.0969 train_c: -1.1901 train_max_dist: 3.3367 train_imax: -0.0000 train_imin: -1.1901 time: 1.8186s
INFO:root:Epoch: 1880 lr: 0.01 train_loss: 87382.2500 train_distortion: 0.3970 train_mapscore: 0.0823 train_c: -1.1906 train_max_dist: 3.4012 train_imax: 0.0130 train_imin: -1.1906 time: 3.7480s
INFO:root:Epoch: 1885 lr: 0.01 train_loss: 87368.2656 train_distortion: 0.3967 train_mapscore: 0.0825 train_c: -1.1911 train_max_dist: 3.3459 train_imax: -0.0000 train_imin: -1.1911 time: 2.7323s
INFO:root:Epoch: 1890 lr: 0.01 train_loss: 87357.5078 train_distortion: 0.3965 train_mapscore: 0.0846 train_c: -1.1916 train_max_dist: 3.3371 train_imax: -0.0000 train_imin: -1.1916 time: 3.3474s
INFO:root:Epoch: 1895 lr: 0.01 train_loss: 87344.9219 train_distortion: 0.3962 train_mapscore: 0.0853 train_c: -1.1922 train_max_dist: 3.3486 train_imax: -0.0000 train_imin: -1.1922 time: 3.4975s
INFO:root:Epoch: 1900 lr: 0.01 train_loss: 87332.9688 train_distortion: 0.3959 train_mapscore: 0.0854 train_c: -1.1927 train_max_dist: 3.3434 train_imax: -0.0000 train_imin: -1.1927 time: 3.5623s
INFO:root:Epoch: 1905 lr: 0.01 train_loss: 87321.9453 train_distortion: 0.3956 train_mapscore: 0.0909 train_c: -1.1932 train_max_dist: 3.3552 train_imax: -0.0000 train_imin: -1.1932 time: 1.7920s
INFO:root:Epoch: 1910 lr: 0.01 train_loss: 87311.1719 train_distortion: 0.3953 train_mapscore: 0.0919 train_c: -1.1937 train_max_dist: 3.3542 train_imax: -0.0000 train_imin: -1.1937 time: 2.8062s
INFO:root:Epoch: 1915 lr: 0.01 train_loss: 87302.5156 train_distortion: 0.3951 train_mapscore: 0.0826 train_c: -1.1942 train_max_dist: 3.3531 train_imax: -0.0000 train_imin: -1.1942 time: 1.7221s
INFO:root:Epoch: 1920 lr: 0.01 train_loss: 87294.0000 train_distortion: 0.3949 train_mapscore: 0.0866 train_c: -1.1947 train_max_dist: 3.3621 train_imax: -0.0000 train_imin: -1.1947 time: 3.3467s
INFO:root:Epoch: 1925 lr: 0.01 train_loss: 87281.9375 train_distortion: 0.3945 train_mapscore: 0.0825 train_c: -1.1952 train_max_dist: 3.3560 train_imax: -0.0000 train_imin: -1.1952 time: 1.5972s
INFO:root:Epoch: 1930 lr: 0.01 train_loss: 87271.3672 train_distortion: 0.3942 train_mapscore: 0.0830 train_c: -1.1957 train_max_dist: 3.3604 train_imax: -0.0000 train_imin: -1.1957 time: 3.1229s
INFO:root:Epoch: 1935 lr: 0.01 train_loss: 87260.9141 train_distortion: 0.3939 train_mapscore: 0.0800 train_c: -1.1962 train_max_dist: 3.3645 train_imax: -0.0000 train_imin: -1.1962 time: 1.7853s
INFO:root:Epoch: 1940 lr: 0.01 train_loss: 87316.8906 train_distortion: 0.3939 train_mapscore: 0.0806 train_c: -1.1967 train_max_dist: 3.3632 train_imax: -0.0000 train_imin: -1.1967 time: 2.0150s
INFO:root:Epoch: 1945 lr: 0.01 train_loss: 87246.2891 train_distortion: 0.3934 train_mapscore: 0.0774 train_c: -1.1972 train_max_dist: 3.3957 train_imax: 0.0018 train_imin: -1.1972 time: 3.1367s
INFO:root:Epoch: 1950 lr: 0.01 train_loss: 87234.9375 train_distortion: 0.3931 train_mapscore: 0.0828 train_c: -1.1977 train_max_dist: 3.4225 train_imax: -0.0000 train_imin: -1.1977 time: 2.5295s
INFO:root:Epoch: 1955 lr: 0.01 train_loss: 87259.8906 train_distortion: 0.3930 train_mapscore: 0.0787 train_c: -1.1982 train_max_dist: 3.3695 train_imax: -0.0000 train_imin: -1.1982 time: 3.4241s
INFO:root:Epoch: 1960 lr: 0.01 train_loss: 87213.0938 train_distortion: 0.3926 train_mapscore: 0.0762 train_c: -1.1987 train_max_dist: 3.4033 train_imax: -0.0000 train_imin: -1.1987 time: 2.3223s
INFO:root:Epoch: 1965 lr: 0.01 train_loss: 87200.2656 train_distortion: 0.3922 train_mapscore: 0.0788 train_c: -1.1992 train_max_dist: 3.4341 train_imax: -0.0000 train_imin: -1.1992 time: 3.4853s
INFO:root:Epoch: 1970 lr: 0.01 train_loss: 87191.7812 train_distortion: 0.3920 train_mapscore: 0.0752 train_c: -1.1997 train_max_dist: 3.4125 train_imax: -0.0000 train_imin: -1.1997 time: 3.0691s
INFO:root:Epoch: 1975 lr: 0.01 train_loss: 87180.7578 train_distortion: 0.3917 train_mapscore: 0.0788 train_c: -1.2002 train_max_dist: 3.4260 train_imax: -0.0000 train_imin: -1.2002 time: 2.4481s
INFO:root:Epoch: 1980 lr: 0.01 train_loss: 87169.2500 train_distortion: 0.3914 train_mapscore: 0.0791 train_c: -1.2007 train_max_dist: 3.4287 train_imax: -0.0000 train_imin: -1.2007 time: 3.1904s
INFO:root:Epoch: 1985 lr: 0.01 train_loss: 87199.3750 train_distortion: 0.3912 train_mapscore: 0.0824 train_c: -1.2012 train_max_dist: 3.3845 train_imax: -0.0000 train_imin: -1.2012 time: 3.2601s
INFO:root:Epoch: 1990 lr: 0.01 train_loss: 87147.4062 train_distortion: 0.3908 train_mapscore: 0.0808 train_c: -1.2017 train_max_dist: 3.4225 train_imax: -0.0000 train_imin: -1.2017 time: 2.6105s
INFO:root:Epoch: 1995 lr: 0.01 train_loss: 87136.1953 train_distortion: 0.3905 train_mapscore: 0.0831 train_c: -1.2022 train_max_dist: 3.4212 train_imax: -0.0000 train_imin: -1.2022 time: 3.5618s
INFO:root:Epoch: 2000 lr: 0.0025 train_loss: 87126.2188 train_distortion: 0.3902 train_mapscore: 0.0826 train_c: -1.2027 train_max_dist: 3.4146 train_imax: -0.0000 train_imin: -1.2027 time: 2.2739s
INFO:root:Optimization Finished!
INFO:root:Total time elapsed: 5581.4274s
INFO:root:Val set results: val_distortion: 1.0000 val_mapscore: -1.0000 val_c: -1.0000 val_max_dist: 0.0000
INFO:root:Test set results: test_loss: 87123.9922 test_distortion: 0.3902 test_mapscore: 0.0816 test_c: -1.2028 test_max_dist: 3.4147 test_imax: -0.0000 test_imin: -1.2028
INFO:root:Saved model in /workspace/xiongbo/hgcn/logs/md/2021_5_1/12
