INFO:root:Using: cuda:0
INFO:root:Using seed 1234.
INFO:root:MDModel(
  (encoder): HGCN(
    (layers): Sequential(
      (0): HyperbolicGraphConvolution(
        (linear): HypLinear(
          in_features=3032, out_features=10, c=Parameter containing:
          tensor([-1.], requires_grad=True)
        )
        (agg): HypAgg(
          c=Parameter containing:
          tensor([-1.], requires_grad=True)
        )
        (hyp_act): HypAct(
          c_in=Parameter containing:
          tensor([-1.], requires_grad=True), c_out=Parameter containing:
          tensor([-1.], requires_grad=True)
        )
      )
    )
  )
  (decoder): MDDecoder()
)
INFO:root:Total number of parameters: 30332
/workspace/anaconda3/envs/geo/lib/python3.7/site-packages/torch/optim/lr_scheduler.py:370: UserWarning: To get the last learning rate computed by the scheduler, please use `get_last_lr()`.
  "please use `get_last_lr()`.", UserWarning)
INFO:root:Epoch: 0005 lr: 0.001 train_loss: 102210.0000 train_distortion: 0.7768 train_mapscore: 0.0134 train_c: -1.0004 train_max_dist: 1.5339 train_imax: -0.0000 train_imin: -1.5337 time: 3.1018s
INFO:root:Epoch: 0010 lr: 0.001 train_loss: 101100.6953 train_distortion: 0.7513 train_mapscore: 0.0240 train_c: -1.0009 train_max_dist: 1.6465 train_imax: -0.0000 train_imin: -1.5762 time: 4.6853s
INFO:root:Epoch: 0015 lr: 0.001 train_loss: 99990.8125 train_distortion: 0.7261 train_mapscore: 0.0463 train_c: -1.0014 train_max_dist: 1.7441 train_imax: -0.0000 train_imin: -1.6902 time: 4.5514s
INFO:root:Epoch: 0020 lr: 0.001 train_loss: 98946.4844 train_distortion: 0.7027 train_mapscore: 0.0762 train_c: -1.0020 train_max_dist: 1.8688 train_imax: -0.0000 train_imin: -1.7836 time: 4.5468s
INFO:root:Epoch: 0025 lr: 0.001 train_loss: 97993.5859 train_distortion: 0.6814 train_mapscore: 0.1064 train_c: -1.0026 train_max_dist: 2.0155 train_imax: -0.0000 train_imin: -1.8661 time: 4.5411s
INFO:root:Epoch: 0030 lr: 0.001 train_loss: 97131.2109 train_distortion: 0.6623 train_mapscore: 0.1378 train_c: -1.0032 train_max_dist: 2.1938 train_imax: -0.0000 train_imin: -1.9363 time: 3.9027s
INFO:root:Epoch: 0035 lr: 0.001 train_loss: 96337.5234 train_distortion: 0.6446 train_mapscore: 0.1720 train_c: -1.0038 train_max_dist: 2.4104 train_imax: -0.0000 train_imin: -1.9995 time: 3.7184s
INFO:root:Epoch: 0040 lr: 0.001 train_loss: 95588.4844 train_distortion: 0.6281 train_mapscore: 0.2057 train_c: -1.0044 train_max_dist: 2.8617 train_imax: -0.0000 train_imin: -2.1253 time: 2.9387s
INFO:root:Epoch: 0045 lr: 0.001 train_loss: 94865.6875 train_distortion: 0.6125 train_mapscore: 0.2379 train_c: -1.0051 train_max_dist: 3.3632 train_imax: -0.0000 train_imin: -2.2556 time: 2.3909s
INFO:root:Epoch: 0050 lr: 0.001 train_loss: 94154.2266 train_distortion: 0.5975 train_mapscore: 0.2682 train_c: -1.0058 train_max_dist: 3.8724 train_imax: -0.0000 train_imin: -2.3382 time: 4.1077s
INFO:root:Epoch: 0055 lr: 0.001 train_loss: 93438.1484 train_distortion: 0.5827 train_mapscore: 0.3023 train_c: -1.0065 train_max_dist: 4.4169 train_imax: -0.0000 train_imin: -2.3727 time: 1.7708s
INFO:root:Epoch: 0060 lr: 0.001 train_loss: 92712.3750 train_distortion: 0.5683 train_mapscore: 0.3400 train_c: -1.0071 train_max_dist: 4.9070 train_imax: -0.0000 train_imin: -2.3700 time: 4.1886s
INFO:root:Epoch: 0065 lr: 0.001 train_loss: 91973.9219 train_distortion: 0.5541 train_mapscore: 0.3764 train_c: -1.0079 train_max_dist: 5.3629 train_imax: -0.0000 train_imin: -2.4954 time: 1.9558s
INFO:root:Epoch: 0070 lr: 0.001 train_loss: 91223.9922 train_distortion: 0.5401 train_mapscore: 0.4080 train_c: -1.0086 train_max_dist: 5.8120 train_imax: -0.0000 train_imin: -2.6105 time: 2.1259s
INFO:root:Epoch: 0075 lr: 0.001 train_loss: 90459.5078 train_distortion: 0.5263 train_mapscore: 0.4371 train_c: -1.0093 train_max_dist: 6.2547 train_imax: -0.0000 train_imin: -2.7191 time: 3.0991s
INFO:root:Epoch: 0080 lr: 0.001 train_loss: 89693.0859 train_distortion: 0.5127 train_mapscore: 0.4630 train_c: -1.0100 train_max_dist: 6.6281 train_imax: -0.0000 train_imin: -2.8127 time: 3.5168s
INFO:root:Epoch: 0085 lr: 0.001 train_loss: 88928.0625 train_distortion: 0.4990 train_mapscore: 0.4779 train_c: -1.0108 train_max_dist: 7.0885 train_imax: -0.0000 train_imin: -2.8826 time: 3.3607s
INFO:root:Epoch: 0090 lr: 0.001 train_loss: 88167.7344 train_distortion: 0.4858 train_mapscore: 0.4941 train_c: -1.0115 train_max_dist: 7.4878 train_imax: -0.0000 train_imin: -2.9477 time: 2.7735s
INFO:root:Epoch: 0095 lr: 0.001 train_loss: 87410.6562 train_distortion: 0.4726 train_mapscore: 0.5129 train_c: -1.0123 train_max_dist: 7.9282 train_imax: -0.0000 train_imin: -2.9928 time: 3.8364s
INFO:root:Epoch: 0100 lr: 0.001 train_loss: 86691.7812 train_distortion: 0.4595 train_mapscore: 0.5182 train_c: -1.0130 train_max_dist: 8.2554 train_imax: -0.0000 train_imin: -3.0138 time: 2.3773s
INFO:root:Epoch: 0105 lr: 0.001 train_loss: 85941.7734 train_distortion: 0.4466 train_mapscore: 0.5283 train_c: -1.0138 train_max_dist: 8.5437 train_imax: -0.0000 train_imin: -3.0259 time: 2.9400s
INFO:root:Epoch: 0110 lr: 0.001 train_loss: 85232.5312 train_distortion: 0.4338 train_mapscore: 0.5306 train_c: -1.0145 train_max_dist: 8.8505 train_imax: -0.0000 train_imin: -3.0444 time: 3.0015s
INFO:root:Epoch: 0115 lr: 0.001 train_loss: 84504.5156 train_distortion: 0.4212 train_mapscore: 0.5370 train_c: -1.0153 train_max_dist: 9.1707 train_imax: 0.0460 train_imin: -3.0935 time: 2.8497s
INFO:root:Epoch: 0120 lr: 0.001 train_loss: 83802.5234 train_distortion: 0.4086 train_mapscore: 0.5263 train_c: -1.0161 train_max_dist: 9.4527 train_imax: 0.1169 train_imin: -3.1985 time: 4.1049s
INFO:root:Epoch: 0125 lr: 0.001 train_loss: 83081.0781 train_distortion: 0.3962 train_mapscore: 0.5355 train_c: -1.0169 train_max_dist: 9.6309 train_imax: 0.1809 train_imin: -3.2873 time: 2.0977s
INFO:root:Epoch: 0130 lr: 0.001 train_loss: 82371.0625 train_distortion: 0.3838 train_mapscore: 0.5359 train_c: -1.0176 train_max_dist: 9.9388 train_imax: 0.2276 train_imin: -3.3243 time: 2.0674s
INFO:root:Epoch: 0135 lr: 0.001 train_loss: 81746.1094 train_distortion: 0.3720 train_mapscore: 0.5242 train_c: -1.0184 train_max_dist: 10.1470 train_imax: 0.2968 train_imin: -3.4209 time: 3.2350s
INFO:root:Epoch: 0140 lr: 0.001 train_loss: 81039.9688 train_distortion: 0.3601 train_mapscore: 0.5217 train_c: -1.0192 train_max_dist: 10.2955 train_imax: 0.3532 train_imin: -3.5600 time: 2.1161s
INFO:root:Epoch: 0145 lr: 0.001 train_loss: 80333.8125 train_distortion: 0.3480 train_mapscore: 0.5198 train_c: -1.0199 train_max_dist: 10.5315 train_imax: 0.3898 train_imin: -3.7491 time: 4.1499s
INFO:root:Epoch: 0150 lr: 0.001 train_loss: 79622.1719 train_distortion: 0.3363 train_mapscore: 0.5144 train_c: -1.0207 train_max_dist: 10.7340 train_imax: 0.4666 train_imin: -3.8794 time: 3.3821s
INFO:root:Epoch: 0155 lr: 0.001 train_loss: 78886.7656 train_distortion: 0.3246 train_mapscore: 0.5264 train_c: -1.0215 train_max_dist: 10.9397 train_imax: 0.5308 train_imin: -3.9909 time: 1.7407s
INFO:root:Epoch: 0160 lr: 0.001 train_loss: 78298.2656 train_distortion: 0.3141 train_mapscore: 0.5045 train_c: -1.0222 train_max_dist: 11.1618 train_imax: 0.6159 train_imin: -4.1191 time: 4.1724s
INFO:root:Epoch: 0165 lr: 0.001 train_loss: 77579.9766 train_distortion: 0.3031 train_mapscore: 0.5194 train_c: -1.0230 train_max_dist: 11.4070 train_imax: 0.6982 train_imin: -4.2287 time: 3.3988s
INFO:root:Epoch: 0170 lr: 0.001 train_loss: 76828.1094 train_distortion: 0.2919 train_mapscore: 0.5149 train_c: -1.0238 train_max_dist: 11.6387 train_imax: 0.7183 train_imin: -4.3541 time: 1.7038s
INFO:root:Epoch: 0175 lr: 0.001 train_loss: 76044.5781 train_distortion: 0.2809 train_mapscore: 0.5123 train_c: -1.0246 train_max_dist: 11.8549 train_imax: 0.7565 train_imin: -4.5019 time: 4.2465s
INFO:root:Epoch: 0180 lr: 0.001 train_loss: 75273.0156 train_distortion: 0.2701 train_mapscore: 0.5273 train_c: -1.0253 train_max_dist: 12.0760 train_imax: 0.8318 train_imin: -4.6146 time: 2.0295s
INFO:root:Epoch: 0185 lr: 0.001 train_loss: 74475.8125 train_distortion: 0.2596 train_mapscore: 0.5255 train_c: -1.0261 train_max_dist: 12.3167 train_imax: 0.9120 train_imin: -4.7796 time: 3.6175s
INFO:root:Epoch: 0190 lr: 0.001 train_loss: 73651.6094 train_distortion: 0.2494 train_mapscore: 0.5295 train_c: -1.0269 train_max_dist: 12.5800 train_imax: 0.8802 train_imin: -4.8776 time: 3.8461s
INFO:root:Epoch: 0195 lr: 0.001 train_loss: 72852.7656 train_distortion: 0.2396 train_mapscore: 0.5128 train_c: -1.0277 train_max_dist: 12.8837 train_imax: 0.9626 train_imin: -5.0356 time: 2.5424s
INFO:root:Epoch: 0200 lr: 0.001 train_loss: 71963.0156 train_distortion: 0.2300 train_mapscore: 0.5191 train_c: -1.0285 train_max_dist: 13.1398 train_imax: 0.7762 train_imin: -5.2260 time: 4.1584s
INFO:root:Epoch: 0205 lr: 0.001 train_loss: 71060.9219 train_distortion: 0.2209 train_mapscore: 0.5220 train_c: -1.0293 train_max_dist: 13.4344 train_imax: 1.1472 train_imin: -5.4405 time: 4.1500s
INFO:root:Epoch: 0210 lr: 0.001 train_loss: 70157.6250 train_distortion: 0.2122 train_mapscore: 0.5306 train_c: -1.0300 train_max_dist: 13.7240 train_imax: 1.2980 train_imin: -5.6226 time: 3.3761s
INFO:root:Epoch: 0215 lr: 0.001 train_loss: 69233.7656 train_distortion: 0.2040 train_mapscore: 0.5266 train_c: -1.0308 train_max_dist: 14.0420 train_imax: 1.3773 train_imin: -5.7829 time: 3.8483s
INFO:root:Epoch: 0220 lr: 0.001 train_loss: 68292.6406 train_distortion: 0.1967 train_mapscore: 0.5235 train_c: -1.0316 train_max_dist: 14.3165 train_imax: 1.5765 train_imin: -5.9311 time: 3.5130s
INFO:root:Epoch: 0225 lr: 0.001 train_loss: 67326.4922 train_distortion: 0.1901 train_mapscore: 0.5298 train_c: -1.0324 train_max_dist: 14.6796 train_imax: 1.5981 train_imin: -6.1269 time: 1.8264s
INFO:root:Epoch: 0230 lr: 0.001 train_loss: 66339.5312 train_distortion: 0.1843 train_mapscore: 0.5253 train_c: -1.0332 train_max_dist: 15.0189 train_imax: 1.9118 train_imin: -6.4597 time: 2.2910s
INFO:root:Epoch: 0235 lr: 0.001 train_loss: 65304.5703 train_distortion: 0.1797 train_mapscore: 0.5326 train_c: -1.0340 train_max_dist: 15.3657 train_imax: 1.8974 train_imin: -6.7243 time: 3.9457s
INFO:root:Epoch: 0240 lr: 0.001 train_loss: 64293.4219 train_distortion: 0.1761 train_mapscore: 0.5237 train_c: -1.0348 train_max_dist: 15.7207 train_imax: 1.9838 train_imin: -7.0383 time: 3.4180s
INFO:root:Epoch: 0245 lr: 0.001 train_loss: 63137.5078 train_distortion: 0.1738 train_mapscore: 0.5436 train_c: -1.0356 train_max_dist: 16.0523 train_imax: 2.3195 train_imin: -7.0710 time: 1.7149s
INFO:root:Epoch: 0250 lr: 0.001 train_loss: 62050.6992 train_distortion: 0.1731 train_mapscore: 0.5498 train_c: -1.0364 train_max_dist: 16.4288 train_imax: 2.7511 train_imin: -7.3946 time: 3.8614s
INFO:root:Epoch: 0255 lr: 0.001 train_loss: 60939.7773 train_distortion: 0.1740 train_mapscore: 0.5536 train_c: -1.0372 train_max_dist: 16.7787 train_imax: 2.5942 train_imin: -7.6802 time: 3.2919s
INFO:root:Epoch: 0260 lr: 0.001 train_loss: 59781.9219 train_distortion: 0.1769 train_mapscore: 0.5612 train_c: -1.0380 train_max_dist: 17.1442 train_imax: 3.0286 train_imin: -7.8840 time: 1.7160s
INFO:root:Epoch: 0265 lr: 0.001 train_loss: 58620.8828 train_distortion: 0.1816 train_mapscore: 0.5735 train_c: -1.0388 train_max_dist: 17.5268 train_imax: 3.5951 train_imin: -8.1126 time: 3.9168s
INFO:root:Epoch: 0270 lr: 0.001 train_loss: 57539.3047 train_distortion: 0.1885 train_mapscore: 0.5738 train_c: -1.0396 train_max_dist: 17.9161 train_imax: 3.5045 train_imin: -8.5058 time: 3.2650s
INFO:root:Epoch: 0275 lr: 0.001 train_loss: 56343.1680 train_distortion: 0.1977 train_mapscore: 0.5876 train_c: -1.0404 train_max_dist: 18.3337 train_imax: 4.2368 train_imin: -8.7455 time: 1.7941s
INFO:root:Epoch: 0280 lr: 0.001 train_loss: 55174.8242 train_distortion: 0.2095 train_mapscore: 0.5973 train_c: -1.0412 train_max_dist: 18.6715 train_imax: 4.4507 train_imin: -8.9967 time: 1.7040s
INFO:root:Epoch: 0285 lr: 0.001 train_loss: 54006.1484 train_distortion: 0.2236 train_mapscore: 0.6127 train_c: -1.0420 train_max_dist: 19.0519 train_imax: 4.9749 train_imin: -9.4465 time: 3.9300s
INFO:root:Epoch: 0290 lr: 0.001 train_loss: 52850.2930 train_distortion: 0.2406 train_mapscore: 0.6334 train_c: -1.0428 train_max_dist: 19.4706 train_imax: 5.1567 train_imin: -9.8894 time: 3.3519s
INFO:root:Epoch: 0295 lr: 0.001 train_loss: 51726.0156 train_distortion: 0.2605 train_mapscore: 0.6334 train_c: -1.0436 train_max_dist: 19.8292 train_imax: 5.1374 train_imin: -10.0338 time: 1.7852s
INFO:root:Epoch: 0300 lr: 0.001 train_loss: 50602.5117 train_distortion: 0.2832 train_mapscore: 0.6507 train_c: -1.0443 train_max_dist: 20.2034 train_imax: 5.4507 train_imin: -10.6318 time: 1.6968s
INFO:root:Epoch: 0305 lr: 0.001 train_loss: 49506.6055 train_distortion: 0.3088 train_mapscore: 0.6683 train_c: -1.0451 train_max_dist: 20.5266 train_imax: 6.3024 train_imin: -10.9843 time: 3.9192s
INFO:root:Epoch: 0310 lr: 0.001 train_loss: 48359.8086 train_distortion: 0.3376 train_mapscore: 0.6873 train_c: -1.0459 train_max_dist: 20.9028 train_imax: 6.3092 train_imin: -11.4659 time: 3.3935s
INFO:root:Epoch: 0315 lr: 0.001 train_loss: 47269.9766 train_distortion: 0.3690 train_mapscore: 0.7145 train_c: -1.0466 train_max_dist: 21.2654 train_imax: 6.9964 train_imin: -11.7425 time: 1.6991s
INFO:root:Epoch: 0320 lr: 0.001 train_loss: 46203.5859 train_distortion: 0.4030 train_mapscore: 0.7410 train_c: -1.0473 train_max_dist: 21.6449 train_imax: 7.3500 train_imin: -11.8242 time: 3.9031s
INFO:root:Epoch: 0325 lr: 0.001 train_loss: 45111.9062 train_distortion: 0.4403 train_mapscore: 0.7549 train_c: -1.0481 train_max_dist: 21.9707 train_imax: 7.4777 train_imin: -12.5202 time: 3.3962s
INFO:root:Epoch: 0330 lr: 0.001 train_loss: 44084.9570 train_distortion: 0.4804 train_mapscore: 0.7700 train_c: -1.0488 train_max_dist: 22.3057 train_imax: 7.0630 train_imin: -12.9264 time: 1.7068s
INFO:root:Epoch: 0335 lr: 0.001 train_loss: 43017.4688 train_distortion: 0.5231 train_mapscore: 0.7900 train_c: -1.0495 train_max_dist: 22.6410 train_imax: 8.1845 train_imin: -13.6436 time: 3.8809s
INFO:root:Epoch: 0340 lr: 0.001 train_loss: 41982.9375 train_distortion: 0.5683 train_mapscore: 0.8121 train_c: -1.0502 train_max_dist: 22.9470 train_imax: 9.1554 train_imin: -13.9969 time: 3.4100s
INFO:root:Epoch: 0345 lr: 0.001 train_loss: 40925.8320 train_distortion: 0.6178 train_mapscore: 0.8245 train_c: -1.0508 train_max_dist: 23.2639 train_imax: 7.3939 train_imin: -14.5277 time: 1.9697s
INFO:root:Epoch: 0350 lr: 0.001 train_loss: 39876.3008 train_distortion: 0.6691 train_mapscore: 0.8435 train_c: -1.0515 train_max_dist: 23.5591 train_imax: 9.0328 train_imin: -14.6449 time: 3.9540s
INFO:root:Epoch: 0355 lr: 0.001 train_loss: 38832.3984 train_distortion: 0.7244 train_mapscore: 0.8471 train_c: -1.0522 train_max_dist: 23.8534 train_imax: 8.6817 train_imin: -15.2210 time: 3.4296s
INFO:root:Epoch: 0360 lr: 0.001 train_loss: 37796.0625 train_distortion: 0.7837 train_mapscore: 0.8599 train_c: -1.0528 train_max_dist: 24.1689 train_imax: 8.7538 train_imin: -15.7933 time: 1.7261s
INFO:root:Epoch: 0365 lr: 0.001 train_loss: 36769.1484 train_distortion: 0.8468 train_mapscore: 0.8701 train_c: -1.0535 train_max_dist: 24.4700 train_imax: 9.7904 train_imin: -16.3809 time: 3.9696s
INFO:root:Epoch: 0370 lr: 0.001 train_loss: 35756.3906 train_distortion: 0.9147 train_mapscore: 0.8815 train_c: -1.0541 train_max_dist: 24.8279 train_imax: 9.3964 train_imin: -17.1218 time: 3.0604s
INFO:root:Epoch: 0375 lr: 0.001 train_loss: 34661.5547 train_distortion: 0.9871 train_mapscore: 0.8886 train_c: -1.0548 train_max_dist: 25.1006 train_imax: 9.0166 train_imin: -17.7001 time: 1.7291s
INFO:root:Epoch: 0380 lr: 0.001 train_loss: 33724.0781 train_distortion: 1.0650 train_mapscore: 0.8951 train_c: -1.0554 train_max_dist: 25.4243 train_imax: 8.7229 train_imin: -18.4904 time: 4.0101s
INFO:root:Epoch: 0385 lr: 0.001 train_loss: 32717.8203 train_distortion: 1.1469 train_mapscore: 0.8997 train_c: -1.0560 train_max_dist: 25.7000 train_imax: 10.9344 train_imin: -19.0718 time: 3.3272s
INFO:root:Epoch: 0390 lr: 0.001 train_loss: 31700.9336 train_distortion: 1.2351 train_mapscore: 0.9057 train_c: -1.0566 train_max_dist: 26.0647 train_imax: 9.5983 train_imin: -19.8843 time: 2.4435s
INFO:root:Epoch: 0395 lr: 0.001 train_loss: 30707.5391 train_distortion: 1.3276 train_mapscore: 0.9116 train_c: -1.0573 train_max_dist: 26.3401 train_imax: 10.3411 train_imin: -20.3295 time: 4.1022s
INFO:root:Epoch: 0400 lr: 0.001 train_loss: 29776.5664 train_distortion: 1.4263 train_mapscore: 0.9175 train_c: -1.0579 train_max_dist: 26.7209 train_imax: 10.1060 train_imin: -21.2044 time: 3.1829s
INFO:root:Epoch: 0405 lr: 0.001 train_loss: 29001.7773 train_distortion: 1.5281 train_mapscore: 0.9187 train_c: -1.0585 train_max_dist: 27.0596 train_imax: 10.2888 train_imin: -22.0207 time: 2.2419s
INFO:root:Epoch: 0410 lr: 0.001 train_loss: 28144.6777 train_distortion: 1.6352 train_mapscore: 0.9220 train_c: -1.0591 train_max_dist: 27.3875 train_imax: 11.2759 train_imin: -22.9384 time: 3.0871s
INFO:root:Epoch: 0415 lr: 0.001 train_loss: 27209.6582 train_distortion: 1.7460 train_mapscore: 0.9289 train_c: -1.0596 train_max_dist: 27.6882 train_imax: 11.5816 train_imin: -24.3339 time: 2.2731s
INFO:root:Epoch: 0420 lr: 0.001 train_loss: 26747.7734 train_distortion: 1.8617 train_mapscore: 0.9299 train_c: -1.0602 train_max_dist: 28.0088 train_imax: 11.4650 train_imin: -25.1440 time: 3.9517s
INFO:root:Epoch: 0425 lr: 0.001 train_loss: 25784.2129 train_distortion: 1.9784 train_mapscore: 0.9316 train_c: -1.0607 train_max_dist: 28.3147 train_imax: 10.3761 train_imin: -26.0048 time: 3.2408s
INFO:root:Epoch: 0430 lr: 0.001 train_loss: 24873.3398 train_distortion: 2.0995 train_mapscore: 0.9388 train_c: -1.0613 train_max_dist: 28.6445 train_imax: 13.3020 train_imin: -25.7424 time: 2.2058s
INFO:root:Epoch: 0435 lr: 0.001 train_loss: 24240.4648 train_distortion: 2.2276 train_mapscore: 0.9414 train_c: -1.0618 train_max_dist: 28.9766 train_imax: 14.9527 train_imin: -26.8202 time: 4.1142s
INFO:root:Epoch: 0440 lr: 0.001 train_loss: 23385.8359 train_distortion: 2.3583 train_mapscore: 0.9451 train_c: -1.0623 train_max_dist: 29.3091 train_imax: 13.2377 train_imin: -27.5825 time: 3.4463s
INFO:root:Epoch: 0445 lr: 0.001 train_loss: 22641.5664 train_distortion: 2.4913 train_mapscore: 0.9481 train_c: -1.0628 train_max_dist: 29.5869 train_imax: 12.4023 train_imin: -28.1093 time: 1.7256s
INFO:root:Epoch: 0450 lr: 0.001 train_loss: 28456.0762 train_distortion: 2.5186 train_mapscore: 0.8365 train_c: -1.0633 train_max_dist: 29.6328 train_imax: 13.6718 train_imin: -30.4414 time: 3.8756s
INFO:root:Epoch: 0455 lr: 0.001 train_loss: 30836.3691 train_distortion: 2.4880 train_mapscore: 0.7830 train_c: -1.0638 train_max_dist: 29.4780 train_imax: 14.3462 train_imin: -32.9494 time: 3.4687s
INFO:root:Epoch: 0460 lr: 0.001 train_loss: 30462.7070 train_distortion: 2.5186 train_mapscore: 0.7741 train_c: -1.0642 train_max_dist: 29.5220 train_imax: 15.1687 train_imin: -33.4376 time: 1.7516s
INFO:root:Epoch: 0465 lr: 0.001 train_loss: 29236.7031 train_distortion: 2.5974 train_mapscore: 0.7883 train_c: -1.0647 train_max_dist: 29.6660 train_imax: 16.1942 train_imin: -34.0858 time: 3.8630s
INFO:root:Epoch: 0470 lr: 0.001 train_loss: 27788.3047 train_distortion: 2.7046 train_mapscore: 0.8123 train_c: -1.0651 train_max_dist: 29.9302 train_imax: 17.0057 train_imin: -34.7707 time: 2.6704s
INFO:root:Epoch: 0475 lr: 0.001 train_loss: 26431.5840 train_distortion: 2.8261 train_mapscore: 0.8329 train_c: -1.0655 train_max_dist: 30.2310 train_imax: 17.3586 train_imin: -35.3276 time: 1.8335s
INFO:root:Epoch: 0480 lr: 0.001 train_loss: 25163.6758 train_distortion: 2.9577 train_mapscore: 0.8523 train_c: -1.0659 train_max_dist: 30.5142 train_imax: 18.1197 train_imin: -35.9346 time: 3.8901s
INFO:root:Epoch: 0485 lr: 0.001 train_loss: 24005.1719 train_distortion: 3.0944 train_mapscore: 0.8733 train_c: -1.0663 train_max_dist: 30.8081 train_imax: 18.4387 train_imin: -36.5044 time: 3.4134s
INFO:root:Epoch: 0490 lr: 0.001 train_loss: 23082.1445 train_distortion: 3.2360 train_mapscore: 0.8856 train_c: -1.0667 train_max_dist: 31.0947 train_imax: 19.2774 train_imin: -37.1432 time: 1.8015s
INFO:root:Epoch: 0495 lr: 0.001 train_loss: 22263.4883 train_distortion: 3.3790 train_mapscore: 0.8980 train_c: -1.0671 train_max_dist: 31.4053 train_imax: 19.5482 train_imin: -37.7076 time: 3.9137s
INFO:root:Epoch: 0500 lr: 0.001 train_loss: 21433.4062 train_distortion: 3.5265 train_mapscore: 0.9073 train_c: -1.0674 train_max_dist: 31.7158 train_imax: 19.5656 train_imin: -38.3814 time: 3.4837s
INFO:root:Epoch: 0505 lr: 0.001 train_loss: 20811.0977 train_distortion: 3.6740 train_mapscore: 0.9163 train_c: -1.0678 train_max_dist: 32.0264 train_imax: 19.6437 train_imin: -39.1169 time: 1.7302s
INFO:root:Epoch: 0510 lr: 0.001 train_loss: 20238.5039 train_distortion: 3.8238 train_mapscore: 0.9227 train_c: -1.0682 train_max_dist: 32.3032 train_imax: 20.4992 train_imin: -39.8821 time: 3.8976s
INFO:root:Epoch: 0515 lr: 0.001 train_loss: 19652.4453 train_distortion: 3.9724 train_mapscore: 0.9302 train_c: -1.0685 train_max_dist: 32.6035 train_imax: 19.9154 train_imin: -40.6105 time: 3.5180s
INFO:root:Epoch: 0520 lr: 0.001 train_loss: 19435.1250 train_distortion: 4.1213 train_mapscore: 0.9336 train_c: -1.0689 train_max_dist: 32.8662 train_imax: 21.5385 train_imin: -41.3609 time: 1.7364s
INFO:root:Epoch: 0525 lr: 0.001 train_loss: 18942.8301 train_distortion: 4.2708 train_mapscore: 0.9368 train_c: -1.0692 train_max_dist: 33.1685 train_imax: 21.2486 train_imin: -42.1259 time: 3.9206s
INFO:root:Epoch: 0530 lr: 0.001 train_loss: 18473.5527 train_distortion: 4.4184 train_mapscore: 0.9395 train_c: -1.0695 train_max_dist: 33.4365 train_imax: 21.5681 train_imin: -42.7558 time: 3.4829s
INFO:root:Epoch: 0535 lr: 0.001 train_loss: 18093.0352 train_distortion: 4.5635 train_mapscore: 0.9434 train_c: -1.0698 train_max_dist: 33.7002 train_imax: 22.0463 train_imin: -43.3979 time: 1.7393s
INFO:root:Epoch: 0540 lr: 0.001 train_loss: 17797.4980 train_distortion: 4.7085 train_mapscore: 0.9460 train_c: -1.0701 train_max_dist: 34.0078 train_imax: 22.1809 train_imin: -44.0377 time: 3.8898s
INFO:root:Epoch: 0545 lr: 0.001 train_loss: 17238.8613 train_distortion: 4.8507 train_mapscore: 0.9488 train_c: -1.0704 train_max_dist: 34.2388 train_imax: 22.5579 train_imin: -44.5289 time: 3.4996s
INFO:root:Epoch: 0550 lr: 0.001 train_loss: 16941.8848 train_distortion: 4.9914 train_mapscore: 0.9510 train_c: -1.0707 train_max_dist: 34.4448 train_imax: 22.9420 train_imin: -45.1215 time: 1.7363s
INFO:root:Epoch: 0555 lr: 0.001 train_loss: 16646.6250 train_distortion: 5.1299 train_mapscore: 0.9532 train_c: -1.0709 train_max_dist: 34.6987 train_imax: 22.9735 train_imin: -45.7836 time: 3.8521s
INFO:root:Epoch: 0560 lr: 0.001 train_loss: 16447.2344 train_distortion: 5.2670 train_mapscore: 0.9549 train_c: -1.0712 train_max_dist: 34.9546 train_imax: 23.0435 train_imin: -46.2912 time: 3.4776s
INFO:root:Epoch: 0565 lr: 0.001 train_loss: 16291.3789 train_distortion: 5.4015 train_mapscore: 0.9562 train_c: -1.0715 train_max_dist: 35.1787 train_imax: 24.0265 train_imin: -47.0387 time: 1.7441s
INFO:root:Epoch: 0570 lr: 0.001 train_loss: 15997.5391 train_distortion: 5.5341 train_mapscore: 0.9578 train_c: -1.0717 train_max_dist: 35.3838 train_imax: 23.0712 train_imin: -47.4984 time: 3.8427s
INFO:root:Epoch: 0575 lr: 0.001 train_loss: 15671.4277 train_distortion: 5.6612 train_mapscore: 0.9591 train_c: -1.0719 train_max_dist: 35.5859 train_imax: 23.8533 train_imin: -47.8270 time: 3.4766s
INFO:root:Epoch: 0580 lr: 0.001 train_loss: 15442.4697 train_distortion: 5.7883 train_mapscore: 0.9596 train_c: -1.0722 train_max_dist: 35.7920 train_imax: 25.1161 train_imin: -48.4672 time: 1.7463s
INFO:root:Epoch: 0585 lr: 0.001 train_loss: 15154.2217 train_distortion: 5.9122 train_mapscore: 0.9612 train_c: -1.0724 train_max_dist: 35.9805 train_imax: 25.3839 train_imin: -48.9286 time: 3.9244s
INFO:root:Epoch: 0590 lr: 0.001 train_loss: 14982.4180 train_distortion: 6.0335 train_mapscore: 0.9611 train_c: -1.0726 train_max_dist: 36.1553 train_imax: 24.9413 train_imin: -49.3063 time: 3.4623s
INFO:root:Epoch: 0595 lr: 0.001 train_loss: 14901.6123 train_distortion: 6.1537 train_mapscore: 0.9616 train_c: -1.0728 train_max_dist: 36.3262 train_imax: 24.5617 train_imin: -49.5561 time: 1.7401s
INFO:root:Epoch: 0600 lr: 0.001 train_loss: 14669.3867 train_distortion: 6.2682 train_mapscore: 0.9624 train_c: -1.0730 train_max_dist: 36.4883 train_imax: 25.8267 train_imin: -50.0033 time: 3.9174s
INFO:root:Epoch: 0605 lr: 0.001 train_loss: 14631.8867 train_distortion: 6.3789 train_mapscore: 0.9632 train_c: -1.0732 train_max_dist: 36.6738 train_imax: 26.5782 train_imin: -50.3390 time: 3.4588s
INFO:root:Epoch: 0610 lr: 0.001 train_loss: 14450.1143 train_distortion: 6.4898 train_mapscore: 0.9638 train_c: -1.0733 train_max_dist: 36.8047 train_imax: 24.7884 train_imin: -50.6364 time: 1.7653s
INFO:root:Epoch: 0615 lr: 0.001 train_loss: 14298.8057 train_distortion: 6.5953 train_mapscore: 0.9642 train_c: -1.0735 train_max_dist: 36.9893 train_imax: 25.9189 train_imin: -50.9918 time: 3.8676s
INFO:root:Epoch: 0620 lr: 0.001 train_loss: 14232.2656 train_distortion: 6.6974 train_mapscore: 0.9640 train_c: -1.0737 train_max_dist: 37.1436 train_imax: 25.8622 train_imin: -51.1711 time: 3.4290s
INFO:root:Epoch: 0625 lr: 0.001 train_loss: 14214.2324 train_distortion: 6.7965 train_mapscore: 0.9639 train_c: -1.0738 train_max_dist: 37.2900 train_imax: 26.6160 train_imin: -51.6437 time: 1.7401s
INFO:root:Epoch: 0630 lr: 0.001 train_loss: 13959.2734 train_distortion: 6.8931 train_mapscore: 0.9652 train_c: -1.0740 train_max_dist: 37.4082 train_imax: 26.0137 train_imin: -52.0166 time: 3.9444s
INFO:root:Epoch: 0635 lr: 0.001 train_loss: 13790.2607 train_distortion: 6.9853 train_mapscore: 0.9654 train_c: -1.0741 train_max_dist: 37.5664 train_imax: 26.1585 train_imin: -51.8719 time: 3.4750s
INFO:root:Epoch: 0640 lr: 0.001 train_loss: 13794.9844 train_distortion: 7.0775 train_mapscore: 0.9658 train_c: -1.0743 train_max_dist: 37.6943 train_imax: 25.9630 train_imin: -52.2340 time: 1.7515s
INFO:root:Epoch: 0645 lr: 0.001 train_loss: 13675.3691 train_distortion: 7.1632 train_mapscore: 0.9658 train_c: -1.0744 train_max_dist: 37.8027 train_imax: 28.1266 train_imin: -52.2559 time: 3.9121s
INFO:root:Epoch: 0650 lr: 0.001 train_loss: 13546.4941 train_distortion: 7.2507 train_mapscore: 0.9658 train_c: -1.0745 train_max_dist: 37.8936 train_imax: 26.8170 train_imin: -52.5629 time: 3.4689s
INFO:root:Epoch: 0655 lr: 0.001 train_loss: 13564.0938 train_distortion: 7.3349 train_mapscore: 0.9661 train_c: -1.0747 train_max_dist: 38.0107 train_imax: 26.0635 train_imin: -52.3750 time: 1.7418s
INFO:root:Epoch: 0660 lr: 0.001 train_loss: 13576.5410 train_distortion: 7.4132 train_mapscore: 0.9668 train_c: -1.0748 train_max_dist: 38.1328 train_imax: 28.3186 train_imin: -52.7630 time: 4.0224s
INFO:root:Epoch: 0665 lr: 0.001 train_loss: 13374.9336 train_distortion: 7.4918 train_mapscore: 0.9666 train_c: -1.0749 train_max_dist: 38.2666 train_imax: 27.7137 train_imin: -52.6271 time: 3.0345s
INFO:root:Epoch: 0670 lr: 0.001 train_loss: 13328.5166 train_distortion: 7.5653 train_mapscore: 0.9672 train_c: -1.0750 train_max_dist: 38.3926 train_imax: 28.2072 train_imin: -52.8046 time: 2.0434s
INFO:root:Epoch: 0675 lr: 0.001 train_loss: 13328.9619 train_distortion: 7.6389 train_mapscore: 0.9669 train_c: -1.0751 train_max_dist: 38.4795 train_imax: 26.7489 train_imin: -52.9763 time: 3.9620s
INFO:root:Epoch: 0680 lr: 0.001 train_loss: 13300.8359 train_distortion: 7.7075 train_mapscore: 0.9668 train_c: -1.0752 train_max_dist: 38.5615 train_imax: 27.5849 train_imin: -53.4083 time: 3.9958s
INFO:root:Epoch: 0685 lr: 0.001 train_loss: 13108.4697 train_distortion: 7.7747 train_mapscore: 0.9677 train_c: -1.0753 train_max_dist: 38.6719 train_imax: 27.9091 train_imin: -53.5956 time: 3.4580s
INFO:root:Epoch: 0690 lr: 0.001 train_loss: 13139.3828 train_distortion: 7.8422 train_mapscore: 0.9679 train_c: -1.0754 train_max_dist: 38.7529 train_imax: 27.4239 train_imin: -53.8052 time: 1.7358s
INFO:root:Epoch: 0695 lr: 0.001 train_loss: 13102.8447 train_distortion: 7.9058 train_mapscore: 0.9679 train_c: -1.0755 train_max_dist: 38.8535 train_imax: 28.4083 train_imin: -54.0644 time: 3.9370s
INFO:root:Epoch: 0700 lr: 0.001 train_loss: 13032.1875 train_distortion: 7.9669 train_mapscore: 0.9679 train_c: -1.0756 train_max_dist: 38.9297 train_imax: 28.3055 train_imin: -54.3205 time: 3.9590s
INFO:root:Epoch: 0705 lr: 0.001 train_loss: 13005.0264 train_distortion: 8.0276 train_mapscore: 0.9681 train_c: -1.0757 train_max_dist: 38.9883 train_imax: 28.4393 train_imin: -54.6250 time: 1.8407s
INFO:root:Epoch: 0710 lr: 0.001 train_loss: 12898.7383 train_distortion: 8.0854 train_mapscore: 0.9685 train_c: -1.0758 train_max_dist: 39.0615 train_imax: 28.2788 train_imin: -54.9743 time: 3.6055s
INFO:root:Epoch: 0715 lr: 0.001 train_loss: 12826.7148 train_distortion: 8.1433 train_mapscore: 0.9687 train_c: -1.0759 train_max_dist: 39.1719 train_imax: 28.3431 train_imin: -55.0946 time: 2.0325s
INFO:root:Epoch: 0720 lr: 0.001 train_loss: 12765.5859 train_distortion: 8.1997 train_mapscore: 0.9688 train_c: -1.0760 train_max_dist: 39.2500 train_imax: 28.3642 train_imin: -55.6313 time: 1.7846s
INFO:root:Epoch: 0725 lr: 0.001 train_loss: 12784.5908 train_distortion: 8.2528 train_mapscore: 0.9687 train_c: -1.0760 train_max_dist: 39.3086 train_imax: 28.5018 train_imin: -55.9043 time: 1.6222s
INFO:root:Epoch: 0730 lr: 0.001 train_loss: 12691.8164 train_distortion: 8.3067 train_mapscore: 0.9689 train_c: -1.0761 train_max_dist: 39.3623 train_imax: 28.9179 train_imin: -55.8503 time: 3.9734s
INFO:root:Epoch: 0735 lr: 0.001 train_loss: 12645.5508 train_distortion: 8.3584 train_mapscore: 0.9690 train_c: -1.0762 train_max_dist: 39.4385 train_imax: 28.3001 train_imin: -55.9202 time: 2.8019s
INFO:root:Epoch: 0740 lr: 0.001 train_loss: 12604.0361 train_distortion: 8.4088 train_mapscore: 0.9692 train_c: -1.0763 train_max_dist: 39.5088 train_imax: 28.3536 train_imin: -56.4519 time: 2.2302s
INFO:root:Epoch: 0745 lr: 0.001 train_loss: 12631.0371 train_distortion: 8.4577 train_mapscore: 0.9694 train_c: -1.0763 train_max_dist: 39.5918 train_imax: 28.7500 train_imin: -56.3583 time: 2.2752s
INFO:root:Epoch: 0750 lr: 0.001 train_loss: 12625.8906 train_distortion: 8.5048 train_mapscore: 0.9692 train_c: -1.0764 train_max_dist: 39.6660 train_imax: 28.8037 train_imin: -56.2636 time: 4.0369s
INFO:root:Epoch: 0755 lr: 0.001 train_loss: 12469.6172 train_distortion: 8.5530 train_mapscore: 0.9693 train_c: -1.0765 train_max_dist: 39.7305 train_imax: 28.5100 train_imin: -56.5029 time: 3.3319s
INFO:root:Epoch: 0760 lr: 0.001 train_loss: 12296.4990 train_distortion: 8.5986 train_mapscore: 0.9700 train_c: -1.0765 train_max_dist: 39.8037 train_imax: 28.7455 train_imin: -56.6773 time: 3.2588s
INFO:root:Epoch: 0765 lr: 0.001 train_loss: 12318.3887 train_distortion: 8.6441 train_mapscore: 0.9702 train_c: -1.0766 train_max_dist: 39.8633 train_imax: 28.7949 train_imin: -56.9989 time: 3.4122s
INFO:root:Epoch: 0770 lr: 0.001 train_loss: 12485.8809 train_distortion: 8.6866 train_mapscore: 0.9706 train_c: -1.0767 train_max_dist: 39.9189 train_imax: 30.2324 train_imin: -57.1539 time: 2.1276s
INFO:root:Epoch: 0775 lr: 0.001 train_loss: 12326.7764 train_distortion: 8.7331 train_mapscore: 0.9708 train_c: -1.0767 train_max_dist: 39.9844 train_imax: 27.9514 train_imin: -57.3557 time: 3.2868s
INFO:root:Epoch: 0780 lr: 0.001 train_loss: 12304.4043 train_distortion: 8.7757 train_mapscore: 0.9706 train_c: -1.0768 train_max_dist: 40.0391 train_imax: 29.5960 train_imin: -57.6241 time: 2.8485s
INFO:root:Epoch: 0785 lr: 0.001 train_loss: 12165.2744 train_distortion: 8.8186 train_mapscore: 0.9706 train_c: -1.0768 train_max_dist: 40.0938 train_imax: 29.2703 train_imin: -57.6735 time: 2.9255s
INFO:root:Epoch: 0790 lr: 0.001 train_loss: 12287.7852 train_distortion: 8.8595 train_mapscore: 0.9706 train_c: -1.0769 train_max_dist: 40.1367 train_imax: 29.2174 train_imin: -57.9044 time: 1.8706s
INFO:root:Epoch: 0795 lr: 0.001 train_loss: 12077.8018 train_distortion: 8.8980 train_mapscore: 0.9706 train_c: -1.0769 train_max_dist: 40.1855 train_imax: 28.9079 train_imin: -57.9712 time: 1.9737s
INFO:root:Epoch: 0800 lr: 0.001 train_loss: 12053.0967 train_distortion: 8.9387 train_mapscore: 0.9708 train_c: -1.0770 train_max_dist: 40.2285 train_imax: 29.9297 train_imin: -58.1771 time: 2.4891s
INFO:root:Epoch: 0805 lr: 0.001 train_loss: 12071.0781 train_distortion: 8.9777 train_mapscore: 0.9706 train_c: -1.0770 train_max_dist: 40.2959 train_imax: 30.7061 train_imin: -58.2603 time: 3.8589s
INFO:root:Epoch: 0810 lr: 0.001 train_loss: 12021.2627 train_distortion: 9.0156 train_mapscore: 0.9708 train_c: -1.0771 train_max_dist: 40.3477 train_imax: 30.2042 train_imin: -58.4755 time: 3.8471s
INFO:root:Epoch: 0815 lr: 0.001 train_loss: 12042.1191 train_distortion: 9.0534 train_mapscore: 0.9706 train_c: -1.0771 train_max_dist: 40.3848 train_imax: 30.2700 train_imin: -58.7881 time: 3.4320s
INFO:root:Epoch: 0820 lr: 0.001 train_loss: 11963.4678 train_distortion: 9.0885 train_mapscore: 0.9708 train_c: -1.0772 train_max_dist: 40.4316 train_imax: 28.5138 train_imin: -58.8316 time: 1.7377s
INFO:root:Epoch: 0825 lr: 0.001 train_loss: 11851.7031 train_distortion: 9.1248 train_mapscore: 0.9711 train_c: -1.0772 train_max_dist: 40.4775 train_imax: 28.6618 train_imin: -58.9464 time: 3.8049s
INFO:root:Epoch: 0830 lr: 0.001 train_loss: 11876.3457 train_distortion: 9.1592 train_mapscore: 0.9714 train_c: -1.0773 train_max_dist: 40.5176 train_imax: 30.0576 train_imin: -58.8120 time: 3.1726s
INFO:root:Epoch: 0835 lr: 0.001 train_loss: 11849.9453 train_distortion: 9.1943 train_mapscore: 0.9714 train_c: -1.0773 train_max_dist: 40.5723 train_imax: 29.1688 train_imin: -58.8049 time: 2.2466s
INFO:root:Epoch: 0840 lr: 0.001 train_loss: 11946.7285 train_distortion: 9.2290 train_mapscore: 0.9713 train_c: -1.0774 train_max_dist: 40.6211 train_imax: 29.2939 train_imin: -58.9155 time: 3.6118s
INFO:root:Epoch: 0845 lr: 0.001 train_loss: 11934.9434 train_distortion: 9.2609 train_mapscore: 0.9714 train_c: -1.0774 train_max_dist: 40.6562 train_imax: 28.4576 train_imin: -59.0483 time: 3.8130s
INFO:root:Epoch: 0850 lr: 0.001 train_loss: 11839.0459 train_distortion: 9.2929 train_mapscore: 0.9713 train_c: -1.0775 train_max_dist: 40.6953 train_imax: 29.7389 train_imin: -59.1449 time: 3.4227s
INFO:root:Epoch: 0855 lr: 0.001 train_loss: 11739.8242 train_distortion: 9.3248 train_mapscore: 0.9715 train_c: -1.0775 train_max_dist: 40.7305 train_imax: 29.5478 train_imin: -59.3551 time: 2.1361s
INFO:root:Epoch: 0860 lr: 0.001 train_loss: 11670.7246 train_distortion: 9.3551 train_mapscore: 0.9716 train_c: -1.0775 train_max_dist: 40.7734 train_imax: 29.9394 train_imin: -59.5071 time: 3.9555s
INFO:root:Epoch: 0865 lr: 0.001 train_loss: 11736.8232 train_distortion: 9.3862 train_mapscore: 0.9717 train_c: -1.0776 train_max_dist: 40.7871 train_imax: 29.4917 train_imin: -59.6739 time: 3.3990s
INFO:root:Epoch: 0870 lr: 0.001 train_loss: 11703.5518 train_distortion: 9.4177 train_mapscore: 0.9717 train_c: -1.0776 train_max_dist: 40.8457 train_imax: 29.5651 train_imin: -59.7507 time: 1.8462s
INFO:root:Epoch: 0875 lr: 0.001 train_loss: 11685.4570 train_distortion: 9.4506 train_mapscore: 0.9719 train_c: -1.0777 train_max_dist: 40.8750 train_imax: 28.6952 train_imin: -59.9719 time: 4.0675s
INFO:root:Epoch: 0880 lr: 0.001 train_loss: 11705.9141 train_distortion: 9.4796 train_mapscore: 0.9720 train_c: -1.0777 train_max_dist: 40.8857 train_imax: 30.3265 train_imin: -60.1646 time: 2.2733s
INFO:root:Epoch: 0885 lr: 0.001 train_loss: 11601.0586 train_distortion: 9.5082 train_mapscore: 0.9718 train_c: -1.0777 train_max_dist: 40.9355 train_imax: 29.5196 train_imin: -60.2226 time: 3.7492s
INFO:root:Epoch: 0890 lr: 0.001 train_loss: 11668.5645 train_distortion: 9.5389 train_mapscore: 0.9720 train_c: -1.0778 train_max_dist: 40.9668 train_imax: 29.4613 train_imin: -60.2787 time: 4.1655s
INFO:root:Epoch: 0895 lr: 0.001 train_loss: 11657.4971 train_distortion: 9.5661 train_mapscore: 0.9722 train_c: -1.0778 train_max_dist: 40.9834 train_imax: 30.1402 train_imin: -60.4093 time: 3.9648s
INFO:root:Epoch: 0900 lr: 0.001 train_loss: 11613.1035 train_distortion: 9.5929 train_mapscore: 0.9719 train_c: -1.0778 train_max_dist: 41.0312 train_imax: 29.3886 train_imin: -60.4978 time: 2.5312s
INFO:root:Epoch: 0905 lr: 0.001 train_loss: 11624.6348 train_distortion: 9.6198 train_mapscore: 0.9724 train_c: -1.0779 train_max_dist: 41.0732 train_imax: 29.9282 train_imin: -60.7929 time: 3.8880s
INFO:root:Epoch: 0910 lr: 0.001 train_loss: 11765.0098 train_distortion: 9.6438 train_mapscore: 0.9719 train_c: -1.0779 train_max_dist: 41.0947 train_imax: 29.4414 train_imin: -60.9792 time: 3.4530s
INFO:root:Epoch: 0915 lr: 0.001 train_loss: 11453.0566 train_distortion: 9.6661 train_mapscore: 0.9727 train_c: -1.0779 train_max_dist: 41.1309 train_imax: 29.1655 train_imin: -61.1382 time: 1.7669s
INFO:root:Epoch: 0920 lr: 0.001 train_loss: 11591.4648 train_distortion: 9.6913 train_mapscore: 0.9726 train_c: -1.0780 train_max_dist: 41.1523 train_imax: 29.5728 train_imin: -61.3882 time: 3.8246s
INFO:root:Epoch: 0925 lr: 0.001 train_loss: 11598.0977 train_distortion: 9.7119 train_mapscore: 0.9729 train_c: -1.0780 train_max_dist: 41.1816 train_imax: 30.4107 train_imin: -61.5219 time: 3.5545s
INFO:root:Epoch: 0930 lr: 0.001 train_loss: 11477.0078 train_distortion: 9.7355 train_mapscore: 0.9729 train_c: -1.0780 train_max_dist: 41.2129 train_imax: 29.4840 train_imin: -61.8573 time: 1.7541s
INFO:root:Epoch: 0935 lr: 0.001 train_loss: 11446.1133 train_distortion: 9.7569 train_mapscore: 0.9730 train_c: -1.0781 train_max_dist: 41.2246 train_imax: 30.2314 train_imin: -61.7807 time: 4.0054s
INFO:root:Epoch: 0940 lr: 0.001 train_loss: 11455.4229 train_distortion: 9.7801 train_mapscore: 0.9730 train_c: -1.0781 train_max_dist: 41.2754 train_imax: 29.7799 train_imin: -61.6288 time: 2.0848s
INFO:root:Epoch: 0945 lr: 0.001 train_loss: 11507.4668 train_distortion: 9.8038 train_mapscore: 0.9731 train_c: -1.0781 train_max_dist: 41.2910 train_imax: 29.5277 train_imin: -61.7721 time: 2.9079s
INFO:root:Epoch: 0950 lr: 0.001 train_loss: 11460.9922 train_distortion: 9.8256 train_mapscore: 0.9731 train_c: -1.0781 train_max_dist: 41.3281 train_imax: 31.2036 train_imin: -61.9978 time: 4.0786s
INFO:root:Epoch: 0955 lr: 0.001 train_loss: 11276.2832 train_distortion: 9.8495 train_mapscore: 0.9732 train_c: -1.0782 train_max_dist: 41.3457 train_imax: 28.7811 train_imin: -61.9718 time: 3.5331s
INFO:root:Epoch: 0960 lr: 0.001 train_loss: 11331.2754 train_distortion: 9.8730 train_mapscore: 0.9731 train_c: -1.0782 train_max_dist: 41.3682 train_imax: 30.0752 train_imin: -61.8871 time: 1.7294s
INFO:root:Epoch: 0965 lr: 0.001 train_loss: 11525.4355 train_distortion: 9.8962 train_mapscore: 0.9732 train_c: -1.0782 train_max_dist: 41.3867 train_imax: 30.5996 train_imin: -61.8234 time: 3.8441s
INFO:root:Epoch: 0970 lr: 0.001 train_loss: 11310.0225 train_distortion: 9.9199 train_mapscore: 0.9730 train_c: -1.0782 train_max_dist: 41.4062 train_imax: 29.3557 train_imin: -62.2438 time: 3.6005s
INFO:root:Epoch: 0975 lr: 0.001 train_loss: 11412.6836 train_distortion: 9.9405 train_mapscore: 0.9732 train_c: -1.0783 train_max_dist: 41.4355 train_imax: 30.4842 train_imin: -62.3128 time: 1.6943s
INFO:root:Epoch: 0980 lr: 0.001 train_loss: 11363.5078 train_distortion: 9.9611 train_mapscore: 0.9732 train_c: -1.0783 train_max_dist: 41.4756 train_imax: 29.8178 train_imin: -62.5086 time: 3.2357s
INFO:root:Epoch: 0985 lr: 0.001 train_loss: 11333.4229 train_distortion: 9.9812 train_mapscore: 0.9733 train_c: -1.0783 train_max_dist: 41.4785 train_imax: 29.6382 train_imin: -62.4571 time: 4.1365s
INFO:root:Epoch: 0990 lr: 0.001 train_loss: 11391.9014 train_distortion: 9.9996 train_mapscore: 0.9732 train_c: -1.0783 train_max_dist: 41.5068 train_imax: 29.0046 train_imin: -62.6340 time: 4.0410s
INFO:root:Epoch: 0995 lr: 0.001 train_loss: 11401.2598 train_distortion: 10.0183 train_mapscore: 0.9731 train_c: -1.0784 train_max_dist: 41.5410 train_imax: 29.9585 train_imin: -62.6974 time: 3.4234s
INFO:root:Epoch: 1000 lr: 0.001 train_loss: 11334.2402 train_distortion: 10.0363 train_mapscore: 0.9734 train_c: -1.0784 train_max_dist: 41.5703 train_imax: 29.4185 train_imin: -62.7254 time: 1.7393s
INFO:root:Epoch: 1005 lr: 0.001 train_loss: 11372.8281 train_distortion: 10.0568 train_mapscore: 0.9734 train_c: -1.0784 train_max_dist: 41.5684 train_imax: 29.5212 train_imin: -62.9420 time: 3.9553s
INFO:root:Epoch: 1010 lr: 0.001 train_loss: 11161.7637 train_distortion: 10.0721 train_mapscore: 0.9738 train_c: -1.0784 train_max_dist: 41.5801 train_imax: 29.9137 train_imin: -63.1044 time: 2.6133s
INFO:root:Epoch: 1015 lr: 0.001 train_loss: 11237.1602 train_distortion: 10.0920 train_mapscore: 0.9738 train_c: -1.0785 train_max_dist: 41.6016 train_imax: 30.1269 train_imin: -63.0344 time: 1.7500s
INFO:root:Epoch: 1020 lr: 0.001 train_loss: 11243.4355 train_distortion: 10.1131 train_mapscore: 0.9739 train_c: -1.0785 train_max_dist: 41.6328 train_imax: 30.4063 train_imin: -62.9515 time: 3.8825s
INFO:root:Epoch: 1025 lr: 0.001 train_loss: 11200.1182 train_distortion: 10.1337 train_mapscore: 0.9738 train_c: -1.0785 train_max_dist: 41.6523 train_imax: 28.9573 train_imin: -63.1458 time: 3.3806s
INFO:root:Epoch: 1030 lr: 0.001 train_loss: 11218.5547 train_distortion: 10.1523 train_mapscore: 0.9740 train_c: -1.0785 train_max_dist: 41.6758 train_imax: 29.6123 train_imin: -63.3493 time: 1.7788s
INFO:root:Epoch: 1035 lr: 0.001 train_loss: 11247.8340 train_distortion: 10.1705 train_mapscore: 0.9738 train_c: -1.0785 train_max_dist: 41.7021 train_imax: 29.6697 train_imin: -63.7458 time: 3.8254s
INFO:root:Epoch: 1040 lr: 0.001 train_loss: 11237.0908 train_distortion: 10.1888 train_mapscore: 0.9745 train_c: -1.0786 train_max_dist: 41.7285 train_imax: 30.1316 train_imin: -63.5732 time: 3.4465s
INFO:root:Epoch: 1045 lr: 0.001 train_loss: 11271.4473 train_distortion: 10.2065 train_mapscore: 0.9744 train_c: -1.0786 train_max_dist: 41.7158 train_imax: 29.7997 train_imin: -63.5794 time: 1.7435s
INFO:root:Epoch: 1050 lr: 0.001 train_loss: 11091.1689 train_distortion: 10.2223 train_mapscore: 0.9746 train_c: -1.0786 train_max_dist: 41.7598 train_imax: 30.6375 train_imin: -63.4764 time: 3.8654s
INFO:root:Epoch: 1055 lr: 0.001 train_loss: 11065.5996 train_distortion: 10.2406 train_mapscore: 0.9750 train_c: -1.0786 train_max_dist: 41.7949 train_imax: 29.9150 train_imin: -63.7421 time: 3.0619s
INFO:root:Epoch: 1060 lr: 0.001 train_loss: 11273.9824 train_distortion: 10.2576 train_mapscore: 0.9746 train_c: -1.0786 train_max_dist: 41.8164 train_imax: 30.0239 train_imin: -64.0884 time: 1.7273s
INFO:root:Epoch: 1065 lr: 0.001 train_loss: 11286.6787 train_distortion: 10.2711 train_mapscore: 0.9749 train_c: -1.0787 train_max_dist: 41.8271 train_imax: 30.0778 train_imin: -63.9952 time: 3.8972s
INFO:root:Epoch: 1070 lr: 0.001 train_loss: 11136.2383 train_distortion: 10.2861 train_mapscore: 0.9750 train_c: -1.0787 train_max_dist: 41.8350 train_imax: 30.0425 train_imin: -64.2187 time: 3.6271s
INFO:root:Epoch: 1075 lr: 0.001 train_loss: 11101.0371 train_distortion: 10.3037 train_mapscore: 0.9747 train_c: -1.0787 train_max_dist: 41.8457 train_imax: 30.4983 train_imin: -64.2104 time: 1.7665s
INFO:root:Epoch: 1080 lr: 0.001 train_loss: 11099.2910 train_distortion: 10.3169 train_mapscore: 0.9749 train_c: -1.0787 train_max_dist: 41.8555 train_imax: 30.5746 train_imin: -64.1944 time: 3.9021s
INFO:root:Epoch: 1085 lr: 0.001 train_loss: 11136.4629 train_distortion: 10.3355 train_mapscore: 0.9754 train_c: -1.0787 train_max_dist: 41.8906 train_imax: 29.3741 train_imin: -64.4983 time: 3.4236s
INFO:root:Epoch: 1090 lr: 0.001 train_loss: 11044.9512 train_distortion: 10.3511 train_mapscore: 0.9755 train_c: -1.0787 train_max_dist: 41.8965 train_imax: 31.0665 train_imin: -64.5508 time: 1.7622s
INFO:root:Epoch: 1095 lr: 0.001 train_loss: 11011.2090 train_distortion: 10.3678 train_mapscore: 0.9757 train_c: -1.0788 train_max_dist: 41.9062 train_imax: 30.1196 train_imin: -64.7364 time: 3.8984s
INFO:root:Epoch: 1100 lr: 0.001 train_loss: 11024.6836 train_distortion: 10.3839 train_mapscore: 0.9756 train_c: -1.0788 train_max_dist: 41.9336 train_imax: 29.9721 train_imin: -64.9388 time: 3.4273s
INFO:root:Epoch: 1105 lr: 0.001 train_loss: 11024.5088 train_distortion: 10.4016 train_mapscore: 0.9756 train_c: -1.0788 train_max_dist: 41.9609 train_imax: 30.0675 train_imin: -64.9159 time: 1.7279s
INFO:root:Epoch: 1110 lr: 0.001 train_loss: 10937.5986 train_distortion: 10.4174 train_mapscore: 0.9756 train_c: -1.0788 train_max_dist: 42.0059 train_imax: 30.6493 train_imin: -64.9606 time: 4.0619s
INFO:root:Epoch: 1115 lr: 0.001 train_loss: 10914.3711 train_distortion: 10.4348 train_mapscore: 0.9754 train_c: -1.0788 train_max_dist: 42.0156 train_imax: 30.1805 train_imin: -65.2715 time: 2.0353s
INFO:root:Epoch: 1120 lr: 0.001 train_loss: 10903.1738 train_distortion: 10.4530 train_mapscore: 0.9755 train_c: -1.0789 train_max_dist: 42.0488 train_imax: 31.8057 train_imin: -65.3354 time: 3.9047s
INFO:root:Epoch: 1125 lr: 0.001 train_loss: 10979.2246 train_distortion: 10.4704 train_mapscore: 0.9758 train_c: -1.0789 train_max_dist: 42.0684 train_imax: 31.5017 train_imin: -65.5156 time: 4.1190s
INFO:root:Epoch: 1130 lr: 0.001 train_loss: 10853.8965 train_distortion: 10.4878 train_mapscore: 0.9762 train_c: -1.0789 train_max_dist: 42.0840 train_imax: 31.1318 train_imin: -65.7340 time: 3.5568s
INFO:root:Epoch: 1135 lr: 0.001 train_loss: 10977.8750 train_distortion: 10.5061 train_mapscore: 0.9760 train_c: -1.0789 train_max_dist: 42.1152 train_imax: 31.0751 train_imin: -65.6898 time: 3.7779s
INFO:root:Epoch: 1140 lr: 0.001 train_loss: 10944.4307 train_distortion: 10.5210 train_mapscore: 0.9759 train_c: -1.0789 train_max_dist: 42.1348 train_imax: 31.0722 train_imin: -65.6090 time: 3.4198s
INFO:root:Epoch: 1145 lr: 0.001 train_loss: 10882.7236 train_distortion: 10.5357 train_mapscore: 0.9757 train_c: -1.0789 train_max_dist: 42.1504 train_imax: 30.4821 train_imin: -65.7621 time: 1.7325s
INFO:root:Epoch: 1150 lr: 0.001 train_loss: 10984.1406 train_distortion: 10.5512 train_mapscore: 0.9763 train_c: -1.0790 train_max_dist: 42.1719 train_imax: 30.1990 train_imin: -65.7174 time: 4.0613s
INFO:root:Epoch: 1155 lr: 0.001 train_loss: 11048.8730 train_distortion: 10.5641 train_mapscore: 0.9765 train_c: -1.0790 train_max_dist: 42.1836 train_imax: 30.6830 train_imin: -65.8607 time: 1.8419s
INFO:root:Epoch: 1160 lr: 0.001 train_loss: 10968.9102 train_distortion: 10.5777 train_mapscore: 0.9764 train_c: -1.0790 train_max_dist: 42.1875 train_imax: 30.6441 train_imin: -65.9661 time: 2.5485s
INFO:root:Epoch: 1165 lr: 0.001 train_loss: 10973.7969 train_distortion: 10.5907 train_mapscore: 0.9767 train_c: -1.0790 train_max_dist: 42.2168 train_imax: 30.8745 train_imin: -66.0928 time: 3.6255s
INFO:root:Epoch: 1170 lr: 0.001 train_loss: 10941.4863 train_distortion: 10.6024 train_mapscore: 0.9768 train_c: -1.0790 train_max_dist: 42.2383 train_imax: 30.5608 train_imin: -66.0412 time: 1.7421s
INFO:root:Epoch: 1175 lr: 0.001 train_loss: 10843.7305 train_distortion: 10.6148 train_mapscore: 0.9765 train_c: -1.0790 train_max_dist: 42.2539 train_imax: 30.3088 train_imin: -66.1470 time: 3.9125s
INFO:root:Epoch: 1180 lr: 0.001 train_loss: 11441.8086 train_distortion: 10.6286 train_mapscore: 0.9737 train_c: -1.0790 train_max_dist: 42.2793 train_imax: 37.5477 train_imin: -66.1464 time: 3.5031s
INFO:root:Epoch: 1185 lr: 0.001 train_loss: 11704.3438 train_distortion: 10.6406 train_mapscore: 0.9721 train_c: -1.0790 train_max_dist: 42.2871 train_imax: 18.7376 train_imin: -68.2043 time: 3.8917s
INFO:root:Epoch: 1190 lr: 0.001 train_loss: 11069.5537 train_distortion: 10.6395 train_mapscore: 0.9763 train_c: -1.0790 train_max_dist: 42.3164 train_imax: 32.1116 train_imin: -67.8747 time: 3.4506s
INFO:root:Epoch: 1195 lr: 0.001 train_loss: 10971.6680 train_distortion: 10.6443 train_mapscore: 0.9767 train_c: -1.0790 train_max_dist: 42.3438 train_imax: 32.4179 train_imin: -68.4325 time: 1.7256s
INFO:root:Epoch: 1200 lr: 0.001 train_loss: 10928.3359 train_distortion: 10.6530 train_mapscore: 0.9770 train_c: -1.0790 train_max_dist: 42.3672 train_imax: 32.5879 train_imin: -69.4463 time: 3.8461s
INFO:root:Epoch: 1205 lr: 0.001 train_loss: 10846.8652 train_distortion: 10.6641 train_mapscore: 0.9768 train_c: -1.0790 train_max_dist: 42.3809 train_imax: 33.1394 train_imin: -69.6925 time: 3.4619s
INFO:root:Epoch: 1210 lr: 0.001 train_loss: 10851.3184 train_distortion: 10.6785 train_mapscore: 0.9766 train_c: -1.0790 train_max_dist: 42.3730 train_imax: 32.1306 train_imin: -68.8530 time: 1.7329s
INFO:root:Epoch: 1215 lr: 0.001 train_loss: 10875.2539 train_distortion: 10.6930 train_mapscore: 0.9767 train_c: -1.0790 train_max_dist: 42.3574 train_imax: 32.5168 train_imin: -69.1907 time: 3.9071s
INFO:root:Epoch: 1220 lr: 0.001 train_loss: 10827.5557 train_distortion: 10.7070 train_mapscore: 0.9770 train_c: -1.0791 train_max_dist: 42.3828 train_imax: 32.5936 train_imin: -69.4805 time: 3.4471s
INFO:root:Epoch: 1225 lr: 0.001 train_loss: 10733.6445 train_distortion: 10.7234 train_mapscore: 0.9770 train_c: -1.0791 train_max_dist: 42.4121 train_imax: 32.1725 train_imin: -69.3621 time: 1.7365s
INFO:root:Epoch: 1230 lr: 0.001 train_loss: 10741.1660 train_distortion: 10.7391 train_mapscore: 0.9771 train_c: -1.0791 train_max_dist: 42.4414 train_imax: 32.3244 train_imin: -69.5673 time: 3.8728s
INFO:root:Epoch: 1235 lr: 0.001 train_loss: 10712.9336 train_distortion: 10.7567 train_mapscore: 0.9774 train_c: -1.0791 train_max_dist: 42.4688 train_imax: 32.7836 train_imin: -69.7251 time: 3.4556s
INFO:root:Epoch: 1240 lr: 0.001 train_loss: 10650.0664 train_distortion: 10.7743 train_mapscore: 0.9776 train_c: -1.0791 train_max_dist: 42.5078 train_imax: 32.5179 train_imin: -69.8173 time: 2.5441s
INFO:root:Epoch: 1245 lr: 0.001 train_loss: 10683.9727 train_distortion: 10.7940 train_mapscore: 0.9778 train_c: -1.0791 train_max_dist: 42.5234 train_imax: 32.2607 train_imin: -69.8409 time: 3.8298s
INFO:root:Epoch: 1250 lr: 0.001 train_loss: 10603.1211 train_distortion: 10.8121 train_mapscore: 0.9778 train_c: -1.0791 train_max_dist: 42.5312 train_imax: 32.4175 train_imin: -69.9433 time: 3.3972s
INFO:root:Epoch: 1255 lr: 0.001 train_loss: 10662.2441 train_distortion: 10.8318 train_mapscore: 0.9778 train_c: -1.0792 train_max_dist: 42.5605 train_imax: 32.3564 train_imin: -69.9154 time: 1.8585s
INFO:root:Epoch: 1260 lr: 0.001 train_loss: 10925.8545 train_distortion: 10.8462 train_mapscore: 0.9778 train_c: -1.0792 train_max_dist: 42.5801 train_imax: 32.4781 train_imin: -70.0929 time: 3.9566s
INFO:root:Epoch: 1265 lr: 0.001 train_loss: 11510.2393 train_distortion: 10.8514 train_mapscore: 0.9727 train_c: -1.0792 train_max_dist: 42.5957 train_imax: 31.3128 train_imin: -70.1397 time: 3.4616s
INFO:root:Epoch: 1270 lr: 0.001 train_loss: 11483.5625 train_distortion: 10.8472 train_mapscore: 0.9727 train_c: -1.0792 train_max_dist: 42.5957 train_imax: 30.9887 train_imin: -69.9678 time: 1.7717s
INFO:root:Epoch: 1275 lr: 0.001 train_loss: 11190.0059 train_distortion: 10.8394 train_mapscore: 0.9737 train_c: -1.0792 train_max_dist: 42.5918 train_imax: 30.8821 train_imin: -69.9551 time: 3.9107s
INFO:root:Epoch: 1280 lr: 0.001 train_loss: 10975.4512 train_distortion: 10.8361 train_mapscore: 0.9758 train_c: -1.0792 train_max_dist: 42.6055 train_imax: 31.2496 train_imin: -69.9823 time: 3.4218s
INFO:root:Epoch: 1285 lr: 0.001 train_loss: 10814.2812 train_distortion: 10.8368 train_mapscore: 0.9767 train_c: -1.0792 train_max_dist: 42.6250 train_imax: 30.7557 train_imin: -69.9995 time: 1.8431s
INFO:root:Epoch: 1290 lr: 0.001 train_loss: 10691.8896 train_distortion: 10.8447 train_mapscore: 0.9774 train_c: -1.0792 train_max_dist: 42.6152 train_imax: 31.2651 train_imin: -70.1650 time: 3.7348s
INFO:root:Epoch: 1295 lr: 0.001 train_loss: 10725.8711 train_distortion: 10.8549 train_mapscore: 0.9776 train_c: -1.0792 train_max_dist: 42.6230 train_imax: 31.6835 train_imin: -70.2136 time: 3.3232s
INFO:root:Epoch: 1300 lr: 0.001 train_loss: 10762.2188 train_distortion: 10.8699 train_mapscore: 0.9776 train_c: -1.0792 train_max_dist: 42.6309 train_imax: 30.3107 train_imin: -70.3340 time: 1.7296s
INFO:root:Epoch: 1305 lr: 0.001 train_loss: 10691.3242 train_distortion: 10.8848 train_mapscore: 0.9780 train_c: -1.0792 train_max_dist: 42.6602 train_imax: 31.4050 train_imin: -70.4831 time: 3.8483s
INFO:root:Epoch: 1310 lr: 0.001 train_loss: 10567.1406 train_distortion: 10.9007 train_mapscore: 0.9786 train_c: -1.0792 train_max_dist: 42.7031 train_imax: 31.3200 train_imin: -70.7634 time: 3.4665s
INFO:root:Epoch: 1315 lr: 0.001 train_loss: 10556.8369 train_distortion: 10.9198 train_mapscore: 0.9787 train_c: -1.0793 train_max_dist: 42.7363 train_imax: 31.2691 train_imin: -70.7323 time: 1.7470s
INFO:root:Epoch: 1320 lr: 0.001 train_loss: 10594.6387 train_distortion: 10.9394 train_mapscore: 0.9788 train_c: -1.0793 train_max_dist: 42.7363 train_imax: 31.2381 train_imin: -70.9022 time: 3.8695s
INFO:root:Epoch: 1325 lr: 0.001 train_loss: 10673.3477 train_distortion: 10.9604 train_mapscore: 0.9791 train_c: -1.0793 train_max_dist: 42.7715 train_imax: 31.3521 train_imin: -71.0773 time: 3.4294s
INFO:root:Epoch: 1330 lr: 0.001 train_loss: 10649.7090 train_distortion: 10.9760 train_mapscore: 0.9793 train_c: -1.0793 train_max_dist: 42.7910 train_imax: 31.8027 train_imin: -71.1023 time: 1.7528s
INFO:root:Epoch: 1335 lr: 0.001 train_loss: 10629.0020 train_distortion: 10.9904 train_mapscore: 0.9790 train_c: -1.0793 train_max_dist: 42.7988 train_imax: 31.8753 train_imin: -71.1170 time: 4.0168s
INFO:root:Epoch: 1340 lr: 0.001 train_loss: 10520.7930 train_distortion: 11.0063 train_mapscore: 0.9795 train_c: -1.0793 train_max_dist: 42.8164 train_imax: 32.6044 train_imin: -71.5048 time: 2.4880s
INFO:root:Epoch: 1345 lr: 0.001 train_loss: 10506.2422 train_distortion: 11.0200 train_mapscore: 0.9797 train_c: -1.0794 train_max_dist: 42.8457 train_imax: 31.5588 train_imin: -71.3640 time: 3.5144s
INFO:root:Epoch: 1350 lr: 0.001 train_loss: 10588.8584 train_distortion: 11.0369 train_mapscore: 0.9797 train_c: -1.0794 train_max_dist: 42.8633 train_imax: 31.7054 train_imin: -71.6225 time: 4.0102s
INFO:root:Epoch: 1355 lr: 0.001 train_loss: 10592.2617 train_distortion: 11.0494 train_mapscore: 0.9797 train_c: -1.0794 train_max_dist: 42.8750 train_imax: 31.9575 train_imin: -71.6989 time: 3.5107s
INFO:root:Epoch: 1360 lr: 0.001 train_loss: 10555.2949 train_distortion: 11.0657 train_mapscore: 0.9801 train_c: -1.0794 train_max_dist: 42.8672 train_imax: 31.0186 train_imin: -71.9309 time: 3.5289s
INFO:root:Epoch: 1365 lr: 0.001 train_loss: 36682.9766 train_distortion: 10.0546 train_mapscore: 0.7713 train_c: -1.0801 train_max_dist: 41.6777 train_imax: 27.6450 train_imin: -71.0550 time: 3.1135s
INFO:root:Epoch: 1370 lr: 0.001 train_loss: 50149.2578 train_distortion: 8.6943 train_mapscore: 0.5926 train_c: -1.0807 train_max_dist: 39.7764 train_imax: 24.0582 train_imin: -64.7559 time: 4.0327s
INFO:root:Epoch: 1375 lr: 0.001 train_loss: 56492.5430 train_distortion: 7.7690 train_mapscore: 0.4868 train_c: -1.0810 train_max_dist: 38.4980 train_imax: 19.0182 train_imin: -59.9593 time: 3.8289s
INFO:root:Epoch: 1380 lr: 0.001 train_loss: 59233.6367 train_distortion: 7.1590 train_mapscore: 0.4340 train_c: -1.0810 train_max_dist: 37.6357 train_imax: 12.2260 train_imin: -57.9436 time: 2.6224s
INFO:root:Epoch: 1385 lr: 0.001 train_loss: 60222.5391 train_distortion: 6.7386 train_mapscore: 0.4082 train_c: -1.0809 train_max_dist: 37.0098 train_imax: 11.7633 train_imin: -57.1916 time: 1.9625s
INFO:root:Epoch: 1390 lr: 0.001 train_loss: 60216.5156 train_distortion: 6.4302 train_mapscore: 0.3969 train_c: -1.0807 train_max_dist: 36.5713 train_imax: 11.9137 train_imin: -56.0403 time: 3.9200s
INFO:root:Epoch: 1395 lr: 0.001 train_loss: 60023.4336 train_distortion: 6.2130 train_mapscore: 0.3924 train_c: -1.0805 train_max_dist: 36.2803 train_imax: 17.2573 train_imin: -55.2524 time: 3.3188s
INFO:root:Epoch: 1400 lr: 0.001 train_loss: 59582.4766 train_distortion: 6.0260 train_mapscore: 0.3921 train_c: -1.0803 train_max_dist: 36.0146 train_imax: 11.1816 train_imin: -54.5844 time: 3.4350s
INFO:root:Epoch: 1405 lr: 0.001 train_loss: 58858.3008 train_distortion: 5.8660 train_mapscore: 0.3943 train_c: -1.0800 train_max_dist: 35.7773 train_imax: 10.8679 train_imin: -53.6304 time: 2.6526s
INFO:root:Epoch: 1410 lr: 0.001 train_loss: 57973.9141 train_distortion: 5.7286 train_mapscore: 0.3985 train_c: -1.0798 train_max_dist: 35.5869 train_imax: 10.6441 train_imin: -52.6541 time: 2.2692s
INFO:root:Epoch: 1415 lr: 0.001 train_loss: 57176.7109 train_distortion: 5.6095 train_mapscore: 0.4037 train_c: -1.0796 train_max_dist: 35.4199 train_imax: 10.2847 train_imin: -51.8715 time: 3.8940s
INFO:root:Epoch: 1420 lr: 0.001 train_loss: 56373.9688 train_distortion: 5.5043 train_mapscore: 0.4099 train_c: -1.0794 train_max_dist: 35.2754 train_imax: 9.8789 train_imin: -51.1382 time: 3.9831s
INFO:root:Epoch: 1425 lr: 0.001 train_loss: 55638.1367 train_distortion: 5.4105 train_mapscore: 0.4165 train_c: -1.0792 train_max_dist: 35.1387 train_imax: 9.6262 train_imin: -50.5210 time: 4.3431s
INFO:root:Epoch: 1430 lr: 0.001 train_loss: 54955.1328 train_distortion: 5.3254 train_mapscore: 0.4231 train_c: -1.0790 train_max_dist: 35.0117 train_imax: 9.3462 train_imin: -49.9387 time: 1.9983s
INFO:root:Epoch: 1435 lr: 0.001 train_loss: 54285.0586 train_distortion: 5.2475 train_mapscore: 0.4292 train_c: -1.0788 train_max_dist: 34.8984 train_imax: 9.0984 train_imin: -49.4211 time: 4.4165s
INFO:root:Epoch: 1440 lr: 0.001 train_loss: 54323.8984 train_distortion: 5.1217 train_mapscore: 0.4271 train_c: -1.0786 train_max_dist: 34.6582 train_imax: 9.1496 train_imin: -48.5659 time: 2.3923s
INFO:root:Epoch: 1445 lr: 0.001 train_loss: 57355.6094 train_distortion: 4.8081 train_mapscore: 0.3884 train_c: -1.0783 train_max_dist: 33.9160 train_imax: 9.3512 train_imin: -46.2665 time: 4.3936s
INFO:root:Epoch: 1450 lr: 0.001 train_loss: 59350.0703 train_distortion: 4.5766 train_mapscore: 0.3641 train_c: -1.0780 train_max_dist: 33.3408 train_imax: 9.0299 train_imin: -44.5330 time: 3.8510s
INFO:root:Epoch: 1455 lr: 0.001 train_loss: 60207.0156 train_distortion: 4.4152 train_mapscore: 0.3488 train_c: -1.0778 train_max_dist: 32.9336 train_imax: 8.4836 train_imin: -44.5283 time: 4.0865s
INFO:root:Epoch: 1460 lr: 0.001 train_loss: 60337.2773 train_distortion: 4.3011 train_mapscore: 0.3443 train_c: -1.0777 train_max_dist: 32.6602 train_imax: 7.9936 train_imin: -44.9148 time: 4.4614s
INFO:root:Epoch: 1465 lr: 0.001 train_loss: 60191.8750 train_distortion: 4.2180 train_mapscore: 0.3423 train_c: -1.0775 train_max_dist: 32.4712 train_imax: 7.6568 train_imin: -44.9827 time: 4.4509s
INFO:root:Epoch: 1470 lr: 0.001 train_loss: 59909.5898 train_distortion: 4.1545 train_mapscore: 0.3433 train_c: -1.0774 train_max_dist: 32.3330 train_imax: 7.6045 train_imin: -44.9093 time: 3.5052s
INFO:root:Epoch: 1475 lr: 0.001 train_loss: 59465.6094 train_distortion: 4.1035 train_mapscore: 0.3449 train_c: -1.0773 train_max_dist: 32.2373 train_imax: 7.5508 train_imin: -44.7642 time: 3.9397s
INFO:root:Epoch: 1480 lr: 0.001 train_loss: 59029.3750 train_distortion: 4.0612 train_mapscore: 0.3481 train_c: -1.0772 train_max_dist: 32.1738 train_imax: 7.4330 train_imin: -44.5923 time: 1.9731s
INFO:root:Epoch: 1485 lr: 0.001 train_loss: 58607.7656 train_distortion: 4.0247 train_mapscore: 0.3513 train_c: -1.0771 train_max_dist: 32.1250 train_imax: 7.3710 train_imin: -44.4078 time: 3.4919s
INFO:root:Epoch: 1490 lr: 0.001 train_loss: 58175.1992 train_distortion: 3.9922 train_mapscore: 0.3559 train_c: -1.0770 train_max_dist: 32.0908 train_imax: 7.3169 train_imin: -44.2232 time: 4.0739s
INFO:root:Epoch: 1495 lr: 0.001 train_loss: 57761.1016 train_distortion: 3.9631 train_mapscore: 0.3587 train_c: -1.0769 train_max_dist: 32.0615 train_imax: 7.0876 train_imin: -44.0406 time: 3.6484s
INFO:root:Epoch: 1500 lr: 0.001 train_loss: 57374.2500 train_distortion: 3.9366 train_mapscore: 0.3621 train_c: -1.0768 train_max_dist: 32.0332 train_imax: 7.0257 train_imin: -43.8671 time: 4.3373s
INFO:root:Epoch: 1505 lr: 0.001 train_loss: 56998.2070 train_distortion: 3.9121 train_mapscore: 0.3657 train_c: -1.0768 train_max_dist: 32.0127 train_imax: 7.2243 train_imin: -43.7000 time: 4.1154s
INFO:root:Epoch: 1510 lr: 0.001 train_loss: 56633.3164 train_distortion: 3.8892 train_mapscore: 0.3695 train_c: -1.0767 train_max_dist: 31.9907 train_imax: 7.2628 train_imin: -43.5404 time: 1.9631s
INFO:root:Epoch: 1515 lr: 0.001 train_loss: 56280.5742 train_distortion: 3.8681 train_mapscore: 0.3727 train_c: -1.0767 train_max_dist: 31.9780 train_imax: 7.1200 train_imin: -43.3900 time: 3.4745s
INFO:root:Epoch: 1520 lr: 0.001 train_loss: 55943.0625 train_distortion: 3.8484 train_mapscore: 0.3762 train_c: -1.0766 train_max_dist: 31.9585 train_imax: 6.9978 train_imin: -43.2498 time: 2.9240s
INFO:root:Epoch: 1525 lr: 0.001 train_loss: 55616.9453 train_distortion: 3.8302 train_mapscore: 0.3801 train_c: -1.0766 train_max_dist: 31.9438 train_imax: 6.9897 train_imin: -43.1210 time: 4.5234s
INFO:root:Epoch: 1530 lr: 0.001 train_loss: 55310.2695 train_distortion: 3.8133 train_mapscore: 0.3833 train_c: -1.0766 train_max_dist: 31.9292 train_imax: 6.9921 train_imin: -43.0005 time: 3.1468s
INFO:root:Epoch: 1535 lr: 0.001 train_loss: 55015.2422 train_distortion: 3.7975 train_mapscore: 0.3860 train_c: -1.0765 train_max_dist: 31.9170 train_imax: 6.9262 train_imin: -42.8867 time: 1.9844s
INFO:root:Epoch: 1540 lr: 0.001 train_loss: 54715.7500 train_distortion: 3.7828 train_mapscore: 0.3896 train_c: -1.0765 train_max_dist: 31.9038 train_imax: 6.8840 train_imin: -42.7784 time: 3.9094s
INFO:root:Epoch: 1545 lr: 0.001 train_loss: 54426.1406 train_distortion: 3.7693 train_mapscore: 0.3923 train_c: -1.0765 train_max_dist: 31.8945 train_imax: 6.8748 train_imin: -42.6783 time: 3.5045s
INFO:root:Epoch: 1550 lr: 0.001 train_loss: 54145.3164 train_distortion: 3.7568 train_mapscore: 0.3959 train_c: -1.0765 train_max_dist: 31.8877 train_imax: 6.8518 train_imin: -42.5879 time: 4.4031s
INFO:root:Epoch: 1555 lr: 0.001 train_loss: 54290.1914 train_distortion: 3.7660 train_mapscore: 0.3951 train_c: -1.0764 train_max_dist: 31.9468 train_imax: 11.4557 train_imin: -42.6611 time: 4.1990s
INFO:root:Epoch: 1560 lr: 0.001 train_loss: 54534.4336 train_distortion: 3.7861 train_mapscore: 0.3936 train_c: -1.0763 train_max_dist: 32.0396 train_imax: 20.4007 train_imin: -42.8417 time: 2.9208s
INFO:root:Epoch: 1565 lr: 0.001 train_loss: 54262.9375 train_distortion: 3.7908 train_mapscore: 0.3945 train_c: -1.0762 train_max_dist: 32.0762 train_imax: 16.8841 train_imin: -42.8991 time: 4.2844s
INFO:root:Epoch: 1570 lr: 0.001 train_loss: 54028.0859 train_distortion: 3.7873 train_mapscore: 0.3973 train_c: -1.0762 train_max_dist: 32.0874 train_imax: 13.7193 train_imin: -42.8901 time: 4.0079s
INFO:root:Epoch: 1575 lr: 0.001 train_loss: 53681.3359 train_distortion: 3.7794 train_mapscore: 0.3995 train_c: -1.0761 train_max_dist: 32.0825 train_imax: 11.7080 train_imin: -42.8437 time: 1.9650s
INFO:root:Epoch: 1580 lr: 0.001 train_loss: 53360.7578 train_distortion: 3.7697 train_mapscore: 0.4029 train_c: -1.0761 train_max_dist: 32.0723 train_imax: 10.4143 train_imin: -42.7790 time: 4.4278s
INFO:root:Epoch: 1585 lr: 0.001 train_loss: 53093.3672 train_distortion: 3.7598 train_mapscore: 0.4064 train_c: -1.0761 train_max_dist: 32.0664 train_imax: 9.6471 train_imin: -42.7095 time: 3.9921s
INFO:root:Epoch: 1590 lr: 0.001 train_loss: 52816.8594 train_distortion: 3.7503 train_mapscore: 0.4090 train_c: -1.0761 train_max_dist: 32.0586 train_imax: 9.2152 train_imin: -42.6393 time: 1.8882s
INFO:root:Epoch: 1595 lr: 0.001 train_loss: 52530.9648 train_distortion: 3.7415 train_mapscore: 0.4125 train_c: -1.0761 train_max_dist: 32.0591 train_imax: 9.0191 train_imin: -42.5714 time: 1.8786s
INFO:root:Epoch: 1600 lr: 0.001 train_loss: 52250.2578 train_distortion: 3.7338 train_mapscore: 0.4159 train_c: -1.0761 train_max_dist: 32.0513 train_imax: 8.9643 train_imin: -42.5089 time: 1.8877s
INFO:root:Epoch: 1605 lr: 0.001 train_loss: 51994.6953 train_distortion: 3.7267 train_mapscore: 0.4191 train_c: -1.0761 train_max_dist: 32.0449 train_imax: 8.9795 train_imin: -42.4498 time: 1.9091s
INFO:root:Epoch: 1610 lr: 0.001 train_loss: 51762.7344 train_distortion: 3.7202 train_mapscore: 0.4221 train_c: -1.0761 train_max_dist: 32.0396 train_imax: 9.0263 train_imin: -42.3963 time: 1.9261s
INFO:root:Epoch: 1615 lr: 0.001 train_loss: 51570.0469 train_distortion: 3.7124 train_mapscore: 0.4240 train_c: -1.0762 train_max_dist: 32.0298 train_imax: 9.0580 train_imin: -42.3294 time: 4.0846s
INFO:root:Epoch: 1620 lr: 0.001 train_loss: 51367.6328 train_distortion: 3.7059 train_mapscore: 0.4257 train_c: -1.0762 train_max_dist: 32.0254 train_imax: 9.0833 train_imin: -42.2738 time: 1.8351s
INFO:root:Epoch: 1625 lr: 0.001 train_loss: 51148.4180 train_distortion: 3.7005 train_mapscore: 0.4286 train_c: -1.0762 train_max_dist: 32.0215 train_imax: 9.0876 train_imin: -42.2249 time: 1.8155s
INFO:root:Epoch: 1630 lr: 0.001 train_loss: 50925.7227 train_distortion: 3.6960 train_mapscore: 0.4313 train_c: -1.0762 train_max_dist: 32.0190 train_imax: 9.0745 train_imin: -42.1837 time: 3.0889s
INFO:root:Epoch: 1635 lr: 0.001 train_loss: 50700.4414 train_distortion: 3.6922 train_mapscore: 0.4341 train_c: -1.0763 train_max_dist: 32.0229 train_imax: 9.0530 train_imin: -42.1464 time: 3.3118s
INFO:root:Epoch: 1640 lr: 0.001 train_loss: 50477.7891 train_distortion: 3.6891 train_mapscore: 0.4369 train_c: -1.0763 train_max_dist: 32.0225 train_imax: 9.0246 train_imin: -42.1151 time: 4.3554s
INFO:root:Epoch: 1645 lr: 0.001 train_loss: 50254.6719 train_distortion: 3.6865 train_mapscore: 0.4393 train_c: -1.0764 train_max_dist: 32.0273 train_imax: 8.9905 train_imin: -42.0890 time: 3.4967s
INFO:root:Epoch: 1650 lr: 0.001 train_loss: 50031.2930 train_distortion: 3.6845 train_mapscore: 0.4427 train_c: -1.0764 train_max_dist: 32.0327 train_imax: 8.9608 train_imin: -42.0653 time: 3.6269s
INFO:root:Epoch: 1655 lr: 0.001 train_loss: 49832.6484 train_distortion: 3.6829 train_mapscore: 0.4447 train_c: -1.0765 train_max_dist: 32.0386 train_imax: 8.9373 train_imin: -42.0475 time: 3.9531s
INFO:root:Epoch: 1660 lr: 0.001 train_loss: 49623.7188 train_distortion: 3.6817 train_mapscore: 0.4477 train_c: -1.0765 train_max_dist: 32.0449 train_imax: 8.9210 train_imin: -42.0293 time: 4.4477s
INFO:root:Epoch: 1665 lr: 0.001 train_loss: 49417.4375 train_distortion: 3.6809 train_mapscore: 0.4502 train_c: -1.0766 train_max_dist: 32.0503 train_imax: 8.8987 train_imin: -42.0157 time: 3.8341s
INFO:root:Epoch: 1670 lr: 0.001 train_loss: 49266.1328 train_distortion: 3.6781 train_mapscore: 0.4519 train_c: -1.0766 train_max_dist: 32.0522 train_imax: 8.8888 train_imin: -41.9826 time: 1.9184s
INFO:root:Epoch: 1675 lr: 0.001 train_loss: 49246.1797 train_distortion: 3.6681 train_mapscore: 0.4503 train_c: -1.0768 train_max_dist: 32.0415 train_imax: 8.8930 train_imin: -41.8889 time: 4.0122s
INFO:root:Epoch: 1680 lr: 0.001 train_loss: 49083.6172 train_distortion: 3.6618 train_mapscore: 0.4516 train_c: -1.0769 train_max_dist: 32.0371 train_imax: 8.8808 train_imin: -41.8280 time: 1.9677s
INFO:root:Epoch: 1685 lr: 0.001 train_loss: 48911.2422 train_distortion: 3.6583 train_mapscore: 0.4541 train_c: -1.0770 train_max_dist: 32.0376 train_imax: 8.8590 train_imin: -41.7888 time: 3.8393s
INFO:root:Epoch: 1690 lr: 0.001 train_loss: 48724.0469 train_distortion: 3.6571 train_mapscore: 0.4569 train_c: -1.0771 train_max_dist: 32.0396 train_imax: 8.8428 train_imin: -41.7646 time: 1.9554s
INFO:root:Epoch: 1695 lr: 0.001 train_loss: 48530.3125 train_distortion: 3.6573 train_mapscore: 0.4592 train_c: -1.0771 train_max_dist: 32.0454 train_imax: 8.8379 train_imin: -41.7503 time: 3.8348s
INFO:root:Epoch: 1700 lr: 0.001 train_loss: 48343.4297 train_distortion: 3.6588 train_mapscore: 0.4617 train_c: -1.0772 train_max_dist: 32.0542 train_imax: 8.8465 train_imin: -41.7447 time: 1.9841s
INFO:root:Epoch: 1705 lr: 0.001 train_loss: 48141.9922 train_distortion: 3.6610 train_mapscore: 0.4645 train_c: -1.0773 train_max_dist: 32.0679 train_imax: 8.8479 train_imin: -41.7444 time: 3.9187s
INFO:root:Epoch: 1710 lr: 0.001 train_loss: 47951.2578 train_distortion: 3.6638 train_mapscore: 0.4670 train_c: -1.0774 train_max_dist: 32.0801 train_imax: 8.8460 train_imin: -41.7476 time: 1.8932s
INFO:root:Epoch: 1715 lr: 0.001 train_loss: 47760.3750 train_distortion: 3.6671 train_mapscore: 0.4688 train_c: -1.0774 train_max_dist: 32.0908 train_imax: 8.8587 train_imin: -41.7551 time: 3.8936s
INFO:root:Epoch: 1720 lr: 0.001 train_loss: 47576.5703 train_distortion: 3.6711 train_mapscore: 0.4715 train_c: -1.0775 train_max_dist: 32.1021 train_imax: 8.8647 train_imin: -41.7698 time: 1.6853s
INFO:root:Epoch: 1725 lr: 0.001 train_loss: 47397.3164 train_distortion: 3.6754 train_mapscore: 0.4739 train_c: -1.0776 train_max_dist: 32.1157 train_imax: 8.8740 train_imin: -41.7831 time: 3.8877s
INFO:root:Epoch: 1730 lr: 0.001 train_loss: 47222.8125 train_distortion: 3.6801 train_mapscore: 0.4762 train_c: -1.0777 train_max_dist: 32.1328 train_imax: 8.8780 train_imin: -41.7987 time: 1.8684s
INFO:root:Epoch: 1735 lr: 0.001 train_loss: 47049.3906 train_distortion: 3.6850 train_mapscore: 0.4781 train_c: -1.0778 train_max_dist: 32.1479 train_imax: 8.8887 train_imin: -41.8182 time: 3.9549s
INFO:root:Epoch: 1740 lr: 0.001 train_loss: 46878.5000 train_distortion: 3.6903 train_mapscore: 0.4804 train_c: -1.0779 train_max_dist: 32.1646 train_imax: 8.8916 train_imin: -41.8410 time: 2.3733s
INFO:root:Epoch: 1745 lr: 0.001 train_loss: 46709.3398 train_distortion: 3.6959 train_mapscore: 0.4827 train_c: -1.0779 train_max_dist: 32.1816 train_imax: 8.9060 train_imin: -41.8644 time: 3.8087s
INFO:root:Epoch: 1750 lr: 0.001 train_loss: 46542.3867 train_distortion: 3.7018 train_mapscore: 0.4851 train_c: -1.0780 train_max_dist: 32.1982 train_imax: 8.9169 train_imin: -41.8889 time: 1.7599s
INFO:root:Epoch: 1755 lr: 0.001 train_loss: 46378.3242 train_distortion: 3.7078 train_mapscore: 0.4870 train_c: -1.0781 train_max_dist: 32.2163 train_imax: 8.9265 train_imin: -41.9155 time: 3.6388s
INFO:root:Epoch: 1760 lr: 0.001 train_loss: 46212.9609 train_distortion: 3.7142 train_mapscore: 0.4887 train_c: -1.0782 train_max_dist: 32.2354 train_imax: 8.9398 train_imin: -41.9427 time: 1.8579s
INFO:root:Epoch: 1765 lr: 0.001 train_loss: 46049.4375 train_distortion: 3.7208 train_mapscore: 0.4906 train_c: -1.0783 train_max_dist: 32.2524 train_imax: 8.9496 train_imin: -41.9721 time: 2.9433s
INFO:root:Epoch: 1770 lr: 0.001 train_loss: 45889.2617 train_distortion: 3.7276 train_mapscore: 0.4927 train_c: -1.0784 train_max_dist: 32.2725 train_imax: 8.9655 train_imin: -42.0048 time: 2.7339s
INFO:root:Epoch: 1775 lr: 0.001 train_loss: 45732.9805 train_distortion: 3.7346 train_mapscore: 0.4950 train_c: -1.0785 train_max_dist: 32.2935 train_imax: 8.9800 train_imin: -42.0358 time: 3.7137s
INFO:root:Epoch: 1780 lr: 0.001 train_loss: 45577.9141 train_distortion: 3.7418 train_mapscore: 0.4970 train_c: -1.0786 train_max_dist: 32.3145 train_imax: 8.9841 train_imin: -42.0703 time: 1.9428s
INFO:root:Epoch: 1785 lr: 0.001 train_loss: 45418.5938 train_distortion: 3.7493 train_mapscore: 0.4989 train_c: -1.0787 train_max_dist: 32.3340 train_imax: 8.9986 train_imin: -42.1052 time: 3.6264s
INFO:root:Epoch: 1790 lr: 0.001 train_loss: 45258.9922 train_distortion: 3.7570 train_mapscore: 0.5007 train_c: -1.0788 train_max_dist: 32.3521 train_imax: 9.0064 train_imin: -42.1423 time: 2.9117s
INFO:root:Epoch: 1795 lr: 0.001 train_loss: 45104.4180 train_distortion: 3.7648 train_mapscore: 0.5036 train_c: -1.0789 train_max_dist: 32.3750 train_imax: 9.0227 train_imin: -42.1783 time: 3.8101s
INFO:root:Epoch: 1800 lr: 0.001 train_loss: 44964.0781 train_distortion: 3.7729 train_mapscore: 0.5046 train_c: -1.0790 train_max_dist: 32.3940 train_imax: 9.0361 train_imin: -42.2161 time: 1.7606s
INFO:root:Epoch: 1805 lr: 0.001 train_loss: 44807.0938 train_distortion: 3.7808 train_mapscore: 0.5065 train_c: -1.0791 train_max_dist: 32.4150 train_imax: 9.0477 train_imin: -42.2543 time: 2.9634s
INFO:root:Epoch: 1810 lr: 0.001 train_loss: 44663.5781 train_distortion: 3.7897 train_mapscore: 0.5090 train_c: -1.0792 train_max_dist: 32.4390 train_imax: 9.0573 train_imin: -42.2967 time: 1.8915s
INFO:root:Epoch: 1815 lr: 0.001 train_loss: 44532.3750 train_distortion: 3.7987 train_mapscore: 0.5112 train_c: -1.0793 train_max_dist: 32.4624 train_imax: 9.0676 train_imin: -42.3452 time: 3.7899s
INFO:root:Epoch: 1820 lr: 0.001 train_loss: 44379.7031 train_distortion: 3.8079 train_mapscore: 0.5128 train_c: -1.0794 train_max_dist: 32.4868 train_imax: 9.0823 train_imin: -42.3908 time: 1.9254s
INFO:root:Epoch: 1825 lr: 0.001 train_loss: 44216.9922 train_distortion: 3.8170 train_mapscore: 0.5150 train_c: -1.0795 train_max_dist: 32.5088 train_imax: 9.0936 train_imin: -42.4314 time: 2.4293s
INFO:root:Epoch: 1830 lr: 0.001 train_loss: 44074.7422 train_distortion: 3.8263 train_mapscore: 0.5171 train_c: -1.0796 train_max_dist: 32.5312 train_imax: 9.1097 train_imin: -42.4742 time: 2.4361s
INFO:root:Epoch: 1835 lr: 0.001 train_loss: 43929.0547 train_distortion: 3.8357 train_mapscore: 0.5187 train_c: -1.0797 train_max_dist: 32.5532 train_imax: 9.1283 train_imin: -42.5217 time: 2.3579s
INFO:root:Epoch: 1840 lr: 0.001 train_loss: 43781.2031 train_distortion: 3.8449 train_mapscore: 0.5213 train_c: -1.0798 train_max_dist: 32.5791 train_imax: 9.1474 train_imin: -42.5673 time: 2.3339s
INFO:root:Epoch: 1845 lr: 0.001 train_loss: 43633.2188 train_distortion: 3.8544 train_mapscore: 0.5230 train_c: -1.0799 train_max_dist: 32.6006 train_imax: 9.1639 train_imin: -42.6155 time: 2.5854s
INFO:root:Epoch: 1850 lr: 0.001 train_loss: 43491.2891 train_distortion: 3.8641 train_mapscore: 0.5242 train_c: -1.0800 train_max_dist: 32.6270 train_imax: 9.1756 train_imin: -42.6641 time: 1.8461s
INFO:root:Epoch: 1855 lr: 0.001 train_loss: 43346.6836 train_distortion: 3.8738 train_mapscore: 0.5262 train_c: -1.0801 train_max_dist: 32.6484 train_imax: 9.1919 train_imin: -42.7130 time: 3.7184s
INFO:root:Epoch: 1860 lr: 0.001 train_loss: 43207.6484 train_distortion: 3.8837 train_mapscore: 0.5282 train_c: -1.0802 train_max_dist: 32.6724 train_imax: 9.2160 train_imin: -42.7637 time: 1.6739s
INFO:root:Epoch: 1865 lr: 0.001 train_loss: 43067.4492 train_distortion: 3.8937 train_mapscore: 0.5296 train_c: -1.0804 train_max_dist: 32.6948 train_imax: 9.2286 train_imin: -42.8146 time: 3.8833s
INFO:root:Epoch: 1870 lr: 0.001 train_loss: 42930.8672 train_distortion: 3.9038 train_mapscore: 0.5315 train_c: -1.0805 train_max_dist: 32.7202 train_imax: 9.2444 train_imin: -42.8637 time: 1.7122s
INFO:root:Epoch: 1875 lr: 0.001 train_loss: 42792.3125 train_distortion: 3.9142 train_mapscore: 0.5334 train_c: -1.0806 train_max_dist: 32.7451 train_imax: 9.2629 train_imin: -42.9129 time: 3.8613s
INFO:root:Epoch: 1880 lr: 0.001 train_loss: 42655.2812 train_distortion: 3.9246 train_mapscore: 0.5346 train_c: -1.0807 train_max_dist: 32.7695 train_imax: 9.2807 train_imin: -42.9653 time: 1.8553s
INFO:root:Epoch: 1885 lr: 0.001 train_loss: 42520.1523 train_distortion: 3.9351 train_mapscore: 0.5376 train_c: -1.0808 train_max_dist: 32.7939 train_imax: 9.2963 train_imin: -43.0188 time: 3.7775s
INFO:root:Epoch: 1890 lr: 0.001 train_loss: 42387.6406 train_distortion: 3.9458 train_mapscore: 0.5387 train_c: -1.0809 train_max_dist: 32.8198 train_imax: 9.3183 train_imin: -43.0732 time: 1.7529s
INFO:root:Epoch: 1895 lr: 0.001 train_loss: 42254.0469 train_distortion: 3.9566 train_mapscore: 0.5411 train_c: -1.0810 train_max_dist: 32.8438 train_imax: 9.3353 train_imin: -43.1292 time: 3.7909s
INFO:root:Epoch: 1900 lr: 0.001 train_loss: 42122.6172 train_distortion: 3.9676 train_mapscore: 0.5427 train_c: -1.0811 train_max_dist: 32.8687 train_imax: 9.3424 train_imin: -43.1852 time: 1.6561s
INFO:root:Epoch: 1905 lr: 0.001 train_loss: 41990.6055 train_distortion: 3.9785 train_mapscore: 0.5443 train_c: -1.0812 train_max_dist: 32.8921 train_imax: 9.3674 train_imin: -43.2418 time: 3.7866s
INFO:root:Epoch: 1910 lr: 0.001 train_loss: 41869.9922 train_distortion: 3.9897 train_mapscore: 0.5462 train_c: -1.0814 train_max_dist: 32.9180 train_imax: 9.3814 train_imin: -43.3004 time: 1.7531s
INFO:root:Epoch: 1915 lr: 0.001 train_loss: 41732.8359 train_distortion: 4.0008 train_mapscore: 0.5479 train_c: -1.0815 train_max_dist: 32.9443 train_imax: 9.4019 train_imin: -43.3570 time: 3.9024s
INFO:root:Epoch: 1920 lr: 0.001 train_loss: 41599.9766 train_distortion: 4.0120 train_mapscore: 0.5496 train_c: -1.0816 train_max_dist: 32.9712 train_imax: 9.4174 train_imin: -43.4133 time: 1.7034s
INFO:root:Epoch: 1925 lr: 0.001 train_loss: 41469.8125 train_distortion: 4.0234 train_mapscore: 0.5518 train_c: -1.0817 train_max_dist: 32.9961 train_imax: 9.4447 train_imin: -43.4729 time: 3.7823s
INFO:root:Epoch: 1930 lr: 0.001 train_loss: 41339.8398 train_distortion: 4.0350 train_mapscore: 0.5533 train_c: -1.0818 train_max_dist: 33.0200 train_imax: 9.4675 train_imin: -43.5314 time: 1.7830s
INFO:root:Epoch: 1935 lr: 0.001 train_loss: 41213.7031 train_distortion: 4.0466 train_mapscore: 0.5551 train_c: -1.0819 train_max_dist: 33.0449 train_imax: 9.4849 train_imin: -43.5911 time: 3.6879s
INFO:root:Epoch: 1940 lr: 0.001 train_loss: 41099.6289 train_distortion: 4.0584 train_mapscore: 0.5562 train_c: -1.0820 train_max_dist: 33.0708 train_imax: 9.5041 train_imin: -43.6517 time: 2.9524s
INFO:root:Epoch: 1945 lr: 0.001 train_loss: 40965.2266 train_distortion: 4.0702 train_mapscore: 0.5577 train_c: -1.0821 train_max_dist: 33.0981 train_imax: 9.5162 train_imin: -43.7115 time: 3.6448s
INFO:root:Epoch: 1950 lr: 0.001 train_loss: 40834.7969 train_distortion: 4.0821 train_mapscore: 0.5595 train_c: -1.0822 train_max_dist: 33.1221 train_imax: 9.5339 train_imin: -43.7742 time: 2.8538s
INFO:root:Epoch: 1955 lr: 0.001 train_loss: 40729.5664 train_distortion: 4.0940 train_mapscore: 0.5612 train_c: -1.0824 train_max_dist: 33.1494 train_imax: 9.5593 train_imin: -43.8382 time: 3.1650s
INFO:root:Epoch: 1960 lr: 0.001 train_loss: 40591.3047 train_distortion: 4.1059 train_mapscore: 0.5615 train_c: -1.0825 train_max_dist: 33.1768 train_imax: 9.5772 train_imin: -43.8990 time: 1.6667s
INFO:root:Epoch: 1965 lr: 0.001 train_loss: 40470.7070 train_distortion: 4.1180 train_mapscore: 0.5639 train_c: -1.0826 train_max_dist: 33.2036 train_imax: 9.6003 train_imin: -43.9630 time: 3.0743s
INFO:root:Epoch: 1970 lr: 0.001 train_loss: 40337.0078 train_distortion: 4.1301 train_mapscore: 0.5650 train_c: -1.0827 train_max_dist: 33.2290 train_imax: 9.6158 train_imin: -44.0249 time: 2.6327s
INFO:root:Epoch: 1975 lr: 0.001 train_loss: 40207.5156 train_distortion: 4.1424 train_mapscore: 0.5666 train_c: -1.0828 train_max_dist: 33.2549 train_imax: 9.6502 train_imin: -44.0869 time: 2.9103s
INFO:root:Epoch: 1980 lr: 0.001 train_loss: 40079.0273 train_distortion: 4.1548 train_mapscore: 0.5680 train_c: -1.0829 train_max_dist: 33.2861 train_imax: 9.6581 train_imin: -44.1525 time: 3.3630s
INFO:root:Epoch: 1985 lr: 0.001 train_loss: 39955.1328 train_distortion: 4.1674 train_mapscore: 0.5699 train_c: -1.0830 train_max_dist: 33.3110 train_imax: 9.6900 train_imin: -44.2201 time: 4.2882s
INFO:root:Epoch: 1990 lr: 0.001 train_loss: 39843.1875 train_distortion: 4.1802 train_mapscore: 0.5714 train_c: -1.0831 train_max_dist: 33.3384 train_imax: 9.7111 train_imin: -44.2851 time: 1.7949s
INFO:root:Epoch: 1995 lr: 0.001 train_loss: 39714.7344 train_distortion: 4.1927 train_mapscore: 0.5733 train_c: -1.0833 train_max_dist: 33.3643 train_imax: 9.7276 train_imin: -44.3506 time: 3.6663s
INFO:root:Epoch: 2000 lr: 0.00025 train_loss: 39590.8906 train_distortion: 4.2056 train_mapscore: 0.5749 train_c: -1.0834 train_max_dist: 33.3931 train_imax: 9.7547 train_imin: -44.4143 time: 2.9170s
INFO:root:Optimization Finished!
INFO:root:Total time elapsed: 6116.5618s
INFO:root:Val set results: val_distortion: 1.0000 val_mapscore: -1.0000 val_c: -1.0000 val_max_dist: 0.0000
INFO:root:Test set results: test_loss: 39565.8086 test_distortion: 4.2082 test_mapscore: 0.5753 test_c: -1.0834 test_max_dist: 33.3989 test_imax: 9.7588 test_imin: -44.4267
INFO:root:Saved model in /workspace/xiongbo/hgcn/logs/md/2021_4_30/107
