INFO:root:Using: cuda:0
INFO:root:Using seed 1234.
INFO:root:MDModel(
  (encoder): HGCN(
    (layers): Sequential(
      (0): HyperbolicGraphConvolution(
        (linear): HypLinear(
          in_features=4942, out_features=10, c=Parameter containing:
          tensor([-1.], requires_grad=True)
        )
        (agg): HypAgg(
          c=Parameter containing:
          tensor([-1.], requires_grad=True)
        )
        (hyp_act): HypAct(
          c_in=Parameter containing:
          tensor([-1.], requires_grad=True), c_out=Parameter containing:
          tensor([-1.], requires_grad=True)
        )
      )
    )
  )
  (decoder): MDDecoder()
)
INFO:root:Total number of parameters: 49432
/workspace/anaconda3/envs/geo/lib/python3.7/site-packages/torch/optim/lr_scheduler.py:370: UserWarning: To get the last learning rate computed by the scheduler, please use `get_last_lr()`.
  "please use `get_last_lr()`.", UserWarning)
INFO:root:Epoch: 0005 lr: 0.01 train_loss: 105525.6406 train_distortion: 0.9102 train_mapscore: 0.0376 train_c: -1.0001 train_max_dist: 2.8027 train_imax: -0.0000 train_imin: -1.1097 time: 4.0672s
INFO:root:Epoch: 0010 lr: 0.01 train_loss: 102702.9844 train_distortion: 0.8861 train_mapscore: 0.0851 train_c: -1.0006 train_max_dist: 3.0657 train_imax: -0.0000 train_imin: -1.0751 time: 3.4518s
INFO:root:Epoch: 0015 lr: 0.01 train_loss: 101398.8438 train_distortion: 0.8770 train_mapscore: 0.1225 train_c: -1.0011 train_max_dist: 3.3961 train_imax: -0.0000 train_imin: -1.0622 time: 3.3558s
INFO:root:Epoch: 0020 lr: 0.01 train_loss: 100448.0000 train_distortion: 0.8701 train_mapscore: 0.1491 train_c: -1.0017 train_max_dist: 3.5699 train_imax: -0.0000 train_imin: -1.0578 time: 3.3282s
INFO:root:Epoch: 0025 lr: 0.01 train_loss: 99590.4062 train_distortion: 0.8630 train_mapscore: 0.1697 train_c: -1.0022 train_max_dist: 3.6773 train_imax: -0.0000 train_imin: -1.0354 time: 3.2723s
INFO:root:Epoch: 0030 lr: 0.01 train_loss: 98734.1875 train_distortion: 0.8553 train_mapscore: 0.1822 train_c: -1.0028 train_max_dist: 4.0422 train_imax: -0.0000 train_imin: -1.0460 time: 3.2919s
INFO:root:Epoch: 0035 lr: 0.01 train_loss: 97801.5078 train_distortion: 0.8464 train_mapscore: 0.1950 train_c: -1.0034 train_max_dist: 5.0490 train_imax: -0.0000 train_imin: -1.0452 time: 3.2171s
INFO:root:Epoch: 0040 lr: 0.01 train_loss: 96718.0547 train_distortion: 0.8352 train_mapscore: 0.2102 train_c: -1.0039 train_max_dist: 6.9245 train_imax: -0.0000 train_imin: -1.0366 time: 3.2021s
INFO:root:Epoch: 0045 lr: 0.01 train_loss: 95404.0625 train_distortion: 0.8205 train_mapscore: 0.2206 train_c: -1.0044 train_max_dist: 9.6621 train_imax: -0.0000 train_imin: -1.0516 time: 3.2277s
INFO:root:Epoch: 0050 lr: 0.01 train_loss: 93733.7344 train_distortion: 0.7996 train_mapscore: 0.2289 train_c: -1.0049 train_max_dist: 9.8750 train_imax: 0.0000 train_imin: -1.0565 time: 3.2466s
INFO:root:Epoch: 0055 lr: 0.01 train_loss: 92988.7812 train_distortion: 0.7819 train_mapscore: 0.1401 train_c: -1.0054 train_max_dist: 9.8750 train_imax: 0.0000 train_imin: -1.2063 time: 3.2673s
INFO:root:Epoch: 0060 lr: 0.01 train_loss: 91248.0078 train_distortion: 0.7513 train_mapscore: 0.1464 train_c: -1.0058 train_max_dist: 10.2500 train_imax: 0.0000 train_imin: -1.2129 time: 3.2680s
INFO:root:Epoch: 0065 lr: 0.01 train_loss: 88423.2344 train_distortion: 0.7008 train_mapscore: 0.1645 train_c: -1.0060 train_max_dist: 10.5000 train_imax: 0.0000 train_imin: -1.2254 time: 3.3146s
INFO:root:Epoch: 0070 lr: 0.01 train_loss: 85106.5781 train_distortion: 0.6462 train_mapscore: 0.1729 train_c: -1.0061 train_max_dist: 11.0000 train_imax: 0.0000 train_imin: -1.2488 time: 3.3390s
INFO:root:Epoch: 0075 lr: 0.01 train_loss: 81919.9531 train_distortion: 0.6153 train_mapscore: 0.1704 train_c: -1.0060 train_max_dist: 11.0000 train_imax: 0.3245 train_imin: -1.2460 time: 3.3874s
INFO:root:Epoch: 0080 lr: 0.01 train_loss: 77456.2656 train_distortion: 0.5793 train_mapscore: 0.2082 train_c: -1.0057 train_max_dist: 12.6248 train_imax: 0.6937 train_imin: -1.2204 time: 3.4897s
INFO:root:Epoch: 0085 lr: 0.01 train_loss: 71877.8594 train_distortion: 0.5195 train_mapscore: 0.2502 train_c: -1.0052 train_max_dist: 14.8359 train_imax: 0.9212 train_imin: -1.4223 time: 3.5696s
INFO:root:Epoch: 0090 lr: 0.01 train_loss: 66013.9766 train_distortion: 0.4482 train_mapscore: 0.2898 train_c: -1.0045 train_max_dist: 16.9155 train_imax: 0.9486 train_imin: -1.4724 time: 3.5971s
INFO:root:Epoch: 0095 lr: 0.01 train_loss: 59555.8047 train_distortion: 0.3749 train_mapscore: 0.3494 train_c: -1.0038 train_max_dist: 18.9029 train_imax: 0.6581 train_imin: -2.1855 time: 3.6265s
INFO:root:Epoch: 0100 lr: 0.01 train_loss: 53617.3672 train_distortion: 0.3098 train_mapscore: 0.3715 train_c: -1.0030 train_max_dist: 20.9926 train_imax: 1.6069 train_imin: -3.3741 time: 3.6407s
INFO:root:Epoch: 0105 lr: 0.01 train_loss: 49532.7969 train_distortion: 0.2633 train_mapscore: 0.3669 train_c: -1.0022 train_max_dist: 23.0030 train_imax: 5.4691 train_imin: -7.6047 time: 3.6742s
INFO:root:Epoch: 0110 lr: 0.01 train_loss: 46139.0312 train_distortion: 0.2391 train_mapscore: 0.3839 train_c: -1.0015 train_max_dist: 25.2408 train_imax: 7.1864 train_imin: -5.4437 time: 3.6662s
INFO:root:Epoch: 0115 lr: 0.01 train_loss: 50597.2109 train_distortion: 0.2362 train_mapscore: 0.3186 train_c: -1.0008 train_max_dist: 26.9993 train_imax: 8.8818 train_imin: -6.9739 time: 3.6661s
INFO:root:Epoch: 0120 lr: 0.01 train_loss: 59914.2188 train_distortion: 0.2440 train_mapscore: 0.2044 train_c: -1.0005 train_max_dist: 27.2781 train_imax: 12.7286 train_imin: -15.7029 time: 3.7107s
INFO:root:Epoch: 0125 lr: 0.01 train_loss: 62742.9453 train_distortion: 0.2504 train_mapscore: 0.1671 train_c: -1.0003 train_max_dist: 26.8542 train_imax: 15.7030 train_imin: -11.6790 time: 3.7297s
INFO:root:Epoch: 0130 lr: 0.01 train_loss: 62007.8906 train_distortion: 0.2590 train_mapscore: 0.1715 train_c: -1.0000 train_max_dist: 32.0000 train_imax: 14.1140 train_imin: -9.8724 time: 3.7289s
INFO:root:Epoch: 0135 lr: 0.01 train_loss: 59689.2344 train_distortion: 0.2663 train_mapscore: 0.1944 train_c: -0.9997 train_max_dist: 24.3725 train_imax: 13.7531 train_imin: -8.1237 time: 3.7456s
INFO:root:Epoch: 0140 lr: 0.01 train_loss: 56603.7578 train_distortion: 0.2657 train_mapscore: 0.2415 train_c: -0.9993 train_max_dist: 24.4783 train_imax: 14.1652 train_imin: -7.2640 time: 3.7137s
INFO:root:Epoch: 0145 lr: 0.01 train_loss: 53701.3086 train_distortion: 0.2586 train_mapscore: 0.2845 train_c: -0.9988 train_max_dist: 25.3602 train_imax: 15.1442 train_imin: -7.0958 time: 3.7042s
INFO:root:Epoch: 0150 lr: 0.01 train_loss: 50533.1172 train_distortion: 0.2508 train_mapscore: 0.3405 train_c: -0.9983 train_max_dist: 26.4888 train_imax: 17.0607 train_imin: -7.3887 time: 3.7224s
INFO:root:Epoch: 0155 lr: 0.01 train_loss: 47800.9609 train_distortion: 0.2497 train_mapscore: 0.3832 train_c: -0.9977 train_max_dist: 27.7581 train_imax: 18.7296 train_imin: -7.8027 time: 3.7229s
INFO:root:Epoch: 0160 lr: 0.01 train_loss: 47676.4258 train_distortion: 0.2564 train_mapscore: 0.3536 train_c: -0.9972 train_max_dist: 32.0000 train_imax: 19.9196 train_imin: -12.6952 time: 3.7196s
INFO:root:Epoch: 0165 lr: 0.01 train_loss: 46950.0938 train_distortion: 0.2694 train_mapscore: 0.3597 train_c: -0.9966 train_max_dist: 30.2574 train_imax: 23.2268 train_imin: -11.0007 time: 3.7022s
INFO:root:Epoch: 0170 lr: 0.01 train_loss: 49953.0547 train_distortion: 0.2798 train_mapscore: 0.3011 train_c: -0.9962 train_max_dist: 31.1986 train_imax: 26.2354 train_imin: -25.2268 time: 3.6887s
INFO:root:Epoch: 0175 lr: 0.01 train_loss: 48261.9297 train_distortion: 0.2831 train_mapscore: 0.3276 train_c: -0.9958 train_max_dist: 31.5548 train_imax: 28.1897 train_imin: -22.1263 time: 3.7036s
INFO:root:Epoch: 0180 lr: 0.01 train_loss: 46903.9766 train_distortion: 0.2832 train_mapscore: 0.3510 train_c: -0.9953 train_max_dist: 32.0122 train_imax: 30.1605 train_imin: -21.3881 time: 3.6897s
INFO:root:Epoch: 0185 lr: 0.01 train_loss: 43642.3516 train_distortion: 0.2882 train_mapscore: 0.4152 train_c: -0.9949 train_max_dist: 32.3386 train_imax: 31.7633 train_imin: -21.0446 time: 3.6863s
INFO:root:Epoch: 0190 lr: 0.01 train_loss: 40511.6992 train_distortion: 0.3041 train_mapscore: 0.4863 train_c: -0.9944 train_max_dist: 33.1801 train_imax: 34.8957 train_imin: -21.9886 time: 3.7162s
INFO:root:Epoch: 0195 lr: 0.01 train_loss: 38731.0469 train_distortion: 0.3319 train_mapscore: 0.5183 train_c: -0.9939 train_max_dist: 34.1871 train_imax: 39.2812 train_imin: -28.2099 time: 3.7189s
INFO:root:Epoch: 0200 lr: 0.01 train_loss: 41481.5625 train_distortion: 0.3634 train_mapscore: 0.4429 train_c: -0.9934 train_max_dist: 35.8530 train_imax: 45.4505 train_imin: -31.9337 time: 3.6827s
INFO:root:Epoch: 0205 lr: 0.01 train_loss: 41249.4688 train_distortion: 0.3839 train_mapscore: 0.4555 train_c: -0.9930 train_max_dist: 36.9373 train_imax: 48.2485 train_imin: -32.2422 time: 3.6807s
INFO:root:Epoch: 0210 lr: 0.01 train_loss: 39585.7578 train_distortion: 0.3963 train_mapscore: 0.4916 train_c: -0.9926 train_max_dist: 37.4424 train_imax: 49.4771 train_imin: -32.3148 time: 3.6758s
INFO:root:Epoch: 0215 lr: 0.01 train_loss: 41963.1797 train_distortion: 0.4123 train_mapscore: 0.4471 train_c: -0.9922 train_max_dist: 37.9691 train_imax: 52.1247 train_imin: -35.9827 time: 3.6892s
INFO:root:Epoch: 0220 lr: 0.01 train_loss: 39891.9922 train_distortion: 0.4228 train_mapscore: 0.4898 train_c: -0.9917 train_max_dist: 38.1589 train_imax: 53.5884 train_imin: -36.3419 time: 3.6803s
INFO:root:Epoch: 0225 lr: 0.01 train_loss: 36998.6992 train_distortion: 0.4345 train_mapscore: 0.5540 train_c: -0.9913 train_max_dist: 38.4501 train_imax: 54.9265 train_imin: -35.7677 time: 3.6785s
INFO:root:Epoch: 0230 lr: 0.01 train_loss: 33741.2109 train_distortion: 0.4645 train_mapscore: 0.6288 train_c: -0.9908 train_max_dist: 39.2199 train_imax: 57.3368 train_imin: -37.9076 time: 3.6922s
INFO:root:Epoch: 0235 lr: 0.01 train_loss: 32787.1641 train_distortion: 0.5111 train_mapscore: 0.6417 train_c: -0.9903 train_max_dist: 40.2855 train_imax: 61.7826 train_imin: -41.5385 time: 3.7127s
INFO:root:Epoch: 0240 lr: 0.01 train_loss: 30428.0547 train_distortion: 0.5735 train_mapscore: 0.7004 train_c: -0.9898 train_max_dist: 41.5083 train_imax: 67.3464 train_imin: -45.1612 time: 3.6701s
INFO:root:Epoch: 0245 lr: 0.01 train_loss: 29651.9766 train_distortion: 0.6475 train_mapscore: 0.7139 train_c: -0.9893 train_max_dist: 42.7321 train_imax: 73.3050 train_imin: -48.1826 time: 3.7667s
INFO:root:Epoch: 0250 lr: 0.01 train_loss: 30116.1367 train_distortion: 0.7201 train_mapscore: 0.7098 train_c: -0.9888 train_max_dist: 43.4970 train_imax: 78.9110 train_imin: -72.3248 time: 3.6740s
INFO:root:Epoch: 0255 lr: 0.01 train_loss: 38069.9883 train_distortion: 0.7591 train_mapscore: 0.5551 train_c: -0.9884 train_max_dist: 48.0000 train_imax: 81.9205 train_imin: -88.9782 time: 3.6865s
INFO:root:Epoch: 0260 lr: 0.01 train_loss: 78363.9922 train_distortion: 0.5888 train_mapscore: 0.1717 train_c: -0.9884 train_max_dist: 41.4787 train_imax: 71.4364 train_imin: -66.4151 time: 3.7595s
INFO:root:Epoch: 0265 lr: 0.01 train_loss: 76597.2188 train_distortion: 0.3688 train_mapscore: 0.1441 train_c: -0.9881 train_max_dist: 36.8504 train_imax: 49.4392 train_imin: -52.8893 time: 3.8328s
INFO:root:Epoch: 0270 lr: 0.01 train_loss: 71142.6328 train_distortion: 0.2710 train_mapscore: 0.1327 train_c: -0.9879 train_max_dist: 32.1146 train_imax: 31.0821 train_imin: -31.7801 time: 3.8310s
INFO:root:Epoch: 0275 lr: 0.01 train_loss: 68539.8438 train_distortion: 0.2825 train_mapscore: 0.1396 train_c: -0.9876 train_max_dist: 27.8442 train_imax: 21.1674 train_imin: -19.3687 time: 3.8386s
INFO:root:Epoch: 0280 lr: 0.01 train_loss: 68179.7656 train_distortion: 0.3205 train_mapscore: 0.1450 train_c: -0.9874 train_max_dist: 25.2145 train_imax: 17.6959 train_imin: -13.8938 time: 3.8243s
INFO:root:Epoch: 0285 lr: 0.01 train_loss: 67025.5156 train_distortion: 0.3273 train_mapscore: 0.1578 train_c: -0.9871 train_max_dist: 24.5380 train_imax: 16.7562 train_imin: -12.6120 time: 3.7690s
INFO:root:Epoch: 0290 lr: 0.01 train_loss: 65035.5781 train_distortion: 0.3056 train_mapscore: 0.1757 train_c: -0.9867 train_max_dist: 25.4761 train_imax: 17.6591 train_imin: -13.6771 time: 3.7617s
INFO:root:Epoch: 0295 lr: 0.01 train_loss: 62814.1914 train_distortion: 0.2829 train_mapscore: 0.1977 train_c: -0.9862 train_max_dist: 26.8899 train_imax: 19.3092 train_imin: -15.2480 time: 3.7439s
INFO:root:Epoch: 0300 lr: 0.01 train_loss: 60467.3828 train_distortion: 0.2681 train_mapscore: 0.2267 train_c: -0.9857 train_max_dist: 28.1024 train_imax: 22.0337 train_imin: -16.6887 time: 3.7410s
INFO:root:Epoch: 0305 lr: 0.01 train_loss: 58418.4141 train_distortion: 0.2610 train_mapscore: 0.2568 train_c: -0.9851 train_max_dist: 29.0788 train_imax: 24.4066 train_imin: -17.6636 time: 3.7318s
INFO:root:Epoch: 0310 lr: 0.01 train_loss: 56774.6406 train_distortion: 0.2584 train_mapscore: 0.2787 train_c: -0.9846 train_max_dist: 29.9799 train_imax: 26.6036 train_imin: -18.6683 time: 3.7280s
INFO:root:Epoch: 0315 lr: 0.01 train_loss: 54461.4766 train_distortion: 0.2596 train_mapscore: 0.3281 train_c: -0.9841 train_max_dist: 30.8778 train_imax: 29.2978 train_imin: -20.2058 time: 3.7529s
INFO:root:Epoch: 0320 lr: 0.01 train_loss: 52097.7969 train_distortion: 0.2660 train_mapscore: 0.3795 train_c: -0.9836 train_max_dist: 31.9643 train_imax: 32.6293 train_imin: -21.7797 time: 3.7624s
INFO:root:Epoch: 0325 lr: 0.01 train_loss: 49846.0195 train_distortion: 0.2776 train_mapscore: 0.4321 train_c: -0.9831 train_max_dist: 33.0172 train_imax: 36.0396 train_imin: -23.6092 time: 3.7130s
INFO:root:Epoch: 0330 lr: 0.01 train_loss: 47608.9766 train_distortion: 0.2950 train_mapscore: 0.4828 train_c: -0.9826 train_max_dist: 34.0501 train_imax: 39.9357 train_imin: -25.5198 time: 3.7028s
INFO:root:Epoch: 0335 lr: 0.01 train_loss: 45391.6758 train_distortion: 0.3203 train_mapscore: 0.5327 train_c: -0.9821 train_max_dist: 35.2349 train_imax: 44.5988 train_imin: -27.2038 time: 3.7176s
INFO:root:Epoch: 0340 lr: 0.01 train_loss: 43576.2539 train_distortion: 0.3544 train_mapscore: 0.5591 train_c: -0.9816 train_max_dist: 36.4992 train_imax: 49.8843 train_imin: -29.7337 time: 3.6941s
INFO:root:Epoch: 0345 lr: 0.01 train_loss: 42582.6133 train_distortion: 0.3957 train_mapscore: 0.5449 train_c: -0.9811 train_max_dist: 37.7123 train_imax: 55.6823 train_imin: -32.7328 time: 3.7083s
INFO:root:Epoch: 0350 lr: 0.01 train_loss: 41551.1602 train_distortion: 0.4408 train_mapscore: 0.5437 train_c: -0.9806 train_max_dist: 38.7478 train_imax: 61.6429 train_imin: -36.4893 time: 3.6892s
INFO:root:Epoch: 0355 lr: 0.01 train_loss: 41712.6719 train_distortion: 0.4887 train_mapscore: 0.5073 train_c: -0.9802 train_max_dist: 39.9268 train_imax: 67.0216 train_imin: -38.6695 time: 3.6941s
INFO:root:Epoch: 0360 lr: 0.01 train_loss: 40787.0977 train_distortion: 0.5313 train_mapscore: 0.5236 train_c: -0.9798 train_max_dist: 40.7230 train_imax: 71.4050 train_imin: -41.7971 time: 3.7211s
INFO:root:Epoch: 0365 lr: 0.01 train_loss: 38705.9766 train_distortion: 0.5736 train_mapscore: 0.5728 train_c: -0.9794 train_max_dist: 41.5309 train_imax: 76.5674 train_imin: -42.2552 time: 3.7271s
INFO:root:Epoch: 0370 lr: 0.01 train_loss: 36799.3320 train_distortion: 0.6252 train_mapscore: 0.6170 train_c: -0.9789 train_max_dist: 42.3583 train_imax: 82.8616 train_imin: -45.1674 time: 3.6936s
INFO:root:Epoch: 0375 lr: 0.01 train_loss: 35056.5859 train_distortion: 0.6889 train_mapscore: 0.6652 train_c: -0.9784 train_max_dist: 43.2892 train_imax: 90.1530 train_imin: -55.7267 time: 3.6905s
INFO:root:Epoch: 0380 lr: 0.01 train_loss: 34277.9336 train_distortion: 0.7625 train_mapscore: 0.6705 train_c: -0.9780 train_max_dist: 44.4252 train_imax: 97.2571 train_imin: -61.7421 time: 3.6890s
INFO:root:Epoch: 0385 lr: 0.01 train_loss: 34727.7773 train_distortion: 0.8252 train_mapscore: 0.6548 train_c: -0.9776 train_max_dist: 45.5847 train_imax: 105.4182 train_imin: -63.0443 time: 3.6979s
INFO:root:Epoch: 0390 lr: 0.01 train_loss: 34828.5781 train_distortion: 0.8790 train_mapscore: 0.6485 train_c: -0.9772 train_max_dist: 46.3087 train_imax: 113.3046 train_imin: -65.7297 time: 3.6876s
INFO:root:Epoch: 0395 lr: 0.01 train_loss: 34908.4180 train_distortion: 0.9216 train_mapscore: 0.6555 train_c: -0.9768 train_max_dist: 46.9819 train_imax: 119.0290 train_imin: -95.6082 time: 3.7001s
INFO:root:Epoch: 0400 lr: 0.01 train_loss: 51510.4609 train_distortion: 0.8970 train_mapscore: 0.3733 train_c: -0.9765 train_max_dist: 46.6318 train_imax: 116.6397 train_imin: -97.2160 time: 3.7399s
INFO:root:Epoch: 0405 lr: 0.01 train_loss: 71640.6172 train_distortion: 0.7159 train_mapscore: 0.1930 train_c: -0.9766 train_max_dist: 44.2745 train_imax: 100.4362 train_imin: -70.6213 time: 3.7790s
INFO:root:Epoch: 0410 lr: 0.01 train_loss: 75740.3906 train_distortion: 0.4500 train_mapscore: 0.1387 train_c: -0.9768 train_max_dist: 39.9643 train_imax: 69.8248 train_imin: -56.5884 time: 3.7837s
INFO:root:Epoch: 0415 lr: 0.01 train_loss: 70506.5938 train_distortion: 0.2914 train_mapscore: 0.1338 train_c: -0.9768 train_max_dist: 34.5288 train_imax: 43.5511 train_imin: -29.7070 time: 3.8293s
INFO:root:Epoch: 0420 lr: 0.01 train_loss: 74910.0469 train_distortion: 0.2857 train_mapscore: 0.0846 train_c: -0.9772 train_max_dist: 27.5707 train_imax: 23.1661 train_imin: -14.9297 time: 3.8551s
INFO:root:Epoch: 0425 lr: 0.01 train_loss: 77267.0547 train_distortion: 0.3651 train_mapscore: 0.0719 train_c: -0.9773 train_max_dist: 23.5631 train_imax: 13.9776 train_imin: -9.3413 time: 3.8745s
INFO:root:Epoch: 0430 lr: 0.01 train_loss: 78697.1562 train_distortion: 0.4188 train_mapscore: 0.0689 train_c: -0.9774 train_max_dist: 21.5951 train_imax: 10.6011 train_imin: -7.8729 time: 3.8690s
INFO:root:Epoch: 0435 lr: 0.01 train_loss: 78510.4688 train_distortion: 0.4217 train_mapscore: 0.0716 train_c: -0.9772 train_max_dist: 21.4075 train_imax: 10.3039 train_imin: -8.0533 time: 3.8585s
INFO:root:Epoch: 0440 lr: 0.01 train_loss: 77569.7031 train_distortion: 0.3952 train_mapscore: 0.0792 train_c: -0.9770 train_max_dist: 22.2177 train_imax: 11.5117 train_imin: -9.1639 time: 3.8809s
INFO:root:Epoch: 0445 lr: 0.01 train_loss: 76526.9844 train_distortion: 0.3666 train_mapscore: 0.0852 train_c: -0.9767 train_max_dist: 23.1810 train_imax: 13.0745 train_imin: -10.3949 time: 3.9142s
INFO:root:Epoch: 0450 lr: 0.01 train_loss: 75161.7109 train_distortion: 0.3486 train_mapscore: 0.0949 train_c: -0.9763 train_max_dist: 23.9020 train_imax: 14.2368 train_imin: -11.1210 time: 3.8923s
INFO:root:Epoch: 0455 lr: 0.01 train_loss: 73535.5312 train_distortion: 0.3377 train_mapscore: 0.1090 train_c: -0.9759 train_max_dist: 24.3634 train_imax: 14.9963 train_imin: -11.3923 time: 3.8315s
INFO:root:Epoch: 0460 lr: 0.01 train_loss: 71887.8125 train_distortion: 0.3288 train_mapscore: 0.1229 train_c: -0.9755 train_max_dist: 24.7693 train_imax: 15.7107 train_imin: -11.5439 time: 3.8184s
INFO:root:Epoch: 0465 lr: 0.01 train_loss: 70321.6250 train_distortion: 0.3174 train_mapscore: 0.1478 train_c: -0.9750 train_max_dist: 25.3118 train_imax: 16.7608 train_imin: -11.9116 time: 3.8061s
INFO:root:Epoch: 0470 lr: 0.01 train_loss: 68777.7656 train_distortion: 0.3051 train_mapscore: 0.1688 train_c: -0.9746 train_max_dist: 25.9870 train_imax: 18.0661 train_imin: -12.4093 time: 3.7911s
INFO:root:Epoch: 0475 lr: 0.01 train_loss: 67172.0234 train_distortion: 0.2939 train_mapscore: 0.1957 train_c: -0.9741 train_max_dist: 26.6644 train_imax: 19.4656 train_imin: -12.8720 time: 3.7859s
INFO:root:Epoch: 0480 lr: 0.01 train_loss: 65533.8047 train_distortion: 0.2844 train_mapscore: 0.2261 train_c: -0.9737 train_max_dist: 27.3451 train_imax: 20.9828 train_imin: -13.2662 time: 3.7692s
INFO:root:Epoch: 0485 lr: 0.01 train_loss: 63958.9531 train_distortion: 0.2771 train_mapscore: 0.2494 train_c: -0.9732 train_max_dist: 27.9824 train_imax: 22.4805 train_imin: -13.8126 time: 3.7995s
INFO:root:Epoch: 0490 lr: 0.01 train_loss: 62493.2734 train_distortion: 0.2717 train_mapscore: 0.2712 train_c: -0.9728 train_max_dist: 28.5081 train_imax: 23.8827 train_imin: -14.4179 time: 3.7943s
INFO:root:Epoch: 0495 lr: 0.01 train_loss: 60925.9609 train_distortion: 0.2670 train_mapscore: 0.3045 train_c: -0.9724 train_max_dist: 29.1294 train_imax: 25.6353 train_imin: -15.4416 time: 3.7579s
INFO:root:Epoch: 0500 lr: 0.01 train_loss: 59298.3086 train_distortion: 0.2639 train_mapscore: 0.3345 train_c: -0.9719 train_max_dist: 29.8257 train_imax: 27.6056 train_imin: -16.4816 time: 3.7456s
INFO:root:Epoch: 0505 lr: 0.01 train_loss: 57795.4141 train_distortion: 0.2630 train_mapscore: 0.3538 train_c: -0.9715 train_max_dist: 30.4735 train_imax: 29.4935 train_imin: -17.4482 time: 3.7518s
INFO:root:Epoch: 0510 lr: 0.01 train_loss: 56443.9844 train_distortion: 0.2637 train_mapscore: 0.3728 train_c: -0.9711 train_max_dist: 31.0822 train_imax: 31.4030 train_imin: -18.2908 time: 3.7515s
INFO:root:Epoch: 0515 lr: 0.01 train_loss: 54834.9141 train_distortion: 0.2672 train_mapscore: 0.4109 train_c: -0.9707 train_max_dist: 31.8687 train_imax: 33.9253 train_imin: -19.4983 time: 3.7492s
INFO:root:Epoch: 0520 lr: 0.01 train_loss: 53360.7812 train_distortion: 0.2732 train_mapscore: 0.4227 train_c: -0.9703 train_max_dist: 32.6054 train_imax: 36.5500 train_imin: -20.7138 time: 3.7253s
INFO:root:Epoch: 0525 lr: 0.01 train_loss: 51695.3906 train_distortion: 0.2834 train_mapscore: 0.4706 train_c: -0.9699 train_max_dist: 33.4736 train_imax: 39.7673 train_imin: -22.2152 time: 3.7293s
INFO:root:Epoch: 0530 lr: 0.01 train_loss: 49979.6133 train_distortion: 0.2981 train_mapscore: 0.5083 train_c: -0.9695 train_max_dist: 34.3633 train_imax: 43.4021 train_imin: -23.9803 time: 3.7643s
INFO:root:Epoch: 0535 lr: 0.01 train_loss: 48265.1602 train_distortion: 0.3176 train_mapscore: 0.5434 train_c: -0.9691 train_max_dist: 35.2977 train_imax: 47.4513 train_imin: -26.3084 time: 3.7727s
INFO:root:Epoch: 0540 lr: 0.01 train_loss: 46469.9453 train_distortion: 0.3435 train_mapscore: 0.5781 train_c: -0.9686 train_max_dist: 36.3107 train_imax: 52.0726 train_imin: -28.8435 time: 3.7349s
INFO:root:Epoch: 0545 lr: 0.01 train_loss: 44766.1484 train_distortion: 0.3751 train_mapscore: 0.6044 train_c: -0.9682 train_max_dist: 37.3442 train_imax: 57.2021 train_imin: -31.6814 time: 3.7413s
INFO:root:Epoch: 0550 lr: 0.01 train_loss: 43160.6094 train_distortion: 0.4137 train_mapscore: 0.6250 train_c: -0.9678 train_max_dist: 38.4397 train_imax: 62.9343 train_imin: -35.0042 time: 3.7348s
INFO:root:Epoch: 0555 lr: 0.01 train_loss: 41409.0312 train_distortion: 0.4619 train_mapscore: 0.6565 train_c: -0.9674 train_max_dist: 39.6387 train_imax: 69.8812 train_imin: -38.2623 time: 3.7282s
INFO:root:Epoch: 0560 lr: 0.01 train_loss: 40294.3438 train_distortion: 0.5171 train_mapscore: 0.6528 train_c: -0.9670 train_max_dist: 96.0000 train_imax: 77.3840 train_imin: -41.5161 time: 3.7135s
INFO:root:Epoch: 0565 lr: 0.01 train_loss: 52502.7266 train_distortion: 0.5639 train_mapscore: 0.3109 train_c: -0.9667 train_max_dist: 48.0000 train_imax: 83.4611 train_imin: -50.2165 time: 3.7396s
INFO:root:Epoch: 0570 lr: 0.01 train_loss: 58808.8125 train_distortion: 0.5310 train_mapscore: 0.2456 train_c: -0.9666 train_max_dist: 41.1258 train_imax: 79.0175 train_imin: -43.5392 time: 3.7836s
INFO:root:Epoch: 0575 lr: 0.01 train_loss: 59856.2891 train_distortion: 0.4419 train_mapscore: 0.2153 train_c: -0.9665 train_max_dist: 39.3391 train_imax: 66.4286 train_imin: -39.5324 time: 3.7785s
INFO:root:Epoch: 0580 lr: 0.01 train_loss: 59605.7227 train_distortion: 0.3606 train_mapscore: 0.2021 train_c: -0.9665 train_max_dist: 37.3112 train_imax: 53.5351 train_imin: -31.8139 time: 3.7501s
INFO:root:Epoch: 0585 lr: 0.01 train_loss: 57998.4492 train_distortion: 0.3093 train_mapscore: 0.2121 train_c: -0.9664 train_max_dist: 35.3257 train_imax: 43.8490 train_imin: -25.3847 time: 3.7648s
INFO:root:Epoch: 0590 lr: 0.01 train_loss: 57795.5078 train_distortion: 0.2857 train_mapscore: 0.2166 train_c: -0.9664 train_max_dist: 33.8832 train_imax: 37.5500 train_imin: -27.4836 time: 3.7475s
INFO:root:Epoch: 0595 lr: 0.01 train_loss: 56358.3672 train_distortion: 0.2768 train_mapscore: 0.2408 train_c: -0.9662 train_max_dist: 33.1969 train_imax: 34.6806 train_imin: -21.0262 time: 3.7519s
INFO:root:Epoch: 0600 lr: 0.01 train_loss: 54585.9180 train_distortion: 0.2764 train_mapscore: 0.2802 train_c: -0.9659 train_max_dist: 33.2301 train_imax: 34.4565 train_imin: -21.3380 time: 3.7373s
INFO:root:Epoch: 0605 lr: 0.01 train_loss: 52490.5938 train_distortion: 0.2827 train_mapscore: 0.3304 train_c: -0.9655 train_max_dist: 33.7769 train_imax: 36.1771 train_imin: -22.4944 time: 3.7224s
INFO:root:Epoch: 0610 lr: 0.01 train_loss: 50340.7812 train_distortion: 0.2961 train_mapscore: 0.3784 train_c: -0.9651 train_max_dist: 34.6067 train_imax: 39.1115 train_imin: -23.8339 time: 3.7259s
INFO:root:Epoch: 0615 lr: 0.01 train_loss: 47952.6602 train_distortion: 0.3193 train_mapscore: 0.4483 train_c: -0.9645 train_max_dist: 35.7245 train_imax: 43.4934 train_imin: -26.1897 time: 3.7576s
INFO:root:Epoch: 0620 lr: 0.01 train_loss: 46177.3438 train_distortion: 0.3518 train_mapscore: 0.4805 train_c: -0.9640 train_max_dist: 37.0118 train_imax: 48.4641 train_imin: -29.9026 time: 3.7126s
INFO:root:Epoch: 0625 lr: 0.01 train_loss: 44052.7891 train_distortion: 0.3956 train_mapscore: 0.5392 train_c: -0.9635 train_max_dist: 38.3494 train_imax: 54.4703 train_imin: -32.5152 time: 3.7224s
INFO:root:Epoch: 0630 lr: 0.01 train_loss: 42210.8789 train_distortion: 0.4471 train_mapscore: 0.5773 train_c: -0.9630 train_max_dist: 39.6293 train_imax: 61.0539 train_imin: -36.5628 time: 3.7179s
INFO:root:Epoch: 0635 lr: 0.01 train_loss: 41281.2969 train_distortion: 0.5105 train_mapscore: 0.5589 train_c: -0.9625 train_max_dist: 41.0001 train_imax: 68.6952 train_imin: -41.3097 time: 3.7089s
INFO:root:Epoch: 0640 lr: 0.01 train_loss: 39533.1523 train_distortion: 0.5797 train_mapscore: 0.6019 train_c: -0.9620 train_max_dist: 42.3216 train_imax: 77.0909 train_imin: -44.9705 time: 3.7118s
INFO:root:Epoch: 0645 lr: 0.01 train_loss: 37328.2734 train_distortion: 0.6555 train_mapscore: 0.6587 train_c: -0.9615 train_max_dist: 43.6157 train_imax: 85.9982 train_imin: -49.7166 time: 3.7193s
INFO:root:Epoch: 0650 lr: 0.01 train_loss: 37144.0547 train_distortion: 0.7389 train_mapscore: 0.6403 train_c: -0.9610 train_max_dist: 44.8893 train_imax: 95.3229 train_imin: -54.7025 time: 3.7052s
INFO:root:Epoch: 0655 lr: 0.01 train_loss: 36079.6367 train_distortion: 0.8236 train_mapscore: 0.6653 train_c: -0.9605 train_max_dist: 46.1424 train_imax: 104.7892 train_imin: -58.7294 time: 3.7489s
INFO:root:Epoch: 0660 lr: 0.01 train_loss: 34455.6797 train_distortion: 0.9115 train_mapscore: 0.7004 train_c: -0.9600 train_max_dist: 64.0000 train_imax: 114.5113 train_imin: -63.5718 time: 3.7360s
INFO:root:Epoch: 0665 lr: 0.01 train_loss: 36278.1016 train_distortion: 0.9927 train_mapscore: 0.6432 train_c: -0.9596 train_max_dist: 48.1946 train_imax: 123.8843 train_imin: -67.8257 time: 3.7143s
INFO:root:Epoch: 0670 lr: 0.01 train_loss: 39717.1562 train_distortion: 1.0370 train_mapscore: 0.5532 train_c: -0.9592 train_max_dist: 48.6316 train_imax: 128.0247 train_imin: -68.4111 time: 3.7287s
INFO:root:Epoch: 0675 lr: 0.01 train_loss: 42327.4141 train_distortion: 1.0309 train_mapscore: 0.4949 train_c: -0.9589 train_max_dist: 48.6076 train_imax: 127.8614 train_imin: -66.6185 time: 3.7308s
INFO:root:Epoch: 0680 lr: 0.01 train_loss: 47658.3320 train_distortion: 0.9778 train_mapscore: 0.4027 train_c: -0.9586 train_max_dist: 47.4665 train_imax: 127.0848 train_imin: -63.4987 time: 3.7284s
INFO:root:Epoch: 0685 lr: 0.01 train_loss: 44612.0820 train_distortion: 0.8647 train_mapscore: 0.4438 train_c: -0.9583 train_max_dist: 46.0323 train_imax: 116.0705 train_imin: -56.4289 time: 3.7171s
INFO:root:Epoch: 0690 lr: 0.01 train_loss: 45550.2031 train_distortion: 0.7801 train_mapscore: 0.4165 train_c: -0.9579 train_max_dist: 45.0220 train_imax: 106.8590 train_imin: -50.6730 time: 3.7240s
INFO:root:Epoch: 0695 lr: 0.01 train_loss: 43062.4141 train_distortion: 0.7186 train_mapscore: 0.4613 train_c: -0.9576 train_max_dist: 44.3907 train_imax: 99.3496 train_imin: -45.7941 time: 3.7845s
INFO:root:Epoch: 0700 lr: 0.01 train_loss: 40338.7031 train_distortion: 0.6915 train_mapscore: 0.5260 train_c: -0.9572 train_max_dist: 43.9155 train_imax: 96.3598 train_imin: -42.7566 time: 3.7650s
INFO:root:Epoch: 0705 lr: 0.01 train_loss: 39047.7969 train_distortion: 0.6969 train_mapscore: 0.5470 train_c: -0.9569 train_max_dist: 100.0000 train_imax: 97.4070 train_imin: -43.3372 time: 3.7158s
INFO:root:Epoch: 0710 lr: 0.01 train_loss: 37220.4062 train_distortion: 0.7261 train_mapscore: 0.5915 train_c: -0.9565 train_max_dist: 44.2404 train_imax: 101.7377 train_imin: -44.5372 time: 3.7060s
INFO:root:Epoch: 0715 lr: 0.01 train_loss: 41689.1953 train_distortion: 0.7713 train_mapscore: 0.4776 train_c: -0.9562 train_max_dist: 44.7185 train_imax: 108.1894 train_imin: -47.1418 time: 3.7124s
INFO:root:Epoch: 0720 lr: 0.01 train_loss: 42336.8047 train_distortion: 0.7781 train_mapscore: 0.4656 train_c: -0.9559 train_max_dist: 44.8177 train_imax: 109.8211 train_imin: -46.7797 time: 3.7124s
INFO:root:Epoch: 0725 lr: 0.01 train_loss: 40067.5938 train_distortion: 0.7775 train_mapscore: 0.5148 train_c: -0.9556 train_max_dist: 44.6629 train_imax: 109.5865 train_imin: -46.9151 time: 3.7140s
INFO:root:Epoch: 0730 lr: 0.01 train_loss: 39260.7656 train_distortion: 0.7903 train_mapscore: 0.5344 train_c: -0.9553 train_max_dist: 44.7444 train_imax: 110.6198 train_imin: -46.9032 time: 3.7080s
INFO:root:Epoch: 0735 lr: 0.01 train_loss: 37178.6055 train_distortion: 0.8156 train_mapscore: 0.5950 train_c: -0.9550 train_max_dist: 45.0036 train_imax: 114.0234 train_imin: -50.0601 time: 3.7619s
INFO:root:Epoch: 0740 lr: 0.01 train_loss: 35766.7617 train_distortion: 0.8572 train_mapscore: 0.6335 train_c: -0.9546 train_max_dist: 45.5440 train_imax: 118.3524 train_imin: -53.8050 time: 3.7573s
INFO:root:Epoch: 0745 lr: 0.01 train_loss: 37096.5859 train_distortion: 0.9022 train_mapscore: 0.5869 train_c: -0.9542 train_max_dist: 46.1880 train_imax: 124.2705 train_imin: -53.6073 time: 3.7541s
INFO:root:Epoch: 0750 lr: 0.01 train_loss: 36717.7891 train_distortion: 0.9411 train_mapscore: 0.6083 train_c: -0.9539 train_max_dist: 46.6767 train_imax: 129.2308 train_imin: -59.7978 time: 3.7122s
INFO:root:Epoch: 0755 lr: 0.01 train_loss: 35088.3438 train_distortion: 0.9863 train_mapscore: 0.6489 train_c: -0.9535 train_max_dist: 47.2219 train_imax: 135.7611 train_imin: -78.4484 time: 3.7092s
INFO:root:Epoch: 0760 lr: 0.01 train_loss: 33593.1016 train_distortion: 1.0432 train_mapscore: 0.6867 train_c: -0.9530 train_max_dist: 48.0000 train_imax: 143.7978 train_imin: -86.5286 time: 3.7224s
INFO:root:Epoch: 0765 lr: 0.01 train_loss: 33243.1797 train_distortion: 1.1121 train_mapscore: 0.6954 train_c: -0.9526 train_max_dist: 48.5038 train_imax: 152.9301 train_imin: -89.0629 time: 3.7142s
INFO:root:Epoch: 0770 lr: 0.01 train_loss: 33024.6836 train_distortion: 1.1822 train_mapscore: 0.7124 train_c: -0.9522 train_max_dist: 49.1281 train_imax: 161.1378 train_imin: -99.4904 time: 3.7267s
INFO:root:Epoch: 0775 lr: 0.01 train_loss: 32449.5273 train_distortion: 1.2437 train_mapscore: 0.7349 train_c: -0.9518 train_max_dist: 49.7367 train_imax: 167.8534 train_imin: -122.7835 time: 3.7141s
INFO:root:Epoch: 0780 lr: 0.01 train_loss: 38958.2266 train_distortion: 1.2907 train_mapscore: 0.6030 train_c: -0.9514 train_max_dist: 50.2010 train_imax: 172.5775 train_imin: -140.7379 time: 3.7621s
INFO:root:Epoch: 0785 lr: 0.01 train_loss: 46816.2344 train_distortion: 1.2119 train_mapscore: 0.4575 train_c: -0.9511 train_max_dist: 49.6146 train_imax: 161.9904 train_imin: -136.9413 time: 3.7783s
INFO:root:Epoch: 0790 lr: 0.01 train_loss: 44187.3477 train_distortion: 1.0496 train_mapscore: 0.4882 train_c: -0.9507 train_max_dist: 48.0359 train_imax: 140.5732 train_imin: -116.2015 time: 3.7253s
INFO:root:Epoch: 0795 lr: 0.01 train_loss: 41041.2969 train_distortion: 0.9338 train_mapscore: 0.5401 train_c: -0.9504 train_max_dist: 46.6917 train_imax: 125.6463 train_imin: -96.6898 time: 3.7201s
INFO:root:Epoch: 0800 lr: 0.01 train_loss: 37884.8281 train_distortion: 0.8805 train_mapscore: 0.6040 train_c: -0.9501 train_max_dist: 46.0408 train_imax: 119.1971 train_imin: -86.1403 time: 3.7235s
INFO:root:Epoch: 0805 lr: 0.01 train_loss: 35109.4336 train_distortion: 0.8825 train_mapscore: 0.6657 train_c: -0.9498 train_max_dist: 46.0929 train_imax: 119.7432 train_imin: -81.0097 time: 3.7188s
INFO:root:Epoch: 0810 lr: 0.01 train_loss: 35028.6016 train_distortion: 0.9179 train_mapscore: 0.6623 train_c: -0.9494 train_max_dist: 46.4663 train_imax: 123.5846 train_imin: -82.7772 time: 3.7366s
INFO:root:Epoch: 0815 lr: 0.01 train_loss: 39317.1914 train_distortion: 0.9689 train_mapscore: 0.5531 train_c: -0.9490 train_max_dist: 47.1658 train_imax: 128.8371 train_imin: -85.3417 time: 3.7164s
INFO:root:Epoch: 0820 lr: 0.01 train_loss: 37173.6211 train_distortion: 0.9936 train_mapscore: 0.6026 train_c: -0.9485 train_max_dist: 47.4972 train_imax: 130.8408 train_imin: -85.6574 time: 3.7278s
INFO:root:Epoch: 0825 lr: 0.01 train_loss: 36713.5273 train_distortion: 1.0098 train_mapscore: 0.6194 train_c: -0.9482 train_max_dist: 47.7739 train_imax: 132.5620 train_imin: -86.5799 time: 3.8624s
INFO:root:Epoch: 0830 lr: 0.01 train_loss: 37948.3125 train_distortion: 1.0378 train_mapscore: 0.5907 train_c: -0.9478 train_max_dist: 48.1220 train_imax: 135.0538 train_imin: -87.8051 time: 3.7430s
INFO:root:Epoch: 0835 lr: 0.01 train_loss: 36952.4062 train_distortion: 1.0461 train_mapscore: 0.6178 train_c: -0.9474 train_max_dist: 48.2220 train_imax: 132.9232 train_imin: -86.9602 time: 3.7233s
INFO:root:Epoch: 0840 lr: 0.01 train_loss: 36077.1797 train_distortion: 1.0660 train_mapscore: 0.6293 train_c: -0.9471 train_max_dist: 48.4235 train_imax: 132.4118 train_imin: -85.4919 time: 3.7167s
INFO:root:Epoch: 0845 lr: 0.01 train_loss: 37666.9531 train_distortion: 1.0924 train_mapscore: 0.5897 train_c: -0.9467 train_max_dist: 48.7443 train_imax: 133.4427 train_imin: -84.8469 time: 3.7330s
INFO:root:Epoch: 0850 lr: 0.01 train_loss: 66520.6797 train_distortion: 1.0123 train_mapscore: 0.2426 train_c: -0.9467 train_max_dist: 100.0000 train_imax: 121.9236 train_imin: -117.3974 time: 3.7353s
INFO:root:Epoch: 0855 lr: 0.01 train_loss: 77594.3281 train_distortion: 0.6751 train_mapscore: 0.1701 train_c: -0.9469 train_max_dist: 43.5610 train_imax: 84.1222 train_imin: -68.3260 time: 3.7938s
INFO:root:Epoch: 0860 lr: 0.01 train_loss: 73463.7188 train_distortion: 0.3924 train_mapscore: 0.1560 train_c: -0.9469 train_max_dist: 37.9482 train_imax: 50.1928 train_imin: -38.7635 time: 3.8284s
INFO:root:Epoch: 0865 lr: 0.01 train_loss: 73274.3594 train_distortion: 0.2868 train_mapscore: 0.1213 train_c: -0.9467 train_max_dist: 32.9978 train_imax: 50.5930 train_imin: -22.8714 time: 3.9156s
INFO:root:Epoch: 0870 lr: 0.01 train_loss: 73372.2656 train_distortion: 0.2845 train_mapscore: 0.1080 train_c: -0.9465 train_max_dist: 29.1072 train_imax: 42.0226 train_imin: -16.6996 time: 3.9317s
INFO:root:Epoch: 0875 lr: 0.01 train_loss: 75644.2344 train_distortion: 0.3016 train_mapscore: 0.0855 train_c: -0.9460 train_max_dist: 27.9028 train_imax: 37.9427 train_imin: -15.1700 time: 3.9243s
INFO:root:Epoch: 0880 lr: 0.01 train_loss: 78833.2344 train_distortion: 0.3177 train_mapscore: 0.0738 train_c: -0.9456 train_max_dist: 27.3272 train_imax: 35.2426 train_imin: -13.7944 time: 3.9697s
INFO:root:Epoch: 0885 lr: 0.01 train_loss: 79914.9609 train_distortion: 0.3339 train_mapscore: 0.0682 train_c: -0.9453 train_max_dist: 26.5618 train_imax: 32.2838 train_imin: -12.3461 time: 3.9927s
INFO:root:Epoch: 0890 lr: 0.01 train_loss: 79610.3594 train_distortion: 0.3467 train_mapscore: 0.0689 train_c: -0.9452 train_max_dist: 26.0779 train_imax: 29.8370 train_imin: -11.2861 time: 3.9829s
INFO:root:Epoch: 0895 lr: 0.01 train_loss: 78666.9766 train_distortion: 0.3484 train_mapscore: 0.0744 train_c: -0.9451 train_max_dist: 25.9726 train_imax: 28.9633 train_imin: -10.9226 time: 3.9681s
INFO:root:Epoch: 0900 lr: 0.01 train_loss: 77481.5781 train_distortion: 0.3421 train_mapscore: 0.0821 train_c: -0.9450 train_max_dist: 26.1008 train_imax: 29.1495 train_imin: -10.9126 time: 3.9379s
INFO:root:Epoch: 0905 lr: 0.01 train_loss: 76233.5234 train_distortion: 0.3298 train_mapscore: 0.0918 train_c: -0.9448 train_max_dist: 26.5403 train_imax: 30.2760 train_imin: -11.2485 time: 3.9247s
INFO:root:Epoch: 0910 lr: 0.01 train_loss: 74933.4766 train_distortion: 0.3222 train_mapscore: 0.1029 train_c: -0.9447 train_max_dist: 26.8042 train_imax: 30.8643 train_imin: -11.2028 time: 3.9397s
INFO:root:Epoch: 0915 lr: 0.01 train_loss: 73574.6875 train_distortion: 0.3186 train_mapscore: 0.1117 train_c: -0.9445 train_max_dist: 26.8919 train_imax: 30.9363 train_imin: -10.9844 time: 3.9300s
INFO:root:Epoch: 0920 lr: 0.01 train_loss: 72228.0312 train_distortion: 0.3114 train_mapscore: 0.1245 train_c: -0.9443 train_max_dist: 27.2144 train_imax: 31.7286 train_imin: -11.1121 time: 3.8758s
INFO:root:Epoch: 0925 lr: 0.01 train_loss: 70928.6016 train_distortion: 0.3009 train_mapscore: 0.1414 train_c: -0.9440 train_max_dist: 27.7970 train_imax: 33.4680 train_imin: -11.6191 time: 3.9211s
INFO:root:Epoch: 0930 lr: 0.01 train_loss: 69555.9844 train_distortion: 0.2933 train_mapscore: 0.1654 train_c: -0.9437 train_max_dist: 28.2657 train_imax: 34.9077 train_imin: -11.9197 time: 3.8606s
INFO:root:Epoch: 0935 lr: 0.01 train_loss: 68256.2031 train_distortion: 0.2863 train_mapscore: 0.1906 train_c: -0.9434 train_max_dist: 28.7914 train_imax: 36.6555 train_imin: -12.4077 time: 3.8412s
INFO:root:Epoch: 0940 lr: 0.01 train_loss: 66908.9922 train_distortion: 0.2816 train_mapscore: 0.2143 train_c: -0.9431 train_max_dist: 29.2018 train_imax: 38.1101 train_imin: -12.8032 time: 3.8298s
INFO:root:Epoch: 0945 lr: 0.01 train_loss: 65685.0859 train_distortion: 0.2778 train_mapscore: 0.2343 train_c: -0.9428 train_max_dist: 29.6214 train_imax: 39.6991 train_imin: -13.2486 time: 3.8384s
INFO:root:Epoch: 0950 lr: 0.01 train_loss: 64504.5547 train_distortion: 0.2752 train_mapscore: 0.2607 train_c: -0.9424 train_max_dist: 29.9990 train_imax: 41.2125 train_imin: -13.6429 time: 3.8525s
INFO:root:Epoch: 0955 lr: 0.01 train_loss: 63228.5391 train_distortion: 0.2732 train_mapscore: 0.2915 train_c: -0.9421 train_max_dist: 30.4780 train_imax: 43.2021 train_imin: -14.2218 time: 3.8493s
INFO:root:Epoch: 0960 lr: 0.01 train_loss: 61961.3828 train_distortion: 0.2725 train_mapscore: 0.3245 train_c: -0.9418 train_max_dist: 30.9454 train_imax: 45.2062 train_imin: -14.9299 time: 3.8124s
INFO:root:Epoch: 0965 lr: 0.01 train_loss: 60695.9375 train_distortion: 0.2729 train_mapscore: 0.3563 train_c: -0.9415 train_max_dist: 31.4038 train_imax: 47.2257 train_imin: -15.6851 time: 3.8016s
INFO:root:Epoch: 0970 lr: 0.01 train_loss: 59494.7344 train_distortion: 0.2745 train_mapscore: 0.3795 train_c: -0.9412 train_max_dist: 31.8505 train_imax: 49.2876 train_imin: -16.1744 time: 3.8013s
INFO:root:Epoch: 0975 lr: 0.01 train_loss: 58372.6484 train_distortion: 0.2777 train_mapscore: 0.4032 train_c: -0.9409 train_max_dist: 32.3686 train_imax: 51.7647 train_imin: -16.8943 time: 3.7899s
INFO:root:Epoch: 0980 lr: 0.01 train_loss: 57167.9453 train_distortion: 0.2829 train_mapscore: 0.4335 train_c: -0.9406 train_max_dist: 32.9433 train_imax: 54.5798 train_imin: -17.7184 time: 3.7901s
INFO:root:Epoch: 0985 lr: 0.01 train_loss: 57512.6836 train_distortion: 0.2892 train_mapscore: 0.3279 train_c: -0.9403 train_max_dist: 33.4981 train_imax: 57.1955 train_imin: -18.5345 time: 3.7839s
INFO:root:Epoch: 0990 lr: 0.01 train_loss: 57224.8906 train_distortion: 0.2959 train_mapscore: 0.3330 train_c: -0.9400 train_max_dist: 33.9815 train_imax: 59.5642 train_imin: -19.2944 time: 3.7812s
INFO:root:Epoch: 0995 lr: 0.01 train_loss: 55899.3359 train_distortion: 0.3015 train_mapscore: 0.3691 train_c: -0.9398 train_max_dist: 34.3285 train_imax: 61.3887 train_imin: -20.1104 time: 3.8044s
INFO:root:Epoch: 1000 lr: 0.01 train_loss: 54383.5859 train_distortion: 0.3088 train_mapscore: 0.4087 train_c: -0.9395 train_max_dist: 34.7238 train_imax: 63.6149 train_imin: -20.6221 time: 3.7750s
INFO:root:Epoch: 1005 lr: 0.01 train_loss: 53693.6719 train_distortion: 0.3194 train_mapscore: 0.3918 train_c: -0.9393 train_max_dist: 35.2004 train_imax: 66.4409 train_imin: -21.6518 time: 3.7787s
INFO:root:Epoch: 1010 lr: 0.01 train_loss: 52706.4023 train_distortion: 0.3315 train_mapscore: 0.4159 train_c: -0.9390 train_max_dist: 35.7015 train_imax: 69.4233 train_imin: -23.8387 time: 3.7607s
INFO:root:Epoch: 1015 lr: 0.01 train_loss: 51150.6836 train_distortion: 0.3474 train_mapscore: 0.4714 train_c: -0.9387 train_max_dist: 36.3075 train_imax: 73.1931 train_imin: -28.2790 time: 3.7611s
INFO:root:Epoch: 1020 lr: 0.01 train_loss: 50100.5938 train_distortion: 0.3660 train_mapscore: 0.4901 train_c: -0.9384 train_max_dist: 36.9447 train_imax: 77.3284 train_imin: -31.0749 time: 3.7497s
INFO:root:Epoch: 1025 lr: 0.01 train_loss: 48764.3672 train_distortion: 0.3891 train_mapscore: 0.5265 train_c: -0.9381 train_max_dist: 37.6493 train_imax: 82.1287 train_imin: -33.5226 time: 3.7639s
INFO:root:Epoch: 1030 lr: 0.01 train_loss: 47234.0703 train_distortion: 0.4183 train_mapscore: 0.5811 train_c: -0.9378 train_max_dist: 38.4498 train_imax: 87.9085 train_imin: -36.1832 time: 3.7598s
INFO:root:Epoch: 1035 lr: 0.01 train_loss: 45742.7891 train_distortion: 0.4541 train_mapscore: 0.6189 train_c: -0.9375 train_max_dist: 39.3406 train_imax: 94.6432 train_imin: -38.6721 time: 3.8010s
INFO:root:Epoch: 1040 lr: 0.01 train_loss: 44318.9219 train_distortion: 0.4978 train_mapscore: 0.6538 train_c: -0.9371 train_max_dist: 40.3167 train_imax: 102.5846 train_imin: -41.6758 time: 3.8016s
INFO:root:Epoch: 1045 lr: 0.01 train_loss: 43389.5273 train_distortion: 0.5456 train_mapscore: 0.6546 train_c: -0.9368 train_max_dist: 41.2771 train_imax: 111.1359 train_imin: -44.2718 time: 3.7506s
INFO:root:Epoch: 1050 lr: 0.01 train_loss: 42008.2734 train_distortion: 0.5993 train_mapscore: 0.6839 train_c: -0.9365 train_max_dist: 42.2726 train_imax: 120.4524 train_imin: -47.5759 time: 3.7470s
INFO:root:Epoch: 1055 lr: 0.01 train_loss: 41082.9648 train_distortion: 0.6597 train_mapscore: 0.6913 train_c: -0.9361 train_max_dist: 100.0000 train_imax: 130.5751 train_imin: -51.3264 time: 3.7504s
INFO:root:Epoch: 1060 lr: 0.01 train_loss: 41351.3672 train_distortion: 0.7233 train_mapscore: 0.6515 train_c: -0.9358 train_max_dist: 44.2539 train_imax: 141.0224 train_imin: -56.0122 time: 3.7549s
INFO:root:Epoch: 1065 lr: 0.01 train_loss: 44628.9961 train_distortion: 0.7741 train_mapscore: 0.5187 train_c: -0.9355 train_max_dist: 44.9952 train_imax: 149.4263 train_imin: -58.1669 time: 3.7527s
INFO:root:Epoch: 1070 lr: 0.01 train_loss: 45388.5430 train_distortion: 0.7855 train_mapscore: 0.4976 train_c: -0.9353 train_max_dist: 45.2082 train_imax: 151.9455 train_imin: -59.3209 time: 3.7529s
INFO:root:Epoch: 1075 lr: 0.01 train_loss: 43892.9844 train_distortion: 0.7820 train_mapscore: 0.5283 train_c: -0.9351 train_max_dist: 45.1824 train_imax: 151.8339 train_imin: -59.8458 time: 3.7818s
INFO:root:Epoch: 1080 lr: 0.01 train_loss: 69980.7031 train_distortion: 0.8128 train_mapscore: 0.1992 train_c: -0.9348 train_max_dist: 45.6448 train_imax: 154.9771 train_imin: -55.9177 time: 3.8230s
INFO:root:Epoch: 1085 lr: 0.01 train_loss: 93055.4688 train_distortion: 0.6812 train_mapscore: 0.1074 train_c: -0.9343 train_max_dist: 43.7900 train_imax: 131.9527 train_imin: -57.3397 time: 3.8734s
INFO:root:Epoch: 1090 lr: 0.01 train_loss: 90972.6250 train_distortion: 0.3793 train_mapscore: 0.0742 train_c: -0.9341 train_max_dist: 48.0000 train_imax: 78.5255 train_imin: -50.7289 time: 3.9611s
INFO:root:Epoch: 1095 lr: 0.01 train_loss: 87338.5156 train_distortion: 0.3098 train_mapscore: 0.0518 train_c: -0.9350 train_max_dist: 28.5102 train_imax: 34.3983 train_imin: -20.8130 time: 4.0955s
INFO:root:Epoch: 1100 lr: 0.01 train_loss: 88898.1641 train_distortion: 0.4464 train_mapscore: 0.0385 train_c: -0.9356 train_max_dist: 22.4984 train_imax: 18.5183 train_imin: -9.6321 time: 4.1925s
INFO:root:Epoch: 1105 lr: 0.01 train_loss: 91047.6562 train_distortion: 0.5022 train_mapscore: 0.0333 train_c: -0.9356 train_max_dist: 20.7633 train_imax: 18.6994 train_imin: -7.5598 time: 4.2415s
INFO:root:Epoch: 1110 lr: 0.01 train_loss: 92030.7188 train_distortion: 0.5196 train_mapscore: 0.0306 train_c: -0.9356 train_max_dist: 20.2533 train_imax: 22.4463 train_imin: -7.0420 time: 4.2636s
INFO:root:Epoch: 1115 lr: 0.01 train_loss: 92359.3125 train_distortion: 0.5239 train_mapscore: 0.0301 train_c: -0.9356 train_max_dist: 20.1271 train_imax: 23.1741 train_imin: -6.9301 time: 4.2826s
INFO:root:Epoch: 1120 lr: 0.01 train_loss: 92352.5625 train_distortion: 0.5202 train_mapscore: 0.0316 train_c: -0.9357 train_max_dist: 20.2410 train_imax: 23.8257 train_imin: -7.0599 time: 4.3326s
INFO:root:Epoch: 1125 lr: 0.01 train_loss: 92055.6172 train_distortion: 0.5121 train_mapscore: 0.0314 train_c: -0.9357 train_max_dist: 20.4631 train_imax: 24.5884 train_imin: -7.3214 time: 4.3031s
INFO:root:Epoch: 1130 lr: 0.01 train_loss: 91696.6094 train_distortion: 0.5028 train_mapscore: 0.0329 train_c: -0.9357 train_max_dist: 20.7146 train_imax: 25.3715 train_imin: -7.6314 time: 4.2798s
INFO:root:Epoch: 1135 lr: 0.01 train_loss: 91294.9062 train_distortion: 0.4935 train_mapscore: 0.0345 train_c: -0.9358 train_max_dist: 20.9610 train_imax: 26.1084 train_imin: -7.9501 time: 4.2821s
INFO:root:Epoch: 1140 lr: 0.01 train_loss: 90828.5312 train_distortion: 0.4862 train_mapscore: 0.0360 train_c: -0.9358 train_max_dist: 21.1458 train_imax: 26.6447 train_imin: -8.2038 time: 4.2584s
INFO:root:Epoch: 1145 lr: 0.01 train_loss: 90319.2578 train_distortion: 0.4815 train_mapscore: 0.0370 train_c: -0.9358 train_max_dist: 21.2514 train_imax: 26.9167 train_imin: -8.3545 time: 4.2317s
INFO:root:Epoch: 1150 lr: 0.01 train_loss: 89796.2656 train_distortion: 0.4772 train_mapscore: 0.0404 train_c: -0.9358 train_max_dist: 21.3528 train_imax: 27.1506 train_imin: -8.4944 time: 4.2098s
INFO:root:Epoch: 1155 lr: 0.01 train_loss: 89288.3438 train_distortion: 0.4727 train_mapscore: 0.0435 train_c: -0.9358 train_max_dist: 21.4627 train_imax: 27.3942 train_imin: -8.6378 time: 4.1843s
INFO:root:Epoch: 1160 lr: 0.01 train_loss: 88850.4688 train_distortion: 0.4680 train_mapscore: 0.0464 train_c: -0.9357 train_max_dist: 21.5831 train_imax: 27.6662 train_imin: -8.7939 time: 4.2165s
INFO:root:Epoch: 1165 lr: 0.01 train_loss: 88376.4688 train_distortion: 0.4631 train_mapscore: 0.0491 train_c: -0.9357 train_max_dist: 21.7107 train_imax: 27.9622 train_imin: -8.9597 time: 4.1950s
INFO:root:Epoch: 1170 lr: 0.01 train_loss: 87917.1562 train_distortion: 0.4587 train_mapscore: 0.0536 train_c: -0.9356 train_max_dist: 21.8040 train_imax: 28.2223 train_imin: -9.1103 time: 4.1381s
INFO:root:Epoch: 1175 lr: 0.01 train_loss: 87456.9531 train_distortion: 0.4543 train_mapscore: 0.0582 train_c: -0.9356 train_max_dist: 21.9010 train_imax: 28.4753 train_imin: -9.2913 time: 4.1423s
INFO:root:Epoch: 1180 lr: 0.01 train_loss: 87014.0234 train_distortion: 0.4499 train_mapscore: 0.0627 train_c: -0.9355 train_max_dist: 22.0057 train_imax: 28.7382 train_imin: -9.4867 time: 4.1359s
INFO:root:Epoch: 1185 lr: 0.01 train_loss: 86545.4375 train_distortion: 0.4456 train_mapscore: 0.0666 train_c: -0.9354 train_max_dist: 22.1140 train_imax: 29.0046 train_imin: -9.6469 time: 4.1279s
INFO:root:Epoch: 1190 lr: 0.01 train_loss: 86113.7969 train_distortion: 0.4417 train_mapscore: 0.0718 train_c: -0.9353 train_max_dist: 22.2118 train_imax: 29.2246 train_imin: -9.7615 time: 4.1110s
INFO:root:Epoch: 1195 lr: 0.01 train_loss: 85645.5312 train_distortion: 0.4379 train_mapscore: 0.0769 train_c: -0.9353 train_max_dist: 22.3066 train_imax: 29.4437 train_imin: -9.8494 time: 4.0842s
INFO:root:Epoch: 1200 lr: 0.01 train_loss: 85190.5781 train_distortion: 0.4340 train_mapscore: 0.0820 train_c: -0.9352 train_max_dist: 22.4054 train_imax: 29.6867 train_imin: -9.9714 time: 4.0979s
INFO:root:Epoch: 1205 lr: 0.01 train_loss: 84751.7578 train_distortion: 0.4305 train_mapscore: 0.0871 train_c: -0.9351 train_max_dist: 22.4906 train_imax: 29.8849 train_imin: -10.0985 time: 4.1107s
INFO:root:Epoch: 1210 lr: 0.01 train_loss: 84373.0625 train_distortion: 0.4226 train_mapscore: 0.0841 train_c: -0.9350 train_max_dist: 22.7313 train_imax: 30.5643 train_imin: -10.4411 time: 4.1011s
INFO:root:Epoch: 1215 lr: 0.01 train_loss: 83948.6953 train_distortion: 0.4175 train_mapscore: 0.0907 train_c: -0.9349 train_max_dist: 22.8754 train_imax: 30.9494 train_imin: -10.6429 time: 4.0670s
INFO:root:Epoch: 1220 lr: 0.01 train_loss: 83465.6406 train_distortion: 0.4154 train_mapscore: 0.0950 train_c: -0.9348 train_max_dist: 22.9224 train_imax: 31.0076 train_imin: -10.6930 time: 4.0622s
INFO:root:Epoch: 1225 lr: 0.01 train_loss: 83050.9375 train_distortion: 0.4143 train_mapscore: 0.0877 train_c: -0.9347 train_max_dist: 22.9363 train_imax: 30.9677 train_imin: -10.7369 time: 4.0390s
INFO:root:Epoch: 1230 lr: 0.01 train_loss: 82618.7656 train_distortion: 0.4130 train_mapscore: 0.0912 train_c: -0.9346 train_max_dist: 22.9559 train_imax: 30.9349 train_imin: -10.7863 time: 4.0233s
INFO:root:Epoch: 1235 lr: 0.01 train_loss: 82221.6953 train_distortion: 0.4097 train_mapscore: 0.0963 train_c: -0.9345 train_max_dist: 23.0471 train_imax: 31.1268 train_imin: -10.9382 time: 4.0224s
INFO:root:Epoch: 1240 lr: 0.01 train_loss: 81807.1250 train_distortion: 0.4052 train_mapscore: 0.1055 train_c: -0.9344 train_max_dist: 23.1847 train_imax: 31.4706 train_imin: -11.1487 time: 4.0353s
INFO:root:Epoch: 1245 lr: 0.01 train_loss: 81369.6250 train_distortion: 0.4008 train_mapscore: 0.1131 train_c: -0.9343 train_max_dist: 23.3206 train_imax: 31.8108 train_imin: -11.3499 time: 4.0400s
INFO:root:Epoch: 1250 lr: 0.01 train_loss: 80935.3984 train_distortion: 0.3971 train_mapscore: 0.1249 train_c: -0.9342 train_max_dist: 23.4359 train_imax: 32.0832 train_imin: -11.5172 time: 4.0629s
INFO:root:Epoch: 1255 lr: 0.01 train_loss: 80491.4922 train_distortion: 0.3940 train_mapscore: 0.1298 train_c: -0.9341 train_max_dist: 23.5342 train_imax: 32.2898 train_imin: -11.6435 time: 3.9990s
INFO:root:Epoch: 1260 lr: 0.01 train_loss: 80063.5625 train_distortion: 0.3906 train_mapscore: 0.1371 train_c: -0.9340 train_max_dist: 23.6460 train_imax: 32.5475 train_imin: -11.7952 time: 3.9860s
INFO:root:Epoch: 1265 lr: 0.01 train_loss: 79634.8281 train_distortion: 0.3865 train_mapscore: 0.1455 train_c: -0.9339 train_max_dist: 23.7821 train_imax: 32.8998 train_imin: -11.9950 time: 3.9805s
INFO:root:Epoch: 1270 lr: 0.01 train_loss: 79212.5312 train_distortion: 0.3820 train_mapscore: 0.1600 train_c: -0.9338 train_max_dist: 23.9302 train_imax: 33.2994 train_imin: -12.2202 time: 3.9729s
INFO:root:Epoch: 1275 lr: 0.01 train_loss: 78791.5000 train_distortion: 0.3780 train_mapscore: 0.1687 train_c: -0.9336 train_max_dist: 24.0666 train_imax: 33.6609 train_imin: -12.4253 time: 3.9832s
INFO:root:Epoch: 1280 lr: 0.01 train_loss: 78344.3125 train_distortion: 0.3750 train_mapscore: 0.1725 train_c: -0.9335 train_max_dist: 24.1684 train_imax: 33.8944 train_imin: -12.5683 time: 3.9750s
INFO:root:Epoch: 1285 lr: 0.01 train_loss: 77949.8828 train_distortion: 0.3721 train_mapscore: 0.1761 train_c: -0.9334 train_max_dist: 24.2754 train_imax: 34.1210 train_imin: -12.7274 time: 3.9634s
INFO:root:Epoch: 1290 lr: 0.01 train_loss: 77536.8906 train_distortion: 0.3688 train_mapscore: 0.1786 train_c: -0.9333 train_max_dist: 24.3993 train_imax: 34.4230 train_imin: -12.9194 time: 4.0021s
INFO:root:Epoch: 1295 lr: 0.01 train_loss: 77119.1484 train_distortion: 0.3650 train_mapscore: 0.1871 train_c: -0.9331 train_max_dist: 24.5357 train_imax: 34.7797 train_imin: -13.1384 time: 3.9893s
INFO:root:Epoch: 1300 lr: 0.01 train_loss: 76669.9922 train_distortion: 0.3613 train_mapscore: 0.2006 train_c: -0.9330 train_max_dist: 24.6751 train_imax: 35.1607 train_imin: -13.3625 time: 3.9479s
INFO:root:Epoch: 1305 lr: 0.01 train_loss: 76248.3594 train_distortion: 0.3580 train_mapscore: 0.2082 train_c: -0.9329 train_max_dist: 24.7941 train_imax: 35.4699 train_imin: -13.5576 time: 3.9337s
INFO:root:Epoch: 1310 lr: 0.01 train_loss: 75815.6328 train_distortion: 0.3545 train_mapscore: 0.2171 train_c: -0.9327 train_max_dist: 24.9220 train_imax: 35.8204 train_imin: -13.7754 time: 3.9555s
INFO:root:Epoch: 1315 lr: 0.01 train_loss: 75381.6875 train_distortion: 0.3508 train_mapscore: 0.2288 train_c: -0.9326 train_max_dist: 25.0645 train_imax: 36.2281 train_imin: -14.0164 time: 3.9237s
INFO:root:Epoch: 1320 lr: 0.01 train_loss: 74965.9453 train_distortion: 0.3469 train_mapscore: 0.2371 train_c: -0.9325 train_max_dist: 25.2175 train_imax: 36.6724 train_imin: -14.2868 time: 3.9366s
INFO:root:Epoch: 1325 lr: 0.01 train_loss: 74571.3281 train_distortion: 0.3433 train_mapscore: 0.2362 train_c: -0.9323 train_max_dist: 25.3620 train_imax: 37.0824 train_imin: -14.5306 time: 3.9151s
INFO:root:Epoch: 1330 lr: 0.01 train_loss: 74151.8438 train_distortion: 0.3402 train_mapscore: 0.2303 train_c: -0.9322 train_max_dist: 25.4956 train_imax: 37.4343 train_imin: -14.7346 time: 3.9399s
INFO:root:Epoch: 1335 lr: 0.01 train_loss: 73716.7656 train_distortion: 0.3371 train_mapscore: 0.2429 train_c: -0.9320 train_max_dist: 25.6247 train_imax: 37.7901 train_imin: -14.9386 time: 3.9375s
INFO:root:Epoch: 1340 lr: 0.01 train_loss: 73309.5312 train_distortion: 0.3345 train_mapscore: 0.2550 train_c: -0.9319 train_max_dist: 25.7334 train_imax: 38.1010 train_imin: -15.1190 time: 3.8921s
INFO:root:Epoch: 1345 lr: 0.01 train_loss: 72861.8906 train_distortion: 0.3315 train_mapscore: 0.2650 train_c: -0.9318 train_max_dist: 25.8626 train_imax: 38.4811 train_imin: -15.3436 time: 3.8988s
INFO:root:Epoch: 1350 lr: 0.01 train_loss: 72434.5703 train_distortion: 0.3283 train_mapscore: 0.2745 train_c: -0.9316 train_max_dist: 26.0069 train_imax: 38.9030 train_imin: -15.5968 time: 3.8942s
INFO:root:Epoch: 1355 lr: 0.01 train_loss: 71977.5156 train_distortion: 0.3254 train_mapscore: 0.2852 train_c: -0.9315 train_max_dist: 26.1452 train_imax: 39.3030 train_imin: -15.8549 time: 3.8852s
INFO:root:Epoch: 1360 lr: 0.01 train_loss: 71558.3594 train_distortion: 0.3222 train_mapscore: 0.2993 train_c: -0.9313 train_max_dist: 26.2987 train_imax: 39.7648 train_imin: -16.1570 time: 3.8815s
INFO:root:Epoch: 1365 lr: 0.01 train_loss: 71118.2266 train_distortion: 0.3193 train_mapscore: 0.3039 train_c: -0.9312 train_max_dist: 26.4422 train_imax: 40.2096 train_imin: -16.4417 time: 3.8655s
INFO:root:Epoch: 1370 lr: 0.01 train_loss: 70705.6406 train_distortion: 0.3162 train_mapscore: 0.3161 train_c: -0.9310 train_max_dist: 26.5987 train_imax: 40.7100 train_imin: -16.7613 time: 3.8621s
INFO:root:Epoch: 1375 lr: 0.01 train_loss: 70260.8594 train_distortion: 0.3134 train_mapscore: 0.3225 train_c: -0.9309 train_max_dist: 26.7431 train_imax: 41.1587 train_imin: -17.0642 time: 3.8919s
INFO:root:Epoch: 1380 lr: 0.01 train_loss: 69818.9219 train_distortion: 0.3109 train_mapscore: 0.3325 train_c: -0.9308 train_max_dist: 26.8759 train_imax: 41.5681 train_imin: -17.3493 time: 3.8543s
INFO:root:Epoch: 1385 lr: 0.01 train_loss: 69375.7812 train_distortion: 0.3084 train_mapscore: 0.3363 train_c: -0.9306 train_max_dist: 27.0092 train_imax: 41.9812 train_imin: -17.6273 time: 3.8536s
INFO:root:Epoch: 1390 lr: 0.01 train_loss: 68935.9688 train_distortion: 0.3059 train_mapscore: 0.3474 train_c: -0.9305 train_max_dist: 27.1576 train_imax: 42.4392 train_imin: -17.9293 time: 3.8443s
INFO:root:Epoch: 1395 lr: 0.01 train_loss: 68518.1406 train_distortion: 0.3031 train_mapscore: 0.3463 train_c: -0.9303 train_max_dist: 27.3336 train_imax: 43.0209 train_imin: -18.2851 time: 3.8462s
INFO:root:Epoch: 1400 lr: 0.01 train_loss: 68096.5000 train_distortion: 0.3001 train_mapscore: 0.3556 train_c: -0.9302 train_max_dist: 27.5328 train_imax: 43.7106 train_imin: -18.6948 time: 3.8371s
INFO:root:Epoch: 1405 lr: 0.01 train_loss: 67672.3438 train_distortion: 0.2972 train_mapscore: 0.3656 train_c: -0.9300 train_max_dist: 27.7237 train_imax: 44.3877 train_imin: -19.0896 time: 3.8218s
INFO:root:Epoch: 1410 lr: 0.01 train_loss: 67234.6250 train_distortion: 0.2950 train_mapscore: 0.3781 train_c: -0.9298 train_max_dist: 27.8849 train_imax: 44.9468 train_imin: -19.4338 time: 3.8409s
INFO:root:Epoch: 1415 lr: 0.01 train_loss: 66782.4844 train_distortion: 0.2928 train_mapscore: 0.3901 train_c: -0.9297 train_max_dist: 28.0523 train_imax: 45.5597 train_imin: -19.7894 time: 3.8538s
INFO:root:Epoch: 1420 lr: 0.01 train_loss: 66339.4375 train_distortion: 0.2907 train_mapscore: 0.4013 train_c: -0.9295 train_max_dist: 28.2127 train_imax: 46.1633 train_imin: -20.1367 time: 3.8471s
INFO:root:Epoch: 1425 lr: 0.01 train_loss: 65865.1094 train_distortion: 0.2885 train_mapscore: 0.4109 train_c: -0.9294 train_max_dist: 28.3863 train_imax: 46.8615 train_imin: -20.5264 time: 3.8236s
INFO:root:Epoch: 1430 lr: 0.01 train_loss: 65401.3047 train_distortion: 0.2864 train_mapscore: 0.4295 train_c: -0.9292 train_max_dist: 32.0000 train_imax: 47.6488 train_imin: -20.9534 time: 3.8208s
INFO:root:Epoch: 1435 lr: 0.01 train_loss: 64942.2266 train_distortion: 0.2843 train_mapscore: 0.4341 train_c: -0.9290 train_max_dist: 28.7776 train_imax: 48.4778 train_imin: -21.4167 time: 3.8168s
INFO:root:Epoch: 1440 lr: 0.01 train_loss: 64533.8789 train_distortion: 0.2825 train_mapscore: 0.4105 train_c: -0.9289 train_max_dist: 28.9774 train_imax: 49.3150 train_imin: -21.9111 time: 3.8325s
INFO:root:Epoch: 1445 lr: 0.01 train_loss: 64196.2656 train_distortion: 0.2810 train_mapscore: 0.3848 train_c: -0.9287 train_max_dist: 29.1479 train_imax: 50.0419 train_imin: -22.3585 time: 3.8264s
INFO:root:Epoch: 1450 lr: 0.01 train_loss: 63764.2188 train_distortion: 0.2796 train_mapscore: 0.3901 train_c: -0.9286 train_max_dist: 29.3134 train_imax: 50.7377 train_imin: -22.7938 time: 3.8242s
INFO:root:Epoch: 1455 lr: 0.01 train_loss: 63576.1250 train_distortion: 0.2786 train_mapscore: 0.3300 train_c: -0.9284 train_max_dist: 29.4407 train_imax: 51.2613 train_imin: -23.0598 time: 3.8681s
INFO:root:Epoch: 1460 lr: 0.01 train_loss: 63236.8008 train_distortion: 0.2775 train_mapscore: 0.3358 train_c: -0.9283 train_max_dist: 29.5984 train_imax: 51.9568 train_imin: -23.4122 time: 3.8558s
INFO:root:Epoch: 1465 lr: 0.01 train_loss: 62768.4648 train_distortion: 0.2765 train_mapscore: 0.3508 train_c: -0.9282 train_max_dist: 29.7748 train_imax: 52.7870 train_imin: -23.8194 time: 3.8190s
INFO:root:Epoch: 1470 lr: 0.01 train_loss: 62285.3945 train_distortion: 0.2755 train_mapscore: 0.3737 train_c: -0.9280 train_max_dist: 29.9590 train_imax: 53.6670 train_imin: -24.2620 time: 3.8214s
INFO:root:Epoch: 1475 lr: 0.01 train_loss: 61781.8047 train_distortion: 0.2748 train_mapscore: 0.3974 train_c: -0.9278 train_max_dist: 30.1500 train_imax: 54.5396 train_imin: -24.7220 time: 3.8211s
INFO:root:Epoch: 1480 lr: 0.01 train_loss: 61233.6641 train_distortion: 0.2742 train_mapscore: 0.4316 train_c: -0.9277 train_max_dist: 30.3619 train_imax: 55.5487 train_imin: -25.2918 time: 3.8153s
INFO:root:Epoch: 1485 lr: 0.01 train_loss: 60687.6367 train_distortion: 0.2738 train_mapscore: 0.4571 train_c: -0.9275 train_max_dist: 30.6003 train_imax: 56.6791 train_imin: -25.9298 time: 3.8049s
INFO:root:Epoch: 1490 lr: 0.01 train_loss: 60184.2539 train_distortion: 0.2736 train_mapscore: 0.4640 train_c: -0.9273 train_max_dist: 30.7621 train_imax: 57.1999 train_imin: -26.3525 time: 3.8198s
INFO:root:Epoch: 1495 lr: 0.01 train_loss: 60006.2500 train_distortion: 0.2735 train_mapscore: 0.4196 train_c: -0.9272 train_max_dist: 30.8767 train_imax: 57.5871 train_imin: -26.6331 time: 3.7931s
INFO:root:Epoch: 1500 lr: 0.01 train_loss: 59950.4062 train_distortion: 0.2736 train_mapscore: 0.3761 train_c: -0.9271 train_max_dist: 31.0523 train_imax: 58.3192 train_imin: -27.0950 time: 3.8324s
INFO:root:Epoch: 1505 lr: 0.01 train_loss: 59576.9219 train_distortion: 0.2739 train_mapscore: 0.3844 train_c: -0.9270 train_max_dist: 31.2728 train_imax: 59.3074 train_imin: -27.7675 time: 3.8187s
INFO:root:Epoch: 1510 lr: 0.01 train_loss: 59092.7070 train_distortion: 0.2745 train_mapscore: 0.4027 train_c: -0.9268 train_max_dist: 31.5343 train_imax: 60.5759 train_imin: -28.4901 time: 3.7834s
INFO:root:Epoch: 1515 lr: 0.01 train_loss: 58489.7812 train_distortion: 0.2752 train_mapscore: 0.4281 train_c: -0.9267 train_max_dist: 31.7374 train_imax: 61.5419 train_imin: -29.0180 time: 3.7832s
INFO:root:Epoch: 1520 lr: 0.01 train_loss: 57907.9062 train_distortion: 0.2764 train_mapscore: 0.4469 train_c: -0.9265 train_max_dist: 32.0000 train_imax: 62.8133 train_imin: -29.8319 time: 3.7798s
INFO:root:Epoch: 1525 lr: 0.01 train_loss: 57431.6484 train_distortion: 0.2780 train_mapscore: 0.4520 train_c: -0.9264 train_max_dist: 32.2762 train_imax: 64.1660 train_imin: -30.7047 time: 3.7824s
INFO:root:Epoch: 1530 lr: 0.01 train_loss: 56804.0391 train_distortion: 0.2799 train_mapscore: 0.4829 train_c: -0.9262 train_max_dist: 32.5559 train_imax: 65.5671 train_imin: -31.5021 time: 3.7834s
INFO:root:Epoch: 1535 lr: 0.01 train_loss: 56166.0391 train_distortion: 0.2822 train_mapscore: 0.5112 train_c: -0.9260 train_max_dist: 32.8404 train_imax: 67.0710 train_imin: -32.3051 time: 3.7868s
INFO:root:Epoch: 1540 lr: 0.01 train_loss: 55537.1406 train_distortion: 0.2852 train_mapscore: 0.5396 train_c: -0.9258 train_max_dist: 33.1449 train_imax: 68.7735 train_imin: -33.1929 time: 3.8165s
INFO:root:Epoch: 1545 lr: 0.01 train_loss: 54920.4766 train_distortion: 0.2888 train_mapscore: 0.5561 train_c: -0.9256 train_max_dist: 33.4620 train_imax: 70.6471 train_imin: -34.2431 time: 3.8180s
INFO:root:Epoch: 1550 lr: 0.01 train_loss: 54355.7188 train_distortion: 0.2931 train_mapscore: 0.5649 train_c: -0.9254 train_max_dist: 33.7805 train_imax: 72.5786 train_imin: -35.3717 time: 3.7791s
INFO:root:Epoch: 1555 lr: 0.01 train_loss: 53795.5703 train_distortion: 0.2978 train_mapscore: 0.5838 train_c: -0.9253 train_max_dist: 34.1000 train_imax: 74.5846 train_imin: -36.4326 time: 3.7720s
INFO:root:Epoch: 1560 lr: 0.01 train_loss: 53452.3672 train_distortion: 0.3029 train_mapscore: 0.5553 train_c: -0.9251 train_max_dist: 34.4276 train_imax: 76.5667 train_imin: -37.4154 time: 3.7710s
INFO:root:Epoch: 1565 lr: 0.01 train_loss: 52829.5859 train_distortion: 0.3089 train_mapscore: 0.5804 train_c: -0.9249 train_max_dist: 34.7825 train_imax: 78.7072 train_imin: -38.5661 time: 3.7841s
INFO:root:Epoch: 1570 lr: 0.01 train_loss: 52219.3633 train_distortion: 0.3155 train_mapscore: 0.5958 train_c: -0.9247 train_max_dist: 35.1350 train_imax: 80.9209 train_imin: -39.8573 time: 3.7890s
INFO:root:Epoch: 1575 lr: 0.01 train_loss: 51588.9297 train_distortion: 0.3225 train_mapscore: 0.6203 train_c: -0.9245 train_max_dist: 35.4855 train_imax: 83.1665 train_imin: -41.1781 time: 3.7611s
INFO:root:Epoch: 1580 lr: 0.01 train_loss: 51031.1250 train_distortion: 0.3307 train_mapscore: 0.6212 train_c: -0.9243 train_max_dist: 35.8524 train_imax: 85.6646 train_imin: -42.7070 time: 3.7658s
INFO:root:Epoch: 1585 lr: 0.01 train_loss: 50397.2539 train_distortion: 0.3399 train_mapscore: 0.6416 train_c: -0.9241 train_max_dist: 36.2329 train_imax: 88.3434 train_imin: -44.2982 time: 3.8144s
INFO:root:Epoch: 1590 lr: 0.01 train_loss: 49858.2461 train_distortion: 0.3499 train_mapscore: 0.6386 train_c: -0.9239 train_max_dist: 36.6271 train_imax: 91.1282 train_imin: -45.8958 time: 3.7999s
INFO:root:Epoch: 1595 lr: 0.01 train_loss: 49251.0781 train_distortion: 0.3605 train_mapscore: 0.6466 train_c: -0.9237 train_max_dist: 37.0122 train_imax: 93.9649 train_imin: -47.5136 time: 3.7655s
INFO:root:Epoch: 1600 lr: 0.01 train_loss: 48938.3125 train_distortion: 0.3725 train_mapscore: 0.6151 train_c: -0.9235 train_max_dist: 37.4116 train_imax: 97.0223 train_imin: -49.2895 time: 3.7758s
INFO:root:Epoch: 1605 lr: 0.01 train_loss: 49078.9141 train_distortion: 0.3844 train_mapscore: 0.5764 train_c: -0.9233 train_max_dist: 37.7794 train_imax: 99.9205 train_imin: -51.0159 time: 3.7624s
INFO:root:Epoch: 1610 lr: 0.01 train_loss: 48401.3750 train_distortion: 0.3966 train_mapscore: 0.6066 train_c: -0.9231 train_max_dist: 38.1307 train_imax: 102.8340 train_imin: -52.6379 time: 3.7641s
INFO:root:Epoch: 1615 lr: 0.01 train_loss: 48262.5781 train_distortion: 0.4093 train_mapscore: 0.5732 train_c: -0.9229 train_max_dist: 38.5039 train_imax: 105.8028 train_imin: -54.0227 time: 3.9027s
INFO:root:Epoch: 1620 lr: 0.01 train_loss: 47841.1914 train_distortion: 0.4231 train_mapscore: 0.5872 train_c: -0.9227 train_max_dist: 48.0000 train_imax: 108.9924 train_imin: -55.8045 time: 3.7721s
INFO:root:Epoch: 1625 lr: 0.01 train_loss: 47030.5469 train_distortion: 0.4373 train_mapscore: 0.6223 train_c: -0.9225 train_max_dist: 38.9413 train_imax: 112.1782 train_imin: -57.6356 time: 3.7891s
INFO:root:Epoch: 1630 lr: 0.01 train_loss: 46167.1172 train_distortion: 0.4540 train_mapscore: 0.6486 train_c: -0.9223 train_max_dist: 39.3335 train_imax: 115.8045 train_imin: -59.9700 time: 3.7912s
INFO:root:Epoch: 1635 lr: 0.01 train_loss: 45511.7461 train_distortion: 0.4719 train_mapscore: 0.6629 train_c: -0.9221 train_max_dist: 39.7394 train_imax: 119.6767 train_imin: -62.2269 time: 3.7677s
INFO:root:Epoch: 1640 lr: 0.01 train_loss: 44738.9609 train_distortion: 0.4912 train_mapscore: 0.6831 train_c: -0.9219 train_max_dist: 40.1570 train_imax: 123.8383 train_imin: -64.5776 time: 3.7582s
INFO:root:Epoch: 1645 lr: 0.01 train_loss: 43936.5625 train_distortion: 0.5145 train_mapscore: 0.7080 train_c: -0.9216 train_max_dist: 40.6210 train_imax: 128.6870 train_imin: -67.3301 time: 3.7513s
INFO:root:Epoch: 1650 lr: 0.01 train_loss: 43594.5469 train_distortion: 0.5397 train_mapscore: 0.6898 train_c: -0.9214 train_max_dist: 41.1113 train_imax: 133.9058 train_imin: -70.1509 time: 3.7482s
INFO:root:Epoch: 1655 lr: 0.01 train_loss: 42918.5000 train_distortion: 0.5658 train_mapscore: 0.7089 train_c: -0.9211 train_max_dist: 41.5855 train_imax: 139.3055 train_imin: -73.3593 time: 3.7640s
INFO:root:Epoch: 1660 lr: 0.01 train_loss: 42331.0234 train_distortion: 0.5933 train_mapscore: 0.7191 train_c: -0.9209 train_max_dist: 42.0655 train_imax: 145.0678 train_imin: -76.3387 time: 3.7606s
INFO:root:Epoch: 1665 lr: 0.01 train_loss: 41811.9453 train_distortion: 0.6213 train_mapscore: 0.7208 train_c: -0.9206 train_max_dist: 42.5163 train_imax: 150.9892 train_imin: -79.4553 time: 3.7504s
INFO:root:Epoch: 1670 lr: 0.01 train_loss: 41051.8906 train_distortion: 0.6516 train_mapscore: 0.7326 train_c: -0.9204 train_max_dist: 43.0168 train_imax: 157.2609 train_imin: -82.4242 time: 3.7902s
INFO:root:Epoch: 1675 lr: 0.01 train_loss: 40598.3516 train_distortion: 0.6840 train_mapscore: 0.7440 train_c: -0.9201 train_max_dist: 43.5213 train_imax: 163.8924 train_imin: -85.9623 time: 3.7872s
INFO:root:Epoch: 1680 lr: 0.01 train_loss: 39876.8242 train_distortion: 0.7169 train_mapscore: 0.7605 train_c: -0.9199 train_max_dist: 44.0131 train_imax: 170.6980 train_imin: -89.6349 time: 3.7481s
INFO:root:Epoch: 1685 lr: 0.01 train_loss: 40317.3438 train_distortion: 0.7522 train_mapscore: 0.7162 train_c: -0.9196 train_max_dist: 44.5014 train_imax: 177.8538 train_imin: -93.8179 time: 3.7593s
INFO:root:Epoch: 1690 lr: 0.01 train_loss: 40698.4180 train_distortion: 0.7833 train_mapscore: 0.6804 train_c: -0.9194 train_max_dist: 44.9185 train_imax: 184.1540 train_imin: -97.4126 time: 3.7522s
INFO:root:Epoch: 1695 lr: 0.01 train_loss: 39918.6445 train_distortion: 0.8110 train_mapscore: 0.7047 train_c: -0.9191 train_max_dist: 64.0000 train_imax: 190.0077 train_imin: -100.9093 time: 3.7625s
INFO:root:Epoch: 1700 lr: 0.01 train_loss: 39801.5078 train_distortion: 0.8409 train_mapscore: 0.6984 train_c: -0.9189 train_max_dist: 45.6795 train_imax: 196.2338 train_imin: -104.4172 time: 3.7483s
INFO:root:Epoch: 1705 lr: 0.01 train_loss: 38953.4531 train_distortion: 0.8719 train_mapscore: 0.7224 train_c: -0.9186 train_max_dist: 46.0911 train_imax: 202.5805 train_imin: -107.0878 time: 3.7812s
INFO:root:Epoch: 1710 lr: 0.01 train_loss: 43855.9922 train_distortion: 0.9100 train_mapscore: 0.5444 train_c: -0.9184 train_max_dist: 46.6445 train_imax: 210.4986 train_imin: -110.1301 time: 3.7959s
INFO:root:Epoch: 1715 lr: 0.01 train_loss: 45129.2109 train_distortion: 0.9158 train_mapscore: 0.5153 train_c: -0.9182 train_max_dist: 46.7681 train_imax: 212.4697 train_imin: -109.3136 time: 3.8126s
INFO:root:Epoch: 1720 lr: 0.01 train_loss: 43702.7344 train_distortion: 0.9123 train_mapscore: 0.5492 train_c: -0.9179 train_max_dist: 46.7638 train_imax: 212.6367 train_imin: -108.3750 time: 3.7751s
INFO:root:Epoch: 1725 lr: 0.01 train_loss: 42373.3984 train_distortion: 0.9115 train_mapscore: 0.5901 train_c: -0.9177 train_max_dist: 48.0000 train_imax: 213.0874 train_imin: -108.6333 time: 3.7668s
INFO:root:Epoch: 1730 lr: 0.01 train_loss: 43757.1016 train_distortion: 0.9174 train_mapscore: 0.5434 train_c: -0.9175 train_max_dist: 46.8842 train_imax: 214.5596 train_imin: -110.0862 time: 3.7826s
INFO:root:Epoch: 1735 lr: 0.01 train_loss: 43401.9297 train_distortion: 0.9211 train_mapscore: 0.5513 train_c: -0.9172 train_max_dist: 46.9170 train_imax: 215.3672 train_imin: -110.5707 time: 3.7676s
INFO:root:Epoch: 1740 lr: 0.01 train_loss: 43841.8594 train_distortion: 0.9224 train_mapscore: 0.5393 train_c: -0.9170 train_max_dist: 46.9108 train_imax: 215.5316 train_imin: -110.3744 time: 3.7622s
INFO:root:Epoch: 1745 lr: 0.01 train_loss: 42684.9375 train_distortion: 0.9231 train_mapscore: 0.5790 train_c: -0.9168 train_max_dist: 96.0000 train_imax: 215.3369 train_imin: -109.7131 time: 3.7477s
INFO:root:Epoch: 1750 lr: 0.01 train_loss: 40637.6953 train_distortion: 0.9332 train_mapscore: 0.6458 train_c: -0.9166 train_max_dist: 47.0605 train_imax: 217.1616 train_imin: -110.6873 time: 3.7504s
INFO:root:Epoch: 1755 lr: 0.01 train_loss: 39083.6875 train_distortion: 0.9577 train_mapscore: 0.6897 train_c: -0.9164 train_max_dist: 47.3453 train_imax: 221.8999 train_imin: -113.6173 time: 3.7903s
INFO:root:Epoch: 1760 lr: 0.01 train_loss: 49202.2500 train_distortion: 0.9816 train_mapscore: 0.4396 train_c: -0.9161 train_max_dist: 47.5733 train_imax: 226.8368 train_imin: -117.5867 time: 3.7983s
INFO:root:Epoch: 1765 lr: 0.01 train_loss: 65519.5586 train_distortion: 0.9265 train_mapscore: 0.2650 train_c: -0.9157 train_max_dist: 64.0000 train_imax: 217.6189 train_imin: -114.4321 time: 3.8004s
INFO:root:Epoch: 1770 lr: 0.01 train_loss: 64736.1094 train_distortion: 0.7929 train_mapscore: 0.2651 train_c: -0.9154 train_max_dist: 56.0000 train_imax: 193.1065 train_imin: -99.7926 time: 3.7883s
INFO:root:Epoch: 1775 lr: 0.01 train_loss: 63293.5312 train_distortion: 0.6648 train_mapscore: 0.2617 train_c: -0.9150 train_max_dist: 43.2220 train_imax: 168.3758 train_imin: -84.6566 time: 3.7991s
INFO:root:Epoch: 1780 lr: 0.01 train_loss: 61442.4922 train_distortion: 0.5644 train_mapscore: 0.2627 train_c: -0.9148 train_max_dist: 41.4774 train_imax: 153.1969 train_imin: -72.4085 time: 3.7971s
INFO:root:Epoch: 1785 lr: 0.01 train_loss: 59155.3984 train_distortion: 0.4983 train_mapscore: 0.2842 train_c: -0.9146 train_max_dist: 40.1235 train_imax: 153.0829 train_imin: -64.4449 time: 3.7944s
INFO:root:Epoch: 1790 lr: 0.01 train_loss: 57477.3867 train_distortion: 0.4497 train_mapscore: 0.3043 train_c: -0.9144 train_max_dist: 39.0621 train_imax: 144.0895 train_imin: -58.3241 time: 3.7806s
INFO:root:Epoch: 1795 lr: 0.01 train_loss: 55616.0430 train_distortion: 0.4245 train_mapscore: 0.3404 train_c: -0.9143 train_max_dist: 38.8936 train_imax: 137.7983 train_imin: -54.9957 time: 3.8113s
INFO:root:Epoch: 1800 lr: 0.01 train_loss: 53727.3594 train_distortion: 0.4152 train_mapscore: 0.3861 train_c: -0.9141 train_max_dist: 38.7342 train_imax: 135.2433 train_imin: -53.5833 time: 3.8072s
INFO:root:Epoch: 1805 lr: 0.01 train_loss: 52085.4688 train_distortion: 0.4171 train_mapscore: 0.4399 train_c: -0.9139 train_max_dist: 64.0000 train_imax: 136.0910 train_imin: -53.5816 time: 3.7767s
INFO:root:Epoch: 1810 lr: 0.01 train_loss: 51165.8281 train_distortion: 0.4265 train_mapscore: 0.4655 train_c: -0.9137 train_max_dist: 38.8299 train_imax: 139.1011 train_imin: -54.7849 time: 3.7782s
INFO:root:Epoch: 1815 lr: 0.01 train_loss: 65976.9922 train_distortion: 0.4227 train_mapscore: 0.1778 train_c: -0.9138 train_max_dist: 38.2978 train_imax: 137.5705 train_imin: -55.8801 time: 3.8052s
INFO:root:Epoch: 1820 lr: 0.01 train_loss: 81345.3906 train_distortion: 0.3723 train_mapscore: 0.1020 train_c: -0.9142 train_max_dist: 36.5986 train_imax: 117.9367 train_imin: -49.7430 time: 3.8889s
INFO:root:Epoch: 1825 lr: 0.01 train_loss: 81849.0469 train_distortion: 0.3102 train_mapscore: 0.0933 train_c: -0.9145 train_max_dist: 48.0000 train_imax: 89.5582 train_imin: -37.8595 time: 3.9257s
INFO:root:Epoch: 1830 lr: 0.01 train_loss: 79677.0938 train_distortion: 0.2850 train_mapscore: 0.0866 train_c: -0.9147 train_max_dist: 31.5027 train_imax: 66.0798 train_imin: -27.5481 time: 3.9310s
INFO:root:Epoch: 1835 lr: 0.01 train_loss: 78233.2344 train_distortion: 0.2949 train_mapscore: 0.0858 train_c: -0.9149 train_max_dist: 29.1449 train_imax: 50.3009 train_imin: -20.5585 time: 3.9394s
INFO:root:Epoch: 1840 lr: 0.01 train_loss: 78543.6875 train_distortion: 0.3094 train_mapscore: 0.0774 train_c: -0.9147 train_max_dist: 27.9696 train_imax: 44.0551 train_imin: -17.9489 time: 4.0020s
INFO:root:Epoch: 1845 lr: 0.01 train_loss: 79787.3281 train_distortion: 0.3184 train_mapscore: 0.0721 train_c: -0.9144 train_max_dist: 27.3485 train_imax: 53.9924 train_imin: -16.9855 time: 4.0257s
INFO:root:Epoch: 1850 lr: 0.01 train_loss: 80169.4219 train_distortion: 0.3324 train_mapscore: 0.0687 train_c: -0.9142 train_max_dist: 26.5267 train_imax: 54.1956 train_imin: -15.7326 time: 3.9976s
INFO:root:Epoch: 1855 lr: 0.01 train_loss: 79759.7500 train_distortion: 0.3437 train_mapscore: 0.0722 train_c: -0.9141 train_max_dist: 25.9819 train_imax: 52.5310 train_imin: -14.7374 time: 3.9758s
INFO:root:Epoch: 1860 lr: 0.01 train_loss: 79148.4062 train_distortion: 0.3473 train_mapscore: 0.0769 train_c: -0.9140 train_max_dist: 25.7941 train_imax: 52.0540 train_imin: -14.5031 time: 3.9575s
INFO:root:Epoch: 1865 lr: 0.01 train_loss: 78366.8516 train_distortion: 0.3446 train_mapscore: 0.0819 train_c: -0.9140 train_max_dist: 25.8755 train_imax: 52.7247 train_imin: -14.7898 time: 3.9635s
INFO:root:Epoch: 1870 lr: 0.01 train_loss: 77555.0469 train_distortion: 0.3394 train_mapscore: 0.0912 train_c: -0.9139 train_max_dist: 26.0756 train_imax: 53.8806 train_imin: -15.2726 time: 3.9649s
INFO:root:Epoch: 1875 lr: 0.01 train_loss: 76732.3906 train_distortion: 0.3326 train_mapscore: 0.0962 train_c: -0.9138 train_max_dist: 26.3628 train_imax: 55.4452 train_imin: -15.8933 time: 3.9477s
INFO:root:Epoch: 1880 lr: 0.01 train_loss: 75944.1719 train_distortion: 0.3266 train_mapscore: 0.1063 train_c: -0.9137 train_max_dist: 26.6280 train_imax: 56.8991 train_imin: -16.4498 time: 3.9451s
INFO:root:Epoch: 1885 lr: 0.01 train_loss: 75132.4766 train_distortion: 0.3218 train_mapscore: 0.1180 train_c: -0.9136 train_max_dist: 26.8402 train_imax: 58.0876 train_imin: -16.8702 time: 3.9560s
INFO:root:Epoch: 1890 lr: 0.01 train_loss: 74371.6875 train_distortion: 0.3174 train_mapscore: 0.1297 train_c: -0.9135 train_max_dist: 27.0409 train_imax: 59.2404 train_imin: -17.2325 time: 3.9120s
INFO:root:Epoch: 1895 lr: 0.01 train_loss: 76390.4531 train_distortion: 0.3437 train_mapscore: 0.0836 train_c: -0.9135 train_max_dist: 25.7063 train_imax: 51.2602 train_imin: -14.0051 time: 3.9244s
INFO:root:Epoch: 1900 lr: 0.01 train_loss: 78486.7188 train_distortion: 0.3607 train_mapscore: 0.0744 train_c: -0.9136 train_max_dist: 24.9631 train_imax: 47.1926 train_imin: -12.6001 time: 3.9730s
INFO:root:Epoch: 1905 lr: 0.01 train_loss: 79151.6250 train_distortion: 0.3616 train_mapscore: 0.0729 train_c: -0.9137 train_max_dist: 24.8992 train_imax: 46.7089 train_imin: -12.4795 time: 3.9721s
INFO:root:Epoch: 1910 lr: 0.01 train_loss: 79069.4062 train_distortion: 0.3554 train_mapscore: 0.0746 train_c: -0.9137 train_max_dist: 25.1138 train_imax: 47.6430 train_imin: -12.8682 time: 3.9702s
INFO:root:Epoch: 1915 lr: 0.01 train_loss: 78677.0938 train_distortion: 0.3489 train_mapscore: 0.0799 train_c: -0.9137 train_max_dist: 25.3557 train_imax: 48.7161 train_imin: -13.3177 time: 3.9642s
INFO:root:Epoch: 1920 lr: 0.01 train_loss: 78057.3594 train_distortion: 0.3436 train_mapscore: 0.0836 train_c: -0.9137 train_max_dist: 25.5479 train_imax: 49.5681 train_imin: -13.6956 time: 3.9540s
INFO:root:Epoch: 1925 lr: 0.01 train_loss: 77332.7031 train_distortion: 0.3393 train_mapscore: 0.0915 train_c: -0.9137 train_max_dist: 25.6958 train_imax: 50.2144 train_imin: -13.9925 time: 3.9775s
INFO:root:Epoch: 1930 lr: 0.01 train_loss: 76569.2812 train_distortion: 0.3360 train_mapscore: 0.0993 train_c: -0.9136 train_max_dist: 25.7963 train_imax: 50.6764 train_imin: -14.2142 time: 3.9709s
INFO:root:Epoch: 1935 lr: 0.01 train_loss: 75865.8594 train_distortion: 0.3327 train_mapscore: 0.1070 train_c: -0.9135 train_max_dist: 25.9006 train_imax: 51.1774 train_imin: -14.4262 time: 3.9188s
INFO:root:Epoch: 1940 lr: 0.01 train_loss: 75157.3281 train_distortion: 0.3298 train_mapscore: 0.1175 train_c: -0.9134 train_max_dist: 32.0000 train_imax: 51.6420 train_imin: -14.5899 time: 3.9182s
INFO:root:Epoch: 1945 lr: 0.01 train_loss: 74504.2969 train_distortion: 0.3279 train_mapscore: 0.1251 train_c: -0.9133 train_max_dist: 26.0155 train_imax: 51.8783 train_imin: -14.6565 time: 3.9173s
INFO:root:Epoch: 1950 lr: 0.01 train_loss: 73859.8516 train_distortion: 0.3255 train_mapscore: 0.1342 train_c: -0.9132 train_max_dist: 26.0662 train_imax: 52.2831 train_imin: -14.8019 time: 3.9172s
INFO:root:Epoch: 1955 lr: 0.01 train_loss: 73218.7266 train_distortion: 0.3213 train_mapscore: 0.1495 train_c: -0.9131 train_max_dist: 26.2189 train_imax: 53.2781 train_imin: -15.1694 time: 3.8837s
INFO:root:Epoch: 1960 lr: 0.01 train_loss: 72590.2812 train_distortion: 0.3163 train_mapscore: 0.1651 train_c: -0.9129 train_max_dist: 26.4343 train_imax: 54.5968 train_imin: -15.6207 time: 3.8914s
INFO:root:Epoch: 1965 lr: 0.01 train_loss: 72002.9844 train_distortion: 0.3117 train_mapscore: 0.1791 train_c: -0.9128 train_max_dist: 26.6524 train_imax: 55.9544 train_imin: -16.1437 time: 3.9034s
INFO:root:Epoch: 1970 lr: 0.01 train_loss: 71394.7500 train_distortion: 0.3078 train_mapscore: 0.1902 train_c: -0.9126 train_max_dist: 26.8503 train_imax: 57.1860 train_imin: -16.7431 time: 3.9130s
INFO:root:Epoch: 1975 lr: 0.01 train_loss: 70776.5938 train_distortion: 0.3041 train_mapscore: 0.2103 train_c: -0.9124 train_max_dist: 27.0510 train_imax: 58.4374 train_imin: -17.3624 time: 3.8734s
INFO:root:Epoch: 1980 lr: 0.01 train_loss: 70183.8828 train_distortion: 0.3007 train_mapscore: 0.2261 train_c: -0.9122 train_max_dist: 28.0000 train_imax: 59.7003 train_imin: -17.9427 time: 3.8582s
INFO:root:Epoch: 1985 lr: 0.01 train_loss: 69595.3594 train_distortion: 0.2977 train_mapscore: 0.2433 train_c: -0.9120 train_max_dist: 27.4321 train_imax: 60.8715 train_imin: -18.5023 time: 3.8601s
INFO:root:Epoch: 1990 lr: 0.01 train_loss: 69029.1094 train_distortion: 0.2948 train_mapscore: 0.2604 train_c: -0.9119 train_max_dist: 27.6286 train_imax: 62.1395 train_imin: -19.0933 time: 3.8681s
INFO:root:Epoch: 1995 lr: 0.01 train_loss: 68488.2578 train_distortion: 0.2921 train_mapscore: 0.2603 train_c: -0.9117 train_max_dist: 27.8044 train_imax: 63.3696 train_imin: -19.6759 time: 3.8593s
INFO:root:Epoch: 2000 lr: 0.0025 train_loss: 67945.7656 train_distortion: 0.2897 train_mapscore: 0.2745 train_c: -0.9115 train_max_dist: 27.9811 train_imax: 64.6081 train_imin: -20.1836 time: 3.8469s
INFO:root:Optimization Finished!
INFO:root:Total time elapsed: 7622.7233s
INFO:root:Val set results: val_distortion: 1.0000 val_mapscore: -1.0000 val_c: -1.0000 val_max_dist: 0.0000
INFO:root:Test set results: test_loss: 67823.1875 test_distortion: 0.2892 test_mapscore: 0.2767 test_c: -0.9115 test_max_dist: 28.0198 test_imax: 64.8815 test_imin: -20.2913
INFO:root:Saved model in /workspace/xiongbo/hgcn/logs/md/2021_5_1/30
