INFO:root:Using: cuda:0
INFO:root:Using seed 1234.
INFO:root:MDModel(
  (encoder): HGCN(
    (layers): Sequential(
      (0): HyperbolicGraphConvolution(
        (linear): HypLinear(
          in_features=4942, out_features=10, c=Parameter containing:
          tensor([-1.], requires_grad=True)
        )
        (agg): HypAgg(
          c=Parameter containing:
          tensor([-1.], requires_grad=True)
        )
        (hyp_act): HypAct(
          c_in=Parameter containing:
          tensor([-1.], requires_grad=True), c_out=Parameter containing:
          tensor([-1.], requires_grad=True)
        )
      )
    )
  )
  (decoder): MDDecoder()
)
INFO:root:Total number of parameters: 49432
/workspace/anaconda3/envs/geo/lib/python3.7/site-packages/torch/optim/lr_scheduler.py:370: UserWarning: To get the last learning rate computed by the scheduler, please use `get_last_lr()`.
  "please use `get_last_lr()`.", UserWarning)
INFO:root:Epoch: 0005 lr: 0.001 train_loss: 110519.6641 train_distortion: 0.9638 train_mapscore: 0.0082 train_c: -1.0004 train_max_dist: 1.6916 train_imax: -0.0000 train_imin: -1.4841 time: 7.6107s
INFO:root:Epoch: 0010 lr: 0.001 train_loss: 109519.7188 train_distortion: 0.9584 train_mapscore: 0.0159 train_c: -1.0009 train_max_dist: 1.7950 train_imax: -0.0000 train_imin: -1.5015 time: 7.1330s
INFO:root:Epoch: 0015 lr: 0.001 train_loss: 108664.0000 train_distortion: 0.9522 train_mapscore: 0.0236 train_c: -1.0014 train_max_dist: 1.8497 train_imax: -0.0000 train_imin: -1.5056 time: 4.9611s
INFO:root:Epoch: 0020 lr: 0.001 train_loss: 107862.0547 train_distortion: 0.9457 train_mapscore: 0.0357 train_c: -1.0020 train_max_dist: 2.0078 train_imax: -0.0000 train_imin: -1.4780 time: 6.3251s
INFO:root:Epoch: 0025 lr: 0.001 train_loss: 107081.6875 train_distortion: 0.9389 train_mapscore: 0.0472 train_c: -1.0026 train_max_dist: 2.0792 train_imax: -0.0000 train_imin: -1.4803 time: 6.5596s
INFO:root:Epoch: 0030 lr: 0.001 train_loss: 106318.0938 train_distortion: 0.9318 train_mapscore: 0.0636 train_c: -1.0031 train_max_dist: 2.1698 train_imax: -0.0000 train_imin: -1.4720 time: 5.8861s
INFO:root:Epoch: 0035 lr: 0.001 train_loss: 105552.4609 train_distortion: 0.9246 train_mapscore: 0.0788 train_c: -1.0038 train_max_dist: 2.2493 train_imax: -0.0000 train_imin: -1.4920 time: 6.0673s
INFO:root:Epoch: 0040 lr: 0.001 train_loss: 104787.8750 train_distortion: 0.9171 train_mapscore: 0.0987 train_c: -1.0044 train_max_dist: 2.3895 train_imax: -0.0000 train_imin: -1.5173 time: 5.8893s
INFO:root:Epoch: 0045 lr: 0.001 train_loss: 104031.2500 train_distortion: 0.9097 train_mapscore: 0.1194 train_c: -1.0050 train_max_dist: 2.4846 train_imax: -0.0000 train_imin: -1.5404 time: 5.6651s
INFO:root:Epoch: 0050 lr: 0.001 train_loss: 103487.9688 train_distortion: 0.9039 train_mapscore: 0.1034 train_c: -1.0057 train_max_dist: 2.6119 train_imax: -0.0000 train_imin: -1.5653 time: 5.6345s
INFO:root:Epoch: 0055 lr: 0.001 train_loss: 103234.9688 train_distortion: 0.9007 train_mapscore: 0.1019 train_c: -1.0064 train_max_dist: 2.6791 train_imax: -0.0000 train_imin: -1.5886 time: 5.6644s
INFO:root:Epoch: 0060 lr: 0.001 train_loss: 102917.2031 train_distortion: 0.8973 train_mapscore: 0.1119 train_c: -1.0070 train_max_dist: 2.7931 train_imax: -0.0000 train_imin: -1.6050 time: 5.6392s
INFO:root:Epoch: 0065 lr: 0.001 train_loss: 102560.9531 train_distortion: 0.8936 train_mapscore: 0.1281 train_c: -1.0077 train_max_dist: 2.8933 train_imax: -0.0000 train_imin: -1.6215 time: 5.5805s
INFO:root:Epoch: 0070 lr: 0.001 train_loss: 102182.3438 train_distortion: 0.8898 train_mapscore: 0.1489 train_c: -1.0084 train_max_dist: 2.9848 train_imax: -0.0000 train_imin: -1.6376 time: 5.5500s
INFO:root:Epoch: 0075 lr: 0.001 train_loss: 101792.5078 train_distortion: 0.8858 train_mapscore: 0.1669 train_c: -1.0090 train_max_dist: 3.0600 train_imax: -0.0000 train_imin: -1.6517 time: 5.5692s
INFO:root:Epoch: 0080 lr: 0.001 train_loss: 101396.0312 train_distortion: 0.8817 train_mapscore: 0.1866 train_c: -1.0097 train_max_dist: 3.1421 train_imax: -0.0000 train_imin: -1.6703 time: 5.5785s
INFO:root:Epoch: 0085 lr: 0.001 train_loss: 100997.7031 train_distortion: 0.8777 train_mapscore: 0.2080 train_c: -1.0104 train_max_dist: 3.2221 train_imax: -0.0000 train_imin: -1.7123 time: 5.5889s
INFO:root:Epoch: 0090 lr: 0.001 train_loss: 100598.9062 train_distortion: 0.8736 train_mapscore: 0.2268 train_c: -1.0111 train_max_dist: 3.2951 train_imax: -0.0000 train_imin: -1.7422 time: 5.5641s
INFO:root:Epoch: 0095 lr: 0.001 train_loss: 100199.7109 train_distortion: 0.8695 train_mapscore: 0.2447 train_c: -1.0118 train_max_dist: 3.3780 train_imax: -0.0000 train_imin: -1.7690 time: 5.6037s
INFO:root:Epoch: 0100 lr: 0.001 train_loss: 99799.6719 train_distortion: 0.8653 train_mapscore: 0.2568 train_c: -1.0124 train_max_dist: 3.4607 train_imax: -0.0000 train_imin: -1.7926 time: 5.5843s
INFO:root:Epoch: 0105 lr: 0.001 train_loss: 99396.7500 train_distortion: 0.8612 train_mapscore: 0.2674 train_c: -1.0131 train_max_dist: 3.5546 train_imax: -0.0000 train_imin: -1.8153 time: 5.6053s
INFO:root:Epoch: 0110 lr: 0.001 train_loss: 98989.2500 train_distortion: 0.8570 train_mapscore: 0.2883 train_c: -1.0138 train_max_dist: 3.6905 train_imax: -0.0000 train_imin: -1.8315 time: 5.5425s
INFO:root:Epoch: 0115 lr: 0.001 train_loss: 98577.2344 train_distortion: 0.8528 train_mapscore: 0.2979 train_c: -1.0145 train_max_dist: 3.8302 train_imax: -0.0000 train_imin: -1.8567 time: 5.5679s
INFO:root:Epoch: 0120 lr: 0.001 train_loss: 98159.6406 train_distortion: 0.8484 train_mapscore: 0.3049 train_c: -1.0152 train_max_dist: 3.9637 train_imax: -0.0000 train_imin: -1.9102 time: 5.5968s
INFO:root:Epoch: 0125 lr: 0.001 train_loss: 97735.4453 train_distortion: 0.8441 train_mapscore: 0.3180 train_c: -1.0159 train_max_dist: 4.0687 train_imax: -0.0000 train_imin: -1.9595 time: 5.5897s
INFO:root:Epoch: 0130 lr: 0.001 train_loss: 97306.2891 train_distortion: 0.8397 train_mapscore: 0.3276 train_c: -1.0166 train_max_dist: 4.1572 train_imax: -0.0000 train_imin: -2.0109 time: 5.5636s
INFO:root:Epoch: 0135 lr: 0.001 train_loss: 96873.5312 train_distortion: 0.8352 train_mapscore: 0.3402 train_c: -1.0173 train_max_dist: 4.2271 train_imax: -0.0000 train_imin: -2.0582 time: 5.5740s
INFO:root:Epoch: 0140 lr: 0.001 train_loss: 96435.3516 train_distortion: 0.8307 train_mapscore: 0.3535 train_c: -1.0180 train_max_dist: 4.3254 train_imax: -0.0000 train_imin: -2.1010 time: 5.6180s
INFO:root:Epoch: 0145 lr: 0.001 train_loss: 95992.7344 train_distortion: 0.8261 train_mapscore: 0.3609 train_c: -1.0188 train_max_dist: 4.4336 train_imax: -0.0000 train_imin: -2.1471 time: 5.6080s
INFO:root:Epoch: 0150 lr: 0.001 train_loss: 95543.8359 train_distortion: 0.8215 train_mapscore: 0.3767 train_c: -1.0195 train_max_dist: 4.5451 train_imax: -0.0000 train_imin: -2.1876 time: 5.5889s
INFO:root:Epoch: 0155 lr: 0.001 train_loss: 95088.9453 train_distortion: 0.8169 train_mapscore: 0.3867 train_c: -1.0202 train_max_dist: 4.6738 train_imax: -0.0000 train_imin: -2.2317 time: 5.5751s
INFO:root:Epoch: 0160 lr: 0.001 train_loss: 94628.9219 train_distortion: 0.8122 train_mapscore: 0.3938 train_c: -1.0209 train_max_dist: 4.7987 train_imax: -0.0000 train_imin: -2.2778 time: 5.5825s
INFO:root:Epoch: 0165 lr: 0.001 train_loss: 94159.6094 train_distortion: 0.8074 train_mapscore: 0.4043 train_c: -1.0216 train_max_dist: 4.9143 train_imax: -0.0000 train_imin: -2.3205 time: 5.5692s
INFO:root:Epoch: 0170 lr: 0.001 train_loss: 93682.6406 train_distortion: 0.8025 train_mapscore: 0.4184 train_c: -1.0224 train_max_dist: 5.0090 train_imax: -0.0000 train_imin: -2.3619 time: 5.5508s
INFO:root:Epoch: 0175 lr: 0.001 train_loss: 93198.7188 train_distortion: 0.7975 train_mapscore: 0.4312 train_c: -1.0231 train_max_dist: 5.1647 train_imax: -0.0000 train_imin: -2.4053 time: 5.5293s
INFO:root:Epoch: 0180 lr: 0.001 train_loss: 92704.6484 train_distortion: 0.7924 train_mapscore: 0.4360 train_c: -1.0238 train_max_dist: 5.2889 train_imax: -0.0000 train_imin: -2.4336 time: 5.5531s
INFO:root:Epoch: 0185 lr: 0.001 train_loss: 92204.2109 train_distortion: 0.7872 train_mapscore: 0.4514 train_c: -1.0245 train_max_dist: 5.4545 train_imax: -0.0000 train_imin: -2.4708 time: 5.5288s
INFO:root:Epoch: 0190 lr: 0.001 train_loss: 91692.3438 train_distortion: 0.7819 train_mapscore: 0.4591 train_c: -1.0253 train_max_dist: 5.5729 train_imax: -0.0000 train_imin: -2.5132 time: 5.5072s
INFO:root:Epoch: 0195 lr: 0.001 train_loss: 91168.7578 train_distortion: 0.7765 train_mapscore: 0.4699 train_c: -1.0260 train_max_dist: 5.7287 train_imax: -0.0000 train_imin: -2.5392 time: 5.5399s
INFO:root:Epoch: 0200 lr: 0.001 train_loss: 90636.2656 train_distortion: 0.7710 train_mapscore: 0.4777 train_c: -1.0268 train_max_dist: 5.8751 train_imax: -0.0000 train_imin: -2.5535 time: 5.5522s
INFO:root:Epoch: 0205 lr: 0.001 train_loss: 90089.8438 train_distortion: 0.7653 train_mapscore: 0.4851 train_c: -1.0275 train_max_dist: 6.0686 train_imax: -0.0000 train_imin: -2.5705 time: 5.5267s
INFO:root:Epoch: 0210 lr: 0.001 train_loss: 89530.3750 train_distortion: 0.7596 train_mapscore: 0.5001 train_c: -1.0282 train_max_dist: 6.2321 train_imax: -0.0000 train_imin: -2.6220 time: 5.5249s
INFO:root:Epoch: 0215 lr: 0.001 train_loss: 88960.2656 train_distortion: 0.7536 train_mapscore: 0.5114 train_c: -1.0290 train_max_dist: 6.4529 train_imax: -0.0000 train_imin: -2.6924 time: 5.5129s
INFO:root:Epoch: 0220 lr: 0.001 train_loss: 88373.9141 train_distortion: 0.7476 train_mapscore: 0.5282 train_c: -1.0297 train_max_dist: 6.7991 train_imax: -0.0000 train_imin: -2.7283 time: 5.5214s
INFO:root:Epoch: 0225 lr: 0.001 train_loss: 87775.6719 train_distortion: 0.7413 train_mapscore: 0.5370 train_c: -1.0305 train_max_dist: 7.3534 train_imax: -0.0000 train_imin: -2.7827 time: 5.5243s
INFO:root:Epoch: 0230 lr: 0.001 train_loss: 87161.2500 train_distortion: 0.7349 train_mapscore: 0.5468 train_c: -1.0312 train_max_dist: 8.3393 train_imax: -0.0000 train_imin: -2.8311 time: 5.5228s
INFO:root:Epoch: 0235 lr: 0.001 train_loss: 86530.3906 train_distortion: 0.7284 train_mapscore: 0.5650 train_c: -1.0320 train_max_dist: 7.1749 train_imax: -0.0000 train_imin: -2.9113 time: 5.6695s
INFO:root:Epoch: 0240 lr: 0.001 train_loss: 85884.9453 train_distortion: 0.7217 train_mapscore: 0.5758 train_c: -1.0327 train_max_dist: 7.3611 train_imax: -0.0000 train_imin: -2.9797 time: 5.6793s
INFO:root:Epoch: 0245 lr: 0.001 train_loss: 85228.0000 train_distortion: 0.7147 train_mapscore: 0.5807 train_c: -1.0335 train_max_dist: 9.3589 train_imax: -0.0000 train_imin: -3.0872 time: 5.6602s
INFO:root:Epoch: 0250 lr: 0.001 train_loss: 84554.5625 train_distortion: 0.7076 train_mapscore: 0.5932 train_c: -1.0342 train_max_dist: 9.7969 train_imax: -0.0000 train_imin: -3.1806 time: 5.6179s
INFO:root:Epoch: 0255 lr: 0.001 train_loss: 83860.6797 train_distortion: 0.7003 train_mapscore: 0.5995 train_c: -1.0350 train_max_dist: 9.6973 train_imax: -0.0000 train_imin: -3.2770 time: 5.6652s
INFO:root:Epoch: 0260 lr: 0.001 train_loss: 83154.4375 train_distortion: 0.6929 train_mapscore: 0.6135 train_c: -1.0357 train_max_dist: 9.7344 train_imax: -0.0000 train_imin: -3.3856 time: 5.6068s
INFO:root:Epoch: 0265 lr: 0.001 train_loss: 82429.2344 train_distortion: 0.6852 train_mapscore: 0.6223 train_c: -1.0365 train_max_dist: 10.0938 train_imax: -0.0000 train_imin: -3.4469 time: 5.5979s
INFO:root:Epoch: 0270 lr: 0.001 train_loss: 81687.9375 train_distortion: 0.6773 train_mapscore: 0.6324 train_c: -1.0373 train_max_dist: 9.8633 train_imax: -0.0000 train_imin: -3.5685 time: 5.5715s
INFO:root:Epoch: 0275 lr: 0.001 train_loss: 80935.5625 train_distortion: 0.6693 train_mapscore: 0.6448 train_c: -1.0380 train_max_dist: 9.9062 train_imax: -0.0000 train_imin: -3.5864 time: 5.7031s
INFO:root:Epoch: 0280 lr: 0.001 train_loss: 80160.7188 train_distortion: 0.6611 train_mapscore: 0.6549 train_c: -1.0388 train_max_dist: 9.9453 train_imax: -0.0000 train_imin: -3.7067 time: 5.9094s
INFO:root:Epoch: 0285 lr: 0.001 train_loss: 79368.0312 train_distortion: 0.6525 train_mapscore: 0.6670 train_c: -1.0396 train_max_dist: 10.0234 train_imax: -0.0000 train_imin: -3.7239 time: 5.6185s
INFO:root:Epoch: 0290 lr: 0.001 train_loss: 78561.0312 train_distortion: 0.6439 train_mapscore: 0.6726 train_c: -1.0403 train_max_dist: 10.1250 train_imax: -0.0000 train_imin: -3.7706 time: 4.1937s
INFO:root:Epoch: 0295 lr: 0.001 train_loss: 77739.5938 train_distortion: 0.6350 train_mapscore: 0.6828 train_c: -1.0411 train_max_dist: 10.1094 train_imax: -0.0000 train_imin: -3.8925 time: 5.6194s
INFO:root:Epoch: 0300 lr: 0.001 train_loss: 76903.7656 train_distortion: 0.6260 train_mapscore: 0.6966 train_c: -1.0419 train_max_dist: 10.0625 train_imax: -0.0000 train_imin: -3.9210 time: 5.7709s
INFO:root:Epoch: 0305 lr: 0.001 train_loss: 76053.7812 train_distortion: 0.6167 train_mapscore: 0.7061 train_c: -1.0426 train_max_dist: 10.2692 train_imax: -0.0000 train_imin: -3.9768 time: 5.5814s
INFO:root:Epoch: 0310 lr: 0.001 train_loss: 75188.5625 train_distortion: 0.6072 train_mapscore: 0.7157 train_c: -1.0434 train_max_dist: 10.5543 train_imax: -0.0000 train_imin: -4.0488 time: 5.6874s
INFO:root:Epoch: 0315 lr: 0.001 train_loss: 74312.1719 train_distortion: 0.5976 train_mapscore: 0.7203 train_c: -1.0442 train_max_dist: 10.8141 train_imax: -0.0000 train_imin: -4.0419 time: 5.8576s
INFO:root:Epoch: 0320 lr: 0.001 train_loss: 73420.6094 train_distortion: 0.5879 train_mapscore: 0.7294 train_c: -1.0450 train_max_dist: 11.0731 train_imax: -0.0000 train_imin: -4.0631 time: 5.6441s
INFO:root:Epoch: 0325 lr: 0.001 train_loss: 72514.2188 train_distortion: 0.5779 train_mapscore: 0.7436 train_c: -1.0457 train_max_dist: 11.3909 train_imax: -0.0000 train_imin: -4.1511 time: 5.6062s
INFO:root:Epoch: 0330 lr: 0.001 train_loss: 71599.4375 train_distortion: 0.5679 train_mapscore: 0.7512 train_c: -1.0465 train_max_dist: 11.7354 train_imax: -0.0000 train_imin: -4.1919 time: 5.5805s
INFO:root:Epoch: 0335 lr: 0.001 train_loss: 70669.1562 train_distortion: 0.5578 train_mapscore: 0.7588 train_c: -1.0473 train_max_dist: 12.0247 train_imax: 0.0164 train_imin: -4.0551 time: 5.4298s
INFO:root:Epoch: 0340 lr: 0.001 train_loss: 69728.4297 train_distortion: 0.5476 train_mapscore: 0.7693 train_c: -1.0480 train_max_dist: 12.3170 train_imax: 0.0467 train_imin: -4.1236 time: 5.6411s
INFO:root:Epoch: 0345 lr: 0.001 train_loss: 68779.1484 train_distortion: 0.5372 train_mapscore: 0.7789 train_c: -1.0488 train_max_dist: 12.6362 train_imax: 0.0916 train_imin: -4.1119 time: 5.6171s
INFO:root:Epoch: 0350 lr: 0.001 train_loss: 67823.3672 train_distortion: 0.5268 train_mapscore: 0.7845 train_c: -1.0496 train_max_dist: 12.9327 train_imax: 0.1137 train_imin: -4.0872 time: 5.9181s
INFO:root:Epoch: 0355 lr: 0.001 train_loss: 66850.8047 train_distortion: 0.5163 train_mapscore: 0.7918 train_c: -1.0504 train_max_dist: 13.2623 train_imax: 0.1408 train_imin: -3.9641 time: 5.5033s
INFO:root:Epoch: 0360 lr: 0.001 train_loss: 65875.5312 train_distortion: 0.5058 train_mapscore: 0.7990 train_c: -1.0511 train_max_dist: 13.5479 train_imax: 0.1674 train_imin: -3.8975 time: 5.5117s
INFO:root:Epoch: 0365 lr: 0.001 train_loss: 64896.3047 train_distortion: 0.4952 train_mapscore: 0.7982 train_c: -1.0519 train_max_dist: 13.8582 train_imax: 0.1688 train_imin: -3.7793 time: 5.6268s
INFO:root:Epoch: 0370 lr: 0.001 train_loss: 63912.9062 train_distortion: 0.4846 train_mapscore: 0.8124 train_c: -1.0527 train_max_dist: 14.1769 train_imax: 0.1989 train_imin: -3.7567 time: 5.7841s
INFO:root:Epoch: 0375 lr: 0.001 train_loss: 62908.5859 train_distortion: 0.4739 train_mapscore: 0.8173 train_c: -1.0534 train_max_dist: 14.4969 train_imax: 0.2855 train_imin: -3.7248 time: 5.4453s
INFO:root:Epoch: 0380 lr: 0.001 train_loss: 61914.3672 train_distortion: 0.4633 train_mapscore: 0.8269 train_c: -1.0542 train_max_dist: 14.8445 train_imax: 0.2202 train_imin: -3.6430 time: 5.9320s
INFO:root:Epoch: 0385 lr: 0.001 train_loss: 60901.2930 train_distortion: 0.4527 train_mapscore: 0.8332 train_c: -1.0550 train_max_dist: 15.1547 train_imax: 0.2480 train_imin: -3.6161 time: 5.6822s
INFO:root:Epoch: 0390 lr: 0.001 train_loss: 59887.8750 train_distortion: 0.4420 train_mapscore: 0.8386 train_c: -1.0557 train_max_dist: 15.4747 train_imax: 0.2183 train_imin: -3.7282 time: 5.5171s
INFO:root:Epoch: 0395 lr: 0.001 train_loss: 58864.1953 train_distortion: 0.4314 train_mapscore: 0.8468 train_c: -1.0565 train_max_dist: 15.8058 train_imax: 0.1731 train_imin: -3.8155 time: 5.9134s
INFO:root:Epoch: 0400 lr: 0.001 train_loss: 57840.5938 train_distortion: 0.4208 train_mapscore: 0.8517 train_c: -1.0572 train_max_dist: 16.1448 train_imax: 0.2039 train_imin: -3.9502 time: 5.4603s
INFO:root:Epoch: 0405 lr: 0.001 train_loss: 56811.3672 train_distortion: 0.4102 train_mapscore: 0.8608 train_c: -1.0580 train_max_dist: 16.4879 train_imax: 0.1740 train_imin: -4.1820 time: 5.8898s
INFO:root:Epoch: 0410 lr: 0.001 train_loss: 55779.3828 train_distortion: 0.3996 train_mapscore: 0.8662 train_c: -1.0588 train_max_dist: 16.8298 train_imax: 0.2497 train_imin: -4.2721 time: 5.5110s
INFO:root:Epoch: 0415 lr: 0.001 train_loss: 54747.1328 train_distortion: 0.3893 train_mapscore: 0.8695 train_c: -1.0595 train_max_dist: 17.1829 train_imax: 0.1464 train_imin: -4.3167 time: 5.6671s
INFO:root:Epoch: 0420 lr: 0.001 train_loss: 53721.2188 train_distortion: 0.3789 train_mapscore: 0.8778 train_c: -1.0603 train_max_dist: 17.5547 train_imax: 0.2733 train_imin: -4.4623 time: 5.6215s
INFO:root:Epoch: 0425 lr: 0.001 train_loss: 52686.8711 train_distortion: 0.3687 train_mapscore: 0.8793 train_c: -1.0610 train_max_dist: 17.8895 train_imax: 0.1564 train_imin: -4.5889 time: 5.7162s
INFO:root:Epoch: 0430 lr: 0.001 train_loss: 51652.7852 train_distortion: 0.3586 train_mapscore: 0.8816 train_c: -1.0618 train_max_dist: 18.2748 train_imax: 0.1470 train_imin: -4.6673 time: 5.4316s
INFO:root:Epoch: 0435 lr: 0.001 train_loss: 50578.2734 train_distortion: 0.3486 train_mapscore: 0.8880 train_c: -1.0625 train_max_dist: 18.6592 train_imax: 0.2227 train_imin: -4.7702 time: 4.8553s
INFO:root:Epoch: 0440 lr: 0.001 train_loss: 49556.5195 train_distortion: 0.3388 train_mapscore: 0.8935 train_c: -1.0633 train_max_dist: 19.0381 train_imax: 0.3040 train_imin: -4.8549 time: 5.6016s
INFO:root:Epoch: 0445 lr: 0.001 train_loss: 48500.3438 train_distortion: 0.3290 train_mapscore: 0.8993 train_c: -1.0640 train_max_dist: 19.3572 train_imax: 0.2051 train_imin: -4.9157 time: 5.6024s
INFO:root:Epoch: 0450 lr: 0.001 train_loss: 47441.1484 train_distortion: 0.3196 train_mapscore: 0.9048 train_c: -1.0647 train_max_dist: 19.7392 train_imax: 0.1933 train_imin: -4.9757 time: 5.6232s
INFO:root:Epoch: 0455 lr: 0.001 train_loss: 46389.5312 train_distortion: 0.3102 train_mapscore: 0.9104 train_c: -1.0655 train_max_dist: 20.1075 train_imax: 0.2503 train_imin: -5.1810 time: 5.4997s
INFO:root:Epoch: 0460 lr: 0.001 train_loss: 45336.1094 train_distortion: 0.3012 train_mapscore: 0.9166 train_c: -1.0662 train_max_dist: 20.4903 train_imax: 0.2041 train_imin: -5.2203 time: 5.8820s
INFO:root:Epoch: 0465 lr: 0.001 train_loss: 44302.1172 train_distortion: 0.2923 train_mapscore: 0.9192 train_c: -1.0669 train_max_dist: 20.8403 train_imax: 0.2344 train_imin: -5.2238 time: 5.5921s
INFO:root:Epoch: 0470 lr: 0.001 train_loss: 43249.9883 train_distortion: 0.2837 train_mapscore: 0.9216 train_c: -1.0677 train_max_dist: 21.2052 train_imax: 0.2264 train_imin: -5.3880 time: 5.5090s
INFO:root:Epoch: 0475 lr: 0.001 train_loss: 42216.8320 train_distortion: 0.2753 train_mapscore: 0.9254 train_c: -1.0684 train_max_dist: 21.5599 train_imax: 0.2009 train_imin: -5.4759 time: 5.8451s
INFO:root:Epoch: 0480 lr: 0.001 train_loss: 41165.1953 train_distortion: 0.2673 train_mapscore: 0.9307 train_c: -1.0691 train_max_dist: 21.9789 train_imax: 0.1110 train_imin: -5.6108 time: 5.4254s
INFO:root:Epoch: 0485 lr: 0.001 train_loss: 40124.8633 train_distortion: 0.2595 train_mapscore: 0.9300 train_c: -1.0699 train_max_dist: 22.3657 train_imax: 0.1395 train_imin: -5.6501 time: 5.8394s
INFO:root:Epoch: 0490 lr: 0.001 train_loss: 39082.9609 train_distortion: 0.2521 train_mapscore: 0.9369 train_c: -1.0706 train_max_dist: 22.7247 train_imax: 0.2091 train_imin: -5.9031 time: 5.2532s
INFO:root:Epoch: 0495 lr: 0.001 train_loss: 38038.5352 train_distortion: 0.2450 train_mapscore: 0.9371 train_c: -1.0713 train_max_dist: 23.0847 train_imax: 0.1166 train_imin: -5.9252 time: 5.6251s
INFO:root:Epoch: 0500 lr: 0.001 train_loss: 36962.6172 train_distortion: 0.2382 train_mapscore: 0.9412 train_c: -1.0720 train_max_dist: 23.4889 train_imax: 0.2572 train_imin: -6.0152 time: 5.7073s
INFO:root:Epoch: 0505 lr: 0.001 train_loss: 35915.7031 train_distortion: 0.2320 train_mapscore: 0.9435 train_c: -1.0727 train_max_dist: 23.8533 train_imax: 0.1452 train_imin: -6.1602 time: 5.5851s
INFO:root:Epoch: 0510 lr: 0.001 train_loss: 34902.0039 train_distortion: 0.2260 train_mapscore: 0.9470 train_c: -1.0734 train_max_dist: 24.2034 train_imax: 0.1059 train_imin: -6.1595 time: 5.0771s
INFO:root:Epoch: 0515 lr: 0.001 train_loss: 33870.4297 train_distortion: 0.2205 train_mapscore: 0.9489 train_c: -1.0742 train_max_dist: 24.6172 train_imax: 0.2787 train_imin: -6.2344 time: 5.8527s
INFO:root:Epoch: 0520 lr: 0.001 train_loss: 32833.9297 train_distortion: 0.2154 train_mapscore: 0.9509 train_c: -1.0749 train_max_dist: 24.9825 train_imax: 0.3148 train_imin: -6.2502 time: 3.4703s
INFO:root:Epoch: 0525 lr: 0.001 train_loss: 31862.6953 train_distortion: 0.2108 train_mapscore: 0.9528 train_c: -1.0756 train_max_dist: 25.3674 train_imax: 0.4365 train_imin: -6.4437 time: 5.5568s
INFO:root:Epoch: 0530 lr: 0.001 train_loss: 30880.2148 train_distortion: 0.2066 train_mapscore: 0.9551 train_c: -1.0763 train_max_dist: 25.7686 train_imax: 1.5828 train_imin: -6.3473 time: 5.5533s
INFO:root:Epoch: 0535 lr: 0.001 train_loss: 29957.3281 train_distortion: 0.2030 train_mapscore: 0.9573 train_c: -1.0770 train_max_dist: 26.1423 train_imax: 0.4689 train_imin: -6.4243 time: 5.4952s
INFO:root:Epoch: 0540 lr: 0.001 train_loss: 28921.0605 train_distortion: 0.1999 train_mapscore: 0.9578 train_c: -1.0777 train_max_dist: 26.4980 train_imax: 3.0663 train_imin: -6.6982 time: 5.5211s
INFO:root:Epoch: 0545 lr: 0.001 train_loss: 27959.4453 train_distortion: 0.1972 train_mapscore: 0.9623 train_c: -1.0783 train_max_dist: 26.8938 train_imax: 1.6990 train_imin: -6.7558 time: 5.5999s
INFO:root:Epoch: 0550 lr: 0.001 train_loss: 26984.6367 train_distortion: 0.1950 train_mapscore: 0.9619 train_c: -1.0790 train_max_dist: 27.2937 train_imax: 2.3420 train_imin: -6.8175 time: 5.5879s
INFO:root:Epoch: 0555 lr: 0.001 train_loss: 25980.2578 train_distortion: 0.1935 train_mapscore: 0.9684 train_c: -1.0797 train_max_dist: 27.6172 train_imax: 1.4539 train_imin: -6.9556 time: 5.7383s
INFO:root:Epoch: 0560 lr: 0.001 train_loss: 25121.9082 train_distortion: 0.1924 train_mapscore: 0.9663 train_c: -1.0804 train_max_dist: 28.0173 train_imax: 0.2780 train_imin: -6.8870 time: 5.6280s
INFO:root:Epoch: 0565 lr: 0.001 train_loss: 24184.9922 train_distortion: 0.1919 train_mapscore: 0.9702 train_c: -1.0810 train_max_dist: 28.3145 train_imax: 1.3790 train_imin: -7.1846 time: 5.6538s
INFO:root:Epoch: 0570 lr: 0.001 train_loss: 23235.2266 train_distortion: 0.1919 train_mapscore: 0.9735 train_c: -1.0817 train_max_dist: 28.7871 train_imax: 2.3752 train_imin: -7.1837 time: 5.8142s
INFO:root:Epoch: 0575 lr: 0.001 train_loss: 22383.4102 train_distortion: 0.1925 train_mapscore: 0.9730 train_c: -1.0823 train_max_dist: 29.1846 train_imax: 1.2414 train_imin: -7.3046 time: 5.0475s
INFO:root:Epoch: 0580 lr: 0.001 train_loss: 21453.5391 train_distortion: 0.1936 train_mapscore: 0.9774 train_c: -1.0830 train_max_dist: 29.5039 train_imax: 0.4617 train_imin: -7.3265 time: 3.5140s
INFO:root:Epoch: 0585 lr: 0.001 train_loss: 20629.4766 train_distortion: 0.1953 train_mapscore: 0.9768 train_c: -1.0836 train_max_dist: 29.9072 train_imax: -0.0000 train_imin: -7.4496 time: 5.8667s
INFO:root:Epoch: 0590 lr: 0.001 train_loss: 19876.0000 train_distortion: 0.1975 train_mapscore: 0.9800 train_c: -1.0842 train_max_dist: 30.2703 train_imax: 0.0232 train_imin: -7.5547 time: 5.6100s
INFO:root:Epoch: 0595 lr: 0.001 train_loss: 19060.7676 train_distortion: 0.2003 train_mapscore: 0.9840 train_c: -1.0849 train_max_dist: 30.6924 train_imax: -0.0000 train_imin: -7.5220 time: 5.5468s
INFO:root:Epoch: 0600 lr: 0.001 train_loss: 18228.5586 train_distortion: 0.2037 train_mapscore: 0.9820 train_c: -1.0855 train_max_dist: 31.0164 train_imax: 0.1305 train_imin: -7.6875 time: 5.4217s
INFO:root:Epoch: 0605 lr: 0.001 train_loss: 17554.1484 train_distortion: 0.2073 train_mapscore: 0.9834 train_c: -1.0861 train_max_dist: 31.4297 train_imax: 0.4250 train_imin: -7.6343 time: 3.3973s
INFO:root:Epoch: 0610 lr: 0.001 train_loss: 16854.1133 train_distortion: 0.2117 train_mapscore: 0.9843 train_c: -1.0867 train_max_dist: 31.7581 train_imax: 0.1236 train_imin: -7.5684 time: 5.8445s
INFO:root:Epoch: 0615 lr: 0.001 train_loss: 16225.5293 train_distortion: 0.2165 train_mapscore: 0.9872 train_c: -1.0872 train_max_dist: 32.1416 train_imax: 0.0993 train_imin: -7.7656 time: 5.8286s
INFO:root:Epoch: 0620 lr: 0.001 train_loss: 15582.4434 train_distortion: 0.2216 train_mapscore: 0.9889 train_c: -1.0878 train_max_dist: 32.4558 train_imax: 0.5337 train_imin: -7.7373 time: 5.8864s
INFO:root:Epoch: 0625 lr: 0.001 train_loss: 14932.1582 train_distortion: 0.2272 train_mapscore: 0.9898 train_c: -1.0884 train_max_dist: 32.8472 train_imax: 0.3111 train_imin: -7.6817 time: 5.8612s
INFO:root:Epoch: 0630 lr: 0.001 train_loss: 14419.5820 train_distortion: 0.2334 train_mapscore: 0.9915 train_c: -1.0889 train_max_dist: 33.1147 train_imax: 0.2669 train_imin: -7.7354 time: 5.7870s
INFO:root:Epoch: 0635 lr: 0.001 train_loss: 13900.5371 train_distortion: 0.2397 train_mapscore: 0.9919 train_c: -1.0894 train_max_dist: 33.4868 train_imax: 0.4328 train_imin: -7.7173 time: 5.8636s
INFO:root:Epoch: 0640 lr: 0.001 train_loss: 13295.2021 train_distortion: 0.2463 train_mapscore: 0.9925 train_c: -1.0899 train_max_dist: 33.7939 train_imax: 0.6623 train_imin: -7.7153 time: 5.5619s
INFO:root:Epoch: 0645 lr: 0.001 train_loss: 12816.8770 train_distortion: 0.2533 train_mapscore: 0.9936 train_c: -1.0904 train_max_dist: 34.1465 train_imax: 0.0195 train_imin: -7.7294 time: 5.7412s
INFO:root:Epoch: 0650 lr: 0.001 train_loss: 12345.4980 train_distortion: 0.2606 train_mapscore: 0.9935 train_c: -1.0909 train_max_dist: 34.4575 train_imax: 0.4560 train_imin: -7.5890 time: 6.0279s
INFO:root:Epoch: 0655 lr: 0.001 train_loss: 11901.4941 train_distortion: 0.2680 train_mapscore: 0.9941 train_c: -1.0914 train_max_dist: 34.7358 train_imax: 0.6406 train_imin: -7.5342 time: 5.5167s
INFO:root:Epoch: 0660 lr: 0.001 train_loss: 11498.2188 train_distortion: 0.2757 train_mapscore: 0.9959 train_c: -1.0919 train_max_dist: 35.0562 train_imax: 0.5354 train_imin: -7.5164 time: 4.7151s
INFO:root:Epoch: 0665 lr: 0.001 train_loss: 11067.9355 train_distortion: 0.2836 train_mapscore: 0.9958 train_c: -1.0923 train_max_dist: 35.3975 train_imax: 0.4771 train_imin: -7.5954 time: 5.8650s
INFO:root:Epoch: 0670 lr: 0.001 train_loss: 10734.6973 train_distortion: 0.2914 train_mapscore: 0.9970 train_c: -1.0927 train_max_dist: 35.6631 train_imax: 0.0976 train_imin: -7.4077 time: 5.4470s
INFO:root:Epoch: 0675 lr: 0.001 train_loss: 10435.4648 train_distortion: 0.2994 train_mapscore: 0.9969 train_c: -1.0932 train_max_dist: 35.9570 train_imax: 0.1124 train_imin: -7.3466 time: 4.2938s
INFO:root:Epoch: 0680 lr: 0.001 train_loss: 10087.3584 train_distortion: 0.3075 train_mapscore: 0.9966 train_c: -1.0936 train_max_dist: 36.1973 train_imax: -0.0000 train_imin: -7.0617 time: 5.9019s
INFO:root:Epoch: 0685 lr: 0.001 train_loss: 9830.5508 train_distortion: 0.3156 train_mapscore: 0.9965 train_c: -1.0940 train_max_dist: 36.4580 train_imax: 0.2801 train_imin: -7.2526 time: 5.7915s
INFO:root:Epoch: 0690 lr: 0.001 train_loss: 9467.5156 train_distortion: 0.3237 train_mapscore: 0.9980 train_c: -1.0943 train_max_dist: 36.6675 train_imax: 0.0540 train_imin: -6.9743 time: 5.5869s
INFO:root:Epoch: 0695 lr: 0.001 train_loss: 9265.3369 train_distortion: 0.3317 train_mapscore: 0.9980 train_c: -1.0947 train_max_dist: 36.8682 train_imax: 0.4164 train_imin: -6.8515 time: 5.7060s
INFO:root:Epoch: 0700 lr: 0.001 train_loss: 9067.8975 train_distortion: 0.3401 train_mapscore: 0.9981 train_c: -1.0951 train_max_dist: 37.1357 train_imax: 0.4991 train_imin: -6.8410 time: 5.5471s
INFO:root:Epoch: 0705 lr: 0.001 train_loss: 8823.6807 train_distortion: 0.3481 train_mapscore: 0.9981 train_c: -1.0954 train_max_dist: 37.3438 train_imax: -0.0000 train_imin: -6.6496 time: 5.6403s
INFO:root:Epoch: 0710 lr: 0.001 train_loss: 8623.8262 train_distortion: 0.3561 train_mapscore: 0.9981 train_c: -1.0958 train_max_dist: 37.5757 train_imax: 0.2482 train_imin: -6.6543 time: 5.8943s
INFO:root:Epoch: 0715 lr: 0.001 train_loss: 8314.4121 train_distortion: 0.3641 train_mapscore: 0.9983 train_c: -1.0961 train_max_dist: 37.8105 train_imax: 0.0267 train_imin: -6.5071 time: 5.7551s
INFO:root:Epoch: 0720 lr: 0.001 train_loss: 8193.1895 train_distortion: 0.3720 train_mapscore: 0.9987 train_c: -1.0964 train_max_dist: 38.0088 train_imax: 0.2789 train_imin: -6.3563 time: 6.1014s
INFO:root:Epoch: 0725 lr: 0.001 train_loss: 7964.9253 train_distortion: 0.3798 train_mapscore: 0.9983 train_c: -1.0967 train_max_dist: 38.2090 train_imax: 0.6044 train_imin: -6.3646 time: 5.8218s
INFO:root:Epoch: 0730 lr: 0.001 train_loss: 7774.8491 train_distortion: 0.3875 train_mapscore: 0.9986 train_c: -1.0970 train_max_dist: 38.4292 train_imax: 0.0473 train_imin: -6.1947 time: 4.7874s
INFO:root:Epoch: 0735 lr: 0.001 train_loss: 7742.6567 train_distortion: 0.3953 train_mapscore: 0.9987 train_c: -1.0973 train_max_dist: 38.5879 train_imax: 0.5933 train_imin: -6.1122 time: 4.8404s
INFO:root:Epoch: 0740 lr: 0.001 train_loss: 7543.2622 train_distortion: 0.4029 train_mapscore: 0.9985 train_c: -1.0976 train_max_dist: 38.7769 train_imax: 0.7345 train_imin: -6.0271 time: 4.1215s
INFO:root:Epoch: 0745 lr: 0.001 train_loss: 7432.1162 train_distortion: 0.4103 train_mapscore: 0.9989 train_c: -1.0978 train_max_dist: 38.9321 train_imax: 0.1372 train_imin: -5.8494 time: 3.8335s
INFO:root:Epoch: 0750 lr: 0.001 train_loss: 7293.4355 train_distortion: 0.4175 train_mapscore: 0.9987 train_c: -1.0981 train_max_dist: 39.0957 train_imax: 0.2917 train_imin: -5.8685 time: 3.3549s
INFO:root:Epoch: 0755 lr: 0.001 train_loss: 7118.7529 train_distortion: 0.4246 train_mapscore: 0.9988 train_c: -1.0984 train_max_dist: 39.2539 train_imax: 1.7283 train_imin: -5.7829 time: 4.2151s
INFO:root:Epoch: 0760 lr: 0.001 train_loss: 7083.2598 train_distortion: 0.4316 train_mapscore: 0.9984 train_c: -1.0986 train_max_dist: 39.4160 train_imax: 0.6064 train_imin: -5.6137 time: 4.7752s
INFO:root:Epoch: 0765 lr: 0.001 train_loss: 6949.7588 train_distortion: 0.4384 train_mapscore: 0.9986 train_c: -1.0989 train_max_dist: 39.5459 train_imax: 0.4344 train_imin: -5.6797 time: 4.4997s
INFO:root:Epoch: 0770 lr: 0.001 train_loss: 6822.0039 train_distortion: 0.4452 train_mapscore: 0.9990 train_c: -1.0991 train_max_dist: 39.7412 train_imax: 0.2984 train_imin: -5.5548 time: 3.7942s
INFO:root:Epoch: 0775 lr: 0.001 train_loss: 6699.2324 train_distortion: 0.4519 train_mapscore: 0.9989 train_c: -1.0993 train_max_dist: 39.8350 train_imax: 0.2373 train_imin: -5.4711 time: 3.3492s
INFO:root:Epoch: 0780 lr: 0.001 train_loss: 6581.4199 train_distortion: 0.4584 train_mapscore: 0.9989 train_c: -1.0995 train_max_dist: 39.9551 train_imax: 0.3919 train_imin: -5.4306 time: 4.0981s
INFO:root:Epoch: 0785 lr: 0.001 train_loss: 6412.6436 train_distortion: 0.4649 train_mapscore: 0.9994 train_c: -1.0998 train_max_dist: 40.1338 train_imax: -0.0000 train_imin: -5.3802 time: 3.8958s
INFO:root:Epoch: 0790 lr: 0.001 train_loss: 6335.3979 train_distortion: 0.4712 train_mapscore: 0.9995 train_c: -1.1000 train_max_dist: 40.2793 train_imax: -0.0000 train_imin: -5.1031 time: 3.9171s
INFO:root:Epoch: 0795 lr: 0.001 train_loss: 6300.1675 train_distortion: 0.4776 train_mapscore: 0.9994 train_c: -1.1002 train_max_dist: 40.4102 train_imax: 0.2195 train_imin: -4.9011 time: 4.7302s
INFO:root:Epoch: 0800 lr: 0.001 train_loss: 6269.6377 train_distortion: 0.4836 train_mapscore: 0.9992 train_c: -1.1004 train_max_dist: 40.5488 train_imax: 0.0458 train_imin: -4.8399 time: 4.6562s
INFO:root:Epoch: 0805 lr: 0.001 train_loss: 6214.4756 train_distortion: 0.4898 train_mapscore: 0.9988 train_c: -1.1006 train_max_dist: 40.6533 train_imax: 0.2207 train_imin: -4.4784 time: 3.4561s
INFO:root:Epoch: 0810 lr: 0.001 train_loss: 6130.2231 train_distortion: 0.4954 train_mapscore: 0.9988 train_c: -1.1008 train_max_dist: 40.7832 train_imax: 0.3152 train_imin: -4.3443 time: 3.2755s
INFO:root:Epoch: 0815 lr: 0.001 train_loss: 6063.5781 train_distortion: 0.5012 train_mapscore: 0.9988 train_c: -1.1010 train_max_dist: 40.8867 train_imax: 0.4014 train_imin: -4.1924 time: 4.5306s
INFO:root:Epoch: 0820 lr: 0.001 train_loss: 5975.3975 train_distortion: 0.5069 train_mapscore: 0.9993 train_c: -1.1011 train_max_dist: 41.0039 train_imax: -0.0000 train_imin: -5.6304 time: 4.5533s
INFO:root:Epoch: 0825 lr: 0.001 train_loss: 5901.4834 train_distortion: 0.5124 train_mapscore: 0.9992 train_c: -1.1013 train_max_dist: 41.0898 train_imax: -0.0000 train_imin: -4.0966 time: 3.4034s
INFO:root:Epoch: 0830 lr: 0.001 train_loss: 5820.9668 train_distortion: 0.5178 train_mapscore: 0.9996 train_c: -1.1015 train_max_dist: 41.1504 train_imax: 0.0891 train_imin: -3.4543 time: 4.7933s
INFO:root:Epoch: 0835 lr: 0.001 train_loss: 5824.9565 train_distortion: 0.5228 train_mapscore: 0.9996 train_c: -1.1017 train_max_dist: 41.2617 train_imax: 0.2291 train_imin: -3.7100 time: 3.9074s
INFO:root:Epoch: 0840 lr: 0.001 train_loss: 5902.6265 train_distortion: 0.5280 train_mapscore: 0.9996 train_c: -1.1018 train_max_dist: 41.3652 train_imax: 0.0383 train_imin: -3.0209 time: 3.3702s
INFO:root:Epoch: 0845 lr: 0.001 train_loss: 5792.4409 train_distortion: 0.5330 train_mapscore: 0.9994 train_c: -1.1020 train_max_dist: 41.4502 train_imax: 0.1688 train_imin: -3.8513 time: 4.8397s
INFO:root:Epoch: 0850 lr: 0.001 train_loss: 5645.6157 train_distortion: 0.5380 train_mapscore: 0.9997 train_c: -1.1022 train_max_dist: 41.5645 train_imax: 0.1405 train_imin: -3.2670 time: 3.6883s
INFO:root:Epoch: 0855 lr: 0.001 train_loss: 5570.0791 train_distortion: 0.5430 train_mapscore: 0.9998 train_c: -1.1023 train_max_dist: 41.6465 train_imax: -0.0000 train_imin: -2.8135 time: 4.0477s
INFO:root:Epoch: 0860 lr: 0.001 train_loss: 5500.8643 train_distortion: 0.5479 train_mapscore: 0.9998 train_c: -1.1025 train_max_dist: 41.7393 train_imax: 0.1665 train_imin: -2.7285 time: 3.9229s
INFO:root:Epoch: 0865 lr: 0.001 train_loss: 5497.0229 train_distortion: 0.5525 train_mapscore: 0.9996 train_c: -1.1026 train_max_dist: 41.7852 train_imax: 0.6611 train_imin: -2.7905 time: 4.5912s
INFO:root:Epoch: 0870 lr: 0.001 train_loss: 5449.1973 train_distortion: 0.5574 train_mapscore: 0.9998 train_c: -1.1028 train_max_dist: 41.9238 train_imax: 0.3508 train_imin: -3.7032 time: 3.4450s
INFO:root:Epoch: 0875 lr: 0.001 train_loss: 5347.0962 train_distortion: 0.5617 train_mapscore: 0.9996 train_c: -1.1029 train_max_dist: 41.9512 train_imax: 0.4174 train_imin: -2.4750 time: 4.0059s
INFO:root:Epoch: 0880 lr: 0.001 train_loss: 5304.1211 train_distortion: 0.5664 train_mapscore: 0.9999 train_c: -1.1031 train_max_dist: 42.0684 train_imax: -0.0000 train_imin: -2.6493 time: 4.7315s
INFO:root:Epoch: 0885 lr: 0.001 train_loss: 5334.1064 train_distortion: 0.5709 train_mapscore: 1.0000 train_c: -1.1032 train_max_dist: 42.1387 train_imax: -0.0000 train_imin: -2.7362 time: 4.6059s
INFO:root:Epoch: 0890 lr: 0.001 train_loss: 5276.3965 train_distortion: 0.5751 train_mapscore: 0.9998 train_c: -1.1034 train_max_dist: 42.2061 train_imax: 0.0256 train_imin: -3.2447 time: 3.3825s
INFO:root:Epoch: 0895 lr: 0.001 train_loss: 5266.3789 train_distortion: 0.5794 train_mapscore: 0.9999 train_c: -1.1035 train_max_dist: 42.2637 train_imax: -0.0000 train_imin: -3.3105 time: 3.8846s
INFO:root:Epoch: 0900 lr: 0.001 train_loss: 5148.8008 train_distortion: 0.5837 train_mapscore: 0.9999 train_c: -1.1036 train_max_dist: 42.3516 train_imax: -0.0000 train_imin: -2.8258 time: 4.4622s
INFO:root:Epoch: 0905 lr: 0.001 train_loss: 5169.4170 train_distortion: 0.5876 train_mapscore: 0.9999 train_c: -1.1038 train_max_dist: 42.3994 train_imax: -0.0000 train_imin: -3.0079 time: 4.6583s
INFO:root:Epoch: 0910 lr: 0.001 train_loss: 5072.1782 train_distortion: 0.5916 train_mapscore: 0.9997 train_c: -1.1039 train_max_dist: 42.4873 train_imax: 0.6915 train_imin: -2.6418 time: 3.8201s
INFO:root:Epoch: 0915 lr: 0.001 train_loss: 5033.6895 train_distortion: 0.5955 train_mapscore: 0.9998 train_c: -1.1040 train_max_dist: 42.5391 train_imax: -0.0000 train_imin: -2.5882 time: 3.8454s
INFO:root:Epoch: 0920 lr: 0.001 train_loss: 5032.2554 train_distortion: 0.5992 train_mapscore: 0.9999 train_c: -1.1042 train_max_dist: 42.6406 train_imax: -0.0000 train_imin: -3.0276 time: 3.8508s
INFO:root:Epoch: 0925 lr: 0.001 train_loss: 4972.0508 train_distortion: 0.6031 train_mapscore: 0.9998 train_c: -1.1043 train_max_dist: 42.6592 train_imax: 0.1406 train_imin: -2.4201 time: 4.6715s
INFO:root:Epoch: 0930 lr: 0.001 train_loss: 4948.8350 train_distortion: 0.6067 train_mapscore: 0.9997 train_c: -1.1044 train_max_dist: 42.7451 train_imax: -0.0000 train_imin: -2.9482 time: 4.7109s
INFO:root:Epoch: 0935 lr: 0.001 train_loss: 4937.7466 train_distortion: 0.6102 train_mapscore: 0.9997 train_c: -1.1046 train_max_dist: 42.8408 train_imax: -0.0000 train_imin: -2.5923 time: 3.9823s
INFO:root:Epoch: 0940 lr: 0.001 train_loss: 4892.5557 train_distortion: 0.6139 train_mapscore: 0.9997 train_c: -1.1047 train_max_dist: 42.8848 train_imax: -0.0000 train_imin: -2.4695 time: 3.6563s
INFO:root:Epoch: 0945 lr: 0.001 train_loss: 4933.2363 train_distortion: 0.6175 train_mapscore: 0.9999 train_c: -1.1048 train_max_dist: 42.9570 train_imax: 0.1520 train_imin: -2.7135 time: 4.6867s
INFO:root:Epoch: 0950 lr: 0.001 train_loss: 4894.0903 train_distortion: 0.6211 train_mapscore: 0.9996 train_c: -1.1049 train_max_dist: 43.0137 train_imax: 0.2628 train_imin: -2.9341 time: 4.6807s
INFO:root:Epoch: 0955 lr: 0.001 train_loss: 4843.2271 train_distortion: 0.6244 train_mapscore: 1.0000 train_c: -1.1050 train_max_dist: 43.0732 train_imax: 0.1570 train_imin: -2.2650 time: 4.8854s
INFO:root:Epoch: 0960 lr: 0.001 train_loss: 4833.2144 train_distortion: 0.6277 train_mapscore: 0.9999 train_c: -1.1052 train_max_dist: 43.1367 train_imax: 0.1404 train_imin: -3.3995 time: 4.8878s
INFO:root:Epoch: 0965 lr: 0.001 train_loss: 4784.8555 train_distortion: 0.6310 train_mapscore: 0.9997 train_c: -1.1053 train_max_dist: 43.1689 train_imax: 0.3680 train_imin: -3.2857 time: 4.7856s
INFO:root:Epoch: 0970 lr: 0.001 train_loss: 4721.0728 train_distortion: 0.6340 train_mapscore: 1.0000 train_c: -1.1054 train_max_dist: 43.2061 train_imax: -0.0000 train_imin: -2.6322 time: 4.7281s
INFO:root:Epoch: 0975 lr: 0.001 train_loss: 4662.6543 train_distortion: 0.6372 train_mapscore: 0.9998 train_c: -1.1055 train_max_dist: 43.2881 train_imax: 0.0672 train_imin: -2.9269 time: 4.7914s
INFO:root:Epoch: 0980 lr: 0.001 train_loss: 4702.6885 train_distortion: 0.6405 train_mapscore: 1.0000 train_c: -1.1056 train_max_dist: 43.3096 train_imax: 0.0694 train_imin: -2.3633 time: 4.7835s
INFO:root:Epoch: 0985 lr: 0.001 train_loss: 4673.2168 train_distortion: 0.6435 train_mapscore: 1.0000 train_c: -1.1057 train_max_dist: 43.3496 train_imax: 0.1220 train_imin: -2.9279 time: 4.7650s
INFO:root:Epoch: 0990 lr: 0.001 train_loss: 4656.9150 train_distortion: 0.6466 train_mapscore: 0.9999 train_c: -1.1058 train_max_dist: 43.3926 train_imax: 0.0408 train_imin: -3.7178 time: 4.8514s
INFO:root:Epoch: 0995 lr: 0.001 train_loss: 4548.5918 train_distortion: 0.6496 train_mapscore: 0.9999 train_c: -1.1059 train_max_dist: 43.4629 train_imax: -0.0000 train_imin: -2.6009 time: 4.2411s
INFO:root:Epoch: 1000 lr: 0.001 train_loss: 4572.6924 train_distortion: 0.6523 train_mapscore: 1.0000 train_c: -1.1060 train_max_dist: 43.5156 train_imax: 0.2000 train_imin: -2.3762 time: 3.8092s
INFO:root:Epoch: 1005 lr: 0.001 train_loss: 4529.7344 train_distortion: 0.6554 train_mapscore: 1.0000 train_c: -1.1062 train_max_dist: 43.5664 train_imax: -0.0000 train_imin: -3.1664 time: 3.3556s
INFO:root:Epoch: 1010 lr: 0.001 train_loss: 4569.6953 train_distortion: 0.6582 train_mapscore: 1.0000 train_c: -1.1063 train_max_dist: 43.5918 train_imax: -0.0000 train_imin: -2.2802 time: 4.1585s
INFO:root:Epoch: 1015 lr: 0.001 train_loss: 4494.7432 train_distortion: 0.6611 train_mapscore: 0.9999 train_c: -1.1064 train_max_dist: 43.6436 train_imax: -0.0000 train_imin: -3.0621 time: 4.7590s
INFO:root:Epoch: 1020 lr: 0.001 train_loss: 4492.6377 train_distortion: 0.6636 train_mapscore: 0.9999 train_c: -1.1065 train_max_dist: 43.6855 train_imax: -0.0000 train_imin: -2.2113 time: 4.8390s
INFO:root:Epoch: 1025 lr: 0.001 train_loss: 4446.8877 train_distortion: 0.6662 train_mapscore: 1.0000 train_c: -1.1066 train_max_dist: 43.7207 train_imax: -0.0000 train_imin: -2.3687 time: 4.6719s
INFO:root:Epoch: 1030 lr: 0.001 train_loss: 4397.1924 train_distortion: 0.6691 train_mapscore: 1.0000 train_c: -1.1067 train_max_dist: 43.7773 train_imax: -0.0000 train_imin: -2.9677 time: 4.4417s
INFO:root:Epoch: 1035 lr: 0.001 train_loss: 4412.0312 train_distortion: 0.6719 train_mapscore: 0.9999 train_c: -1.1068 train_max_dist: 43.7832 train_imax: -0.0000 train_imin: -2.4787 time: 4.4269s
INFO:root:Epoch: 1040 lr: 0.001 train_loss: 4374.8569 train_distortion: 0.6744 train_mapscore: 0.9998 train_c: -1.1069 train_max_dist: 43.8535 train_imax: -0.0000 train_imin: -2.2147 time: 3.7795s
INFO:root:Epoch: 1045 lr: 0.001 train_loss: 23129.7891 train_distortion: 0.6480 train_mapscore: 0.8263 train_c: -1.1070 train_max_dist: 43.3965 train_imax: 7.3659 train_imin: -18.1870 time: 3.3850s
INFO:root:Epoch: 1050 lr: 0.001 train_loss: 28667.8281 train_distortion: 0.6012 train_mapscore: 0.6835 train_c: -1.1072 train_max_dist: 42.5439 train_imax: 13.1814 train_imin: -27.2614 time: 4.2649s
INFO:root:Epoch: 1055 lr: 0.001 train_loss: 50808.7344 train_distortion: 0.5367 train_mapscore: 0.3652 train_c: -1.1075 train_max_dist: 41.6533 train_imax: 15.5281 train_imin: -27.2990 time: 4.8116s
INFO:root:Epoch: 1060 lr: 0.001 train_loss: 73827.2266 train_distortion: 0.4538 train_mapscore: 0.1579 train_c: -1.1078 train_max_dist: 40.0059 train_imax: 28.3254 train_imin: -22.6868 time: 3.7836s
INFO:root:Epoch: 1065 lr: 0.001 train_loss: 81309.5625 train_distortion: 0.4030 train_mapscore: 0.1130 train_c: -1.1077 train_max_dist: 38.4805 train_imax: 31.4119 train_imin: -20.4673 time: 4.6107s
INFO:root:Epoch: 1070 lr: 0.001 train_loss: 82194.1797 train_distortion: 0.3725 train_mapscore: 0.1077 train_c: -1.1074 train_max_dist: 37.2344 train_imax: 31.4940 train_imin: -21.0802 time: 4.3795s
INFO:root:Epoch: 1075 lr: 0.001 train_loss: 80543.9922 train_distortion: 0.3527 train_mapscore: 0.1156 train_c: -1.1070 train_max_dist: 36.2744 train_imax: 30.9237 train_imin: -20.9251 time: 3.8567s
INFO:root:Epoch: 1080 lr: 0.001 train_loss: 77974.7344 train_distortion: 0.3388 train_mapscore: 0.1335 train_c: -1.1065 train_max_dist: 35.6040 train_imax: 30.4501 train_imin: -20.6354 time: 3.9024s
INFO:root:Epoch: 1085 lr: 0.001 train_loss: 75373.0859 train_distortion: 0.3283 train_mapscore: 0.1503 train_c: -1.1061 train_max_dist: 35.1562 train_imax: 29.8065 train_imin: -20.2527 time: 4.0305s
INFO:root:Epoch: 1090 lr: 0.001 train_loss: 73134.6562 train_distortion: 0.3202 train_mapscore: 0.1664 train_c: -1.1057 train_max_dist: 34.8340 train_imax: 29.0852 train_imin: -23.0719 time: 3.8820s
INFO:root:Epoch: 1095 lr: 0.001 train_loss: 70916.8750 train_distortion: 0.3137 train_mapscore: 0.1895 train_c: -1.1054 train_max_dist: 34.5547 train_imax: 28.3585 train_imin: -28.6064 time: 3.8613s
INFO:root:Epoch: 1100 lr: 0.001 train_loss: 70862.4531 train_distortion: 0.3076 train_mapscore: 0.1621 train_c: -1.1051 train_max_dist: 34.2534 train_imax: 27.4545 train_imin: -30.8816 time: 3.8699s
INFO:root:Epoch: 1105 lr: 0.001 train_loss: 70979.6641 train_distortion: 0.3022 train_mapscore: 0.1580 train_c: -1.1048 train_max_dist: 33.9844 train_imax: 26.5581 train_imin: -31.7251 time: 3.9562s
INFO:root:Epoch: 1110 lr: 0.001 train_loss: 69596.3516 train_distortion: 0.2976 train_mapscore: 0.1724 train_c: -1.1045 train_max_dist: 33.7930 train_imax: 25.6739 train_imin: -32.2102 time: 4.0231s
INFO:root:Epoch: 1115 lr: 0.001 train_loss: 67588.8438 train_distortion: 0.2936 train_mapscore: 0.1963 train_c: -1.1042 train_max_dist: 33.6836 train_imax: 24.8189 train_imin: -32.3815 time: 4.3720s
INFO:root:Epoch: 1120 lr: 0.001 train_loss: 65507.2109 train_distortion: 0.2899 train_mapscore: 0.2228 train_c: -1.1040 train_max_dist: 33.6074 train_imax: 24.2371 train_imin: -32.3087 time: 4.9997s
INFO:root:Epoch: 1125 lr: 0.001 train_loss: 63672.6875 train_distortion: 0.2868 train_mapscore: 0.2496 train_c: -1.1038 train_max_dist: 33.5293 train_imax: 23.8905 train_imin: -32.3869 time: 3.7088s
INFO:root:Epoch: 1130 lr: 0.001 train_loss: 62420.5469 train_distortion: 0.2844 train_mapscore: 0.2549 train_c: -1.1037 train_max_dist: 33.4878 train_imax: 23.6184 train_imin: -32.3581 time: 4.8511s
INFO:root:Epoch: 1135 lr: 0.001 train_loss: 61630.7930 train_distortion: 0.2825 train_mapscore: 0.2569 train_c: -1.1036 train_max_dist: 48.0000 train_imax: 23.2049 train_imin: -32.2830 time: 3.4991s
INFO:root:Epoch: 1140 lr: 0.001 train_loss: 60288.5859 train_distortion: 0.2808 train_mapscore: 0.2944 train_c: -1.1035 train_max_dist: 33.3828 train_imax: 22.7687 train_imin: -32.1912 time: 5.0102s
INFO:root:Epoch: 1145 lr: 0.001 train_loss: 61174.7578 train_distortion: 0.2800 train_mapscore: 0.2341 train_c: -1.1035 train_max_dist: 33.2490 train_imax: 22.0658 train_imin: -31.6580 time: 3.7996s
INFO:root:Epoch: 1150 lr: 0.001 train_loss: 61285.4297 train_distortion: 0.2793 train_mapscore: 0.2341 train_c: -1.1034 train_max_dist: 40.0000 train_imax: 21.5225 train_imin: -31.3974 time: 5.0322s
INFO:root:Epoch: 1155 lr: 0.001 train_loss: 60251.5547 train_distortion: 0.2783 train_mapscore: 0.2586 train_c: -1.1033 train_max_dist: 33.1226 train_imax: 20.9961 train_imin: -31.2196 time: 4.3878s
INFO:root:Epoch: 1160 lr: 0.001 train_loss: 58819.0000 train_distortion: 0.2772 train_mapscore: 0.2891 train_c: -1.1033 train_max_dist: 33.0642 train_imax: 20.3967 train_imin: -31.1083 time: 4.1227s
INFO:root:Epoch: 1165 lr: 0.001 train_loss: 57380.7188 train_distortion: 0.2762 train_mapscore: 0.3268 train_c: -1.1033 train_max_dist: 33.0063 train_imax: 19.9322 train_imin: -31.0303 time: 5.0037s
INFO:root:Epoch: 1170 lr: 0.001 train_loss: 56063.7227 train_distortion: 0.2753 train_mapscore: 0.3646 train_c: -1.1034 train_max_dist: 32.9392 train_imax: 19.8345 train_imin: -30.9798 time: 3.7712s
INFO:root:Epoch: 1175 lr: 0.001 train_loss: 54895.7500 train_distortion: 0.2746 train_mapscore: 0.4023 train_c: -1.1034 train_max_dist: 32.8818 train_imax: 19.7078 train_imin: -30.9155 time: 4.8648s
INFO:root:Epoch: 1180 lr: 0.001 train_loss: 53879.4844 train_distortion: 0.2741 train_mapscore: 0.4393 train_c: -1.1035 train_max_dist: 32.8508 train_imax: 19.6589 train_imin: -30.8385 time: 3.5212s
INFO:root:Epoch: 1185 lr: 0.001 train_loss: 54076.3750 train_distortion: 0.2737 train_mapscore: 0.3634 train_c: -1.1036 train_max_dist: 32.8386 train_imax: 19.7246 train_imin: -30.7814 time: 4.7874s
INFO:root:Epoch: 1190 lr: 0.001 train_loss: 55481.6641 train_distortion: 0.2734 train_mapscore: 0.3020 train_c: -1.1037 train_max_dist: 32.8733 train_imax: 19.7584 train_imin: -30.7398 time: 3.4642s
INFO:root:Epoch: 1195 lr: 0.001 train_loss: 55034.9062 train_distortion: 0.2731 train_mapscore: 0.3188 train_c: -1.1038 train_max_dist: 32.8838 train_imax: 19.7317 train_imin: -30.8553 time: 4.7656s
INFO:root:Epoch: 1200 lr: 0.001 train_loss: 53866.9531 train_distortion: 0.2728 train_mapscore: 0.3532 train_c: -1.1039 train_max_dist: 32.9080 train_imax: 19.6319 train_imin: -30.9140 time: 3.4997s
INFO:root:Epoch: 1205 lr: 0.001 train_loss: 52587.4062 train_distortion: 0.2725 train_mapscore: 0.3945 train_c: -1.1040 train_max_dist: 32.9390 train_imax: 19.4981 train_imin: -30.9613 time: 4.9606s
INFO:root:Epoch: 1210 lr: 0.001 train_loss: 51557.7734 train_distortion: 0.2724 train_mapscore: 0.4294 train_c: -1.1041 train_max_dist: 32.9678 train_imax: 19.4165 train_imin: -31.0713 time: 3.7418s
INFO:root:Epoch: 1215 lr: 0.001 train_loss: 51712.2539 train_distortion: 0.2723 train_mapscore: 0.3840 train_c: -1.1043 train_max_dist: 33.0103 train_imax: 19.1522 train_imin: -30.8313 time: 4.8506s
INFO:root:Epoch: 1220 lr: 0.001 train_loss: 51603.7812 train_distortion: 0.2721 train_mapscore: 0.3839 train_c: -1.1044 train_max_dist: 33.0291 train_imax: 18.8879 train_imin: -30.6511 time: 4.2824s
INFO:root:Epoch: 1225 lr: 0.001 train_loss: 50732.3438 train_distortion: 0.2722 train_mapscore: 0.4199 train_c: -1.1046 train_max_dist: 33.0508 train_imax: 18.7417 train_imin: -30.7126 time: 4.2018s
INFO:root:Epoch: 1230 lr: 0.001 train_loss: 49733.5430 train_distortion: 0.2725 train_mapscore: 0.4610 train_c: -1.1048 train_max_dist: 33.0881 train_imax: 18.7019 train_imin: -30.7167 time: 5.0175s
INFO:root:Epoch: 1235 lr: 0.001 train_loss: 48918.8789 train_distortion: 0.2729 train_mapscore: 0.4902 train_c: -1.1049 train_max_dist: 33.1436 train_imax: 18.6019 train_imin: -30.7191 time: 4.8316s
INFO:root:Epoch: 1240 lr: 0.001 train_loss: 48132.7695 train_distortion: 0.2734 train_mapscore: 0.5287 train_c: -1.1051 train_max_dist: 33.1807 train_imax: 18.5021 train_imin: -30.7408 time: 4.6914s
INFO:root:Epoch: 1245 lr: 0.001 train_loss: 47434.2812 train_distortion: 0.2742 train_mapscore: 0.5699 train_c: -1.1053 train_max_dist: 33.2559 train_imax: 18.4656 train_imin: -30.7463 time: 3.5165s
INFO:root:Epoch: 1250 lr: 0.001 train_loss: 46779.8359 train_distortion: 0.2751 train_mapscore: 0.6032 train_c: -1.1055 train_max_dist: 33.3398 train_imax: 18.5227 train_imin: -30.8008 time: 4.9614s
INFO:root:Epoch: 1255 lr: 0.001 train_loss: 46181.1758 train_distortion: 0.2762 train_mapscore: 0.6316 train_c: -1.1057 train_max_dist: 33.4253 train_imax: 18.6009 train_imin: -30.8110 time: 4.9011s
INFO:root:Epoch: 1260 lr: 0.001 train_loss: 45650.4531 train_distortion: 0.2774 train_mapscore: 0.6527 train_c: -1.1059 train_max_dist: 33.5059 train_imax: 18.6858 train_imin: -30.9105 time: 4.2636s
INFO:root:Epoch: 1265 lr: 0.001 train_loss: 45186.7266 train_distortion: 0.2788 train_mapscore: 0.6733 train_c: -1.1062 train_max_dist: 33.5967 train_imax: 18.6903 train_imin: -30.9552 time: 3.4918s
INFO:root:Epoch: 1270 lr: 0.001 train_loss: 44803.1133 train_distortion: 0.2803 train_mapscore: 0.6813 train_c: -1.1064 train_max_dist: 33.6895 train_imax: 18.8150 train_imin: -31.0484 time: 4.8619s
INFO:root:Epoch: 1275 lr: 0.001 train_loss: 44685.3750 train_distortion: 0.2816 train_mapscore: 0.6563 train_c: -1.1067 train_max_dist: 33.7622 train_imax: 18.8509 train_imin: -31.0306 time: 4.3917s
INFO:root:Epoch: 1280 lr: 0.001 train_loss: 44272.5156 train_distortion: 0.2832 train_mapscore: 0.6743 train_c: -1.1069 train_max_dist: 33.8481 train_imax: 18.9479 train_imin: -31.1648 time: 3.4380s
INFO:root:Epoch: 1285 lr: 0.001 train_loss: 43814.2422 train_distortion: 0.2849 train_mapscore: 0.6961 train_c: -1.1072 train_max_dist: 33.9365 train_imax: 18.9718 train_imin: -31.3165 time: 4.8266s
INFO:root:Epoch: 1290 lr: 0.001 train_loss: 43351.9844 train_distortion: 0.2868 train_mapscore: 0.7164 train_c: -1.1074 train_max_dist: 34.0278 train_imax: 18.9922 train_imin: -31.4869 time: 4.4933s
INFO:root:Epoch: 1295 lr: 0.001 train_loss: 47280.3047 train_distortion: 0.2876 train_mapscore: 0.4295 train_c: -1.1078 train_max_dist: 33.8813 train_imax: 19.0255 train_imin: -31.8190 time: 3.4600s
INFO:root:Epoch: 1300 lr: 0.001 train_loss: 48599.1719 train_distortion: 0.2883 train_mapscore: 0.4063 train_c: -1.1081 train_max_dist: 33.8037 train_imax: 19.0181 train_imin: -32.1047 time: 4.8601s
INFO:root:Epoch: 1305 lr: 0.001 train_loss: 47984.2109 train_distortion: 0.2889 train_mapscore: 0.4314 train_c: -1.1083 train_max_dist: 48.0000 train_imax: 19.0614 train_imin: -32.2715 time: 3.9121s
INFO:root:Epoch: 1310 lr: 0.001 train_loss: 46938.6367 train_distortion: 0.2897 train_mapscore: 0.4717 train_c: -1.1086 train_max_dist: 33.8955 train_imax: 19.1840 train_imin: -32.5148 time: 4.4023s
INFO:root:Epoch: 1315 lr: 0.001 train_loss: 45817.6680 train_distortion: 0.2905 train_mapscore: 0.5187 train_c: -1.1088 train_max_dist: 34.0088 train_imax: 19.3202 train_imin: -32.7840 time: 4.8166s
INFO:root:Epoch: 1320 lr: 0.001 train_loss: 44841.2500 train_distortion: 0.2917 train_mapscore: 0.5599 train_c: -1.1091 train_max_dist: 34.1318 train_imax: 19.4376 train_imin: -32.9662 time: 3.8261s
INFO:root:Epoch: 1325 lr: 0.001 train_loss: 43916.1484 train_distortion: 0.2930 train_mapscore: 0.6081 train_c: -1.1093 train_max_dist: 34.2314 train_imax: 19.3533 train_imin: -33.1447 time: 4.7771s
INFO:root:Epoch: 1330 lr: 0.001 train_loss: 43211.5000 train_distortion: 0.2947 train_mapscore: 0.6334 train_c: -1.1096 train_max_dist: 34.3096 train_imax: 19.4984 train_imin: -33.2720 time: 4.6830s
INFO:root:Epoch: 1335 lr: 0.001 train_loss: 42562.1133 train_distortion: 0.2965 train_mapscore: 0.6636 train_c: -1.1099 train_max_dist: 34.3789 train_imax: 19.6220 train_imin: -33.3873 time: 3.7812s
INFO:root:Epoch: 1340 lr: 0.001 train_loss: 42013.6406 train_distortion: 0.2986 train_mapscore: 0.6853 train_c: -1.1101 train_max_dist: 34.4634 train_imax: 19.6850 train_imin: -33.5150 time: 3.4399s
INFO:root:Epoch: 1345 lr: 0.001 train_loss: 41451.8906 train_distortion: 0.3008 train_mapscore: 0.7173 train_c: -1.1104 train_max_dist: 34.5889 train_imax: 19.8616 train_imin: -33.7815 time: 4.6877s
INFO:root:Epoch: 1350 lr: 0.001 train_loss: 41274.9844 train_distortion: 0.3032 train_mapscore: 0.7045 train_c: -1.1107 train_max_dist: 34.7148 train_imax: 20.1102 train_imin: -33.9302 time: 4.7131s
INFO:root:Epoch: 1355 lr: 0.001 train_loss: 40812.0156 train_distortion: 0.3057 train_mapscore: 0.7295 train_c: -1.1110 train_max_dist: 34.8306 train_imax: 20.2114 train_imin: -34.0637 time: 3.7716s
INFO:root:Epoch: 1360 lr: 0.001 train_loss: 40353.1289 train_distortion: 0.3085 train_mapscore: 0.7534 train_c: -1.1113 train_max_dist: 34.9375 train_imax: 20.4186 train_imin: -34.1727 time: 4.5356s
INFO:root:Epoch: 1365 lr: 0.001 train_loss: 39917.3789 train_distortion: 0.3114 train_mapscore: 0.7609 train_c: -1.1116 train_max_dist: 35.0522 train_imax: 20.6340 train_imin: -34.3494 time: 4.7098s
INFO:root:Epoch: 1370 lr: 0.001 train_loss: 43428.7266 train_distortion: 0.3122 train_mapscore: 0.4840 train_c: -1.1120 train_max_dist: 35.2305 train_imax: 21.0534 train_imin: -34.5605 time: 3.8009s
INFO:root:Epoch: 1375 lr: 0.001 train_loss: 56414.2617 train_distortion: 0.3065 train_mapscore: 0.2289 train_c: -1.1129 train_max_dist: 35.2207 train_imax: 21.6187 train_imin: -34.4285 time: 4.9319s
INFO:root:Epoch: 1380 lr: 0.001 train_loss: 59631.8750 train_distortion: 0.3023 train_mapscore: 0.2046 train_c: -1.1133 train_max_dist: 35.0254 train_imax: 21.4216 train_imin: -34.0698 time: 3.8572s
INFO:root:Epoch: 1385 lr: 0.001 train_loss: 59122.9766 train_distortion: 0.2989 train_mapscore: 0.2158 train_c: -1.1135 train_max_dist: 34.8389 train_imax: 20.9707 train_imin: -33.4848 time: 4.8745s
INFO:root:Epoch: 1390 lr: 0.001 train_loss: 57545.0859 train_distortion: 0.2959 train_mapscore: 0.2380 train_c: -1.1136 train_max_dist: 34.6934 train_imax: 20.4716 train_imin: -32.8792 time: 3.8143s
INFO:root:Epoch: 1395 lr: 0.001 train_loss: 55734.4961 train_distortion: 0.2934 train_mapscore: 0.2719 train_c: -1.1137 train_max_dist: 34.5811 train_imax: 20.0211 train_imin: -32.2605 time: 4.9491s
INFO:root:Epoch: 1400 lr: 0.001 train_loss: 54272.0898 train_distortion: 0.2916 train_mapscore: 0.2988 train_c: -1.1138 train_max_dist: 34.5254 train_imax: 19.6711 train_imin: -31.7304 time: 3.4630s
INFO:root:Epoch: 1405 lr: 0.001 train_loss: 52697.6211 train_distortion: 0.2904 train_mapscore: 0.3346 train_c: -1.1139 train_max_dist: 34.4868 train_imax: 21.9482 train_imin: -31.6463 time: 4.8808s
INFO:root:Epoch: 1410 lr: 0.001 train_loss: 51161.8203 train_distortion: 0.2895 train_mapscore: 0.3772 train_c: -1.1140 train_max_dist: 34.4634 train_imax: 22.9554 train_imin: -31.6776 time: 3.8683s
INFO:root:Epoch: 1415 lr: 0.001 train_loss: 49972.1367 train_distortion: 0.2892 train_mapscore: 0.4191 train_c: -1.1142 train_max_dist: 34.4570 train_imax: 22.7100 train_imin: -31.6205 time: 4.4080s
INFO:root:Epoch: 1420 lr: 0.001 train_loss: 48745.9102 train_distortion: 0.2891 train_mapscore: 0.4632 train_c: -1.1143 train_max_dist: 34.4482 train_imax: 21.6013 train_imin: -31.4145 time: 4.2816s
INFO:root:Epoch: 1425 lr: 0.001 train_loss: 47726.5820 train_distortion: 0.2893 train_mapscore: 0.5032 train_c: -1.1145 train_max_dist: 34.4502 train_imax: 21.0341 train_imin: -31.1723 time: 4.0504s
INFO:root:Epoch: 1430 lr: 0.001 train_loss: 46827.2812 train_distortion: 0.2899 train_mapscore: 0.5350 train_c: -1.1146 train_max_dist: 34.4648 train_imax: 21.1474 train_imin: -31.0607 time: 4.5178s
INFO:root:Epoch: 1435 lr: 0.001 train_loss: 45985.0234 train_distortion: 0.2906 train_mapscore: 0.5703 train_c: -1.1148 train_max_dist: 34.5112 train_imax: 21.4405 train_imin: -31.0465 time: 4.7216s
INFO:root:Epoch: 1440 lr: 0.001 train_loss: 45278.9453 train_distortion: 0.2917 train_mapscore: 0.5903 train_c: -1.1150 train_max_dist: 34.5586 train_imax: 21.4619 train_imin: -31.0190 time: 4.1060s
INFO:root:Epoch: 1445 lr: 0.001 train_loss: 44634.3125 train_distortion: 0.2929 train_mapscore: 0.6132 train_c: -1.1152 train_max_dist: 34.6304 train_imax: 21.1118 train_imin: -30.9108 time: 4.4995s
INFO:root:Epoch: 1450 lr: 0.001 train_loss: 44011.6836 train_distortion: 0.2943 train_mapscore: 0.6400 train_c: -1.1154 train_max_dist: 34.6987 train_imax: 21.0034 train_imin: -30.8721 time: 3.4218s
INFO:root:Epoch: 1455 lr: 0.001 train_loss: 43488.0938 train_distortion: 0.2959 train_mapscore: 0.6559 train_c: -1.1156 train_max_dist: 34.7812 train_imax: 20.8049 train_imin: -30.8959 time: 4.7358s
INFO:root:Epoch: 1460 lr: 0.001 train_loss: 42950.4531 train_distortion: 0.2977 train_mapscore: 0.6747 train_c: -1.1159 train_max_dist: 34.8438 train_imax: 20.6842 train_imin: -30.8752 time: 3.4881s
INFO:root:Epoch: 1465 lr: 0.001 train_loss: 42481.7578 train_distortion: 0.2997 train_mapscore: 0.6911 train_c: -1.1161 train_max_dist: 34.9229 train_imax: 20.6268 train_imin: -30.8410 time: 4.8322s
INFO:root:Epoch: 1470 lr: 0.001 train_loss: 41953.7031 train_distortion: 0.3019 train_mapscore: 0.7123 train_c: -1.1163 train_max_dist: 35.0093 train_imax: 20.5805 train_imin: -30.8826 time: 3.7857s
INFO:root:Epoch: 1475 lr: 0.001 train_loss: 41473.0391 train_distortion: 0.3042 train_mapscore: 0.7288 train_c: -1.1165 train_max_dist: 35.1016 train_imax: 20.6045 train_imin: -30.9480 time: 4.8785s
INFO:root:Epoch: 1480 lr: 0.001 train_loss: 41039.6250 train_distortion: 0.3068 train_mapscore: 0.7396 train_c: -1.1168 train_max_dist: 35.1914 train_imax: 20.5787 train_imin: -31.0325 time: 3.7825s
INFO:root:Epoch: 1485 lr: 0.001 train_loss: 41697.1797 train_distortion: 0.3092 train_mapscore: 0.6322 train_c: -1.1170 train_max_dist: 35.2676 train_imax: 20.8940 train_imin: -31.0213 time: 4.8873s
INFO:root:Epoch: 1490 lr: 0.001 train_loss: 42502.5938 train_distortion: 0.3115 train_mapscore: 0.5725 train_c: -1.1173 train_max_dist: 35.3301 train_imax: 21.0956 train_imin: -31.0938 time: 3.7535s
INFO:root:Epoch: 1495 lr: 0.001 train_loss: 42132.7812 train_distortion: 0.3138 train_mapscore: 0.5936 train_c: -1.1175 train_max_dist: 35.3882 train_imax: 21.0942 train_imin: -31.2286 time: 4.8702s
INFO:root:Epoch: 1500 lr: 0.001 train_loss: 41461.6172 train_distortion: 0.3162 train_mapscore: 0.6325 train_c: -1.1178 train_max_dist: 35.4487 train_imax: 21.2126 train_imin: -31.4662 time: 3.7612s
INFO:root:Epoch: 1505 lr: 0.001 train_loss: 40741.5391 train_distortion: 0.3186 train_mapscore: 0.6673 train_c: -1.1180 train_max_dist: 35.5322 train_imax: 21.3495 train_imin: -31.6731 time: 4.9431s
INFO:root:Epoch: 1510 lr: 0.001 train_loss: 40129.6094 train_distortion: 0.3213 train_mapscore: 0.6949 train_c: -1.1183 train_max_dist: 35.6343 train_imax: 21.3349 train_imin: -31.7918 time: 3.8041s
INFO:root:Epoch: 1515 lr: 0.001 train_loss: 39505.1953 train_distortion: 0.3242 train_mapscore: 0.7253 train_c: -1.1185 train_max_dist: 35.7441 train_imax: 21.3751 train_imin: -31.9312 time: 4.6990s
INFO:root:Epoch: 1520 lr: 0.001 train_loss: 39249.5547 train_distortion: 0.3272 train_mapscore: 0.7178 train_c: -1.1188 train_max_dist: 35.8296 train_imax: 21.3120 train_imin: -31.9744 time: 4.1083s
INFO:root:Epoch: 1525 lr: 0.001 train_loss: 38735.0312 train_distortion: 0.3304 train_mapscore: 0.7431 train_c: -1.1190 train_max_dist: 35.9478 train_imax: 21.3323 train_imin: -32.1762 time: 4.7651s
INFO:root:Epoch: 1530 lr: 0.001 train_loss: 38195.6484 train_distortion: 0.3338 train_mapscore: 0.7676 train_c: -1.1193 train_max_dist: 36.0728 train_imax: 21.4054 train_imin: -32.2963 time: 4.5042s
INFO:root:Epoch: 1535 lr: 0.001 train_loss: 37719.1445 train_distortion: 0.3374 train_mapscore: 0.7882 train_c: -1.1196 train_max_dist: 36.2100 train_imax: 21.5668 train_imin: -32.5323 time: 3.3971s
INFO:root:Epoch: 1540 lr: 0.001 train_loss: 37262.5703 train_distortion: 0.3412 train_mapscore: 0.8014 train_c: -1.1198 train_max_dist: 36.3501 train_imax: 21.6810 train_imin: -32.7461 time: 4.7402s
INFO:root:Epoch: 1545 lr: 0.001 train_loss: 36835.2031 train_distortion: 0.3453 train_mapscore: 0.8174 train_c: -1.1201 train_max_dist: 36.4941 train_imax: 21.8347 train_imin: -32.9253 time: 3.4318s
INFO:root:Epoch: 1550 lr: 0.001 train_loss: 36955.0234 train_distortion: 0.3495 train_mapscore: 0.7820 train_c: -1.1204 train_max_dist: 36.6484 train_imax: 22.0803 train_imin: -33.2060 time: 4.9125s
INFO:root:Epoch: 1555 lr: 0.001 train_loss: 37704.5234 train_distortion: 0.3539 train_mapscore: 0.7138 train_c: -1.1206 train_max_dist: 36.8135 train_imax: 22.2314 train_imin: -33.5173 time: 3.4600s
INFO:root:Epoch: 1560 lr: 0.001 train_loss: 38280.3672 train_distortion: 0.3581 train_mapscore: 0.6692 train_c: -1.1209 train_max_dist: 36.9448 train_imax: 22.5989 train_imin: -33.7321 time: 4.7708s
INFO:root:Epoch: 1565 lr: 0.001 train_loss: 37647.2578 train_distortion: 0.3623 train_mapscore: 0.7059 train_c: -1.1212 train_max_dist: 37.0566 train_imax: 22.7733 train_imin: -34.1290 time: 3.4950s
INFO:root:Epoch: 1570 lr: 0.001 train_loss: 37313.3125 train_distortion: 0.3665 train_mapscore: 0.7200 train_c: -1.1215 train_max_dist: 37.1729 train_imax: 22.4963 train_imin: -34.3623 time: 4.7864s
INFO:root:Epoch: 1575 lr: 0.001 train_loss: 36783.7734 train_distortion: 0.3709 train_mapscore: 0.7481 train_c: -1.1218 train_max_dist: 37.2778 train_imax: 22.6564 train_imin: -34.6168 time: 4.4908s
INFO:root:Epoch: 1580 lr: 0.001 train_loss: 36147.6953 train_distortion: 0.3753 train_mapscore: 0.7798 train_c: -1.1220 train_max_dist: 37.4082 train_imax: 23.0972 train_imin: -34.8387 time: 4.7263s
INFO:root:Epoch: 1585 lr: 0.001 train_loss: 35542.0117 train_distortion: 0.3800 train_mapscore: 0.8086 train_c: -1.1223 train_max_dist: 37.5293 train_imax: 23.2635 train_imin: -35.1145 time: 4.7684s
INFO:root:Epoch: 1590 lr: 0.001 train_loss: 35044.3594 train_distortion: 0.3850 train_mapscore: 0.8255 train_c: -1.1226 train_max_dist: 37.6597 train_imax: 23.5380 train_imin: -35.5089 time: 3.8356s
INFO:root:Epoch: 1595 lr: 0.001 train_loss: 34567.6641 train_distortion: 0.3902 train_mapscore: 0.8389 train_c: -1.1229 train_max_dist: 37.7949 train_imax: 23.8409 train_imin: -35.9607 time: 4.8356s
INFO:root:Epoch: 1600 lr: 0.001 train_loss: 34134.8438 train_distortion: 0.3958 train_mapscore: 0.8526 train_c: -1.1231 train_max_dist: 37.9395 train_imax: 24.0445 train_imin: -36.2350 time: 3.7918s
INFO:root:Epoch: 1605 lr: 0.001 train_loss: 33876.1094 train_distortion: 0.4016 train_mapscore: 0.8501 train_c: -1.1234 train_max_dist: 38.0918 train_imax: 24.2587 train_imin: -36.5834 time: 4.7134s
INFO:root:Epoch: 1610 lr: 0.001 train_loss: 33546.3750 train_distortion: 0.4076 train_mapscore: 0.8558 train_c: -1.1237 train_max_dist: 96.0000 train_imax: 24.5382 train_imin: -36.9745 time: 4.5968s
INFO:root:Epoch: 1615 lr: 0.001 train_loss: 33206.1250 train_distortion: 0.4138 train_mapscore: 0.8623 train_c: -1.1240 train_max_dist: 38.3984 train_imax: 24.8581 train_imin: -37.3793 time: 4.3909s
INFO:root:Epoch: 1620 lr: 0.001 train_loss: 32836.0508 train_distortion: 0.4203 train_mapscore: 0.8695 train_c: -1.1243 train_max_dist: 38.5508 train_imax: 25.1289 train_imin: -37.8128 time: 4.0250s
INFO:root:Epoch: 1625 lr: 0.001 train_loss: 32574.7539 train_distortion: 0.4270 train_mapscore: 0.8699 train_c: -1.1246 train_max_dist: 38.7085 train_imax: 25.3333 train_imin: -38.2791 time: 4.6758s
INFO:root:Epoch: 1630 lr: 0.001 train_loss: 32807.6094 train_distortion: 0.4339 train_mapscore: 0.8450 train_c: -1.1249 train_max_dist: 38.8604 train_imax: 25.4528 train_imin: -38.6686 time: 4.1829s
INFO:root:Epoch: 1635 lr: 0.001 train_loss: 33131.9258 train_distortion: 0.4408 train_mapscore: 0.8151 train_c: -1.1252 train_max_dist: 39.0137 train_imax: 25.5769 train_imin: -39.2784 time: 4.7055s
INFO:root:Epoch: 1640 lr: 0.001 train_loss: 32686.2832 train_distortion: 0.4478 train_mapscore: 0.8321 train_c: -1.1255 train_max_dist: 39.1914 train_imax: 25.9276 train_imin: -39.8550 time: 4.3425s
INFO:root:Epoch: 1645 lr: 0.001 train_loss: 32180.9707 train_distortion: 0.4548 train_mapscore: 0.8488 train_c: -1.1258 train_max_dist: 39.3833 train_imax: 26.1049 train_imin: -40.6295 time: 4.6739s
INFO:root:Epoch: 1650 lr: 0.001 train_loss: 31667.5234 train_distortion: 0.4620 train_mapscore: 0.8624 train_c: -1.1260 train_max_dist: 39.5527 train_imax: 26.3805 train_imin: -41.2455 time: 3.7481s
INFO:root:Epoch: 1655 lr: 0.001 train_loss: 31206.8828 train_distortion: 0.4696 train_mapscore: 0.8746 train_c: -1.1263 train_max_dist: 39.7324 train_imax: 26.6837 train_imin: -41.7303 time: 4.8737s
INFO:root:Epoch: 1660 lr: 0.001 train_loss: 30850.9648 train_distortion: 0.4773 train_mapscore: 0.8782 train_c: -1.1266 train_max_dist: 39.9004 train_imax: 26.9723 train_imin: -42.2876 time: 3.7519s
INFO:root:Epoch: 1665 lr: 0.001 train_loss: 30486.8672 train_distortion: 0.4854 train_mapscore: 0.8849 train_c: -1.1269 train_max_dist: 40.0684 train_imax: 27.2859 train_imin: -42.9387 time: 4.9092s
INFO:root:Epoch: 1670 lr: 0.001 train_loss: 30242.0078 train_distortion: 0.4938 train_mapscore: 0.8854 train_c: -1.1272 train_max_dist: 40.2383 train_imax: 27.5981 train_imin: -43.4807 time: 4.7449s
INFO:root:Epoch: 1675 lr: 0.001 train_loss: 31131.0234 train_distortion: 0.5023 train_mapscore: 0.8316 train_c: -1.1275 train_max_dist: 48.0000 train_imax: 28.1015 train_imin: -44.1013 time: 4.4862s
INFO:root:Epoch: 1680 lr: 0.001 train_loss: 31347.9336 train_distortion: 0.5106 train_mapscore: 0.8102 train_c: -1.1277 train_max_dist: 40.6172 train_imax: 28.5762 train_imin: -44.5447 time: 3.4042s
INFO:root:Epoch: 1685 lr: 0.001 train_loss: 30759.3359 train_distortion: 0.5189 train_mapscore: 0.8279 train_c: -1.1280 train_max_dist: 40.7451 train_imax: 28.9011 train_imin: -45.1244 time: 4.8399s
INFO:root:Epoch: 1690 lr: 0.001 train_loss: 30483.5000 train_distortion: 0.5271 train_mapscore: 0.8345 train_c: -1.1283 train_max_dist: 64.0000 train_imax: 29.2087 train_imin: -45.9344 time: 3.4007s
INFO:root:Epoch: 1695 lr: 0.001 train_loss: 30016.8203 train_distortion: 0.5355 train_mapscore: 0.8457 train_c: -1.1285 train_max_dist: 41.0430 train_imax: 29.5024 train_imin: -46.5140 time: 4.1224s
INFO:root:Epoch: 1700 lr: 0.001 train_loss: 29610.4258 train_distortion: 0.5441 train_mapscore: 0.8598 train_c: -1.1288 train_max_dist: 41.2275 train_imax: 29.7554 train_imin: -47.0173 time: 3.6591s
INFO:root:Epoch: 1705 lr: 0.001 train_loss: 29183.7031 train_distortion: 0.5530 train_mapscore: 0.8692 train_c: -1.1291 train_max_dist: 41.3809 train_imax: 30.0699 train_imin: -47.4451 time: 3.8543s
INFO:root:Epoch: 1710 lr: 0.001 train_loss: 29419.9883 train_distortion: 0.5624 train_mapscore: 0.8558 train_c: -1.1293 train_max_dist: 41.5391 train_imax: 30.5909 train_imin: -47.7423 time: 4.4434s
INFO:root:Epoch: 1715 lr: 0.001 train_loss: 30835.0137 train_distortion: 0.5720 train_mapscore: 0.7937 train_c: -1.1296 train_max_dist: 41.6992 train_imax: 31.1176 train_imin: -48.3694 time: 3.9083s
INFO:root:Epoch: 1720 lr: 0.001 train_loss: 30107.1699 train_distortion: 0.5814 train_mapscore: 0.8212 train_c: -1.1298 train_max_dist: 41.8486 train_imax: 31.6726 train_imin: -49.0100 time: 4.5666s
INFO:root:Epoch: 1725 lr: 0.001 train_loss: 29309.3750 train_distortion: 0.5906 train_mapscore: 0.8491 train_c: -1.1301 train_max_dist: 41.9980 train_imax: 32.1163 train_imin: -49.4303 time: 4.8044s
INFO:root:Epoch: 1730 lr: 0.001 train_loss: 28598.3672 train_distortion: 0.6000 train_mapscore: 0.8722 train_c: -1.1303 train_max_dist: 42.1543 train_imax: 32.4999 train_imin: -50.0921 time: 4.7562s
INFO:root:Epoch: 1735 lr: 0.001 train_loss: 27998.3047 train_distortion: 0.6099 train_mapscore: 0.8868 train_c: -1.1306 train_max_dist: 42.3262 train_imax: 32.8485 train_imin: -50.8380 time: 4.3848s
INFO:root:Epoch: 1740 lr: 0.001 train_loss: 27460.6074 train_distortion: 0.6203 train_mapscore: 0.8953 train_c: -1.1308 train_max_dist: 42.5137 train_imax: 33.3858 train_imin: -51.6004 time: 3.8416s
INFO:root:Epoch: 1745 lr: 0.001 train_loss: 27004.8359 train_distortion: 0.6311 train_mapscore: 0.9038 train_c: -1.1311 train_max_dist: 42.6943 train_imax: 34.0084 train_imin: -52.3301 time: 3.2125s
INFO:root:Epoch: 1750 lr: 0.001 train_loss: 26803.0664 train_distortion: 0.6423 train_mapscore: 0.9009 train_c: -1.1313 train_max_dist: 42.9062 train_imax: 34.2711 train_imin: -52.9547 time: 4.2890s
INFO:root:Epoch: 1755 lr: 0.001 train_loss: 26449.4590 train_distortion: 0.6540 train_mapscore: 0.9067 train_c: -1.1316 train_max_dist: 43.1133 train_imax: 34.6942 train_imin: -53.6757 time: 4.7193s
INFO:root:Epoch: 1760 lr: 0.001 train_loss: 26399.2324 train_distortion: 0.6657 train_mapscore: 0.9025 train_c: -1.1318 train_max_dist: 43.2988 train_imax: 35.2113 train_imin: -54.2279 time: 3.7177s
INFO:root:Epoch: 1765 lr: 0.001 train_loss: 29446.3320 train_distortion: 0.6774 train_mapscore: 0.7852 train_c: -1.1321 train_max_dist: 64.0000 train_imax: 35.6567 train_imin: -54.9991 time: 3.7091s
INFO:root:Epoch: 1770 lr: 0.001 train_loss: 30344.7734 train_distortion: 0.6882 train_mapscore: 0.7531 train_c: -1.1323 train_max_dist: 43.7646 train_imax: 36.7221 train_imin: -55.8265 time: 3.4896s
INFO:root:Epoch: 1775 lr: 0.001 train_loss: 29734.1133 train_distortion: 0.6975 train_mapscore: 0.7685 train_c: -1.1325 train_max_dist: 43.9307 train_imax: 37.0415 train_imin: -56.0443 time: 3.4516s
INFO:root:Epoch: 1780 lr: 0.001 train_loss: 28987.7676 train_distortion: 0.7066 train_mapscore: 0.7951 train_c: -1.1328 train_max_dist: 44.0693 train_imax: 37.4881 train_imin: -56.0445 time: 3.3868s
INFO:root:Epoch: 1785 lr: 0.001 train_loss: 28098.6074 train_distortion: 0.7160 train_mapscore: 0.8225 train_c: -1.1330 train_max_dist: 64.0000 train_imax: 37.7756 train_imin: -56.2531 time: 3.4636s
INFO:root:Epoch: 1790 lr: 0.001 train_loss: 28955.7969 train_distortion: 0.7262 train_mapscore: 0.7922 train_c: -1.1332 train_max_dist: 44.3730 train_imax: 38.2762 train_imin: -56.4268 time: 3.6452s
INFO:root:Epoch: 1795 lr: 0.001 train_loss: 28104.9258 train_distortion: 0.7361 train_mapscore: 0.8271 train_c: -1.1334 train_max_dist: 44.5371 train_imax: 38.3573 train_imin: -56.9961 time: 4.8224s
INFO:root:Epoch: 1800 lr: 0.001 train_loss: 27045.7852 train_distortion: 0.7462 train_mapscore: 0.8580 train_c: -1.1336 train_max_dist: 44.6797 train_imax: 39.0798 train_imin: -57.5039 time: 3.7631s
INFO:root:Epoch: 1805 lr: 0.001 train_loss: 26188.1172 train_distortion: 0.7571 train_mapscore: 0.8797 train_c: -1.1338 train_max_dist: 44.8340 train_imax: 39.7614 train_imin: -58.1526 time: 4.2221s
INFO:root:Epoch: 1810 lr: 0.001 train_loss: 25446.9863 train_distortion: 0.7686 train_mapscore: 0.8969 train_c: -1.1340 train_max_dist: 100.0000 train_imax: 40.6053 train_imin: -58.8702 time: 3.8756s
INFO:root:Epoch: 1815 lr: 0.001 train_loss: 28235.8340 train_distortion: 0.7801 train_mapscore: 0.8007 train_c: -1.1342 train_max_dist: 45.1406 train_imax: 41.0757 train_imin: -59.2531 time: 3.4067s
INFO:root:Epoch: 1820 lr: 0.001 train_loss: 27731.6289 train_distortion: 0.7914 train_mapscore: 0.8126 train_c: -1.1344 train_max_dist: 100.0000 train_imax: 41.5556 train_imin: -60.1946 time: 4.8117s
INFO:root:Epoch: 1825 lr: 0.001 train_loss: 26707.8555 train_distortion: 0.8024 train_mapscore: 0.8478 train_c: -1.1346 train_max_dist: 45.4082 train_imax: 41.7999 train_imin: -60.8892 time: 4.6599s
INFO:root:Epoch: 1830 lr: 0.001 train_loss: 25824.2305 train_distortion: 0.8138 train_mapscore: 0.8679 train_c: -1.1348 train_max_dist: 45.5664 train_imax: 42.0975 train_imin: -61.0558 time: 3.7815s
INFO:root:Epoch: 1835 lr: 0.001 train_loss: 24996.5801 train_distortion: 0.8258 train_mapscore: 0.8918 train_c: -1.1350 train_max_dist: 45.7383 train_imax: 42.4163 train_imin: -61.6119 time: 4.8540s
INFO:root:Epoch: 1840 lr: 0.001 train_loss: 24406.2910 train_distortion: 0.8384 train_mapscore: 0.9027 train_c: -1.1352 train_max_dist: 45.9180 train_imax: 42.8678 train_imin: -62.3466 time: 3.7940s
INFO:root:Epoch: 1845 lr: 0.001 train_loss: 23855.7754 train_distortion: 0.8516 train_mapscore: 0.9070 train_c: -1.1355 train_max_dist: 46.1006 train_imax: 43.2057 train_imin: -62.7634 time: 4.9686s
INFO:root:Epoch: 1850 lr: 0.001 train_loss: 23474.4219 train_distortion: 0.8655 train_mapscore: 0.9124 train_c: -1.1357 train_max_dist: 46.2695 train_imax: 43.8601 train_imin: -63.4165 time: 3.4894s
INFO:root:Epoch: 1855 lr: 0.001 train_loss: 22970.5781 train_distortion: 0.8798 train_mapscore: 0.9211 train_c: -1.1359 train_max_dist: 46.4727 train_imax: 44.3309 train_imin: -64.1630 time: 4.4436s
INFO:root:Epoch: 1860 lr: 0.001 train_loss: 22868.2773 train_distortion: 0.8951 train_mapscore: 0.9192 train_c: -1.1361 train_max_dist: 46.6641 train_imax: 45.0028 train_imin: -64.7534 time: 4.8303s
INFO:root:Epoch: 1865 lr: 0.001 train_loss: 23138.0234 train_distortion: 0.9103 train_mapscore: 0.9132 train_c: -1.1364 train_max_dist: 46.8242 train_imax: 45.9358 train_imin: -65.8154 time: 3.7573s
INFO:root:Epoch: 1870 lr: 0.001 train_loss: 28880.9062 train_distortion: 0.9244 train_mapscore: 0.7462 train_c: -1.1366 train_max_dist: 46.9551 train_imax: 47.2647 train_imin: -66.0342 time: 4.6883s
INFO:root:Epoch: 1875 lr: 0.001 train_loss: 31935.2422 train_distortion: 0.9352 train_mapscore: 0.6684 train_c: -1.1368 train_max_dist: 48.0000 train_imax: 47.5078 train_imin: -66.3233 time: 4.4635s
INFO:root:Epoch: 1880 lr: 0.001 train_loss: 32146.9688 train_distortion: 0.9428 train_mapscore: 0.6642 train_c: -1.1370 train_max_dist: 47.0684 train_imax: 47.6283 train_imin: -66.1833 time: 4.1969s
INFO:root:Epoch: 1885 lr: 0.001 train_loss: 31566.3633 train_distortion: 0.9487 train_mapscore: 0.6869 train_c: -1.1371 train_max_dist: 47.1992 train_imax: 47.6761 train_imin: -65.7076 time: 4.9168s
INFO:root:Epoch: 1890 lr: 0.001 train_loss: 30152.7910 train_distortion: 0.9547 train_mapscore: 0.7350 train_c: -1.1373 train_max_dist: 47.2500 train_imax: 48.0985 train_imin: -65.9810 time: 3.7746s
INFO:root:Epoch: 1895 lr: 0.001 train_loss: 29985.6504 train_distortion: 0.9615 train_mapscore: 0.7249 train_c: -1.1374 train_max_dist: 48.0000 train_imax: 48.3931 train_imin: -66.5992 time: 4.9171s
INFO:root:Epoch: 1900 lr: 0.001 train_loss: 29409.9434 train_distortion: 0.9687 train_mapscore: 0.7395 train_c: -1.1375 train_max_dist: 47.4473 train_imax: 48.5599 train_imin: -66.0153 time: 3.8271s
INFO:root:Epoch: 1905 lr: 0.001 train_loss: 27736.0332 train_distortion: 0.9763 train_mapscore: 0.7902 train_c: -1.1377 train_max_dist: 47.5703 train_imax: 49.1332 train_imin: -66.1332 time: 4.8430s
INFO:root:Epoch: 1910 lr: 0.001 train_loss: 26120.0078 train_distortion: 0.9852 train_mapscore: 0.8385 train_c: -1.1378 train_max_dist: 47.6562 train_imax: 49.6647 train_imin: -66.2747 time: 3.7882s
INFO:root:Epoch: 1915 lr: 0.001 train_loss: 32124.7734 train_distortion: 0.9957 train_mapscore: 0.6508 train_c: -1.1380 train_max_dist: 48.0000 train_imax: 51.0980 train_imin: -67.1732 time: 4.8871s
INFO:root:Epoch: 1920 lr: 0.001 train_loss: 35713.6758 train_distortion: 1.0043 train_mapscore: 0.5813 train_c: -1.1382 train_max_dist: 47.8477 train_imax: 52.3269 train_imin: -67.6003 time: 4.1143s
INFO:root:Epoch: 1925 lr: 0.001 train_loss: 34895.4219 train_distortion: 1.0081 train_mapscore: 0.5989 train_c: -1.1382 train_max_dist: 47.9297 train_imax: 52.7014 train_imin: -69.0646 time: 3.8275s
INFO:root:Epoch: 1930 lr: 0.001 train_loss: 32345.1289 train_distortion: 1.0107 train_mapscore: 0.6705 train_c: -1.1383 train_max_dist: 47.9258 train_imax: 53.0528 train_imin: -69.6924 time: 3.4241s
INFO:root:Epoch: 1935 lr: 0.001 train_loss: 30595.6758 train_distortion: 1.0137 train_mapscore: 0.7169 train_c: -1.1385 train_max_dist: 47.9551 train_imax: 53.1890 train_imin: -69.0099 time: 4.5499s
INFO:root:Epoch: 1940 lr: 0.001 train_loss: 28542.7695 train_distortion: 1.0189 train_mapscore: 0.7766 train_c: -1.1386 train_max_dist: 48.0195 train_imax: 52.3564 train_imin: -69.3202 time: 4.7412s
INFO:root:Epoch: 1945 lr: 0.001 train_loss: 26948.5859 train_distortion: 1.0259 train_mapscore: 0.8240 train_c: -1.1388 train_max_dist: 48.1094 train_imax: 52.1376 train_imin: -69.8400 time: 4.7717s
INFO:root:Epoch: 1950 lr: 0.001 train_loss: 25924.9121 train_distortion: 1.0351 train_mapscore: 0.8431 train_c: -1.1389 train_max_dist: 48.2246 train_imax: 52.7744 train_imin: -70.6381 time: 3.8434s
INFO:root:Epoch: 1955 lr: 0.001 train_loss: 40227.9414 train_distortion: 1.0429 train_mapscore: 0.4974 train_c: -1.1391 train_max_dist: 48.2441 train_imax: 53.4446 train_imin: -71.0928 time: 4.0422s
INFO:root:Epoch: 1960 lr: 0.001 train_loss: 41082.5664 train_distortion: 1.0442 train_mapscore: 0.4777 train_c: -1.1392 train_max_dist: 48.1484 train_imax: 53.5001 train_imin: -70.6785 time: 4.8864s
INFO:root:Epoch: 1965 lr: 0.001 train_loss: 39076.3828 train_distortion: 1.0401 train_mapscore: 0.5158 train_c: -1.1392 train_max_dist: 48.0234 train_imax: 52.6508 train_imin: -69.9846 time: 3.8250s
INFO:root:Epoch: 1970 lr: 0.001 train_loss: 36286.1094 train_distortion: 1.0357 train_mapscore: 0.5797 train_c: -1.1392 train_max_dist: 47.9980 train_imax: 53.2075 train_imin: -69.5626 time: 4.1233s
INFO:root:Epoch: 1975 lr: 0.001 train_loss: 33338.3203 train_distortion: 1.0333 train_mapscore: 0.6630 train_c: -1.1393 train_max_dist: 64.0000 train_imax: 53.1526 train_imin: -69.1567 time: 4.7216s
INFO:root:Epoch: 1980 lr: 0.001 train_loss: 30951.5703 train_distortion: 1.0338 train_mapscore: 0.7208 train_c: -1.1394 train_max_dist: 48.0703 train_imax: 52.7999 train_imin: -68.1319 time: 3.8057s
INFO:root:Epoch: 1985 lr: 0.001 train_loss: 29810.8789 train_distortion: 1.0368 train_mapscore: 0.7407 train_c: -1.1396 train_max_dist: 64.0000 train_imax: 52.5320 train_imin: -65.8214 time: 3.9232s
INFO:root:Epoch: 1990 lr: 0.001 train_loss: 28623.4570 train_distortion: 1.0422 train_mapscore: 0.7772 train_c: -1.1397 train_max_dist: 48.1836 train_imax: 53.1778 train_imin: -65.8486 time: 4.8347s
INFO:root:Epoch: 1995 lr: 0.001 train_loss: 27986.5820 train_distortion: 1.0492 train_mapscore: 0.7949 train_c: -1.1399 train_max_dist: 48.1797 train_imax: 54.3318 train_imin: -66.1770 time: 4.2025s
INFO:root:Epoch: 2000 lr: 0.00025 train_loss: 26961.5137 train_distortion: 1.0578 train_mapscore: 0.8189 train_c: -1.1400 train_max_dist: 64.0000 train_imax: 54.6550 train_imin: -75.0565 time: 3.3902s
INFO:root:Optimization Finished!
INFO:root:Total time elapsed: 9458.2390s
INFO:root:Val set results: val_distortion: 1.0000 val_mapscore: -1.0000 val_c: -1.0000 val_max_dist: 0.0000
INFO:root:Test set results: test_loss: 27285.7305 test_distortion: 1.0597 test_mapscore: 0.8051 test_c: -1.1401 test_max_dist: 48.2559 test_imax: 54.7375 test_imin: -76.5134
INFO:root:Saved model in /workspace/xiongbo/hgcn/logs/md/2021_5_1/13
