INFO:root:Using: cuda:0
INFO:root:Using seed 1234.
INFO:root:MDModel(
  (encoder): HGCN(
    (layers): Sequential(
      (0): HyperbolicGraphConvolution(
        (linear): HypLinear(
          in_features=4942, out_features=10, c=Parameter containing:
          tensor([-1.], requires_grad=True)
        )
        (agg): HypAgg(
          c=Parameter containing:
          tensor([-1.], requires_grad=True)
        )
        (hyp_act): HypAct(
          c_in=Parameter containing:
          tensor([-1.], requires_grad=True), c_out=Parameter containing:
          tensor([-1.], requires_grad=True)
        )
      )
    )
  )
  (decoder): MDDecoder()
)
INFO:root:Total number of parameters: 49432
/workspace/anaconda3/envs/geo/lib/python3.7/site-packages/torch/optim/lr_scheduler.py:370: UserWarning: To get the last learning rate computed by the scheduler, please use `get_last_lr()`.
  "please use `get_last_lr()`.", UserWarning)
INFO:root:Epoch: 0005 lr: 0.01 train_loss: 103429.3672 train_distortion: 0.8836 train_mapscore: 0.1779 train_c: -1.0004 train_max_dist: 2.7741 train_imax: -0.0000 train_imin: -0.9972 time: 3.3209s
INFO:root:Epoch: 0010 lr: 0.01 train_loss: 101194.7500 train_distortion: 0.8719 train_mapscore: 0.2774 train_c: -1.0009 train_max_dist: 3.1336 train_imax: -0.0000 train_imin: -0.9979 time: 3.1336s
INFO:root:Epoch: 0015 lr: 0.01 train_loss: 100147.9531 train_distortion: 0.8663 train_mapscore: 0.3139 train_c: -1.0014 train_max_dist: 3.2424 train_imax: -0.0000 train_imin: -0.9994 time: 3.0861s
INFO:root:Epoch: 0020 lr: 0.01 train_loss: 99447.7500 train_distortion: 0.8621 train_mapscore: 0.3228 train_c: -1.0019 train_max_dist: 3.2750 train_imax: -0.0000 train_imin: -1.0009 time: 3.0581s
INFO:root:Epoch: 0025 lr: 0.01 train_loss: 98942.4766 train_distortion: 0.8588 train_mapscore: 0.3163 train_c: -1.0025 train_max_dist: 3.1884 train_imax: -0.0000 train_imin: -1.0013 time: 3.0381s
INFO:root:Epoch: 0030 lr: 0.01 train_loss: 98555.0156 train_distortion: 0.8563 train_mapscore: 0.3034 train_c: -1.0030 train_max_dist: 3.1418 train_imax: -0.0000 train_imin: -1.0018 time: 3.0348s
INFO:root:Epoch: 0035 lr: 0.01 train_loss: 98241.8516 train_distortion: 0.8542 train_mapscore: 0.2969 train_c: -1.0036 train_max_dist: 3.0938 train_imax: -0.0000 train_imin: -1.0026 time: 3.0433s
INFO:root:Epoch: 0040 lr: 0.01 train_loss: 97980.4688 train_distortion: 0.8524 train_mapscore: 0.2883 train_c: -1.0041 train_max_dist: 3.0913 train_imax: -0.0000 train_imin: -1.0034 time: 3.0334s
INFO:root:Epoch: 0045 lr: 0.01 train_loss: 97757.7031 train_distortion: 0.8509 train_mapscore: 0.2779 train_c: -1.0047 train_max_dist: 3.0416 train_imax: -0.0000 train_imin: -1.0043 time: 3.0443s
INFO:root:Epoch: 0050 lr: 0.01 train_loss: 97563.9141 train_distortion: 0.8496 train_mapscore: 0.2692 train_c: -1.0052 train_max_dist: 3.0326 train_imax: -0.0000 train_imin: -1.0047 time: 3.0347s
INFO:root:Epoch: 0055 lr: 0.01 train_loss: 97393.1562 train_distortion: 0.8484 train_mapscore: 0.2611 train_c: -1.0058 train_max_dist: 3.0462 train_imax: -0.0000 train_imin: -1.0053 time: 3.0327s
INFO:root:Epoch: 0060 lr: 0.01 train_loss: 97238.8438 train_distortion: 0.8473 train_mapscore: 0.2525 train_c: -1.0063 train_max_dist: 3.0602 train_imax: -0.0000 train_imin: -1.0060 time: 3.0432s
INFO:root:Epoch: 0065 lr: 0.01 train_loss: 97099.7500 train_distortion: 0.8464 train_mapscore: 0.2433 train_c: -1.0069 train_max_dist: 3.0780 train_imax: -0.0000 train_imin: -1.0067 time: 3.0374s
INFO:root:Epoch: 0070 lr: 0.01 train_loss: 96973.7656 train_distortion: 0.8455 train_mapscore: 0.2331 train_c: -1.0074 train_max_dist: 3.0933 train_imax: -0.0000 train_imin: -1.0070 time: 3.0415s
INFO:root:Epoch: 0075 lr: 0.01 train_loss: 96859.9922 train_distortion: 0.8447 train_mapscore: 0.2256 train_c: -1.0079 train_max_dist: 3.1044 train_imax: -0.0000 train_imin: -1.0077 time: 3.0515s
INFO:root:Epoch: 0080 lr: 0.01 train_loss: 96755.9297 train_distortion: 0.8440 train_mapscore: 0.2161 train_c: -1.0085 train_max_dist: 3.1078 train_imax: -0.0000 train_imin: -1.0083 time: 3.0625s
INFO:root:Epoch: 0085 lr: 0.01 train_loss: 96662.8594 train_distortion: 0.8433 train_mapscore: 0.2108 train_c: -1.0090 train_max_dist: 3.1082 train_imax: -0.0000 train_imin: -1.0089 time: 3.0636s
INFO:root:Epoch: 0090 lr: 0.01 train_loss: 96578.2812 train_distortion: 0.8428 train_mapscore: 0.2047 train_c: -1.0096 train_max_dist: 3.0973 train_imax: -0.0000 train_imin: -1.0095 time: 3.0600s
INFO:root:Epoch: 0095 lr: 0.01 train_loss: 96501.3047 train_distortion: 0.8423 train_mapscore: 0.1991 train_c: -1.0101 train_max_dist: 3.0949 train_imax: -0.0000 train_imin: -1.0100 time: 3.0719s
INFO:root:Epoch: 0100 lr: 0.01 train_loss: 96430.5859 train_distortion: 0.8418 train_mapscore: 0.1924 train_c: -1.0107 train_max_dist: 3.0822 train_imax: -0.0000 train_imin: -1.0106 time: 3.0758s
INFO:root:Epoch: 0105 lr: 0.01 train_loss: 96365.4219 train_distortion: 0.8414 train_mapscore: 0.1879 train_c: -1.0112 train_max_dist: 3.0805 train_imax: -0.0000 train_imin: -1.0111 time: 3.0697s
INFO:root:Epoch: 0110 lr: 0.01 train_loss: 96304.9375 train_distortion: 0.8410 train_mapscore: 0.1838 train_c: -1.0117 train_max_dist: 3.0858 train_imax: -0.0000 train_imin: -1.0117 time: 3.0691s
INFO:root:Epoch: 0115 lr: 0.01 train_loss: 96251.2031 train_distortion: 0.8406 train_mapscore: 0.1794 train_c: -1.0123 train_max_dist: 3.0901 train_imax: -0.0000 train_imin: -1.0122 time: 3.0793s
INFO:root:Epoch: 0120 lr: 0.01 train_loss: 96199.1875 train_distortion: 0.8403 train_mapscore: 0.1760 train_c: -1.0128 train_max_dist: 3.0969 train_imax: -0.0000 train_imin: -1.0127 time: 3.0873s
INFO:root:Epoch: 0125 lr: 0.01 train_loss: 96151.1094 train_distortion: 0.8400 train_mapscore: 0.1696 train_c: -1.0133 train_max_dist: 3.1011 train_imax: -0.0000 train_imin: -1.0132 time: 3.0760s
INFO:root:Epoch: 0130 lr: 0.01 train_loss: 96107.4688 train_distortion: 0.8397 train_mapscore: 0.1654 train_c: -1.0139 train_max_dist: 3.0931 train_imax: -0.0000 train_imin: -1.0138 time: 3.0871s
INFO:root:Epoch: 0135 lr: 0.01 train_loss: 96066.5000 train_distortion: 0.8394 train_mapscore: 0.1648 train_c: -1.0144 train_max_dist: 3.0882 train_imax: -0.0000 train_imin: -1.0143 time: 3.1074s
INFO:root:Epoch: 0140 lr: 0.01 train_loss: 96029.3438 train_distortion: 0.8392 train_mapscore: 0.1619 train_c: -1.0149 train_max_dist: 3.0714 train_imax: -0.0000 train_imin: -1.0148 time: 3.0864s
INFO:root:Epoch: 0145 lr: 0.01 train_loss: 95992.9844 train_distortion: 0.8389 train_mapscore: 0.1606 train_c: -1.0154 train_max_dist: 3.0559 train_imax: -0.0000 train_imin: -1.0154 time: 3.0876s
INFO:root:Epoch: 0150 lr: 0.01 train_loss: 95957.7969 train_distortion: 0.8387 train_mapscore: 0.1603 train_c: -1.0160 train_max_dist: 3.0504 train_imax: -0.0000 train_imin: -1.0159 time: 3.0893s
INFO:root:Epoch: 0155 lr: 0.01 train_loss: 95925.8594 train_distortion: 0.8385 train_mapscore: 0.1597 train_c: -1.0165 train_max_dist: 3.0444 train_imax: -0.0000 train_imin: -1.0164 time: 3.0920s
INFO:root:Epoch: 0160 lr: 0.01 train_loss: 95893.5625 train_distortion: 0.8383 train_mapscore: 0.1570 train_c: -1.0170 train_max_dist: 3.0370 train_imax: -0.0000 train_imin: -1.0170 time: 3.0957s
INFO:root:Epoch: 0165 lr: 0.01 train_loss: 95863.1719 train_distortion: 0.8381 train_mapscore: 0.1577 train_c: -1.0176 train_max_dist: 3.0210 train_imax: -0.0000 train_imin: -1.0175 time: 3.0997s
INFO:root:Epoch: 0170 lr: 0.01 train_loss: 95833.2188 train_distortion: 0.8380 train_mapscore: 0.1571 train_c: -1.0181 train_max_dist: 3.0286 train_imax: -0.0000 train_imin: -1.0181 time: 3.0988s
INFO:root:Epoch: 0175 lr: 0.01 train_loss: 95804.6406 train_distortion: 0.8378 train_mapscore: 0.1543 train_c: -1.0186 train_max_dist: 3.0311 train_imax: -0.0000 train_imin: -1.0186 time: 3.1036s
INFO:root:Epoch: 0180 lr: 0.01 train_loss: 95777.6562 train_distortion: 0.8377 train_mapscore: 0.1520 train_c: -1.0191 train_max_dist: 3.0467 train_imax: -0.0000 train_imin: -1.0191 time: 3.1093s
INFO:root:Epoch: 0185 lr: 0.01 train_loss: 95750.8828 train_distortion: 0.8376 train_mapscore: 0.1519 train_c: -1.0196 train_max_dist: 3.0456 train_imax: -0.0000 train_imin: -1.0196 time: 3.1047s
INFO:root:Epoch: 0190 lr: 0.01 train_loss: 95725.3750 train_distortion: 0.8375 train_mapscore: 0.1503 train_c: -1.0202 train_max_dist: 3.0507 train_imax: -0.0000 train_imin: -1.0202 time: 3.1022s
INFO:root:Epoch: 0195 lr: 0.01 train_loss: 95700.0938 train_distortion: 0.8374 train_mapscore: 0.1495 train_c: -1.0207 train_max_dist: 3.0527 train_imax: -0.0000 train_imin: -1.0207 time: 3.1025s
INFO:root:Epoch: 0200 lr: 0.01 train_loss: 95675.8750 train_distortion: 0.8373 train_mapscore: 0.1477 train_c: -1.0212 train_max_dist: 3.0554 train_imax: -0.0000 train_imin: -1.0212 time: 3.1161s
INFO:root:Epoch: 0205 lr: 0.01 train_loss: 95651.5938 train_distortion: 0.8371 train_mapscore: 0.1466 train_c: -1.0217 train_max_dist: 3.0493 train_imax: -0.0000 train_imin: -1.0217 time: 3.1069s
INFO:root:Epoch: 0210 lr: 0.01 train_loss: 95628.0391 train_distortion: 0.8370 train_mapscore: 0.1461 train_c: -1.0223 train_max_dist: 3.0369 train_imax: -0.0000 train_imin: -1.0222 time: 3.1161s
INFO:root:Epoch: 0215 lr: 0.01 train_loss: 95604.9375 train_distortion: 0.8369 train_mapscore: 0.1445 train_c: -1.0228 train_max_dist: 3.0316 train_imax: -0.0000 train_imin: -1.0228 time: 3.1093s
INFO:root:Epoch: 0220 lr: 0.01 train_loss: 95583.0156 train_distortion: 0.8368 train_mapscore: 0.1431 train_c: -1.0233 train_max_dist: 3.0303 train_imax: -0.0000 train_imin: -1.0233 time: 3.1181s
INFO:root:Epoch: 0225 lr: 0.01 train_loss: 95559.6641 train_distortion: 0.8366 train_mapscore: 0.1421 train_c: -1.0238 train_max_dist: 3.0306 train_imax: -0.0000 train_imin: -1.0238 time: 3.1174s
INFO:root:Epoch: 0230 lr: 0.01 train_loss: 95538.4375 train_distortion: 0.8365 train_mapscore: 0.1404 train_c: -1.0243 train_max_dist: 3.0386 train_imax: -0.0000 train_imin: -1.0243 time: 3.1225s
INFO:root:Epoch: 0235 lr: 0.01 train_loss: 95518.8438 train_distortion: 0.8363 train_mapscore: 0.1380 train_c: -1.0249 train_max_dist: 3.0463 train_imax: -0.0000 train_imin: -1.0248 time: 3.1212s
INFO:root:Epoch: 0240 lr: 0.01 train_loss: 95499.4453 train_distortion: 0.8362 train_mapscore: 0.1355 train_c: -1.0254 train_max_dist: 3.0527 train_imax: -0.0000 train_imin: -1.0254 time: 3.1210s
INFO:root:Epoch: 0245 lr: 0.01 train_loss: 95481.7188 train_distortion: 0.8361 train_mapscore: 0.1338 train_c: -1.0259 train_max_dist: 3.0490 train_imax: -0.0000 train_imin: -1.0259 time: 3.1468s
INFO:root:Epoch: 0250 lr: 0.01 train_loss: 95463.7188 train_distortion: 0.8359 train_mapscore: 0.1331 train_c: -1.0264 train_max_dist: 3.0497 train_imax: -0.0000 train_imin: -1.0264 time: 3.1168s
INFO:root:Epoch: 0255 lr: 0.01 train_loss: 95447.0234 train_distortion: 0.8358 train_mapscore: 0.1309 train_c: -1.0269 train_max_dist: 3.0562 train_imax: -0.0000 train_imin: -1.0269 time: 3.1212s
INFO:root:Epoch: 0260 lr: 0.01 train_loss: 95430.4297 train_distortion: 0.8357 train_mapscore: 0.1297 train_c: -1.0274 train_max_dist: 3.0583 train_imax: -0.0000 train_imin: -1.0274 time: 3.1292s
INFO:root:Epoch: 0265 lr: 0.01 train_loss: 95413.6406 train_distortion: 0.8356 train_mapscore: 0.1299 train_c: -1.0280 train_max_dist: 3.0577 train_imax: -0.0000 train_imin: -1.0279 time: 3.1414s
INFO:root:Epoch: 0270 lr: 0.01 train_loss: 95397.2188 train_distortion: 0.8355 train_mapscore: 0.1297 train_c: -1.0285 train_max_dist: 3.0574 train_imax: -0.0000 train_imin: -1.0285 time: 3.1078s
INFO:root:Epoch: 0275 lr: 0.01 train_loss: 95381.6562 train_distortion: 0.8354 train_mapscore: 0.1281 train_c: -1.0290 train_max_dist: 3.0601 train_imax: -0.0000 train_imin: -1.0290 time: 3.1199s
INFO:root:Epoch: 0280 lr: 0.01 train_loss: 95366.0625 train_distortion: 0.8353 train_mapscore: 0.1259 train_c: -1.0295 train_max_dist: 3.0621 train_imax: -0.0000 train_imin: -1.0295 time: 3.1163s
INFO:root:Epoch: 0285 lr: 0.01 train_loss: 95349.2188 train_distortion: 0.8351 train_mapscore: 0.1259 train_c: -1.0300 train_max_dist: 3.0594 train_imax: -0.0000 train_imin: -1.0300 time: 3.1246s
INFO:root:Epoch: 0290 lr: 0.01 train_loss: 95333.1094 train_distortion: 0.8350 train_mapscore: 0.1244 train_c: -1.0305 train_max_dist: 3.0566 train_imax: -0.0000 train_imin: -1.0305 time: 3.1397s
INFO:root:Epoch: 0295 lr: 0.01 train_loss: 95317.6250 train_distortion: 0.8350 train_mapscore: 0.1236 train_c: -1.0310 train_max_dist: 3.0542 train_imax: -0.0000 train_imin: -1.0310 time: 3.1194s
INFO:root:Epoch: 0300 lr: 0.01 train_loss: 95301.9297 train_distortion: 0.8349 train_mapscore: 0.1242 train_c: -1.0316 train_max_dist: 3.0469 train_imax: -0.0000 train_imin: -1.0315 time: 3.1310s
INFO:root:Epoch: 0305 lr: 0.01 train_loss: 95286.2969 train_distortion: 0.8347 train_mapscore: 0.1234 train_c: -1.0321 train_max_dist: 3.0394 train_imax: -0.0000 train_imin: -1.0321 time: 3.1294s
INFO:root:Epoch: 0310 lr: 0.01 train_loss: 95271.1094 train_distortion: 0.8347 train_mapscore: 0.1224 train_c: -1.0326 train_max_dist: 3.0380 train_imax: -0.0000 train_imin: -1.0326 time: 3.1318s
INFO:root:Epoch: 0315 lr: 0.01 train_loss: 95256.5000 train_distortion: 0.8346 train_mapscore: 0.1218 train_c: -1.0331 train_max_dist: 3.0386 train_imax: -0.0000 train_imin: -1.0331 time: 3.1338s
INFO:root:Epoch: 0320 lr: 0.01 train_loss: 95241.9062 train_distortion: 0.8345 train_mapscore: 0.1201 train_c: -1.0336 train_max_dist: 3.0281 train_imax: -0.0000 train_imin: -1.0336 time: 3.1504s
INFO:root:Epoch: 0325 lr: 0.01 train_loss: 95228.3438 train_distortion: 0.8344 train_mapscore: 0.1195 train_c: -1.0341 train_max_dist: 3.0249 train_imax: -0.0000 train_imin: -1.0341 time: 3.1535s
INFO:root:Epoch: 0330 lr: 0.01 train_loss: 95212.7734 train_distortion: 0.8343 train_mapscore: 0.1188 train_c: -1.0346 train_max_dist: 3.0237 train_imax: -0.0000 train_imin: -1.0346 time: 3.1460s
INFO:root:Epoch: 0335 lr: 0.01 train_loss: 95198.5156 train_distortion: 0.8342 train_mapscore: 0.1161 train_c: -1.0351 train_max_dist: 3.0228 train_imax: -0.0000 train_imin: -1.0351 time: 3.1456s
INFO:root:Epoch: 0340 lr: 0.01 train_loss: 95185.6328 train_distortion: 0.8341 train_mapscore: 0.1158 train_c: -1.0356 train_max_dist: 3.0176 train_imax: -0.0000 train_imin: -1.0356 time: 3.1360s
INFO:root:Epoch: 0345 lr: 0.01 train_loss: 95171.7188 train_distortion: 0.8340 train_mapscore: 0.1170 train_c: -1.0361 train_max_dist: 3.0122 train_imax: -0.0000 train_imin: -1.0361 time: 3.1501s
INFO:root:Epoch: 0350 lr: 0.01 train_loss: 95158.1250 train_distortion: 0.8339 train_mapscore: 0.1171 train_c: -1.0367 train_max_dist: 3.0107 train_imax: -0.0000 train_imin: -1.0367 time: 3.2104s
INFO:root:Epoch: 0355 lr: 0.01 train_loss: 95145.2500 train_distortion: 0.8338 train_mapscore: 0.1161 train_c: -1.0372 train_max_dist: 3.0078 train_imax: -0.0000 train_imin: -1.0372 time: 3.1670s
INFO:root:Epoch: 0360 lr: 0.01 train_loss: 95133.4531 train_distortion: 0.8338 train_mapscore: 0.1159 train_c: -1.0377 train_max_dist: 3.0007 train_imax: -0.0000 train_imin: -1.0377 time: 3.1552s
INFO:root:Epoch: 0365 lr: 0.01 train_loss: 95119.6250 train_distortion: 0.8337 train_mapscore: 0.1146 train_c: -1.0382 train_max_dist: 3.0016 train_imax: -0.0000 train_imin: -1.0382 time: 3.1683s
INFO:root:Epoch: 0370 lr: 0.01 train_loss: 95107.0000 train_distortion: 0.8336 train_mapscore: 0.1155 train_c: -1.0387 train_max_dist: 3.0087 train_imax: -0.0000 train_imin: -1.0387 time: 3.1649s
INFO:root:Epoch: 0375 lr: 0.01 train_loss: 95095.0469 train_distortion: 0.8335 train_mapscore: 0.1152 train_c: -1.0392 train_max_dist: 3.0121 train_imax: -0.0000 train_imin: -1.0392 time: 3.1537s
INFO:root:Epoch: 0380 lr: 0.01 train_loss: 95083.8672 train_distortion: 0.8335 train_mapscore: 0.1140 train_c: -1.0397 train_max_dist: 3.0127 train_imax: -0.0000 train_imin: -1.0397 time: 3.1738s
INFO:root:Epoch: 0385 lr: 0.01 train_loss: 95070.8203 train_distortion: 0.8334 train_mapscore: 0.1133 train_c: -1.0402 train_max_dist: 3.0153 train_imax: -0.0000 train_imin: -1.0402 time: 3.1638s
INFO:root:Epoch: 0390 lr: 0.01 train_loss: 95058.4062 train_distortion: 0.8333 train_mapscore: 0.1132 train_c: -1.0407 train_max_dist: 3.0213 train_imax: -0.0000 train_imin: -1.0407 time: 3.1665s
INFO:root:Epoch: 0395 lr: 0.01 train_loss: 95046.8438 train_distortion: 0.8332 train_mapscore: 0.1123 train_c: -1.0412 train_max_dist: 3.0235 train_imax: -0.0000 train_imin: -1.0412 time: 3.1659s
INFO:root:Epoch: 0400 lr: 0.01 train_loss: 95036.0469 train_distortion: 0.8332 train_mapscore: 0.1128 train_c: -1.0417 train_max_dist: 3.0244 train_imax: -0.0000 train_imin: -1.0417 time: 3.1685s
INFO:root:Epoch: 0405 lr: 0.01 train_loss: 95024.1719 train_distortion: 0.8331 train_mapscore: 0.1122 train_c: -1.0423 train_max_dist: 3.0282 train_imax: -0.0000 train_imin: -1.0422 time: 3.1672s
INFO:root:Epoch: 0410 lr: 0.01 train_loss: 95012.4375 train_distortion: 0.8330 train_mapscore: 0.1126 train_c: -1.0428 train_max_dist: 3.0314 train_imax: -0.0000 train_imin: -1.0428 time: 3.1602s
INFO:root:Epoch: 0415 lr: 0.01 train_loss: 95001.1250 train_distortion: 0.8330 train_mapscore: 0.1117 train_c: -1.0433 train_max_dist: 3.0302 train_imax: -0.0000 train_imin: -1.0433 time: 3.1691s
INFO:root:Epoch: 0420 lr: 0.01 train_loss: 94991.3828 train_distortion: 0.8329 train_mapscore: 0.1107 train_c: -1.0438 train_max_dist: 3.0276 train_imax: -0.0000 train_imin: -1.0438 time: 3.1541s
INFO:root:Epoch: 0425 lr: 0.01 train_loss: 94979.3594 train_distortion: 0.8328 train_mapscore: 0.1117 train_c: -1.0443 train_max_dist: 3.0241 train_imax: -0.0000 train_imin: -1.0443 time: 3.1608s
INFO:root:Epoch: 0430 lr: 0.01 train_loss: 94967.6094 train_distortion: 0.8328 train_mapscore: 0.1117 train_c: -1.0448 train_max_dist: 3.0194 train_imax: -0.0000 train_imin: -1.0448 time: 3.1709s
INFO:root:Epoch: 0435 lr: 0.01 train_loss: 94956.4688 train_distortion: 0.8327 train_mapscore: 0.1124 train_c: -1.0453 train_max_dist: 3.0168 train_imax: -0.0000 train_imin: -1.0453 time: 3.1586s
INFO:root:Epoch: 0440 lr: 0.01 train_loss: 94946.0938 train_distortion: 0.8326 train_mapscore: 0.1111 train_c: -1.0458 train_max_dist: 3.0205 train_imax: -0.0000 train_imin: -1.0458 time: 3.1663s
INFO:root:Epoch: 0445 lr: 0.01 train_loss: 94935.9609 train_distortion: 0.8325 train_mapscore: 0.1113 train_c: -1.0463 train_max_dist: 3.0202 train_imax: -0.0000 train_imin: -1.0463 time: 3.1798s
INFO:root:Epoch: 0450 lr: 0.01 train_loss: 94926.3125 train_distortion: 0.8324 train_mapscore: 0.1111 train_c: -1.0468 train_max_dist: 3.0228 train_imax: -0.0000 train_imin: -1.0468 time: 3.1610s
INFO:root:Epoch: 0455 lr: 0.01 train_loss: 94915.7969 train_distortion: 0.8324 train_mapscore: 0.1109 train_c: -1.0473 train_max_dist: 3.0241 train_imax: -0.0000 train_imin: -1.0473 time: 3.1596s
INFO:root:Epoch: 0460 lr: 0.01 train_loss: 94906.0547 train_distortion: 0.8323 train_mapscore: 0.1122 train_c: -1.0478 train_max_dist: 3.0275 train_imax: -0.0000 train_imin: -1.0478 time: 3.1767s
INFO:root:Epoch: 0465 lr: 0.01 train_loss: 94896.4141 train_distortion: 0.8322 train_mapscore: 0.1116 train_c: -1.0483 train_max_dist: 3.0284 train_imax: -0.0000 train_imin: -1.0483 time: 3.1602s
INFO:root:Epoch: 0470 lr: 0.01 train_loss: 94886.6719 train_distortion: 0.8321 train_mapscore: 0.1122 train_c: -1.0488 train_max_dist: 3.0361 train_imax: -0.0000 train_imin: -1.0488 time: 3.1674s
INFO:root:Epoch: 0475 lr: 0.01 train_loss: 94876.8438 train_distortion: 0.8320 train_mapscore: 0.1118 train_c: -1.0493 train_max_dist: 3.0403 train_imax: -0.0000 train_imin: -1.0493 time: 3.1543s
INFO:root:Epoch: 0480 lr: 0.01 train_loss: 94866.8281 train_distortion: 0.8320 train_mapscore: 0.1118 train_c: -1.0499 train_max_dist: 3.0461 train_imax: -0.0000 train_imin: -1.0498 time: 3.1674s
INFO:root:Epoch: 0485 lr: 0.01 train_loss: 94856.6875 train_distortion: 0.8319 train_mapscore: 0.1104 train_c: -1.0504 train_max_dist: 3.0495 train_imax: -0.0000 train_imin: -1.0504 time: 3.1753s
INFO:root:Epoch: 0490 lr: 0.01 train_loss: 94846.4766 train_distortion: 0.8318 train_mapscore: 0.1107 train_c: -1.0509 train_max_dist: 3.0530 train_imax: -0.0000 train_imin: -1.0509 time: 3.1581s
INFO:root:Epoch: 0495 lr: 0.01 train_loss: 94836.0781 train_distortion: 0.8317 train_mapscore: 0.1091 train_c: -1.0514 train_max_dist: 3.0635 train_imax: -0.0000 train_imin: -1.0514 time: 3.1679s
INFO:root:Epoch: 0500 lr: 0.01 train_loss: 94825.6250 train_distortion: 0.8316 train_mapscore: 0.1090 train_c: -1.0519 train_max_dist: 3.0584 train_imax: -0.0000 train_imin: -1.0519 time: 3.1718s
INFO:root:Epoch: 0505 lr: 0.01 train_loss: 94815.4531 train_distortion: 0.8315 train_mapscore: 0.1095 train_c: -1.0524 train_max_dist: 3.0634 train_imax: -0.0000 train_imin: -1.0524 time: 3.1632s
INFO:root:Epoch: 0510 lr: 0.01 train_loss: 94804.8281 train_distortion: 0.8315 train_mapscore: 0.1086 train_c: -1.0529 train_max_dist: 3.0725 train_imax: -0.0000 train_imin: -1.0529 time: 3.1670s
INFO:root:Epoch: 0515 lr: 0.01 train_loss: 94794.6484 train_distortion: 0.8314 train_mapscore: 0.1093 train_c: -1.0534 train_max_dist: 3.0650 train_imax: -0.0000 train_imin: -1.0534 time: 3.1717s
INFO:root:Epoch: 0520 lr: 0.01 train_loss: 94784.9062 train_distortion: 0.8313 train_mapscore: 0.1083 train_c: -1.0539 train_max_dist: 3.0721 train_imax: -0.0000 train_imin: -1.0539 time: 3.1731s
INFO:root:Epoch: 0525 lr: 0.01 train_loss: 94775.6562 train_distortion: 0.8313 train_mapscore: 0.1080 train_c: -1.0544 train_max_dist: 3.0610 train_imax: -0.0000 train_imin: -1.0544 time: 3.1709s
INFO:root:Epoch: 0530 lr: 0.01 train_loss: 94764.8750 train_distortion: 0.8312 train_mapscore: 0.1093 train_c: -1.0549 train_max_dist: 3.0631 train_imax: -0.0000 train_imin: -1.0549 time: 3.1722s
INFO:root:Epoch: 0535 lr: 0.01 train_loss: 94754.2969 train_distortion: 0.8311 train_mapscore: 0.1097 train_c: -1.0554 train_max_dist: 3.0634 train_imax: -0.0000 train_imin: -1.0554 time: 3.1670s
INFO:root:Epoch: 0540 lr: 0.01 train_loss: 94744.4062 train_distortion: 0.8311 train_mapscore: 0.1080 train_c: -1.0559 train_max_dist: 3.0825 train_imax: -0.0000 train_imin: -1.0559 time: 3.1714s
INFO:root:Epoch: 0545 lr: 0.01 train_loss: 94734.3750 train_distortion: 0.8310 train_mapscore: 0.1084 train_c: -1.0564 train_max_dist: 3.0728 train_imax: -0.0000 train_imin: -1.0564 time: 3.1789s
INFO:root:Epoch: 0550 lr: 0.01 train_loss: 94724.0156 train_distortion: 0.8309 train_mapscore: 0.1082 train_c: -1.0569 train_max_dist: 3.1204 train_imax: -0.0000 train_imin: -1.0569 time: 3.1550s
INFO:root:Epoch: 0555 lr: 0.01 train_loss: 94713.1875 train_distortion: 0.8309 train_mapscore: 0.1078 train_c: -1.0574 train_max_dist: 3.0909 train_imax: -0.0000 train_imin: -1.0574 time: 3.1657s
INFO:root:Epoch: 0560 lr: 0.01 train_loss: 94702.8125 train_distortion: 0.8308 train_mapscore: 0.1065 train_c: -1.0579 train_max_dist: 3.0997 train_imax: -0.0000 train_imin: -1.0579 time: 3.1718s
INFO:root:Epoch: 0565 lr: 0.01 train_loss: 94692.2188 train_distortion: 0.8308 train_mapscore: 0.1071 train_c: -1.0584 train_max_dist: 3.1055 train_imax: -0.0000 train_imin: -1.0584 time: 3.1587s
INFO:root:Epoch: 0570 lr: 0.01 train_loss: 94682.0000 train_distortion: 0.8307 train_mapscore: 0.1082 train_c: -1.0589 train_max_dist: 3.1074 train_imax: -0.0000 train_imin: -1.0589 time: 3.1639s
INFO:root:Epoch: 0575 lr: 0.01 train_loss: 94671.8906 train_distortion: 0.8306 train_mapscore: 0.1072 train_c: -1.0594 train_max_dist: 3.1073 train_imax: -0.0000 train_imin: -1.0594 time: 3.1692s
INFO:root:Epoch: 0580 lr: 0.01 train_loss: 94661.7969 train_distortion: 0.8306 train_mapscore: 0.1082 train_c: -1.0599 train_max_dist: 3.1059 train_imax: -0.0000 train_imin: -1.0599 time: 3.1804s
INFO:root:Epoch: 0585 lr: 0.01 train_loss: 94651.8125 train_distortion: 0.8305 train_mapscore: 0.1076 train_c: -1.0604 train_max_dist: 3.1050 train_imax: -0.0000 train_imin: -1.0604 time: 3.1761s
INFO:root:Epoch: 0590 lr: 0.01 train_loss: 94642.1250 train_distortion: 0.8304 train_mapscore: 0.1075 train_c: -1.0610 train_max_dist: 3.1040 train_imax: -0.0000 train_imin: -1.0609 time: 3.1560s
INFO:root:Epoch: 0595 lr: 0.01 train_loss: 94631.8750 train_distortion: 0.8304 train_mapscore: 0.1079 train_c: -1.0615 train_max_dist: 3.1005 train_imax: -0.0000 train_imin: -1.0615 time: 3.1662s
INFO:root:Epoch: 0600 lr: 0.01 train_loss: 94621.2734 train_distortion: 0.8303 train_mapscore: 0.1084 train_c: -1.0620 train_max_dist: 3.0983 train_imax: -0.0000 train_imin: -1.0620 time: 3.1494s
INFO:root:Epoch: 0605 lr: 0.01 train_loss: 94610.8281 train_distortion: 0.8302 train_mapscore: 0.1096 train_c: -1.0625 train_max_dist: 3.0935 train_imax: -0.0000 train_imin: -1.0625 time: 3.1702s
INFO:root:Epoch: 0610 lr: 0.01 train_loss: 94600.7031 train_distortion: 0.8302 train_mapscore: 0.1077 train_c: -1.0630 train_max_dist: 3.0888 train_imax: -0.0000 train_imin: -1.0630 time: 3.1504s
INFO:root:Epoch: 0615 lr: 0.01 train_loss: 94590.4531 train_distortion: 0.8301 train_mapscore: 0.1068 train_c: -1.0635 train_max_dist: 3.0846 train_imax: -0.0000 train_imin: -1.0635 time: 3.1627s
INFO:root:Epoch: 0620 lr: 0.01 train_loss: 94579.4375 train_distortion: 0.8301 train_mapscore: 0.1072 train_c: -1.0640 train_max_dist: 3.0779 train_imax: -0.0000 train_imin: -1.0640 time: 3.1555s
INFO:root:Epoch: 0625 lr: 0.01 train_loss: 94568.7188 train_distortion: 0.8300 train_mapscore: 0.1065 train_c: -1.0645 train_max_dist: 3.0819 train_imax: -0.0000 train_imin: -1.0645 time: 3.1699s
INFO:root:Epoch: 0630 lr: 0.01 train_loss: 94558.0938 train_distortion: 0.8299 train_mapscore: 0.1062 train_c: -1.0650 train_max_dist: 3.0890 train_imax: -0.0000 train_imin: -1.0650 time: 3.1671s
INFO:root:Epoch: 0635 lr: 0.01 train_loss: 94547.9531 train_distortion: 0.8298 train_mapscore: 0.1050 train_c: -1.0655 train_max_dist: 3.0943 train_imax: -0.0000 train_imin: -1.0655 time: 3.1601s
INFO:root:Epoch: 0640 lr: 0.01 train_loss: 94537.9297 train_distortion: 0.8298 train_mapscore: 0.1058 train_c: -1.0660 train_max_dist: 3.0925 train_imax: -0.0000 train_imin: -1.0660 time: 3.1757s
INFO:root:Epoch: 0645 lr: 0.01 train_loss: 94527.3438 train_distortion: 0.8297 train_mapscore: 0.1054 train_c: -1.0665 train_max_dist: 3.0935 train_imax: -0.0000 train_imin: -1.0665 time: 3.1581s
INFO:root:Epoch: 0650 lr: 0.01 train_loss: 94517.3984 train_distortion: 0.8296 train_mapscore: 0.1060 train_c: -1.0670 train_max_dist: 3.0916 train_imax: -0.0000 train_imin: -1.0670 time: 3.1700s
INFO:root:Epoch: 0655 lr: 0.01 train_loss: 94508.0469 train_distortion: 0.8296 train_mapscore: 0.1063 train_c: -1.0675 train_max_dist: 3.0921 train_imax: -0.0000 train_imin: -1.0675 time: 3.1739s
INFO:root:Epoch: 0660 lr: 0.01 train_loss: 94498.4375 train_distortion: 0.8295 train_mapscore: 0.1065 train_c: -1.0680 train_max_dist: 3.0971 train_imax: -0.0000 train_imin: -1.0680 time: 3.1557s
INFO:root:Epoch: 0665 lr: 0.01 train_loss: 94488.9375 train_distortion: 0.8294 train_mapscore: 0.1056 train_c: -1.0685 train_max_dist: 3.0960 train_imax: -0.0000 train_imin: -1.0685 time: 3.1713s
INFO:root:Epoch: 0670 lr: 0.01 train_loss: 94479.5625 train_distortion: 0.8293 train_mapscore: 0.1058 train_c: -1.0690 train_max_dist: 3.1030 train_imax: -0.0000 train_imin: -1.0690 time: 3.1733s
INFO:root:Epoch: 0675 lr: 0.01 train_loss: 94470.6719 train_distortion: 0.8293 train_mapscore: 0.1052 train_c: -1.0695 train_max_dist: 3.1055 train_imax: -0.0000 train_imin: -1.0695 time: 3.1609s
INFO:root:Epoch: 0680 lr: 0.01 train_loss: 94461.2344 train_distortion: 0.8292 train_mapscore: 0.1054 train_c: -1.0700 train_max_dist: 3.1123 train_imax: -0.0000 train_imin: -1.0700 time: 3.1604s
INFO:root:Epoch: 0685 lr: 0.01 train_loss: 94451.5938 train_distortion: 0.8291 train_mapscore: 0.1049 train_c: -1.0705 train_max_dist: 3.1173 train_imax: -0.0000 train_imin: -1.0705 time: 3.1726s
INFO:root:Epoch: 0690 lr: 0.01 train_loss: 94442.1875 train_distortion: 0.8290 train_mapscore: 0.1075 train_c: -1.0710 train_max_dist: 3.1208 train_imax: -0.0000 train_imin: -1.0710 time: 3.1803s
INFO:root:Epoch: 0695 lr: 0.01 train_loss: 94432.7578 train_distortion: 0.8290 train_mapscore: 0.1067 train_c: -1.0715 train_max_dist: 3.1253 train_imax: -0.0000 train_imin: -1.0715 time: 3.1746s
INFO:root:Epoch: 0700 lr: 0.01 train_loss: 94424.1719 train_distortion: 0.8289 train_mapscore: 0.1050 train_c: -1.0720 train_max_dist: 3.1245 train_imax: -0.0000 train_imin: -1.0720 time: 3.1679s
INFO:root:Epoch: 0705 lr: 0.01 train_loss: 94414.3594 train_distortion: 0.8288 train_mapscore: 0.1040 train_c: -1.0725 train_max_dist: 3.1284 train_imax: -0.0000 train_imin: -1.0725 time: 3.1751s
INFO:root:Epoch: 0710 lr: 0.01 train_loss: 94404.1562 train_distortion: 0.8287 train_mapscore: 0.1046 train_c: -1.0730 train_max_dist: 3.1231 train_imax: -0.0000 train_imin: -1.0730 time: 3.1773s
INFO:root:Epoch: 0715 lr: 0.01 train_loss: 94394.3750 train_distortion: 0.8286 train_mapscore: 0.1046 train_c: -1.0735 train_max_dist: 3.1243 train_imax: -0.0000 train_imin: -1.0735 time: 3.1904s
INFO:root:Epoch: 0720 lr: 0.01 train_loss: 94384.7969 train_distortion: 0.8286 train_mapscore: 0.1039 train_c: -1.0740 train_max_dist: 3.1254 train_imax: -0.0000 train_imin: -1.0740 time: 3.1814s
INFO:root:Epoch: 0725 lr: 0.01 train_loss: 94376.1406 train_distortion: 0.8285 train_mapscore: 0.1028 train_c: -1.0745 train_max_dist: 3.1214 train_imax: -0.0000 train_imin: -1.0745 time: 3.1765s
INFO:root:Epoch: 0730 lr: 0.01 train_loss: 94366.4844 train_distortion: 0.8284 train_mapscore: 0.1029 train_c: -1.0750 train_max_dist: 3.1241 train_imax: -0.0000 train_imin: -1.0750 time: 3.1761s
INFO:root:Epoch: 0735 lr: 0.01 train_loss: 94356.5781 train_distortion: 0.8283 train_mapscore: 0.1023 train_c: -1.0755 train_max_dist: 3.1207 train_imax: -0.0000 train_imin: -1.0755 time: 3.1804s
INFO:root:Epoch: 0740 lr: 0.01 train_loss: 94347.0938 train_distortion: 0.8282 train_mapscore: 0.1022 train_c: -1.0760 train_max_dist: 3.1254 train_imax: -0.0000 train_imin: -1.0760 time: 3.1645s
INFO:root:Epoch: 0745 lr: 0.01 train_loss: 94337.8594 train_distortion: 0.8282 train_mapscore: 0.1023 train_c: -1.0765 train_max_dist: 3.1192 train_imax: -0.0000 train_imin: -1.0765 time: 3.1672s
INFO:root:Epoch: 0750 lr: 0.01 train_loss: 94328.7812 train_distortion: 0.8281 train_mapscore: 0.1016 train_c: -1.0770 train_max_dist: 3.1290 train_imax: -0.0000 train_imin: -1.0770 time: 3.1908s
INFO:root:Epoch: 0755 lr: 0.01 train_loss: 94320.3203 train_distortion: 0.8280 train_mapscore: 0.1012 train_c: -1.0775 train_max_dist: 3.1202 train_imax: -0.0000 train_imin: -1.0775 time: 3.1740s
INFO:root:Epoch: 0760 lr: 0.01 train_loss: 94310.6719 train_distortion: 0.8279 train_mapscore: 0.1016 train_c: -1.0780 train_max_dist: 3.1404 train_imax: -0.0000 train_imin: -1.0780 time: 3.1784s
INFO:root:Epoch: 0765 lr: 0.01 train_loss: 94301.1250 train_distortion: 0.8279 train_mapscore: 0.1002 train_c: -1.0785 train_max_dist: 3.1367 train_imax: -0.0000 train_imin: -1.0785 time: 3.1741s
INFO:root:Epoch: 0770 lr: 0.01 train_loss: 94291.7266 train_distortion: 0.8278 train_mapscore: 0.0989 train_c: -1.0791 train_max_dist: 3.1431 train_imax: -0.0000 train_imin: -1.0790 time: 3.1774s
INFO:root:Epoch: 0775 lr: 0.01 train_loss: 94282.6562 train_distortion: 0.8277 train_mapscore: 0.0992 train_c: -1.0796 train_max_dist: 3.1450 train_imax: -0.0000 train_imin: -1.0795 time: 3.2046s
INFO:root:Epoch: 0780 lr: 0.01 train_loss: 94274.4844 train_distortion: 0.8276 train_mapscore: 0.0983 train_c: -1.0801 train_max_dist: 3.1404 train_imax: -0.0000 train_imin: -1.0801 time: 3.1545s
INFO:root:Epoch: 0785 lr: 0.01 train_loss: 94264.6562 train_distortion: 0.8276 train_mapscore: 0.0975 train_c: -1.0806 train_max_dist: 3.1405 train_imax: -0.0000 train_imin: -1.0805 time: 3.1406s
INFO:root:Epoch: 0790 lr: 0.01 train_loss: 94255.2578 train_distortion: 0.8275 train_mapscore: 0.0972 train_c: -1.0811 train_max_dist: 3.1419 train_imax: -0.0000 train_imin: -1.0811 time: 3.1372s
INFO:root:Epoch: 0795 lr: 0.01 train_loss: 94246.3594 train_distortion: 0.8274 train_mapscore: 0.0982 train_c: -1.0816 train_max_dist: 3.1445 train_imax: -0.0000 train_imin: -1.0816 time: 3.1631s
INFO:root:Epoch: 0800 lr: 0.01 train_loss: 94237.7500 train_distortion: 0.8273 train_mapscore: 0.0981 train_c: -1.0821 train_max_dist: 3.1469 train_imax: -0.0000 train_imin: -1.0821 time: 3.1570s
INFO:root:Epoch: 0805 lr: 0.01 train_loss: 94229.2734 train_distortion: 0.8272 train_mapscore: 0.0989 train_c: -1.0826 train_max_dist: 3.1541 train_imax: -0.0000 train_imin: -1.0826 time: 4.5521s
INFO:root:Epoch: 0810 lr: 0.01 train_loss: 94220.8984 train_distortion: 0.8271 train_mapscore: 0.0971 train_c: -1.0831 train_max_dist: 3.1639 train_imax: -0.0000 train_imin: -1.0831 time: 3.1719s
INFO:root:Epoch: 0815 lr: 0.01 train_loss: 94212.6250 train_distortion: 0.8271 train_mapscore: 0.0973 train_c: -1.0836 train_max_dist: 3.1748 train_imax: -0.0000 train_imin: -1.0836 time: 3.2942s
INFO:root:Epoch: 0820 lr: 0.01 train_loss: 94204.0000 train_distortion: 0.8270 train_mapscore: 0.0981 train_c: -1.0841 train_max_dist: 3.1849 train_imax: -0.0000 train_imin: -1.0841 time: 3.1566s
INFO:root:Epoch: 0825 lr: 0.01 train_loss: 94195.3750 train_distortion: 0.8269 train_mapscore: 0.0983 train_c: -1.0846 train_max_dist: 3.2026 train_imax: -0.0000 train_imin: -1.0846 time: 4.4322s
INFO:root:Epoch: 0830 lr: 0.01 train_loss: 94186.7266 train_distortion: 0.8268 train_mapscore: 0.0985 train_c: -1.0851 train_max_dist: 3.2224 train_imax: -0.0000 train_imin: -1.0851 time: 3.2960s
INFO:root:Epoch: 0835 lr: 0.01 train_loss: 94178.1406 train_distortion: 0.8268 train_mapscore: 0.0989 train_c: -1.0856 train_max_dist: 3.2388 train_imax: -0.0000 train_imin: -1.0856 time: 3.3783s
INFO:root:Epoch: 0840 lr: 0.01 train_loss: 94169.6641 train_distortion: 0.8267 train_mapscore: 0.0981 train_c: -1.0861 train_max_dist: 3.2582 train_imax: -0.0000 train_imin: -1.0861 time: 3.3895s
INFO:root:Epoch: 0845 lr: 0.01 train_loss: 94160.5781 train_distortion: 0.8266 train_mapscore: 0.0986 train_c: -1.0866 train_max_dist: 3.2791 train_imax: -0.0000 train_imin: -1.0866 time: 3.3585s
INFO:root:Epoch: 0850 lr: 0.01 train_loss: 94151.5859 train_distortion: 0.8265 train_mapscore: 0.0991 train_c: -1.0871 train_max_dist: 3.2895 train_imax: -0.0000 train_imin: -1.0871 time: 3.3936s
INFO:root:Epoch: 0855 lr: 0.01 train_loss: 94142.3438 train_distortion: 0.8265 train_mapscore: 0.0986 train_c: -1.0876 train_max_dist: 3.3046 train_imax: -0.0000 train_imin: -1.0876 time: 3.4462s
INFO:root:Epoch: 0860 lr: 0.01 train_loss: 94133.4297 train_distortion: 0.8264 train_mapscore: 0.0988 train_c: -1.0881 train_max_dist: 3.3141 train_imax: -0.0000 train_imin: -1.0881 time: 3.5202s
INFO:root:Epoch: 0865 lr: 0.01 train_loss: 94124.9062 train_distortion: 0.8263 train_mapscore: 0.0980 train_c: -1.0886 train_max_dist: 3.3211 train_imax: -0.0000 train_imin: -1.0886 time: 3.5734s
INFO:root:Epoch: 0870 lr: 0.01 train_loss: 94115.2969 train_distortion: 0.8263 train_mapscore: 0.0989 train_c: -1.0891 train_max_dist: 3.3275 train_imax: -0.0000 train_imin: -1.0891 time: 3.3179s
INFO:root:Epoch: 0875 lr: 0.01 train_loss: 94106.2656 train_distortion: 0.8262 train_mapscore: 0.0992 train_c: -1.0896 train_max_dist: 3.3305 train_imax: -0.0000 train_imin: -1.0896 time: 3.3388s
INFO:root:Epoch: 0880 lr: 0.01 train_loss: 94097.4531 train_distortion: 0.8261 train_mapscore: 0.0998 train_c: -1.0901 train_max_dist: 3.3342 train_imax: -0.0000 train_imin: -1.0901 time: 3.2941s
INFO:root:Epoch: 0885 lr: 0.01 train_loss: 94088.6719 train_distortion: 0.8261 train_mapscore: 0.0983 train_c: -1.0906 train_max_dist: 3.3393 train_imax: -0.0000 train_imin: -1.0906 time: 3.8508s
INFO:root:Epoch: 0890 lr: 0.01 train_loss: 94080.0625 train_distortion: 0.8260 train_mapscore: 0.0980 train_c: -1.0911 train_max_dist: 3.3405 train_imax: -0.0000 train_imin: -1.0911 time: 4.5352s
INFO:root:Epoch: 0895 lr: 0.01 train_loss: 94071.5469 train_distortion: 0.8259 train_mapscore: 0.0966 train_c: -1.0916 train_max_dist: 3.3394 train_imax: -0.0000 train_imin: -1.0916 time: 4.2569s
INFO:root:Epoch: 0900 lr: 0.01 train_loss: 94062.5859 train_distortion: 0.8259 train_mapscore: 0.0982 train_c: -1.0921 train_max_dist: 3.3413 train_imax: -0.0000 train_imin: -1.0921 time: 3.5604s
INFO:root:Epoch: 0905 lr: 0.01 train_loss: 94053.6719 train_distortion: 0.8258 train_mapscore: 0.0975 train_c: -1.0926 train_max_dist: 3.3381 train_imax: -0.0000 train_imin: -1.0926 time: 3.1804s
INFO:root:Epoch: 0910 lr: 0.01 train_loss: 94044.9609 train_distortion: 0.8257 train_mapscore: 0.0993 train_c: -1.0931 train_max_dist: 3.3388 train_imax: -0.0000 train_imin: -1.0931 time: 3.1489s
INFO:root:Epoch: 0915 lr: 0.01 train_loss: 94036.3594 train_distortion: 0.8256 train_mapscore: 0.0985 train_c: -1.0936 train_max_dist: 3.3398 train_imax: -0.0000 train_imin: -1.0936 time: 3.1488s
INFO:root:Epoch: 0920 lr: 0.01 train_loss: 94027.7344 train_distortion: 0.8255 train_mapscore: 0.0976 train_c: -1.0941 train_max_dist: 3.3370 train_imax: -0.0000 train_imin: -1.0941 time: 3.1796s
INFO:root:Epoch: 0925 lr: 0.01 train_loss: 94018.8125 train_distortion: 0.8254 train_mapscore: 0.0985 train_c: -1.0946 train_max_dist: 3.3353 train_imax: -0.0000 train_imin: -1.0946 time: 3.3814s
INFO:root:Epoch: 0930 lr: 0.01 train_loss: 94010.0000 train_distortion: 0.8253 train_mapscore: 0.0975 train_c: -1.0951 train_max_dist: 3.3297 train_imax: -0.0000 train_imin: -1.0951 time: 3.3801s
INFO:root:Epoch: 0935 lr: 0.01 train_loss: 94001.3438 train_distortion: 0.8252 train_mapscore: 0.0982 train_c: -1.0956 train_max_dist: 3.3233 train_imax: -0.0000 train_imin: -1.0956 time: 3.3250s
INFO:root:Epoch: 0940 lr: 0.01 train_loss: 93992.8281 train_distortion: 0.8251 train_mapscore: 0.0985 train_c: -1.0961 train_max_dist: 3.3168 train_imax: -0.0000 train_imin: -1.0961 time: 4.5268s
INFO:root:Epoch: 0945 lr: 0.01 train_loss: 93984.1094 train_distortion: 0.8251 train_mapscore: 0.0973 train_c: -1.0966 train_max_dist: 3.3087 train_imax: -0.0000 train_imin: -1.0966 time: 4.0702s
INFO:root:Epoch: 0950 lr: 0.01 train_loss: 93975.1094 train_distortion: 0.8250 train_mapscore: 0.0965 train_c: -1.0971 train_max_dist: 3.2908 train_imax: -0.0000 train_imin: -1.0971 time: 3.5201s
INFO:root:Epoch: 0955 lr: 0.01 train_loss: 93965.9688 train_distortion: 0.8249 train_mapscore: 0.0977 train_c: -1.0976 train_max_dist: 3.2703 train_imax: -0.0000 train_imin: -1.0976 time: 3.2482s
INFO:root:Epoch: 0960 lr: 0.01 train_loss: 93956.9922 train_distortion: 0.8248 train_mapscore: 0.0968 train_c: -1.0981 train_max_dist: 3.2505 train_imax: -0.0000 train_imin: -1.0981 time: 3.1418s
INFO:root:Epoch: 0965 lr: 0.01 train_loss: 93947.8125 train_distortion: 0.8247 train_mapscore: 0.0978 train_c: -1.0986 train_max_dist: 3.2389 train_imax: -0.0000 train_imin: -1.0986 time: 3.1414s
INFO:root:Epoch: 0970 lr: 0.01 train_loss: 93938.8438 train_distortion: 0.8246 train_mapscore: 0.0973 train_c: -1.0991 train_max_dist: 3.2273 train_imax: -0.0000 train_imin: -1.0991 time: 3.1479s
INFO:root:Epoch: 0975 lr: 0.01 train_loss: 93929.8359 train_distortion: 0.8245 train_mapscore: 0.0976 train_c: -1.0996 train_max_dist: 3.2282 train_imax: -0.0000 train_imin: -1.0996 time: 3.1547s
INFO:root:Epoch: 0980 lr: 0.01 train_loss: 93920.5000 train_distortion: 0.8244 train_mapscore: 0.0958 train_c: -1.1001 train_max_dist: 3.2291 train_imax: -0.0000 train_imin: -1.1001 time: 3.1411s
INFO:root:Epoch: 0985 lr: 0.01 train_loss: 93911.2656 train_distortion: 0.8243 train_mapscore: 0.0956 train_c: -1.1006 train_max_dist: 3.2242 train_imax: -0.0000 train_imin: -1.1006 time: 3.1651s
INFO:root:Epoch: 0990 lr: 0.01 train_loss: 93902.5469 train_distortion: 0.8243 train_mapscore: 0.0969 train_c: -1.1011 train_max_dist: 3.2275 train_imax: -0.0000 train_imin: -1.1011 time: 3.3621s
INFO:root:Epoch: 0995 lr: 0.01 train_loss: 93894.0625 train_distortion: 0.8242 train_mapscore: 0.0962 train_c: -1.1016 train_max_dist: 3.2306 train_imax: -0.0000 train_imin: -1.1016 time: 3.4810s
INFO:root:Epoch: 1000 lr: 0.01 train_loss: 93885.3594 train_distortion: 0.8241 train_mapscore: 0.0957 train_c: -1.1021 train_max_dist: 3.2281 train_imax: -0.0000 train_imin: -1.1021 time: 3.3333s
INFO:root:Epoch: 1005 lr: 0.01 train_loss: 93876.7188 train_distortion: 0.8240 train_mapscore: 0.0956 train_c: -1.1026 train_max_dist: 3.2290 train_imax: -0.0000 train_imin: -1.1026 time: 3.3262s
INFO:root:Epoch: 1010 lr: 0.01 train_loss: 93868.2188 train_distortion: 0.8239 train_mapscore: 0.0949 train_c: -1.1031 train_max_dist: 3.2293 train_imax: -0.0000 train_imin: -1.1031 time: 3.3138s
INFO:root:Epoch: 1015 lr: 0.01 train_loss: 93859.8516 train_distortion: 0.8238 train_mapscore: 0.0947 train_c: -1.1036 train_max_dist: 3.2331 train_imax: -0.0000 train_imin: -1.1036 time: 4.1199s
INFO:root:Epoch: 1020 lr: 0.01 train_loss: 93851.5312 train_distortion: 0.8237 train_mapscore: 0.0946 train_c: -1.1041 train_max_dist: 3.2331 train_imax: -0.0000 train_imin: -1.1041 time: 4.5809s
INFO:root:Epoch: 1025 lr: 0.01 train_loss: 93843.3281 train_distortion: 0.8236 train_mapscore: 0.0937 train_c: -1.1046 train_max_dist: 3.2350 train_imax: -0.0000 train_imin: -1.1046 time: 4.2441s
INFO:root:Epoch: 1030 lr: 0.01 train_loss: 93834.8125 train_distortion: 0.8236 train_mapscore: 0.0948 train_c: -1.1051 train_max_dist: 3.2378 train_imax: -0.0000 train_imin: -1.1051 time: 3.5898s
INFO:root:Epoch: 1035 lr: 0.01 train_loss: 93826.1953 train_distortion: 0.8235 train_mapscore: 0.0937 train_c: -1.1056 train_max_dist: 3.2377 train_imax: -0.0000 train_imin: -1.1056 time: 3.1556s
INFO:root:Epoch: 1040 lr: 0.01 train_loss: 93817.7188 train_distortion: 0.8234 train_mapscore: 0.0952 train_c: -1.1061 train_max_dist: 3.2423 train_imax: -0.0000 train_imin: -1.1061 time: 3.1523s
INFO:root:Epoch: 1045 lr: 0.01 train_loss: 93809.2812 train_distortion: 0.8233 train_mapscore: 0.0943 train_c: -1.1066 train_max_dist: 3.2470 train_imax: -0.0000 train_imin: -1.1066 time: 3.1691s
INFO:root:Epoch: 1050 lr: 0.01 train_loss: 93800.7578 train_distortion: 0.8232 train_mapscore: 0.0948 train_c: -1.1071 train_max_dist: 3.2498 train_imax: -0.0000 train_imin: -1.1071 time: 3.1521s
INFO:root:Epoch: 1055 lr: 0.01 train_loss: 93792.5469 train_distortion: 0.8232 train_mapscore: 0.0933 train_c: -1.1076 train_max_dist: 3.2511 train_imax: -0.0000 train_imin: -1.1076 time: 3.1532s
INFO:root:Epoch: 1060 lr: 0.01 train_loss: 93784.2188 train_distortion: 0.8231 train_mapscore: 0.0926 train_c: -1.1081 train_max_dist: 3.2499 train_imax: -0.0000 train_imin: -1.1081 time: 3.3928s
INFO:root:Epoch: 1065 lr: 0.01 train_loss: 93775.4688 train_distortion: 0.8230 train_mapscore: 0.0932 train_c: -1.1086 train_max_dist: 3.2554 train_imax: -0.0000 train_imin: -1.1085 time: 3.5486s
INFO:root:Epoch: 1070 lr: 0.01 train_loss: 93766.9766 train_distortion: 0.8229 train_mapscore: 0.0939 train_c: -1.1090 train_max_dist: 3.2539 train_imax: -0.0000 train_imin: -1.1090 time: 3.3340s
INFO:root:Epoch: 1075 lr: 0.01 train_loss: 93758.4844 train_distortion: 0.8228 train_mapscore: 0.0927 train_c: -1.1095 train_max_dist: 3.2560 train_imax: -0.0000 train_imin: -1.1095 time: 3.4086s
INFO:root:Epoch: 1080 lr: 0.01 train_loss: 93749.9219 train_distortion: 0.8228 train_mapscore: 0.0945 train_c: -1.1100 train_max_dist: 3.2584 train_imax: -0.0000 train_imin: -1.1100 time: 4.4068s
INFO:root:Epoch: 1085 lr: 0.01 train_loss: 93741.3906 train_distortion: 0.8227 train_mapscore: 0.0955 train_c: -1.1105 train_max_dist: 3.2590 train_imax: -0.0000 train_imin: -1.1105 time: 4.4999s
INFO:root:Epoch: 1090 lr: 0.01 train_loss: 93732.9375 train_distortion: 0.8226 train_mapscore: 0.0950 train_c: -1.1110 train_max_dist: 3.2595 train_imax: -0.0000 train_imin: -1.1110 time: 3.6358s
INFO:root:Epoch: 1095 lr: 0.01 train_loss: 93724.2734 train_distortion: 0.8226 train_mapscore: 0.0969 train_c: -1.1115 train_max_dist: 3.2555 train_imax: -0.0000 train_imin: -1.1115 time: 3.1534s
INFO:root:Epoch: 1100 lr: 0.01 train_loss: 93715.4219 train_distortion: 0.8225 train_mapscore: 0.0985 train_c: -1.1120 train_max_dist: 3.2542 train_imax: -0.0000 train_imin: -1.1120 time: 3.1380s
INFO:root:Epoch: 1105 lr: 0.01 train_loss: 93706.6250 train_distortion: 0.8224 train_mapscore: 0.0966 train_c: -1.1125 train_max_dist: 3.2569 train_imax: -0.0000 train_imin: -1.1125 time: 3.1475s
INFO:root:Epoch: 1110 lr: 0.01 train_loss: 93697.7656 train_distortion: 0.8223 train_mapscore: 0.0978 train_c: -1.1130 train_max_dist: 3.2632 train_imax: -0.0000 train_imin: -1.1130 time: 3.1580s
INFO:root:Epoch: 1115 lr: 0.01 train_loss: 93689.0547 train_distortion: 0.8223 train_mapscore: 0.0982 train_c: -1.1135 train_max_dist: 3.2603 train_imax: -0.0000 train_imin: -1.1135 time: 3.1480s
INFO:root:Epoch: 1120 lr: 0.01 train_loss: 93680.4531 train_distortion: 0.8222 train_mapscore: 0.0982 train_c: -1.1140 train_max_dist: 3.2611 train_imax: -0.0000 train_imin: -1.1140 time: 3.3710s
INFO:root:Epoch: 1125 lr: 0.01 train_loss: 93671.9062 train_distortion: 0.8221 train_mapscore: 0.0984 train_c: -1.1145 train_max_dist: 3.2596 train_imax: -0.0000 train_imin: -1.1145 time: 3.3151s
INFO:root:Epoch: 1130 lr: 0.01 train_loss: 93662.8594 train_distortion: 0.8220 train_mapscore: 0.0980 train_c: -1.1150 train_max_dist: 3.2610 train_imax: -0.0000 train_imin: -1.1150 time: 3.3928s
INFO:root:Epoch: 1135 lr: 0.01 train_loss: 93654.0469 train_distortion: 0.8220 train_mapscore: 0.0981 train_c: -1.1155 train_max_dist: 3.2639 train_imax: -0.0000 train_imin: -1.1155 time: 4.3972s
INFO:root:Epoch: 1140 lr: 0.01 train_loss: 93645.3047 train_distortion: 0.8219 train_mapscore: 0.0981 train_c: -1.1160 train_max_dist: 3.2641 train_imax: -0.0000 train_imin: -1.1160 time: 4.3401s
INFO:root:Epoch: 1145 lr: 0.01 train_loss: 93636.7031 train_distortion: 0.8218 train_mapscore: 0.0971 train_c: -1.1165 train_max_dist: 3.2707 train_imax: -0.0000 train_imin: -1.1165 time: 3.5734s
INFO:root:Epoch: 1150 lr: 0.01 train_loss: 93628.3125 train_distortion: 0.8217 train_mapscore: 0.0973 train_c: -1.1170 train_max_dist: 3.2664 train_imax: -0.0000 train_imin: -1.1170 time: 3.1670s
INFO:root:Epoch: 1155 lr: 0.01 train_loss: 93619.9219 train_distortion: 0.8216 train_mapscore: 0.0963 train_c: -1.1175 train_max_dist: 3.2725 train_imax: -0.0000 train_imin: -1.1175 time: 3.1531s
INFO:root:Epoch: 1160 lr: 0.01 train_loss: 93611.5078 train_distortion: 0.8215 train_mapscore: 0.0966 train_c: -1.1180 train_max_dist: 3.2703 train_imax: -0.0000 train_imin: -1.1180 time: 3.1551s
INFO:root:Epoch: 1165 lr: 0.01 train_loss: 93602.9688 train_distortion: 0.8215 train_mapscore: 0.0967 train_c: -1.1185 train_max_dist: 3.2775 train_imax: -0.0000 train_imin: -1.1185 time: 3.4066s
INFO:root:Epoch: 1170 lr: 0.01 train_loss: 93594.5938 train_distortion: 0.8214 train_mapscore: 0.0978 train_c: -1.1190 train_max_dist: 3.2726 train_imax: -0.0000 train_imin: -1.1190 time: 3.3969s
INFO:root:Epoch: 1175 lr: 0.01 train_loss: 93586.2188 train_distortion: 0.8213 train_mapscore: 0.0981 train_c: -1.1195 train_max_dist: 3.2760 train_imax: -0.0000 train_imin: -1.1195 time: 4.4764s
INFO:root:Epoch: 1180 lr: 0.01 train_loss: 93577.7891 train_distortion: 0.8212 train_mapscore: 0.0970 train_c: -1.1200 train_max_dist: 3.2802 train_imax: -0.0000 train_imin: -1.1200 time: 3.4921s
INFO:root:Epoch: 1185 lr: 0.01 train_loss: 93569.3672 train_distortion: 0.8211 train_mapscore: 0.0972 train_c: -1.1205 train_max_dist: 3.2785 train_imax: -0.0000 train_imin: -1.1205 time: 3.1669s
INFO:root:Epoch: 1190 lr: 0.01 train_loss: 93560.8594 train_distortion: 0.8210 train_mapscore: 0.0984 train_c: -1.1210 train_max_dist: 3.2941 train_imax: -0.0000 train_imin: -1.1210 time: 3.1547s
INFO:root:Epoch: 1195 lr: 0.01 train_loss: 93552.2656 train_distortion: 0.8210 train_mapscore: 0.0984 train_c: -1.1215 train_max_dist: 3.2796 train_imax: -0.0000 train_imin: -1.1215 time: 3.3852s
INFO:root:Epoch: 1200 lr: 0.01 train_loss: 93543.5625 train_distortion: 0.8209 train_mapscore: 0.0992 train_c: -1.1220 train_max_dist: 3.2860 train_imax: -0.0000 train_imin: -1.1220 time: 3.3695s
INFO:root:Epoch: 1205 lr: 0.01 train_loss: 93534.9688 train_distortion: 0.8208 train_mapscore: 0.1004 train_c: -1.1225 train_max_dist: 3.2984 train_imax: -0.0000 train_imin: -1.1225 time: 4.4837s
INFO:root:Epoch: 1210 lr: 0.01 train_loss: 93526.4375 train_distortion: 0.8207 train_mapscore: 0.1005 train_c: -1.1230 train_max_dist: 3.2837 train_imax: -0.0000 train_imin: -1.1230 time: 3.4038s
INFO:root:Epoch: 1215 lr: 0.01 train_loss: 93518.1406 train_distortion: 0.8206 train_mapscore: 0.1000 train_c: -1.1235 train_max_dist: 3.2847 train_imax: -0.0000 train_imin: -1.1235 time: 3.1545s
INFO:root:Epoch: 1220 lr: 0.01 train_loss: 93509.4297 train_distortion: 0.8205 train_mapscore: 0.1001 train_c: -1.1240 train_max_dist: 3.2942 train_imax: -0.0000 train_imin: -1.1240 time: 3.1584s
INFO:root:Epoch: 1225 lr: 0.01 train_loss: 93500.8906 train_distortion: 0.8204 train_mapscore: 0.0990 train_c: -1.1245 train_max_dist: 3.3121 train_imax: -0.0000 train_imin: -1.1245 time: 3.4300s
INFO:root:Epoch: 1230 lr: 0.01 train_loss: 93492.3906 train_distortion: 0.8204 train_mapscore: 0.0985 train_c: -1.1250 train_max_dist: 3.3149 train_imax: -0.0000 train_imin: -1.1250 time: 3.3911s
INFO:root:Epoch: 1235 lr: 0.01 train_loss: 93483.8438 train_distortion: 0.8203 train_mapscore: 0.1001 train_c: -1.1255 train_max_dist: 3.3061 train_imax: -0.0000 train_imin: -1.1255 time: 4.5341s
INFO:root:Epoch: 1240 lr: 0.01 train_loss: 93475.1641 train_distortion: 0.8202 train_mapscore: 0.1000 train_c: -1.1260 train_max_dist: 3.3018 train_imax: -0.0000 train_imin: -1.1260 time: 3.4844s
INFO:root:Epoch: 1245 lr: 0.01 train_loss: 93466.5156 train_distortion: 0.8201 train_mapscore: 0.1003 train_c: -1.1265 train_max_dist: 3.3055 train_imax: -0.0000 train_imin: -1.1265 time: 3.1529s
INFO:root:Epoch: 1250 lr: 0.01 train_loss: 93457.9297 train_distortion: 0.8200 train_mapscore: 0.1008 train_c: -1.1270 train_max_dist: 3.3102 train_imax: -0.0000 train_imin: -1.1270 time: 3.1530s
INFO:root:Epoch: 1255 lr: 0.01 train_loss: 93449.3438 train_distortion: 0.8200 train_mapscore: 0.0999 train_c: -1.1275 train_max_dist: 3.3159 train_imax: -0.0000 train_imin: -1.1275 time: 3.5020s
INFO:root:Epoch: 1260 lr: 0.01 train_loss: 93440.7812 train_distortion: 0.8199 train_mapscore: 0.1019 train_c: -1.1280 train_max_dist: 3.3144 train_imax: -0.0000 train_imin: -1.1280 time: 3.3096s
INFO:root:Epoch: 1265 lr: 0.01 train_loss: 93432.2656 train_distortion: 0.8198 train_mapscore: 0.0996 train_c: -1.1285 train_max_dist: 3.3271 train_imax: -0.0000 train_imin: -1.1285 time: 4.4904s
INFO:root:Epoch: 1270 lr: 0.01 train_loss: 93423.7031 train_distortion: 0.8197 train_mapscore: 0.0989 train_c: -1.1291 train_max_dist: 3.3305 train_imax: -0.0000 train_imin: -1.1290 time: 3.2116s
INFO:root:Epoch: 1275 lr: 0.01 train_loss: 93415.1172 train_distortion: 0.8196 train_mapscore: 0.1002 train_c: -1.1296 train_max_dist: 3.3393 train_imax: -0.0000 train_imin: -1.1295 time: 3.1419s
INFO:root:Epoch: 1280 lr: 0.01 train_loss: 93406.3594 train_distortion: 0.8196 train_mapscore: 0.0999 train_c: -1.1301 train_max_dist: 3.3566 train_imax: -0.0000 train_imin: -1.1301 time: 3.1340s
INFO:root:Epoch: 1285 lr: 0.01 train_loss: 93397.2578 train_distortion: 0.8195 train_mapscore: 0.1005 train_c: -1.1306 train_max_dist: 3.3529 train_imax: -0.0000 train_imin: -1.1306 time: 3.5527s
INFO:root:Epoch: 1290 lr: 0.01 train_loss: 93388.0312 train_distortion: 0.8194 train_mapscore: 0.0987 train_c: -1.1311 train_max_dist: 3.3833 train_imax: -0.0000 train_imin: -1.1311 time: 3.2982s
INFO:root:Epoch: 1295 lr: 0.01 train_loss: 93378.5938 train_distortion: 0.8193 train_mapscore: 0.0995 train_c: -1.1316 train_max_dist: 3.3556 train_imax: -0.0000 train_imin: -1.1316 time: 4.0936s
INFO:root:Epoch: 1300 lr: 0.01 train_loss: 93369.5781 train_distortion: 0.8192 train_mapscore: 0.1005 train_c: -1.1321 train_max_dist: 3.3736 train_imax: -0.0000 train_imin: -1.1321 time: 3.1417s
INFO:root:Epoch: 1305 lr: 0.01 train_loss: 93360.7422 train_distortion: 0.8191 train_mapscore: 0.0988 train_c: -1.1326 train_max_dist: 3.3852 train_imax: -0.0000 train_imin: -1.1326 time: 3.1508s
INFO:root:Epoch: 1310 lr: 0.01 train_loss: 93352.0156 train_distortion: 0.8190 train_mapscore: 0.1007 train_c: -1.1331 train_max_dist: 3.4119 train_imax: -0.0000 train_imin: -1.1331 time: 3.3865s
INFO:root:Epoch: 1315 lr: 0.01 train_loss: 93343.3906 train_distortion: 0.8189 train_mapscore: 0.1013 train_c: -1.1336 train_max_dist: 3.4248 train_imax: -0.0000 train_imin: -1.1336 time: 3.5852s
INFO:root:Epoch: 1320 lr: 0.01 train_loss: 93334.7812 train_distortion: 0.8188 train_mapscore: 0.1016 train_c: -1.1341 train_max_dist: 3.4319 train_imax: -0.0000 train_imin: -1.1341 time: 3.1578s
INFO:root:Epoch: 1325 lr: 0.01 train_loss: 93326.1719 train_distortion: 0.8188 train_mapscore: 0.1019 train_c: -1.1346 train_max_dist: 3.4214 train_imax: -0.0000 train_imin: -1.1346 time: 3.5532s
INFO:root:Epoch: 1330 lr: 0.01 train_loss: 93317.4141 train_distortion: 0.8187 train_mapscore: 0.1001 train_c: -1.1351 train_max_dist: 3.4285 train_imax: -0.0000 train_imin: -1.1351 time: 4.5700s
INFO:root:Epoch: 1335 lr: 0.01 train_loss: 93308.6953 train_distortion: 0.8186 train_mapscore: 0.1008 train_c: -1.1356 train_max_dist: 3.4426 train_imax: -0.0000 train_imin: -1.1356 time: 3.1441s
INFO:root:Epoch: 1340 lr: 0.01 train_loss: 93300.0781 train_distortion: 0.8185 train_mapscore: 0.1007 train_c: -1.1361 train_max_dist: 3.4445 train_imax: -0.0000 train_imin: -1.1361 time: 3.1777s
INFO:root:Epoch: 1345 lr: 0.01 train_loss: 93291.4844 train_distortion: 0.8184 train_mapscore: 0.1016 train_c: -1.1366 train_max_dist: 3.4546 train_imax: -0.0000 train_imin: -1.1366 time: 3.3673s
INFO:root:Epoch: 1350 lr: 0.01 train_loss: 93282.7812 train_distortion: 0.8183 train_mapscore: 0.1005 train_c: -1.1371 train_max_dist: 3.4646 train_imax: -0.0000 train_imin: -1.1371 time: 3.5847s
INFO:root:Epoch: 1355 lr: 0.01 train_loss: 93274.1250 train_distortion: 0.8182 train_mapscore: 0.1008 train_c: -1.1376 train_max_dist: 3.4626 train_imax: -0.0000 train_imin: -1.1376 time: 3.1444s
INFO:root:Epoch: 1360 lr: 0.01 train_loss: 93265.5547 train_distortion: 0.8182 train_mapscore: 0.1008 train_c: -1.1381 train_max_dist: 3.4511 train_imax: -0.0000 train_imin: -1.1381 time: 3.5705s
INFO:root:Epoch: 1365 lr: 0.01 train_loss: 93256.9453 train_distortion: 0.8181 train_mapscore: 0.1003 train_c: -1.1386 train_max_dist: 3.4518 train_imax: -0.0000 train_imin: -1.1386 time: 4.4937s
INFO:root:Epoch: 1370 lr: 0.01 train_loss: 93248.3359 train_distortion: 0.8180 train_mapscore: 0.1006 train_c: -1.1391 train_max_dist: 3.4421 train_imax: -0.0000 train_imin: -1.1391 time: 3.1487s
INFO:root:Epoch: 1375 lr: 0.01 train_loss: 93239.7188 train_distortion: 0.8179 train_mapscore: 0.1004 train_c: -1.1396 train_max_dist: 3.4588 train_imax: -0.0000 train_imin: -1.1396 time: 3.5732s
INFO:root:Epoch: 1380 lr: 0.01 train_loss: 93231.1328 train_distortion: 0.8178 train_mapscore: 0.1007 train_c: -1.1401 train_max_dist: 3.4537 train_imax: -0.0000 train_imin: -1.1401 time: 4.3457s
INFO:root:Epoch: 1385 lr: 0.01 train_loss: 93222.5703 train_distortion: 0.8177 train_mapscore: 0.0996 train_c: -1.1406 train_max_dist: 3.4862 train_imax: -0.0000 train_imin: -1.1406 time: 3.1455s
INFO:root:Epoch: 1390 lr: 0.01 train_loss: 93213.9531 train_distortion: 0.8176 train_mapscore: 0.1002 train_c: -1.1411 train_max_dist: 3.4586 train_imax: -0.0000 train_imin: -1.1411 time: 3.6327s
INFO:root:Epoch: 1395 lr: 0.01 train_loss: 93205.3750 train_distortion: 0.8175 train_mapscore: 0.0993 train_c: -1.1416 train_max_dist: 3.4682 train_imax: -0.0000 train_imin: -1.1416 time: 3.5772s
INFO:root:Epoch: 1400 lr: 0.01 train_loss: 93196.7969 train_distortion: 0.8174 train_mapscore: 0.1009 train_c: -1.1421 train_max_dist: 3.4509 train_imax: -0.0000 train_imin: -1.1421 time: 3.1472s
INFO:root:Epoch: 1405 lr: 0.01 train_loss: 93188.0938 train_distortion: 0.8173 train_mapscore: 0.0999 train_c: -1.1426 train_max_dist: 3.4688 train_imax: -0.0000 train_imin: -1.1426 time: 4.1350s
INFO:root:Epoch: 1410 lr: 0.01 train_loss: 93179.3125 train_distortion: 0.8172 train_mapscore: 0.0997 train_c: -1.1431 train_max_dist: 3.4739 train_imax: -0.0000 train_imin: -1.1431 time: 3.1577s
INFO:root:Epoch: 1415 lr: 0.01 train_loss: 93170.6250 train_distortion: 0.8171 train_mapscore: 0.1000 train_c: -1.1436 train_max_dist: 3.4672 train_imax: -0.0000 train_imin: -1.1436 time: 3.3708s
INFO:root:Epoch: 1420 lr: 0.01 train_loss: 93161.9688 train_distortion: 0.8170 train_mapscore: 0.0993 train_c: -1.1441 train_max_dist: 3.4918 train_imax: -0.0000 train_imin: -1.1441 time: 3.9026s
INFO:root:Epoch: 1425 lr: 0.01 train_loss: 93153.2812 train_distortion: 0.8169 train_mapscore: 0.0997 train_c: -1.1446 train_max_dist: 3.4720 train_imax: -0.0000 train_imin: -1.1446 time: 3.1492s
INFO:root:Epoch: 1430 lr: 0.01 train_loss: 93144.6172 train_distortion: 0.8168 train_mapscore: 0.0998 train_c: -1.1451 train_max_dist: 3.4768 train_imax: -0.0000 train_imin: -1.1451 time: 4.3191s
INFO:root:Epoch: 1435 lr: 0.01 train_loss: 93135.9688 train_distortion: 0.8167 train_mapscore: 0.0999 train_c: -1.1456 train_max_dist: 3.4861 train_imax: -0.0000 train_imin: -1.1456 time: 3.1461s
INFO:root:Epoch: 1440 lr: 0.01 train_loss: 93127.3672 train_distortion: 0.8166 train_mapscore: 0.0987 train_c: -1.1461 train_max_dist: 3.5036 train_imax: -0.0000 train_imin: -1.1461 time: 4.0007s
INFO:root:Epoch: 1445 lr: 0.01 train_loss: 93118.7500 train_distortion: 0.8165 train_mapscore: 0.0988 train_c: -1.1466 train_max_dist: 3.4843 train_imax: -0.0000 train_imin: -1.1466 time: 3.1483s
INFO:root:Epoch: 1450 lr: 0.01 train_loss: 93110.1406 train_distortion: 0.8164 train_mapscore: 0.0983 train_c: -1.1471 train_max_dist: 3.4857 train_imax: -0.0000 train_imin: -1.1471 time: 3.3465s
INFO:root:Epoch: 1455 lr: 0.01 train_loss: 93101.5156 train_distortion: 0.8163 train_mapscore: 0.0978 train_c: -1.1476 train_max_dist: 3.4884 train_imax: -0.0000 train_imin: -1.1476 time: 3.2273s
INFO:root:Epoch: 1460 lr: 0.01 train_loss: 93092.8750 train_distortion: 0.8162 train_mapscore: 0.0979 train_c: -1.1481 train_max_dist: 3.5062 train_imax: -0.0000 train_imin: -1.1481 time: 3.8291s
INFO:root:Epoch: 1465 lr: 0.01 train_loss: 93084.1562 train_distortion: 0.8161 train_mapscore: 0.0998 train_c: -1.1486 train_max_dist: 3.4987 train_imax: -0.0000 train_imin: -1.1486 time: 3.1550s
INFO:root:Epoch: 1470 lr: 0.01 train_loss: 93075.6250 train_distortion: 0.8160 train_mapscore: 0.0982 train_c: -1.1491 train_max_dist: 3.4802 train_imax: -0.0000 train_imin: -1.1491 time: 3.4166s
INFO:root:Epoch: 1475 lr: 0.01 train_loss: 93066.8203 train_distortion: 0.8159 train_mapscore: 0.0997 train_c: -1.1496 train_max_dist: 3.4940 train_imax: -0.0000 train_imin: -1.1496 time: 3.1584s
INFO:root:Epoch: 1480 lr: 0.01 train_loss: 93058.1562 train_distortion: 0.8158 train_mapscore: 0.0989 train_c: -1.1501 train_max_dist: 3.5001 train_imax: -0.0000 train_imin: -1.1501 time: 3.8739s
INFO:root:Epoch: 1485 lr: 0.01 train_loss: 93049.4844 train_distortion: 0.8157 train_mapscore: 0.0985 train_c: -1.1506 train_max_dist: 3.5154 train_imax: -0.0000 train_imin: -1.1506 time: 3.1611s
INFO:root:Epoch: 1490 lr: 0.01 train_loss: 93040.8203 train_distortion: 0.8156 train_mapscore: 0.0995 train_c: -1.1511 train_max_dist: 3.5048 train_imax: -0.0000 train_imin: -1.1511 time: 4.6157s
INFO:root:Epoch: 1495 lr: 0.01 train_loss: 93032.1797 train_distortion: 0.8155 train_mapscore: 0.0990 train_c: -1.1516 train_max_dist: 3.5146 train_imax: -0.0000 train_imin: -1.1516 time: 3.1683s
INFO:root:Epoch: 1500 lr: 0.01 train_loss: 93023.5312 train_distortion: 0.8154 train_mapscore: 0.0985 train_c: -1.1521 train_max_dist: 3.5054 train_imax: -0.0000 train_imin: -1.1521 time: 4.4103s
INFO:root:Epoch: 1505 lr: 0.01 train_loss: 93014.8906 train_distortion: 0.8153 train_mapscore: 0.0985 train_c: -1.1526 train_max_dist: 3.5241 train_imax: -0.0000 train_imin: -1.1526 time: 3.1551s
INFO:root:Epoch: 1510 lr: 0.01 train_loss: 93006.2344 train_distortion: 0.8152 train_mapscore: 0.0983 train_c: -1.1531 train_max_dist: 3.5261 train_imax: -0.0000 train_imin: -1.1531 time: 3.1663s
INFO:root:Epoch: 1515 lr: 0.01 train_loss: 92997.5859 train_distortion: 0.8151 train_mapscore: 0.0972 train_c: -1.1536 train_max_dist: 3.5225 train_imax: -0.0000 train_imin: -1.1536 time: 3.3283s
INFO:root:Epoch: 1520 lr: 0.01 train_loss: 92988.9062 train_distortion: 0.8150 train_mapscore: 0.0992 train_c: -1.1541 train_max_dist: 3.5154 train_imax: -0.0000 train_imin: -1.1541 time: 3.1448s
INFO:root:Epoch: 1525 lr: 0.01 train_loss: 92980.2266 train_distortion: 0.8149 train_mapscore: 0.0995 train_c: -1.1546 train_max_dist: 3.5160 train_imax: -0.0000 train_imin: -1.1546 time: 4.5339s
INFO:root:Epoch: 1530 lr: 0.01 train_loss: 92971.5156 train_distortion: 0.8148 train_mapscore: 0.0996 train_c: -1.1551 train_max_dist: 3.5308 train_imax: -0.0000 train_imin: -1.1551 time: 3.1523s
INFO:root:Epoch: 1535 lr: 0.01 train_loss: 92962.7969 train_distortion: 0.8147 train_mapscore: 0.0996 train_c: -1.1556 train_max_dist: 3.5309 train_imax: -0.0000 train_imin: -1.1556 time: 3.9404s
INFO:root:Epoch: 1540 lr: 0.01 train_loss: 92954.0312 train_distortion: 0.8146 train_mapscore: 0.0986 train_c: -1.1561 train_max_dist: 3.5291 train_imax: -0.0000 train_imin: -1.1561 time: 3.3886s
INFO:root:Epoch: 1545 lr: 0.01 train_loss: 92945.2031 train_distortion: 0.8145 train_mapscore: 0.0990 train_c: -1.1566 train_max_dist: 3.5364 train_imax: -0.0000 train_imin: -1.1566 time: 3.1574s
INFO:root:Epoch: 1550 lr: 0.01 train_loss: 92936.3281 train_distortion: 0.8144 train_mapscore: 0.0997 train_c: -1.1571 train_max_dist: 3.5385 train_imax: -0.0000 train_imin: -1.1571 time: 3.5945s
INFO:root:Epoch: 1555 lr: 0.01 train_loss: 92927.4688 train_distortion: 0.8143 train_mapscore: 0.0993 train_c: -1.1576 train_max_dist: 3.5194 train_imax: -0.0000 train_imin: -1.1576 time: 3.1439s
INFO:root:Epoch: 1560 lr: 0.01 train_loss: 92918.6875 train_distortion: 0.8142 train_mapscore: 0.0992 train_c: -1.1581 train_max_dist: 3.5533 train_imax: -0.0000 train_imin: -1.1581 time: 4.5738s
INFO:root:Epoch: 1565 lr: 0.01 train_loss: 92909.8828 train_distortion: 0.8141 train_mapscore: 0.0995 train_c: -1.1586 train_max_dist: 3.5544 train_imax: -0.0000 train_imin: -1.1586 time: 3.1494s
INFO:root:Epoch: 1570 lr: 0.01 train_loss: 92901.0547 train_distortion: 0.8140 train_mapscore: 0.0992 train_c: -1.1591 train_max_dist: 3.5508 train_imax: -0.0000 train_imin: -1.1591 time: 3.2992s
INFO:root:Epoch: 1575 lr: 0.01 train_loss: 92892.2500 train_distortion: 0.8139 train_mapscore: 0.0994 train_c: -1.1596 train_max_dist: 3.5511 train_imax: -0.0000 train_imin: -1.1596 time: 3.3236s
INFO:root:Epoch: 1580 lr: 0.01 train_loss: 92883.2500 train_distortion: 0.8138 train_mapscore: 0.0990 train_c: -1.1601 train_max_dist: 3.5485 train_imax: -0.0000 train_imin: -1.1601 time: 3.1503s
INFO:root:Epoch: 1585 lr: 0.01 train_loss: 92874.0625 train_distortion: 0.8138 train_mapscore: 0.1008 train_c: -1.1606 train_max_dist: 3.5494 train_imax: -0.0000 train_imin: -1.1606 time: 4.4221s
INFO:root:Epoch: 1590 lr: 0.01 train_loss: 92864.8672 train_distortion: 0.8137 train_mapscore: 0.1009 train_c: -1.1611 train_max_dist: 3.5517 train_imax: -0.0000 train_imin: -1.1611 time: 3.2282s
INFO:root:Epoch: 1595 lr: 0.01 train_loss: 92855.8281 train_distortion: 0.8136 train_mapscore: 0.1012 train_c: -1.1616 train_max_dist: 3.5497 train_imax: -0.0000 train_imin: -1.1616 time: 3.1447s
INFO:root:Epoch: 1600 lr: 0.01 train_loss: 92846.8594 train_distortion: 0.8135 train_mapscore: 0.1023 train_c: -1.1621 train_max_dist: 3.5385 train_imax: -0.0000 train_imin: -1.1621 time: 4.1215s
INFO:root:Epoch: 1605 lr: 0.01 train_loss: 92837.6562 train_distortion: 0.8134 train_mapscore: 0.1017 train_c: -1.1626 train_max_dist: 3.5522 train_imax: -0.0000 train_imin: -1.1626 time: 3.1367s
INFO:root:Epoch: 1610 lr: 0.01 train_loss: 92828.5781 train_distortion: 0.8133 train_mapscore: 0.1025 train_c: -1.1631 train_max_dist: 3.5522 train_imax: -0.0000 train_imin: -1.1631 time: 3.6077s
INFO:root:Epoch: 1615 lr: 0.01 train_loss: 92819.5234 train_distortion: 0.8132 train_mapscore: 0.1027 train_c: -1.1636 train_max_dist: 3.5663 train_imax: -0.0000 train_imin: -1.1636 time: 3.5503s
INFO:root:Epoch: 1620 lr: 0.01 train_loss: 92810.6406 train_distortion: 0.8131 train_mapscore: 0.1024 train_c: -1.1641 train_max_dist: 3.5679 train_imax: -0.0000 train_imin: -1.1641 time: 3.1417s
INFO:root:Epoch: 1625 lr: 0.01 train_loss: 92801.7969 train_distortion: 0.8130 train_mapscore: 0.1022 train_c: -1.1646 train_max_dist: 3.5701 train_imax: -0.0000 train_imin: -1.1646 time: 4.4215s
INFO:root:Epoch: 1630 lr: 0.01 train_loss: 92792.8828 train_distortion: 0.8129 train_mapscore: 0.1020 train_c: -1.1651 train_max_dist: 3.5686 train_imax: -0.0000 train_imin: -1.1651 time: 3.3611s
INFO:root:Epoch: 1635 lr: 0.01 train_loss: 92784.0234 train_distortion: 0.8128 train_mapscore: 0.1014 train_c: -1.1656 train_max_dist: 3.5645 train_imax: -0.0000 train_imin: -1.1656 time: 3.1495s
INFO:root:Epoch: 1640 lr: 0.01 train_loss: 92775.1406 train_distortion: 0.8127 train_mapscore: 0.1012 train_c: -1.1661 train_max_dist: 3.5786 train_imax: -0.0000 train_imin: -1.1661 time: 4.6354s
INFO:root:Epoch: 1645 lr: 0.01 train_loss: 92766.2812 train_distortion: 0.8127 train_mapscore: 0.1018 train_c: -1.1666 train_max_dist: 3.5760 train_imax: -0.0000 train_imin: -1.1666 time: 3.3787s
INFO:root:Epoch: 1650 lr: 0.01 train_loss: 92757.4062 train_distortion: 0.8126 train_mapscore: 0.1020 train_c: -1.1671 train_max_dist: 3.5787 train_imax: -0.0000 train_imin: -1.1671 time: 3.1463s
INFO:root:Epoch: 1655 lr: 0.01 train_loss: 92748.5234 train_distortion: 0.8125 train_mapscore: 0.1020 train_c: -1.1676 train_max_dist: 3.5766 train_imax: -0.0000 train_imin: -1.1676 time: 4.6309s
INFO:root:Epoch: 1660 lr: 0.01 train_loss: 92739.5938 train_distortion: 0.8124 train_mapscore: 0.1021 train_c: -1.1681 train_max_dist: 3.5908 train_imax: -0.0000 train_imin: -1.1681 time: 3.2163s
INFO:root:Epoch: 1665 lr: 0.01 train_loss: 92730.6094 train_distortion: 0.8123 train_mapscore: 0.1035 train_c: -1.1686 train_max_dist: 3.5968 train_imax: -0.0000 train_imin: -1.1686 time: 3.1600s
INFO:root:Epoch: 1670 lr: 0.01 train_loss: 92721.4688 train_distortion: 0.8122 train_mapscore: 0.1049 train_c: -1.1691 train_max_dist: 3.5973 train_imax: -0.0000 train_imin: -1.1691 time: 4.6463s
INFO:root:Epoch: 1675 lr: 0.01 train_loss: 92712.2578 train_distortion: 0.8121 train_mapscore: 0.1049 train_c: -1.1696 train_max_dist: 3.5826 train_imax: -0.0000 train_imin: -1.1696 time: 3.1670s
INFO:root:Epoch: 1680 lr: 0.01 train_loss: 92703.1328 train_distortion: 0.8121 train_mapscore: 0.1070 train_c: -1.1701 train_max_dist: 3.5955 train_imax: -0.0000 train_imin: -1.1701 time: 3.1571s
INFO:root:Epoch: 1685 lr: 0.01 train_loss: 92693.9141 train_distortion: 0.8120 train_mapscore: 0.1070 train_c: -1.1706 train_max_dist: 3.5962 train_imax: -0.0000 train_imin: -1.1706 time: 4.5177s
INFO:root:Epoch: 1690 lr: 0.01 train_loss: 92684.7266 train_distortion: 0.8119 train_mapscore: 0.1064 train_c: -1.1711 train_max_dist: 3.5893 train_imax: -0.0000 train_imin: -1.1711 time: 3.1360s
INFO:root:Epoch: 1695 lr: 0.01 train_loss: 92675.4609 train_distortion: 0.8118 train_mapscore: 0.1074 train_c: -1.1716 train_max_dist: 3.5953 train_imax: -0.0000 train_imin: -1.1716 time: 3.1231s
INFO:root:Epoch: 1700 lr: 0.01 train_loss: 92666.2500 train_distortion: 0.8117 train_mapscore: 0.1057 train_c: -1.1721 train_max_dist: 3.6086 train_imax: -0.0000 train_imin: -1.1721 time: 3.3925s
INFO:root:Epoch: 1705 lr: 0.01 train_loss: 92657.0781 train_distortion: 0.8116 train_mapscore: 0.1064 train_c: -1.1726 train_max_dist: 3.6126 train_imax: -0.0000 train_imin: -1.1726 time: 3.1333s
INFO:root:Epoch: 1710 lr: 0.01 train_loss: 92648.0000 train_distortion: 0.8115 train_mapscore: 0.1062 train_c: -1.1731 train_max_dist: 3.6167 train_imax: -0.0000 train_imin: -1.1731 time: 3.3699s
INFO:root:Epoch: 1715 lr: 0.01 train_loss: 92639.0000 train_distortion: 0.8114 train_mapscore: 0.1059 train_c: -1.1736 train_max_dist: 3.5963 train_imax: -0.0000 train_imin: -1.1736 time: 3.3028s
INFO:root:Epoch: 1720 lr: 0.01 train_loss: 92629.8594 train_distortion: 0.8113 train_mapscore: 0.1059 train_c: -1.1741 train_max_dist: 3.6098 train_imax: -0.0000 train_imin: -1.1741 time: 3.1336s
INFO:root:Epoch: 1725 lr: 0.01 train_loss: 92620.8438 train_distortion: 0.8112 train_mapscore: 0.1050 train_c: -1.1746 train_max_dist: 3.6033 train_imax: -0.0000 train_imin: -1.1746 time: 3.3041s
INFO:root:Epoch: 1730 lr: 0.01 train_loss: 92611.7891 train_distortion: 0.8111 train_mapscore: 0.1040 train_c: -1.1751 train_max_dist: 3.6181 train_imax: -0.0000 train_imin: -1.1751 time: 3.9994s
INFO:root:Epoch: 1735 lr: 0.01 train_loss: 92602.7812 train_distortion: 0.8111 train_mapscore: 0.1055 train_c: -1.1756 train_max_dist: 3.6117 train_imax: -0.0000 train_imin: -1.1756 time: 3.1344s
INFO:root:Epoch: 1740 lr: 0.01 train_loss: 92593.7578 train_distortion: 0.8110 train_mapscore: 0.1040 train_c: -1.1761 train_max_dist: 3.6097 train_imax: -0.0000 train_imin: -1.1761 time: 3.3181s
INFO:root:Epoch: 1745 lr: 0.01 train_loss: 92584.7188 train_distortion: 0.8109 train_mapscore: 0.1058 train_c: -1.1766 train_max_dist: 3.6073 train_imax: -0.0000 train_imin: -1.1766 time: 3.9832s
INFO:root:Epoch: 1750 lr: 0.01 train_loss: 92575.6719 train_distortion: 0.8108 train_mapscore: 0.1056 train_c: -1.1771 train_max_dist: 3.6229 train_imax: -0.0000 train_imin: -1.1771 time: 3.1329s
INFO:root:Epoch: 1755 lr: 0.01 train_loss: 92566.6484 train_distortion: 0.8107 train_mapscore: 0.1058 train_c: -1.1776 train_max_dist: 3.6214 train_imax: -0.0000 train_imin: -1.1776 time: 3.1389s
INFO:root:Epoch: 1760 lr: 0.01 train_loss: 92557.6094 train_distortion: 0.8106 train_mapscore: 0.1060 train_c: -1.1781 train_max_dist: 3.6203 train_imax: -0.0000 train_imin: -1.1781 time: 4.6151s
INFO:root:Epoch: 1765 lr: 0.01 train_loss: 92548.5000 train_distortion: 0.8105 train_mapscore: 0.1059 train_c: -1.1786 train_max_dist: 3.6142 train_imax: -0.0000 train_imin: -1.1786 time: 3.1511s
INFO:root:Epoch: 1770 lr: 0.01 train_loss: 92539.3906 train_distortion: 0.8104 train_mapscore: 0.1068 train_c: -1.1791 train_max_dist: 3.6267 train_imax: -0.0000 train_imin: -1.1791 time: 3.1386s
INFO:root:Epoch: 1775 lr: 0.01 train_loss: 92530.1406 train_distortion: 0.8103 train_mapscore: 0.1068 train_c: -1.1796 train_max_dist: 3.6309 train_imax: -0.0000 train_imin: -1.1796 time: 4.6609s
INFO:root:Epoch: 1780 lr: 0.01 train_loss: 92520.6953 train_distortion: 0.8102 train_mapscore: 0.1072 train_c: -1.1801 train_max_dist: 3.6247 train_imax: -0.0000 train_imin: -1.1801 time: 3.3639s
INFO:root:Epoch: 1785 lr: 0.01 train_loss: 92511.3125 train_distortion: 0.8101 train_mapscore: 0.1082 train_c: -1.1806 train_max_dist: 3.6277 train_imax: -0.0000 train_imin: -1.1806 time: 3.1319s
INFO:root:Epoch: 1790 lr: 0.01 train_loss: 92502.2578 train_distortion: 0.8100 train_mapscore: 0.1096 train_c: -1.1811 train_max_dist: 3.6376 train_imax: -0.0000 train_imin: -1.1811 time: 4.2002s
INFO:root:Epoch: 1795 lr: 0.01 train_loss: 92492.9531 train_distortion: 0.8099 train_mapscore: 0.1080 train_c: -1.1816 train_max_dist: 3.6410 train_imax: -0.0000 train_imin: -1.1816 time: 3.3913s
INFO:root:Epoch: 1800 lr: 0.01 train_loss: 92483.4688 train_distortion: 0.8099 train_mapscore: 0.1084 train_c: -1.1821 train_max_dist: 3.6327 train_imax: -0.0000 train_imin: -1.1821 time: 3.1752s
INFO:root:Epoch: 1805 lr: 0.01 train_loss: 92473.9219 train_distortion: 0.8098 train_mapscore: 0.1093 train_c: -1.1826 train_max_dist: 3.6468 train_imax: -0.0000 train_imin: -1.1826 time: 4.1191s
INFO:root:Epoch: 1810 lr: 0.01 train_loss: 92464.4453 train_distortion: 0.8097 train_mapscore: 0.1089 train_c: -1.1831 train_max_dist: 3.6495 train_imax: -0.0000 train_imin: -1.1831 time: 3.5805s
INFO:root:Epoch: 1815 lr: 0.01 train_loss: 92455.0312 train_distortion: 0.8096 train_mapscore: 0.1088 train_c: -1.1836 train_max_dist: 3.6335 train_imax: -0.0000 train_imin: -1.1836 time: 3.1509s
INFO:root:Epoch: 1820 lr: 0.01 train_loss: 92445.7969 train_distortion: 0.8095 train_mapscore: 0.1096 train_c: -1.1841 train_max_dist: 3.6335 train_imax: -0.0000 train_imin: -1.1841 time: 3.3074s
INFO:root:Epoch: 1825 lr: 0.01 train_loss: 92436.5469 train_distortion: 0.8094 train_mapscore: 0.1094 train_c: -1.1846 train_max_dist: 3.6360 train_imax: -0.0000 train_imin: -1.1846 time: 4.2323s
INFO:root:Epoch: 1830 lr: 0.01 train_loss: 92426.8281 train_distortion: 0.8094 train_mapscore: 0.1081 train_c: -1.1851 train_max_dist: 3.6595 train_imax: -0.0000 train_imin: -1.1851 time: 3.1406s
INFO:root:Epoch: 1835 lr: 0.01 train_loss: 92417.2656 train_distortion: 0.8093 train_mapscore: 0.1090 train_c: -1.1856 train_max_dist: 3.6504 train_imax: -0.0000 train_imin: -1.1856 time: 3.1402s
INFO:root:Epoch: 1840 lr: 0.01 train_loss: 92407.6406 train_distortion: 0.8092 train_mapscore: 0.1086 train_c: -1.1861 train_max_dist: 3.6554 train_imax: -0.0000 train_imin: -1.1861 time: 4.6397s
INFO:root:Epoch: 1845 lr: 0.01 train_loss: 92397.8516 train_distortion: 0.8091 train_mapscore: 0.1104 train_c: -1.1866 train_max_dist: 3.6431 train_imax: -0.0000 train_imin: -1.1866 time: 3.3479s
INFO:root:Epoch: 1850 lr: 0.01 train_loss: 92388.2734 train_distortion: 0.8091 train_mapscore: 0.1087 train_c: -1.1871 train_max_dist: 3.6479 train_imax: -0.0000 train_imin: -1.1871 time: 3.1267s
INFO:root:Epoch: 1855 lr: 0.01 train_loss: 92378.6875 train_distortion: 0.8090 train_mapscore: 0.1089 train_c: -1.1876 train_max_dist: 3.6745 train_imax: -0.0000 train_imin: -1.1876 time: 3.6272s
INFO:root:Epoch: 1860 lr: 0.01 train_loss: 92369.0781 train_distortion: 0.8089 train_mapscore: 0.1086 train_c: -1.1881 train_max_dist: 3.6630 train_imax: -0.0000 train_imin: -1.1881 time: 3.5461s
INFO:root:Epoch: 1865 lr: 0.01 train_loss: 92359.2969 train_distortion: 0.8088 train_mapscore: 0.1092 train_c: -1.1886 train_max_dist: 3.6299 train_imax: -0.0000 train_imin: -1.1886 time: 3.1294s
INFO:root:Epoch: 1870 lr: 0.01 train_loss: 92349.7500 train_distortion: 0.8087 train_mapscore: 0.1105 train_c: -1.1891 train_max_dist: 3.6556 train_imax: -0.0000 train_imin: -1.1891 time: 3.3476s
INFO:root:Epoch: 1875 lr: 0.01 train_loss: 92340.1484 train_distortion: 0.8086 train_mapscore: 0.1097 train_c: -1.1896 train_max_dist: 3.6589 train_imax: -0.0000 train_imin: -1.1896 time: 4.1725s
INFO:root:Epoch: 1880 lr: 0.01 train_loss: 92330.3828 train_distortion: 0.8086 train_mapscore: 0.1093 train_c: -1.1901 train_max_dist: 3.6617 train_imax: -0.0000 train_imin: -1.1901 time: 3.1240s
INFO:root:Epoch: 1885 lr: 0.01 train_loss: 92320.3281 train_distortion: 0.8085 train_mapscore: 0.1110 train_c: -1.1906 train_max_dist: 3.7021 train_imax: -0.0000 train_imin: -1.1906 time: 3.1179s
INFO:root:Epoch: 1890 lr: 0.01 train_loss: 92309.9922 train_distortion: 0.8084 train_mapscore: 0.1106 train_c: -1.1911 train_max_dist: 3.6586 train_imax: -0.0000 train_imin: -1.1911 time: 4.4255s
INFO:root:Epoch: 1895 lr: 0.01 train_loss: 92300.1094 train_distortion: 0.8083 train_mapscore: 0.1115 train_c: -1.1916 train_max_dist: 3.6565 train_imax: -0.0000 train_imin: -1.1916 time: 3.4042s
INFO:root:Epoch: 1900 lr: 0.01 train_loss: 92289.6719 train_distortion: 0.8082 train_mapscore: 0.1109 train_c: -1.1921 train_max_dist: 3.6712 train_imax: -0.0000 train_imin: -1.1921 time: 3.2032s
INFO:root:Epoch: 1905 lr: 0.01 train_loss: 92279.9297 train_distortion: 0.8081 train_mapscore: 0.1104 train_c: -1.1927 train_max_dist: 3.6798 train_imax: -0.0000 train_imin: -1.1926 time: 3.2065s
INFO:root:Epoch: 1910 lr: 0.01 train_loss: 92270.2656 train_distortion: 0.8080 train_mapscore: 0.1099 train_c: -1.1932 train_max_dist: 3.6780 train_imax: -0.0000 train_imin: -1.1932 time: 4.0409s
INFO:root:Epoch: 1915 lr: 0.01 train_loss: 92260.6328 train_distortion: 0.8079 train_mapscore: 0.1099 train_c: -1.1937 train_max_dist: 3.6656 train_imax: -0.0000 train_imin: -1.1937 time: 3.1486s
INFO:root:Epoch: 1920 lr: 0.01 train_loss: 92251.1016 train_distortion: 0.8078 train_mapscore: 0.1091 train_c: -1.1942 train_max_dist: 3.6810 train_imax: -0.0000 train_imin: -1.1942 time: 3.1273s
INFO:root:Epoch: 1925 lr: 0.01 train_loss: 92241.5781 train_distortion: 0.8077 train_mapscore: 0.1087 train_c: -1.1947 train_max_dist: 3.6845 train_imax: -0.0000 train_imin: -1.1947 time: 4.6008s
INFO:root:Epoch: 1930 lr: 0.01 train_loss: 92232.1484 train_distortion: 0.8076 train_mapscore: 0.1086 train_c: -1.1952 train_max_dist: 3.6800 train_imax: -0.0000 train_imin: -1.1952 time: 3.1459s
INFO:root:Epoch: 1935 lr: 0.01 train_loss: 92222.7500 train_distortion: 0.8075 train_mapscore: 0.1085 train_c: -1.1957 train_max_dist: 3.6829 train_imax: -0.0000 train_imin: -1.1957 time: 3.1618s
INFO:root:Epoch: 1940 lr: 0.01 train_loss: 92213.3438 train_distortion: 0.8074 train_mapscore: 0.1094 train_c: -1.1962 train_max_dist: 3.6811 train_imax: -0.0000 train_imin: -1.1962 time: 4.1902s
INFO:root:Epoch: 1945 lr: 0.01 train_loss: 92203.8594 train_distortion: 0.8073 train_mapscore: 0.1090 train_c: -1.1967 train_max_dist: 3.6951 train_imax: -0.0000 train_imin: -1.1967 time: 3.3124s
INFO:root:Epoch: 1950 lr: 0.01 train_loss: 92194.3984 train_distortion: 0.8072 train_mapscore: 0.1092 train_c: -1.1972 train_max_dist: 3.7008 train_imax: -0.0000 train_imin: -1.1972 time: 3.1518s
INFO:root:Epoch: 1955 lr: 0.01 train_loss: 92184.9453 train_distortion: 0.8071 train_mapscore: 0.1095 train_c: -1.1977 train_max_dist: 3.6874 train_imax: -0.0000 train_imin: -1.1977 time: 3.1336s
INFO:root:Epoch: 1960 lr: 0.01 train_loss: 92175.5156 train_distortion: 0.8070 train_mapscore: 0.1084 train_c: -1.1982 train_max_dist: 3.6955 train_imax: -0.0000 train_imin: -1.1982 time: 4.6587s
INFO:root:Epoch: 1965 lr: 0.01 train_loss: 92166.1406 train_distortion: 0.8069 train_mapscore: 0.1089 train_c: -1.1987 train_max_dist: 3.6869 train_imax: -0.0000 train_imin: -1.1987 time: 3.5352s
INFO:root:Epoch: 1970 lr: 0.01 train_loss: 92156.6562 train_distortion: 0.8068 train_mapscore: 0.1090 train_c: -1.1992 train_max_dist: 3.6778 train_imax: -0.0000 train_imin: -1.1992 time: 3.1548s
INFO:root:Epoch: 1975 lr: 0.01 train_loss: 92147.1719 train_distortion: 0.8067 train_mapscore: 0.1082 train_c: -1.1997 train_max_dist: 3.6910 train_imax: -0.0000 train_imin: -1.1997 time: 3.1191s
INFO:root:Epoch: 1980 lr: 0.01 train_loss: 92137.6875 train_distortion: 0.8066 train_mapscore: 0.1084 train_c: -1.2002 train_max_dist: 3.6954 train_imax: -0.0000 train_imin: -1.2002 time: 4.6658s
INFO:root:Epoch: 1985 lr: 0.01 train_loss: 92128.2266 train_distortion: 0.8065 train_mapscore: 0.1081 train_c: -1.2007 train_max_dist: 3.6861 train_imax: -0.0000 train_imin: -1.2007 time: 3.3620s
INFO:root:Epoch: 1990 lr: 0.01 train_loss: 92118.8125 train_distortion: 0.8064 train_mapscore: 0.1076 train_c: -1.2012 train_max_dist: 3.7026 train_imax: -0.0000 train_imin: -1.2012 time: 3.1334s
INFO:root:Epoch: 1995 lr: 0.01 train_loss: 92109.3984 train_distortion: 0.8063 train_mapscore: 0.1067 train_c: -1.2017 train_max_dist: 3.7008 train_imax: -0.0000 train_imin: -1.2017 time: 3.1432s
INFO:root:Epoch: 2000 lr: 0.0025 train_loss: 92099.9844 train_distortion: 0.8062 train_mapscore: 0.1086 train_c: -1.2022 train_max_dist: 3.6987 train_imax: -0.0000 train_imin: -1.2022 time: 4.5425s
INFO:root:Optimization Finished!
INFO:root:Total time elapsed: 6760.7604s
INFO:root:Val set results: val_distortion: 1.0000 val_mapscore: -1.0000 val_c: -1.0000 val_max_dist: 0.0000
INFO:root:Test set results: test_loss: 92098.1094 test_distortion: 0.8062 test_mapscore: 0.1079 test_c: -1.2023 test_max_dist: 3.6960 test_imax: -0.0000 test_imin: -1.2023
INFO:root:Saved model in /workspace/xiongbo/hgcn/logs/md/2021_5_1/35
