INFO:root:Using: cuda:0
INFO:root:Using seed 1234.
INFO:root:MDModel(
  (encoder): HGCN(
    (layers): Sequential(
      (0): HyperbolicGraphConvolution(
        (linear): HypLinear(
          in_features=4942, out_features=10, c=Parameter containing:
          tensor([-1.], requires_grad=True)
        )
        (agg): HypAgg(
          c=Parameter containing:
          tensor([-1.], requires_grad=True)
        )
        (hyp_act): HypAct(
          c_in=Parameter containing:
          tensor([-1.], requires_grad=True), c_out=Parameter containing:
          tensor([-1.], requires_grad=True)
        )
      )
    )
  )
  (decoder): MDDecoder()
)
INFO:root:Total number of parameters: 49432
/workspace/anaconda3/envs/geo/lib/python3.7/site-packages/torch/optim/lr_scheduler.py:370: UserWarning: To get the last learning rate computed by the scheduler, please use `get_last_lr()`.
  "please use `get_last_lr()`.", UserWarning)
INFO:root:Epoch: 0005 lr: 0.01 train_loss: 104392.7031 train_distortion: 0.8977 train_mapscore: 0.0784 train_c: -1.0003 train_max_dist: 2.7641 train_imax: -0.0000 train_imin: -1.0531 time: 3.6086s
INFO:root:Epoch: 0010 lr: 0.01 train_loss: 101920.5000 train_distortion: 0.8802 train_mapscore: 0.1502 train_c: -1.0008 train_max_dist: 3.4081 train_imax: -0.0000 train_imin: -1.0565 time: 3.3924s
INFO:root:Epoch: 0015 lr: 0.01 train_loss: 100765.7031 train_distortion: 0.8731 train_mapscore: 0.1957 train_c: -1.0014 train_max_dist: 3.4700 train_imax: -0.0000 train_imin: -1.0314 time: 3.2707s
INFO:root:Epoch: 0020 lr: 0.01 train_loss: 99921.8750 train_distortion: 0.8673 train_mapscore: 0.2179 train_c: -1.0019 train_max_dist: 3.3590 train_imax: -0.0000 train_imin: -1.0264 time: 3.2662s
INFO:root:Epoch: 0025 lr: 0.01 train_loss: 99195.3750 train_distortion: 0.8617 train_mapscore: 0.2315 train_c: -1.0024 train_max_dist: 3.4517 train_imax: -0.0000 train_imin: -1.0320 time: 3.2387s
INFO:root:Epoch: 0030 lr: 0.01 train_loss: 98504.1406 train_distortion: 0.8560 train_mapscore: 0.2421 train_c: -1.0030 train_max_dist: 3.7481 train_imax: -0.0000 train_imin: -1.0348 time: 3.2198s
INFO:root:Epoch: 0035 lr: 0.01 train_loss: 97793.8750 train_distortion: 0.8498 train_mapscore: 0.2513 train_c: -1.0035 train_max_dist: 4.3859 train_imax: -0.0000 train_imin: -1.0611 time: 3.2010s
INFO:root:Epoch: 0040 lr: 0.01 train_loss: 97014.6094 train_distortion: 0.8425 train_mapscore: 0.2577 train_c: -1.0041 train_max_dist: 5.3054 train_imax: -0.0000 train_imin: -1.0327 time: 3.1886s
INFO:root:Epoch: 0045 lr: 0.01 train_loss: 96125.6406 train_distortion: 0.8338 train_mapscore: 0.2724 train_c: -1.0046 train_max_dist: 6.6048 train_imax: -0.0000 train_imin: -1.0439 time: 3.1911s
INFO:root:Epoch: 0050 lr: 0.01 train_loss: 95078.7422 train_distortion: 0.8229 train_mapscore: 0.2760 train_c: -1.0052 train_max_dist: 8.9832 train_imax: -0.0000 train_imin: -1.0472 time: 3.2296s
INFO:root:Epoch: 0055 lr: 0.01 train_loss: 93789.4062 train_distortion: 0.8084 train_mapscore: 0.2774 train_c: -1.0057 train_max_dist: 9.8438 train_imax: -0.0000 train_imin: -1.0641 time: 3.2160s
INFO:root:Epoch: 0060 lr: 0.01 train_loss: 92157.4688 train_distortion: 0.7882 train_mapscore: 0.2810 train_c: -1.0062 train_max_dist: 9.8750 train_imax: -0.0000 train_imin: -1.0759 time: 3.1935s
INFO:root:Epoch: 0065 lr: 0.01 train_loss: 90054.5938 train_distortion: 0.7590 train_mapscore: 0.2802 train_c: -1.0066 train_max_dist: 10.2500 train_imax: -0.0000 train_imin: -1.0857 time: 3.2275s
INFO:root:Epoch: 0070 lr: 0.01 train_loss: 87356.2969 train_distortion: 0.7163 train_mapscore: 0.2831 train_c: -1.0069 train_max_dist: 10.5000 train_imax: -0.0000 train_imin: -1.0759 time: 3.2317s
INFO:root:Epoch: 0075 lr: 0.01 train_loss: 84070.6641 train_distortion: 0.6600 train_mapscore: 0.2924 train_c: -1.0070 train_max_dist: 10.5000 train_imax: 0.0000 train_imin: -1.0856 time: 3.2017s
INFO:root:Epoch: 0080 lr: 0.01 train_loss: 80462.3125 train_distortion: 0.6152 train_mapscore: 0.3131 train_c: -1.0070 train_max_dist: 11.5000 train_imax: 0.0000 train_imin: -1.1977 time: 3.2625s
INFO:root:Epoch: 0085 lr: 0.01 train_loss: 76466.0938 train_distortion: 0.5973 train_mapscore: 0.3369 train_c: -1.0067 train_max_dist: 11.5000 train_imax: 0.2226 train_imin: -1.2292 time: 3.3956s
INFO:root:Epoch: 0090 lr: 0.01 train_loss: 71311.3047 train_distortion: 0.5596 train_mapscore: 0.3942 train_c: -1.0061 train_max_dist: 12.4388 train_imax: 0.2958 train_imin: -1.2154 time: 3.4765s
INFO:root:Epoch: 0095 lr: 0.01 train_loss: 65628.0000 train_distortion: 0.5083 train_mapscore: 0.4740 train_c: -1.0054 train_max_dist: 13.7899 train_imax: 0.2003 train_imin: -1.2483 time: 3.5332s
INFO:root:Epoch: 0100 lr: 0.01 train_loss: 61669.4609 train_distortion: 0.4576 train_mapscore: 0.4494 train_c: -1.0046 train_max_dist: 14.9985 train_imax: 0.1555 train_imin: -1.3835 time: 3.5850s
INFO:root:Epoch: 0105 lr: 0.01 train_loss: 56176.7891 train_distortion: 0.3998 train_mapscore: 0.4944 train_c: -1.0038 train_max_dist: 16.8365 train_imax: 0.4680 train_imin: -1.9813 time: 3.6450s
INFO:root:Epoch: 0110 lr: 0.01 train_loss: 49090.5820 train_distortion: 0.3366 train_mapscore: 0.6039 train_c: -1.0029 train_max_dist: 20.0000 train_imax: 0.8358 train_imin: -1.8209 time: 3.6596s
INFO:root:Epoch: 0115 lr: 0.01 train_loss: 43017.9922 train_distortion: 0.2800 train_mapscore: 0.6540 train_c: -1.0020 train_max_dist: 21.0674 train_imax: 1.3642 train_imin: -2.2168 time: 3.6275s
INFO:root:Epoch: 0120 lr: 0.01 train_loss: 42369.8242 train_distortion: 0.2401 train_mapscore: 0.5512 train_c: -1.0012 train_max_dist: 22.6769 train_imax: 3.9568 train_imin: -4.0030 time: 3.6434s
INFO:root:Epoch: 0125 lr: 0.01 train_loss: 43450.5391 train_distortion: 0.2186 train_mapscore: 0.4836 train_c: -1.0005 train_max_dist: 24.3293 train_imax: 5.2415 train_imin: -3.3760 time: 3.6572s
INFO:root:Epoch: 0130 lr: 0.01 train_loss: 38678.7578 train_distortion: 0.2062 train_mapscore: 0.5562 train_c: -0.9998 train_max_dist: 25.8593 train_imax: 8.2799 train_imin: -3.6652 time: 3.6602s
INFO:root:Epoch: 0135 lr: 0.01 train_loss: 39756.2461 train_distortion: 0.2011 train_mapscore: 0.5203 train_c: -0.9993 train_max_dist: 27.3300 train_imax: 9.6173 train_imin: -9.2538 time: 3.6975s
INFO:root:Epoch: 0140 lr: 0.01 train_loss: 44179.1875 train_distortion: 0.2038 train_mapscore: 0.4619 train_c: -0.9988 train_max_dist: 32.0000 train_imax: 14.7980 train_imin: -5.7325 time: 3.6831s
INFO:root:Epoch: 0145 lr: 0.01 train_loss: 42565.5156 train_distortion: 0.2055 train_mapscore: 0.4736 train_c: -0.9985 train_max_dist: 27.3043 train_imax: 14.7812 train_imin: -6.6352 time: 3.6702s
INFO:root:Epoch: 0150 lr: 0.01 train_loss: 47910.0703 train_distortion: 0.2084 train_mapscore: 0.3738 train_c: -0.9982 train_max_dist: 27.4057 train_imax: 13.7287 train_imin: -6.5440 time: 3.7290s
INFO:root:Epoch: 0155 lr: 0.01 train_loss: 47813.1250 train_distortion: 0.2135 train_mapscore: 0.3673 train_c: -0.9979 train_max_dist: 26.9736 train_imax: 12.9235 train_imin: -5.2786 time: 3.7077s
INFO:root:Epoch: 0160 lr: 0.01 train_loss: 44791.8477 train_distortion: 0.2166 train_mapscore: 0.4229 train_c: -0.9976 train_max_dist: 26.8905 train_imax: 11.8240 train_imin: -4.3752 time: 3.6770s
INFO:root:Epoch: 0165 lr: 0.01 train_loss: 43208.7852 train_distortion: 0.2112 train_mapscore: 0.4401 train_c: -0.9972 train_max_dist: 27.4336 train_imax: 12.6539 train_imin: -12.8119 time: 3.6726s
INFO:root:Epoch: 0170 lr: 0.01 train_loss: 46328.0508 train_distortion: 0.2087 train_mapscore: 0.3801 train_c: -0.9968 train_max_dist: 27.9220 train_imax: 14.5949 train_imin: -9.4575 time: 3.6838s
INFO:root:Epoch: 0175 lr: 0.01 train_loss: 51915.1016 train_distortion: 0.2126 train_mapscore: 0.2914 train_c: -0.9967 train_max_dist: 27.8581 train_imax: 12.0960 train_imin: -9.4983 time: 3.6896s
INFO:root:Epoch: 0180 lr: 0.01 train_loss: 62216.8516 train_distortion: 0.2354 train_mapscore: 0.1810 train_c: -0.9968 train_max_dist: 26.6219 train_imax: 11.2501 train_imin: -8.2560 time: 3.7450s
INFO:root:Epoch: 0185 lr: 0.01 train_loss: 62899.0469 train_distortion: 0.2710 train_mapscore: 0.1683 train_c: -0.9969 train_max_dist: 24.6998 train_imax: 8.8226 train_imin: -6.6668 time: 3.7344s
INFO:root:Epoch: 0190 lr: 0.01 train_loss: 62176.4141 train_distortion: 0.3012 train_mapscore: 0.1769 train_c: -0.9968 train_max_dist: 23.3365 train_imax: 7.0830 train_imin: -5.5704 time: 3.7547s
INFO:root:Epoch: 0195 lr: 0.01 train_loss: 60508.4727 train_distortion: 0.3034 train_mapscore: 0.2010 train_c: -0.9966 train_max_dist: 22.9828 train_imax: 6.7404 train_imin: -5.2520 time: 3.7354s
INFO:root:Epoch: 0200 lr: 0.01 train_loss: 58053.3438 train_distortion: 0.2786 train_mapscore: 0.2289 train_c: -0.9963 train_max_dist: 23.4967 train_imax: 7.6000 train_imin: -5.5995 time: 3.7225s
INFO:root:Epoch: 0205 lr: 0.01 train_loss: 56114.8242 train_distortion: 0.2550 train_mapscore: 0.2499 train_c: -0.9959 train_max_dist: 24.0153 train_imax: 13.0787 train_imin: -6.0294 time: 3.7175s
INFO:root:Epoch: 0210 lr: 0.01 train_loss: 65348.4141 train_distortion: 0.2355 train_mapscore: 0.1517 train_c: -0.9953 train_max_dist: 25.4189 train_imax: 16.2971 train_imin: -8.2236 time: 3.8081s
INFO:root:Epoch: 0215 lr: 0.01 train_loss: 71204.5000 train_distortion: 0.2415 train_mapscore: 0.1222 train_c: -0.9949 train_max_dist: 25.4031 train_imax: 16.3307 train_imin: -9.3373 time: 3.8167s
INFO:root:Epoch: 0220 lr: 0.01 train_loss: 69704.1719 train_distortion: 0.2627 train_mapscore: 0.1211 train_c: -0.9948 train_max_dist: 24.2313 train_imax: 13.8191 train_imin: -8.7684 time: 3.8150s
INFO:root:Epoch: 0225 lr: 0.01 train_loss: 67630.8281 train_distortion: 0.2932 train_mapscore: 0.1304 train_c: -0.9947 train_max_dist: 22.5924 train_imax: 11.3281 train_imin: -7.6699 time: 3.7998s
INFO:root:Epoch: 0230 lr: 0.01 train_loss: 72549.6172 train_distortion: 0.2721 train_mapscore: 0.1048 train_c: -0.9942 train_max_dist: 22.7781 train_imax: 17.7959 train_imin: -8.9505 time: 3.8600s
INFO:root:Epoch: 0235 lr: 0.01 train_loss: 79273.6094 train_distortion: 0.2645 train_mapscore: 0.0854 train_c: -0.9938 train_max_dist: 23.8926 train_imax: 17.6738 train_imin: -10.4310 time: 3.9952s
INFO:root:Epoch: 0240 lr: 0.01 train_loss: 82205.0234 train_distortion: 0.2688 train_mapscore: 0.0803 train_c: -0.9936 train_max_dist: 24.1880 train_imax: 17.3730 train_imin: -9.8577 time: 4.0488s
INFO:root:Epoch: 0245 lr: 0.01 train_loss: 81817.8750 train_distortion: 0.2788 train_mapscore: 0.0832 train_c: -0.9936 train_max_dist: 23.8119 train_imax: 16.5318 train_imin: -9.2019 time: 4.0398s
INFO:root:Epoch: 0250 lr: 0.01 train_loss: 80101.7812 train_distortion: 0.2922 train_mapscore: 0.0900 train_c: -0.9936 train_max_dist: 23.1693 train_imax: 15.4803 train_imin: -8.3708 time: 4.0500s
INFO:root:Epoch: 0255 lr: 0.01 train_loss: 78784.7266 train_distortion: 0.3027 train_mapscore: 0.0930 train_c: -0.9935 train_max_dist: 22.6614 train_imax: 14.6769 train_imin: -7.7822 time: 4.0510s
INFO:root:Epoch: 0260 lr: 0.01 train_loss: 77610.8438 train_distortion: 0.3130 train_mapscore: 0.0988 train_c: -0.9935 train_max_dist: 22.2324 train_imax: 14.2853 train_imin: -7.3028 time: 4.0359s
INFO:root:Epoch: 0265 lr: 0.01 train_loss: 76409.6719 train_distortion: 0.3229 train_mapscore: 0.1072 train_c: -0.9935 train_max_dist: 21.8213 train_imax: 14.9739 train_imin: -6.9017 time: 4.0453s
INFO:root:Epoch: 0270 lr: 0.01 train_loss: 75230.5000 train_distortion: 0.3302 train_mapscore: 0.1177 train_c: -0.9936 train_max_dist: 21.5121 train_imax: 14.8474 train_imin: -6.5981 time: 4.0162s
INFO:root:Epoch: 0275 lr: 0.01 train_loss: 74395.2500 train_distortion: 0.3344 train_mapscore: 0.1194 train_c: -0.9936 train_max_dist: 21.3255 train_imax: 14.6862 train_imin: -6.3652 time: 4.0174s
INFO:root:Epoch: 0280 lr: 0.01 train_loss: 73326.8281 train_distortion: 0.3353 train_mapscore: 0.1290 train_c: -0.9935 train_max_dist: 21.2047 train_imax: 14.5153 train_imin: -6.2778 time: 3.9923s
INFO:root:Epoch: 0285 lr: 0.01 train_loss: 72264.4688 train_distortion: 0.3333 train_mapscore: 0.1376 train_c: -0.9935 train_max_dist: 21.1578 train_imax: 14.4856 train_imin: -6.2798 time: 3.9263s
INFO:root:Epoch: 0290 lr: 0.01 train_loss: 71163.1562 train_distortion: 0.3296 train_mapscore: 0.1499 train_c: -0.9935 train_max_dist: 21.1645 train_imax: 14.5659 train_imin: -6.3042 time: 3.9135s
INFO:root:Epoch: 0295 lr: 0.01 train_loss: 70170.0625 train_distortion: 0.3259 train_mapscore: 0.1572 train_c: -0.9935 train_max_dist: 24.0000 train_imax: 14.5668 train_imin: -6.3271 time: 3.8931s
INFO:root:Epoch: 0300 lr: 0.01 train_loss: 69266.6250 train_distortion: 0.3196 train_mapscore: 0.1673 train_c: -0.9934 train_max_dist: 21.3204 train_imax: 14.7776 train_imin: -6.3408 time: 3.8780s
INFO:root:Epoch: 0305 lr: 0.01 train_loss: 68457.7656 train_distortion: 0.3131 train_mapscore: 0.1793 train_c: -0.9934 train_max_dist: 21.4662 train_imax: 15.0258 train_imin: -6.3552 time: 3.8750s
INFO:root:Epoch: 0310 lr: 0.01 train_loss: 67618.4844 train_distortion: 0.3078 train_mapscore: 0.1919 train_c: -0.9933 train_max_dist: 24.0000 train_imax: 15.2133 train_imin: -6.3496 time: 3.8613s
INFO:root:Epoch: 0315 lr: 0.01 train_loss: 66737.7188 train_distortion: 0.3027 train_mapscore: 0.2024 train_c: -0.9933 train_max_dist: 21.7320 train_imax: 15.3935 train_imin: -6.3800 time: 3.8577s
INFO:root:Epoch: 0320 lr: 0.01 train_loss: 65854.3281 train_distortion: 0.2974 train_mapscore: 0.2148 train_c: -0.9932 train_max_dist: 21.9011 train_imax: 15.5689 train_imin: -6.4575 time: 3.8689s
INFO:root:Epoch: 0325 lr: 0.01 train_loss: 64923.5703 train_distortion: 0.2922 train_mapscore: 0.2330 train_c: -0.9931 train_max_dist: 22.0719 train_imax: 15.7363 train_imin: -6.5602 time: 3.8788s
INFO:root:Epoch: 0330 lr: 0.01 train_loss: 64123.3125 train_distortion: 0.2875 train_mapscore: 0.2444 train_c: -0.9931 train_max_dist: 22.2307 train_imax: 15.8772 train_imin: -6.6612 time: 3.8267s
INFO:root:Epoch: 0335 lr: 0.01 train_loss: 63350.7656 train_distortion: 0.2829 train_mapscore: 0.2533 train_c: -0.9930 train_max_dist: 22.3882 train_imax: 16.0107 train_imin: -6.7609 time: 3.8197s
INFO:root:Epoch: 0340 lr: 0.01 train_loss: 62574.0859 train_distortion: 0.2785 train_mapscore: 0.2659 train_c: -0.9929 train_max_dist: 22.5554 train_imax: 16.1153 train_imin: -6.8805 time: 3.8190s
INFO:root:Epoch: 0345 lr: 0.01 train_loss: 61761.5742 train_distortion: 0.2742 train_mapscore: 0.2831 train_c: -0.9929 train_max_dist: 22.7288 train_imax: 16.2139 train_imin: -7.0202 time: 3.7880s
INFO:root:Epoch: 0350 lr: 0.01 train_loss: 61041.8047 train_distortion: 0.2706 train_mapscore: 0.2978 train_c: -0.9928 train_max_dist: 22.8617 train_imax: 16.2236 train_imin: -7.0716 time: 3.8070s
INFO:root:Epoch: 0355 lr: 0.01 train_loss: 60305.5117 train_distortion: 0.2671 train_mapscore: 0.3032 train_c: -0.9927 train_max_dist: 23.0201 train_imax: 16.1930 train_imin: -7.1355 time: 3.8094s
INFO:root:Epoch: 0360 lr: 0.01 train_loss: 59579.1953 train_distortion: 0.2635 train_mapscore: 0.3142 train_c: -0.9927 train_max_dist: 23.2087 train_imax: 16.1604 train_imin: -7.2211 time: 3.8360s
INFO:root:Epoch: 0365 lr: 0.01 train_loss: 58806.4141 train_distortion: 0.2599 train_mapscore: 0.3346 train_c: -0.9926 train_max_dist: 23.3910 train_imax: 16.1739 train_imin: -7.3251 time: 3.8285s
INFO:root:Epoch: 0370 lr: 0.01 train_loss: 58193.1719 train_distortion: 0.2570 train_mapscore: 0.3404 train_c: -0.9925 train_max_dist: 23.5659 train_imax: 16.1266 train_imin: -7.4047 time: 3.7917s
INFO:root:Epoch: 0375 lr: 0.01 train_loss: 57554.0352 train_distortion: 0.2541 train_mapscore: 0.3516 train_c: -0.9925 train_max_dist: 23.7295 train_imax: 16.1115 train_imin: -7.4759 time: 3.7867s
INFO:root:Epoch: 0380 lr: 0.01 train_loss: 56869.5430 train_distortion: 0.2511 train_mapscore: 0.3647 train_c: -0.9924 train_max_dist: 23.9072 train_imax: 16.1465 train_imin: -7.5397 time: 3.7607s
INFO:root:Epoch: 0385 lr: 0.01 train_loss: 56210.3750 train_distortion: 0.2480 train_mapscore: 0.3737 train_c: -0.9923 train_max_dist: 24.1232 train_imax: 16.2135 train_imin: -7.5937 time: 3.7643s
INFO:root:Epoch: 0390 lr: 0.01 train_loss: 55477.7891 train_distortion: 0.2450 train_mapscore: 0.3896 train_c: -0.9922 train_max_dist: 24.3349 train_imax: 16.3011 train_imin: -7.6760 time: 3.7538s
INFO:root:Epoch: 0395 lr: 0.01 train_loss: 54750.6094 train_distortion: 0.2421 train_mapscore: 0.4086 train_c: -0.9922 train_max_dist: 24.5403 train_imax: 16.3957 train_imin: -7.7311 time: 3.7618s
INFO:root:Epoch: 0400 lr: 0.01 train_loss: 54008.0977 train_distortion: 0.2394 train_mapscore: 0.4238 train_c: -0.9921 train_max_dist: 24.7435 train_imax: 16.4835 train_imin: -7.8072 time: 3.7560s
INFO:root:Epoch: 0405 lr: 0.01 train_loss: 53311.7656 train_distortion: 0.2370 train_mapscore: 0.4367 train_c: -0.9920 train_max_dist: 24.9216 train_imax: 16.5331 train_imin: -7.8601 time: 3.7924s
INFO:root:Epoch: 0410 lr: 0.01 train_loss: 52663.2266 train_distortion: 0.2348 train_mapscore: 0.4467 train_c: -0.9919 train_max_dist: 25.0825 train_imax: 16.5885 train_imin: -7.9451 time: 3.7571s
INFO:root:Epoch: 0415 lr: 0.01 train_loss: 51939.0234 train_distortion: 0.2327 train_mapscore: 0.4654 train_c: -0.9919 train_max_dist: 25.2662 train_imax: 16.6769 train_imin: -8.0374 time: 3.7417s
INFO:root:Epoch: 0420 lr: 0.01 train_loss: 51901.2266 train_distortion: 0.2308 train_mapscore: 0.4132 train_c: -0.9918 train_max_dist: 25.4822 train_imax: 16.7273 train_imin: -8.1226 time: 3.7639s
INFO:root:Epoch: 0425 lr: 0.01 train_loss: 53737.2500 train_distortion: 0.2300 train_mapscore: 0.3289 train_c: -0.9917 train_max_dist: 25.6767 train_imax: 16.5356 train_imin: -11.5560 time: 3.7708s
INFO:root:Epoch: 0430 lr: 0.01 train_loss: 53547.8281 train_distortion: 0.2293 train_mapscore: 0.3310 train_c: -0.9917 train_max_dist: 25.8196 train_imax: 16.5245 train_imin: -10.9587 time: 3.7515s
INFO:root:Epoch: 0435 lr: 0.01 train_loss: 52796.2188 train_distortion: 0.2287 train_mapscore: 0.3426 train_c: -0.9916 train_max_dist: 25.9274 train_imax: 16.5878 train_imin: -10.4214 time: 3.7406s
INFO:root:Epoch: 0440 lr: 0.01 train_loss: 51876.6875 train_distortion: 0.2282 train_mapscore: 0.3647 train_c: -0.9915 train_max_dist: 26.0450 train_imax: 16.6325 train_imin: -10.1146 time: 3.7440s
INFO:root:Epoch: 0445 lr: 0.01 train_loss: 50816.0547 train_distortion: 0.2272 train_mapscore: 0.3987 train_c: -0.9915 train_max_dist: 26.2058 train_imax: 16.7490 train_imin: -9.9880 time: 3.7872s
INFO:root:Epoch: 0450 lr: 0.01 train_loss: 49921.3750 train_distortion: 0.2260 train_mapscore: 0.4180 train_c: -0.9914 train_max_dist: 26.3331 train_imax: 16.8906 train_imin: -9.9915 time: 3.7873s
INFO:root:Epoch: 0455 lr: 0.01 train_loss: 49270.5625 train_distortion: 0.2247 train_mapscore: 0.4252 train_c: -0.9913 train_max_dist: 26.4729 train_imax: 17.1054 train_imin: -10.0361 time: 3.7250s
INFO:root:Epoch: 0460 lr: 0.01 train_loss: 49062.9453 train_distortion: 0.2236 train_mapscore: 0.4214 train_c: -0.9912 train_max_dist: 26.6354 train_imax: 17.3508 train_imin: -10.1279 time: 3.7442s
INFO:root:Epoch: 0465 lr: 0.01 train_loss: 48847.4219 train_distortion: 0.2227 train_mapscore: 0.4152 train_c: -0.9912 train_max_dist: 26.7876 train_imax: 17.5612 train_imin: -10.2846 time: 3.7350s
INFO:root:Epoch: 0470 lr: 0.01 train_loss: 48339.7930 train_distortion: 0.2218 train_mapscore: 0.4288 train_c: -0.9911 train_max_dist: 26.9486 train_imax: 17.7974 train_imin: -10.4498 time: 3.7311s
INFO:root:Epoch: 0475 lr: 0.01 train_loss: 47536.4180 train_distortion: 0.2211 train_mapscore: 0.4592 train_c: -0.9910 train_max_dist: 27.1201 train_imax: 18.0925 train_imin: -10.5639 time: 3.7900s
INFO:root:Epoch: 0480 lr: 0.01 train_loss: 46682.0703 train_distortion: 0.2205 train_mapscore: 0.4875 train_c: -0.9909 train_max_dist: 27.3233 train_imax: 18.4033 train_imin: -10.6402 time: 3.7234s
INFO:root:Epoch: 0485 lr: 0.01 train_loss: 45792.5000 train_distortion: 0.2201 train_mapscore: 0.5200 train_c: -0.9908 train_max_dist: 27.5707 train_imax: 18.7437 train_imin: -10.6665 time: 3.7604s
INFO:root:Epoch: 0490 lr: 0.01 train_loss: 45182.2539 train_distortion: 0.2198 train_mapscore: 0.5315 train_c: -0.9907 train_max_dist: 27.7935 train_imax: 19.1086 train_imin: -10.6741 time: 3.7459s
INFO:root:Epoch: 0495 lr: 0.01 train_loss: 44519.3672 train_distortion: 0.2199 train_mapscore: 0.5456 train_c: -0.9906 train_max_dist: 27.9994 train_imax: 19.4786 train_imin: -10.7935 time: 3.7277s
INFO:root:Epoch: 0500 lr: 0.01 train_loss: 43926.8281 train_distortion: 0.2200 train_mapscore: 0.5555 train_c: -0.9906 train_max_dist: 28.2110 train_imax: 19.8184 train_imin: -10.9367 time: 3.7172s
INFO:root:Epoch: 0505 lr: 0.01 train_loss: 44073.3789 train_distortion: 0.2203 train_mapscore: 0.5310 train_c: -0.9905 train_max_dist: 28.4040 train_imax: 20.0403 train_imin: -10.8601 time: 3.7295s
INFO:root:Epoch: 0510 lr: 0.01 train_loss: 45535.6484 train_distortion: 0.2208 train_mapscore: 0.4507 train_c: -0.9904 train_max_dist: 28.5748 train_imax: 20.3573 train_imin: -11.0001 time: 3.7294s
INFO:root:Epoch: 0515 lr: 0.01 train_loss: 47614.6953 train_distortion: 0.2215 train_mapscore: 0.4001 train_c: -0.9904 train_max_dist: 28.6558 train_imax: 20.6517 train_imin: -11.2251 time: 3.7278s
INFO:root:Epoch: 0520 lr: 0.01 train_loss: 47226.2656 train_distortion: 0.2217 train_mapscore: 0.4118 train_c: -0.9903 train_max_dist: 28.6921 train_imax: 20.7775 train_imin: -11.2441 time: 3.7131s
INFO:root:Epoch: 0525 lr: 0.01 train_loss: 46507.2070 train_distortion: 0.2213 train_mapscore: 0.4208 train_c: -0.9903 train_max_dist: 32.0000 train_imax: 20.7511 train_imin: -11.1772 time: 3.7055s
INFO:root:Epoch: 0530 lr: 0.01 train_loss: 45418.8125 train_distortion: 0.2210 train_mapscore: 0.4535 train_c: -0.9902 train_max_dist: 28.5366 train_imax: 20.7037 train_imin: -10.9785 time: 3.7469s
INFO:root:Epoch: 0535 lr: 0.01 train_loss: 44378.6484 train_distortion: 0.2208 train_mapscore: 0.4805 train_c: -0.9902 train_max_dist: 28.5583 train_imax: 20.7083 train_imin: -10.6259 time: 3.7413s
INFO:root:Epoch: 0540 lr: 0.01 train_loss: 43289.4922 train_distortion: 0.2209 train_mapscore: 0.5144 train_c: -0.9901 train_max_dist: 28.6890 train_imax: 20.8698 train_imin: -10.5155 time: 3.7046s
INFO:root:Epoch: 0545 lr: 0.01 train_loss: 42270.3125 train_distortion: 0.2215 train_mapscore: 0.5386 train_c: -0.9900 train_max_dist: 28.8879 train_imax: 21.1924 train_imin: -10.5089 time: 3.7111s
INFO:root:Epoch: 0550 lr: 0.01 train_loss: 42237.7812 train_distortion: 0.2230 train_mapscore: 0.5218 train_c: -0.9899 train_max_dist: 29.1335 train_imax: 21.7084 train_imin: -10.7011 time: 3.7104s
INFO:root:Epoch: 0555 lr: 0.01 train_loss: 41353.6758 train_distortion: 0.2246 train_mapscore: 0.5523 train_c: -0.9898 train_max_dist: 29.3705 train_imax: 22.1523 train_imin: -10.9766 time: 3.7094s
INFO:root:Epoch: 0560 lr: 0.01 train_loss: 40626.9102 train_distortion: 0.2262 train_mapscore: 0.5747 train_c: -0.9897 train_max_dist: 29.6130 train_imax: 22.5590 train_imin: -11.1476 time: 3.7078s
INFO:root:Epoch: 0565 lr: 0.01 train_loss: 47722.7383 train_distortion: 0.2275 train_mapscore: 0.3742 train_c: -0.9897 train_max_dist: 29.8297 train_imax: 22.7082 train_imin: -14.1241 time: 3.7107s
INFO:root:Epoch: 0570 lr: 0.01 train_loss: 50880.0742 train_distortion: 0.2268 train_mapscore: 0.3323 train_c: -0.9897 train_max_dist: 29.8221 train_imax: 22.4507 train_imin: -20.0440 time: 3.7555s
INFO:root:Epoch: 0575 lr: 0.01 train_loss: 51438.4492 train_distortion: 0.2240 train_mapscore: 0.3185 train_c: -0.9896 train_max_dist: 32.0000 train_imax: 21.7749 train_imin: -19.1348 time: 3.7421s
INFO:root:Epoch: 0580 lr: 0.01 train_loss: 49665.0430 train_distortion: 0.2213 train_mapscore: 0.3383 train_c: -0.9896 train_max_dist: 29.2756 train_imax: 21.0509 train_imin: -15.1006 time: 3.7183s
INFO:root:Epoch: 0585 lr: 0.01 train_loss: 47694.5391 train_distortion: 0.2196 train_mapscore: 0.3764 train_c: -0.9896 train_max_dist: 29.0512 train_imax: 20.4934 train_imin: -14.6222 time: 3.7080s
INFO:root:Epoch: 0590 lr: 0.01 train_loss: 45971.3438 train_distortion: 0.2186 train_mapscore: 0.4105 train_c: -0.9895 train_max_dist: 28.9359 train_imax: 20.1761 train_imin: -14.5125 time: 3.7057s
INFO:root:Epoch: 0595 lr: 0.01 train_loss: 44332.7500 train_distortion: 0.2180 train_mapscore: 0.4520 train_c: -0.9895 train_max_dist: 28.9451 train_imax: 20.1241 train_imin: -14.2603 time: 3.7404s
INFO:root:Epoch: 0600 lr: 0.01 train_loss: 42789.6914 train_distortion: 0.2178 train_mapscore: 0.4963 train_c: -0.9894 train_max_dist: 29.0726 train_imax: 20.3180 train_imin: -14.0057 time: 3.7120s
INFO:root:Epoch: 0605 lr: 0.01 train_loss: 41415.8242 train_distortion: 0.2181 train_mapscore: 0.5370 train_c: -0.9893 train_max_dist: 29.2868 train_imax: 20.6893 train_imin: -14.0226 time: 3.7087s
INFO:root:Epoch: 0610 lr: 0.01 train_loss: 40107.3672 train_distortion: 0.2192 train_mapscore: 0.5788 train_c: -0.9892 train_max_dist: 29.5972 train_imax: 21.2324 train_imin: -14.2823 time: 3.7114s
INFO:root:Epoch: 0615 lr: 0.01 train_loss: 39420.6953 train_distortion: 0.2211 train_mapscore: 0.5841 train_c: -0.9891 train_max_dist: 29.9344 train_imax: 21.8613 train_imin: -14.8808 time: 3.7346s
INFO:root:Epoch: 0620 lr: 0.01 train_loss: 38994.3125 train_distortion: 0.2235 train_mapscore: 0.5852 train_c: -0.9890 train_max_dist: 30.2531 train_imax: 22.4956 train_imin: -15.3130 time: 3.7241s
INFO:root:Epoch: 0625 lr: 0.01 train_loss: 38822.0469 train_distortion: 0.2263 train_mapscore: 0.5805 train_c: -0.9889 train_max_dist: 30.5572 train_imax: 23.1206 train_imin: -15.6242 time: 3.6989s
INFO:root:Epoch: 0630 lr: 0.01 train_loss: 38474.4297 train_distortion: 0.2289 train_mapscore: 0.5872 train_c: -0.9888 train_max_dist: 30.8476 train_imax: 23.6644 train_imin: -15.8110 time: 3.6940s
INFO:root:Epoch: 0635 lr: 0.01 train_loss: 37590.7383 train_distortion: 0.2319 train_mapscore: 0.6174 train_c: -0.9887 train_max_dist: 31.1370 train_imax: 24.2193 train_imin: -15.7876 time: 3.7002s
INFO:root:Epoch: 0640 lr: 0.01 train_loss: 37108.0547 train_distortion: 0.2354 train_mapscore: 0.6249 train_c: -0.9886 train_max_dist: 31.4391 train_imax: 24.7989 train_imin: -15.9788 time: 3.7099s
INFO:root:Epoch: 0645 lr: 0.01 train_loss: 35946.4922 train_distortion: 0.2394 train_mapscore: 0.6612 train_c: -0.9885 train_max_dist: 31.7602 train_imax: 25.4054 train_imin: -16.2862 time: 3.6853s
INFO:root:Epoch: 0650 lr: 0.01 train_loss: 38515.2891 train_distortion: 0.2414 train_mapscore: 0.5588 train_c: -0.9885 train_max_dist: 31.7865 train_imax: 25.6304 train_imin: -16.4778 time: 3.6890s
INFO:root:Epoch: 0655 lr: 0.01 train_loss: 38476.8164 train_distortion: 0.2429 train_mapscore: 0.5653 train_c: -0.9884 train_max_dist: 31.9612 train_imax: 25.8726 train_imin: -16.2022 time: 3.7207s
INFO:root:Epoch: 0660 lr: 0.01 train_loss: 37305.3086 train_distortion: 0.2443 train_mapscore: 0.6027 train_c: -0.9883 train_max_dist: 32.1745 train_imax: 26.1327 train_imin: -15.9932 time: 3.7156s
INFO:root:Epoch: 0665 lr: 0.01 train_loss: 35822.7461 train_distortion: 0.2464 train_mapscore: 0.6528 train_c: -0.9883 train_max_dist: 32.3604 train_imax: 26.4697 train_imin: -15.8761 time: 3.6835s
INFO:root:Epoch: 0670 lr: 0.01 train_loss: 34927.1055 train_distortion: 0.2495 train_mapscore: 0.6722 train_c: -0.9882 train_max_dist: 32.5839 train_imax: 26.9006 train_imin: -15.7605 time: 3.6879s
INFO:root:Epoch: 0675 lr: 0.01 train_loss: 34294.2266 train_distortion: 0.2532 train_mapscore: 0.6893 train_c: -0.9881 train_max_dist: 32.8435 train_imax: 27.3817 train_imin: -16.1290 time: 3.6814s
INFO:root:Epoch: 0680 lr: 0.01 train_loss: 33448.4297 train_distortion: 0.2582 train_mapscore: 0.7110 train_c: -0.9880 train_max_dist: 33.1412 train_imax: 27.9580 train_imin: -16.4683 time: 3.6917s
INFO:root:Epoch: 0685 lr: 0.01 train_loss: 32884.1250 train_distortion: 0.2643 train_mapscore: 0.7201 train_c: -0.9879 train_max_dist: 33.5014 train_imax: 28.6404 train_imin: -17.0473 time: 3.6830s
INFO:root:Epoch: 0690 lr: 0.01 train_loss: 31926.2539 train_distortion: 0.2713 train_mapscore: 0.7503 train_c: -0.9878 train_max_dist: 33.8094 train_imax: 29.3827 train_imin: -17.5876 time: 3.6848s
INFO:root:Epoch: 0695 lr: 0.01 train_loss: 31561.8477 train_distortion: 0.2785 train_mapscore: 0.7506 train_c: -0.9877 train_max_dist: 34.1901 train_imax: 30.1365 train_imin: -18.0021 time: 3.6807s
INFO:root:Epoch: 0700 lr: 0.01 train_loss: 31287.3535 train_distortion: 0.2856 train_mapscore: 0.7496 train_c: -0.9876 train_max_dist: 34.5372 train_imax: 30.8253 train_imin: -18.4659 time: 3.7192s
INFO:root:Epoch: 0705 lr: 0.01 train_loss: 32105.9004 train_distortion: 0.2902 train_mapscore: 0.7163 train_c: -0.9876 train_max_dist: 34.7470 train_imax: 31.2243 train_imin: -21.0636 time: 3.7184s
INFO:root:Epoch: 0710 lr: 0.01 train_loss: 31732.8906 train_distortion: 0.2944 train_mapscore: 0.7263 train_c: -0.9875 train_max_dist: 34.9799 train_imax: 31.6125 train_imin: -22.3021 time: 3.6856s
INFO:root:Epoch: 0715 lr: 0.01 train_loss: 32648.5352 train_distortion: 0.2989 train_mapscore: 0.6877 train_c: -0.9875 train_max_dist: 35.1453 train_imax: 32.0089 train_imin: -22.3673 time: 3.6972s
INFO:root:Epoch: 0720 lr: 0.01 train_loss: 32362.8145 train_distortion: 0.3030 train_mapscore: 0.7022 train_c: -0.9874 train_max_dist: 35.2785 train_imax: 32.3825 train_imin: -22.1511 time: 3.6863s
INFO:root:Epoch: 0725 lr: 0.01 train_loss: 30992.7773 train_distortion: 0.3071 train_mapscore: 0.7408 train_c: -0.9873 train_max_dist: 35.5255 train_imax: 32.7584 train_imin: -22.3130 time: 3.6954s
INFO:root:Epoch: 0730 lr: 0.01 train_loss: 29543.4688 train_distortion: 0.3126 train_mapscore: 0.7793 train_c: -0.9873 train_max_dist: 35.8105 train_imax: 33.2618 train_imin: -22.6743 time: 3.6855s
INFO:root:Epoch: 0735 lr: 0.01 train_loss: 34206.1797 train_distortion: 0.3084 train_mapscore: 0.6522 train_c: -0.9873 train_max_dist: 35.5610 train_imax: 32.5765 train_imin: -22.0725 time: 3.6852s
INFO:root:Epoch: 0740 lr: 0.01 train_loss: 34665.7734 train_distortion: 0.3057 train_mapscore: 0.6449 train_c: -0.9872 train_max_dist: 35.2455 train_imax: 32.3049 train_imin: -21.6691 time: 3.8674s
INFO:root:Epoch: 0745 lr: 0.01 train_loss: 41421.0703 train_distortion: 0.3007 train_mapscore: 0.4902 train_c: -0.9872 train_max_dist: 35.0531 train_imax: 32.0229 train_imin: -23.0457 time: 3.7254s
INFO:root:Epoch: 0750 lr: 0.01 train_loss: 40390.9805 train_distortion: 0.2901 train_mapscore: 0.5094 train_c: -0.9872 train_max_dist: 34.8421 train_imax: 31.4037 train_imin: -22.8597 time: 3.6978s
INFO:root:Epoch: 0755 lr: 0.01 train_loss: 37835.3828 train_distortion: 0.2799 train_mapscore: 0.5585 train_c: -0.9871 train_max_dist: 34.5535 train_imax: 30.7362 train_imin: -22.0116 time: 3.6830s
INFO:root:Epoch: 0760 lr: 0.01 train_loss: 35662.6992 train_distortion: 0.2735 train_mapscore: 0.6085 train_c: -0.9871 train_max_dist: 34.4040 train_imax: 30.2805 train_imin: -21.6163 time: 3.6838s
INFO:root:Epoch: 0765 lr: 0.01 train_loss: 35364.9844 train_distortion: 0.2710 train_mapscore: 0.6120 train_c: -0.9870 train_max_dist: 34.3458 train_imax: 30.0777 train_imin: -20.6195 time: 3.6974s
INFO:root:Epoch: 0770 lr: 0.01 train_loss: 34444.2656 train_distortion: 0.2709 train_mapscore: 0.6405 train_c: -0.9870 train_max_dist: 34.4243 train_imax: 30.1095 train_imin: -24.8762 time: 3.6750s
INFO:root:Epoch: 0775 lr: 0.01 train_loss: 32911.8242 train_distortion: 0.2733 train_mapscore: 0.6846 train_c: -0.9869 train_max_dist: 34.5682 train_imax: 30.3908 train_imin: -24.2658 time: 3.6911s
INFO:root:Epoch: 0780 lr: 0.01 train_loss: 31540.2051 train_distortion: 0.2778 train_mapscore: 0.7239 train_c: -0.9868 train_max_dist: 34.8063 train_imax: 30.8780 train_imin: -22.0854 time: 3.6821s
INFO:root:Epoch: 0785 lr: 0.01 train_loss: 31348.9434 train_distortion: 0.2841 train_mapscore: 0.7232 train_c: -0.9867 train_max_dist: 35.0913 train_imax: 31.5146 train_imin: -20.5927 time: 3.7160s
INFO:root:Epoch: 0790 lr: 0.01 train_loss: 30105.3691 train_distortion: 0.2919 train_mapscore: 0.7595 train_c: -0.9866 train_max_dist: 35.3490 train_imax: 32.2731 train_imin: -21.0261 time: 3.6891s
INFO:root:Epoch: 0795 lr: 0.01 train_loss: 29960.9355 train_distortion: 0.3011 train_mapscore: 0.7557 train_c: -0.9865 train_max_dist: 35.6638 train_imax: 33.1119 train_imin: -21.8122 time: 3.6801s
INFO:root:Epoch: 0800 lr: 0.01 train_loss: 38384.4766 train_distortion: 0.3089 train_mapscore: 0.5394 train_c: -0.9865 train_max_dist: 35.7580 train_imax: 33.9941 train_imin: -22.9465 time: 3.6983s
INFO:root:Epoch: 0805 lr: 0.01 train_loss: 37396.0273 train_distortion: 0.3082 train_mapscore: 0.5573 train_c: -0.9864 train_max_dist: 35.6344 train_imax: 34.2098 train_imin: -21.7958 time: 3.7012s
INFO:root:Epoch: 0810 lr: 0.01 train_loss: 39257.4570 train_distortion: 0.3046 train_mapscore: 0.5183 train_c: -0.9864 train_max_dist: 35.6015 train_imax: 34.0890 train_imin: -20.1827 time: 3.6802s
INFO:root:Epoch: 0815 lr: 0.01 train_loss: 46615.3750 train_distortion: 0.2966 train_mapscore: 0.4121 train_c: -0.9863 train_max_dist: 35.2049 train_imax: 33.4883 train_imin: -18.8472 time: 3.7005s
INFO:root:Epoch: 0820 lr: 0.01 train_loss: 52902.4062 train_distortion: 0.2782 train_mapscore: 0.3350 train_c: -0.9862 train_max_dist: 34.0555 train_imax: 31.9342 train_imin: -18.3194 time: 3.7197s
INFO:root:Epoch: 0825 lr: 0.01 train_loss: 54178.5625 train_distortion: 0.2615 train_mapscore: 0.3144 train_c: -0.9862 train_max_dist: 33.1071 train_imax: 30.2905 train_imin: -16.9009 time: 3.7553s
INFO:root:Epoch: 0830 lr: 0.01 train_loss: 51888.0391 train_distortion: 0.2407 train_mapscore: 0.3337 train_c: -0.9861 train_max_dist: 31.9210 train_imax: 30.6769 train_imin: -14.2630 time: 3.7468s
INFO:root:Epoch: 0835 lr: 0.01 train_loss: 49505.6250 train_distortion: 0.2276 train_mapscore: 0.3652 train_c: -0.9861 train_max_dist: 30.9454 train_imax: 29.2048 train_imin: -12.3515 time: 3.7169s
INFO:root:Epoch: 0840 lr: 0.01 train_loss: 47531.7891 train_distortion: 0.2216 train_mapscore: 0.4006 train_c: -0.9861 train_max_dist: 30.2480 train_imax: 27.3833 train_imin: -11.1370 time: 3.7231s
INFO:root:Epoch: 0845 lr: 0.01 train_loss: 46020.2148 train_distortion: 0.2195 train_mapscore: 0.4289 train_c: -0.9860 train_max_dist: 29.8713 train_imax: 26.2861 train_imin: -10.3673 time: 3.7140s
INFO:root:Epoch: 0850 lr: 0.01 train_loss: 51415.6445 train_distortion: 0.2277 train_mapscore: 0.3390 train_c: -0.9863 train_max_dist: 27.4714 train_imax: 19.8262 train_imin: -8.4613 time: 3.7293s
INFO:root:Epoch: 0855 lr: 0.01 train_loss: 67126.7969 train_distortion: 0.3034 train_mapscore: 0.1713 train_c: -0.9871 train_max_dist: 23.0704 train_imax: 12.5159 train_imin: -9.9665 time: 3.8336s
INFO:root:Epoch: 0860 lr: 0.01 train_loss: 77146.6719 train_distortion: 0.3871 train_mapscore: 0.0990 train_c: -0.9876 train_max_dist: 20.8664 train_imax: 9.4961 train_imin: -5.8264 time: 4.0033s
INFO:root:Epoch: 0865 lr: 0.01 train_loss: 81751.4297 train_distortion: 0.4406 train_mapscore: 0.0751 train_c: -0.9879 train_max_dist: 19.4847 train_imax: 8.1287 train_imin: -4.9476 time: 4.0956s
INFO:root:Epoch: 0870 lr: 0.01 train_loss: 83908.7500 train_distortion: 0.4701 train_mapscore: 0.0658 train_c: -0.9880 train_max_dist: 18.6978 train_imax: 7.4442 train_imin: -4.6486 time: 4.1181s
INFO:root:Epoch: 0875 lr: 0.01 train_loss: 84855.8281 train_distortion: 0.4853 train_mapscore: 0.0642 train_c: -0.9881 train_max_dist: 18.2477 train_imax: 7.0811 train_imin: -4.5367 time: 4.0980s
INFO:root:Epoch: 0880 lr: 0.01 train_loss: 85171.5156 train_distortion: 0.4913 train_mapscore: 0.0618 train_c: -0.9881 train_max_dist: 17.9922 train_imax: 6.9232 train_imin: -4.4742 time: 4.1107s
INFO:root:Epoch: 0885 lr: 0.01 train_loss: 85152.7578 train_distortion: 0.4915 train_mapscore: 0.0619 train_c: -0.9881 train_max_dist: 17.8649 train_imax: 6.8877 train_imin: -4.4442 time: 4.0829s
INFO:root:Epoch: 0890 lr: 0.01 train_loss: 84995.2188 train_distortion: 0.4882 train_mapscore: 0.0635 train_c: -0.9881 train_max_dist: 17.8462 train_imax: 6.9311 train_imin: -4.4381 time: 4.0778s
INFO:root:Epoch: 0895 lr: 0.01 train_loss: 84692.5234 train_distortion: 0.4831 train_mapscore: 0.0649 train_c: -0.9880 train_max_dist: 17.8934 train_imax: 7.0502 train_imin: -4.5089 time: 4.0905s
INFO:root:Epoch: 0900 lr: 0.01 train_loss: 84381.2812 train_distortion: 0.4771 train_mapscore: 0.0659 train_c: -0.9880 train_max_dist: 17.9510 train_imax: 7.1938 train_imin: -4.5885 time: 4.0682s
INFO:root:Epoch: 0905 lr: 0.01 train_loss: 84007.2812 train_distortion: 0.4728 train_mapscore: 0.0687 train_c: -0.9879 train_max_dist: 17.9284 train_imax: 7.3011 train_imin: -4.6544 time: 4.0709s
INFO:root:Epoch: 0910 lr: 0.01 train_loss: 83596.9062 train_distortion: 0.4678 train_mapscore: 0.0714 train_c: -0.9879 train_max_dist: 17.9496 train_imax: 7.4225 train_imin: -4.7369 time: 4.1134s
INFO:root:Epoch: 0915 lr: 0.01 train_loss: 83207.0156 train_distortion: 0.4627 train_mapscore: 0.0752 train_c: -0.9878 train_max_dist: 18.0042 train_imax: 7.5485 train_imin: -4.8171 time: 4.0794s
INFO:root:Epoch: 0920 lr: 0.01 train_loss: 82803.2734 train_distortion: 0.4575 train_mapscore: 0.0788 train_c: -0.9878 train_max_dist: 18.0707 train_imax: 7.6747 train_imin: -4.8888 time: 4.0480s
INFO:root:Epoch: 0925 lr: 0.01 train_loss: 82377.9219 train_distortion: 0.4526 train_mapscore: 0.0816 train_c: -0.9877 train_max_dist: 18.1610 train_imax: 7.7974 train_imin: -4.9587 time: 4.0675s
INFO:root:Epoch: 0930 lr: 0.01 train_loss: 81958.1875 train_distortion: 0.4479 train_mapscore: 0.0846 train_c: -0.9876 train_max_dist: 20.0000 train_imax: 7.9155 train_imin: -5.0221 time: 4.0403s
INFO:root:Epoch: 0935 lr: 0.01 train_loss: 81536.8906 train_distortion: 0.4433 train_mapscore: 0.0881 train_c: -0.9876 train_max_dist: 18.3246 train_imax: 8.0310 train_imin: -5.0789 time: 4.0417s
INFO:root:Epoch: 0940 lr: 0.01 train_loss: 81100.0625 train_distortion: 0.4388 train_mapscore: 0.0916 train_c: -0.9875 train_max_dist: 18.4024 train_imax: 8.1445 train_imin: -5.1280 time: 4.0473s
INFO:root:Epoch: 0945 lr: 0.01 train_loss: 80659.4062 train_distortion: 0.4345 train_mapscore: 0.0957 train_c: -0.9874 train_max_dist: 18.4756 train_imax: 8.2535 train_imin: -5.1780 time: 4.1645s
INFO:root:Epoch: 0950 lr: 0.01 train_loss: 80219.0391 train_distortion: 0.4304 train_mapscore: 0.0992 train_c: -0.9874 train_max_dist: 18.5445 train_imax: 8.3580 train_imin: -5.2238 time: 4.0680s
INFO:root:Epoch: 0955 lr: 0.01 train_loss: 79783.1094 train_distortion: 0.4265 train_mapscore: 0.1034 train_c: -0.9873 train_max_dist: 18.6058 train_imax: 8.4587 train_imin: -5.2690 time: 4.0662s
INFO:root:Epoch: 0960 lr: 0.01 train_loss: 79347.7031 train_distortion: 0.4227 train_mapscore: 0.1051 train_c: -0.9872 train_max_dist: 18.6597 train_imax: 8.5567 train_imin: -5.3130 time: 4.0377s
INFO:root:Epoch: 0965 lr: 0.01 train_loss: 78910.1172 train_distortion: 0.4190 train_mapscore: 0.1095 train_c: -0.9872 train_max_dist: 18.7075 train_imax: 8.6541 train_imin: -5.3500 time: 4.0313s
INFO:root:Epoch: 0970 lr: 0.01 train_loss: 78494.7266 train_distortion: 0.4152 train_mapscore: 0.1151 train_c: -0.9871 train_max_dist: 18.7588 train_imax: 8.7574 train_imin: -5.3898 time: 4.0159s
INFO:root:Epoch: 0975 lr: 0.01 train_loss: 78079.6875 train_distortion: 0.4117 train_mapscore: 0.1197 train_c: -0.9870 train_max_dist: 18.8169 train_imax: 8.8510 train_imin: -5.4188 time: 4.0017s
INFO:root:Epoch: 0980 lr: 0.01 train_loss: 77662.1562 train_distortion: 0.4081 train_mapscore: 0.1258 train_c: -0.9870 train_max_dist: 18.8902 train_imax: 8.9481 train_imin: -5.4524 time: 4.0045s
INFO:root:Epoch: 0985 lr: 0.01 train_loss: 77238.5781 train_distortion: 0.4051 train_mapscore: 0.1305 train_c: -0.9869 train_max_dist: 18.9660 train_imax: 9.0296 train_imin: -5.4675 time: 3.9918s
INFO:root:Epoch: 0990 lr: 0.01 train_loss: 76801.6250 train_distortion: 0.4021 train_mapscore: 0.1330 train_c: -0.9868 train_max_dist: 19.0705 train_imax: 9.1077 train_imin: -5.4809 time: 3.9926s
INFO:root:Epoch: 0995 lr: 0.01 train_loss: 76384.0547 train_distortion: 0.3989 train_mapscore: 0.1354 train_c: -0.9868 train_max_dist: 19.1813 train_imax: 9.1957 train_imin: -5.5008 time: 4.0133s
INFO:root:Epoch: 1000 lr: 0.01 train_loss: 75986.0078 train_distortion: 0.3955 train_mapscore: 0.1396 train_c: -0.9867 train_max_dist: 19.2920 train_imax: 9.2884 train_imin: -5.5170 time: 3.9903s
INFO:root:Epoch: 1005 lr: 0.01 train_loss: 75595.5000 train_distortion: 0.3921 train_mapscore: 0.1459 train_c: -0.9866 train_max_dist: 19.4083 train_imax: 9.3839 train_imin: -5.5341 time: 3.9670s
INFO:root:Epoch: 1010 lr: 0.01 train_loss: 75184.0078 train_distortion: 0.3885 train_mapscore: 0.1514 train_c: -0.9865 train_max_dist: 19.5247 train_imax: 9.4877 train_imin: -5.5575 time: 3.9674s
INFO:root:Epoch: 1015 lr: 0.01 train_loss: 74787.1094 train_distortion: 0.3849 train_mapscore: 0.1546 train_c: -0.9865 train_max_dist: 19.6411 train_imax: 9.5959 train_imin: -5.5844 time: 3.9416s
INFO:root:Epoch: 1020 lr: 0.01 train_loss: 74387.8672 train_distortion: 0.3812 train_mapscore: 0.1635 train_c: -0.9864 train_max_dist: 19.7465 train_imax: 9.7083 train_imin: -5.6107 time: 3.9433s
INFO:root:Epoch: 1025 lr: 0.01 train_loss: 73976.9062 train_distortion: 0.3784 train_mapscore: 0.1661 train_c: -0.9863 train_max_dist: 19.8311 train_imax: 9.7920 train_imin: -5.6078 time: 3.9476s
INFO:root:Epoch: 1030 lr: 0.01 train_loss: 73579.7969 train_distortion: 0.3754 train_mapscore: 0.1713 train_c: -0.9862 train_max_dist: 19.9268 train_imax: 9.8835 train_imin: -5.6140 time: 3.9391s
INFO:root:Epoch: 1035 lr: 0.01 train_loss: 73196.7656 train_distortion: 0.3720 train_mapscore: 0.1795 train_c: -0.9862 train_max_dist: 20.0282 train_imax: 9.9901 train_imin: -5.6349 time: 3.9726s
INFO:root:Epoch: 1040 lr: 0.01 train_loss: 73515.1406 train_distortion: 0.3748 train_mapscore: 0.1300 train_c: -0.9862 train_max_dist: 20.0018 train_imax: 9.8810 train_imin: -5.5743 time: 3.9681s
INFO:root:Epoch: 1045 lr: 0.01 train_loss: 73810.2969 train_distortion: 0.3750 train_mapscore: 0.1255 train_c: -0.9863 train_max_dist: 20.0214 train_imax: 9.8629 train_imin: -5.5570 time: 3.9889s
INFO:root:Epoch: 1050 lr: 0.01 train_loss: 73868.0625 train_distortion: 0.3739 train_mapscore: 0.1292 train_c: -0.9862 train_max_dist: 20.0647 train_imax: 9.8883 train_imin: -5.5680 time: 3.9535s
INFO:root:Epoch: 1055 lr: 0.01 train_loss: 73733.5781 train_distortion: 0.3722 train_mapscore: 0.1333 train_c: -0.9862 train_max_dist: 20.1148 train_imax: 9.9309 train_imin: -5.6022 time: 3.9524s
INFO:root:Epoch: 1060 lr: 0.01 train_loss: 73381.8125 train_distortion: 0.3703 train_mapscore: 0.1386 train_c: -0.9862 train_max_dist: 20.1644 train_imax: 9.9801 train_imin: -5.6391 time: 3.9511s
INFO:root:Epoch: 1065 lr: 0.01 train_loss: 72952.9062 train_distortion: 0.3682 train_mapscore: 0.1429 train_c: -0.9861 train_max_dist: 20.3327 train_imax: 10.0357 train_imin: -5.6800 time: 3.9321s
INFO:root:Epoch: 1070 lr: 0.01 train_loss: 72497.9609 train_distortion: 0.3655 train_mapscore: 0.1485 train_c: -0.9861 train_max_dist: 20.4811 train_imax: 10.1097 train_imin: -5.7376 time: 3.9217s
INFO:root:Epoch: 1075 lr: 0.01 train_loss: 72041.6016 train_distortion: 0.3621 train_mapscore: 0.1549 train_c: -0.9860 train_max_dist: 20.6186 train_imax: 10.2133 train_imin: -5.8133 time: 3.9109s
INFO:root:Epoch: 1080 lr: 0.01 train_loss: 71603.9531 train_distortion: 0.3583 train_mapscore: 0.1636 train_c: -0.9859 train_max_dist: 20.7190 train_imax: 10.3330 train_imin: -5.8959 time: 3.9471s
INFO:root:Epoch: 1085 lr: 0.01 train_loss: 71163.7812 train_distortion: 0.3565 train_mapscore: 0.1665 train_c: -0.9859 train_max_dist: 20.7746 train_imax: 10.3827 train_imin: -5.9218 time: 3.9892s
INFO:root:Epoch: 1090 lr: 0.01 train_loss: 70758.6328 train_distortion: 0.3545 train_mapscore: 0.1662 train_c: -0.9858 train_max_dist: 20.8337 train_imax: 10.4441 train_imin: -5.9575 time: 3.8910s
INFO:root:Epoch: 1095 lr: 0.01 train_loss: 70368.5938 train_distortion: 0.3513 train_mapscore: 0.1746 train_c: -0.9857 train_max_dist: 20.9175 train_imax: 10.5524 train_imin: -6.0265 time: 3.8878s
INFO:root:Epoch: 1100 lr: 0.01 train_loss: 69985.9688 train_distortion: 0.3475 train_mapscore: 0.1842 train_c: -0.9857 train_max_dist: 21.0230 train_imax: 10.6827 train_imin: -6.1093 time: 3.8868s
INFO:root:Epoch: 1105 lr: 0.01 train_loss: 69592.3906 train_distortion: 0.3437 train_mapscore: 0.1898 train_c: -0.9856 train_max_dist: 21.1264 train_imax: 10.8168 train_imin: -6.1895 time: 3.8885s
INFO:root:Epoch: 1110 lr: 0.01 train_loss: 69198.7500 train_distortion: 0.3400 train_mapscore: 0.1972 train_c: -0.9855 train_max_dist: 21.2220 train_imax: 10.9487 train_imin: -6.2661 time: 3.8713s
INFO:root:Epoch: 1115 lr: 0.01 train_loss: 68813.2891 train_distortion: 0.3364 train_mapscore: 0.2065 train_c: -0.9854 train_max_dist: 21.3135 train_imax: 11.0795 train_imin: -6.3454 time: 3.8954s
INFO:root:Epoch: 1120 lr: 0.01 train_loss: 68414.4141 train_distortion: 0.3329 train_mapscore: 0.2169 train_c: -0.9853 train_max_dist: 21.4044 train_imax: 11.2096 train_imin: -6.4246 time: 3.9029s
INFO:root:Epoch: 1125 lr: 0.01 train_loss: 68025.3672 train_distortion: 0.3295 train_mapscore: 0.2258 train_c: -0.9852 train_max_dist: 21.4838 train_imax: 11.3388 train_imin: -6.5029 time: 3.8972s
INFO:root:Epoch: 1130 lr: 0.01 train_loss: 67657.8438 train_distortion: 0.3264 train_mapscore: 0.2321 train_c: -0.9851 train_max_dist: 21.5670 train_imax: 11.4543 train_imin: -6.5714 time: 3.8721s
INFO:root:Epoch: 1135 lr: 0.01 train_loss: 67256.7969 train_distortion: 0.3234 train_mapscore: 0.2393 train_c: -0.9850 train_max_dist: 21.6294 train_imax: 11.5675 train_imin: -6.6431 time: 3.8562s
INFO:root:Epoch: 1140 lr: 0.01 train_loss: 66860.7422 train_distortion: 0.3205 train_mapscore: 0.2474 train_c: -0.9849 train_max_dist: 21.6960 train_imax: 11.6825 train_imin: -6.7141 time: 3.8540s
INFO:root:Epoch: 1145 lr: 0.01 train_loss: 66469.6797 train_distortion: 0.3176 train_mapscore: 0.2559 train_c: -0.9849 train_max_dist: 21.7785 train_imax: 11.8008 train_imin: -6.7826 time: 3.8593s
INFO:root:Epoch: 1150 lr: 0.01 train_loss: 66098.9375 train_distortion: 0.3148 train_mapscore: 0.2603 train_c: -0.9848 train_max_dist: 21.8790 train_imax: 11.9162 train_imin: -6.8487 time: 3.8660s
INFO:root:Epoch: 1155 lr: 0.01 train_loss: 65756.3594 train_distortion: 0.3123 train_mapscore: 0.2619 train_c: -0.9847 train_max_dist: 21.9698 train_imax: 12.0246 train_imin: -6.9057 time: 3.8581s
INFO:root:Epoch: 1160 lr: 0.01 train_loss: 65383.9766 train_distortion: 0.3099 train_mapscore: 0.2665 train_c: -0.9846 train_max_dist: 22.0547 train_imax: 12.1286 train_imin: -6.9547 time: 3.8409s
INFO:root:Epoch: 1165 lr: 0.01 train_loss: 65006.8984 train_distortion: 0.3073 train_mapscore: 0.2735 train_c: -0.9845 train_max_dist: 22.1689 train_imax: 12.2408 train_imin: -7.0126 time: 3.8623s
INFO:root:Epoch: 1170 lr: 0.01 train_loss: 64622.0391 train_distortion: 0.3048 train_mapscore: 0.2805 train_c: -0.9844 train_max_dist: 22.2853 train_imax: 12.3577 train_imin: -7.0729 time: 3.8372s
INFO:root:Epoch: 1175 lr: 0.01 train_loss: 64256.5508 train_distortion: 0.3021 train_mapscore: 0.2852 train_c: -0.9843 train_max_dist: 22.4072 train_imax: 12.4823 train_imin: -7.1322 time: 3.8370s
INFO:root:Epoch: 1180 lr: 0.01 train_loss: 63912.2383 train_distortion: 0.2995 train_mapscore: 0.2900 train_c: -0.9842 train_max_dist: 22.5311 train_imax: 12.6065 train_imin: -7.1960 time: 3.8291s
INFO:root:Epoch: 1185 lr: 0.01 train_loss: 63562.6914 train_distortion: 0.2971 train_mapscore: 0.2892 train_c: -0.9841 train_max_dist: 22.6495 train_imax: 12.7237 train_imin: -7.2603 time: 3.8247s
INFO:root:Epoch: 1190 lr: 0.01 train_loss: 63210.0781 train_distortion: 0.2948 train_mapscore: 0.2951 train_c: -0.9840 train_max_dist: 22.7589 train_imax: 12.8396 train_imin: -7.3199 time: 3.8246s
INFO:root:Epoch: 1195 lr: 0.01 train_loss: 65199.8984 train_distortion: 0.2939 train_mapscore: 0.1836 train_c: -0.9840 train_max_dist: 22.9841 train_imax: 12.9708 train_imin: -7.3290 time: 3.8465s
INFO:root:Epoch: 1200 lr: 0.01 train_loss: 68307.2812 train_distortion: 0.2965 train_mapscore: 0.1476 train_c: -0.9839 train_max_dist: 23.0217 train_imax: 13.0308 train_imin: -7.2807 time: 3.8729s
INFO:root:Epoch: 1205 lr: 0.01 train_loss: 69705.5156 train_distortion: 0.3006 train_mapscore: 0.1379 train_c: -0.9838 train_max_dist: 22.8956 train_imax: 12.9529 train_imin: -7.1609 time: 3.9103s
INFO:root:Epoch: 1210 lr: 0.01 train_loss: 70113.0234 train_distortion: 0.3058 train_mapscore: 0.1365 train_c: -0.9838 train_max_dist: 22.7302 train_imax: 12.7594 train_imin: -6.9762 time: 3.9152s
INFO:root:Epoch: 1215 lr: 0.01 train_loss: 69849.6094 train_distortion: 0.3113 train_mapscore: 0.1405 train_c: -0.9837 train_max_dist: 22.5457 train_imax: 12.5116 train_imin: -6.7741 time: 3.8726s
INFO:root:Epoch: 1220 lr: 0.01 train_loss: 69350.3125 train_distortion: 0.3162 train_mapscore: 0.1494 train_c: -0.9837 train_max_dist: 22.3822 train_imax: 12.2747 train_imin: -6.5943 time: 3.8753s
INFO:root:Epoch: 1225 lr: 0.01 train_loss: 68827.9453 train_distortion: 0.3199 train_mapscore: 0.1546 train_c: -0.9836 train_max_dist: 22.2703 train_imax: 12.0923 train_imin: -6.4563 time: 3.8550s
INFO:root:Epoch: 1230 lr: 0.01 train_loss: 68268.3516 train_distortion: 0.3226 train_mapscore: 0.1630 train_c: -0.9836 train_max_dist: 22.1968 train_imax: 11.9549 train_imin: -6.3535 time: 3.8524s
INFO:root:Epoch: 1235 lr: 0.01 train_loss: 67781.3359 train_distortion: 0.3246 train_mapscore: 0.1678 train_c: -0.9835 train_max_dist: 22.1585 train_imax: 11.8464 train_imin: -6.2783 time: 3.8389s
INFO:root:Epoch: 1240 lr: 0.01 train_loss: 67333.8516 train_distortion: 0.3248 train_mapscore: 0.1729 train_c: -0.9834 train_max_dist: 22.1940 train_imax: 11.8226 train_imin: -6.2568 time: 3.8272s
INFO:root:Epoch: 1245 lr: 0.01 train_loss: 67053.3750 train_distortion: 0.3204 train_mapscore: 0.1741 train_c: -0.9833 train_max_dist: 22.4019 train_imax: 12.0055 train_imin: -6.4051 time: 3.8484s
INFO:root:Epoch: 1250 lr: 0.01 train_loss: 67788.1641 train_distortion: 0.3095 train_mapscore: 0.1538 train_c: -0.9831 train_max_dist: 22.9142 train_imax: 17.8387 train_imin: -6.8770 time: 3.9077s
INFO:root:Epoch: 1255 lr: 0.01 train_loss: 68284.2188 train_distortion: 0.3040 train_mapscore: 0.1511 train_c: -0.9829 train_max_dist: 23.1933 train_imax: 18.8490 train_imin: -7.1387 time: 3.8741s
INFO:root:Epoch: 1260 lr: 0.01 train_loss: 68237.5859 train_distortion: 0.3026 train_mapscore: 0.1557 train_c: -0.9828 train_max_dist: 23.2949 train_imax: 19.3133 train_imin: -7.2200 time: 3.8677s
INFO:root:Epoch: 1265 lr: 0.01 train_loss: 67801.5312 train_distortion: 0.3037 train_mapscore: 0.1612 train_c: -0.9827 train_max_dist: 23.2916 train_imax: 19.3834 train_imin: -7.1804 time: 3.8650s
INFO:root:Epoch: 1270 lr: 0.01 train_loss: 67218.8125 train_distortion: 0.3080 train_mapscore: 0.1675 train_c: -0.9827 train_max_dist: 23.1590 train_imax: 19.0763 train_imin: -7.0217 time: 3.8592s
INFO:root:Epoch: 1275 lr: 0.01 train_loss: 66696.6406 train_distortion: 0.3102 train_mapscore: 0.1757 train_c: -0.9826 train_max_dist: 23.1012 train_imax: 18.9143 train_imin: -6.9272 time: 3.8307s
INFO:root:Epoch: 1280 lr: 0.01 train_loss: 66237.9688 train_distortion: 0.3107 train_mapscore: 0.1828 train_c: -0.9825 train_max_dist: 23.1048 train_imax: 18.8861 train_imin: -6.8887 time: 3.8491s
INFO:root:Epoch: 1285 lr: 0.01 train_loss: 65761.6719 train_distortion: 0.3096 train_mapscore: 0.1921 train_c: -0.9825 train_max_dist: 23.1656 train_imax: 18.9799 train_imin: -6.9038 time: 3.8169s
INFO:root:Epoch: 1290 lr: 0.01 train_loss: 65323.1758 train_distortion: 0.3082 train_mapscore: 0.2023 train_c: -0.9824 train_max_dist: 23.2390 train_imax: 19.0845 train_imin: -6.9334 time: 3.8450s
INFO:root:Epoch: 1295 lr: 0.01 train_loss: 64899.8750 train_distortion: 0.3057 train_mapscore: 0.2094 train_c: -0.9823 train_max_dist: 23.3569 train_imax: 19.2836 train_imin: -7.0108 time: 3.8369s
INFO:root:Epoch: 1300 lr: 0.01 train_loss: 64487.3281 train_distortion: 0.3023 train_mapscore: 0.2176 train_c: -0.9822 train_max_dist: 23.5036 train_imax: 19.5560 train_imin: -7.1168 time: 3.8128s
INFO:root:Epoch: 1305 lr: 0.01 train_loss: 64098.5078 train_distortion: 0.2996 train_mapscore: 0.2264 train_c: -0.9821 train_max_dist: 23.6230 train_imax: 19.7824 train_imin: -7.1978 time: 3.8289s
INFO:root:Epoch: 1310 lr: 0.01 train_loss: 63698.4688 train_distortion: 0.2965 train_mapscore: 0.2370 train_c: -0.9819 train_max_dist: 23.7618 train_imax: 20.0471 train_imin: -7.2946 time: 3.8103s
INFO:root:Epoch: 1315 lr: 0.01 train_loss: 63315.9219 train_distortion: 0.2934 train_mapscore: 0.2460 train_c: -0.9818 train_max_dist: 23.9037 train_imax: 20.3169 train_imin: -7.3896 time: 3.8267s
INFO:root:Epoch: 1320 lr: 0.01 train_loss: 62932.0469 train_distortion: 0.2907 train_mapscore: 0.2547 train_c: -0.9817 train_max_dist: 24.0366 train_imax: 20.5648 train_imin: -7.4750 time: 3.8153s
INFO:root:Epoch: 1325 lr: 0.01 train_loss: 62569.5117 train_distortion: 0.2880 train_mapscore: 0.2639 train_c: -0.9816 train_max_dist: 24.1675 train_imax: 20.8190 train_imin: -7.5664 time: 3.8021s
INFO:root:Epoch: 1330 lr: 0.01 train_loss: 62179.6328 train_distortion: 0.2853 train_mapscore: 0.2776 train_c: -0.9815 train_max_dist: 24.3024 train_imax: 21.0808 train_imin: -7.6603 time: 3.8387s
INFO:root:Epoch: 1335 lr: 0.01 train_loss: 61805.7109 train_distortion: 0.2830 train_mapscore: 0.2858 train_c: -0.9814 train_max_dist: 24.4179 train_imax: 21.2965 train_imin: -7.7349 time: 3.8487s
INFO:root:Epoch: 1340 lr: 0.01 train_loss: 61479.9844 train_distortion: 0.2807 train_mapscore: 0.2862 train_c: -0.9813 train_max_dist: 24.5324 train_imax: 21.5276 train_imin: -7.8111 time: 3.7912s
INFO:root:Epoch: 1345 lr: 0.01 train_loss: 61127.6797 train_distortion: 0.2788 train_mapscore: 0.2942 train_c: -0.9812 train_max_dist: 24.6405 train_imax: 21.7321 train_imin: -7.8738 time: 3.8068s
INFO:root:Epoch: 1350 lr: 0.01 train_loss: 60813.8711 train_distortion: 0.2769 train_mapscore: 0.3015 train_c: -0.9811 train_max_dist: 24.7500 train_imax: 21.9365 train_imin: -7.9277 time: 3.7976s
INFO:root:Epoch: 1355 lr: 0.01 train_loss: 60616.3594 train_distortion: 0.2750 train_mapscore: 0.2887 train_c: -0.9810 train_max_dist: 24.8799 train_imax: 22.1934 train_imin: -8.0055 time: 3.7901s
INFO:root:Epoch: 1360 lr: 0.01 train_loss: 61273.2500 train_distortion: 0.2738 train_mapscore: 0.2470 train_c: -0.9809 train_max_dist: 25.0449 train_imax: 22.5370 train_imin: -8.1172 time: 3.8141s
INFO:root:Epoch: 1365 lr: 0.01 train_loss: 61522.0664 train_distortion: 0.2728 train_mapscore: 0.2427 train_c: -0.9808 train_max_dist: 25.1694 train_imax: 22.7644 train_imin: -8.1735 time: 3.8004s
INFO:root:Epoch: 1370 lr: 0.01 train_loss: 61376.0391 train_distortion: 0.2722 train_mapscore: 0.2530 train_c: -0.9807 train_max_dist: 25.2523 train_imax: 22.8931 train_imin: -8.1820 time: 3.8160s
INFO:root:Epoch: 1375 lr: 0.01 train_loss: 61037.3984 train_distortion: 0.2715 train_mapscore: 0.2612 train_c: -0.9806 train_max_dist: 25.3186 train_imax: 22.9917 train_imin: -8.1893 time: 3.8430s
INFO:root:Epoch: 1380 lr: 0.01 train_loss: 60601.9336 train_distortion: 0.2706 train_mapscore: 0.2731 train_c: -0.9805 train_max_dist: 25.3827 train_imax: 23.1023 train_imin: -8.2100 time: 3.8301s
INFO:root:Epoch: 1385 lr: 0.01 train_loss: 60147.0312 train_distortion: 0.2696 train_mapscore: 0.2869 train_c: -0.9804 train_max_dist: 25.4409 train_imax: 23.2093 train_imin: -8.2285 time: 3.7922s
INFO:root:Epoch: 1390 lr: 0.01 train_loss: 59713.0977 train_distortion: 0.2685 train_mapscore: 0.2956 train_c: -0.9803 train_max_dist: 25.5080 train_imax: 23.3304 train_imin: -8.2587 time: 3.8009s
INFO:root:Epoch: 1395 lr: 0.01 train_loss: 59280.6797 train_distortion: 0.2669 train_mapscore: 0.3099 train_c: -0.9802 train_max_dist: 25.6026 train_imax: 23.4977 train_imin: -8.3143 time: 3.7947s
INFO:root:Epoch: 1400 lr: 0.01 train_loss: 58856.1055 train_distortion: 0.2654 train_mapscore: 0.3244 train_c: -0.9801 train_max_dist: 25.7072 train_imax: 23.6817 train_imin: -8.3686 time: 3.7877s
INFO:root:Epoch: 1405 lr: 0.01 train_loss: 58526.1953 train_distortion: 0.2645 train_mapscore: 0.3257 train_c: -0.9801 train_max_dist: 25.7494 train_imax: 23.8165 train_imin: -8.3823 time: 3.7805s
INFO:root:Epoch: 1410 lr: 0.01 train_loss: 58172.9336 train_distortion: 0.2633 train_mapscore: 0.3330 train_c: -0.9800 train_max_dist: 25.8111 train_imax: 23.9818 train_imin: -8.4054 time: 3.7770s
INFO:root:Epoch: 1415 lr: 0.01 train_loss: 57887.9531 train_distortion: 0.2620 train_mapscore: 0.3319 train_c: -0.9799 train_max_dist: 25.8886 train_imax: 24.1649 train_imin: -8.4152 time: 3.8311s
INFO:root:Epoch: 1420 lr: 0.01 train_loss: 57563.3789 train_distortion: 0.2602 train_mapscore: 0.3447 train_c: -0.9798 train_max_dist: 26.0027 train_imax: 24.4330 train_imin: -8.4787 time: 3.8166s
INFO:root:Epoch: 1425 lr: 0.01 train_loss: 57216.3516 train_distortion: 0.2584 train_mapscore: 0.3549 train_c: -0.9797 train_max_dist: 26.1111 train_imax: 24.6757 train_imin: -8.5452 time: 3.7711s
INFO:root:Epoch: 1430 lr: 0.01 train_loss: 56910.6406 train_distortion: 0.2563 train_mapscore: 0.3655 train_c: -0.9796 train_max_dist: 26.2458 train_imax: 24.9918 train_imin: -8.6456 time: 3.7737s
INFO:root:Epoch: 1435 lr: 0.01 train_loss: 71860.5469 train_distortion: 0.2891 train_mapscore: 0.1081 train_c: -0.9806 train_max_dist: 24.7825 train_imax: 22.5249 train_imin: -8.8216 time: 3.8652s
INFO:root:Epoch: 1440 lr: 0.01 train_loss: 79325.2656 train_distortion: 0.3229 train_mapscore: 0.0706 train_c: -0.9812 train_max_dist: 23.5901 train_imax: 20.6268 train_imin: -10.7802 time: 3.9831s
INFO:root:Epoch: 1445 lr: 0.01 train_loss: 82648.6562 train_distortion: 0.3517 train_mapscore: 0.0583 train_c: -0.9816 train_max_dist: 22.6241 train_imax: 19.0338 train_imin: -10.6487 time: 4.0672s
INFO:root:Epoch: 1450 lr: 0.01 train_loss: 83901.6719 train_distortion: 0.3754 train_mapscore: 0.0537 train_c: -0.9818 train_max_dist: 21.8366 train_imax: 17.7031 train_imin: -10.0180 time: 4.1101s
INFO:root:Epoch: 1455 lr: 0.01 train_loss: 84138.7500 train_distortion: 0.3949 train_mapscore: 0.0518 train_c: -0.9819 train_max_dist: 21.1881 train_imax: 16.6053 train_imin: -9.3300 time: 4.1174s
INFO:root:Epoch: 1460 lr: 0.01 train_loss: 84061.5781 train_distortion: 0.4106 train_mapscore: 0.0521 train_c: -0.9820 train_max_dist: 20.6683 train_imax: 15.7243 train_imin: -8.7150 time: 4.1236s
INFO:root:Epoch: 1465 lr: 0.01 train_loss: 83853.1094 train_distortion: 0.4229 train_mapscore: 0.0533 train_c: -0.9820 train_max_dist: 20.2662 train_imax: 15.0453 train_imin: -8.1988 time: 4.1060s
INFO:root:Epoch: 1470 lr: 0.01 train_loss: 84152.0625 train_distortion: 0.4057 train_mapscore: 0.0527 train_c: -0.9819 train_max_dist: 20.7967 train_imax: 16.0210 train_imin: -8.6403 time: 4.0919s
INFO:root:Epoch: 1475 lr: 0.01 train_loss: 84380.4297 train_distortion: 0.3945 train_mapscore: 0.0514 train_c: -0.9818 train_max_dist: 21.1466 train_imax: 16.6864 train_imin: -8.8808 time: 4.1141s
INFO:root:Epoch: 1480 lr: 0.01 train_loss: 84220.4766 train_distortion: 0.3923 train_mapscore: 0.0524 train_c: -0.9818 train_max_dist: 21.1957 train_imax: 16.7775 train_imin: -8.7791 time: 4.1070s
INFO:root:Epoch: 1485 lr: 0.01 train_loss: 83735.2188 train_distortion: 0.3950 train_mapscore: 0.0546 train_c: -0.9817 train_max_dist: 21.0849 train_imax: 16.5549 train_imin: -8.4998 time: 4.1028s
INFO:root:Epoch: 1490 lr: 0.01 train_loss: 83142.6016 train_distortion: 0.3998 train_mapscore: 0.0569 train_c: -0.9817 train_max_dist: 20.9005 train_imax: 16.2001 train_imin: -8.2199 time: 4.0582s
INFO:root:Epoch: 1495 lr: 0.01 train_loss: 82524.8359 train_distortion: 0.4051 train_mapscore: 0.0602 train_c: -0.9817 train_max_dist: 20.7040 train_imax: 15.8313 train_imin: -7.9834 time: 4.0491s
INFO:root:Epoch: 1500 lr: 0.01 train_loss: 81951.9766 train_distortion: 0.4100 train_mapscore: 0.0617 train_c: -0.9817 train_max_dist: 20.5254 train_imax: 15.4946 train_imin: -7.7720 time: 4.0582s
INFO:root:Epoch: 1505 lr: 0.01 train_loss: 81481.9062 train_distortion: 0.4136 train_mapscore: 0.0650 train_c: -0.9816 train_max_dist: 20.3945 train_imax: 15.2472 train_imin: -7.6065 time: 4.0243s
INFO:root:Epoch: 1510 lr: 0.01 train_loss: 81135.0781 train_distortion: 0.4159 train_mapscore: 0.0669 train_c: -0.9816 train_max_dist: 20.3085 train_imax: 15.0799 train_imin: -7.4897 time: 4.0046s
INFO:root:Epoch: 1515 lr: 0.01 train_loss: 80805.5156 train_distortion: 0.4173 train_mapscore: 0.0687 train_c: -0.9816 train_max_dist: 20.2554 train_imax: 14.9751 train_imin: -7.4018 time: 3.9845s
INFO:root:Epoch: 1520 lr: 0.01 train_loss: 80453.0234 train_distortion: 0.4177 train_mapscore: 0.0714 train_c: -0.9815 train_max_dist: 20.2310 train_imax: 14.9245 train_imin: -7.3442 time: 3.9617s
INFO:root:Epoch: 1525 lr: 0.01 train_loss: 80180.5938 train_distortion: 0.4173 train_mapscore: 0.0738 train_c: -0.9815 train_max_dist: 20.2330 train_imax: 14.9225 train_imin: -7.3076 time: 3.9609s
INFO:root:Epoch: 1530 lr: 0.01 train_loss: 79897.3906 train_distortion: 0.4160 train_mapscore: 0.0756 train_c: -0.9814 train_max_dist: 20.2620 train_imax: 14.9691 train_imin: -7.3066 time: 3.9554s
INFO:root:Epoch: 1535 lr: 0.01 train_loss: 79606.1953 train_distortion: 0.4143 train_mapscore: 0.0783 train_c: -0.9814 train_max_dist: 20.3057 train_imax: 15.0433 train_imin: -7.3076 time: 3.9396s
INFO:root:Epoch: 1540 lr: 0.01 train_loss: 79333.0469 train_distortion: 0.4129 train_mapscore: 0.0804 train_c: -0.9814 train_max_dist: 20.3469 train_imax: 15.1013 train_imin: -7.3032 time: 3.9364s
INFO:root:Epoch: 1545 lr: 0.01 train_loss: 79068.1172 train_distortion: 0.4107 train_mapscore: 0.0829 train_c: -0.9813 train_max_dist: 20.4102 train_imax: 15.2026 train_imin: -7.3145 time: 3.9664s
INFO:root:Epoch: 1550 lr: 0.01 train_loss: 78811.1953 train_distortion: 0.4081 train_mapscore: 0.0866 train_c: -0.9813 train_max_dist: 20.4860 train_imax: 15.3322 train_imin: -7.3331 time: 3.9422s
INFO:root:Epoch: 1555 lr: 0.01 train_loss: 78558.9844 train_distortion: 0.4053 train_mapscore: 0.0889 train_c: -0.9812 train_max_dist: 20.5665 train_imax: 15.4723 train_imin: -7.3555 time: 3.9390s
INFO:root:Epoch: 1560 lr: 0.01 train_loss: 78314.0469 train_distortion: 0.4029 train_mapscore: 0.0909 train_c: -0.9812 train_max_dist: 20.6330 train_imax: 15.5901 train_imin: -7.3433 time: 3.9454s
INFO:root:Epoch: 1565 lr: 0.01 train_loss: 78074.5312 train_distortion: 0.4007 train_mapscore: 0.0922 train_c: -0.9812 train_max_dist: 20.6979 train_imax: 15.6937 train_imin: -7.7764 time: 3.9215s
INFO:root:Epoch: 1570 lr: 0.01 train_loss: 77848.6719 train_distortion: 0.3984 train_mapscore: 0.0960 train_c: -0.9811 train_max_dist: 20.7658 train_imax: 15.8056 train_imin: -8.0792 time: 3.9295s
INFO:root:Epoch: 1575 lr: 0.01 train_loss: 77605.1328 train_distortion: 0.3960 train_mapscore: 0.0987 train_c: -0.9811 train_max_dist: 24.0000 train_imax: 15.9315 train_imin: -8.2377 time: 3.9336s
INFO:root:Epoch: 1580 lr: 0.01 train_loss: 77360.8125 train_distortion: 0.3934 train_mapscore: 0.1010 train_c: -0.9810 train_max_dist: 20.9152 train_imax: 16.0681 train_imin: -8.3132 time: 3.9179s
INFO:root:Epoch: 1585 lr: 0.01 train_loss: 77120.7812 train_distortion: 0.3908 train_mapscore: 0.1042 train_c: -0.9810 train_max_dist: 20.9927 train_imax: 16.2104 train_imin: -8.3449 time: 3.9566s
INFO:root:Epoch: 1590 lr: 0.01 train_loss: 76891.9062 train_distortion: 0.3882 train_mapscore: 0.1062 train_c: -0.9809 train_max_dist: 21.0694 train_imax: 16.3513 train_imin: -8.3405 time: 3.9444s
INFO:root:Epoch: 1595 lr: 0.01 train_loss: 76649.5703 train_distortion: 0.3856 train_mapscore: 0.1093 train_c: -0.9809 train_max_dist: 21.1486 train_imax: 16.4958 train_imin: -8.2960 time: 3.9184s
INFO:root:Epoch: 1600 lr: 0.01 train_loss: 76405.6250 train_distortion: 0.3836 train_mapscore: 0.1120 train_c: -0.9808 train_max_dist: 21.2062 train_imax: 16.6069 train_imin: -8.2172 time: 3.9104s
INFO:root:Epoch: 1605 lr: 0.01 train_loss: 76159.3906 train_distortion: 0.3815 train_mapscore: 0.1156 train_c: -0.9808 train_max_dist: 21.2679 train_imax: 16.7271 train_imin: -8.1419 time: 3.9189s
INFO:root:Epoch: 1610 lr: 0.01 train_loss: 75904.3750 train_distortion: 0.3799 train_mapscore: 0.1198 train_c: -0.9807 train_max_dist: 21.3145 train_imax: 16.8128 train_imin: -8.0483 time: 3.9248s
INFO:root:Epoch: 1615 lr: 0.01 train_loss: 75693.3906 train_distortion: 0.3779 train_mapscore: 0.1148 train_c: -0.9807 train_max_dist: 21.3679 train_imax: 16.9208 train_imin: -7.9594 time: 3.9084s
INFO:root:Epoch: 1620 lr: 0.01 train_loss: 75478.1953 train_distortion: 0.3759 train_mapscore: 0.1177 train_c: -0.9806 train_max_dist: 21.4260 train_imax: 17.0407 train_imin: -7.8770 time: 3.9105s
INFO:root:Epoch: 1625 lr: 0.01 train_loss: 75241.7344 train_distortion: 0.3739 train_mapscore: 0.1202 train_c: -0.9806 train_max_dist: 21.4857 train_imax: 17.1615 train_imin: -7.7921 time: 3.9406s
INFO:root:Epoch: 1630 lr: 0.01 train_loss: 74990.2500 train_distortion: 0.3718 train_mapscore: 0.1274 train_c: -0.9805 train_max_dist: 21.5503 train_imax: 17.2868 train_imin: -7.7157 time: 3.9590s
INFO:root:Epoch: 1635 lr: 0.01 train_loss: 74744.9688 train_distortion: 0.3697 train_mapscore: 0.1303 train_c: -0.9805 train_max_dist: 21.6138 train_imax: 17.4097 train_imin: -7.6327 time: 3.9172s
INFO:root:Epoch: 1640 lr: 0.01 train_loss: 74495.3594 train_distortion: 0.3677 train_mapscore: 0.1346 train_c: -0.9804 train_max_dist: 21.6738 train_imax: 17.5274 train_imin: -7.5474 time: 3.9055s
INFO:root:Epoch: 1645 lr: 0.01 train_loss: 74271.6562 train_distortion: 0.3668 train_mapscore: 0.1254 train_c: -0.9804 train_max_dist: 21.7003 train_imax: 17.5778 train_imin: -7.5267 time: 3.8966s
INFO:root:Epoch: 1650 lr: 0.01 train_loss: 74051.9531 train_distortion: 0.3658 train_mapscore: 0.1237 train_c: -0.9804 train_max_dist: 21.7255 train_imax: 17.6199 train_imin: -7.5182 time: 3.9061s
INFO:root:Epoch: 1655 lr: 0.01 train_loss: 73815.7188 train_distortion: 0.3644 train_mapscore: 0.1259 train_c: -0.9803 train_max_dist: 21.7678 train_imax: 17.6998 train_imin: -7.4870 time: 3.9046s
INFO:root:Epoch: 1660 lr: 0.01 train_loss: 73637.3125 train_distortion: 0.3626 train_mapscore: 0.1224 train_c: -0.9803 train_max_dist: 21.8152 train_imax: 17.8005 train_imin: -7.3626 time: 3.8827s
INFO:root:Epoch: 1665 lr: 0.01 train_loss: 73432.9844 train_distortion: 0.3606 train_mapscore: 0.1256 train_c: -0.9803 train_max_dist: 21.8709 train_imax: 17.9209 train_imin: -7.3275 time: 3.8853s
INFO:root:Epoch: 1670 lr: 0.01 train_loss: 73209.3594 train_distortion: 0.3585 train_mapscore: 0.1279 train_c: -0.9802 train_max_dist: 21.9331 train_imax: 18.0543 train_imin: -7.3197 time: 3.8977s
INFO:root:Epoch: 1675 lr: 0.01 train_loss: 73018.3047 train_distortion: 0.3565 train_mapscore: 0.1317 train_c: -0.9802 train_max_dist: 21.9935 train_imax: 18.1850 train_imin: -7.4192 time: 3.9039s
INFO:root:Epoch: 1680 lr: 0.01 train_loss: 72773.2891 train_distortion: 0.3546 train_mapscore: 0.1374 train_c: -0.9801 train_max_dist: 22.0474 train_imax: 18.3040 train_imin: -7.7275 time: 3.8832s
INFO:root:Epoch: 1685 lr: 0.01 train_loss: 72509.8359 train_distortion: 0.3529 train_mapscore: 0.1435 train_c: -0.9801 train_max_dist: 22.0934 train_imax: 18.4093 train_imin: -7.8559 time: 3.8743s
INFO:root:Epoch: 1690 lr: 0.01 train_loss: 72254.4062 train_distortion: 0.3511 train_mapscore: 0.1511 train_c: -0.9800 train_max_dist: 22.1467 train_imax: 18.5240 train_imin: -7.9090 time: 3.8674s
INFO:root:Epoch: 1695 lr: 0.01 train_loss: 72009.5312 train_distortion: 0.3494 train_mapscore: 0.1555 train_c: -0.9800 train_max_dist: 22.2009 train_imax: 18.6410 train_imin: -7.9394 time: 3.8629s
INFO:root:Epoch: 1700 lr: 0.01 train_loss: 71761.9531 train_distortion: 0.3475 train_mapscore: 0.1606 train_c: -0.9799 train_max_dist: 22.2575 train_imax: 18.7647 train_imin: -7.9222 time: 3.8604s
INFO:root:Epoch: 1705 lr: 0.01 train_loss: 71519.2422 train_distortion: 0.3455 train_mapscore: 0.1662 train_c: -0.9799 train_max_dist: 22.3248 train_imax: 18.9110 train_imin: -7.8896 time: 3.8582s
INFO:root:Epoch: 1710 lr: 0.01 train_loss: 71288.8594 train_distortion: 0.3433 train_mapscore: 0.1716 train_c: -0.9798 train_max_dist: 22.3966 train_imax: 19.0649 train_imin: -7.8439 time: 3.8831s
INFO:root:Epoch: 1715 lr: 0.01 train_loss: 71058.3672 train_distortion: 0.3417 train_mapscore: 0.1752 train_c: -0.9798 train_max_dist: 22.4527 train_imax: 19.1808 train_imin: -7.7763 time: 3.8841s
INFO:root:Epoch: 1720 lr: 0.01 train_loss: 70809.9297 train_distortion: 0.3401 train_mapscore: 0.1815 train_c: -0.9798 train_max_dist: 22.5034 train_imax: 19.2892 train_imin: -7.7012 time: 3.8677s
INFO:root:Epoch: 1725 lr: 0.01 train_loss: 70572.7969 train_distortion: 0.3383 train_mapscore: 0.1863 train_c: -0.9797 train_max_dist: 22.5643 train_imax: 19.4249 train_imin: -7.6192 time: 3.8642s
INFO:root:Epoch: 1730 lr: 0.01 train_loss: 70339.2422 train_distortion: 0.3366 train_mapscore: 0.1907 train_c: -0.9797 train_max_dist: 22.6212 train_imax: 19.5531 train_imin: -7.5360 time: 3.8561s
INFO:root:Epoch: 1735 lr: 0.01 train_loss: 70116.4609 train_distortion: 0.3350 train_mapscore: 0.1928 train_c: -0.9796 train_max_dist: 22.6739 train_imax: 19.6722 train_imin: -7.4349 time: 3.8476s
INFO:root:Epoch: 1740 lr: 0.01 train_loss: 69889.9688 train_distortion: 0.3333 train_mapscore: 0.1942 train_c: -0.9796 train_max_dist: 22.7334 train_imax: 19.8053 train_imin: -7.3237 time: 3.8555s
INFO:root:Epoch: 1745 lr: 0.01 train_loss: 69672.0000 train_distortion: 0.3313 train_mapscore: 0.1996 train_c: -0.9795 train_max_dist: 22.8062 train_imax: 19.9668 train_imin: -7.1901 time: 3.8395s
INFO:root:Epoch: 1750 lr: 0.01 train_loss: 69457.1484 train_distortion: 0.3294 train_mapscore: 0.2022 train_c: -0.9795 train_max_dist: 24.0000 train_imax: 20.1130 train_imin: -7.0645 time: 3.8572s
INFO:root:Epoch: 1755 lr: 0.01 train_loss: 69221.6250 train_distortion: 0.3278 train_mapscore: 0.2072 train_c: -0.9794 train_max_dist: 22.9291 train_imax: 20.2404 train_imin: -7.0364 time: 3.8821s
INFO:root:Epoch: 1760 lr: 0.01 train_loss: 68994.1875 train_distortion: 0.3259 train_mapscore: 0.2119 train_c: -0.9794 train_max_dist: 22.9946 train_imax: 20.3926 train_imin: -7.0258 time: 3.8787s
INFO:root:Epoch: 1765 lr: 0.01 train_loss: 68773.5234 train_distortion: 0.3239 train_mapscore: 0.2170 train_c: -0.9793 train_max_dist: 23.0734 train_imax: 20.5639 train_imin: -7.0172 time: 3.8349s
INFO:root:Epoch: 1770 lr: 0.01 train_loss: 68556.9922 train_distortion: 0.3216 train_mapscore: 0.2224 train_c: -0.9793 train_max_dist: 23.1633 train_imax: 20.7595 train_imin: -7.0138 time: 3.8479s
INFO:root:Epoch: 1775 lr: 0.01 train_loss: 68338.7344 train_distortion: 0.3196 train_mapscore: 0.2263 train_c: -0.9792 train_max_dist: 23.2415 train_imax: 20.9312 train_imin: -6.9994 time: 3.8363s
INFO:root:Epoch: 1780 lr: 0.01 train_loss: 68115.4844 train_distortion: 0.3178 train_mapscore: 0.2326 train_c: -0.9792 train_max_dist: 23.3100 train_imax: 21.0801 train_imin: -6.9792 time: 3.8318s
INFO:root:Epoch: 1785 lr: 0.01 train_loss: 67900.8828 train_distortion: 0.3162 train_mapscore: 0.2360 train_c: -0.9791 train_max_dist: 23.3737 train_imax: 21.2217 train_imin: -6.9617 time: 3.8429s
INFO:root:Epoch: 1790 lr: 0.01 train_loss: 67699.9531 train_distortion: 0.3146 train_mapscore: 0.2423 train_c: -0.9791 train_max_dist: 23.4353 train_imax: 21.3650 train_imin: -6.9456 time: 3.8373s
INFO:root:Epoch: 1795 lr: 0.01 train_loss: 67457.3750 train_distortion: 0.3135 train_mapscore: 0.2405 train_c: -0.9790 train_max_dist: 23.4758 train_imax: 21.4614 train_imin: -6.9128 time: 3.8571s
INFO:root:Epoch: 1800 lr: 0.01 train_loss: 67222.5312 train_distortion: 0.3121 train_mapscore: 0.2464 train_c: -0.9790 train_max_dist: 23.5275 train_imax: 21.5734 train_imin: -6.8903 time: 3.8581s
INFO:root:Epoch: 1805 lr: 0.01 train_loss: 66990.4688 train_distortion: 0.3107 train_mapscore: 0.2505 train_c: -0.9789 train_max_dist: 32.0000 train_imax: 21.6918 train_imin: -6.8664 time: 3.8198s
INFO:root:Epoch: 1810 lr: 0.01 train_loss: 66763.4141 train_distortion: 0.3100 train_mapscore: 0.2487 train_c: -0.9789 train_max_dist: 23.6074 train_imax: 21.7511 train_imin: -6.8166 time: 3.8188s
INFO:root:Epoch: 1815 lr: 0.01 train_loss: 66547.9688 train_distortion: 0.3087 train_mapscore: 0.2536 train_c: -0.9789 train_max_dist: 23.6541 train_imax: 21.8674 train_imin: -6.7868 time: 3.8239s
INFO:root:Epoch: 1820 lr: 0.01 train_loss: 66338.9141 train_distortion: 0.3072 train_mapscore: 0.2589 train_c: -0.9788 train_max_dist: 23.7097 train_imax: 22.0072 train_imin: -6.7654 time: 3.8308s
INFO:root:Epoch: 1825 lr: 0.01 train_loss: 66123.5078 train_distortion: 0.3056 train_mapscore: 0.2613 train_c: -0.9788 train_max_dist: 23.7723 train_imax: 22.1580 train_imin: -6.7594 time: 3.8350s
INFO:root:Epoch: 1830 lr: 0.01 train_loss: 65928.5234 train_distortion: 0.3040 train_mapscore: 0.2575 train_c: -0.9787 train_max_dist: 23.8374 train_imax: 22.3141 train_imin: -6.7598 time: 3.8300s
INFO:root:Epoch: 1835 lr: 0.01 train_loss: 65791.3438 train_distortion: 0.3026 train_mapscore: 0.2408 train_c: -0.9787 train_max_dist: 23.8863 train_imax: 22.4611 train_imin: -6.7790 time: 3.8233s
INFO:root:Epoch: 1840 lr: 0.01 train_loss: 65652.2422 train_distortion: 0.3015 train_mapscore: 0.2367 train_c: -0.9787 train_max_dist: 23.9248 train_imax: 22.5880 train_imin: -6.8236 time: 3.8587s
INFO:root:Epoch: 1845 lr: 0.01 train_loss: 65450.6836 train_distortion: 0.3003 train_mapscore: 0.2422 train_c: -0.9786 train_max_dist: 23.9677 train_imax: 22.7173 train_imin: -6.8581 time: 3.8485s
INFO:root:Epoch: 1850 lr: 0.01 train_loss: 65243.5586 train_distortion: 0.2990 train_mapscore: 0.2492 train_c: -0.9786 train_max_dist: 24.0157 train_imax: 22.8482 train_imin: -6.8866 time: 3.8206s
INFO:root:Epoch: 1855 lr: 0.01 train_loss: 65033.5586 train_distortion: 0.2980 train_mapscore: 0.2550 train_c: -0.9785 train_max_dist: 24.0564 train_imax: 22.9571 train_imin: -6.9068 time: 3.8209s
INFO:root:Epoch: 1860 lr: 0.01 train_loss: 64816.4336 train_distortion: 0.2964 train_mapscore: 0.2628 train_c: -0.9785 train_max_dist: 24.1210 train_imax: 23.1135 train_imin: -6.9453 time: 3.8262s
INFO:root:Epoch: 1865 lr: 0.01 train_loss: 64601.0273 train_distortion: 0.2950 train_mapscore: 0.2685 train_c: -0.9784 train_max_dist: 24.1771 train_imax: 23.2608 train_imin: -6.9792 time: 3.8134s
INFO:root:Epoch: 1870 lr: 0.01 train_loss: 64380.9492 train_distortion: 0.2935 train_mapscore: 0.2748 train_c: -0.9784 train_max_dist: 24.2364 train_imax: 23.4200 train_imin: -7.0149 time: 3.8160s
INFO:root:Epoch: 1875 lr: 0.01 train_loss: 64220.8672 train_distortion: 0.2924 train_mapscore: 0.2694 train_c: -0.9784 train_max_dist: 24.2788 train_imax: 23.5383 train_imin: -7.0340 time: 3.8165s
INFO:root:Epoch: 1880 lr: 0.01 train_loss: 64031.8125 train_distortion: 0.2912 train_mapscore: 0.2731 train_c: -0.9783 train_max_dist: 24.3210 train_imax: 23.6720 train_imin: -7.0545 time: 3.8479s
INFO:root:Epoch: 1885 lr: 0.01 train_loss: 63828.1797 train_distortion: 0.2897 train_mapscore: 0.2776 train_c: -0.9783 train_max_dist: 24.3763 train_imax: 23.8337 train_imin: -7.0949 time: 3.8600s
INFO:root:Epoch: 1890 lr: 0.01 train_loss: 63612.1641 train_distortion: 0.2892 train_mapscore: 0.2789 train_c: -0.9783 train_max_dist: 24.3897 train_imax: 23.8976 train_imin: -7.0829 time: 3.7987s
INFO:root:Epoch: 1895 lr: 0.01 train_loss: 63401.0469 train_distortion: 0.2879 train_mapscore: 0.2855 train_c: -0.9782 train_max_dist: 24.4368 train_imax: 24.0410 train_imin: -7.0985 time: 3.8091s
INFO:root:Epoch: 1900 lr: 0.01 train_loss: 63189.6484 train_distortion: 0.2864 train_mapscore: 0.2940 train_c: -0.9782 train_max_dist: 24.5002 train_imax: 24.2243 train_imin: -7.1382 time: 3.8123s
INFO:root:Epoch: 1905 lr: 0.01 train_loss: 62990.9844 train_distortion: 0.2845 train_mapscore: 0.3020 train_c: -0.9781 train_max_dist: 24.5760 train_imax: 24.4428 train_imin: -7.1978 time: 3.8186s
INFO:root:Epoch: 1910 lr: 0.01 train_loss: 62788.7188 train_distortion: 0.2827 train_mapscore: 0.3084 train_c: -0.9781 train_max_dist: 24.6482 train_imax: 24.6522 train_imin: -7.2563 time: 3.8117s
INFO:root:Epoch: 1915 lr: 0.01 train_loss: 62589.2500 train_distortion: 0.2810 train_mapscore: 0.3120 train_c: -0.9780 train_max_dist: 24.7181 train_imax: 24.8637 train_imin: -7.3150 time: 3.7998s
INFO:root:Epoch: 1920 lr: 0.01 train_loss: 62382.9492 train_distortion: 0.2794 train_mapscore: 0.3196 train_c: -0.9780 train_max_dist: 24.7875 train_imax: 25.0730 train_imin: -7.3702 time: 3.8111s
INFO:root:Epoch: 1925 lr: 0.01 train_loss: 62181.7773 train_distortion: 0.2778 train_mapscore: 0.3281 train_c: -0.9779 train_max_dist: 24.8544 train_imax: 25.2808 train_imin: -7.4204 time: 3.8287s
INFO:root:Epoch: 1930 lr: 0.01 train_loss: 61974.3438 train_distortion: 0.2764 train_mapscore: 0.3343 train_c: -0.9779 train_max_dist: 24.9203 train_imax: 25.4775 train_imin: -7.4665 time: 3.8180s
INFO:root:Epoch: 1935 lr: 0.01 train_loss: 61769.8203 train_distortion: 0.2750 train_mapscore: 0.3413 train_c: -0.9779 train_max_dist: 24.9895 train_imax: 25.6743 train_imin: -7.5152 time: 3.7930s
INFO:root:Epoch: 1940 lr: 0.01 train_loss: 61577.8594 train_distortion: 0.2756 train_mapscore: 0.3219 train_c: -0.9778 train_max_dist: 24.9619 train_imax: 25.6023 train_imin: -7.4841 time: 3.8043s
INFO:root:Epoch: 1945 lr: 0.01 train_loss: 61396.4219 train_distortion: 0.2756 train_mapscore: 0.3239 train_c: -0.9778 train_max_dist: 24.9716 train_imax: 25.6254 train_imin: -7.4814 time: 3.8021s
INFO:root:Epoch: 1950 lr: 0.01 train_loss: 61175.7969 train_distortion: 0.2753 train_mapscore: 0.3251 train_c: -0.9778 train_max_dist: 24.9909 train_imax: 25.6761 train_imin: -7.4907 time: 3.7924s
INFO:root:Epoch: 1955 lr: 0.01 train_loss: 60975.9922 train_distortion: 0.2743 train_mapscore: 0.3287 train_c: -0.9777 train_max_dist: 25.0406 train_imax: 25.8132 train_imin: -7.5250 time: 3.7828s
INFO:root:Epoch: 1960 lr: 0.01 train_loss: 60811.3516 train_distortion: 0.2733 train_mapscore: 0.3268 train_c: -0.9777 train_max_dist: 25.0907 train_imax: 25.9523 train_imin: -7.5596 time: 3.7798s
INFO:root:Epoch: 1965 lr: 0.01 train_loss: 60620.9219 train_distortion: 0.2719 train_mapscore: 0.3347 train_c: -0.9777 train_max_dist: 25.1582 train_imax: 26.1482 train_imin: -7.6124 time: 3.8278s
INFO:root:Epoch: 1970 lr: 0.01 train_loss: 60466.3242 train_distortion: 0.2712 train_mapscore: 0.3241 train_c: -0.9776 train_max_dist: 25.1876 train_imax: 26.2407 train_imin: -7.6363 time: 3.8253s
INFO:root:Epoch: 1975 lr: 0.01 train_loss: 60352.1719 train_distortion: 0.2695 train_mapscore: 0.3157 train_c: -0.9776 train_max_dist: 25.2942 train_imax: 26.5128 train_imin: -7.7084 time: 3.7968s
INFO:root:Epoch: 1980 lr: 0.01 train_loss: 60180.3047 train_distortion: 0.2675 train_mapscore: 0.3225 train_c: -0.9775 train_max_dist: 25.4107 train_imax: 26.8358 train_imin: -7.7857 time: 3.7893s
INFO:root:Epoch: 1985 lr: 0.01 train_loss: 60022.9023 train_distortion: 0.2654 train_mapscore: 0.3254 train_c: -0.9775 train_max_dist: 25.5279 train_imax: 27.1770 train_imin: -7.8753 time: 3.7789s
INFO:root:Epoch: 1990 lr: 0.01 train_loss: 59844.4648 train_distortion: 0.2638 train_mapscore: 0.3317 train_c: -0.9774 train_max_dist: 25.6179 train_imax: 27.4391 train_imin: -7.9397 time: 3.7905s
INFO:root:Epoch: 1995 lr: 0.01 train_loss: 59637.4297 train_distortion: 0.2627 train_mapscore: 0.3408 train_c: -0.9774 train_max_dist: 25.6718 train_imax: 27.6100 train_imin: -7.9728 time: 3.7948s
INFO:root:Epoch: 2000 lr: 0.0025 train_loss: 59410.5898 train_distortion: 0.2615 train_mapscore: 0.3532 train_c: -0.9774 train_max_dist: 25.7264 train_imax: 27.7997 train_imin: -8.0121 time: 3.7853s
INFO:root:Optimization Finished!
INFO:root:Total time elapsed: 7636.7898s
INFO:root:Val set results: val_distortion: 1.0000 val_mapscore: -1.0000 val_c: -1.0000 val_max_dist: 0.0000
INFO:root:Test set results: test_loss: 59364.2500 test_distortion: 0.2613 test_mapscore: 0.3549 test_c: -0.9773 test_max_dist: 25.7376 test_imax: 27.8408 test_imin: -8.0200
INFO:root:Saved model in /workspace/xiongbo/hgcn/logs/md/2021_5_1/31
