INFO:root:Using: cuda:0
INFO:root:Using seed 1234.
INFO:root:MDModel(
  (encoder): HGCN(
    (layers): Sequential(
      (0): HyperbolicGraphConvolution(
        (linear): HypLinear(
          in_features=4942, out_features=10, c=Parameter containing:
          tensor([-1.], requires_grad=True)
        )
        (agg): HypAgg(
          c=Parameter containing:
          tensor([-1.], requires_grad=True)
        )
        (hyp_act): HypAct(
          c_in=Parameter containing:
          tensor([-1.], requires_grad=True), c_out=Parameter containing:
          tensor([-1.], requires_grad=True)
        )
      )
    )
  )
  (decoder): MDDecoder()
)
INFO:root:Total number of parameters: 49432
/workspace/anaconda3/envs/geo/lib/python3.7/site-packages/torch/optim/lr_scheduler.py:370: UserWarning: To get the last learning rate computed by the scheduler, please use `get_last_lr()`.
  "please use `get_last_lr()`.", UserWarning)
INFO:root:Epoch: 0005 lr: 0.01 train_loss: 103802.9531 train_distortion: 0.8898 train_mapscore: 0.1282 train_c: -1.0004 train_max_dist: 2.8723 train_imax: -0.0000 train_imin: -1.0601 time: 3.4838s
INFO:root:Epoch: 0010 lr: 0.01 train_loss: 101489.3281 train_distortion: 0.8763 train_mapscore: 0.2169 train_c: -1.0008 train_max_dist: 3.1068 train_imax: -0.0000 train_imin: -1.0364 time: 3.2710s
INFO:root:Epoch: 0015 lr: 0.01 train_loss: 100399.4062 train_distortion: 0.8703 train_mapscore: 0.2650 train_c: -1.0014 train_max_dist: 3.2395 train_imax: -0.0000 train_imin: -1.0392 time: 3.2219s
INFO:root:Epoch: 0020 lr: 0.01 train_loss: 99632.8125 train_distortion: 0.8655 train_mapscore: 0.2835 train_c: -1.0019 train_max_dist: 3.2689 train_imax: -0.0000 train_imin: -1.0183 time: 3.2437s
INFO:root:Epoch: 0025 lr: 0.01 train_loss: 99017.1953 train_distortion: 0.8612 train_mapscore: 0.2940 train_c: -1.0024 train_max_dist: 3.3271 train_imax: -0.0000 train_imin: -1.0292 time: 3.2066s
INFO:root:Epoch: 0030 lr: 0.01 train_loss: 98477.2344 train_distortion: 0.8571 train_mapscore: 0.2994 train_c: -1.0030 train_max_dist: 3.3901 train_imax: -0.0000 train_imin: -1.0407 time: 3.1641s
INFO:root:Epoch: 0035 lr: 0.01 train_loss: 97964.6875 train_distortion: 0.8531 train_mapscore: 0.2954 train_c: -1.0035 train_max_dist: 3.8569 train_imax: -0.0000 train_imin: -1.0455 time: 3.1702s
INFO:root:Epoch: 0040 lr: 0.01 train_loss: 97453.5312 train_distortion: 0.8489 train_mapscore: 0.2950 train_c: -1.0041 train_max_dist: 4.2698 train_imax: -0.0000 train_imin: -1.0501 time: 3.1703s
INFO:root:Epoch: 0045 lr: 0.01 train_loss: 96918.8750 train_distortion: 0.8442 train_mapscore: 0.2905 train_c: -1.0046 train_max_dist: 4.7767 train_imax: -0.0000 train_imin: -1.0527 time: 3.1543s
INFO:root:Epoch: 0050 lr: 0.01 train_loss: 96344.8438 train_distortion: 0.8390 train_mapscore: 0.2927 train_c: -1.0052 train_max_dist: 5.3988 train_imax: -0.0000 train_imin: -1.0548 time: 3.1737s
INFO:root:Epoch: 0055 lr: 0.01 train_loss: 95708.0000 train_distortion: 0.8330 train_mapscore: 0.2966 train_c: -1.0057 train_max_dist: 6.8931 train_imax: -0.0000 train_imin: -1.0573 time: 3.1442s
INFO:root:Epoch: 0060 lr: 0.01 train_loss: 94994.5156 train_distortion: 0.8260 train_mapscore: 0.2935 train_c: -1.0063 train_max_dist: 7.4232 train_imax: -0.0000 train_imin: -1.0599 time: 3.1906s
INFO:root:Epoch: 0065 lr: 0.01 train_loss: 94169.8984 train_distortion: 0.8176 train_mapscore: 0.2947 train_c: -1.0068 train_max_dist: 9.6367 train_imax: -0.0000 train_imin: -1.0513 time: 3.2158s
INFO:root:Epoch: 0070 lr: 0.01 train_loss: 93207.2344 train_distortion: 0.8072 train_mapscore: 0.2977 train_c: -1.0073 train_max_dist: 9.8594 train_imax: -0.0000 train_imin: -1.0523 time: 3.2114s
INFO:root:Epoch: 0075 lr: 0.01 train_loss: 92051.0234 train_distortion: 0.7939 train_mapscore: 0.2912 train_c: -1.0077 train_max_dist: 9.8281 train_imax: -0.0000 train_imin: -1.0575 time: 3.1724s
INFO:root:Epoch: 0080 lr: 0.01 train_loss: 90634.9219 train_distortion: 0.7761 train_mapscore: 0.2946 train_c: -1.0082 train_max_dist: 9.9375 train_imax: -0.0000 train_imin: -1.0613 time: 3.1879s
INFO:root:Epoch: 0085 lr: 0.01 train_loss: 88880.6406 train_distortion: 0.7518 train_mapscore: 0.2917 train_c: -1.0085 train_max_dist: 10.1250 train_imax: -0.0000 train_imin: -1.0697 time: 3.1834s
INFO:root:Epoch: 0090 lr: 0.01 train_loss: 86725.3438 train_distortion: 0.7187 train_mapscore: 0.2874 train_c: -1.0088 train_max_dist: 10.2500 train_imax: 0.0000 train_imin: -1.1052 time: 3.1900s
INFO:root:Epoch: 0095 lr: 0.01 train_loss: 84168.6250 train_distortion: 0.6763 train_mapscore: 0.3040 train_c: -1.0089 train_max_dist: 10.7500 train_imax: 0.0000 train_imin: -1.0906 time: 3.1739s
INFO:root:Epoch: 0100 lr: 0.01 train_loss: 81316.5000 train_distortion: 0.6302 train_mapscore: 0.3140 train_c: -1.0089 train_max_dist: 11.5000 train_imax: 0.0000 train_imin: -1.0846 time: 3.1952s
INFO:root:Epoch: 0105 lr: 0.01 train_loss: 78435.1094 train_distortion: 0.6005 train_mapscore: 0.3446 train_c: -1.0086 train_max_dist: 12.5000 train_imax: 0.0000 train_imin: -1.2107 time: 3.2939s
INFO:root:Epoch: 0110 lr: 0.01 train_loss: 75227.6406 train_distortion: 0.5929 train_mapscore: 0.3743 train_c: -1.0082 train_max_dist: 12.5000 train_imax: 0.1376 train_imin: -1.2163 time: 3.4083s
INFO:root:Epoch: 0115 lr: 0.01 train_loss: 74868.3125 train_distortion: 0.5799 train_mapscore: 0.2715 train_c: -1.0076 train_max_dist: 12.0098 train_imax: 0.1975 train_imin: -1.1087 time: 3.4289s
INFO:root:Epoch: 0120 lr: 0.01 train_loss: 71761.8281 train_distortion: 0.5527 train_mapscore: 0.2938 train_c: -1.0068 train_max_dist: 13.0299 train_imax: 0.2980 train_imin: -1.1342 time: 3.5221s
INFO:root:Epoch: 0125 lr: 0.01 train_loss: 69254.9375 train_distortion: 0.5211 train_mapscore: 0.2945 train_c: -1.0060 train_max_dist: 15.0000 train_imax: 1.0350 train_imin: -1.1092 time: 3.5434s
INFO:root:Epoch: 0130 lr: 0.01 train_loss: 65147.8125 train_distortion: 0.4794 train_mapscore: 0.3497 train_c: -1.0051 train_max_dist: 14.5677 train_imax: 1.4810 train_imin: -1.1131 time: 3.5803s
INFO:root:Epoch: 0135 lr: 0.01 train_loss: 60376.6523 train_distortion: 0.4316 train_mapscore: 0.4226 train_c: -1.0042 train_max_dist: 16.0000 train_imax: 2.1333 train_imin: -1.1273 time: 3.5980s
INFO:root:Epoch: 0140 lr: 0.01 train_loss: 56700.3164 train_distortion: 0.3848 train_mapscore: 0.4540 train_c: -1.0034 train_max_dist: 16.3993 train_imax: 2.8132 train_imin: -1.2670 time: 3.6156s
INFO:root:Epoch: 0145 lr: 0.01 train_loss: 54191.3828 train_distortion: 0.3433 train_mapscore: 0.4650 train_c: -1.0025 train_max_dist: 17.3408 train_imax: 3.6914 train_imin: -1.2347 time: 3.6345s
INFO:root:Epoch: 0150 lr: 0.01 train_loss: 49835.1172 train_distortion: 0.3033 train_mapscore: 0.5343 train_c: -1.0017 train_max_dist: 18.8332 train_imax: 4.6761 train_imin: -1.1107 time: 3.6648s
INFO:root:Epoch: 0155 lr: 0.01 train_loss: 53956.3320 train_distortion: 0.2786 train_mapscore: 0.4469 train_c: -1.0010 train_max_dist: 19.7854 train_imax: 8.5512 train_imin: -1.1352 time: 3.7312s
INFO:root:Epoch: 0160 lr: 0.01 train_loss: 56922.9570 train_distortion: 0.2716 train_mapscore: 0.3955 train_c: -1.0004 train_max_dist: 20.1710 train_imax: 9.5837 train_imin: -1.1163 time: 3.7388s
INFO:root:Epoch: 0165 lr: 0.01 train_loss: 54905.5859 train_distortion: 0.2708 train_mapscore: 0.4131 train_c: -1.0000 train_max_dist: 20.3372 train_imax: 9.3983 train_imin: -1.1343 time: 3.6881s
INFO:root:Epoch: 0170 lr: 0.01 train_loss: 52198.6133 train_distortion: 0.2596 train_mapscore: 0.4600 train_c: -0.9996 train_max_dist: 20.7367 train_imax: 9.3645 train_imin: -1.0228 time: 3.6849s
INFO:root:Epoch: 0175 lr: 0.01 train_loss: 51783.5469 train_distortion: 0.2442 train_mapscore: 0.4715 train_c: -0.9991 train_max_dist: 21.0628 train_imax: 9.6856 train_imin: -1.0829 time: 3.6935s
INFO:root:Epoch: 0180 lr: 0.01 train_loss: 51345.5000 train_distortion: 0.2368 train_mapscore: 0.4851 train_c: -0.9988 train_max_dist: 21.7424 train_imax: 10.2603 train_imin: -1.1351 time: 3.6985s
INFO:root:Epoch: 0185 lr: 0.01 train_loss: 49530.8594 train_distortion: 0.2339 train_mapscore: 0.5208 train_c: -0.9986 train_max_dist: 22.6208 train_imax: 10.6107 train_imin: -1.1638 time: 3.6817s
INFO:root:Epoch: 0190 lr: 0.01 train_loss: 51840.7695 train_distortion: 0.2349 train_mapscore: 0.4869 train_c: -0.9984 train_max_dist: 22.2093 train_imax: 10.8286 train_imin: -1.1884 time: 3.7349s
INFO:root:Epoch: 0195 lr: 0.01 train_loss: 59154.5938 train_distortion: 0.2480 train_mapscore: 0.3768 train_c: -0.9985 train_max_dist: 21.1102 train_imax: 10.7784 train_imin: -1.1263 time: 3.8044s
INFO:root:Epoch: 0200 lr: 0.01 train_loss: 59659.2656 train_distortion: 0.2633 train_mapscore: 0.3573 train_c: -0.9986 train_max_dist: 20.5328 train_imax: 9.9658 train_imin: -1.0676 time: 3.7498s
INFO:root:Epoch: 0205 lr: 0.01 train_loss: 58867.6016 train_distortion: 0.2780 train_mapscore: 0.3678 train_c: -0.9988 train_max_dist: 22.0000 train_imax: 9.2878 train_imin: -1.0932 time: 3.7375s
INFO:root:Epoch: 0210 lr: 0.01 train_loss: 58958.8516 train_distortion: 0.2823 train_mapscore: 0.3698 train_c: -0.9988 train_max_dist: 20.0651 train_imax: 8.9937 train_imin: -1.0435 time: 3.7500s
INFO:root:Epoch: 0215 lr: 0.01 train_loss: 58224.5781 train_distortion: 0.2791 train_mapscore: 0.3784 train_c: -0.9988 train_max_dist: 20.0022 train_imax: 8.8863 train_imin: -1.0189 time: 3.7434s
INFO:root:Epoch: 0220 lr: 0.01 train_loss: 57307.1406 train_distortion: 0.2714 train_mapscore: 0.3893 train_c: -0.9987 train_max_dist: 20.2688 train_imax: 8.9576 train_imin: -1.0338 time: 3.7197s
INFO:root:Epoch: 0225 lr: 0.01 train_loss: 55901.6602 train_distortion: 0.2607 train_mapscore: 0.4089 train_c: -0.9986 train_max_dist: 20.7264 train_imax: 9.6000 train_imin: -1.0245 time: 3.7387s
INFO:root:Epoch: 0230 lr: 0.01 train_loss: 60075.6289 train_distortion: 0.2494 train_mapscore: 0.3536 train_c: -0.9982 train_max_dist: 20.9441 train_imax: 10.4730 train_imin: -1.0768 time: 3.7789s
INFO:root:Epoch: 0235 lr: 0.01 train_loss: 65471.2031 train_distortion: 0.2564 train_mapscore: 0.2860 train_c: -0.9981 train_max_dist: 20.6683 train_imax: 10.0673 train_imin: -1.1281 time: 3.8698s
INFO:root:Epoch: 0240 lr: 0.01 train_loss: 67959.5547 train_distortion: 0.2819 train_mapscore: 0.2525 train_c: -0.9983 train_max_dist: 19.7183 train_imax: 8.5832 train_imin: -1.1440 time: 3.8940s
INFO:root:Epoch: 0245 lr: 0.01 train_loss: 68644.3984 train_distortion: 0.3173 train_mapscore: 0.2465 train_c: -0.9987 train_max_dist: 18.4785 train_imax: 6.9477 train_imin: -1.0797 time: 3.9013s
INFO:root:Epoch: 0250 lr: 0.01 train_loss: 69075.0391 train_distortion: 0.3457 train_mapscore: 0.2454 train_c: -0.9989 train_max_dist: 17.8758 train_imax: 6.3496 train_imin: -1.0872 time: 3.8897s
INFO:root:Epoch: 0255 lr: 0.01 train_loss: 69179.2031 train_distortion: 0.3611 train_mapscore: 0.2454 train_c: -0.9990 train_max_dist: 17.5136 train_imax: 6.0971 train_imin: -1.1019 time: 3.8681s
INFO:root:Epoch: 0260 lr: 0.01 train_loss: 68755.5781 train_distortion: 0.3653 train_mapscore: 0.2469 train_c: -0.9990 train_max_dist: 22.0000 train_imax: 6.1150 train_imin: -1.1524 time: 3.8457s
INFO:root:Epoch: 0265 lr: 0.01 train_loss: 68209.7578 train_distortion: 0.3567 train_mapscore: 0.2522 train_c: -0.9989 train_max_dist: 17.6159 train_imax: 6.3918 train_imin: -1.1515 time: 3.8429s
INFO:root:Epoch: 0270 lr: 0.01 train_loss: 67660.8359 train_distortion: 0.3400 train_mapscore: 0.2580 train_c: -0.9987 train_max_dist: 18.1174 train_imax: 6.8968 train_imin: -1.1284 time: 3.8508s
INFO:root:Epoch: 0275 lr: 0.01 train_loss: 66877.2812 train_distortion: 0.3261 train_mapscore: 0.2662 train_c: -0.9984 train_max_dist: 18.5361 train_imax: 7.3461 train_imin: -1.1070 time: 3.8809s
INFO:root:Epoch: 0280 lr: 0.01 train_loss: 65813.5156 train_distortion: 0.3163 train_mapscore: 0.2747 train_c: -0.9982 train_max_dist: 18.7980 train_imax: 8.2021 train_imin: -1.0930 time: 3.8719s
INFO:root:Epoch: 0285 lr: 0.01 train_loss: 64567.3555 train_distortion: 0.3100 train_mapscore: 0.2877 train_c: -0.9980 train_max_dist: 18.9489 train_imax: 8.6691 train_imin: -1.0809 time: 3.8106s
INFO:root:Epoch: 0290 lr: 0.01 train_loss: 63314.0938 train_distortion: 0.3025 train_mapscore: 0.3032 train_c: -0.9977 train_max_dist: 19.1543 train_imax: 8.9667 train_imin: -1.0640 time: 3.8033s
INFO:root:Epoch: 0295 lr: 0.01 train_loss: 62053.1797 train_distortion: 0.2957 train_mapscore: 0.3203 train_c: -0.9975 train_max_dist: 19.4107 train_imax: 9.1374 train_imin: -1.0533 time: 3.7709s
INFO:root:Epoch: 0300 lr: 0.01 train_loss: 60924.8516 train_distortion: 0.2864 train_mapscore: 0.3360 train_c: -0.9972 train_max_dist: 20.0000 train_imax: 9.3368 train_imin: -1.0549 time: 3.7724s
INFO:root:Epoch: 0305 lr: 0.01 train_loss: 62287.2500 train_distortion: 0.2795 train_mapscore: 0.3232 train_c: -0.9968 train_max_dist: 20.1399 train_imax: 9.5439 train_imin: -1.0786 time: 3.8119s
INFO:root:Epoch: 0310 lr: 0.01 train_loss: 64495.9844 train_distortion: 0.2806 train_mapscore: 0.2980 train_c: -0.9966 train_max_dist: 19.9270 train_imax: 9.3770 train_imin: -1.1093 time: 3.8575s
INFO:root:Epoch: 0315 lr: 0.01 train_loss: 65206.0859 train_distortion: 0.2895 train_mapscore: 0.2919 train_c: -0.9965 train_max_dist: 19.6407 train_imax: 8.9984 train_imin: -1.0857 time: 3.8866s
INFO:root:Epoch: 0320 lr: 0.01 train_loss: 64856.0625 train_distortion: 0.3084 train_mapscore: 0.2963 train_c: -0.9965 train_max_dist: 18.9196 train_imax: 8.2367 train_imin: -1.0353 time: 3.8571s
INFO:root:Epoch: 0325 lr: 0.01 train_loss: 64628.2148 train_distortion: 0.3243 train_mapscore: 0.2997 train_c: -0.9965 train_max_dist: 18.4949 train_imax: 9.1978 train_imin: -1.0395 time: 3.8146s
INFO:root:Epoch: 0330 lr: 0.01 train_loss: 64236.2227 train_distortion: 0.3253 train_mapscore: 0.3030 train_c: -0.9963 train_max_dist: 18.5126 train_imax: 9.8857 train_imin: -1.0687 time: 3.8072s
INFO:root:Epoch: 0335 lr: 0.01 train_loss: 63686.1953 train_distortion: 0.3263 train_mapscore: 0.3124 train_c: -0.9963 train_max_dist: 18.4790 train_imax: 9.9858 train_imin: -1.0907 time: 3.7882s
INFO:root:Epoch: 0340 lr: 0.01 train_loss: 63148.3359 train_distortion: 0.3189 train_mapscore: 0.3172 train_c: -0.9962 train_max_dist: 18.6916 train_imax: 10.3467 train_imin: -1.0886 time: 3.7849s
INFO:root:Epoch: 0345 lr: 0.01 train_loss: 62775.8008 train_distortion: 0.3011 train_mapscore: 0.3219 train_c: -0.9959 train_max_dist: 19.2364 train_imax: 11.2449 train_imin: -1.0666 time: 3.7983s
INFO:root:Epoch: 0350 lr: 0.01 train_loss: 62376.3047 train_distortion: 0.2870 train_mapscore: 0.3275 train_c: -0.9957 train_max_dist: 19.6886 train_imax: 11.9932 train_imin: -1.0453 time: 3.8186s
INFO:root:Epoch: 0355 lr: 0.01 train_loss: 61391.4766 train_distortion: 0.2843 train_mapscore: 0.3385 train_c: -0.9956 train_max_dist: 19.7287 train_imax: 11.9674 train_imin: -1.0327 time: 3.7904s
INFO:root:Epoch: 0360 lr: 0.01 train_loss: 60448.1641 train_distortion: 0.2867 train_mapscore: 0.3488 train_c: -0.9956 train_max_dist: 20.0000 train_imax: 11.5817 train_imin: -1.0177 time: 3.7923s
INFO:root:Epoch: 0365 lr: 0.01 train_loss: 59806.1328 train_distortion: 0.2816 train_mapscore: 0.3580 train_c: -0.9955 train_max_dist: 20.0000 train_imax: 11.7520 train_imin: -0.9991 time: 3.8044s
INFO:root:Epoch: 0370 lr: 0.01 train_loss: 59229.6328 train_distortion: 0.2730 train_mapscore: 0.3669 train_c: -0.9953 train_max_dist: 20.0483 train_imax: 12.2056 train_imin: -0.9946 time: 3.7793s
INFO:root:Epoch: 0375 lr: 0.01 train_loss: 58660.0078 train_distortion: 0.2640 train_mapscore: 0.3764 train_c: -0.9950 train_max_dist: 20.4063 train_imax: 12.7494 train_imin: -0.9885 time: 3.7623s
INFO:root:Epoch: 0380 lr: 0.01 train_loss: 57947.8828 train_distortion: 0.2579 train_mapscore: 0.3870 train_c: -0.9948 train_max_dist: 20.6935 train_imax: 13.1208 train_imin: -0.9812 time: 3.7659s
INFO:root:Epoch: 0385 lr: 0.01 train_loss: 57054.3906 train_distortion: 0.2552 train_mapscore: 0.4012 train_c: -0.9946 train_max_dist: 20.7801 train_imax: 13.2014 train_imin: -1.0044 time: 3.7442s
INFO:root:Epoch: 0390 lr: 0.01 train_loss: 56233.4453 train_distortion: 0.2568 train_mapscore: 0.4148 train_c: -0.9945 train_max_dist: 20.7455 train_imax: 12.9580 train_imin: -1.0337 time: 3.7424s
INFO:root:Epoch: 0395 lr: 0.01 train_loss: 55650.2734 train_distortion: 0.2572 train_mapscore: 0.4270 train_c: -0.9944 train_max_dist: 20.7573 train_imax: 12.7556 train_imin: -1.0289 time: 3.7365s
INFO:root:Epoch: 0400 lr: 0.01 train_loss: 55239.6406 train_distortion: 0.2513 train_mapscore: 0.4336 train_c: -0.9942 train_max_dist: 21.0416 train_imax: 13.0962 train_imin: -1.0137 time: 3.7658s
INFO:root:Epoch: 0405 lr: 0.01 train_loss: 54852.1484 train_distortion: 0.2441 train_mapscore: 0.4407 train_c: -0.9940 train_max_dist: 21.3901 train_imax: 13.6077 train_imin: -1.0118 time: 3.7773s
INFO:root:Epoch: 0410 lr: 0.01 train_loss: 54244.0781 train_distortion: 0.2405 train_mapscore: 0.4503 train_c: -0.9939 train_max_dist: 21.6409 train_imax: 13.8469 train_imin: -1.0085 time: 3.7338s
INFO:root:Epoch: 0415 lr: 0.01 train_loss: 53596.8242 train_distortion: 0.2376 train_mapscore: 0.4614 train_c: -0.9937 train_max_dist: 21.8201 train_imax: 13.9999 train_imin: -1.0016 time: 3.7281s
INFO:root:Epoch: 0420 lr: 0.01 train_loss: 52855.4766 train_distortion: 0.2357 train_mapscore: 0.4745 train_c: -0.9936 train_max_dist: 21.9438 train_imax: 14.0026 train_imin: -0.9957 time: 3.7374s
INFO:root:Epoch: 0425 lr: 0.01 train_loss: 52134.3359 train_distortion: 0.2353 train_mapscore: 0.4871 train_c: -0.9935 train_max_dist: 21.9354 train_imax: 13.8346 train_imin: -0.9979 time: 3.7190s
INFO:root:Epoch: 0430 lr: 0.01 train_loss: 51609.1133 train_distortion: 0.2344 train_mapscore: 0.5008 train_c: -0.9934 train_max_dist: 21.9483 train_imax: 13.7542 train_imin: -0.9962 time: 3.7202s
INFO:root:Epoch: 0435 lr: 0.01 train_loss: 51203.3359 train_distortion: 0.2299 train_mapscore: 0.5099 train_c: -0.9932 train_max_dist: 22.2612 train_imax: 14.0618 train_imin: -1.0740 time: 3.7225s
INFO:root:Epoch: 0440 lr: 0.01 train_loss: 52056.1914 train_distortion: 0.2221 train_mapscore: 0.4980 train_c: -0.9927 train_max_dist: 22.9746 train_imax: 14.5212 train_imin: -1.0833 time: 3.7402s
INFO:root:Epoch: 0445 lr: 0.01 train_loss: 53123.3438 train_distortion: 0.2214 train_mapscore: 0.4825 train_c: -0.9923 train_max_dist: 23.1298 train_imax: 14.6335 train_imin: -1.0570 time: 3.7714s
INFO:root:Epoch: 0450 lr: 0.01 train_loss: 52841.8516 train_distortion: 0.2282 train_mapscore: 0.4858 train_c: -0.9922 train_max_dist: 22.6402 train_imax: 14.0186 train_imin: -1.0425 time: 3.7687s
INFO:root:Epoch: 0455 lr: 0.01 train_loss: 52290.2656 train_distortion: 0.2338 train_mapscore: 0.4944 train_c: -0.9922 train_max_dist: 22.2822 train_imax: 13.5398 train_imin: -1.0353 time: 3.7467s
INFO:root:Epoch: 0460 lr: 0.01 train_loss: 51721.2031 train_distortion: 0.2347 train_mapscore: 0.5035 train_c: -0.9921 train_max_dist: 22.2451 train_imax: 13.4843 train_imin: -1.0368 time: 3.7190s
INFO:root:Epoch: 0465 lr: 0.01 train_loss: 52351.1641 train_distortion: 0.2465 train_mapscore: 0.4962 train_c: -0.9924 train_max_dist: 21.8294 train_imax: 12.9907 train_imin: -1.0385 time: 3.7272s
INFO:root:Epoch: 0470 lr: 0.01 train_loss: 55147.0156 train_distortion: 0.2606 train_mapscore: 0.4524 train_c: -0.9927 train_max_dist: 21.3383 train_imax: 12.5137 train_imin: -1.0754 time: 3.7389s
INFO:root:Epoch: 0475 lr: 0.01 train_loss: 57248.2695 train_distortion: 0.2755 train_mapscore: 0.4278 train_c: -0.9930 train_max_dist: 20.7140 train_imax: 11.8650 train_imin: -1.0821 time: 3.7732s
INFO:root:Epoch: 0480 lr: 0.01 train_loss: 58214.2656 train_distortion: 0.2796 train_mapscore: 0.4145 train_c: -0.9931 train_max_dist: 20.5034 train_imax: 11.7267 train_imin: -1.0784 time: 3.7623s
INFO:root:Epoch: 0485 lr: 0.01 train_loss: 58370.0859 train_distortion: 0.2764 train_mapscore: 0.4102 train_c: -0.9931 train_max_dist: 20.5794 train_imax: 11.8991 train_imin: -1.0773 time: 3.8022s
INFO:root:Epoch: 0490 lr: 0.01 train_loss: 58097.3008 train_distortion: 0.2695 train_mapscore: 0.4102 train_c: -0.9931 train_max_dist: 20.8129 train_imax: 12.2420 train_imin: -1.0767 time: 3.8080s
INFO:root:Epoch: 0495 lr: 0.01 train_loss: 57634.2266 train_distortion: 0.2610 train_mapscore: 0.4138 train_c: -0.9930 train_max_dist: 21.1212 train_imax: 12.7160 train_imin: -1.0700 time: 3.7903s
INFO:root:Epoch: 0500 lr: 0.01 train_loss: 56861.5117 train_distortion: 0.2549 train_mapscore: 0.4231 train_c: -0.9929 train_max_dist: 21.3309 train_imax: 13.0759 train_imin: -1.0607 time: 3.7598s
INFO:root:Epoch: 0505 lr: 0.01 train_loss: 55890.6836 train_distortion: 0.2519 train_mapscore: 0.4351 train_c: -0.9929 train_max_dist: 21.4216 train_imax: 13.2011 train_imin: -1.0572 time: 3.7613s
INFO:root:Epoch: 0510 lr: 0.01 train_loss: 54980.7930 train_distortion: 0.2489 train_mapscore: 0.4489 train_c: -0.9928 train_max_dist: 21.5105 train_imax: 13.3308 train_imin: -1.0668 time: 3.7369s
INFO:root:Epoch: 0515 lr: 0.01 train_loss: 54169.2617 train_distortion: 0.2449 train_mapscore: 0.4618 train_c: -0.9927 train_max_dist: 21.6425 train_imax: 13.5622 train_imin: -1.0695 time: 3.7154s
INFO:root:Epoch: 0520 lr: 0.01 train_loss: 53384.9688 train_distortion: 0.2443 train_mapscore: 0.4742 train_c: -0.9927 train_max_dist: 21.6109 train_imax: 13.6922 train_imin: -1.0582 time: 3.7271s
INFO:root:Epoch: 0525 lr: 0.01 train_loss: 52829.2656 train_distortion: 0.2481 train_mapscore: 0.4866 train_c: -0.9927 train_max_dist: 21.4429 train_imax: 13.5517 train_imin: -1.0450 time: 3.7116s
INFO:root:Epoch: 0530 lr: 0.01 train_loss: 55103.6328 train_distortion: 0.2740 train_mapscore: 0.4607 train_c: -0.9931 train_max_dist: 20.4564 train_imax: 12.2642 train_imin: -1.0428 time: 3.7723s
INFO:root:Epoch: 0535 lr: 0.01 train_loss: 57302.6523 train_distortion: 0.2862 train_mapscore: 0.4350 train_c: -0.9932 train_max_dist: 20.1006 train_imax: 11.8497 train_imin: -1.0250 time: 3.7964s
INFO:root:Epoch: 0540 lr: 0.01 train_loss: 58524.3125 train_distortion: 0.2904 train_mapscore: 0.4187 train_c: -0.9934 train_max_dist: 19.9837 train_imax: 11.7606 train_imin: -1.0232 time: 3.7838s
INFO:root:Epoch: 0545 lr: 0.01 train_loss: 59077.0547 train_distortion: 0.2898 train_mapscore: 0.4123 train_c: -0.9934 train_max_dist: 20.0405 train_imax: 11.8691 train_imin: -1.0552 time: 3.7965s
INFO:root:Epoch: 0550 lr: 0.01 train_loss: 59075.4180 train_distortion: 0.2835 train_mapscore: 0.4107 train_c: -0.9934 train_max_dist: 20.3391 train_imax: 12.2389 train_imin: -1.0694 time: 3.8068s
INFO:root:Epoch: 0555 lr: 0.01 train_loss: 59035.8984 train_distortion: 0.2722 train_mapscore: 0.4086 train_c: -0.9933 train_max_dist: 20.9757 train_imax: 13.0916 train_imin: -1.0852 time: 3.7885s
INFO:root:Epoch: 0560 lr: 0.01 train_loss: 58715.7656 train_distortion: 0.2654 train_mapscore: 0.4106 train_c: -0.9932 train_max_dist: 21.3312 train_imax: 13.6407 train_imin: -1.0804 time: 3.7924s
INFO:root:Epoch: 0565 lr: 0.01 train_loss: 57952.2539 train_distortion: 0.2637 train_mapscore: 0.4170 train_c: -0.9932 train_max_dist: 21.4154 train_imax: 13.8411 train_imin: -1.0777 time: 3.7767s
INFO:root:Epoch: 0570 lr: 0.01 train_loss: 56967.4688 train_distortion: 0.2658 train_mapscore: 0.4267 train_c: -0.9932 train_max_dist: 21.2674 train_imax: 13.7551 train_imin: -1.0755 time: 3.7861s
INFO:root:Epoch: 0575 lr: 0.01 train_loss: 56289.6172 train_distortion: 0.2627 train_mapscore: 0.4352 train_c: -0.9931 train_max_dist: 21.3865 train_imax: 13.9614 train_imin: -1.1132 time: 3.7732s
INFO:root:Epoch: 0580 lr: 0.01 train_loss: 55676.5547 train_distortion: 0.2576 train_mapscore: 0.4425 train_c: -0.9930 train_max_dist: 21.6749 train_imax: 14.2836 train_imin: -1.1459 time: 3.7390s
INFO:root:Epoch: 0585 lr: 0.01 train_loss: 55143.1719 train_distortion: 0.2520 train_mapscore: 0.4496 train_c: -0.9929 train_max_dist: 21.9992 train_imax: 14.6436 train_imin: -1.1423 time: 3.7398s
INFO:root:Epoch: 0590 lr: 0.01 train_loss: 54669.5156 train_distortion: 0.2458 train_mapscore: 0.4566 train_c: -0.9928 train_max_dist: 22.3439 train_imax: 15.0702 train_imin: -1.1243 time: 3.7459s
INFO:root:Epoch: 0595 lr: 0.01 train_loss: 54126.7148 train_distortion: 0.2411 train_mapscore: 0.4663 train_c: -0.9927 train_max_dist: 22.5853 train_imax: 15.4114 train_imin: -1.0920 time: 3.7455s
INFO:root:Epoch: 0600 lr: 0.01 train_loss: 53474.2578 train_distortion: 0.2381 train_mapscore: 0.4764 train_c: -0.9926 train_max_dist: 22.7284 train_imax: 15.6093 train_imin: -1.0680 time: 3.7483s
INFO:root:Epoch: 0605 lr: 0.01 train_loss: 52851.9531 train_distortion: 0.2351 train_mapscore: 0.4878 train_c: -0.9925 train_max_dist: 22.8746 train_imax: 15.8307 train_imin: -1.0422 time: 3.7424s
INFO:root:Epoch: 0610 lr: 0.01 train_loss: 52239.8125 train_distortion: 0.2324 train_mapscore: 0.4996 train_c: -0.9923 train_max_dist: 23.0082 train_imax: 16.0342 train_imin: -1.0213 time: 3.7226s
INFO:root:Epoch: 0615 lr: 0.01 train_loss: 51613.7109 train_distortion: 0.2304 train_mapscore: 0.5094 train_c: -0.9923 train_max_dist: 23.0885 train_imax: 16.1414 train_imin: -1.0049 time: 3.7596s
INFO:root:Epoch: 0620 lr: 0.01 train_loss: 51027.2383 train_distortion: 0.2304 train_mapscore: 0.5211 train_c: -0.9922 train_max_dist: 23.0955 train_imax: 16.0268 train_imin: -1.0203 time: 3.7401s
INFO:root:Epoch: 0625 lr: 0.01 train_loss: 50537.3984 train_distortion: 0.2298 train_mapscore: 0.5291 train_c: -0.9921 train_max_dist: 23.1575 train_imax: 15.9744 train_imin: -1.0280 time: 3.6923s
INFO:root:Epoch: 0630 lr: 0.01 train_loss: 50172.2148 train_distortion: 0.2274 train_mapscore: 0.5372 train_c: -0.9921 train_max_dist: 23.3148 train_imax: 16.1563 train_imin: -1.0183 time: 4.9985s
INFO:root:Epoch: 0635 lr: 0.01 train_loss: 49820.9766 train_distortion: 0.2242 train_mapscore: 0.5434 train_c: -0.9920 train_max_dist: 23.5179 train_imax: 16.4726 train_imin: -0.9986 time: 4.9652s
INFO:root:Epoch: 0640 lr: 0.01 train_loss: 49346.7812 train_distortion: 0.2254 train_mapscore: 0.5542 train_c: -0.9919 train_max_dist: 23.3304 train_imax: 16.3143 train_imin: -1.0098 time: 4.1480s
INFO:root:Epoch: 0645 lr: 0.01 train_loss: 49217.3750 train_distortion: 0.2264 train_mapscore: 0.5591 train_c: -0.9919 train_max_dist: 23.1546 train_imax: 16.2120 train_imin: -1.0463 time: 5.4924s
INFO:root:Epoch: 0650 lr: 0.01 train_loss: 49006.0156 train_distortion: 0.2323 train_mapscore: 0.5668 train_c: -0.9920 train_max_dist: 22.5659 train_imax: 15.5706 train_imin: -1.0190 time: 4.4278s
INFO:root:Epoch: 0655 lr: 0.01 train_loss: 49225.1406 train_distortion: 0.2422 train_mapscore: 0.5680 train_c: -0.9922 train_max_dist: 22.0424 train_imax: 14.4810 train_imin: -1.0470 time: 5.5040s
INFO:root:Epoch: 0660 lr: 0.01 train_loss: 49546.6758 train_distortion: 0.2413 train_mapscore: 0.5639 train_c: -0.9923 train_max_dist: 22.1172 train_imax: 14.3513 train_imin: -1.0776 time: 4.9949s
INFO:root:Epoch: 0665 lr: 0.01 train_loss: 49709.1016 train_distortion: 0.2351 train_mapscore: 0.5580 train_c: -0.9923 train_max_dist: 22.5454 train_imax: 14.6014 train_imin: -1.0773 time: 4.6727s
INFO:root:Epoch: 0670 lr: 0.01 train_loss: 49852.5078 train_distortion: 0.2278 train_mapscore: 0.5537 train_c: -0.9922 train_max_dist: 23.1559 train_imax: 15.0678 train_imin: -1.0607 time: 4.4181s
INFO:root:Epoch: 0675 lr: 0.01 train_loss: 49858.7266 train_distortion: 0.2226 train_mapscore: 0.5524 train_c: -0.9921 train_max_dist: 23.4691 train_imax: 15.5102 train_imin: -1.0507 time: 4.1250s
INFO:root:Epoch: 0680 lr: 0.01 train_loss: 49488.9375 train_distortion: 0.2213 train_mapscore: 0.5581 train_c: -0.9921 train_max_dist: 23.5216 train_imax: 15.6171 train_imin: -1.0418 time: 5.3648s
INFO:root:Epoch: 0685 lr: 0.01 train_loss: 49187.3281 train_distortion: 0.2231 train_mapscore: 0.5660 train_c: -0.9922 train_max_dist: 23.4153 train_imax: 15.4084 train_imin: -1.0347 time: 4.4569s
INFO:root:Epoch: 0690 lr: 0.01 train_loss: 48949.2422 train_distortion: 0.2232 train_mapscore: 0.5687 train_c: -0.9922 train_max_dist: 23.3865 train_imax: 15.4567 train_imin: -1.0429 time: 5.4010s
INFO:root:Epoch: 0695 lr: 0.01 train_loss: 48670.7500 train_distortion: 0.2212 train_mapscore: 0.5734 train_c: -0.9921 train_max_dist: 23.4549 train_imax: 15.7253 train_imin: -1.0459 time: 4.7478s
INFO:root:Epoch: 0700 lr: 0.01 train_loss: 48333.7500 train_distortion: 0.2179 train_mapscore: 0.5788 train_c: -0.9920 train_max_dist: 23.6042 train_imax: 16.1459 train_imin: -1.0453 time: 5.3885s
INFO:root:Epoch: 0705 lr: 0.01 train_loss: 47931.8594 train_distortion: 0.2145 train_mapscore: 0.5862 train_c: -0.9919 train_max_dist: 23.7712 train_imax: 16.6025 train_imin: -1.0430 time: 5.3578s
INFO:root:Epoch: 0710 lr: 0.01 train_loss: 47469.5898 train_distortion: 0.2116 train_mapscore: 0.5943 train_c: -0.9918 train_max_dist: 23.9118 train_imax: 17.0000 train_imin: -1.0411 time: 5.4302s
INFO:root:Epoch: 0715 lr: 0.01 train_loss: 47007.7539 train_distortion: 0.2097 train_mapscore: 0.6040 train_c: -0.9917 train_max_dist: 24.0373 train_imax: 17.3134 train_imin: -1.0420 time: 5.3725s
INFO:root:Epoch: 0720 lr: 0.01 train_loss: 46516.9219 train_distortion: 0.2093 train_mapscore: 0.6134 train_c: -0.9917 train_max_dist: 24.0613 train_imax: 17.3445 train_imin: -1.0433 time: 5.4024s
INFO:root:Epoch: 0725 lr: 0.01 train_loss: 46004.0938 train_distortion: 0.2090 train_mapscore: 0.6249 train_c: -0.9916 train_max_dist: 24.0626 train_imax: 17.3709 train_imin: -1.0427 time: 5.3326s
INFO:root:Epoch: 0730 lr: 0.01 train_loss: 45538.1094 train_distortion: 0.2083 train_mapscore: 0.6342 train_c: -0.9915 train_max_dist: 24.1208 train_imax: 17.4627 train_imin: -1.0416 time: 5.3225s
INFO:root:Epoch: 0735 lr: 0.01 train_loss: 45125.7148 train_distortion: 0.2070 train_mapscore: 0.6422 train_c: -0.9914 train_max_dist: 24.2254 train_imax: 17.6264 train_imin: -1.0379 time: 5.3195s
INFO:root:Epoch: 0740 lr: 0.01 train_loss: 44780.7891 train_distortion: 0.2052 train_mapscore: 0.6500 train_c: -0.9913 train_max_dist: 24.3715 train_imax: 17.9077 train_imin: -1.0331 time: 5.4320s
INFO:root:Epoch: 0745 lr: 0.01 train_loss: 44417.1445 train_distortion: 0.2034 train_mapscore: 0.6580 train_c: -0.9912 train_max_dist: 24.5134 train_imax: 18.2012 train_imin: -1.0284 time: 5.3634s
INFO:root:Epoch: 0750 lr: 0.01 train_loss: 44036.0312 train_distortion: 0.2019 train_mapscore: 0.6657 train_c: -0.9912 train_max_dist: 24.6385 train_imax: 18.4664 train_imin: -1.0243 time: 5.3349s
INFO:root:Epoch: 0755 lr: 0.01 train_loss: 43662.7578 train_distortion: 0.2005 train_mapscore: 0.6730 train_c: -0.9911 train_max_dist: 24.7551 train_imax: 18.7173 train_imin: -1.0206 time: 5.3465s
INFO:root:Epoch: 0760 lr: 0.01 train_loss: 43288.0469 train_distortion: 0.1997 train_mapscore: 0.6808 train_c: -0.9910 train_max_dist: 24.8159 train_imax: 18.8608 train_imin: -1.0183 time: 5.3313s
INFO:root:Epoch: 0765 lr: 0.01 train_loss: 42922.3359 train_distortion: 0.1991 train_mapscore: 0.6874 train_c: -0.9909 train_max_dist: 24.8725 train_imax: 18.9752 train_imin: -1.0116 time: 5.2838s
INFO:root:Epoch: 0770 lr: 0.01 train_loss: 42587.6133 train_distortion: 0.1981 train_mapscore: 0.6941 train_c: -0.9908 train_max_dist: 24.9670 train_imax: 19.1709 train_imin: -1.0062 time: 5.3303s
INFO:root:Epoch: 0775 lr: 0.01 train_loss: 42279.5938 train_distortion: 0.1970 train_mapscore: 0.7013 train_c: -0.9907 train_max_dist: 25.0608 train_imax: 19.3890 train_imin: -1.0038 time: 5.3055s
INFO:root:Epoch: 0780 lr: 0.01 train_loss: 41966.3359 train_distortion: 0.1961 train_mapscore: 0.7090 train_c: -0.9906 train_max_dist: 25.1412 train_imax: 19.5893 train_imin: -0.9976 time: 5.3719s
INFO:root:Epoch: 0785 lr: 0.01 train_loss: 41818.2344 train_distortion: 0.1948 train_mapscore: 0.7119 train_c: -0.9905 train_max_dist: 25.3318 train_imax: 20.0180 train_imin: -1.0190 time: 5.3918s
INFO:root:Epoch: 0790 lr: 0.01 train_loss: 41551.1953 train_distortion: 0.1942 train_mapscore: 0.7176 train_c: -0.9904 train_max_dist: 25.4257 train_imax: 20.1861 train_imin: -1.0026 time: 5.3070s
INFO:root:Epoch: 0795 lr: 0.01 train_loss: 41192.5859 train_distortion: 0.1947 train_mapscore: 0.7250 train_c: -0.9904 train_max_dist: 25.3691 train_imax: 20.0062 train_imin: -1.0097 time: 5.2395s
INFO:root:Epoch: 0800 lr: 0.01 train_loss: 41061.7656 train_distortion: 0.1957 train_mapscore: 0.7301 train_c: -0.9904 train_max_dist: 25.2805 train_imax: 19.6598 train_imin: -1.0154 time: 5.2198s
INFO:root:Epoch: 0805 lr: 0.01 train_loss: 40954.6484 train_distortion: 0.1970 train_mapscore: 0.7336 train_c: -0.9904 train_max_dist: 25.1765 train_imax: 19.2750 train_imin: -1.0166 time: 5.1894s
INFO:root:Epoch: 0810 lr: 0.01 train_loss: 40819.0898 train_distortion: 0.1967 train_mapscore: 0.7344 train_c: -0.9904 train_max_dist: 25.2363 train_imax: 19.2905 train_imin: -1.0153 time: 5.1976s
INFO:root:Epoch: 0815 lr: 0.01 train_loss: 40710.6250 train_distortion: 0.1962 train_mapscore: 0.7372 train_c: -0.9904 train_max_dist: 25.2070 train_imax: 19.3388 train_imin: -1.0147 time: 5.2042s
INFO:root:Epoch: 0820 lr: 0.01 train_loss: 40675.5938 train_distortion: 0.1961 train_mapscore: 0.7374 train_c: -0.9904 train_max_dist: 25.1217 train_imax: 18.9093 train_imin: -1.0101 time: 5.2160s
INFO:root:Epoch: 0825 lr: 0.01 train_loss: 40587.7227 train_distortion: 0.1956 train_mapscore: 0.7401 train_c: -0.9904 train_max_dist: 25.1234 train_imax: 18.8045 train_imin: -1.0234 time: 5.2574s
INFO:root:Epoch: 0830 lr: 0.01 train_loss: 40486.0117 train_distortion: 0.1948 train_mapscore: 0.7420 train_c: -0.9904 train_max_dist: 25.1807 train_imax: 18.9002 train_imin: -1.0246 time: 5.2670s
INFO:root:Epoch: 0835 lr: 0.01 train_loss: 40344.5000 train_distortion: 0.1935 train_mapscore: 0.7445 train_c: -0.9904 train_max_dist: 25.3215 train_imax: 19.1795 train_imin: -1.0046 time: 5.2619s
INFO:root:Epoch: 0840 lr: 0.01 train_loss: 40154.2461 train_distortion: 0.1922 train_mapscore: 0.7474 train_c: -0.9903 train_max_dist: 25.5038 train_imax: 19.5059 train_imin: -1.0056 time: 5.2709s
INFO:root:Epoch: 0845 lr: 0.01 train_loss: 39889.9766 train_distortion: 0.1913 train_mapscore: 0.7523 train_c: -0.9902 train_max_dist: 25.6520 train_imax: 19.7373 train_imin: -1.0072 time: 5.2966s
INFO:root:Epoch: 0850 lr: 0.01 train_loss: 39581.9453 train_distortion: 0.1909 train_mapscore: 0.7586 train_c: -0.9902 train_max_dist: 25.7260 train_imax: 19.7681 train_imin: -1.0102 time: 5.2247s
INFO:root:Epoch: 0855 lr: 0.01 train_loss: 39331.8984 train_distortion: 0.1902 train_mapscore: 0.7635 train_c: -0.9901 train_max_dist: 25.8785 train_imax: 19.9626 train_imin: -1.0103 time: 5.1691s
INFO:root:Epoch: 0860 lr: 0.01 train_loss: 39119.2188 train_distortion: 0.1895 train_mapscore: 0.7674 train_c: -0.9900 train_max_dist: 26.0192 train_imax: 20.1297 train_imin: -1.0133 time: 5.1458s
INFO:root:Epoch: 0865 lr: 0.01 train_loss: 38861.1953 train_distortion: 0.1897 train_mapscore: 0.7724 train_c: -0.9900 train_max_dist: 25.9424 train_imax: 19.9359 train_imin: -1.0344 time: 5.1360s
INFO:root:Epoch: 0870 lr: 0.01 train_loss: 38729.5664 train_distortion: 0.1904 train_mapscore: 0.7769 train_c: -0.9900 train_max_dist: 25.7219 train_imax: 19.5989 train_imin: -1.0547 time: 5.1865s
INFO:root:Epoch: 0875 lr: 0.01 train_loss: 38700.4844 train_distortion: 0.1910 train_mapscore: 0.7774 train_c: -0.9900 train_max_dist: 25.6488 train_imax: 19.3731 train_imin: -1.0647 time: 5.0590s
INFO:root:Epoch: 0880 lr: 0.01 train_loss: 40588.9961 train_distortion: 0.1992 train_mapscore: 0.7480 train_c: -0.9903 train_max_dist: 24.7471 train_imax: 17.4874 train_imin: -1.0941 time: 5.0523s
INFO:root:Epoch: 0885 lr: 0.01 train_loss: 45640.7656 train_distortion: 0.2093 train_mapscore: 0.6562 train_c: -0.9906 train_max_dist: 24.0754 train_imax: 16.0876 train_imin: -1.1172 time: 5.1155s
INFO:root:Epoch: 0890 lr: 0.01 train_loss: 49308.4648 train_distortion: 0.2135 train_mapscore: 0.5952 train_c: -0.9907 train_max_dist: 23.9645 train_imax: 15.8187 train_imin: -1.1344 time: 5.1497s
INFO:root:Epoch: 0895 lr: 0.01 train_loss: 51346.9844 train_distortion: 0.2234 train_mapscore: 0.5599 train_c: -0.9909 train_max_dist: 23.4932 train_imax: 16.0703 train_imin: -1.1571 time: 5.1873s
INFO:root:Epoch: 0900 lr: 0.01 train_loss: 51929.6016 train_distortion: 0.2329 train_mapscore: 0.5476 train_c: -0.9910 train_max_dist: 23.0546 train_imax: 15.2054 train_imin: -1.1590 time: 5.2313s
INFO:root:Epoch: 0905 lr: 0.01 train_loss: 51864.4297 train_distortion: 0.2373 train_mapscore: 0.5451 train_c: -0.9910 train_max_dist: 22.8713 train_imax: 14.7850 train_imin: -1.1540 time: 5.1621s
INFO:root:Epoch: 0910 lr: 0.01 train_loss: 51470.0469 train_distortion: 0.2399 train_mapscore: 0.5514 train_c: -0.9910 train_max_dist: 22.7365 train_imax: 14.4967 train_imin: -1.1482 time: 5.2087s
INFO:root:Epoch: 0915 lr: 0.01 train_loss: 51055.2031 train_distortion: 0.2416 train_mapscore: 0.5587 train_c: -0.9910 train_max_dist: 22.6806 train_imax: 14.2950 train_imin: -1.1314 time: 5.2129s
INFO:root:Epoch: 0920 lr: 0.01 train_loss: 50730.9844 train_distortion: 0.2347 train_mapscore: 0.5609 train_c: -0.9910 train_max_dist: 22.8872 train_imax: 14.8101 train_imin: -1.1173 time: 5.0585s
INFO:root:Epoch: 0925 lr: 0.01 train_loss: 50465.0508 train_distortion: 0.2302 train_mapscore: 0.5606 train_c: -0.9909 train_max_dist: 22.9555 train_imax: 15.1646 train_imin: -1.1303 time: 5.0290s
INFO:root:Epoch: 0930 lr: 0.01 train_loss: 50067.5547 train_distortion: 0.2267 train_mapscore: 0.5660 train_c: -0.9909 train_max_dist: 23.0316 train_imax: 15.4530 train_imin: -1.1337 time: 5.0264s
INFO:root:Epoch: 0935 lr: 0.01 train_loss: 49513.2578 train_distortion: 0.2259 train_mapscore: 0.5762 train_c: -0.9909 train_max_dist: 23.0179 train_imax: 15.4826 train_imin: -1.1263 time: 5.0651s
INFO:root:Epoch: 0940 lr: 0.01 train_loss: 48937.1094 train_distortion: 0.2240 train_mapscore: 0.5853 train_c: -0.9909 train_max_dist: 23.0876 train_imax: 15.6101 train_imin: -1.1279 time: 5.0631s
INFO:root:Epoch: 0945 lr: 0.01 train_loss: 48349.4297 train_distortion: 0.2216 train_mapscore: 0.5955 train_c: -0.9908 train_max_dist: 23.2058 train_imax: 15.7927 train_imin: -1.1412 time: 5.0589s
INFO:root:Epoch: 0950 lr: 0.01 train_loss: 47814.7539 train_distortion: 0.2177 train_mapscore: 0.6039 train_c: -0.9908 train_max_dist: 23.4236 train_imax: 16.1549 train_imin: -1.1471 time: 5.1471s
INFO:root:Epoch: 0955 lr: 0.01 train_loss: 47345.5000 train_distortion: 0.2170 train_mapscore: 0.6136 train_c: -0.9908 train_max_dist: 23.5605 train_imax: 16.1823 train_imin: -1.1551 time: 5.1717s
INFO:root:Epoch: 0960 lr: 0.01 train_loss: 46975.6641 train_distortion: 0.2160 train_mapscore: 0.6214 train_c: -0.9907 train_max_dist: 23.6839 train_imax: 16.2781 train_imin: -1.1561 time: 5.0899s
INFO:root:Epoch: 0965 lr: 0.01 train_loss: 46606.9648 train_distortion: 0.2149 train_mapscore: 0.6295 train_c: -0.9907 train_max_dist: 23.7937 train_imax: 16.3798 train_imin: -1.1503 time: 4.9949s
INFO:root:Epoch: 0970 lr: 0.01 train_loss: 46278.3477 train_distortion: 0.2151 train_mapscore: 0.6356 train_c: -0.9907 train_max_dist: 23.8067 train_imax: 16.3427 train_imin: -1.1391 time: 4.9989s
INFO:root:Epoch: 0975 lr: 0.01 train_loss: 46056.5938 train_distortion: 0.2176 train_mapscore: 0.6413 train_c: -0.9907 train_max_dist: 23.6204 train_imax: 16.0335 train_imin: -1.1644 time: 4.9796s
INFO:root:Epoch: 0980 lr: 0.01 train_loss: 45882.7969 train_distortion: 0.2155 train_mapscore: 0.6454 train_c: -0.9907 train_max_dist: 23.7068 train_imax: 16.2631 train_imin: -1.1844 time: 4.9568s
INFO:root:Epoch: 0985 lr: 0.01 train_loss: 45747.7656 train_distortion: 0.2112 train_mapscore: 0.6455 train_c: -0.9906 train_max_dist: 23.9440 train_imax: 16.7999 train_imin: -1.1992 time: 5.0275s
INFO:root:Epoch: 0990 lr: 0.01 train_loss: 45546.3398 train_distortion: 0.2076 train_mapscore: 0.6489 train_c: -0.9906 train_max_dist: 24.1812 train_imax: 17.3130 train_imin: -1.2065 time: 5.0071s
INFO:root:Epoch: 0995 lr: 0.01 train_loss: 45434.1016 train_distortion: 0.2121 train_mapscore: 0.6521 train_c: -0.9907 train_max_dist: 23.7153 train_imax: 16.6999 train_imin: -1.2080 time: 5.1116s
INFO:root:Epoch: 1000 lr: 0.01 train_loss: 45826.1836 train_distortion: 0.2143 train_mapscore: 0.6454 train_c: -0.9908 train_max_dist: 23.4205 train_imax: 16.4542 train_imin: -1.1966 time: 5.0280s
INFO:root:Epoch: 1005 lr: 0.01 train_loss: 46067.2812 train_distortion: 0.2126 train_mapscore: 0.6418 train_c: -0.9908 train_max_dist: 23.4902 train_imax: 16.6941 train_imin: -1.1863 time: 5.0346s
INFO:root:Epoch: 1010 lr: 0.01 train_loss: 46052.4492 train_distortion: 0.2097 train_mapscore: 0.6410 train_c: -0.9907 train_max_dist: 23.7050 train_imax: 17.0850 train_imin: -1.1762 time: 5.0760s
INFO:root:Epoch: 1015 lr: 0.01 train_loss: 45875.9141 train_distortion: 0.2069 train_mapscore: 0.6423 train_c: -0.9906 train_max_dist: 24.0081 train_imax: 17.4956 train_imin: -1.1678 time: 5.0651s
INFO:root:Epoch: 1020 lr: 0.01 train_loss: 45586.9062 train_distortion: 0.2057 train_mapscore: 0.6465 train_c: -0.9906 train_max_dist: 24.1967 train_imax: 17.6524 train_imin: -1.1492 time: 5.0743s
INFO:root:Epoch: 1025 lr: 0.01 train_loss: 45249.0078 train_distortion: 0.2056 train_mapscore: 0.6518 train_c: -0.9905 train_max_dist: 24.2351 train_imax: 17.5903 train_imin: -1.1257 time: 5.0412s
INFO:root:Epoch: 1030 lr: 0.01 train_loss: 44829.7148 train_distortion: 0.2054 train_mapscore: 0.6614 train_c: -0.9905 train_max_dist: 24.2548 train_imax: 17.5447 train_imin: -1.1049 time: 5.0775s
INFO:root:Epoch: 1035 lr: 0.01 train_loss: 44445.4375 train_distortion: 0.2038 train_mapscore: 0.6687 train_c: -0.9904 train_max_dist: 24.3872 train_imax: 17.7782 train_imin: -1.0922 time: 5.0917s
INFO:root:Epoch: 1040 lr: 0.01 train_loss: 44031.0469 train_distortion: 0.2023 train_mapscore: 0.6756 train_c: -0.9903 train_max_dist: 24.5053 train_imax: 18.0166 train_imin: -1.0826 time: 5.2569s
INFO:root:Epoch: 1045 lr: 0.01 train_loss: 43615.0156 train_distortion: 0.2009 train_mapscore: 0.6843 train_c: -0.9902 train_max_dist: 24.6134 train_imax: 18.2363 train_imin: -1.0776 time: 5.2672s
INFO:root:Epoch: 1050 lr: 0.01 train_loss: 43169.2734 train_distortion: 0.1996 train_mapscore: 0.6934 train_c: -0.9902 train_max_dist: 24.7247 train_imax: 18.4556 train_imin: -1.0762 time: 5.2865s
INFO:root:Epoch: 1055 lr: 0.01 train_loss: 42686.5234 train_distortion: 0.1997 train_mapscore: 0.7021 train_c: -0.9901 train_max_dist: 24.6835 train_imax: 18.3626 train_imin: -1.0806 time: 5.2037s
INFO:root:Epoch: 1060 lr: 0.01 train_loss: 42335.5469 train_distortion: 0.2000 train_mapscore: 0.7098 train_c: -0.9901 train_max_dist: 24.6065 train_imax: 18.2410 train_imin: -1.0828 time: 5.1735s
INFO:root:Epoch: 1065 lr: 0.01 train_loss: 42027.0625 train_distortion: 0.1991 train_mapscore: 0.7164 train_c: -0.9900 train_max_dist: 24.6682 train_imax: 18.3685 train_imin: -1.0921 time: 5.1484s
INFO:root:Epoch: 1070 lr: 0.01 train_loss: 41726.6523 train_distortion: 0.1981 train_mapscore: 0.7225 train_c: -0.9900 train_max_dist: 24.7872 train_imax: 18.5182 train_imin: -1.0920 time: 5.1156s
INFO:root:Epoch: 1075 lr: 0.01 train_loss: 41456.3047 train_distortion: 0.1977 train_mapscore: 0.7262 train_c: -0.9900 train_max_dist: 24.8465 train_imax: 18.5432 train_imin: -1.0813 time: 5.1939s
INFO:root:Epoch: 1080 lr: 0.01 train_loss: 41232.3164 train_distortion: 0.1965 train_mapscore: 0.7299 train_c: -0.9899 train_max_dist: 24.9770 train_imax: 18.7543 train_imin: -1.0739 time: 5.2305s
INFO:root:Epoch: 1085 lr: 0.01 train_loss: 41050.0469 train_distortion: 0.1957 train_mapscore: 0.7334 train_c: -0.9898 train_max_dist: 25.1063 train_imax: 18.8781 train_imin: -1.0631 time: 5.1803s
INFO:root:Epoch: 1090 lr: 0.01 train_loss: 40840.2969 train_distortion: 0.1944 train_mapscore: 0.7368 train_c: -0.9898 train_max_dist: 25.2815 train_imax: 19.1374 train_imin: -1.0558 time: 5.2196s
INFO:root:Epoch: 1095 lr: 0.01 train_loss: 40572.0078 train_distortion: 0.1941 train_mapscore: 0.7402 train_c: -0.9897 train_max_dist: 25.3610 train_imax: 19.1668 train_imin: -1.0253 time: 5.1225s
INFO:root:Epoch: 1100 lr: 0.01 train_loss: 40335.6406 train_distortion: 0.1938 train_mapscore: 0.7463 train_c: -0.9897 train_max_dist: 25.3876 train_imax: 19.1884 train_imin: -1.0264 time: 5.1021s
INFO:root:Epoch: 1105 lr: 0.01 train_loss: 40097.7344 train_distortion: 0.1943 train_mapscore: 0.7514 train_c: -0.9897 train_max_dist: 25.3063 train_imax: 19.0235 train_imin: -1.0403 time: 5.0921s
INFO:root:Epoch: 1110 lr: 0.01 train_loss: 39944.4570 train_distortion: 0.1948 train_mapscore: 0.7557 train_c: -0.9897 train_max_dist: 25.2384 train_imax: 18.8631 train_imin: -1.0528 time: 5.0553s
INFO:root:Epoch: 1115 lr: 0.01 train_loss: 39797.1172 train_distortion: 0.1942 train_mapscore: 0.7582 train_c: -0.9897 train_max_dist: 25.2913 train_imax: 18.9608 train_imin: -1.0496 time: 5.0920s
INFO:root:Epoch: 1120 lr: 0.01 train_loss: 39685.9141 train_distortion: 0.1928 train_mapscore: 0.7603 train_c: -0.9896 train_max_dist: 25.4758 train_imax: 19.3128 train_imin: -1.0410 time: 5.1512s
INFO:root:Epoch: 1125 lr: 0.01 train_loss: 39538.7578 train_distortion: 0.1914 train_mapscore: 0.7636 train_c: -0.9895 train_max_dist: 25.6915 train_imax: 19.7213 train_imin: -1.0316 time: 5.1861s
INFO:root:Epoch: 1130 lr: 0.01 train_loss: 39330.9688 train_distortion: 0.1904 train_mapscore: 0.7673 train_c: -0.9895 train_max_dist: 25.8711 train_imax: 20.0384 train_imin: -1.0258 time: 5.1332s
INFO:root:Epoch: 1135 lr: 0.01 train_loss: 38988.4609 train_distortion: 0.1905 train_mapscore: 0.7735 train_c: -0.9894 train_max_dist: 25.8073 train_imax: 19.8719 train_imin: -1.0074 time: 5.1198s
INFO:root:Epoch: 1140 lr: 0.01 train_loss: 38711.0078 train_distortion: 0.1904 train_mapscore: 0.7794 train_c: -0.9894 train_max_dist: 25.8144 train_imax: 19.8398 train_imin: -1.0212 time: 5.1178s
INFO:root:Epoch: 1145 lr: 0.01 train_loss: 38468.6719 train_distortion: 0.1898 train_mapscore: 0.7834 train_c: -0.9893 train_max_dist: 25.9114 train_imax: 19.9848 train_imin: -1.0288 time: 5.0909s
INFO:root:Epoch: 1150 lr: 0.01 train_loss: 38250.1406 train_distortion: 0.1896 train_mapscore: 0.7869 train_c: -0.9893 train_max_dist: 25.9209 train_imax: 20.0216 train_imin: -1.0421 time: 5.0569s
INFO:root:Epoch: 1155 lr: 0.01 train_loss: 38070.9375 train_distortion: 0.1891 train_mapscore: 0.7896 train_c: -0.9893 train_max_dist: 26.0085 train_imax: 20.1782 train_imin: -1.0485 time: 5.0733s
INFO:root:Epoch: 1160 lr: 0.01 train_loss: 38522.3672 train_distortion: 0.1926 train_mapscore: 0.7857 train_c: -0.9894 train_max_dist: 25.5773 train_imax: 18.9450 train_imin: -1.0648 time: 5.1135s
INFO:root:Epoch: 1165 lr: 0.01 train_loss: 39463.3125 train_distortion: 0.1944 train_mapscore: 0.7707 train_c: -0.9895 train_max_dist: 25.4309 train_imax: 18.4908 train_imin: -1.0623 time: 5.1658s
INFO:root:Epoch: 1170 lr: 0.01 train_loss: 39986.6875 train_distortion: 0.1944 train_mapscore: 0.7603 train_c: -0.9895 train_max_dist: 25.5052 train_imax: 18.5204 train_imin: -1.0573 time: 5.1653s
INFO:root:Epoch: 1175 lr: 0.01 train_loss: 40164.3320 train_distortion: 0.1930 train_mapscore: 0.7565 train_c: -0.9895 train_max_dist: 25.7030 train_imax: 18.8433 train_imin: -1.0526 time: 5.2008s
INFO:root:Epoch: 1180 lr: 0.01 train_loss: 40002.2500 train_distortion: 0.1921 train_mapscore: 0.7588 train_c: -0.9894 train_max_dist: 25.8141 train_imax: 19.0552 train_imin: -1.0507 time: 5.1311s
INFO:root:Epoch: 1185 lr: 0.01 train_loss: 39702.5430 train_distortion: 0.1927 train_mapscore: 0.7637 train_c: -0.9894 train_max_dist: 25.6906 train_imax: 18.8267 train_imin: -1.0594 time: 5.1107s
INFO:root:Epoch: 1190 lr: 0.01 train_loss: 39519.9141 train_distortion: 0.1936 train_mapscore: 0.7674 train_c: -0.9895 train_max_dist: 25.5377 train_imax: 18.6174 train_imin: -1.0677 time: 5.1113s
INFO:root:Epoch: 1195 lr: 0.01 train_loss: 39324.7266 train_distortion: 0.1929 train_mapscore: 0.7708 train_c: -0.9894 train_max_dist: 25.6262 train_imax: 18.7865 train_imin: -1.0555 time: 5.0409s
INFO:root:Epoch: 1200 lr: 0.01 train_loss: 39197.5312 train_distortion: 0.1948 train_mapscore: 0.7751 train_c: -0.9895 train_max_dist: 25.4393 train_imax: 18.2982 train_imin: -1.0648 time: 5.0181s
INFO:root:Epoch: 1205 lr: 0.01 train_loss: 39151.2812 train_distortion: 0.1970 train_mapscore: 0.7778 train_c: -0.9896 train_max_dist: 25.2669 train_imax: 17.8550 train_imin: -1.0707 time: 5.0442s
INFO:root:Epoch: 1210 lr: 0.01 train_loss: 39281.5117 train_distortion: 0.1966 train_mapscore: 0.7744 train_c: -0.9896 train_max_dist: 25.3037 train_imax: 17.9371 train_imin: -1.0665 time: 5.0295s
INFO:root:Epoch: 1215 lr: 0.01 train_loss: 39487.1680 train_distortion: 0.1930 train_mapscore: 0.7696 train_c: -0.9895 train_max_dist: 25.8248 train_imax: 18.7796 train_imin: -1.0479 time: 4.9865s
INFO:root:Epoch: 1220 lr: 0.01 train_loss: 39589.5391 train_distortion: 0.1905 train_mapscore: 0.7675 train_c: -0.9895 train_max_dist: 26.2617 train_imax: 19.5376 train_imin: -1.0464 time: 5.0306s
INFO:root:Epoch: 1225 lr: 0.01 train_loss: 39559.0781 train_distortion: 0.1899 train_mapscore: 0.7657 train_c: -0.9895 train_max_dist: 26.3858 train_imax: 20.9699 train_imin: -1.0816 time: 5.0199s
INFO:root:Epoch: 1230 lr: 0.01 train_loss: 39636.2656 train_distortion: 0.1899 train_mapscore: 0.7660 train_c: -0.9895 train_max_dist: 26.3921 train_imax: 21.8868 train_imin: -1.1050 time: 5.0147s
INFO:root:Epoch: 1235 lr: 0.01 train_loss: 39393.3242 train_distortion: 0.1909 train_mapscore: 0.7694 train_c: -0.9895 train_max_dist: 26.2115 train_imax: 21.7677 train_imin: -1.1132 time: 5.0282s
INFO:root:Epoch: 1240 lr: 0.01 train_loss: 39163.6289 train_distortion: 0.1916 train_mapscore: 0.7743 train_c: -0.9895 train_max_dist: 26.0926 train_imax: 21.5167 train_imin: -1.1140 time: 5.0282s
INFO:root:Epoch: 1245 lr: 0.01 train_loss: 39002.6641 train_distortion: 0.1931 train_mapscore: 0.7772 train_c: -0.9896 train_max_dist: 25.9528 train_imax: 20.9140 train_imin: -1.0916 time: 5.0826s
INFO:root:Epoch: 1250 lr: 0.01 train_loss: 38950.0703 train_distortion: 0.1926 train_mapscore: 0.7752 train_c: -0.9896 train_max_dist: 26.0639 train_imax: 20.9155 train_imin: -1.0763 time: 5.0840s
INFO:root:Epoch: 1255 lr: 0.01 train_loss: 38843.8516 train_distortion: 0.1911 train_mapscore: 0.7770 train_c: -0.9895 train_max_dist: 26.2999 train_imax: 21.2074 train_imin: -1.0820 time: 5.0383s
INFO:root:Epoch: 1260 lr: 0.01 train_loss: 38631.4062 train_distortion: 0.1898 train_mapscore: 0.7808 train_c: -0.9894 train_max_dist: 26.5156 train_imax: 21.4686 train_imin: -1.0842 time: 5.0211s
INFO:root:Epoch: 1265 lr: 0.01 train_loss: 38306.8359 train_distortion: 0.1893 train_mapscore: 0.7859 train_c: -0.9894 train_max_dist: 26.5971 train_imax: 21.4200 train_imin: -1.0832 time: 5.0031s
INFO:root:Epoch: 1270 lr: 0.01 train_loss: 37940.5703 train_distortion: 0.1892 train_mapscore: 0.7917 train_c: -0.9894 train_max_dist: 26.5665 train_imax: 21.1553 train_imin: -1.0797 time: 4.7733s
INFO:root:Epoch: 1275 lr: 0.01 train_loss: 37659.1953 train_distortion: 0.1888 train_mapscore: 0.7970 train_c: -0.9893 train_max_dist: 26.6082 train_imax: 21.0562 train_imin: -1.0760 time: 4.9917s
INFO:root:Epoch: 1280 lr: 0.01 train_loss: 37405.9141 train_distortion: 0.1881 train_mapscore: 0.8009 train_c: -0.9892 train_max_dist: 26.7267 train_imax: 21.1102 train_imin: -1.0713 time: 5.5067s
INFO:root:Epoch: 1285 lr: 0.01 train_loss: 37249.1719 train_distortion: 0.1874 train_mapscore: 0.8031 train_c: -0.9892 train_max_dist: 26.8670 train_imax: 21.1840 train_imin: -1.0876 time: 4.9505s
INFO:root:Epoch: 1290 lr: 0.01 train_loss: 37091.2500 train_distortion: 0.1869 train_mapscore: 0.8046 train_c: -0.9891 train_max_dist: 26.9648 train_imax: 21.1649 train_imin: -1.1005 time: 5.4032s
INFO:root:Epoch: 1295 lr: 0.01 train_loss: 36838.2578 train_distortion: 0.1866 train_mapscore: 0.8079 train_c: -0.9890 train_max_dist: 27.0174 train_imax: 21.0917 train_imin: -1.1084 time: 5.0213s
INFO:root:Epoch: 1300 lr: 0.01 train_loss: 36574.1641 train_distortion: 0.1865 train_mapscore: 0.8121 train_c: -0.9890 train_max_dist: 26.9705 train_imax: 20.8542 train_imin: -1.1024 time: 4.6803s
INFO:root:Epoch: 1305 lr: 0.01 train_loss: 36362.7852 train_distortion: 0.1869 train_mapscore: 0.8159 train_c: -0.9890 train_max_dist: 26.7049 train_imax: 20.1830 train_imin: -1.1025 time: 4.8825s
INFO:root:Epoch: 1310 lr: 0.01 train_loss: 36230.1289 train_distortion: 0.1869 train_mapscore: 0.8186 train_c: -0.9890 train_max_dist: 26.7332 train_imax: 19.8446 train_imin: -1.1081 time: 4.8348s
INFO:root:Epoch: 1315 lr: 0.01 train_loss: 36078.6445 train_distortion: 0.1867 train_mapscore: 0.8199 train_c: -0.9890 train_max_dist: 26.7641 train_imax: 19.8209 train_imin: -1.0948 time: 4.9689s
INFO:root:Epoch: 1320 lr: 0.01 train_loss: 35952.7109 train_distortion: 0.1861 train_mapscore: 0.8210 train_c: -0.9889 train_max_dist: 32.0000 train_imax: 20.1042 train_imin: -1.0942 time: 5.0642s
INFO:root:Epoch: 1325 lr: 0.01 train_loss: 35788.9453 train_distortion: 0.1854 train_mapscore: 0.8226 train_c: -0.9889 train_max_dist: 27.1448 train_imax: 20.4858 train_imin: -1.0969 time: 3.6877s
INFO:root:Epoch: 1330 lr: 0.01 train_loss: 35592.7109 train_distortion: 0.1850 train_mapscore: 0.8257 train_c: -0.9888 train_max_dist: 27.3295 train_imax: 20.7945 train_imin: -1.1024 time: 5.7765s
INFO:root:Epoch: 1335 lr: 0.01 train_loss: 35367.3672 train_distortion: 0.1847 train_mapscore: 0.8292 train_c: -0.9888 train_max_dist: 27.4591 train_imax: 20.9778 train_imin: -1.1105 time: 5.7334s
INFO:root:Epoch: 1340 lr: 0.01 train_loss: 35092.3281 train_distortion: 0.1845 train_mapscore: 0.8335 train_c: -0.9887 train_max_dist: 27.5322 train_imax: 21.0418 train_imin: -1.1191 time: 5.6945s
INFO:root:Epoch: 1345 lr: 0.01 train_loss: 34840.4531 train_distortion: 0.1843 train_mapscore: 0.8367 train_c: -0.9887 train_max_dist: 27.5739 train_imax: 21.0462 train_imin: -1.1270 time: 5.7031s
INFO:root:Epoch: 1350 lr: 0.01 train_loss: 34603.3438 train_distortion: 0.1841 train_mapscore: 0.8394 train_c: -0.9886 train_max_dist: 27.5983 train_imax: 21.0379 train_imin: -1.1329 time: 5.5774s
INFO:root:Epoch: 1355 lr: 0.01 train_loss: 34436.7734 train_distortion: 0.1841 train_mapscore: 0.8416 train_c: -0.9886 train_max_dist: 27.4918 train_imax: 20.8701 train_imin: -1.1363 time: 5.6690s
INFO:root:Epoch: 1360 lr: 0.01 train_loss: 34288.6406 train_distortion: 0.1840 train_mapscore: 0.8442 train_c: -0.9886 train_max_dist: 27.4839 train_imax: 20.8844 train_imin: -1.1377 time: 5.7098s
INFO:root:Epoch: 1365 lr: 0.01 train_loss: 34308.4844 train_distortion: 0.1840 train_mapscore: 0.8450 train_c: -0.9886 train_max_dist: 27.4187 train_imax: 20.7916 train_imin: -1.1507 time: 5.6801s
INFO:root:Epoch: 1370 lr: 0.01 train_loss: 34489.1680 train_distortion: 0.1840 train_mapscore: 0.8433 train_c: -0.9886 train_max_dist: 27.3433 train_imax: 20.7428 train_imin: -1.1554 time: 5.6950s
INFO:root:Epoch: 1375 lr: 0.01 train_loss: 34582.9141 train_distortion: 0.1839 train_mapscore: 0.8424 train_c: -0.9885 train_max_dist: 27.3982 train_imax: 20.9188 train_imin: -1.1520 time: 5.7303s
INFO:root:Epoch: 1380 lr: 0.01 train_loss: 34552.8750 train_distortion: 0.1837 train_mapscore: 0.8424 train_c: -0.9885 train_max_dist: 27.5092 train_imax: 21.1662 train_imin: -1.1463 time: 5.6960s
INFO:root:Epoch: 1385 lr: 0.01 train_loss: 34388.1875 train_distortion: 0.1835 train_mapscore: 0.8447 train_c: -0.9884 train_max_dist: 27.5477 train_imax: 21.2682 train_imin: -1.1496 time: 5.6927s
INFO:root:Epoch: 1390 lr: 0.01 train_loss: 34207.9609 train_distortion: 0.1834 train_mapscore: 0.8479 train_c: -0.9884 train_max_dist: 27.5740 train_imax: 21.3169 train_imin: -1.1548 time: 5.6941s
INFO:root:Epoch: 1395 lr: 0.01 train_loss: 34083.0273 train_distortion: 0.1836 train_mapscore: 0.8493 train_c: -0.9885 train_max_dist: 27.3417 train_imax: 20.7073 train_imin: -1.1643 time: 5.6927s
INFO:root:Epoch: 1400 lr: 0.01 train_loss: 34185.6406 train_distortion: 0.1840 train_mapscore: 0.8474 train_c: -0.9885 train_max_dist: 27.2443 train_imax: 20.3460 train_imin: -1.1675 time: 3.7181s
INFO:root:Epoch: 1405 lr: 0.01 train_loss: 34329.6719 train_distortion: 0.1838 train_mapscore: 0.8456 train_c: -0.9885 train_max_dist: 27.3676 train_imax: 20.4688 train_imin: -1.1649 time: 3.7245s
INFO:root:Epoch: 1410 lr: 0.01 train_loss: 34304.2773 train_distortion: 0.1834 train_mapscore: 0.8454 train_c: -0.9884 train_max_dist: 27.5897 train_imax: 20.8048 train_imin: -1.1592 time: 3.7233s
INFO:root:Epoch: 1415 lr: 0.01 train_loss: 34197.5859 train_distortion: 0.1831 train_mapscore: 0.8467 train_c: -0.9884 train_max_dist: 27.8113 train_imax: 21.1575 train_imin: -1.1514 time: 3.7491s
INFO:root:Epoch: 1420 lr: 0.01 train_loss: 34209.8984 train_distortion: 0.1831 train_mapscore: 0.8451 train_c: -0.9884 train_max_dist: 27.7349 train_imax: 21.0251 train_imin: -1.1132 time: 3.7524s
INFO:root:Epoch: 1425 lr: 0.01 train_loss: 34280.9453 train_distortion: 0.1831 train_mapscore: 0.8435 train_c: -0.9884 train_max_dist: 27.6917 train_imax: 20.9423 train_imin: -1.0826 time: 3.7172s
INFO:root:Epoch: 1430 lr: 0.01 train_loss: 34198.5078 train_distortion: 0.1831 train_mapscore: 0.8449 train_c: -0.9884 train_max_dist: 27.7283 train_imax: 20.9871 train_imin: -1.0715 time: 3.7223s
INFO:root:Epoch: 1435 lr: 0.01 train_loss: 34011.0234 train_distortion: 0.1828 train_mapscore: 0.8467 train_c: -0.9884 train_max_dist: 27.8262 train_imax: 21.1235 train_imin: -1.0740 time: 3.7151s
INFO:root:Epoch: 1440 lr: 0.01 train_loss: 33769.7070 train_distortion: 0.1826 train_mapscore: 0.8504 train_c: -0.9883 train_max_dist: 27.9167 train_imax: 21.2037 train_imin: -1.0852 time: 3.7082s
INFO:root:Epoch: 1445 lr: 0.01 train_loss: 33566.2266 train_distortion: 0.1826 train_mapscore: 0.8535 train_c: -0.9883 train_max_dist: 27.8808 train_imax: 20.9707 train_imin: -1.0969 time: 3.7403s
INFO:root:Epoch: 1450 lr: 0.01 train_loss: 33411.0312 train_distortion: 0.1831 train_mapscore: 0.8567 train_c: -0.9884 train_max_dist: 27.6082 train_imax: 20.3082 train_imin: -1.1082 time: 3.7142s
INFO:root:Epoch: 1455 lr: 0.01 train_loss: 33348.9453 train_distortion: 0.1830 train_mapscore: 0.8568 train_c: -0.9884 train_max_dist: 27.6724 train_imax: 20.3364 train_imin: -1.1144 time: 3.7433s
INFO:root:Epoch: 1460 lr: 0.01 train_loss: 33273.2773 train_distortion: 0.1824 train_mapscore: 0.8580 train_c: -0.9884 train_max_dist: 27.9529 train_imax: 20.8122 train_imin: -1.1152 time: 3.7360s
INFO:root:Epoch: 1465 lr: 0.01 train_loss: 33242.5352 train_distortion: 0.1823 train_mapscore: 0.8576 train_c: -0.9884 train_max_dist: 28.0989 train_imax: 20.9740 train_imin: -1.1265 time: 3.7310s
INFO:root:Epoch: 1470 lr: 0.01 train_loss: 33604.3398 train_distortion: 0.1830 train_mapscore: 0.8529 train_c: -0.9885 train_max_dist: 27.8157 train_imax: 20.3353 train_imin: -1.1475 time: 3.7278s
INFO:root:Epoch: 1475 lr: 0.01 train_loss: 40451.0703 train_distortion: 0.1877 train_mapscore: 0.7427 train_c: -0.9887 train_max_dist: 28.0241 train_imax: 21.0365 train_imin: -1.2007 time: 3.7309s
INFO:root:Epoch: 1480 lr: 0.01 train_loss: 46267.4141 train_distortion: 0.1949 train_mapscore: 0.6444 train_c: -0.9888 train_max_dist: 27.4706 train_imax: 20.2351 train_imin: -1.0979 time: 3.7520s
INFO:root:Epoch: 1485 lr: 0.01 train_loss: 48748.1172 train_distortion: 0.2060 train_mapscore: 0.6061 train_c: -0.9891 train_max_dist: 26.2102 train_imax: 17.9271 train_imin: -1.1035 time: 3.7701s
INFO:root:Epoch: 1490 lr: 0.01 train_loss: 49573.8047 train_distortion: 0.2259 train_mapscore: 0.5987 train_c: -0.9894 train_max_dist: 24.6375 train_imax: 15.3336 train_imin: -1.1839 time: 3.7807s
INFO:root:Epoch: 1495 lr: 0.01 train_loss: 50314.1211 train_distortion: 0.2439 train_mapscore: 0.5963 train_c: -0.9897 train_max_dist: 23.4961 train_imax: 13.8701 train_imin: -1.1893 time: 3.7772s
INFO:root:Epoch: 1500 lr: 0.01 train_loss: 50028.2852 train_distortion: 0.2454 train_mapscore: 0.5997 train_c: -0.9899 train_max_dist: 23.3230 train_imax: 13.7160 train_imin: -1.1155 time: 3.8141s
INFO:root:Epoch: 1505 lr: 0.01 train_loss: 49240.0977 train_distortion: 0.2323 train_mapscore: 0.6025 train_c: -0.9898 train_max_dist: 24.0807 train_imax: 14.6082 train_imin: -1.1139 time: 3.8022s
INFO:root:Epoch: 1510 lr: 0.01 train_loss: 48554.7305 train_distortion: 0.2196 train_mapscore: 0.6070 train_c: -0.9897 train_max_dist: 24.9477 train_imax: 15.6554 train_imin: -1.1168 time: 3.7686s
INFO:root:Epoch: 1515 lr: 0.01 train_loss: 48039.7266 train_distortion: 0.2111 train_mapscore: 0.6105 train_c: -0.9896 train_max_dist: 25.6351 train_imax: 16.4997 train_imin: -1.1085 time: 3.7554s
INFO:root:Epoch: 1520 lr: 0.01 train_loss: 47111.4922 train_distortion: 0.2087 train_mapscore: 0.6208 train_c: -0.9896 train_max_dist: 25.8198 train_imax: 16.6888 train_imin: -1.0976 time: 3.7523s
INFO:root:Epoch: 1525 lr: 0.01 train_loss: 46283.8828 train_distortion: 0.2120 train_mapscore: 0.6333 train_c: -0.9896 train_max_dist: 25.4881 train_imax: 16.2349 train_imin: -1.0786 time: 3.7511s
INFO:root:Epoch: 1530 lr: 0.01 train_loss: 46255.3828 train_distortion: 0.2061 train_mapscore: 0.6330 train_c: -0.9895 train_max_dist: 25.7611 train_imax: 17.0303 train_imin: -1.0756 time: 3.7435s
INFO:root:Epoch: 1535 lr: 0.01 train_loss: 46213.1211 train_distortion: 0.2028 train_mapscore: 0.6345 train_c: -0.9893 train_max_dist: 26.0576 train_imax: 17.5449 train_imin: -1.0551 time: 3.7565s
INFO:root:Epoch: 1540 lr: 0.01 train_loss: 45576.4609 train_distortion: 0.2024 train_mapscore: 0.6430 train_c: -0.9892 train_max_dist: 26.0892 train_imax: 17.5848 train_imin: -1.0432 time: 3.7795s
INFO:root:Epoch: 1545 lr: 0.01 train_loss: 44897.2266 train_distortion: 0.2036 train_mapscore: 0.6544 train_c: -0.9892 train_max_dist: 25.9732 train_imax: 17.2978 train_imin: -1.0582 time: 3.7688s
INFO:root:Epoch: 1550 lr: 0.01 train_loss: 44242.6680 train_distortion: 0.2034 train_mapscore: 0.6655 train_c: -0.9891 train_max_dist: 25.9713 train_imax: 17.2628 train_imin: -1.0619 time: 3.7542s
INFO:root:Epoch: 1555 lr: 0.01 train_loss: 43616.9570 train_distortion: 0.2017 train_mapscore: 0.6760 train_c: -0.9890 train_max_dist: 26.0998 train_imax: 17.4854 train_imin: -1.0571 time: 3.7260s
INFO:root:Epoch: 1560 lr: 0.01 train_loss: 43028.7109 train_distortion: 0.2000 train_mapscore: 0.6865 train_c: -0.9889 train_max_dist: 26.2535 train_imax: 17.7275 train_imin: -1.0423 time: 3.7279s
INFO:root:Epoch: 1565 lr: 0.01 train_loss: 42507.2461 train_distortion: 0.1978 train_mapscore: 0.6950 train_c: -0.9888 train_max_dist: 26.4719 train_imax: 18.1029 train_imin: -1.0298 time: 3.7162s
INFO:root:Epoch: 1570 lr: 0.01 train_loss: 42091.5547 train_distortion: 0.1956 train_mapscore: 0.7030 train_c: -0.9887 train_max_dist: 26.7161 train_imax: 18.5402 train_imin: -1.0289 time: 3.7195s
INFO:root:Epoch: 1575 lr: 0.01 train_loss: 41631.7969 train_distortion: 0.1981 train_mapscore: 0.7146 train_c: -0.9887 train_max_dist: 26.4972 train_imax: 17.9369 train_imin: -1.0365 time: 3.7093s
INFO:root:Epoch: 1580 lr: 0.01 train_loss: 41939.2461 train_distortion: 0.2008 train_mapscore: 0.7119 train_c: -0.9888 train_max_dist: 26.3146 train_imax: 17.4340 train_imin: -1.0549 time: 3.7312s
INFO:root:Epoch: 1585 lr: 0.01 train_loss: 42094.1797 train_distortion: 0.1996 train_mapscore: 0.7077 train_c: -0.9887 train_max_dist: 26.4654 train_imax: 17.6344 train_imin: -1.0680 time: 3.7447s
INFO:root:Epoch: 1590 lr: 0.01 train_loss: 42126.9688 train_distortion: 0.1969 train_mapscore: 0.7072 train_c: -0.9886 train_max_dist: 26.7582 train_imax: 18.1322 train_imin: -1.0689 time: 3.7535s
INFO:root:Epoch: 1595 lr: 0.01 train_loss: 41914.2969 train_distortion: 0.1952 train_mapscore: 0.7102 train_c: -0.9885 train_max_dist: 26.9590 train_imax: 18.4822 train_imin: -1.0648 time: 3.7211s
INFO:root:Epoch: 1600 lr: 0.01 train_loss: 41546.5703 train_distortion: 0.1938 train_mapscore: 0.7170 train_c: -0.9885 train_max_dist: 27.1407 train_imax: 18.7505 train_imin: -1.0588 time: 3.7228s
INFO:root:Epoch: 1605 lr: 0.01 train_loss: 41096.0781 train_distortion: 0.1930 train_mapscore: 0.7267 train_c: -0.9884 train_max_dist: 27.2807 train_imax: 18.9180 train_imin: -1.0525 time: 3.7143s
INFO:root:Epoch: 1610 lr: 0.01 train_loss: 40469.2305 train_distortion: 0.1936 train_mapscore: 0.7364 train_c: -0.9883 train_max_dist: 27.1691 train_imax: 18.6498 train_imin: -1.0994 time: 3.7271s
INFO:root:Epoch: 1615 lr: 0.01 train_loss: 40010.7734 train_distortion: 0.1940 train_mapscore: 0.7456 train_c: -0.9883 train_max_dist: 27.2165 train_imax: 18.4988 train_imin: -1.1970 time: 3.7195s
INFO:root:Epoch: 1620 lr: 0.01 train_loss: 39654.0781 train_distortion: 0.1930 train_mapscore: 0.7528 train_c: -0.9882 train_max_dist: 27.3946 train_imax: 18.6942 train_imin: -1.0344 time: 3.7162s
INFO:root:Epoch: 1625 lr: 0.01 train_loss: 39416.9297 train_distortion: 0.1954 train_mapscore: 0.7600 train_c: -0.9883 train_max_dist: 27.1100 train_imax: 18.0992 train_imin: -1.0238 time: 3.7495s
INFO:root:Epoch: 1630 lr: 0.01 train_loss: 39454.7930 train_distortion: 0.1972 train_mapscore: 0.7618 train_c: -0.9884 train_max_dist: 26.9097 train_imax: 17.6541 train_imin: -1.0383 time: 3.7522s
INFO:root:Epoch: 1635 lr: 0.01 train_loss: 39496.3438 train_distortion: 0.1949 train_mapscore: 0.7602 train_c: -0.9884 train_max_dist: 27.1848 train_imax: 18.0770 train_imin: -1.0495 time: 3.7200s
INFO:root:Epoch: 1640 lr: 0.01 train_loss: 39698.0547 train_distortion: 0.1955 train_mapscore: 0.7555 train_c: -0.9885 train_max_dist: 27.0876 train_imax: 17.8009 train_imin: -1.0770 time: 3.7111s
INFO:root:Epoch: 1645 lr: 0.01 train_loss: 40327.3672 train_distortion: 0.1981 train_mapscore: 0.7466 train_c: -0.9887 train_max_dist: 26.7983 train_imax: 17.2050 train_imin: -1.1018 time: 3.7193s
INFO:root:Epoch: 1650 lr: 0.01 train_loss: 40757.2969 train_distortion: 0.1978 train_mapscore: 0.7385 train_c: -0.9888 train_max_dist: 26.8525 train_imax: 17.2117 train_imin: -1.1079 time: 3.7273s
INFO:root:Epoch: 1655 lr: 0.01 train_loss: 40835.3047 train_distortion: 0.1982 train_mapscore: 0.7362 train_c: -0.9888 train_max_dist: 26.8718 train_imax: 17.1015 train_imin: -1.1081 time: 3.7299s
INFO:root:Epoch: 1660 lr: 0.01 train_loss: 40835.9961 train_distortion: 0.1960 train_mapscore: 0.7347 train_c: -0.9888 train_max_dist: 27.1865 train_imax: 17.4536 train_imin: -1.1034 time: 3.7168s
INFO:root:Epoch: 1665 lr: 0.01 train_loss: 40647.4922 train_distortion: 0.1951 train_mapscore: 0.7379 train_c: -0.9888 train_max_dist: 27.3410 train_imax: 17.5883 train_imin: -1.1003 time: 3.7207s
INFO:root:Epoch: 1670 lr: 0.01 train_loss: 40405.9531 train_distortion: 0.1935 train_mapscore: 0.7417 train_c: -0.9888 train_max_dist: 27.5553 train_imax: 17.9004 train_imin: -1.0960 time: 3.7571s
INFO:root:Epoch: 1675 lr: 0.01 train_loss: 40108.3125 train_distortion: 0.1917 train_mapscore: 0.7462 train_c: -0.9887 train_max_dist: 27.7996 train_imax: 18.2891 train_imin: -1.0886 time: 3.7630s
INFO:root:Epoch: 1680 lr: 0.01 train_loss: 39702.0547 train_distortion: 0.1905 train_mapscore: 0.7534 train_c: -0.9886 train_max_dist: 27.9867 train_imax: 18.5849 train_imin: -1.0816 time: 3.7272s
INFO:root:Epoch: 1685 lr: 0.01 train_loss: 39235.6016 train_distortion: 0.1897 train_mapscore: 0.7621 train_c: -0.9885 train_max_dist: 28.1138 train_imax: 18.7973 train_imin: -1.0747 time: 3.7333s
INFO:root:Epoch: 1690 lr: 0.01 train_loss: 38761.5898 train_distortion: 0.1890 train_mapscore: 0.7707 train_c: -0.9884 train_max_dist: 28.2164 train_imax: 18.9648 train_imin: -1.0674 time: 3.7176s
INFO:root:Epoch: 1695 lr: 0.01 train_loss: 38325.3203 train_distortion: 0.1885 train_mapscore: 0.7799 train_c: -0.9884 train_max_dist: 28.3090 train_imax: 19.1220 train_imin: -1.0611 time: 3.7063s
INFO:root:Epoch: 1700 lr: 0.01 train_loss: 37887.8984 train_distortion: 0.1880 train_mapscore: 0.7864 train_c: -0.9883 train_max_dist: 28.3743 train_imax: 19.2315 train_imin: -1.0501 time: 3.7287s
INFO:root:Epoch: 1705 lr: 0.01 train_loss: 37516.1016 train_distortion: 0.1876 train_mapscore: 0.7923 train_c: -0.9882 train_max_dist: 28.4240 train_imax: 19.3050 train_imin: -1.0252 time: 3.7200s
INFO:root:Epoch: 1710 lr: 0.01 train_loss: 37253.9375 train_distortion: 0.1871 train_mapscore: 0.7976 train_c: -0.9881 train_max_dist: 28.4820 train_imax: 19.3577 train_imin: -1.0443 time: 3.7484s
INFO:root:Epoch: 1715 lr: 0.01 train_loss: 37641.3164 train_distortion: 0.1885 train_mapscore: 0.7952 train_c: -0.9882 train_max_dist: 28.0100 train_imax: 18.6168 train_imin: -1.2171 time: 3.7471s
INFO:root:Epoch: 1720 lr: 0.01 train_loss: 38202.2734 train_distortion: 0.1896 train_mapscore: 0.7866 train_c: -0.9882 train_max_dist: 27.6809 train_imax: 18.1092 train_imin: -1.2579 time: 3.7138s
INFO:root:Epoch: 1725 lr: 0.01 train_loss: 38550.5547 train_distortion: 0.1907 train_mapscore: 0.7801 train_c: -0.9883 train_max_dist: 27.4401 train_imax: 17.7728 train_imin: -1.2534 time: 3.7133s
INFO:root:Epoch: 1730 lr: 0.01 train_loss: 38643.4570 train_distortion: 0.1904 train_mapscore: 0.7789 train_c: -0.9883 train_max_dist: 27.4445 train_imax: 17.9363 train_imin: -1.2230 time: 3.7193s
INFO:root:Epoch: 1735 lr: 0.01 train_loss: 38480.1328 train_distortion: 0.1904 train_mapscore: 0.7817 train_c: -0.9883 train_max_dist: 27.4330 train_imax: 17.9368 train_imin: -1.1857 time: 3.7155s
INFO:root:Epoch: 1740 lr: 0.01 train_loss: 38241.5352 train_distortion: 0.1892 train_mapscore: 0.7854 train_c: -0.9882 train_max_dist: 27.6357 train_imax: 18.2964 train_imin: -1.1357 time: 3.7135s
INFO:root:Epoch: 1745 lr: 0.01 train_loss: 37997.4805 train_distortion: 0.1879 train_mapscore: 0.7888 train_c: -0.9881 train_max_dist: 27.9105 train_imax: 18.7820 train_imin: -1.1025 time: 3.7259s
INFO:root:Epoch: 1750 lr: 0.01 train_loss: 37670.2305 train_distortion: 0.1869 train_mapscore: 0.7946 train_c: -0.9880 train_max_dist: 28.1474 train_imax: 19.1809 train_imin: -1.0955 time: 3.7163s
INFO:root:Epoch: 1755 lr: 0.01 train_loss: 37277.2188 train_distortion: 0.1864 train_mapscore: 0.8009 train_c: -0.9880 train_max_dist: 28.3003 train_imax: 19.3983 train_imin: -1.0870 time: 3.7756s
INFO:root:Epoch: 1760 lr: 0.01 train_loss: 36896.6211 train_distortion: 0.1861 train_mapscore: 0.8056 train_c: -0.9879 train_max_dist: 28.3747 train_imax: 19.4638 train_imin: -1.0717 time: 3.7184s
INFO:root:Epoch: 1765 lr: 0.01 train_loss: 36831.5742 train_distortion: 0.1881 train_mapscore: 0.8067 train_c: -0.9880 train_max_dist: 27.8238 train_imax: 18.2103 train_imin: -1.0754 time: 3.7035s
INFO:root:Epoch: 1770 lr: 0.01 train_loss: 37754.8594 train_distortion: 0.1916 train_mapscore: 0.7936 train_c: -0.9881 train_max_dist: 27.2393 train_imax: 17.4909 train_imin: -1.0410 time: 3.7206s
INFO:root:Epoch: 1775 lr: 0.01 train_loss: 38463.0664 train_distortion: 0.1920 train_mapscore: 0.7808 train_c: -0.9881 train_max_dist: 27.1573 train_imax: 17.5243 train_imin: -1.0472 time: 3.7183s
INFO:root:Epoch: 1780 lr: 0.01 train_loss: 38745.1016 train_distortion: 0.1916 train_mapscore: 0.7737 train_c: -0.9882 train_max_dist: 27.2260 train_imax: 17.6458 train_imin: -1.0562 time: 3.7046s
INFO:root:Epoch: 1785 lr: 0.01 train_loss: 38762.0898 train_distortion: 0.1903 train_mapscore: 0.7731 train_c: -0.9881 train_max_dist: 27.4317 train_imax: 17.9204 train_imin: -1.0606 time: 3.7054s
INFO:root:Epoch: 1790 lr: 0.01 train_loss: 38602.3594 train_distortion: 0.1887 train_mapscore: 0.7756 train_c: -0.9881 train_max_dist: 27.7285 train_imax: 18.3038 train_imin: -1.0537 time: 3.7225s
INFO:root:Epoch: 1795 lr: 0.01 train_loss: 38274.0391 train_distortion: 0.1875 train_mapscore: 0.7815 train_c: -0.9880 train_max_dist: 27.9957 train_imax: 18.6347 train_imin: -1.0394 time: 3.7433s
INFO:root:Epoch: 1800 lr: 0.01 train_loss: 37854.4453 train_distortion: 0.1867 train_mapscore: 0.7888 train_c: -0.9879 train_max_dist: 28.1897 train_imax: 18.8544 train_imin: -1.0248 time: 3.7472s
INFO:root:Epoch: 1805 lr: 0.01 train_loss: 37356.5195 train_distortion: 0.1864 train_mapscore: 0.7969 train_c: -0.9878 train_max_dist: 28.2633 train_imax: 18.8689 train_imin: -1.0244 time: 3.7171s
INFO:root:Epoch: 1810 lr: 0.01 train_loss: 36890.4219 train_distortion: 0.1862 train_mapscore: 0.8036 train_c: -0.9878 train_max_dist: 28.3220 train_imax: 18.8653 train_imin: -1.0522 time: 3.7274s
INFO:root:Epoch: 1815 lr: 0.01 train_loss: 36506.2305 train_distortion: 0.1858 train_mapscore: 0.8096 train_c: -0.9877 train_max_dist: 28.4464 train_imax: 18.9897 train_imin: -1.0407 time: 3.7159s
INFO:root:Epoch: 1820 lr: 0.01 train_loss: 36270.4844 train_distortion: 0.1857 train_mapscore: 0.8132 train_c: -0.9877 train_max_dist: 28.4495 train_imax: 18.9025 train_imin: -1.0079 time: 3.7079s
INFO:root:Epoch: 1825 lr: 0.01 train_loss: 36100.5742 train_distortion: 0.1860 train_mapscore: 0.8142 train_c: -0.9876 train_max_dist: 28.3594 train_imax: 18.7392 train_imin: -1.0140 time: 3.7514s
INFO:root:Epoch: 1830 lr: 0.01 train_loss: 35987.2188 train_distortion: 0.1859 train_mapscore: 0.8172 train_c: -0.9876 train_max_dist: 28.3918 train_imax: 18.7943 train_imin: -1.0082 time: 3.7135s
INFO:root:Epoch: 1835 lr: 0.01 train_loss: 35860.9141 train_distortion: 0.1853 train_mapscore: 0.8191 train_c: -0.9876 train_max_dist: 28.5173 train_imax: 19.0107 train_imin: -1.0000 time: 3.7571s
INFO:root:Epoch: 1840 lr: 0.01 train_loss: 35709.2930 train_distortion: 0.1847 train_mapscore: 0.8209 train_c: -0.9875 train_max_dist: 28.7222 train_imax: 19.3538 train_imin: -0.9893 time: 3.7449s
INFO:root:Epoch: 1845 lr: 0.01 train_loss: 35465.9922 train_distortion: 0.1842 train_mapscore: 0.8239 train_c: -0.9874 train_max_dist: 28.8967 train_imax: 19.6443 train_imin: -0.9966 time: 3.7217s
INFO:root:Epoch: 1850 lr: 0.01 train_loss: 35243.7969 train_distortion: 0.1843 train_mapscore: 0.8282 train_c: -0.9874 train_max_dist: 28.8137 train_imax: 19.4753 train_imin: -1.0177 time: 3.7033s
INFO:root:Epoch: 1855 lr: 0.01 train_loss: 35120.7734 train_distortion: 0.1842 train_mapscore: 0.8305 train_c: -0.9874 train_max_dist: 28.8559 train_imax: 19.5301 train_imin: -1.0255 time: 3.7261s
INFO:root:Epoch: 1860 lr: 0.01 train_loss: 34939.8125 train_distortion: 0.1839 train_mapscore: 0.8332 train_c: -0.9873 train_max_dist: 28.9803 train_imax: 19.6828 train_imin: -1.0296 time: 3.7127s
INFO:root:Epoch: 1865 lr: 0.01 train_loss: 34742.0781 train_distortion: 0.1844 train_mapscore: 0.8368 train_c: -0.9874 train_max_dist: 28.7250 train_imax: 19.2303 train_imin: -1.0203 time: 3.7041s
INFO:root:Epoch: 1870 lr: 0.01 train_loss: 34596.2969 train_distortion: 0.1846 train_mapscore: 0.8397 train_c: -0.9874 train_max_dist: 28.6371 train_imax: 19.0590 train_imin: -1.0435 time: 3.7050s
INFO:root:Epoch: 1875 lr: 0.01 train_loss: 34600.1250 train_distortion: 0.1839 train_mapscore: 0.8393 train_c: -0.9874 train_max_dist: 28.8260 train_imax: 19.4638 train_imin: -1.0505 time: 3.7060s
INFO:root:Epoch: 1880 lr: 0.01 train_loss: 34753.7188 train_distortion: 0.1834 train_mapscore: 0.8382 train_c: -0.9873 train_max_dist: 29.0403 train_imax: 19.9555 train_imin: -1.0462 time: 3.7499s
INFO:root:Epoch: 1885 lr: 0.01 train_loss: 34753.7969 train_distortion: 0.1832 train_mapscore: 0.8387 train_c: -0.9873 train_max_dist: 29.1831 train_imax: 20.2810 train_imin: -1.0239 time: 3.7484s
INFO:root:Epoch: 1890 lr: 0.01 train_loss: 35480.2344 train_distortion: 0.1836 train_mapscore: 0.8297 train_c: -0.9872 train_max_dist: 29.7405 train_imax: 21.0170 train_imin: -0.9968 time: 3.7076s
INFO:root:Epoch: 1895 lr: 0.01 train_loss: 36528.6914 train_distortion: 0.1852 train_mapscore: 0.8134 train_c: -0.9875 train_max_dist: 28.6913 train_imax: 18.9787 train_imin: -1.1312 time: 3.7229s
INFO:root:Epoch: 1900 lr: 0.01 train_loss: 38920.0234 train_distortion: 0.1924 train_mapscore: 0.7739 train_c: -0.9879 train_max_dist: 27.4695 train_imax: 17.0487 train_imin: -1.2224 time: 3.7201s
INFO:root:Epoch: 1905 lr: 0.01 train_loss: 40606.8906 train_distortion: 0.1989 train_mapscore: 0.7498 train_c: -0.9882 train_max_dist: 26.7540 train_imax: 16.0200 train_imin: -1.2077 time: 3.7350s
INFO:root:Epoch: 1910 lr: 0.01 train_loss: 41507.2109 train_distortion: 0.2029 train_mapscore: 0.7364 train_c: -0.9884 train_max_dist: 26.3174 train_imax: 15.5205 train_imin: -1.1561 time: 3.7411s
INFO:root:Epoch: 1915 lr: 0.01 train_loss: 41834.2656 train_distortion: 0.2030 train_mapscore: 0.7278 train_c: -0.9885 train_max_dist: 26.3291 train_imax: 15.4610 train_imin: -1.1098 time: 3.7301s
INFO:root:Epoch: 1920 lr: 0.01 train_loss: 41712.6406 train_distortion: 0.1999 train_mapscore: 0.7260 train_c: -0.9886 train_max_dist: 26.6024 train_imax: 15.7684 train_imin: -1.0714 time: 3.7722s
INFO:root:Epoch: 1925 lr: 0.01 train_loss: 41694.1172 train_distortion: 0.1958 train_mapscore: 0.7254 train_c: -0.9886 train_max_dist: 27.0480 train_imax: 16.2995 train_imin: -1.0819 time: 3.7457s
INFO:root:Epoch: 1930 lr: 0.01 train_loss: 41680.5820 train_distortion: 0.1936 train_mapscore: 0.7249 train_c: -0.9885 train_max_dist: 27.3225 train_imax: 16.6618 train_imin: -1.0848 time: 3.7195s
INFO:root:Epoch: 1935 lr: 0.01 train_loss: 41338.9297 train_distortion: 0.1938 train_mapscore: 0.7318 train_c: -0.9885 train_max_dist: 27.2863 train_imax: 16.5940 train_imin: -1.0708 time: 3.7343s
INFO:root:Epoch: 1940 lr: 0.01 train_loss: 40839.1250 train_distortion: 0.1943 train_mapscore: 0.7402 train_c: -0.9884 train_max_dist: 27.2186 train_imax: 16.4916 train_imin: -1.0838 time: 3.7183s
INFO:root:Epoch: 1945 lr: 0.01 train_loss: 40485.1562 train_distortion: 0.1959 train_mapscore: 0.7479 train_c: -0.9885 train_max_dist: 27.0678 train_imax: 16.2671 train_imin: -1.1372 time: 3.7333s
INFO:root:Epoch: 1950 lr: 0.01 train_loss: 41301.9922 train_distortion: 0.2096 train_mapscore: 0.7455 train_c: -0.9888 train_max_dist: 25.8713 train_imax: 14.5274 train_imin: -1.1421 time: 3.7172s
INFO:root:Epoch: 1955 lr: 0.01 train_loss: 42719.8359 train_distortion: 0.2178 train_mapscore: 0.7256 train_c: -0.9890 train_max_dist: 25.3093 train_imax: 13.8158 train_imin: -1.1311 time: 3.7268s
INFO:root:Epoch: 1960 lr: 0.01 train_loss: 43349.8555 train_distortion: 0.2150 train_mapscore: 0.7099 train_c: -0.9890 train_max_dist: 25.4440 train_imax: 14.1111 train_imin: -1.1154 time: 3.7174s
INFO:root:Epoch: 1965 lr: 0.01 train_loss: 43657.5391 train_distortion: 0.2091 train_mapscore: 0.7005 train_c: -0.9890 train_max_dist: 25.7896 train_imax: 14.7484 train_imin: -1.1060 time: 3.7633s
INFO:root:Epoch: 1970 lr: 0.01 train_loss: 43700.8789 train_distortion: 0.2031 train_mapscore: 0.6958 train_c: -0.9890 train_max_dist: 26.2285 train_imax: 15.4571 train_imin: -1.1007 time: 3.7865s
INFO:root:Epoch: 1975 lr: 0.01 train_loss: 43410.7188 train_distortion: 0.2007 train_mapscore: 0.6983 train_c: -0.9890 train_max_dist: 26.4385 train_imax: 15.7574 train_imin: -1.0944 time: 3.7267s
INFO:root:Epoch: 1980 lr: 0.01 train_loss: 42909.8750 train_distortion: 0.1987 train_mapscore: 0.7062 train_c: -0.9890 train_max_dist: 26.6236 train_imax: 16.0075 train_imin: -1.0922 time: 3.7328s
INFO:root:Epoch: 1985 lr: 0.01 train_loss: 43952.8086 train_distortion: 0.1932 train_mapscore: 0.6853 train_c: -0.9887 train_max_dist: 27.2639 train_imax: 16.9921 train_imin: -1.0733 time: 3.7364s
INFO:root:Epoch: 1990 lr: 0.01 train_loss: 44579.7266 train_distortion: 0.1935 train_mapscore: 0.6725 train_c: -0.9885 train_max_dist: 27.2475 train_imax: 16.9593 train_imin: -1.0637 time: 3.7316s
INFO:root:Epoch: 1995 lr: 0.01 train_loss: 44166.1953 train_distortion: 0.1959 train_mapscore: 0.6764 train_c: -0.9884 train_max_dist: 26.8690 train_imax: 16.3676 train_imin: -1.0598 time: 3.7273s
INFO:root:Epoch: 2000 lr: 0.0025 train_loss: 43518.1250 train_distortion: 0.1991 train_mapscore: 0.6892 train_c: -0.9884 train_max_dist: 26.4241 train_imax: 15.7476 train_imin: -1.0617 time: 3.7317s
INFO:root:Optimization Finished!
INFO:root:Total time elapsed: 8515.2683s
INFO:root:Val set results: val_distortion: 1.0000 val_mapscore: -1.0000 val_c: -1.0000 val_max_dist: 0.0000
INFO:root:Test set results: test_loss: 43384.3047 test_distortion: 0.1996 test_mapscore: 0.6916 test_c: -0.9884 test_max_dist: 26.3667 test_imax: 15.6630 test_imin: -1.0624
INFO:root:Saved model in /workspace/xiongbo/hgcn/logs/md/2021_5_1/32
