INFO:root:Using: cuda:0
INFO:root:Using seed 1234.
INFO:root:MDModel(
  (encoder): HGCN(
    (layers): Sequential(
      (0): HyperbolicGraphConvolution(
        (linear): HypLinear(
          in_features=4942, out_features=10, c=Parameter containing:
          tensor([-1.], requires_grad=True)
        )
        (agg): HypAgg(
          c=Parameter containing:
          tensor([-1.], requires_grad=True)
        )
        (hyp_act): HypAct(
          c_in=Parameter containing:
          tensor([-1.], requires_grad=True), c_out=Parameter containing:
          tensor([-1.], requires_grad=True)
        )
      )
    )
  )
  (decoder): MDDecoder()
)
INFO:root:Total number of parameters: 49432
/workspace/anaconda3/envs/geo/lib/python3.7/site-packages/torch/optim/lr_scheduler.py:370: UserWarning: To get the last learning rate computed by the scheduler, please use `get_last_lr()`.
  "please use `get_last_lr()`.", UserWarning)
INFO:root:Epoch: 0005 lr: 0.001 train_loss: 109360.0391 train_distortion: 0.9182 train_mapscore: 0.0150 train_c: -1.0004 train_max_dist: 1.7744 train_imax: -0.0000 train_imin: -1.6216 time: 5.9425s
INFO:root:Epoch: 0010 lr: 0.001 train_loss: 107796.2812 train_distortion: 0.9077 train_mapscore: 0.0375 train_c: -1.0009 train_max_dist: 1.9241 train_imax: -0.0000 train_imin: -1.7095 time: 5.5309s
INFO:root:Epoch: 0015 lr: 0.001 train_loss: 106343.5000 train_distortion: 0.8980 train_mapscore: 0.0743 train_c: -1.0014 train_max_dist: 2.1335 train_imax: -0.0000 train_imin: -1.7679 time: 4.3610s
INFO:root:Epoch: 0020 lr: 0.001 train_loss: 105035.9375 train_distortion: 0.8894 train_mapscore: 0.1207 train_c: -1.0020 train_max_dist: 2.2572 train_imax: -0.0000 train_imin: -1.8047 time: 5.0931s
INFO:root:Epoch: 0025 lr: 0.001 train_loss: 103868.5156 train_distortion: 0.8818 train_mapscore: 0.1638 train_c: -1.0026 train_max_dist: 2.4163 train_imax: -0.0000 train_imin: -1.8117 time: 5.1014s
INFO:root:Epoch: 0030 lr: 0.001 train_loss: 102818.4375 train_distortion: 0.8750 train_mapscore: 0.2066 train_c: -1.0031 train_max_dist: 2.5718 train_imax: -0.0000 train_imin: -1.8295 time: 4.9208s
INFO:root:Epoch: 0035 lr: 0.001 train_loss: 101864.4219 train_distortion: 0.8688 train_mapscore: 0.2407 train_c: -1.0038 train_max_dist: 2.7318 train_imax: -0.0000 train_imin: -1.8717 time: 4.7457s
INFO:root:Epoch: 0040 lr: 0.001 train_loss: 100986.8672 train_distortion: 0.8630 train_mapscore: 0.2710 train_c: -1.0044 train_max_dist: 2.9157 train_imax: -0.0000 train_imin: -1.9219 time: 4.9466s
INFO:root:Epoch: 0045 lr: 0.001 train_loss: 100168.5156 train_distortion: 0.8575 train_mapscore: 0.2979 train_c: -1.0050 train_max_dist: 3.1422 train_imax: -0.0000 train_imin: -1.9628 time: 4.7502s
INFO:root:Epoch: 0050 lr: 0.001 train_loss: 99396.5469 train_distortion: 0.8522 train_mapscore: 0.3256 train_c: -1.0057 train_max_dist: 3.4039 train_imax: -0.0000 train_imin: -1.9899 time: 4.7837s
INFO:root:Epoch: 0055 lr: 0.001 train_loss: 98661.1484 train_distortion: 0.8471 train_mapscore: 0.3468 train_c: -1.0063 train_max_dist: 3.6362 train_imax: -0.0000 train_imin: -2.0088 time: 3.7585s
INFO:root:Epoch: 0060 lr: 0.001 train_loss: 97954.0938 train_distortion: 0.8420 train_mapscore: 0.3634 train_c: -1.0070 train_max_dist: 3.8297 train_imax: -0.0000 train_imin: -2.0318 time: 4.5024s
INFO:root:Epoch: 0065 lr: 0.001 train_loss: 97271.8281 train_distortion: 0.8370 train_mapscore: 0.3794 train_c: -1.0077 train_max_dist: 3.9914 train_imax: -0.0000 train_imin: -2.0436 time: 4.0843s
INFO:root:Epoch: 0070 lr: 0.001 train_loss: 96612.1250 train_distortion: 0.8320 train_mapscore: 0.3892 train_c: -1.0083 train_max_dist: 4.1204 train_imax: -0.0000 train_imin: -2.0980 time: 4.5717s
INFO:root:Epoch: 0075 lr: 0.001 train_loss: 95970.2109 train_distortion: 0.8270 train_mapscore: 0.3986 train_c: -1.0090 train_max_dist: 4.2761 train_imax: -0.0000 train_imin: -2.1588 time: 4.6435s
INFO:root:Epoch: 0080 lr: 0.001 train_loss: 95344.1172 train_distortion: 0.8220 train_mapscore: 0.4062 train_c: -1.0097 train_max_dist: 4.4492 train_imax: -0.0000 train_imin: -2.2032 time: 4.6148s
INFO:root:Epoch: 0085 lr: 0.001 train_loss: 94730.6797 train_distortion: 0.8170 train_mapscore: 0.4116 train_c: -1.0104 train_max_dist: 4.6356 train_imax: -0.0000 train_imin: -2.2574 time: 4.5268s
INFO:root:Epoch: 0090 lr: 0.001 train_loss: 94129.9922 train_distortion: 0.8121 train_mapscore: 0.4185 train_c: -1.0111 train_max_dist: 4.8073 train_imax: -0.0000 train_imin: -2.3037 time: 4.4813s
INFO:root:Epoch: 0095 lr: 0.001 train_loss: 93535.9844 train_distortion: 0.8072 train_mapscore: 0.4247 train_c: -1.0118 train_max_dist: 4.9781 train_imax: -0.0000 train_imin: -2.3558 time: 4.4079s
INFO:root:Epoch: 0100 lr: 0.001 train_loss: 92946.1719 train_distortion: 0.8023 train_mapscore: 0.4315 train_c: -1.0125 train_max_dist: 5.1413 train_imax: -0.0000 train_imin: -2.4093 time: 4.4849s
INFO:root:Epoch: 0105 lr: 0.001 train_loss: 92359.3906 train_distortion: 0.7974 train_mapscore: 0.4433 train_c: -1.0132 train_max_dist: 5.2888 train_imax: -0.0000 train_imin: -2.4485 time: 4.5635s
INFO:root:Epoch: 0110 lr: 0.001 train_loss: 91774.9531 train_distortion: 0.7925 train_mapscore: 0.4567 train_c: -1.0139 train_max_dist: 5.4419 train_imax: -0.0000 train_imin: -2.4833 time: 4.4784s
INFO:root:Epoch: 0115 lr: 0.001 train_loss: 91189.3281 train_distortion: 0.7876 train_mapscore: 0.4722 train_c: -1.0146 train_max_dist: 5.5871 train_imax: -0.0000 train_imin: -2.4889 time: 4.4246s
INFO:root:Epoch: 0120 lr: 0.001 train_loss: 90602.2031 train_distortion: 0.7827 train_mapscore: 0.4861 train_c: -1.0153 train_max_dist: 5.7122 train_imax: -0.0000 train_imin: -2.5014 time: 4.3991s
INFO:root:Epoch: 0125 lr: 0.001 train_loss: 90011.7344 train_distortion: 0.7778 train_mapscore: 0.5010 train_c: -1.0160 train_max_dist: 5.8368 train_imax: -0.0000 train_imin: -2.5123 time: 4.4246s
INFO:root:Epoch: 0130 lr: 0.001 train_loss: 89417.7891 train_distortion: 0.7728 train_mapscore: 0.5170 train_c: -1.0167 train_max_dist: 5.9842 train_imax: -0.0000 train_imin: -2.5016 time: 4.3679s
INFO:root:Epoch: 0135 lr: 0.001 train_loss: 88816.1250 train_distortion: 0.7678 train_mapscore: 0.5320 train_c: -1.0174 train_max_dist: 6.1168 train_imax: -0.0000 train_imin: -2.4811 time: 4.3208s
INFO:root:Epoch: 0140 lr: 0.001 train_loss: 88207.0938 train_distortion: 0.7626 train_mapscore: 0.5450 train_c: -1.0182 train_max_dist: 6.2717 train_imax: -0.0000 train_imin: -2.4515 time: 4.4782s
INFO:root:Epoch: 0145 lr: 0.001 train_loss: 87590.1719 train_distortion: 0.7574 train_mapscore: 0.5580 train_c: -1.0189 train_max_dist: 6.4161 train_imax: -0.0000 train_imin: -2.4188 time: 4.3168s
INFO:root:Epoch: 0150 lr: 0.001 train_loss: 86961.0156 train_distortion: 0.7520 train_mapscore: 0.5687 train_c: -1.0196 train_max_dist: 6.5908 train_imax: -0.0000 train_imin: -2.3669 time: 4.4153s
INFO:root:Epoch: 0155 lr: 0.001 train_loss: 86319.9375 train_distortion: 0.7465 train_mapscore: 0.5803 train_c: -1.0203 train_max_dist: 6.7630 train_imax: -0.0000 train_imin: -2.3131 time: 4.3483s
INFO:root:Epoch: 0160 lr: 0.001 train_loss: 85662.4531 train_distortion: 0.7409 train_mapscore: 0.5913 train_c: -1.0210 train_max_dist: 6.9557 train_imax: -0.0000 train_imin: -2.3094 time: 4.4294s
INFO:root:Epoch: 0165 lr: 0.001 train_loss: 84986.7969 train_distortion: 0.7350 train_mapscore: 0.6004 train_c: -1.0217 train_max_dist: 7.1334 train_imax: -0.0000 train_imin: -2.3315 time: 4.4199s
INFO:root:Epoch: 0170 lr: 0.001 train_loss: 84292.1250 train_distortion: 0.7289 train_mapscore: 0.6097 train_c: -1.0225 train_max_dist: 7.3325 train_imax: -0.0000 train_imin: -2.3525 time: 4.4797s
INFO:root:Epoch: 0175 lr: 0.001 train_loss: 83575.8125 train_distortion: 0.7226 train_mapscore: 0.6155 train_c: -1.0232 train_max_dist: 7.5174 train_imax: -0.0000 train_imin: -2.3766 time: 4.4237s
INFO:root:Epoch: 0180 lr: 0.001 train_loss: 82836.7031 train_distortion: 0.7160 train_mapscore: 0.6213 train_c: -1.0239 train_max_dist: 7.7069 train_imax: -0.0000 train_imin: -2.4044 time: 4.5306s
INFO:root:Epoch: 0185 lr: 0.001 train_loss: 82073.3750 train_distortion: 0.7092 train_mapscore: 0.6262 train_c: -1.0246 train_max_dist: 7.9080 train_imax: -0.0000 train_imin: -2.4281 time: 4.3506s
INFO:root:Epoch: 0190 lr: 0.001 train_loss: 81284.9062 train_distortion: 0.7021 train_mapscore: 0.6300 train_c: -1.0254 train_max_dist: 8.1020 train_imax: -0.0000 train_imin: -2.4481 time: 4.4121s
INFO:root:Epoch: 0195 lr: 0.001 train_loss: 80470.2812 train_distortion: 0.6947 train_mapscore: 0.6310 train_c: -1.0261 train_max_dist: 8.3200 train_imax: -0.0000 train_imin: -2.4721 time: 4.4676s
INFO:root:Epoch: 0200 lr: 0.001 train_loss: 79629.1875 train_distortion: 0.6870 train_mapscore: 0.6349 train_c: -1.0268 train_max_dist: 8.5222 train_imax: -0.0000 train_imin: -2.4849 time: 4.4090s
INFO:root:Epoch: 0205 lr: 0.001 train_loss: 78760.0078 train_distortion: 0.6790 train_mapscore: 0.6375 train_c: -1.0276 train_max_dist: 8.7385 train_imax: -0.0000 train_imin: -2.5200 time: 4.4297s
INFO:root:Epoch: 0210 lr: 0.001 train_loss: 77861.4219 train_distortion: 0.6707 train_mapscore: 0.6393 train_c: -1.0283 train_max_dist: 8.9599 train_imax: -0.0000 train_imin: -2.5396 time: 4.5069s
INFO:root:Epoch: 0215 lr: 0.001 train_loss: 76935.0938 train_distortion: 0.6621 train_mapscore: 0.6418 train_c: -1.0291 train_max_dist: 9.1792 train_imax: -0.0000 train_imin: -2.5739 time: 4.5160s
INFO:root:Epoch: 0220 lr: 0.001 train_loss: 75978.7891 train_distortion: 0.6532 train_mapscore: 0.6440 train_c: -1.0298 train_max_dist: 9.4038 train_imax: -0.0000 train_imin: -2.6024 time: 4.5152s
INFO:root:Epoch: 0225 lr: 0.001 train_loss: 74991.5625 train_distortion: 0.6439 train_mapscore: 0.6448 train_c: -1.0306 train_max_dist: 9.6481 train_imax: -0.0000 train_imin: -2.6503 time: 4.3747s
INFO:root:Epoch: 0230 lr: 0.001 train_loss: 73975.2969 train_distortion: 0.6344 train_mapscore: 0.6466 train_c: -1.0313 train_max_dist: 9.8788 train_imax: -0.0000 train_imin: -2.6839 time: 4.3863s
INFO:root:Epoch: 0235 lr: 0.001 train_loss: 72929.7109 train_distortion: 0.6245 train_mapscore: 0.6490 train_c: -1.0321 train_max_dist: 10.1222 train_imax: -0.0000 train_imin: -2.7179 time: 4.4781s
INFO:root:Epoch: 0240 lr: 0.001 train_loss: 71854.7500 train_distortion: 0.6143 train_mapscore: 0.6504 train_c: -1.0328 train_max_dist: 10.3897 train_imax: -0.0000 train_imin: -2.7734 time: 4.5201s
INFO:root:Epoch: 0245 lr: 0.001 train_loss: 70751.5703 train_distortion: 0.6039 train_mapscore: 0.6525 train_c: -1.0336 train_max_dist: 10.6360 train_imax: -0.0000 train_imin: -2.8092 time: 4.2924s
INFO:root:Epoch: 0250 lr: 0.001 train_loss: 69620.9219 train_distortion: 0.5931 train_mapscore: 0.6560 train_c: -1.0344 train_max_dist: 10.8861 train_imax: -0.0000 train_imin: -2.8786 time: 4.4314s
INFO:root:Epoch: 0255 lr: 0.001 train_loss: 68464.2578 train_distortion: 0.5820 train_mapscore: 0.6590 train_c: -1.0351 train_max_dist: 11.1593 train_imax: -0.0000 train_imin: -2.9262 time: 4.4134s
INFO:root:Epoch: 0260 lr: 0.001 train_loss: 67282.0469 train_distortion: 0.5707 train_mapscore: 0.6611 train_c: -1.0359 train_max_dist: 11.4382 train_imax: -0.0000 train_imin: -2.9909 time: 4.3877s
INFO:root:Epoch: 0265 lr: 0.001 train_loss: 66074.9688 train_distortion: 0.5592 train_mapscore: 0.6646 train_c: -1.0367 train_max_dist: 11.7121 train_imax: -0.0000 train_imin: -3.0553 time: 4.3447s
INFO:root:Epoch: 0270 lr: 0.001 train_loss: 64847.2070 train_distortion: 0.5474 train_mapscore: 0.6691 train_c: -1.0374 train_max_dist: 11.9867 train_imax: -0.0000 train_imin: -3.1360 time: 4.2685s
INFO:root:Epoch: 0275 lr: 0.001 train_loss: 63595.6406 train_distortion: 0.5354 train_mapscore: 0.6720 train_c: -1.0382 train_max_dist: 12.2869 train_imax: -0.0000 train_imin: -3.1866 time: 4.4565s
INFO:root:Epoch: 0280 lr: 0.001 train_loss: 62325.5469 train_distortion: 0.5232 train_mapscore: 0.6761 train_c: -1.0390 train_max_dist: 12.5787 train_imax: -0.0000 train_imin: -3.2689 time: 4.4285s
INFO:root:Epoch: 0285 lr: 0.001 train_loss: 61035.8867 train_distortion: 0.5108 train_mapscore: 0.6818 train_c: -1.0398 train_max_dist: 12.8778 train_imax: -0.0000 train_imin: -3.3146 time: 4.2765s
INFO:root:Epoch: 0290 lr: 0.001 train_loss: 59729.7305 train_distortion: 0.4983 train_mapscore: 0.6874 train_c: -1.0405 train_max_dist: 13.1997 train_imax: -0.0000 train_imin: -3.4246 time: 4.4187s
INFO:root:Epoch: 0295 lr: 0.001 train_loss: 58407.7109 train_distortion: 0.4856 train_mapscore: 0.6913 train_c: -1.0413 train_max_dist: 13.5251 train_imax: -0.0000 train_imin: -3.4712 time: 4.2782s
INFO:root:Epoch: 0300 lr: 0.001 train_loss: 57073.2266 train_distortion: 0.4729 train_mapscore: 0.6990 train_c: -1.0421 train_max_dist: 13.8573 train_imax: -0.0000 train_imin: -3.5400 time: 4.2618s
INFO:root:Epoch: 0305 lr: 0.001 train_loss: 55724.5898 train_distortion: 0.4601 train_mapscore: 0.7052 train_c: -1.0429 train_max_dist: 14.1989 train_imax: -0.0000 train_imin: -3.6035 time: 4.2788s
INFO:root:Epoch: 0310 lr: 0.001 train_loss: 54368.9180 train_distortion: 0.4472 train_mapscore: 0.7114 train_c: -1.0436 train_max_dist: 14.5331 train_imax: -0.0000 train_imin: -3.6723 time: 4.2817s
INFO:root:Epoch: 0315 lr: 0.001 train_loss: 53005.5547 train_distortion: 0.4343 train_mapscore: 0.7187 train_c: -1.0444 train_max_dist: 14.8683 train_imax: -0.0000 train_imin: -3.7557 time: 4.4338s
INFO:root:Epoch: 0320 lr: 0.001 train_loss: 51637.5781 train_distortion: 0.4215 train_mapscore: 0.7243 train_c: -1.0452 train_max_dist: 15.2154 train_imax: -0.0000 train_imin: -3.8427 time: 4.2853s
INFO:root:Epoch: 0325 lr: 0.001 train_loss: 50268.0625 train_distortion: 0.4087 train_mapscore: 0.7322 train_c: -1.0459 train_max_dist: 15.5911 train_imax: -0.0000 train_imin: -3.8953 time: 4.4058s
INFO:root:Epoch: 0330 lr: 0.001 train_loss: 48900.9922 train_distortion: 0.3959 train_mapscore: 0.7393 train_c: -1.0467 train_max_dist: 15.9068 train_imax: -0.0000 train_imin: -3.9722 time: 4.4403s
INFO:root:Epoch: 0335 lr: 0.001 train_loss: 47538.6875 train_distortion: 0.3833 train_mapscore: 0.7471 train_c: -1.0475 train_max_dist: 16.2746 train_imax: -0.0000 train_imin: -4.0368 time: 4.4369s
INFO:root:Epoch: 0340 lr: 0.001 train_loss: 46183.1172 train_distortion: 0.3708 train_mapscore: 0.7537 train_c: -1.0482 train_max_dist: 16.5817 train_imax: -0.0000 train_imin: -4.1149 time: 4.4396s
INFO:root:Epoch: 0345 lr: 0.001 train_loss: 44841.2500 train_distortion: 0.3585 train_mapscore: 0.7610 train_c: -1.0490 train_max_dist: 16.9932 train_imax: -0.0000 train_imin: -4.2411 time: 4.4294s
INFO:root:Epoch: 0350 lr: 0.001 train_loss: 43513.5039 train_distortion: 0.3464 train_mapscore: 0.7681 train_c: -1.0497 train_max_dist: 17.3237 train_imax: -0.0000 train_imin: -4.3061 time: 4.4541s
INFO:root:Epoch: 0355 lr: 0.001 train_loss: 42205.0195 train_distortion: 0.3345 train_mapscore: 0.7750 train_c: -1.0505 train_max_dist: 17.6885 train_imax: -0.0000 train_imin: -4.3462 time: 4.4366s
INFO:root:Epoch: 0360 lr: 0.001 train_loss: 40922.9375 train_distortion: 0.3230 train_mapscore: 0.7824 train_c: -1.0512 train_max_dist: 18.0193 train_imax: -0.0000 train_imin: -4.4655 time: 4.4161s
INFO:root:Epoch: 0365 lr: 0.001 train_loss: 39666.9961 train_distortion: 0.3117 train_mapscore: 0.7890 train_c: -1.0519 train_max_dist: 18.3406 train_imax: -0.0000 train_imin: -4.5174 time: 4.3992s
INFO:root:Epoch: 0370 lr: 0.001 train_loss: 38444.3242 train_distortion: 0.3008 train_mapscore: 0.7958 train_c: -1.0527 train_max_dist: 18.7309 train_imax: -0.0000 train_imin: -4.6705 time: 4.5015s
INFO:root:Epoch: 0375 lr: 0.001 train_loss: 37258.3359 train_distortion: 0.2902 train_mapscore: 0.8015 train_c: -1.0534 train_max_dist: 19.1008 train_imax: -0.0000 train_imin: -4.7621 time: 4.5065s
INFO:root:Epoch: 0380 lr: 0.001 train_loss: 36112.7617 train_distortion: 0.2801 train_mapscore: 0.8086 train_c: -1.0541 train_max_dist: 19.4736 train_imax: -0.0000 train_imin: -4.7860 time: 4.4853s
INFO:root:Epoch: 0385 lr: 0.001 train_loss: 35012.0547 train_distortion: 0.2704 train_mapscore: 0.8147 train_c: -1.0548 train_max_dist: 19.8215 train_imax: -0.0000 train_imin: -4.9578 time: 4.4332s
INFO:root:Epoch: 0390 lr: 0.001 train_loss: 33960.2773 train_distortion: 0.2611 train_mapscore: 0.8203 train_c: -1.0554 train_max_dist: 20.1401 train_imax: -0.0000 train_imin: -5.0208 time: 4.3833s
INFO:root:Epoch: 0395 lr: 0.001 train_loss: 32962.4219 train_distortion: 0.2523 train_mapscore: 0.8254 train_c: -1.0561 train_max_dist: 20.5094 train_imax: -0.0000 train_imin: -5.1341 time: 4.4376s
INFO:root:Epoch: 0400 lr: 0.001 train_loss: 32017.7520 train_distortion: 0.2440 train_mapscore: 0.8317 train_c: -1.0567 train_max_dist: 20.8175 train_imax: -0.0000 train_imin: -5.2449 time: 4.4841s
INFO:root:Epoch: 0405 lr: 0.001 train_loss: 31130.5078 train_distortion: 0.2362 train_mapscore: 0.8364 train_c: -1.0574 train_max_dist: 21.1672 train_imax: -0.0000 train_imin: -5.3798 time: 4.4773s
INFO:root:Epoch: 0410 lr: 0.001 train_loss: 30301.9805 train_distortion: 0.2288 train_mapscore: 0.8416 train_c: -1.0580 train_max_dist: 21.4633 train_imax: -0.0000 train_imin: -5.5031 time: 4.4664s
INFO:root:Epoch: 0415 lr: 0.001 train_loss: 29534.0156 train_distortion: 0.2220 train_mapscore: 0.8455 train_c: -1.0586 train_max_dist: 21.7257 train_imax: -0.0000 train_imin: -5.6159 time: 4.5401s
INFO:root:Epoch: 0420 lr: 0.001 train_loss: 28825.4004 train_distortion: 0.2157 train_mapscore: 0.8495 train_c: -1.0591 train_max_dist: 22.0052 train_imax: -0.0000 train_imin: -5.7902 time: 4.5178s
INFO:root:Epoch: 0425 lr: 0.001 train_loss: 28175.9492 train_distortion: 0.2098 train_mapscore: 0.8520 train_c: -1.0597 train_max_dist: 22.2471 train_imax: -0.0000 train_imin: -5.9215 time: 4.5509s
INFO:root:Epoch: 0430 lr: 0.001 train_loss: 27582.5273 train_distortion: 0.2044 train_mapscore: 0.8557 train_c: -1.0602 train_max_dist: 22.4318 train_imax: -0.0000 train_imin: -6.0229 time: 4.5013s
INFO:root:Epoch: 0435 lr: 0.001 train_loss: 27044.3242 train_distortion: 0.1995 train_mapscore: 0.8583 train_c: -1.0607 train_max_dist: 22.6538 train_imax: -0.0000 train_imin: -6.0956 time: 4.5371s
INFO:root:Epoch: 0440 lr: 0.001 train_loss: 26556.6074 train_distortion: 0.1949 train_mapscore: 0.8607 train_c: -1.0612 train_max_dist: 22.8265 train_imax: -0.0000 train_imin: -6.2147 time: 4.5542s
INFO:root:Epoch: 0445 lr: 0.001 train_loss: 26112.9062 train_distortion: 0.1908 train_mapscore: 0.8631 train_c: -1.0617 train_max_dist: 22.9647 train_imax: -0.0000 train_imin: -6.2881 time: 4.5424s
INFO:root:Epoch: 0450 lr: 0.001 train_loss: 25708.7852 train_distortion: 0.1870 train_mapscore: 0.8655 train_c: -1.0622 train_max_dist: 23.0193 train_imax: -0.0000 train_imin: -6.1313 time: 4.5786s
INFO:root:Epoch: 0455 lr: 0.001 train_loss: 25343.2578 train_distortion: 0.1836 train_mapscore: 0.8682 train_c: -1.0626 train_max_dist: 22.9950 train_imax: -0.0000 train_imin: -5.8931 time: 4.5452s
INFO:root:Epoch: 0460 lr: 0.001 train_loss: 25010.7422 train_distortion: 0.1804 train_mapscore: 0.8703 train_c: -1.0630 train_max_dist: 22.8838 train_imax: -0.0000 train_imin: -5.8126 time: 4.5409s
INFO:root:Epoch: 0465 lr: 0.001 train_loss: 24709.5547 train_distortion: 0.1775 train_mapscore: 0.8724 train_c: -1.0634 train_max_dist: 22.9346 train_imax: -0.0000 train_imin: -5.6782 time: 4.5192s
INFO:root:Epoch: 0470 lr: 0.001 train_loss: 24436.7070 train_distortion: 0.1749 train_mapscore: 0.8747 train_c: -1.0638 train_max_dist: 23.1311 train_imax: -0.0000 train_imin: -5.5052 time: 4.5118s
INFO:root:Epoch: 0475 lr: 0.001 train_loss: 24188.4297 train_distortion: 0.1725 train_mapscore: 0.8763 train_c: -1.0641 train_max_dist: 23.3088 train_imax: -0.0000 train_imin: -5.2998 time: 4.4812s
INFO:root:Epoch: 0480 lr: 0.001 train_loss: 23961.3906 train_distortion: 0.1703 train_mapscore: 0.8785 train_c: -1.0645 train_max_dist: 23.4658 train_imax: -0.0000 train_imin: -5.2152 time: 4.5336s
INFO:root:Epoch: 0485 lr: 0.001 train_loss: 23754.8125 train_distortion: 0.1683 train_mapscore: 0.8801 train_c: -1.0648 train_max_dist: 23.6152 train_imax: -0.0000 train_imin: -5.0882 time: 4.5219s
INFO:root:Epoch: 0490 lr: 0.001 train_loss: 23562.1797 train_distortion: 0.1665 train_mapscore: 0.8817 train_c: -1.0651 train_max_dist: 23.7578 train_imax: -0.0000 train_imin: -4.9960 time: 4.4987s
INFO:root:Epoch: 0495 lr: 0.001 train_loss: 23385.8496 train_distortion: 0.1647 train_mapscore: 0.8836 train_c: -1.0655 train_max_dist: 23.8799 train_imax: -0.0000 train_imin: -4.8668 time: 4.6095s
INFO:root:Epoch: 0500 lr: 0.001 train_loss: 23222.2715 train_distortion: 0.1631 train_mapscore: 0.8852 train_c: -1.0658 train_max_dist: 23.9956 train_imax: -0.0000 train_imin: -4.7339 time: 4.5120s
INFO:root:Epoch: 0505 lr: 0.001 train_loss: 23070.9727 train_distortion: 0.1616 train_mapscore: 0.8863 train_c: -1.0660 train_max_dist: 24.0924 train_imax: -0.0000 train_imin: -4.6816 time: 4.5162s
INFO:root:Epoch: 0510 lr: 0.001 train_loss: 22931.1426 train_distortion: 0.1603 train_mapscore: 0.8877 train_c: -1.0663 train_max_dist: 24.1921 train_imax: -0.0000 train_imin: -4.5964 time: 4.5203s
INFO:root:Epoch: 0515 lr: 0.001 train_loss: 22800.6992 train_distortion: 0.1590 train_mapscore: 0.8891 train_c: -1.0666 train_max_dist: 24.2815 train_imax: -0.0000 train_imin: -4.5362 time: 4.4785s
INFO:root:Epoch: 0520 lr: 0.001 train_loss: 22677.9375 train_distortion: 0.1578 train_mapscore: 0.8898 train_c: -1.0669 train_max_dist: 24.3434 train_imax: -0.0000 train_imin: -4.4442 time: 4.5555s
INFO:root:Epoch: 0525 lr: 0.001 train_loss: 22562.5664 train_distortion: 0.1567 train_mapscore: 0.8911 train_c: -1.0671 train_max_dist: 24.4528 train_imax: -0.0000 train_imin: -4.3553 time: 4.5512s
INFO:root:Epoch: 0530 lr: 0.001 train_loss: 22453.8398 train_distortion: 0.1557 train_mapscore: 0.8921 train_c: -1.0674 train_max_dist: 24.5354 train_imax: -0.0000 train_imin: -4.3099 time: 4.5724s
INFO:root:Epoch: 0535 lr: 0.001 train_loss: 22351.2539 train_distortion: 0.1548 train_mapscore: 0.8936 train_c: -1.0676 train_max_dist: 24.6062 train_imax: -0.0000 train_imin: -4.2286 time: 4.4695s
INFO:root:Epoch: 0540 lr: 0.001 train_loss: 22255.8477 train_distortion: 0.1539 train_mapscore: 0.8945 train_c: -1.0679 train_max_dist: 24.6575 train_imax: -0.0000 train_imin: -4.1860 time: 4.5089s
INFO:root:Epoch: 0545 lr: 0.001 train_loss: 22166.5195 train_distortion: 0.1531 train_mapscore: 0.8953 train_c: -1.0681 train_max_dist: 24.6846 train_imax: -0.0000 train_imin: -4.1197 time: 4.5285s
INFO:root:Epoch: 0550 lr: 0.001 train_loss: 22082.0586 train_distortion: 0.1523 train_mapscore: 0.8964 train_c: -1.0683 train_max_dist: 24.6951 train_imax: -0.0000 train_imin: -4.1191 time: 4.5116s
INFO:root:Epoch: 0555 lr: 0.001 train_loss: 21995.2461 train_distortion: 0.1516 train_mapscore: 0.8977 train_c: -1.0686 train_max_dist: 24.6824 train_imax: -0.0000 train_imin: -4.1153 time: 4.5094s
INFO:root:Epoch: 0560 lr: 0.001 train_loss: 21915.9062 train_distortion: 0.1509 train_mapscore: 0.8982 train_c: -1.0688 train_max_dist: 24.6431 train_imax: -0.0000 train_imin: -4.1239 time: 4.6273s
INFO:root:Epoch: 0565 lr: 0.001 train_loss: 21840.4453 train_distortion: 0.1502 train_mapscore: 0.8990 train_c: -1.0690 train_max_dist: 24.5908 train_imax: -0.0000 train_imin: -4.1558 time: 4.5353s
INFO:root:Epoch: 0570 lr: 0.001 train_loss: 21768.0996 train_distortion: 0.1496 train_mapscore: 0.9000 train_c: -1.0692 train_max_dist: 24.5208 train_imax: -0.0000 train_imin: -4.1493 time: 4.4699s
INFO:root:Epoch: 0575 lr: 0.001 train_loss: 21698.6875 train_distortion: 0.1490 train_mapscore: 0.9009 train_c: -1.0694 train_max_dist: 24.4438 train_imax: -0.0000 train_imin: -4.1532 time: 4.5250s
INFO:root:Epoch: 0580 lr: 0.001 train_loss: 21632.8633 train_distortion: 0.1484 train_mapscore: 0.9012 train_c: -1.0696 train_max_dist: 24.3538 train_imax: -0.0000 train_imin: -4.1619 time: 4.5413s
INFO:root:Epoch: 0585 lr: 0.001 train_loss: 21571.4570 train_distortion: 0.1479 train_mapscore: 0.9020 train_c: -1.0698 train_max_dist: 24.2589 train_imax: -0.0000 train_imin: -4.1422 time: 4.5516s
INFO:root:Epoch: 0590 lr: 0.001 train_loss: 21509.8438 train_distortion: 0.1474 train_mapscore: 0.9027 train_c: -1.0700 train_max_dist: 24.1650 train_imax: -0.0000 train_imin: -4.1461 time: 4.4928s
INFO:root:Epoch: 0595 lr: 0.001 train_loss: 21450.4746 train_distortion: 0.1469 train_mapscore: 0.9033 train_c: -1.0702 train_max_dist: 24.2130 train_imax: -0.0000 train_imin: -4.1412 time: 4.6563s
INFO:root:Epoch: 0600 lr: 0.001 train_loss: 21393.2539 train_distortion: 0.1464 train_mapscore: 0.9040 train_c: -1.0704 train_max_dist: 24.3157 train_imax: -0.0000 train_imin: -4.1544 time: 4.4701s
INFO:root:Epoch: 0605 lr: 0.001 train_loss: 21339.3828 train_distortion: 0.1459 train_mapscore: 0.9043 train_c: -1.0706 train_max_dist: 24.4086 train_imax: -0.0000 train_imin: -4.1352 time: 4.6042s
INFO:root:Epoch: 0610 lr: 0.001 train_loss: 21287.6836 train_distortion: 0.1455 train_mapscore: 0.9046 train_c: -1.0708 train_max_dist: 24.5039 train_imax: -0.0000 train_imin: -4.1326 time: 4.5570s
INFO:root:Epoch: 0615 lr: 0.001 train_loss: 21238.4102 train_distortion: 0.1451 train_mapscore: 0.9051 train_c: -1.0710 train_max_dist: 24.5865 train_imax: -0.0000 train_imin: -4.1361 time: 4.4918s
INFO:root:Epoch: 0620 lr: 0.001 train_loss: 21189.5156 train_distortion: 0.1447 train_mapscore: 0.9058 train_c: -1.0712 train_max_dist: 24.6790 train_imax: -0.0000 train_imin: -4.1259 time: 4.4552s
INFO:root:Epoch: 0625 lr: 0.001 train_loss: 21142.9453 train_distortion: 0.1444 train_mapscore: 0.9064 train_c: -1.0714 train_max_dist: 24.7656 train_imax: -0.0000 train_imin: -4.1228 time: 4.4779s
INFO:root:Epoch: 0630 lr: 0.001 train_loss: 21099.0039 train_distortion: 0.1440 train_mapscore: 0.9070 train_c: -1.0716 train_max_dist: 24.8562 train_imax: -0.0000 train_imin: -4.1281 time: 4.5045s
INFO:root:Epoch: 0635 lr: 0.001 train_loss: 21054.9766 train_distortion: 0.1437 train_mapscore: 0.9074 train_c: -1.0717 train_max_dist: 24.9504 train_imax: -0.0000 train_imin: -4.1044 time: 4.5451s
INFO:root:Epoch: 0640 lr: 0.001 train_loss: 21012.8770 train_distortion: 0.1434 train_mapscore: 0.9082 train_c: -1.0719 train_max_dist: 25.0348 train_imax: -0.0000 train_imin: -4.1049 time: 4.4864s
INFO:root:Epoch: 0645 lr: 0.001 train_loss: 20972.6406 train_distortion: 0.1431 train_mapscore: 0.9085 train_c: -1.0721 train_max_dist: 25.1101 train_imax: -0.0000 train_imin: -4.1042 time: 4.5482s
INFO:root:Epoch: 0650 lr: 0.001 train_loss: 20932.9199 train_distortion: 0.1428 train_mapscore: 0.9091 train_c: -1.0723 train_max_dist: 25.2017 train_imax: -0.0000 train_imin: -4.1136 time: 4.5196s
INFO:root:Epoch: 0655 lr: 0.001 train_loss: 20894.7891 train_distortion: 0.1425 train_mapscore: 0.9098 train_c: -1.0724 train_max_dist: 25.2849 train_imax: -0.0000 train_imin: -4.1148 time: 4.5212s
INFO:root:Epoch: 0660 lr: 0.001 train_loss: 20861.0312 train_distortion: 0.1423 train_mapscore: 0.9104 train_c: -1.0726 train_max_dist: 25.3706 train_imax: -0.0000 train_imin: -4.1147 time: 4.4921s
INFO:root:Epoch: 0665 lr: 0.001 train_loss: 20823.5703 train_distortion: 0.1420 train_mapscore: 0.9108 train_c: -1.0728 train_max_dist: 25.4575 train_imax: -0.0000 train_imin: -4.1024 time: 4.5013s
INFO:root:Epoch: 0670 lr: 0.001 train_loss: 20790.0352 train_distortion: 0.1418 train_mapscore: 0.9113 train_c: -1.0730 train_max_dist: 25.5374 train_imax: -0.0000 train_imin: -4.1118 time: 4.5414s
INFO:root:Epoch: 0675 lr: 0.001 train_loss: 20754.6836 train_distortion: 0.1416 train_mapscore: 0.9120 train_c: -1.0731 train_max_dist: 25.6195 train_imax: -0.0000 train_imin: -4.1127 time: 4.4821s
INFO:root:Epoch: 0680 lr: 0.001 train_loss: 20722.3125 train_distortion: 0.1414 train_mapscore: 0.9122 train_c: -1.0733 train_max_dist: 25.6995 train_imax: -0.0000 train_imin: -4.1188 time: 4.5060s
INFO:root:Epoch: 0685 lr: 0.001 train_loss: 20689.9922 train_distortion: 0.1412 train_mapscore: 0.9128 train_c: -1.0735 train_max_dist: 25.7822 train_imax: -0.0000 train_imin: -4.1185 time: 4.4762s
INFO:root:Epoch: 0690 lr: 0.001 train_loss: 20660.8867 train_distortion: 0.1410 train_mapscore: 0.9131 train_c: -1.0736 train_max_dist: 25.8564 train_imax: -0.0000 train_imin: -4.1178 time: 4.5384s
INFO:root:Epoch: 0695 lr: 0.001 train_loss: 20631.2461 train_distortion: 0.1409 train_mapscore: 0.9137 train_c: -1.0738 train_max_dist: 25.9336 train_imax: -0.0000 train_imin: -4.1208 time: 4.5281s
INFO:root:Epoch: 0700 lr: 0.001 train_loss: 20602.8867 train_distortion: 0.1407 train_mapscore: 0.9143 train_c: -1.0739 train_max_dist: 26.0088 train_imax: -0.0000 train_imin: -4.1227 time: 4.4440s
INFO:root:Epoch: 0705 lr: 0.001 train_loss: 20572.7090 train_distortion: 0.1405 train_mapscore: 0.9149 train_c: -1.0741 train_max_dist: 26.0732 train_imax: -0.0000 train_imin: -4.1232 time: 4.5131s
INFO:root:Epoch: 0710 lr: 0.001 train_loss: 20543.4902 train_distortion: 0.1404 train_mapscore: 0.9157 train_c: -1.0743 train_max_dist: 26.1506 train_imax: -0.0000 train_imin: -4.1251 time: 4.5171s
INFO:root:Epoch: 0715 lr: 0.001 train_loss: 20516.7930 train_distortion: 0.1403 train_mapscore: 0.9163 train_c: -1.0744 train_max_dist: 26.2324 train_imax: -0.0000 train_imin: -4.1254 time: 4.4967s
INFO:root:Epoch: 0720 lr: 0.001 train_loss: 20490.8066 train_distortion: 0.1401 train_mapscore: 0.9169 train_c: -1.0746 train_max_dist: 26.2944 train_imax: -0.0000 train_imin: -4.1258 time: 4.5292s
INFO:root:Epoch: 0725 lr: 0.001 train_loss: 20466.4668 train_distortion: 0.1400 train_mapscore: 0.9175 train_c: -1.0747 train_max_dist: 26.3647 train_imax: -0.0000 train_imin: -4.1281 time: 4.5090s
INFO:root:Epoch: 0730 lr: 0.001 train_loss: 20442.8047 train_distortion: 0.1399 train_mapscore: 0.9181 train_c: -1.0749 train_max_dist: 26.4460 train_imax: -0.0000 train_imin: -4.1189 time: 4.4617s
INFO:root:Epoch: 0735 lr: 0.001 train_loss: 20419.1875 train_distortion: 0.1398 train_mapscore: 0.9185 train_c: -1.0750 train_max_dist: 26.5112 train_imax: -0.0000 train_imin: -4.1252 time: 4.5442s
INFO:root:Epoch: 0740 lr: 0.001 train_loss: 20394.4062 train_distortion: 0.1397 train_mapscore: 0.9190 train_c: -1.0752 train_max_dist: 26.5803 train_imax: -0.0000 train_imin: -4.1221 time: 4.5312s
INFO:root:Epoch: 0745 lr: 0.001 train_loss: 20371.3477 train_distortion: 0.1396 train_mapscore: 0.9205 train_c: -1.0753 train_max_dist: 26.6409 train_imax: -0.0000 train_imin: -4.1193 time: 4.5247s
INFO:root:Epoch: 0750 lr: 0.001 train_loss: 20346.5195 train_distortion: 0.1395 train_mapscore: 0.9210 train_c: -1.0755 train_max_dist: 26.7114 train_imax: -0.0000 train_imin: -4.1106 time: 4.5421s
INFO:root:Epoch: 0755 lr: 0.001 train_loss: 20323.6445 train_distortion: 0.1394 train_mapscore: 0.9217 train_c: -1.0756 train_max_dist: 26.7825 train_imax: -0.0000 train_imin: -4.1135 time: 4.5274s
INFO:root:Epoch: 0760 lr: 0.001 train_loss: 20301.9727 train_distortion: 0.1394 train_mapscore: 0.9223 train_c: -1.0758 train_max_dist: 26.8357 train_imax: -0.0000 train_imin: -4.1232 time: 4.5356s
INFO:root:Epoch: 0765 lr: 0.001 train_loss: 20282.1992 train_distortion: 0.1393 train_mapscore: 0.9235 train_c: -1.0759 train_max_dist: 26.8977 train_imax: -0.0000 train_imin: -4.1250 time: 4.4934s
INFO:root:Epoch: 0770 lr: 0.001 train_loss: 20264.0156 train_distortion: 0.1392 train_mapscore: 0.9239 train_c: -1.0761 train_max_dist: 26.9590 train_imax: -0.0000 train_imin: -4.1216 time: 4.4941s
INFO:root:Epoch: 0775 lr: 0.001 train_loss: 20242.4551 train_distortion: 0.1391 train_mapscore: 0.9251 train_c: -1.0762 train_max_dist: 27.0107 train_imax: -0.0000 train_imin: -4.1158 time: 4.5451s
INFO:root:Epoch: 0780 lr: 0.001 train_loss: 20220.9199 train_distortion: 0.1391 train_mapscore: 0.9247 train_c: -1.0764 train_max_dist: 27.0696 train_imax: -0.0000 train_imin: -4.1120 time: 4.5457s
INFO:root:Epoch: 0785 lr: 0.001 train_loss: 20201.1953 train_distortion: 0.1390 train_mapscore: 0.9259 train_c: -1.0765 train_max_dist: 27.1262 train_imax: -0.0000 train_imin: -4.1066 time: 4.5492s
INFO:root:Epoch: 0790 lr: 0.001 train_loss: 20182.1250 train_distortion: 0.1390 train_mapscore: 0.9263 train_c: -1.0767 train_max_dist: 27.1741 train_imax: -0.0000 train_imin: -4.1044 time: 4.5183s
INFO:root:Epoch: 0795 lr: 0.001 train_loss: 20163.6914 train_distortion: 0.1390 train_mapscore: 0.9279 train_c: -1.0768 train_max_dist: 27.2185 train_imax: -0.0000 train_imin: -4.1196 time: 4.5223s
INFO:root:Epoch: 0800 lr: 0.001 train_loss: 20145.7500 train_distortion: 0.1389 train_mapscore: 0.9284 train_c: -1.0769 train_max_dist: 27.2725 train_imax: -0.0000 train_imin: -4.1217 time: 4.5073s
INFO:root:Epoch: 0805 lr: 0.001 train_loss: 20128.8008 train_distortion: 0.1389 train_mapscore: 0.9293 train_c: -1.0771 train_max_dist: 27.3196 train_imax: -0.0000 train_imin: -4.1096 time: 4.4724s
INFO:root:Epoch: 0810 lr: 0.001 train_loss: 20110.1797 train_distortion: 0.1389 train_mapscore: 0.9298 train_c: -1.0772 train_max_dist: 27.3586 train_imax: -0.0000 train_imin: -4.1143 time: 4.5679s
INFO:root:Epoch: 0815 lr: 0.001 train_loss: 20093.0156 train_distortion: 0.1389 train_mapscore: 0.9304 train_c: -1.0774 train_max_dist: 27.3955 train_imax: -0.0000 train_imin: -4.1231 time: 4.4911s
INFO:root:Epoch: 0820 lr: 0.001 train_loss: 20075.8398 train_distortion: 0.1389 train_mapscore: 0.9314 train_c: -1.0775 train_max_dist: 27.4309 train_imax: -0.0000 train_imin: -4.0927 time: 4.5103s
INFO:root:Epoch: 0825 lr: 0.001 train_loss: 20060.2891 train_distortion: 0.1388 train_mapscore: 0.9317 train_c: -1.0777 train_max_dist: 27.4670 train_imax: -0.0000 train_imin: -4.1138 time: 4.5182s
INFO:root:Epoch: 0830 lr: 0.001 train_loss: 20043.0391 train_distortion: 0.1388 train_mapscore: 0.9320 train_c: -1.0778 train_max_dist: 27.5081 train_imax: -0.0000 train_imin: -4.1019 time: 4.5043s
INFO:root:Epoch: 0835 lr: 0.001 train_loss: 20028.7480 train_distortion: 0.1388 train_mapscore: 0.9324 train_c: -1.0779 train_max_dist: 27.5293 train_imax: -0.0000 train_imin: -4.0996 time: 4.4498s
INFO:root:Epoch: 0840 lr: 0.001 train_loss: 20011.1191 train_distortion: 0.1388 train_mapscore: 0.9328 train_c: -1.0781 train_max_dist: 27.5623 train_imax: -0.0000 train_imin: -4.0991 time: 4.5294s
INFO:root:Epoch: 0845 lr: 0.001 train_loss: 19995.2793 train_distortion: 0.1388 train_mapscore: 0.9337 train_c: -1.0782 train_max_dist: 27.5935 train_imax: -0.0000 train_imin: -4.1042 time: 4.5227s
INFO:root:Epoch: 0850 lr: 0.001 train_loss: 19980.2402 train_distortion: 0.1389 train_mapscore: 0.9335 train_c: -1.0783 train_max_dist: 27.6206 train_imax: -0.0000 train_imin: -4.0890 time: 4.4645s
INFO:root:Epoch: 0855 lr: 0.001 train_loss: 19966.4512 train_distortion: 0.1389 train_mapscore: 0.9347 train_c: -1.0785 train_max_dist: 27.6648 train_imax: -0.0000 train_imin: -4.1030 time: 4.5043s
INFO:root:Epoch: 0860 lr: 0.001 train_loss: 19953.1387 train_distortion: 0.1389 train_mapscore: 0.9353 train_c: -1.0786 train_max_dist: 27.6953 train_imax: -0.0000 train_imin: -4.0957 time: 4.5440s
INFO:root:Epoch: 0865 lr: 0.001 train_loss: 19935.9844 train_distortion: 0.1389 train_mapscore: 0.9358 train_c: -1.0788 train_max_dist: 27.7227 train_imax: -0.0000 train_imin: -4.0821 time: 4.4827s
INFO:root:Epoch: 0870 lr: 0.001 train_loss: 19921.4297 train_distortion: 0.1389 train_mapscore: 0.9363 train_c: -1.0789 train_max_dist: 27.7646 train_imax: -0.0000 train_imin: -4.0891 time: 4.4991s
INFO:root:Epoch: 0875 lr: 0.001 train_loss: 19907.2422 train_distortion: 0.1390 train_mapscore: 0.9367 train_c: -1.0790 train_max_dist: 27.8008 train_imax: -0.0000 train_imin: -4.0930 time: 4.4611s
INFO:root:Epoch: 0880 lr: 0.001 train_loss: 19895.4395 train_distortion: 0.1390 train_mapscore: 0.9379 train_c: -1.0792 train_max_dist: 27.8311 train_imax: -0.0000 train_imin: -4.0927 time: 4.4911s
INFO:root:Epoch: 0885 lr: 0.001 train_loss: 19883.0605 train_distortion: 0.1390 train_mapscore: 0.9373 train_c: -1.0793 train_max_dist: 27.8782 train_imax: -0.0000 train_imin: -4.0859 time: 4.5021s
INFO:root:Epoch: 0890 lr: 0.001 train_loss: 19869.1855 train_distortion: 0.1391 train_mapscore: 0.9385 train_c: -1.0794 train_max_dist: 27.8948 train_imax: -0.0000 train_imin: -4.0790 time: 4.5330s
INFO:root:Epoch: 0895 lr: 0.001 train_loss: 19855.9043 train_distortion: 0.1391 train_mapscore: 0.9389 train_c: -1.0796 train_max_dist: 27.9241 train_imax: -0.0000 train_imin: -4.0830 time: 4.5050s
INFO:root:Epoch: 0900 lr: 0.001 train_loss: 19843.5664 train_distortion: 0.1392 train_mapscore: 0.9395 train_c: -1.0797 train_max_dist: 27.9558 train_imax: -0.0000 train_imin: -4.0843 time: 4.5310s
INFO:root:Epoch: 0905 lr: 0.001 train_loss: 19830.0664 train_distortion: 0.1392 train_mapscore: 0.9397 train_c: -1.0798 train_max_dist: 27.9946 train_imax: -0.0000 train_imin: -4.0855 time: 3.2781s
INFO:root:Epoch: 0910 lr: 0.001 train_loss: 19817.8594 train_distortion: 0.1393 train_mapscore: 0.9410 train_c: -1.0800 train_max_dist: 28.0269 train_imax: -0.0000 train_imin: -4.0866 time: 3.2978s
INFO:root:Epoch: 0915 lr: 0.001 train_loss: 19805.8945 train_distortion: 0.1393 train_mapscore: 0.9409 train_c: -1.0801 train_max_dist: 28.0459 train_imax: -0.0000 train_imin: -4.0840 time: 4.6307s
INFO:root:Epoch: 0920 lr: 0.001 train_loss: 19795.3438 train_distortion: 0.1394 train_mapscore: 0.9410 train_c: -1.0802 train_max_dist: 28.0784 train_imax: -0.0000 train_imin: -4.0853 time: 4.6349s
INFO:root:Epoch: 0925 lr: 0.001 train_loss: 19784.0859 train_distortion: 0.1394 train_mapscore: 0.9420 train_c: -1.0803 train_max_dist: 28.1062 train_imax: -0.0000 train_imin: -4.0795 time: 4.7641s
INFO:root:Epoch: 0930 lr: 0.001 train_loss: 19770.4453 train_distortion: 0.1395 train_mapscore: 0.9424 train_c: -1.0805 train_max_dist: 28.1284 train_imax: -0.0000 train_imin: -4.0780 time: 4.4601s
INFO:root:Epoch: 0935 lr: 0.001 train_loss: 19759.4746 train_distortion: 0.1396 train_mapscore: 0.9426 train_c: -1.0806 train_max_dist: 28.1492 train_imax: -0.0000 train_imin: -4.0770 time: 4.4305s
INFO:root:Epoch: 0940 lr: 0.001 train_loss: 19747.7070 train_distortion: 0.1396 train_mapscore: 0.9433 train_c: -1.0807 train_max_dist: 28.1755 train_imax: -0.0000 train_imin: -4.0787 time: 4.3821s
INFO:root:Epoch: 0945 lr: 0.001 train_loss: 19737.3320 train_distortion: 0.1397 train_mapscore: 0.9440 train_c: -1.0809 train_max_dist: 28.2026 train_imax: -0.0000 train_imin: -4.0768 time: 4.3633s
INFO:root:Epoch: 0950 lr: 0.001 train_loss: 19729.0039 train_distortion: 0.1398 train_mapscore: 0.9439 train_c: -1.0810 train_max_dist: 28.2134 train_imax: -0.0000 train_imin: -4.0710 time: 4.6152s
INFO:root:Epoch: 0955 lr: 0.001 train_loss: 19716.7637 train_distortion: 0.1399 train_mapscore: 0.9441 train_c: -1.0811 train_max_dist: 28.2422 train_imax: -0.0000 train_imin: -4.0639 time: 4.6725s
INFO:root:Epoch: 0960 lr: 0.001 train_loss: 19705.5586 train_distortion: 0.1400 train_mapscore: 0.9449 train_c: -1.0812 train_max_dist: 28.2598 train_imax: -0.0000 train_imin: -4.0705 time: 4.7357s
INFO:root:Epoch: 0965 lr: 0.001 train_loss: 19696.2383 train_distortion: 0.1400 train_mapscore: 0.9455 train_c: -1.0814 train_max_dist: 28.2754 train_imax: -0.0000 train_imin: -4.0668 time: 4.2375s
INFO:root:Epoch: 0970 lr: 0.001 train_loss: 19684.6445 train_distortion: 0.1402 train_mapscore: 0.9453 train_c: -1.0815 train_max_dist: 28.3005 train_imax: -0.0000 train_imin: -4.0621 time: 4.4862s
INFO:root:Epoch: 0975 lr: 0.001 train_loss: 19674.3926 train_distortion: 0.1402 train_mapscore: 0.9464 train_c: -1.0816 train_max_dist: 28.3184 train_imax: -0.0000 train_imin: -4.0646 time: 4.3610s
INFO:root:Epoch: 0980 lr: 0.001 train_loss: 19666.0137 train_distortion: 0.1403 train_mapscore: 0.9467 train_c: -1.0817 train_max_dist: 28.3369 train_imax: -0.0000 train_imin: -4.0607 time: 4.5161s
INFO:root:Epoch: 0985 lr: 0.001 train_loss: 19655.8867 train_distortion: 0.1404 train_mapscore: 0.9466 train_c: -1.0819 train_max_dist: 28.3555 train_imax: -0.0000 train_imin: -4.0701 time: 4.5028s
INFO:root:Epoch: 0990 lr: 0.001 train_loss: 19646.5977 train_distortion: 0.1405 train_mapscore: 0.9469 train_c: -1.0820 train_max_dist: 28.3784 train_imax: -0.0000 train_imin: -4.0657 time: 4.3080s
INFO:root:Epoch: 0995 lr: 0.001 train_loss: 19635.9219 train_distortion: 0.1406 train_mapscore: 0.9475 train_c: -1.0821 train_max_dist: 28.3997 train_imax: -0.0000 train_imin: -4.0576 time: 4.4131s
INFO:root:Epoch: 1000 lr: 0.001 train_loss: 19627.6797 train_distortion: 0.1408 train_mapscore: 0.9478 train_c: -1.0823 train_max_dist: 28.4143 train_imax: -0.0000 train_imin: -4.0512 time: 3.9302s
INFO:root:Epoch: 1005 lr: 0.001 train_loss: 19618.3477 train_distortion: 0.1409 train_mapscore: 0.9481 train_c: -1.0824 train_max_dist: 28.4409 train_imax: -0.0000 train_imin: -4.0533 time: 4.8435s
INFO:root:Epoch: 1010 lr: 0.001 train_loss: 19611.4414 train_distortion: 0.1410 train_mapscore: 0.9481 train_c: -1.0825 train_max_dist: 28.4487 train_imax: -0.0000 train_imin: -4.0555 time: 4.4100s
INFO:root:Epoch: 1015 lr: 0.001 train_loss: 19602.0879 train_distortion: 0.1411 train_mapscore: 0.9488 train_c: -1.0826 train_max_dist: 28.4561 train_imax: -0.0000 train_imin: -4.0555 time: 4.8078s
INFO:root:Epoch: 1020 lr: 0.001 train_loss: 19593.5508 train_distortion: 0.1412 train_mapscore: 0.9491 train_c: -1.0827 train_max_dist: 28.4778 train_imax: -0.0000 train_imin: -4.0525 time: 4.3634s
INFO:root:Epoch: 1025 lr: 0.001 train_loss: 19582.3086 train_distortion: 0.1413 train_mapscore: 0.9497 train_c: -1.0829 train_max_dist: 28.5098 train_imax: -0.0000 train_imin: -4.0563 time: 4.9452s
INFO:root:Epoch: 1030 lr: 0.001 train_loss: 19573.1680 train_distortion: 0.1414 train_mapscore: 0.9496 train_c: -1.0830 train_max_dist: 28.5613 train_imax: -0.0000 train_imin: -4.0546 time: 4.3927s
INFO:root:Epoch: 1035 lr: 0.001 train_loss: 19565.8164 train_distortion: 0.1416 train_mapscore: 0.9497 train_c: -1.0831 train_max_dist: 28.5984 train_imax: -0.0000 train_imin: -4.0601 time: 4.8281s
INFO:root:Epoch: 1040 lr: 0.001 train_loss: 19560.0664 train_distortion: 0.1417 train_mapscore: 0.9504 train_c: -1.0832 train_max_dist: 28.6450 train_imax: -0.0000 train_imin: -4.0608 time: 4.4238s
INFO:root:Epoch: 1045 lr: 0.001 train_loss: 19552.5625 train_distortion: 0.1418 train_mapscore: 0.9504 train_c: -1.0834 train_max_dist: 28.6819 train_imax: -0.0000 train_imin: -4.0449 time: 4.9365s
INFO:root:Epoch: 1050 lr: 0.001 train_loss: 19542.5059 train_distortion: 0.1419 train_mapscore: 0.9512 train_c: -1.0835 train_max_dist: 28.7271 train_imax: -0.0000 train_imin: -4.0571 time: 4.6711s
INFO:root:Epoch: 1055 lr: 0.001 train_loss: 19533.6934 train_distortion: 0.1421 train_mapscore: 0.9515 train_c: -1.0836 train_max_dist: 28.7661 train_imax: -0.0000 train_imin: -4.0539 time: 4.5457s
INFO:root:Epoch: 1060 lr: 0.001 train_loss: 19525.5898 train_distortion: 0.1422 train_mapscore: 0.9520 train_c: -1.0837 train_max_dist: 28.8049 train_imax: -0.0000 train_imin: -4.0585 time: 4.6391s
INFO:root:Epoch: 1065 lr: 0.001 train_loss: 19517.0000 train_distortion: 0.1424 train_mapscore: 0.9523 train_c: -1.0838 train_max_dist: 28.8416 train_imax: -0.0000 train_imin: -4.0534 time: 4.5422s
INFO:root:Epoch: 1070 lr: 0.001 train_loss: 19509.5977 train_distortion: 0.1425 train_mapscore: 0.9525 train_c: -1.0840 train_max_dist: 28.8750 train_imax: -0.0000 train_imin: -4.0564 time: 4.5202s
INFO:root:Epoch: 1075 lr: 0.001 train_loss: 19503.7930 train_distortion: 0.1426 train_mapscore: 0.9527 train_c: -1.0841 train_max_dist: 28.9150 train_imax: -0.0000 train_imin: -4.0588 time: 4.5852s
INFO:root:Epoch: 1080 lr: 0.001 train_loss: 19497.4258 train_distortion: 0.1428 train_mapscore: 0.9538 train_c: -1.0842 train_max_dist: 28.9575 train_imax: -0.0000 train_imin: -4.0640 time: 4.4035s
INFO:root:Epoch: 1085 lr: 0.001 train_loss: 19489.1484 train_distortion: 0.1429 train_mapscore: 0.9531 train_c: -1.0843 train_max_dist: 28.9971 train_imax: -0.0000 train_imin: -4.0577 time: 4.5428s
INFO:root:Epoch: 1090 lr: 0.001 train_loss: 19480.8125 train_distortion: 0.1431 train_mapscore: 0.9531 train_c: -1.0845 train_max_dist: 29.0308 train_imax: -0.0000 train_imin: -4.0408 time: 4.4393s
INFO:root:Epoch: 1095 lr: 0.001 train_loss: 19472.9707 train_distortion: 0.1432 train_mapscore: 0.9542 train_c: -1.0846 train_max_dist: 29.0642 train_imax: -0.0000 train_imin: -4.0446 time: 4.5134s
INFO:root:Epoch: 1100 lr: 0.001 train_loss: 19466.3203 train_distortion: 0.1434 train_mapscore: 0.9544 train_c: -1.0847 train_max_dist: 29.1157 train_imax: -0.0000 train_imin: -4.0558 time: 4.5696s
INFO:root:Epoch: 1105 lr: 0.001 train_loss: 19459.7930 train_distortion: 0.1435 train_mapscore: 0.9547 train_c: -1.0848 train_max_dist: 29.1565 train_imax: -0.0000 train_imin: -4.0473 time: 4.4898s
INFO:root:Epoch: 1110 lr: 0.001 train_loss: 19453.5117 train_distortion: 0.1437 train_mapscore: 0.9546 train_c: -1.0849 train_max_dist: 29.1851 train_imax: -0.0000 train_imin: -4.0588 time: 4.6772s
INFO:root:Epoch: 1115 lr: 0.001 train_loss: 19447.6719 train_distortion: 0.1438 train_mapscore: 0.9553 train_c: -1.0851 train_max_dist: 29.2083 train_imax: -0.0000 train_imin: -4.0548 time: 4.5823s
INFO:root:Epoch: 1120 lr: 0.001 train_loss: 19441.0664 train_distortion: 0.1440 train_mapscore: 0.9552 train_c: -1.0852 train_max_dist: 29.2505 train_imax: -0.0000 train_imin: -4.0582 time: 4.4352s
INFO:root:Epoch: 1125 lr: 0.001 train_loss: 19432.5898 train_distortion: 0.1442 train_mapscore: 0.9554 train_c: -1.0853 train_max_dist: 29.2905 train_imax: -0.0000 train_imin: -4.0527 time: 4.5167s
INFO:root:Epoch: 1130 lr: 0.001 train_loss: 19425.1367 train_distortion: 0.1443 train_mapscore: 0.9558 train_c: -1.0854 train_max_dist: 29.3176 train_imax: -0.0000 train_imin: -4.0497 time: 4.4577s
INFO:root:Epoch: 1135 lr: 0.001 train_loss: 19420.1719 train_distortion: 0.1445 train_mapscore: 0.9564 train_c: -1.0855 train_max_dist: 29.3672 train_imax: -0.0000 train_imin: -4.0429 time: 4.5746s
INFO:root:Epoch: 1140 lr: 0.001 train_loss: 19411.6836 train_distortion: 0.1446 train_mapscore: 0.9559 train_c: -1.0856 train_max_dist: 29.4092 train_imax: -0.0000 train_imin: -4.0501 time: 4.4910s
INFO:root:Epoch: 1145 lr: 0.001 train_loss: 19406.9727 train_distortion: 0.1448 train_mapscore: 0.9570 train_c: -1.0858 train_max_dist: 29.4380 train_imax: -0.0000 train_imin: -4.0536 time: 4.5410s
INFO:root:Epoch: 1150 lr: 0.001 train_loss: 19400.7461 train_distortion: 0.1450 train_mapscore: 0.9570 train_c: -1.0859 train_max_dist: 29.4839 train_imax: -0.0000 train_imin: -4.0536 time: 4.5227s
INFO:root:Epoch: 1155 lr: 0.001 train_loss: 19394.5781 train_distortion: 0.1451 train_mapscore: 0.9573 train_c: -1.0860 train_max_dist: 29.5093 train_imax: -0.0000 train_imin: -4.0691 time: 4.5089s
INFO:root:Epoch: 1160 lr: 0.001 train_loss: 19389.3086 train_distortion: 0.1454 train_mapscore: 0.9568 train_c: -1.0861 train_max_dist: 29.5508 train_imax: -0.0000 train_imin: -4.0486 time: 4.7480s
INFO:root:Epoch: 1165 lr: 0.001 train_loss: 19382.3242 train_distortion: 0.1455 train_mapscore: 0.9575 train_c: -1.0862 train_max_dist: 29.5938 train_imax: -0.0000 train_imin: -4.0575 time: 4.5578s
INFO:root:Epoch: 1170 lr: 0.001 train_loss: 19376.0664 train_distortion: 0.1457 train_mapscore: 0.9581 train_c: -1.0863 train_max_dist: 29.6245 train_imax: -0.0000 train_imin: -4.0447 time: 4.6311s
INFO:root:Epoch: 1175 lr: 0.001 train_loss: 19370.2109 train_distortion: 0.1459 train_mapscore: 0.9577 train_c: -1.0865 train_max_dist: 29.6606 train_imax: -0.0000 train_imin: -4.0549 time: 4.3832s
INFO:root:Epoch: 1180 lr: 0.001 train_loss: 19364.6719 train_distortion: 0.1460 train_mapscore: 0.9584 train_c: -1.0866 train_max_dist: 29.6978 train_imax: -0.0000 train_imin: -4.0376 time: 4.6759s
INFO:root:Epoch: 1185 lr: 0.001 train_loss: 19359.4922 train_distortion: 0.1462 train_mapscore: 0.9590 train_c: -1.0867 train_max_dist: 29.7441 train_imax: -0.0000 train_imin: -4.0490 time: 4.4982s
INFO:root:Epoch: 1190 lr: 0.001 train_loss: 19353.7500 train_distortion: 0.1464 train_mapscore: 0.9588 train_c: -1.0868 train_max_dist: 29.7710 train_imax: -0.0000 train_imin: -4.0563 time: 4.5923s
INFO:root:Epoch: 1195 lr: 0.001 train_loss: 19347.3086 train_distortion: 0.1466 train_mapscore: 0.9586 train_c: -1.0869 train_max_dist: 29.8057 train_imax: -0.0000 train_imin: -4.0481 time: 4.6549s
INFO:root:Epoch: 1200 lr: 0.001 train_loss: 19342.0430 train_distortion: 0.1468 train_mapscore: 0.9593 train_c: -1.0870 train_max_dist: 29.8320 train_imax: -0.0000 train_imin: -4.0374 time: 4.3641s
INFO:root:Epoch: 1205 lr: 0.001 train_loss: 19336.2051 train_distortion: 0.1469 train_mapscore: 0.9598 train_c: -1.0872 train_max_dist: 29.8730 train_imax: -0.0000 train_imin: -4.0604 time: 4.6771s
INFO:root:Epoch: 1210 lr: 0.001 train_loss: 19330.7539 train_distortion: 0.1471 train_mapscore: 0.9592 train_c: -1.0873 train_max_dist: 29.9106 train_imax: -0.0000 train_imin: -4.0589 time: 4.4403s
INFO:root:Epoch: 1215 lr: 0.001 train_loss: 19325.5273 train_distortion: 0.1473 train_mapscore: 0.9597 train_c: -1.0874 train_max_dist: 29.9487 train_imax: -0.0000 train_imin: -4.0594 time: 4.6942s
INFO:root:Epoch: 1220 lr: 0.001 train_loss: 19320.1211 train_distortion: 0.1475 train_mapscore: 0.9598 train_c: -1.0875 train_max_dist: 29.9893 train_imax: -0.0000 train_imin: -4.0581 time: 4.4429s
INFO:root:Epoch: 1225 lr: 0.001 train_loss: 19315.3867 train_distortion: 0.1477 train_mapscore: 0.9599 train_c: -1.0876 train_max_dist: 30.0303 train_imax: -0.0000 train_imin: -4.0474 time: 4.5037s
INFO:root:Epoch: 1230 lr: 0.001 train_loss: 19311.3281 train_distortion: 0.1479 train_mapscore: 0.9600 train_c: -1.0877 train_max_dist: 30.0435 train_imax: -0.0000 train_imin: -4.0740 time: 4.5143s
INFO:root:Epoch: 1235 lr: 0.001 train_loss: 19307.5684 train_distortion: 0.1481 train_mapscore: 0.9602 train_c: -1.0879 train_max_dist: 30.0928 train_imax: -0.0000 train_imin: -4.0814 time: 4.6106s
INFO:root:Epoch: 1240 lr: 0.001 train_loss: 19300.7500 train_distortion: 0.1483 train_mapscore: 0.9610 train_c: -1.0880 train_max_dist: 30.1221 train_imax: -0.0000 train_imin: -4.0472 time: 4.4896s
INFO:root:Epoch: 1245 lr: 0.001 train_loss: 19295.0293 train_distortion: 0.1485 train_mapscore: 0.9605 train_c: -1.0881 train_max_dist: 30.1587 train_imax: -0.0000 train_imin: -4.0591 time: 4.5857s
INFO:root:Epoch: 1250 lr: 0.001 train_loss: 19289.0078 train_distortion: 0.1487 train_mapscore: 0.9601 train_c: -1.0882 train_max_dist: 30.1812 train_imax: -0.0000 train_imin: -4.0536 time: 4.5656s
INFO:root:Epoch: 1255 lr: 0.001 train_loss: 19283.3008 train_distortion: 0.1489 train_mapscore: 0.9610 train_c: -1.0883 train_max_dist: 30.2224 train_imax: -0.0000 train_imin: -4.0420 time: 4.6044s
INFO:root:Epoch: 1260 lr: 0.001 train_loss: 19277.5781 train_distortion: 0.1491 train_mapscore: 0.9612 train_c: -1.0884 train_max_dist: 30.2483 train_imax: -0.0000 train_imin: -4.0542 time: 4.5297s
INFO:root:Epoch: 1265 lr: 0.001 train_loss: 19273.1289 train_distortion: 0.1493 train_mapscore: 0.9614 train_c: -1.0885 train_max_dist: 30.2842 train_imax: -0.0000 train_imin: -4.0612 time: 4.5818s
INFO:root:Epoch: 1270 lr: 0.001 train_loss: 19271.8516 train_distortion: 0.1494 train_mapscore: 0.9609 train_c: -1.0887 train_max_dist: 30.3286 train_imax: -0.0000 train_imin: -4.0393 time: 4.5057s
INFO:root:Epoch: 1275 lr: 0.001 train_loss: 19269.4551 train_distortion: 0.1497 train_mapscore: 0.9607 train_c: -1.0888 train_max_dist: 30.3403 train_imax: -0.0000 train_imin: -4.0568 time: 4.5852s
INFO:root:Epoch: 1280 lr: 0.001 train_loss: 19262.5098 train_distortion: 0.1499 train_mapscore: 0.9616 train_c: -1.0889 train_max_dist: 30.3955 train_imax: -0.0000 train_imin: -4.0774 time: 4.5274s
INFO:root:Epoch: 1285 lr: 0.001 train_loss: 19256.1406 train_distortion: 0.1501 train_mapscore: 0.9613 train_c: -1.0890 train_max_dist: 30.4092 train_imax: -0.0000 train_imin: -4.0624 time: 4.6119s
INFO:root:Epoch: 1290 lr: 0.001 train_loss: 19251.2031 train_distortion: 0.1503 train_mapscore: 0.9612 train_c: -1.0891 train_max_dist: 30.4377 train_imax: -0.0000 train_imin: -4.0640 time: 4.4935s
INFO:root:Epoch: 1295 lr: 0.001 train_loss: 19246.2461 train_distortion: 0.1505 train_mapscore: 0.9616 train_c: -1.0892 train_max_dist: 30.4712 train_imax: -0.0000 train_imin: -4.0738 time: 4.6776s
INFO:root:Epoch: 1300 lr: 0.001 train_loss: 19241.9238 train_distortion: 0.1507 train_mapscore: 0.9615 train_c: -1.0893 train_max_dist: 30.5000 train_imax: -0.0000 train_imin: -4.0707 time: 4.5237s
INFO:root:Epoch: 1305 lr: 0.001 train_loss: 19239.3457 train_distortion: 0.1509 train_mapscore: 0.9618 train_c: -1.0895 train_max_dist: 30.5415 train_imax: -0.0000 train_imin: -4.0525 time: 4.6443s
INFO:root:Epoch: 1310 lr: 0.001 train_loss: 19233.8672 train_distortion: 0.1511 train_mapscore: 0.9620 train_c: -1.0896 train_max_dist: 30.5674 train_imax: -0.0000 train_imin: -4.0620 time: 4.4924s
INFO:root:Epoch: 1315 lr: 0.001 train_loss: 19229.3340 train_distortion: 0.1513 train_mapscore: 0.9623 train_c: -1.0897 train_max_dist: 30.5781 train_imax: -0.0000 train_imin: -4.0727 time: 4.5929s
INFO:root:Epoch: 1320 lr: 0.001 train_loss: 19226.4238 train_distortion: 0.1515 train_mapscore: 0.9621 train_c: -1.0898 train_max_dist: 30.6118 train_imax: -0.0000 train_imin: -4.0704 time: 4.4833s
INFO:root:Epoch: 1325 lr: 0.001 train_loss: 19220.6309 train_distortion: 0.1517 train_mapscore: 0.9624 train_c: -1.0899 train_max_dist: 30.6528 train_imax: -0.0000 train_imin: -4.0747 time: 4.5879s
INFO:root:Epoch: 1330 lr: 0.001 train_loss: 19215.9512 train_distortion: 0.1519 train_mapscore: 0.9626 train_c: -1.0900 train_max_dist: 30.6963 train_imax: -0.0000 train_imin: -4.0625 time: 4.5091s
INFO:root:Epoch: 1335 lr: 0.001 train_loss: 19211.1602 train_distortion: 0.1522 train_mapscore: 0.9626 train_c: -1.0901 train_max_dist: 30.7192 train_imax: -0.0000 train_imin: -4.0905 time: 4.6116s
INFO:root:Epoch: 1340 lr: 0.001 train_loss: 19207.9062 train_distortion: 0.1524 train_mapscore: 0.9626 train_c: -1.0902 train_max_dist: 30.7412 train_imax: -0.0000 train_imin: -4.0747 time: 4.4881s
INFO:root:Epoch: 1345 lr: 0.001 train_loss: 19205.2422 train_distortion: 0.1526 train_mapscore: 0.9624 train_c: -1.0904 train_max_dist: 30.7646 train_imax: -0.0000 train_imin: -4.0666 time: 4.5373s
INFO:root:Epoch: 1350 lr: 0.001 train_loss: 19201.0859 train_distortion: 0.1528 train_mapscore: 0.9629 train_c: -1.0905 train_max_dist: 30.8110 train_imax: -0.0000 train_imin: -4.0570 time: 4.5032s
INFO:root:Epoch: 1355 lr: 0.001 train_loss: 19196.0410 train_distortion: 0.1530 train_mapscore: 0.9626 train_c: -1.0906 train_max_dist: 30.8198 train_imax: -0.0000 train_imin: -4.0914 time: 4.7777s
INFO:root:Epoch: 1360 lr: 0.001 train_loss: 19191.8008 train_distortion: 0.1533 train_mapscore: 0.9627 train_c: -1.0907 train_max_dist: 30.8730 train_imax: -0.0000 train_imin: -4.0779 time: 4.3311s
INFO:root:Epoch: 1365 lr: 0.001 train_loss: 19187.5508 train_distortion: 0.1535 train_mapscore: 0.9628 train_c: -1.0908 train_max_dist: 30.8730 train_imax: -0.0000 train_imin: -4.0696 time: 4.7567s
INFO:root:Epoch: 1370 lr: 0.001 train_loss: 19182.3438 train_distortion: 0.1537 train_mapscore: 0.9629 train_c: -1.0909 train_max_dist: 30.9146 train_imax: -0.0000 train_imin: -4.0831 time: 4.6747s
INFO:root:Epoch: 1375 lr: 0.001 train_loss: 19179.3867 train_distortion: 0.1539 train_mapscore: 0.9633 train_c: -1.0910 train_max_dist: 30.9331 train_imax: -0.0000 train_imin: -4.0896 time: 4.5152s
INFO:root:Epoch: 1380 lr: 0.001 train_loss: 19177.1953 train_distortion: 0.1541 train_mapscore: 0.9627 train_c: -1.0911 train_max_dist: 30.9297 train_imax: -0.0000 train_imin: -4.0698 time: 4.6747s
INFO:root:Epoch: 1385 lr: 0.001 train_loss: 19174.4219 train_distortion: 0.1543 train_mapscore: 0.9635 train_c: -1.0913 train_max_dist: 30.9888 train_imax: -0.0000 train_imin: -4.0943 time: 4.6855s
INFO:root:Epoch: 1390 lr: 0.001 train_loss: 19168.8145 train_distortion: 0.1546 train_mapscore: 0.9629 train_c: -1.0914 train_max_dist: 31.0039 train_imax: -0.0000 train_imin: -4.0704 time: 4.4874s
INFO:root:Epoch: 1395 lr: 0.001 train_loss: 19164.8320 train_distortion: 0.1548 train_mapscore: 0.9626 train_c: -1.0915 train_max_dist: 31.0562 train_imax: -0.0000 train_imin: -4.0800 time: 4.4985s
INFO:root:Epoch: 1400 lr: 0.001 train_loss: 19160.1973 train_distortion: 0.1550 train_mapscore: 0.9630 train_c: -1.0916 train_max_dist: 31.0542 train_imax: -0.0000 train_imin: -4.0805 time: 4.6765s
INFO:root:Epoch: 1405 lr: 0.001 train_loss: 19156.3301 train_distortion: 0.1553 train_mapscore: 0.9630 train_c: -1.0917 train_max_dist: 31.0762 train_imax: -0.0000 train_imin: -4.0583 time: 4.5110s
INFO:root:Epoch: 1410 lr: 0.001 train_loss: 19153.1602 train_distortion: 0.1555 train_mapscore: 0.9635 train_c: -1.0918 train_max_dist: 31.1123 train_imax: -0.0000 train_imin: -4.1041 time: 4.7023s
INFO:root:Epoch: 1415 lr: 0.001 train_loss: 19150.4414 train_distortion: 0.1557 train_mapscore: 0.9632 train_c: -1.0919 train_max_dist: 31.1470 train_imax: -0.0000 train_imin: -4.0559 time: 4.7004s
INFO:root:Epoch: 1420 lr: 0.001 train_loss: 19148.3867 train_distortion: 0.1559 train_mapscore: 0.9634 train_c: -1.0920 train_max_dist: 31.1499 train_imax: -0.0000 train_imin: -4.0556 time: 4.6252s
INFO:root:Epoch: 1425 lr: 0.001 train_loss: 19145.2793 train_distortion: 0.1562 train_mapscore: 0.9631 train_c: -1.0921 train_max_dist: 31.1768 train_imax: -0.0000 train_imin: -4.0818 time: 4.7842s
INFO:root:Epoch: 1430 lr: 0.001 train_loss: 19139.3945 train_distortion: 0.1564 train_mapscore: 0.9630 train_c: -1.0923 train_max_dist: 31.1948 train_imax: -0.0000 train_imin: -4.0749 time: 4.5372s
INFO:root:Epoch: 1435 lr: 0.001 train_loss: 19134.5469 train_distortion: 0.1566 train_mapscore: 0.9631 train_c: -1.0924 train_max_dist: 31.2207 train_imax: -0.0000 train_imin: -4.0817 time: 4.6662s
INFO:root:Epoch: 1440 lr: 0.001 train_loss: 19130.7031 train_distortion: 0.1569 train_mapscore: 0.9635 train_c: -1.0925 train_max_dist: 31.2339 train_imax: -0.0000 train_imin: -4.0847 time: 4.6130s
INFO:root:Epoch: 1445 lr: 0.001 train_loss: 19127.6699 train_distortion: 0.1571 train_mapscore: 0.9636 train_c: -1.0926 train_max_dist: 31.2725 train_imax: -0.0000 train_imin: -4.0871 time: 4.6109s
INFO:root:Epoch: 1450 lr: 0.001 train_loss: 19124.8789 train_distortion: 0.1573 train_mapscore: 0.9634 train_c: -1.0927 train_max_dist: 31.2944 train_imax: -0.0000 train_imin: -4.1053 time: 4.6935s
INFO:root:Epoch: 1455 lr: 0.001 train_loss: 19122.3672 train_distortion: 0.1576 train_mapscore: 0.9640 train_c: -1.0928 train_max_dist: 31.3232 train_imax: -0.0000 train_imin: -4.0848 time: 4.7607s
INFO:root:Epoch: 1460 lr: 0.001 train_loss: 19119.3398 train_distortion: 0.1578 train_mapscore: 0.9637 train_c: -1.0929 train_max_dist: 31.3335 train_imax: -0.0000 train_imin: -4.0968 time: 4.4843s
INFO:root:Epoch: 1465 lr: 0.001 train_loss: 19116.6016 train_distortion: 0.1580 train_mapscore: 0.9639 train_c: -1.0930 train_max_dist: 31.3804 train_imax: -0.0000 train_imin: -4.0557 time: 4.6609s
INFO:root:Epoch: 1470 lr: 0.001 train_loss: 19112.4785 train_distortion: 0.1583 train_mapscore: 0.9638 train_c: -1.0931 train_max_dist: 31.4150 train_imax: -0.0000 train_imin: -4.0864 time: 4.3826s
INFO:root:Epoch: 1475 lr: 0.001 train_loss: 19108.8828 train_distortion: 0.1585 train_mapscore: 0.9637 train_c: -1.0933 train_max_dist: 31.4590 train_imax: -0.0000 train_imin: -4.0790 time: 4.4391s
INFO:root:Epoch: 1480 lr: 0.001 train_loss: 19104.1660 train_distortion: 0.1588 train_mapscore: 0.9642 train_c: -1.0934 train_max_dist: 31.4858 train_imax: -0.0000 train_imin: -4.0948 time: 4.7895s
INFO:root:Epoch: 1485 lr: 0.001 train_loss: 19100.9043 train_distortion: 0.1590 train_mapscore: 0.9641 train_c: -1.0935 train_max_dist: 31.5176 train_imax: -0.0000 train_imin: -4.0847 time: 4.5063s
INFO:root:Epoch: 1490 lr: 0.001 train_loss: 19097.2070 train_distortion: 0.1592 train_mapscore: 0.9643 train_c: -1.0936 train_max_dist: 31.5649 train_imax: -0.0000 train_imin: -4.0889 time: 4.6507s
INFO:root:Epoch: 1495 lr: 0.001 train_loss: 19096.1113 train_distortion: 0.1595 train_mapscore: 0.9639 train_c: -1.0937 train_max_dist: 31.5757 train_imax: -0.0000 train_imin: -4.0680 time: 4.4974s
INFO:root:Epoch: 1500 lr: 0.001 train_loss: 19096.4531 train_distortion: 0.1597 train_mapscore: 0.9638 train_c: -1.0938 train_max_dist: 31.6294 train_imax: -0.0000 train_imin: -4.0913 time: 4.7330s
INFO:root:Epoch: 1505 lr: 0.001 train_loss: 19093.2852 train_distortion: 0.1599 train_mapscore: 0.9643 train_c: -1.0939 train_max_dist: 31.6616 train_imax: -0.0000 train_imin: -4.0924 time: 4.7374s
INFO:root:Epoch: 1510 lr: 0.001 train_loss: 19088.3672 train_distortion: 0.1602 train_mapscore: 0.9645 train_c: -1.0940 train_max_dist: 31.6953 train_imax: -0.0000 train_imin: -4.0770 time: 4.6691s
INFO:root:Epoch: 1515 lr: 0.001 train_loss: 19083.2109 train_distortion: 0.1604 train_mapscore: 0.9641 train_c: -1.0941 train_max_dist: 31.7402 train_imax: -0.0000 train_imin: -4.0826 time: 4.5566s
INFO:root:Epoch: 1520 lr: 0.001 train_loss: 19078.3555 train_distortion: 0.1607 train_mapscore: 0.9641 train_c: -1.0942 train_max_dist: 31.7695 train_imax: -0.0000 train_imin: -4.0844 time: 4.4050s
INFO:root:Epoch: 1525 lr: 0.001 train_loss: 19075.3242 train_distortion: 0.1609 train_mapscore: 0.9646 train_c: -1.0944 train_max_dist: 31.7871 train_imax: -0.0000 train_imin: -4.0851 time: 4.5401s
INFO:root:Epoch: 1530 lr: 0.001 train_loss: 19072.9570 train_distortion: 0.1612 train_mapscore: 0.9647 train_c: -1.0945 train_max_dist: 31.8154 train_imax: -0.0000 train_imin: -4.0811 time: 4.3413s
INFO:root:Epoch: 1535 lr: 0.001 train_loss: 19071.2539 train_distortion: 0.1614 train_mapscore: 0.9643 train_c: -1.0946 train_max_dist: 31.8540 train_imax: -0.0000 train_imin: -4.1272 time: 4.7538s
INFO:root:Epoch: 1540 lr: 0.001 train_loss: 19069.4941 train_distortion: 0.1617 train_mapscore: 0.9639 train_c: -1.0947 train_max_dist: 31.8896 train_imax: -0.0000 train_imin: -4.0653 time: 4.6294s
INFO:root:Epoch: 1545 lr: 0.001 train_loss: 19065.5254 train_distortion: 0.1619 train_mapscore: 0.9647 train_c: -1.0948 train_max_dist: 31.9253 train_imax: -0.0000 train_imin: -4.0852 time: 4.6362s
INFO:root:Epoch: 1550 lr: 0.001 train_loss: 19062.6367 train_distortion: 0.1622 train_mapscore: 0.9644 train_c: -1.0949 train_max_dist: 31.9580 train_imax: -0.0000 train_imin: -4.1012 time: 4.5727s
INFO:root:Epoch: 1555 lr: 0.001 train_loss: 19058.2227 train_distortion: 0.1624 train_mapscore: 0.9646 train_c: -1.0950 train_max_dist: 32.0010 train_imax: -0.0000 train_imin: -4.1030 time: 4.5755s
INFO:root:Epoch: 1560 lr: 0.001 train_loss: 19055.9570 train_distortion: 0.1627 train_mapscore: 0.9643 train_c: -1.0951 train_max_dist: 32.0420 train_imax: -0.0000 train_imin: -4.0881 time: 4.5330s
INFO:root:Epoch: 1565 lr: 0.001 train_loss: 19054.1895 train_distortion: 0.1629 train_mapscore: 0.9647 train_c: -1.0952 train_max_dist: 32.0796 train_imax: -0.0000 train_imin: -4.1070 time: 4.7280s
INFO:root:Epoch: 1570 lr: 0.001 train_loss: 19050.7578 train_distortion: 0.1631 train_mapscore: 0.9647 train_c: -1.0953 train_max_dist: 32.1035 train_imax: -0.0000 train_imin: -4.0869 time: 3.3877s
INFO:root:Epoch: 1575 lr: 0.001 train_loss: 19047.4199 train_distortion: 0.1634 train_mapscore: 0.9648 train_c: -1.0955 train_max_dist: 32.1499 train_imax: -0.0000 train_imin: -4.0833 time: 4.2564s
INFO:root:Epoch: 1580 lr: 0.001 train_loss: 19046.2617 train_distortion: 0.1637 train_mapscore: 0.9649 train_c: -1.0956 train_max_dist: 32.1812 train_imax: -0.0000 train_imin: -4.1020 time: 4.5871s
INFO:root:Epoch: 1585 lr: 0.001 train_loss: 19042.7363 train_distortion: 0.1639 train_mapscore: 0.9646 train_c: -1.0957 train_max_dist: 32.2275 train_imax: -0.0000 train_imin: -4.1034 time: 4.4374s
INFO:root:Epoch: 1590 lr: 0.001 train_loss: 19039.8164 train_distortion: 0.1642 train_mapscore: 0.9649 train_c: -1.0958 train_max_dist: 32.2568 train_imax: -0.0000 train_imin: -4.0765 time: 4.8514s
INFO:root:Epoch: 1595 lr: 0.001 train_loss: 19037.8750 train_distortion: 0.1644 train_mapscore: 0.9652 train_c: -1.0959 train_max_dist: 32.3105 train_imax: -0.0000 train_imin: -4.1009 time: 4.4660s
INFO:root:Epoch: 1600 lr: 0.001 train_loss: 19034.3984 train_distortion: 0.1647 train_mapscore: 0.9650 train_c: -1.0960 train_max_dist: 32.3252 train_imax: -0.0000 train_imin: -4.0997 time: 4.5834s
INFO:root:Epoch: 1605 lr: 0.001 train_loss: 19031.6660 train_distortion: 0.1649 train_mapscore: 0.9648 train_c: -1.0961 train_max_dist: 32.3857 train_imax: -0.0000 train_imin: -4.0900 time: 4.5452s
INFO:root:Epoch: 1610 lr: 0.001 train_loss: 19028.3789 train_distortion: 0.1652 train_mapscore: 0.9651 train_c: -1.0962 train_max_dist: 32.4170 train_imax: -0.0000 train_imin: -4.0933 time: 4.5881s
INFO:root:Epoch: 1615 lr: 0.001 train_loss: 19026.2109 train_distortion: 0.1654 train_mapscore: 0.9653 train_c: -1.0963 train_max_dist: 32.4561 train_imax: -0.0000 train_imin: -4.0858 time: 4.4442s
INFO:root:Epoch: 1620 lr: 0.001 train_loss: 19023.8691 train_distortion: 0.1657 train_mapscore: 0.9649 train_c: -1.0964 train_max_dist: 32.4863 train_imax: -0.0000 train_imin: -4.0888 time: 4.5210s
INFO:root:Epoch: 1625 lr: 0.001 train_loss: 19021.1797 train_distortion: 0.1659 train_mapscore: 0.9651 train_c: -1.0966 train_max_dist: 32.5327 train_imax: -0.0000 train_imin: -4.1161 time: 4.4251s
INFO:root:Epoch: 1630 lr: 0.001 train_loss: 19018.8672 train_distortion: 0.1662 train_mapscore: 0.9653 train_c: -1.0967 train_max_dist: 32.5625 train_imax: -0.0000 train_imin: -4.0582 time: 4.5911s
INFO:root:Epoch: 1635 lr: 0.001 train_loss: 19015.9629 train_distortion: 0.1665 train_mapscore: 0.9656 train_c: -1.0968 train_max_dist: 32.6094 train_imax: -0.0000 train_imin: -4.1245 time: 4.6115s
INFO:root:Epoch: 1640 lr: 0.001 train_loss: 19012.8555 train_distortion: 0.1667 train_mapscore: 0.9654 train_c: -1.0969 train_max_dist: 32.6445 train_imax: -0.0000 train_imin: -4.0867 time: 4.7560s
INFO:root:Epoch: 1645 lr: 0.001 train_loss: 19010.8516 train_distortion: 0.1670 train_mapscore: 0.9653 train_c: -1.0970 train_max_dist: 32.6582 train_imax: -0.0000 train_imin: -4.0815 time: 4.6121s
INFO:root:Epoch: 1650 lr: 0.001 train_loss: 19010.3320 train_distortion: 0.1672 train_mapscore: 0.9656 train_c: -1.0971 train_max_dist: 32.7178 train_imax: -0.0000 train_imin: -4.0908 time: 4.6845s
INFO:root:Epoch: 1655 lr: 0.001 train_loss: 19007.4609 train_distortion: 0.1675 train_mapscore: 0.9659 train_c: -1.0972 train_max_dist: 32.7476 train_imax: -0.0000 train_imin: -4.0984 time: 4.4101s
INFO:root:Epoch: 1660 lr: 0.001 train_loss: 19004.4668 train_distortion: 0.1677 train_mapscore: 0.9659 train_c: -1.0973 train_max_dist: 32.7832 train_imax: -0.0000 train_imin: -4.0823 time: 4.6880s
INFO:root:Epoch: 1665 lr: 0.001 train_loss: 19000.2812 train_distortion: 0.1680 train_mapscore: 0.9657 train_c: -1.0974 train_max_dist: 32.8057 train_imax: -0.0000 train_imin: -4.0727 time: 4.5383s
INFO:root:Epoch: 1670 lr: 0.001 train_loss: 18996.8672 train_distortion: 0.1683 train_mapscore: 0.9662 train_c: -1.0975 train_max_dist: 32.8511 train_imax: -0.0000 train_imin: -4.0960 time: 3.4614s
INFO:root:Epoch: 1675 lr: 0.001 train_loss: 18993.8125 train_distortion: 0.1686 train_mapscore: 0.9662 train_c: -1.0977 train_max_dist: 32.8848 train_imax: -0.0000 train_imin: -4.0765 time: 3.5005s
INFO:root:Epoch: 1680 lr: 0.001 train_loss: 18993.0273 train_distortion: 0.1688 train_mapscore: 0.9662 train_c: -1.0978 train_max_dist: 32.9224 train_imax: -0.0000 train_imin: -4.0894 time: 4.6886s
INFO:root:Epoch: 1685 lr: 0.001 train_loss: 18994.0859 train_distortion: 0.1691 train_mapscore: 0.9657 train_c: -1.0979 train_max_dist: 32.9629 train_imax: -0.0000 train_imin: -4.0575 time: 4.5069s
INFO:root:Epoch: 1690 lr: 0.001 train_loss: 18991.1367 train_distortion: 0.1693 train_mapscore: 0.9658 train_c: -1.0980 train_max_dist: 32.9932 train_imax: -0.0000 train_imin: -4.0954 time: 4.8067s
INFO:root:Epoch: 1695 lr: 0.001 train_loss: 18985.9102 train_distortion: 0.1696 train_mapscore: 0.9662 train_c: -1.0981 train_max_dist: 33.0312 train_imax: -0.0000 train_imin: -4.0739 time: 4.7490s
INFO:root:Epoch: 1700 lr: 0.001 train_loss: 18983.0391 train_distortion: 0.1699 train_mapscore: 0.9660 train_c: -1.0982 train_max_dist: 33.0508 train_imax: -0.0000 train_imin: -4.0814 time: 4.4281s
INFO:root:Epoch: 1705 lr: 0.001 train_loss: 18981.3984 train_distortion: 0.1701 train_mapscore: 0.9665 train_c: -1.0983 train_max_dist: 33.0908 train_imax: -0.0000 train_imin: -4.0652 time: 4.7246s
INFO:root:Epoch: 1710 lr: 0.001 train_loss: 18979.7305 train_distortion: 0.1704 train_mapscore: 0.9666 train_c: -1.0984 train_max_dist: 33.1436 train_imax: -0.0000 train_imin: -4.0837 time: 4.4092s
INFO:root:Epoch: 1715 lr: 0.001 train_loss: 18977.6992 train_distortion: 0.1707 train_mapscore: 0.9667 train_c: -1.0985 train_max_dist: 33.1738 train_imax: -0.0000 train_imin: -4.0651 time: 4.4009s
INFO:root:Epoch: 1720 lr: 0.001 train_loss: 18975.3945 train_distortion: 0.1710 train_mapscore: 0.9667 train_c: -1.0986 train_max_dist: 33.1797 train_imax: -0.0000 train_imin: -4.0799 time: 4.5372s
INFO:root:Epoch: 1725 lr: 0.001 train_loss: 18972.3770 train_distortion: 0.1712 train_mapscore: 0.9666 train_c: -1.0987 train_max_dist: 33.2451 train_imax: -0.0000 train_imin: -4.0925 time: 4.4661s
INFO:root:Epoch: 1730 lr: 0.001 train_loss: 18971.1250 train_distortion: 0.1715 train_mapscore: 0.9665 train_c: -1.0989 train_max_dist: 33.2422 train_imax: -0.0000 train_imin: -4.0679 time: 4.6931s
INFO:root:Epoch: 1735 lr: 0.001 train_loss: 18967.9395 train_distortion: 0.1717 train_mapscore: 0.9666 train_c: -1.0990 train_max_dist: 33.2949 train_imax: -0.0000 train_imin: -4.0655 time: 4.5426s
INFO:root:Epoch: 1740 lr: 0.001 train_loss: 18965.6758 train_distortion: 0.1720 train_mapscore: 0.9664 train_c: -1.0991 train_max_dist: 33.3047 train_imax: -0.0000 train_imin: -4.0692 time: 4.5644s
INFO:root:Epoch: 1745 lr: 0.001 train_loss: 18963.1426 train_distortion: 0.1723 train_mapscore: 0.9664 train_c: -1.0992 train_max_dist: 33.3350 train_imax: -0.0000 train_imin: -4.0672 time: 4.4671s
INFO:root:Epoch: 1750 lr: 0.001 train_loss: 18960.6484 train_distortion: 0.1726 train_mapscore: 0.9668 train_c: -1.0993 train_max_dist: 33.3687 train_imax: -0.0000 train_imin: -4.0598 time: 4.4770s
INFO:root:Epoch: 1755 lr: 0.001 train_loss: 18959.5742 train_distortion: 0.1728 train_mapscore: 0.9667 train_c: -1.0994 train_max_dist: 33.4150 train_imax: -0.0000 train_imin: -4.0753 time: 4.4203s
INFO:root:Epoch: 1760 lr: 0.001 train_loss: 18959.1680 train_distortion: 0.1731 train_mapscore: 0.9667 train_c: -1.0995 train_max_dist: 33.4243 train_imax: -0.0000 train_imin: -4.0453 time: 4.6996s
INFO:root:Epoch: 1765 lr: 0.001 train_loss: 18954.8340 train_distortion: 0.1734 train_mapscore: 0.9668 train_c: -1.0996 train_max_dist: 33.4751 train_imax: -0.0000 train_imin: -4.0803 time: 4.4237s
INFO:root:Epoch: 1770 lr: 0.001 train_loss: 18952.4961 train_distortion: 0.1736 train_mapscore: 0.9670 train_c: -1.0997 train_max_dist: 33.4941 train_imax: -0.0000 train_imin: -4.0617 time: 4.6839s
INFO:root:Epoch: 1775 lr: 0.001 train_loss: 18949.9551 train_distortion: 0.1739 train_mapscore: 0.9667 train_c: -1.0998 train_max_dist: 33.5254 train_imax: -0.0000 train_imin: -4.0563 time: 4.4029s
INFO:root:Epoch: 1780 lr: 0.001 train_loss: 18948.9062 train_distortion: 0.1742 train_mapscore: 0.9671 train_c: -1.1000 train_max_dist: 33.5503 train_imax: -0.0000 train_imin: -4.0748 time: 4.5276s
INFO:root:Epoch: 1785 lr: 0.001 train_loss: 18949.1660 train_distortion: 0.1745 train_mapscore: 0.9670 train_c: -1.1001 train_max_dist: 33.5903 train_imax: -0.0000 train_imin: -4.0240 time: 4.4241s
INFO:root:Epoch: 1790 lr: 0.001 train_loss: 18944.5762 train_distortion: 0.1747 train_mapscore: 0.9670 train_c: -1.1002 train_max_dist: 33.6221 train_imax: -0.0000 train_imin: -4.0757 time: 4.6445s
INFO:root:Epoch: 1795 lr: 0.001 train_loss: 18941.7695 train_distortion: 0.1750 train_mapscore: 0.9670 train_c: -1.1003 train_max_dist: 33.6523 train_imax: -0.0000 train_imin: -4.0777 time: 4.5417s
INFO:root:Epoch: 1800 lr: 0.001 train_loss: 18939.1992 train_distortion: 0.1753 train_mapscore: 0.9669 train_c: -1.1004 train_max_dist: 33.6733 train_imax: -0.0000 train_imin: -4.0659 time: 4.5915s
INFO:root:Epoch: 1805 lr: 0.001 train_loss: 18937.7539 train_distortion: 0.1756 train_mapscore: 0.9672 train_c: -1.1005 train_max_dist: 33.7134 train_imax: -0.0000 train_imin: -4.0703 time: 4.4117s
INFO:root:Epoch: 1810 lr: 0.001 train_loss: 18935.6992 train_distortion: 0.1759 train_mapscore: 0.9672 train_c: -1.1006 train_max_dist: 33.7402 train_imax: -0.0000 train_imin: -4.0550 time: 4.8048s
INFO:root:Epoch: 1815 lr: 0.001 train_loss: 18933.7148 train_distortion: 0.1762 train_mapscore: 0.9675 train_c: -1.1007 train_max_dist: 33.7812 train_imax: -0.0000 train_imin: -4.0628 time: 4.6240s
INFO:root:Epoch: 1820 lr: 0.001 train_loss: 18934.8008 train_distortion: 0.1764 train_mapscore: 0.9674 train_c: -1.1008 train_max_dist: 33.7915 train_imax: -0.0000 train_imin: -4.0648 time: 4.6841s
INFO:root:Epoch: 1825 lr: 0.001 train_loss: 18931.3066 train_distortion: 0.1767 train_mapscore: 0.9674 train_c: -1.1009 train_max_dist: 33.8291 train_imax: -0.0000 train_imin: -4.0484 time: 3.5744s
INFO:root:Epoch: 1830 lr: 0.001 train_loss: 18928.8066 train_distortion: 0.1770 train_mapscore: 0.9673 train_c: -1.1011 train_max_dist: 33.8496 train_imax: -0.0000 train_imin: -4.0477 time: 3.5105s
INFO:root:Epoch: 1835 lr: 0.001 train_loss: 18925.7930 train_distortion: 0.1773 train_mapscore: 0.9673 train_c: -1.1012 train_max_dist: 33.8613 train_imax: -0.0000 train_imin: -4.0577 time: 3.5362s
INFO:root:Epoch: 1840 lr: 0.001 train_loss: 18923.9883 train_distortion: 0.1775 train_mapscore: 0.9677 train_c: -1.1013 train_max_dist: 33.9189 train_imax: -0.0000 train_imin: -4.0633 time: 4.6178s
INFO:root:Epoch: 1845 lr: 0.001 train_loss: 18922.6719 train_distortion: 0.1778 train_mapscore: 0.9675 train_c: -1.1014 train_max_dist: 33.9395 train_imax: -0.0000 train_imin: -4.0514 time: 4.7450s
INFO:root:Epoch: 1850 lr: 0.001 train_loss: 18919.0664 train_distortion: 0.1781 train_mapscore: 0.9677 train_c: -1.1015 train_max_dist: 33.9648 train_imax: -0.0000 train_imin: -4.0567 time: 4.5134s
INFO:root:Epoch: 1855 lr: 0.001 train_loss: 18917.1133 train_distortion: 0.1784 train_mapscore: 0.9675 train_c: -1.1016 train_max_dist: 34.0107 train_imax: -0.0000 train_imin: -4.0429 time: 4.7275s
INFO:root:Epoch: 1860 lr: 0.001 train_loss: 18915.9258 train_distortion: 0.1787 train_mapscore: 0.9675 train_c: -1.1017 train_max_dist: 34.0459 train_imax: -0.0000 train_imin: -4.0469 time: 4.7119s
INFO:root:Epoch: 1865 lr: 0.001 train_loss: 18915.2129 train_distortion: 0.1790 train_mapscore: 0.9673 train_c: -1.1018 train_max_dist: 34.0625 train_imax: -0.0000 train_imin: -4.0638 time: 4.4916s
INFO:root:Epoch: 1870 lr: 0.001 train_loss: 18913.9668 train_distortion: 0.1792 train_mapscore: 0.9673 train_c: -1.1019 train_max_dist: 34.0913 train_imax: -0.0000 train_imin: -4.0278 time: 4.7611s
INFO:root:Epoch: 1875 lr: 0.001 train_loss: 18914.9980 train_distortion: 0.1795 train_mapscore: 0.9675 train_c: -1.1020 train_max_dist: 34.1133 train_imax: -0.0000 train_imin: -4.0981 time: 4.6280s
INFO:root:Epoch: 1880 lr: 0.001 train_loss: 18910.5039 train_distortion: 0.1798 train_mapscore: 0.9673 train_c: -1.1022 train_max_dist: 34.1572 train_imax: -0.0000 train_imin: -4.0437 time: 4.7872s
INFO:root:Epoch: 1885 lr: 0.001 train_loss: 18906.9746 train_distortion: 0.1801 train_mapscore: 0.9674 train_c: -1.1023 train_max_dist: 34.1875 train_imax: -0.0000 train_imin: -4.0416 time: 4.6532s
INFO:root:Epoch: 1890 lr: 0.001 train_loss: 18903.8867 train_distortion: 0.1804 train_mapscore: 0.9679 train_c: -1.1024 train_max_dist: 34.2021 train_imax: -0.0000 train_imin: -4.0392 time: 4.7431s
INFO:root:Epoch: 1895 lr: 0.001 train_loss: 18901.4336 train_distortion: 0.1807 train_mapscore: 0.9676 train_c: -1.1025 train_max_dist: 34.2334 train_imax: -0.0000 train_imin: -4.0621 time: 4.3863s
INFO:root:Epoch: 1900 lr: 0.001 train_loss: 18901.1914 train_distortion: 0.1810 train_mapscore: 0.9677 train_c: -1.1026 train_max_dist: 34.2480 train_imax: -0.0000 train_imin: -4.0500 time: 4.3739s
INFO:root:Epoch: 1905 lr: 0.001 train_loss: 18901.9746 train_distortion: 0.1813 train_mapscore: 0.9675 train_c: -1.1027 train_max_dist: 34.2754 train_imax: -0.0000 train_imin: -4.0441 time: 4.4241s
INFO:root:Epoch: 1910 lr: 0.001 train_loss: 18899.0703 train_distortion: 0.1815 train_mapscore: 0.9676 train_c: -1.1028 train_max_dist: 34.3008 train_imax: -0.0000 train_imin: -4.0440 time: 4.7134s
INFO:root:Epoch: 1915 lr: 0.001 train_loss: 18897.7461 train_distortion: 0.1818 train_mapscore: 0.9675 train_c: -1.1029 train_max_dist: 34.3340 train_imax: -0.0000 train_imin: -4.0527 time: 4.4391s
INFO:root:Epoch: 1920 lr: 0.001 train_loss: 18894.8809 train_distortion: 0.1821 train_mapscore: 0.9675 train_c: -1.1030 train_max_dist: 34.3564 train_imax: -0.0000 train_imin: -4.0438 time: 4.5734s
INFO:root:Epoch: 1925 lr: 0.001 train_loss: 18892.5605 train_distortion: 0.1824 train_mapscore: 0.9674 train_c: -1.1031 train_max_dist: 34.3887 train_imax: -0.0000 train_imin: -4.0495 time: 4.6751s
INFO:root:Epoch: 1930 lr: 0.001 train_loss: 18889.5156 train_distortion: 0.1827 train_mapscore: 0.9677 train_c: -1.1033 train_max_dist: 34.4219 train_imax: -0.0000 train_imin: -4.0471 time: 4.5458s
INFO:root:Epoch: 1935 lr: 0.001 train_loss: 18888.3633 train_distortion: 0.1830 train_mapscore: 0.9676 train_c: -1.1034 train_max_dist: 34.4561 train_imax: -0.0000 train_imin: -4.0396 time: 4.7023s
INFO:root:Epoch: 1940 lr: 0.001 train_loss: 18887.1191 train_distortion: 0.1833 train_mapscore: 0.9676 train_c: -1.1035 train_max_dist: 34.4658 train_imax: -0.0000 train_imin: -4.0710 time: 4.4422s
INFO:root:Epoch: 1945 lr: 0.001 train_loss: 18885.3125 train_distortion: 0.1836 train_mapscore: 0.9677 train_c: -1.1036 train_max_dist: 34.5000 train_imax: -0.0000 train_imin: -4.0689 time: 4.5164s
INFO:root:Epoch: 1950 lr: 0.001 train_loss: 18883.6602 train_distortion: 0.1838 train_mapscore: 0.9675 train_c: -1.1037 train_max_dist: 34.5371 train_imax: -0.0000 train_imin: -4.0602 time: 4.4648s
INFO:root:Epoch: 1955 lr: 0.001 train_loss: 18882.5234 train_distortion: 0.1842 train_mapscore: 0.9677 train_c: -1.1038 train_max_dist: 34.5469 train_imax: -0.0000 train_imin: -4.0556 time: 4.5346s
INFO:root:Epoch: 1960 lr: 0.001 train_loss: 18882.5820 train_distortion: 0.1844 train_mapscore: 0.9675 train_c: -1.1039 train_max_dist: 34.5571 train_imax: -0.0000 train_imin: -4.0438 time: 4.7733s
INFO:root:Epoch: 1965 lr: 0.001 train_loss: 18879.9980 train_distortion: 0.1847 train_mapscore: 0.9679 train_c: -1.1040 train_max_dist: 34.5923 train_imax: -0.0000 train_imin: -4.0698 time: 4.5742s
INFO:root:Epoch: 1970 lr: 0.001 train_loss: 18879.4180 train_distortion: 0.1850 train_mapscore: 0.9678 train_c: -1.1041 train_max_dist: 34.6270 train_imax: -0.0000 train_imin: -4.0908 time: 4.7957s
INFO:root:Epoch: 1975 lr: 0.001 train_loss: 18875.1680 train_distortion: 0.1853 train_mapscore: 0.9679 train_c: -1.1042 train_max_dist: 34.6611 train_imax: -0.0000 train_imin: -4.0741 time: 4.6032s
INFO:root:Epoch: 1980 lr: 0.001 train_loss: 18874.5977 train_distortion: 0.1856 train_mapscore: 0.9675 train_c: -1.1044 train_max_dist: 34.6768 train_imax: -0.0000 train_imin: -4.0522 time: 4.1772s
INFO:root:Epoch: 1985 lr: 0.001 train_loss: 18873.8828 train_distortion: 0.1859 train_mapscore: 0.9676 train_c: -1.1045 train_max_dist: 34.7012 train_imax: -0.0000 train_imin: -4.0727 time: 4.6931s
INFO:root:Epoch: 1990 lr: 0.001 train_loss: 18870.2949 train_distortion: 0.1862 train_mapscore: 0.9675 train_c: -1.1046 train_max_dist: 34.7217 train_imax: -0.0000 train_imin: -4.0707 time: 4.6091s
INFO:root:Epoch: 1995 lr: 0.001 train_loss: 18868.8945 train_distortion: 0.1865 train_mapscore: 0.9676 train_c: -1.1047 train_max_dist: 34.7505 train_imax: -0.0000 train_imin: -4.0606 time: 4.8658s
INFO:root:Epoch: 2000 lr: 0.00025 train_loss: 18867.0117 train_distortion: 0.1868 train_mapscore: 0.9675 train_c: -1.1048 train_max_dist: 34.7705 train_imax: -0.0000 train_imin: -4.0581 time: 4.7645s
INFO:root:Optimization Finished!
INFO:root:Total time elapsed: 9049.6337s
INFO:root:Val set results: val_distortion: 1.0000 val_mapscore: -1.0000 val_c: -1.0000 val_max_dist: 0.0000
INFO:root:Test set results: test_loss: 18866.6094 test_distortion: 0.1868 test_mapscore: 0.9677 test_c: -1.1048 test_max_dist: 34.7871 test_imax: -0.0000 test_imin: -4.0846
INFO:root:Saved model in /workspace/xiongbo/hgcn/logs/md/2021_4_30/106
