INFO:root:Using: cuda:0
INFO:root:Using seed 1234.
INFO:root:MDModel(
  (encoder): HGCN(
    (layers): Sequential(
      (0): HyperbolicGraphConvolution(
        (linear): HypLinear(
          in_features=4942, out_features=10, c=Parameter containing:
          tensor([-1.], requires_grad=True)
        )
        (agg): HypAgg(
          c=Parameter containing:
          tensor([-1.], requires_grad=True)
        )
        (hyp_act): HypAct(
          c_in=Parameter containing:
          tensor([-1.], requires_grad=True), c_out=Parameter containing:
          tensor([-1.], requires_grad=True)
        )
      )
    )
  )
  (decoder): MDDecoder()
)
INFO:root:Total number of parameters: 49432
/workspace/anaconda3/envs/geo/lib/python3.7/site-packages/torch/optim/lr_scheduler.py:370: UserWarning: To get the last learning rate computed by the scheduler, please use `get_last_lr()`.
  "please use `get_last_lr()`.", UserWarning)
INFO:root:Epoch: 0005 lr: 0.001 train_loss: 109758.1719 train_distortion: 0.9336 train_mapscore: 0.0096 train_c: -1.0004 train_max_dist: 1.7663 train_imax: -0.0000 train_imin: -1.5291 time: 7.3370s
INFO:root:Epoch: 0010 lr: 0.001 train_loss: 108212.3438 train_distortion: 0.9222 train_mapscore: 0.0234 train_c: -1.0009 train_max_dist: 1.9117 train_imax: -0.0000 train_imin: -1.5542 time: 5.1025s
INFO:root:Epoch: 0015 lr: 0.001 train_loss: 106787.6172 train_distortion: 0.9115 train_mapscore: 0.0478 train_c: -1.0014 train_max_dist: 2.1350 train_imax: -0.0000 train_imin: -1.6046 time: 6.8035s
INFO:root:Epoch: 0020 lr: 0.001 train_loss: 105506.7812 train_distortion: 0.9019 train_mapscore: 0.0786 train_c: -1.0020 train_max_dist: 2.3079 train_imax: -0.0000 train_imin: -1.6305 time: 6.3963s
INFO:root:Epoch: 0025 lr: 0.001 train_loss: 104361.0859 train_distortion: 0.8935 train_mapscore: 0.1178 train_c: -1.0026 train_max_dist: 2.4138 train_imax: -0.0000 train_imin: -1.6542 time: 6.2672s
INFO:root:Epoch: 0030 lr: 0.001 train_loss: 103332.8438 train_distortion: 0.8861 train_mapscore: 0.1544 train_c: -1.0032 train_max_dist: 2.4764 train_imax: -0.0000 train_imin: -1.6876 time: 5.8906s
INFO:root:Epoch: 0035 lr: 0.001 train_loss: 102403.3281 train_distortion: 0.8794 train_mapscore: 0.1942 train_c: -1.0038 train_max_dist: 2.5793 train_imax: -0.0000 train_imin: -1.7587 time: 5.9931s
INFO:root:Epoch: 0040 lr: 0.001 train_loss: 101551.7188 train_distortion: 0.8734 train_mapscore: 0.2284 train_c: -1.0044 train_max_dist: 2.6740 train_imax: -0.0000 train_imin: -1.8543 time: 5.9864s
INFO:root:Epoch: 0045 lr: 0.001 train_loss: 100763.2344 train_distortion: 0.8678 train_mapscore: 0.2618 train_c: -1.0050 train_max_dist: 2.8467 train_imax: -0.0000 train_imin: -1.9057 time: 5.8780s
INFO:root:Epoch: 0050 lr: 0.001 train_loss: 100024.2656 train_distortion: 0.8625 train_mapscore: 0.2945 train_c: -1.0057 train_max_dist: 2.9724 train_imax: -0.0000 train_imin: -1.9156 time: 5.8476s
INFO:root:Epoch: 0055 lr: 0.001 train_loss: 99322.6562 train_distortion: 0.8574 train_mapscore: 0.3222 train_c: -1.0064 train_max_dist: 3.0631 train_imax: -0.0000 train_imin: -1.9188 time: 5.6698s
INFO:root:Epoch: 0060 lr: 0.001 train_loss: 98652.1250 train_distortion: 0.8524 train_mapscore: 0.3436 train_c: -1.0070 train_max_dist: 3.1542 train_imax: -0.0000 train_imin: -1.9457 time: 5.7121s
INFO:root:Epoch: 0065 lr: 0.001 train_loss: 98008.3750 train_distortion: 0.8475 train_mapscore: 0.3607 train_c: -1.0077 train_max_dist: 3.2975 train_imax: -0.0000 train_imin: -1.9607 time: 5.9638s
INFO:root:Epoch: 0070 lr: 0.001 train_loss: 97389.6875 train_distortion: 0.8428 train_mapscore: 0.3793 train_c: -1.0084 train_max_dist: 3.4666 train_imax: -0.0000 train_imin: -1.9678 time: 5.6537s
INFO:root:Epoch: 0075 lr: 0.001 train_loss: 96786.9297 train_distortion: 0.8380 train_mapscore: 0.3940 train_c: -1.0091 train_max_dist: 3.6444 train_imax: -0.0000 train_imin: -1.9834 time: 5.5886s
INFO:root:Epoch: 0080 lr: 0.001 train_loss: 96200.7031 train_distortion: 0.8333 train_mapscore: 0.4087 train_c: -1.0098 train_max_dist: 3.8481 train_imax: -0.0000 train_imin: -2.0257 time: 5.5826s
INFO:root:Epoch: 0085 lr: 0.001 train_loss: 95626.4375 train_distortion: 0.8286 train_mapscore: 0.4241 train_c: -1.0105 train_max_dist: 4.0285 train_imax: -0.0000 train_imin: -2.0812 time: 5.5515s
INFO:root:Epoch: 0090 lr: 0.001 train_loss: 95062.4844 train_distortion: 0.8240 train_mapscore: 0.4350 train_c: -1.0111 train_max_dist: 4.1976 train_imax: -0.0000 train_imin: -2.1296 time: 5.7207s
INFO:root:Epoch: 0095 lr: 0.001 train_loss: 94506.1172 train_distortion: 0.8193 train_mapscore: 0.4473 train_c: -1.0118 train_max_dist: 4.3760 train_imax: -0.0000 train_imin: -2.1538 time: 5.6632s
INFO:root:Epoch: 0100 lr: 0.001 train_loss: 93956.5625 train_distortion: 0.8146 train_mapscore: 0.4565 train_c: -1.0125 train_max_dist: 4.5555 train_imax: -0.0000 train_imin: -2.1733 time: 5.6384s
INFO:root:Epoch: 0105 lr: 0.001 train_loss: 93409.7500 train_distortion: 0.8099 train_mapscore: 0.4686 train_c: -1.0132 train_max_dist: 4.6921 train_imax: -0.0000 train_imin: -2.1836 time: 5.4060s
INFO:root:Epoch: 0110 lr: 0.001 train_loss: 92866.9062 train_distortion: 0.8053 train_mapscore: 0.4800 train_c: -1.0139 train_max_dist: 4.8211 train_imax: -0.0000 train_imin: -2.2325 time: 5.5748s
INFO:root:Epoch: 0115 lr: 0.001 train_loss: 92325.5469 train_distortion: 0.8006 train_mapscore: 0.4965 train_c: -1.0146 train_max_dist: 4.9728 train_imax: -0.0000 train_imin: -2.2768 time: 5.5236s
INFO:root:Epoch: 0120 lr: 0.001 train_loss: 91782.8594 train_distortion: 0.7959 train_mapscore: 0.5126 train_c: -1.0153 train_max_dist: 5.0573 train_imax: -0.0000 train_imin: -2.3196 time: 5.4860s
INFO:root:Epoch: 0125 lr: 0.001 train_loss: 91237.6406 train_distortion: 0.7913 train_mapscore: 0.5274 train_c: -1.0160 train_max_dist: 5.1604 train_imax: -0.0000 train_imin: -2.3572 time: 5.4853s
INFO:root:Epoch: 0130 lr: 0.001 train_loss: 90689.6562 train_distortion: 0.7866 train_mapscore: 0.5449 train_c: -1.0168 train_max_dist: 5.2724 train_imax: -0.0000 train_imin: -2.3736 time: 5.5197s
INFO:root:Epoch: 0135 lr: 0.001 train_loss: 90140.0625 train_distortion: 0.7818 train_mapscore: 0.5578 train_c: -1.0175 train_max_dist: 5.3802 train_imax: -0.0000 train_imin: -2.3983 time: 5.6468s
INFO:root:Epoch: 0140 lr: 0.001 train_loss: 89583.4844 train_distortion: 0.7770 train_mapscore: 0.5754 train_c: -1.0182 train_max_dist: 5.4987 train_imax: -0.0000 train_imin: -2.4057 time: 5.5454s
INFO:root:Epoch: 0145 lr: 0.001 train_loss: 89021.0078 train_distortion: 0.7721 train_mapscore: 0.5923 train_c: -1.0189 train_max_dist: 5.6462 train_imax: -0.0000 train_imin: -2.3832 time: 5.5622s
INFO:root:Epoch: 0150 lr: 0.001 train_loss: 88453.2969 train_distortion: 0.7672 train_mapscore: 0.6077 train_c: -1.0196 train_max_dist: 5.7704 train_imax: -0.0000 train_imin: -2.3645 time: 5.5498s
INFO:root:Epoch: 0155 lr: 0.001 train_loss: 87877.5781 train_distortion: 0.7621 train_mapscore: 0.6239 train_c: -1.0203 train_max_dist: 5.9423 train_imax: -0.0000 train_imin: -2.3421 time: 5.6360s
INFO:root:Epoch: 0160 lr: 0.001 train_loss: 87290.1016 train_distortion: 0.7570 train_mapscore: 0.6403 train_c: -1.0210 train_max_dist: 6.0487 train_imax: -0.0000 train_imin: -2.3089 time: 5.5359s
INFO:root:Epoch: 0165 lr: 0.001 train_loss: 86691.4531 train_distortion: 0.7517 train_mapscore: 0.6564 train_c: -1.0217 train_max_dist: 6.2316 train_imax: -0.0000 train_imin: -2.2871 time: 5.1541s
INFO:root:Epoch: 0170 lr: 0.001 train_loss: 86083.5078 train_distortion: 0.7463 train_mapscore: 0.6722 train_c: -1.0224 train_max_dist: 6.3963 train_imax: -0.0000 train_imin: -2.2065 time: 5.4337s
INFO:root:Epoch: 0175 lr: 0.001 train_loss: 85457.3906 train_distortion: 0.7407 train_mapscore: 0.6875 train_c: -1.0232 train_max_dist: 6.5145 train_imax: -0.0000 train_imin: -2.1291 time: 5.3360s
INFO:root:Epoch: 0180 lr: 0.001 train_loss: 84819.3281 train_distortion: 0.7350 train_mapscore: 0.6992 train_c: -1.0239 train_max_dist: 6.7133 train_imax: -0.0000 train_imin: -2.0763 time: 5.4034s
INFO:root:Epoch: 0185 lr: 0.001 train_loss: 84161.2188 train_distortion: 0.7290 train_mapscore: 0.7122 train_c: -1.0246 train_max_dist: 6.8770 train_imax: -0.0000 train_imin: -2.0698 time: 5.5166s
INFO:root:Epoch: 0190 lr: 0.001 train_loss: 83485.6875 train_distortion: 0.7228 train_mapscore: 0.7246 train_c: -1.0253 train_max_dist: 7.0433 train_imax: -0.0000 train_imin: -2.0557 time: 5.2134s
INFO:root:Epoch: 0195 lr: 0.001 train_loss: 82790.6094 train_distortion: 0.7165 train_mapscore: 0.7359 train_c: -1.0260 train_max_dist: 7.1957 train_imax: -0.0000 train_imin: -2.0330 time: 5.2110s
INFO:root:Epoch: 0200 lr: 0.001 train_loss: 82071.9375 train_distortion: 0.7099 train_mapscore: 0.7451 train_c: -1.0268 train_max_dist: 7.3802 train_imax: -0.0000 train_imin: -2.0203 time: 4.5892s
INFO:root:Epoch: 0205 lr: 0.001 train_loss: 81334.2344 train_distortion: 0.7030 train_mapscore: 0.7562 train_c: -1.0275 train_max_dist: 7.5652 train_imax: -0.0000 train_imin: -1.9937 time: 5.3429s
INFO:root:Epoch: 0210 lr: 0.001 train_loss: 80573.7188 train_distortion: 0.6960 train_mapscore: 0.7597 train_c: -1.0282 train_max_dist: 7.7375 train_imax: -0.0000 train_imin: -1.9664 time: 5.4626s
INFO:root:Epoch: 0215 lr: 0.001 train_loss: 79790.5938 train_distortion: 0.6886 train_mapscore: 0.7681 train_c: -1.0290 train_max_dist: 7.8836 train_imax: -0.0000 train_imin: -1.9192 time: 4.8234s
INFO:root:Epoch: 0220 lr: 0.001 train_loss: 78978.3359 train_distortion: 0.6810 train_mapscore: 0.7765 train_c: -1.0297 train_max_dist: 8.1020 train_imax: -0.0000 train_imin: -1.8919 time: 4.4355s
INFO:root:Epoch: 0225 lr: 0.001 train_loss: 78145.5625 train_distortion: 0.6732 train_mapscore: 0.7828 train_c: -1.0305 train_max_dist: 8.3047 train_imax: -0.0000 train_imin: -1.9323 time: 5.1809s
INFO:root:Epoch: 0230 lr: 0.001 train_loss: 77289.7188 train_distortion: 0.6651 train_mapscore: 0.7902 train_c: -1.0312 train_max_dist: 8.5832 train_imax: -0.0000 train_imin: -1.9499 time: 3.5960s
INFO:root:Epoch: 0235 lr: 0.001 train_loss: 76401.6172 train_distortion: 0.6566 train_mapscore: 0.7950 train_c: -1.0319 train_max_dist: 8.7208 train_imax: -0.0000 train_imin: -1.9584 time: 5.2436s
INFO:root:Epoch: 0240 lr: 0.001 train_loss: 75488.5703 train_distortion: 0.6480 train_mapscore: 0.8025 train_c: -1.0327 train_max_dist: 8.9173 train_imax: -0.0000 train_imin: -1.9984 time: 5.3535s
INFO:root:Epoch: 0245 lr: 0.001 train_loss: 74552.7031 train_distortion: 0.6391 train_mapscore: 0.8086 train_c: -1.0334 train_max_dist: 9.1361 train_imax: -0.0000 train_imin: -2.0487 time: 5.1750s
INFO:root:Epoch: 0250 lr: 0.001 train_loss: 73587.3594 train_distortion: 0.6299 train_mapscore: 0.8133 train_c: -1.0342 train_max_dist: 9.3672 train_imax: -0.0000 train_imin: -2.0958 time: 5.2000s
INFO:root:Epoch: 0255 lr: 0.001 train_loss: 72602.1641 train_distortion: 0.6204 train_mapscore: 0.8229 train_c: -1.0349 train_max_dist: 9.5767 train_imax: -0.0000 train_imin: -2.1462 time: 3.6208s
INFO:root:Epoch: 0260 lr: 0.001 train_loss: 71590.0000 train_distortion: 0.6108 train_mapscore: 0.8235 train_c: -1.0357 train_max_dist: 9.8040 train_imax: -0.0000 train_imin: -2.1767 time: 5.3011s
INFO:root:Epoch: 0265 lr: 0.001 train_loss: 70540.7500 train_distortion: 0.6008 train_mapscore: 0.8335 train_c: -1.0365 train_max_dist: 10.0579 train_imax: -0.0000 train_imin: -2.2296 time: 5.4841s
INFO:root:Epoch: 0270 lr: 0.001 train_loss: 69481.3281 train_distortion: 0.5906 train_mapscore: 0.8384 train_c: -1.0372 train_max_dist: 10.2994 train_imax: -0.0000 train_imin: -2.2581 time: 5.3304s
INFO:root:Epoch: 0275 lr: 0.001 train_loss: 68385.9688 train_distortion: 0.5801 train_mapscore: 0.8413 train_c: -1.0380 train_max_dist: 10.6093 train_imax: -0.0000 train_imin: -2.2816 time: 3.7838s
INFO:root:Epoch: 0280 lr: 0.001 train_loss: 67273.4688 train_distortion: 0.5694 train_mapscore: 0.8457 train_c: -1.0388 train_max_dist: 10.8401 train_imax: -0.0000 train_imin: -2.2964 time: 4.9124s
INFO:root:Epoch: 0285 lr: 0.001 train_loss: 66132.3125 train_distortion: 0.5586 train_mapscore: 0.8509 train_c: -1.0395 train_max_dist: 11.0401 train_imax: -0.0000 train_imin: -2.3172 time: 3.3825s
INFO:root:Epoch: 0290 lr: 0.001 train_loss: 64973.9141 train_distortion: 0.5474 train_mapscore: 0.8557 train_c: -1.0403 train_max_dist: 11.4087 train_imax: -0.0000 train_imin: -2.3028 time: 5.1554s
INFO:root:Epoch: 0295 lr: 0.001 train_loss: 63781.4141 train_distortion: 0.5362 train_mapscore: 0.8654 train_c: -1.0411 train_max_dist: 11.6344 train_imax: -0.0000 train_imin: -2.2853 time: 5.0965s
INFO:root:Epoch: 0300 lr: 0.001 train_loss: 62575.1406 train_distortion: 0.5247 train_mapscore: 0.8678 train_c: -1.0419 train_max_dist: 11.9498 train_imax: -0.0000 train_imin: -2.2706 time: 5.1951s
INFO:root:Epoch: 0305 lr: 0.001 train_loss: 61348.7344 train_distortion: 0.5131 train_mapscore: 0.8754 train_c: -1.0426 train_max_dist: 12.3114 train_imax: -0.0000 train_imin: -2.2698 time: 5.3688s
INFO:root:Epoch: 0310 lr: 0.001 train_loss: 60102.9375 train_distortion: 0.5013 train_mapscore: 0.8791 train_c: -1.0434 train_max_dist: 12.5136 train_imax: -0.0000 train_imin: -2.2405 time: 5.2985s
INFO:root:Epoch: 0315 lr: 0.001 train_loss: 58834.5898 train_distortion: 0.4893 train_mapscore: 0.8806 train_c: -1.0442 train_max_dist: 12.8523 train_imax: -0.0000 train_imin: -2.1951 time: 5.0828s
INFO:root:Epoch: 0320 lr: 0.001 train_loss: 57559.0312 train_distortion: 0.4773 train_mapscore: 0.8901 train_c: -1.0450 train_max_dist: 13.1221 train_imax: -0.0000 train_imin: -2.1434 time: 5.1670s
INFO:root:Epoch: 0325 lr: 0.001 train_loss: 56266.4023 train_distortion: 0.4653 train_mapscore: 0.8894 train_c: -1.0457 train_max_dist: 13.3287 train_imax: -0.0000 train_imin: -2.0951 time: 5.4041s
INFO:root:Epoch: 0330 lr: 0.001 train_loss: 54946.6562 train_distortion: 0.4530 train_mapscore: 0.8981 train_c: -1.0465 train_max_dist: 13.6956 train_imax: -0.0000 train_imin: -2.0945 time: 5.1860s
INFO:root:Epoch: 0335 lr: 0.001 train_loss: 53613.2617 train_distortion: 0.4408 train_mapscore: 0.9044 train_c: -1.0473 train_max_dist: 14.0647 train_imax: -0.0000 train_imin: -2.0908 time: 5.3465s
INFO:root:Epoch: 0340 lr: 0.001 train_loss: 52272.7969 train_distortion: 0.4286 train_mapscore: 0.9079 train_c: -1.0481 train_max_dist: 14.3319 train_imax: -0.0000 train_imin: -2.1088 time: 4.8934s
INFO:root:Epoch: 0345 lr: 0.001 train_loss: 50926.1875 train_distortion: 0.4163 train_mapscore: 0.9086 train_c: -1.0489 train_max_dist: 14.6965 train_imax: -0.0000 train_imin: -2.2048 time: 5.3892s
INFO:root:Epoch: 0350 lr: 0.001 train_loss: 49559.6797 train_distortion: 0.4041 train_mapscore: 0.9162 train_c: -1.0496 train_max_dist: 15.1131 train_imax: -0.0000 train_imin: -2.2374 time: 3.7546s
INFO:root:Epoch: 0355 lr: 0.001 train_loss: 48197.4609 train_distortion: 0.3919 train_mapscore: 0.9221 train_c: -1.0504 train_max_dist: 15.3549 train_imax: -0.0000 train_imin: -2.3434 time: 3.5495s
INFO:root:Epoch: 0360 lr: 0.001 train_loss: 46810.9766 train_distortion: 0.3799 train_mapscore: 0.9269 train_c: -1.0512 train_max_dist: 15.6114 train_imax: -0.0000 train_imin: -2.3792 time: 5.5452s
INFO:root:Epoch: 0365 lr: 0.001 train_loss: 45429.8203 train_distortion: 0.3679 train_mapscore: 0.9328 train_c: -1.0520 train_max_dist: 16.0568 train_imax: -0.0000 train_imin: -2.4164 time: 5.3104s
INFO:root:Epoch: 0370 lr: 0.001 train_loss: 44046.4844 train_distortion: 0.3560 train_mapscore: 0.9356 train_c: -1.0527 train_max_dist: 16.4774 train_imax: -0.0000 train_imin: -2.6076 time: 5.4113s
INFO:root:Epoch: 0375 lr: 0.001 train_loss: 42645.3750 train_distortion: 0.3443 train_mapscore: 0.9413 train_c: -1.0535 train_max_dist: 16.8805 train_imax: -0.0000 train_imin: -2.4961 time: 5.3150s
INFO:root:Epoch: 0380 lr: 0.001 train_loss: 41262.2266 train_distortion: 0.3328 train_mapscore: 0.9428 train_c: -1.0543 train_max_dist: 17.1620 train_imax: -0.0000 train_imin: -2.5700 time: 5.5439s
INFO:root:Epoch: 0385 lr: 0.001 train_loss: 39876.1172 train_distortion: 0.3215 train_mapscore: 0.9470 train_c: -1.0550 train_max_dist: 17.4757 train_imax: -0.0000 train_imin: -2.6949 time: 5.2425s
INFO:root:Epoch: 0390 lr: 0.001 train_loss: 38485.2344 train_distortion: 0.3104 train_mapscore: 0.9506 train_c: -1.0558 train_max_dist: 17.8154 train_imax: -0.0000 train_imin: -2.7193 time: 5.4883s
INFO:root:Epoch: 0395 lr: 0.001 train_loss: 37104.2578 train_distortion: 0.2997 train_mapscore: 0.9535 train_c: -1.0565 train_max_dist: 18.1786 train_imax: -0.0000 train_imin: -2.7765 time: 5.4700s
INFO:root:Epoch: 0400 lr: 0.001 train_loss: 35737.5859 train_distortion: 0.2892 train_mapscore: 0.9557 train_c: -1.0573 train_max_dist: 18.4734 train_imax: -0.0000 train_imin: -3.0849 time: 5.3957s
INFO:root:Epoch: 0405 lr: 0.001 train_loss: 34369.8633 train_distortion: 0.2791 train_mapscore: 0.9596 train_c: -1.0580 train_max_dist: 18.8956 train_imax: -0.0000 train_imin: -3.1279 time: 5.0500s
INFO:root:Epoch: 0410 lr: 0.001 train_loss: 33024.7305 train_distortion: 0.2693 train_mapscore: 0.9620 train_c: -1.0588 train_max_dist: 19.2040 train_imax: -0.0000 train_imin: -3.1412 time: 5.4904s
INFO:root:Epoch: 0415 lr: 0.001 train_loss: 31681.9141 train_distortion: 0.2599 train_mapscore: 0.9645 train_c: -1.0595 train_max_dist: 19.6152 train_imax: -0.0000 train_imin: -3.4188 time: 5.5073s
INFO:root:Epoch: 0420 lr: 0.001 train_loss: 30372.0078 train_distortion: 0.2509 train_mapscore: 0.9694 train_c: -1.0602 train_max_dist: 20.0835 train_imax: -0.0000 train_imin: -3.4200 time: 3.7906s
INFO:root:Epoch: 0425 lr: 0.001 train_loss: 29083.9141 train_distortion: 0.2423 train_mapscore: 0.9697 train_c: -1.0609 train_max_dist: 20.4475 train_imax: -0.0000 train_imin: -3.5506 time: 3.7221s
INFO:root:Epoch: 0430 lr: 0.001 train_loss: 27834.8477 train_distortion: 0.2342 train_mapscore: 0.9710 train_c: -1.0617 train_max_dist: 20.7511 train_imax: -0.0000 train_imin: -3.7655 time: 3.5916s
INFO:root:Epoch: 0435 lr: 0.001 train_loss: 26581.5469 train_distortion: 0.2265 train_mapscore: 0.9741 train_c: -1.0624 train_max_dist: 21.1398 train_imax: -0.0000 train_imin: -3.7585 time: 4.7825s
INFO:root:Epoch: 0440 lr: 0.001 train_loss: 25340.8379 train_distortion: 0.2194 train_mapscore: 0.9780 train_c: -1.0631 train_max_dist: 21.4761 train_imax: -0.0000 train_imin: -4.0172 time: 5.3801s
INFO:root:Epoch: 0445 lr: 0.001 train_loss: 24205.7871 train_distortion: 0.2128 train_mapscore: 0.9790 train_c: -1.0637 train_max_dist: 21.8562 train_imax: -0.0000 train_imin: -4.0778 time: 5.2928s
INFO:root:Epoch: 0450 lr: 0.001 train_loss: 23062.9727 train_distortion: 0.2067 train_mapscore: 0.9820 train_c: -1.0644 train_max_dist: 22.2096 train_imax: -0.0000 train_imin: -4.1657 time: 5.4868s
INFO:root:Epoch: 0455 lr: 0.001 train_loss: 21994.1270 train_distortion: 0.2011 train_mapscore: 0.9828 train_c: -1.0651 train_max_dist: 22.5369 train_imax: -0.0000 train_imin: -4.2550 time: 5.5116s
INFO:root:Epoch: 0460 lr: 0.001 train_loss: 20936.1641 train_distortion: 0.1960 train_mapscore: 0.9841 train_c: -1.0657 train_max_dist: 22.8103 train_imax: -0.0000 train_imin: -4.2489 time: 5.5676s
INFO:root:Epoch: 0465 lr: 0.001 train_loss: 19920.9785 train_distortion: 0.1915 train_mapscore: 0.9867 train_c: -1.0663 train_max_dist: 23.2701 train_imax: -0.0000 train_imin: -4.4445 time: 5.5090s
INFO:root:Epoch: 0470 lr: 0.001 train_loss: 19007.5000 train_distortion: 0.1876 train_mapscore: 0.9881 train_c: -1.0670 train_max_dist: 23.6123 train_imax: -0.0000 train_imin: -4.3544 time: 5.2090s
INFO:root:Epoch: 0475 lr: 0.001 train_loss: 18105.5703 train_distortion: 0.1841 train_mapscore: 0.9894 train_c: -1.0676 train_max_dist: 23.8514 train_imax: -0.0000 train_imin: -4.5742 time: 3.7354s
INFO:root:Epoch: 0480 lr: 0.001 train_loss: 17246.0117 train_distortion: 0.1811 train_mapscore: 0.9910 train_c: -1.0682 train_max_dist: 24.2327 train_imax: -0.0000 train_imin: -4.4709 time: 5.2663s
INFO:root:Epoch: 0485 lr: 0.001 train_loss: 16461.5586 train_distortion: 0.1787 train_mapscore: 0.9922 train_c: -1.0687 train_max_dist: 24.4585 train_imax: -0.0000 train_imin: -4.7818 time: 5.7074s
INFO:root:Epoch: 0490 lr: 0.001 train_loss: 15669.5859 train_distortion: 0.1767 train_mapscore: 0.9934 train_c: -1.0693 train_max_dist: 24.8545 train_imax: -0.0000 train_imin: -4.8874 time: 5.5825s
INFO:root:Epoch: 0495 lr: 0.001 train_loss: 14956.3594 train_distortion: 0.1752 train_mapscore: 0.9930 train_c: -1.0698 train_max_dist: 25.0481 train_imax: -0.0000 train_imin: -4.8225 time: 5.3506s
INFO:root:Epoch: 0500 lr: 0.001 train_loss: 14374.6396 train_distortion: 0.1741 train_mapscore: 0.9942 train_c: -1.0703 train_max_dist: 25.3074 train_imax: -0.0000 train_imin: -5.1795 time: 5.6770s
INFO:root:Epoch: 0505 lr: 0.001 train_loss: 13789.1963 train_distortion: 0.1733 train_mapscore: 0.9951 train_c: -1.0708 train_max_dist: 25.5675 train_imax: -0.0000 train_imin: -4.8968 time: 5.6971s
INFO:root:Epoch: 0510 lr: 0.001 train_loss: 13197.7168 train_distortion: 0.1730 train_mapscore: 0.9955 train_c: -1.0713 train_max_dist: 25.8901 train_imax: -0.0000 train_imin: -4.9711 time: 5.4380s
INFO:root:Epoch: 0515 lr: 0.001 train_loss: 12665.0449 train_distortion: 0.1730 train_mapscore: 0.9960 train_c: -1.0718 train_max_dist: 26.0854 train_imax: -0.0000 train_imin: -5.0555 time: 5.4425s
INFO:root:Epoch: 0520 lr: 0.001 train_loss: 12209.5615 train_distortion: 0.1733 train_mapscore: 0.9966 train_c: -1.0722 train_max_dist: 26.3497 train_imax: -0.0000 train_imin: -5.1273 time: 5.4827s
INFO:root:Epoch: 0525 lr: 0.001 train_loss: 11791.8340 train_distortion: 0.1739 train_mapscore: 0.9969 train_c: -1.0727 train_max_dist: 26.5953 train_imax: -0.0000 train_imin: -5.0374 time: 5.5032s
INFO:root:Epoch: 0530 lr: 0.001 train_loss: 11408.5371 train_distortion: 0.1748 train_mapscore: 0.9969 train_c: -1.0731 train_max_dist: 26.9373 train_imax: -0.0000 train_imin: -5.0346 time: 5.4525s
INFO:root:Epoch: 0535 lr: 0.001 train_loss: 10998.4980 train_distortion: 0.1757 train_mapscore: 0.9972 train_c: -1.0735 train_max_dist: 27.0898 train_imax: -0.0000 train_imin: -4.9727 time: 5.6444s
INFO:root:Epoch: 0540 lr: 0.001 train_loss: 10613.9814 train_distortion: 0.1769 train_mapscore: 0.9978 train_c: -1.0739 train_max_dist: 27.3306 train_imax: -0.0000 train_imin: -5.1176 time: 5.3444s
INFO:root:Epoch: 0545 lr: 0.001 train_loss: 10321.1631 train_distortion: 0.1785 train_mapscore: 0.9979 train_c: -1.0742 train_max_dist: 27.5261 train_imax: -0.0000 train_imin: -5.0852 time: 5.6875s
INFO:root:Epoch: 0550 lr: 0.001 train_loss: 10060.7158 train_distortion: 0.1800 train_mapscore: 0.9976 train_c: -1.0746 train_max_dist: 27.7021 train_imax: -0.0000 train_imin: -5.0774 time: 5.6170s
INFO:root:Epoch: 0555 lr: 0.001 train_loss: 9754.7070 train_distortion: 0.1817 train_mapscore: 0.9977 train_c: -1.0749 train_max_dist: 27.8789 train_imax: -0.0000 train_imin: -5.1381 time: 5.5504s
INFO:root:Epoch: 0560 lr: 0.001 train_loss: 9504.9395 train_distortion: 0.1836 train_mapscore: 0.9979 train_c: -1.0753 train_max_dist: 28.0854 train_imax: -0.0000 train_imin: -5.0277 time: 5.6249s
INFO:root:Epoch: 0565 lr: 0.001 train_loss: 9311.7031 train_distortion: 0.1855 train_mapscore: 0.9979 train_c: -1.0756 train_max_dist: 28.2820 train_imax: -0.0000 train_imin: -5.3647 time: 5.7062s
INFO:root:Epoch: 0570 lr: 0.001 train_loss: 9060.5938 train_distortion: 0.1875 train_mapscore: 0.9982 train_c: -1.0759 train_max_dist: 28.4607 train_imax: -0.0000 train_imin: -5.0288 time: 5.5111s
INFO:root:Epoch: 0575 lr: 0.001 train_loss: 8879.0566 train_distortion: 0.1895 train_mapscore: 0.9981 train_c: -1.0762 train_max_dist: 28.6382 train_imax: -0.0000 train_imin: -5.1589 time: 5.6088s
INFO:root:Epoch: 0580 lr: 0.001 train_loss: 8695.6230 train_distortion: 0.1916 train_mapscore: 0.9982 train_c: -1.0765 train_max_dist: 28.8008 train_imax: -0.0000 train_imin: -5.0146 time: 5.6245s
INFO:root:Epoch: 0585 lr: 0.001 train_loss: 8501.9727 train_distortion: 0.1938 train_mapscore: 0.9984 train_c: -1.0767 train_max_dist: 28.9492 train_imax: -0.0000 train_imin: -5.1217 time: 5.5318s
INFO:root:Epoch: 0590 lr: 0.001 train_loss: 8373.8936 train_distortion: 0.1961 train_mapscore: 0.9986 train_c: -1.0770 train_max_dist: 29.1243 train_imax: -0.0000 train_imin: -5.1389 time: 5.1583s
INFO:root:Epoch: 0595 lr: 0.001 train_loss: 8232.9609 train_distortion: 0.1982 train_mapscore: 0.9985 train_c: -1.0772 train_max_dist: 29.2769 train_imax: -0.0000 train_imin: -5.0641 time: 5.6909s
INFO:root:Epoch: 0600 lr: 0.001 train_loss: 8115.3594 train_distortion: 0.2004 train_mapscore: 0.9983 train_c: -1.0775 train_max_dist: 29.3850 train_imax: -0.0000 train_imin: -4.9901 time: 5.7827s
INFO:root:Epoch: 0605 lr: 0.001 train_loss: 7952.9614 train_distortion: 0.2026 train_mapscore: 0.9987 train_c: -1.0777 train_max_dist: 29.5649 train_imax: -0.0000 train_imin: -5.0010 time: 5.3971s
INFO:root:Epoch: 0610 lr: 0.001 train_loss: 7772.3857 train_distortion: 0.2048 train_mapscore: 0.9986 train_c: -1.0780 train_max_dist: 29.6943 train_imax: -0.0000 train_imin: -5.0018 time: 5.5454s
INFO:root:Epoch: 0615 lr: 0.001 train_loss: 7671.7959 train_distortion: 0.2073 train_mapscore: 0.9989 train_c: -1.0782 train_max_dist: 29.7803 train_imax: -0.0000 train_imin: -5.1628 time: 5.6363s
INFO:root:Epoch: 0620 lr: 0.001 train_loss: 7580.4927 train_distortion: 0.2095 train_mapscore: 0.9989 train_c: -1.0784 train_max_dist: 29.9475 train_imax: -0.0000 train_imin: -5.1239 time: 5.6162s
INFO:root:Epoch: 0625 lr: 0.001 train_loss: 7556.7173 train_distortion: 0.2118 train_mapscore: 0.9989 train_c: -1.0786 train_max_dist: 30.0767 train_imax: -0.0000 train_imin: -4.9856 time: 5.6286s
INFO:root:Epoch: 0630 lr: 0.001 train_loss: 7436.4668 train_distortion: 0.2141 train_mapscore: 0.9985 train_c: -1.0788 train_max_dist: 30.1934 train_imax: -0.0000 train_imin: -4.9596 time: 5.6466s
INFO:root:Epoch: 0635 lr: 0.001 train_loss: 7405.2134 train_distortion: 0.2163 train_mapscore: 0.9988 train_c: -1.0790 train_max_dist: 30.2729 train_imax: -0.0000 train_imin: -4.9420 time: 5.4754s
INFO:root:Epoch: 0640 lr: 0.001 train_loss: 7283.5410 train_distortion: 0.2186 train_mapscore: 0.9990 train_c: -1.0792 train_max_dist: 30.3706 train_imax: -0.0000 train_imin: -5.0188 time: 5.7601s
INFO:root:Epoch: 0645 lr: 0.001 train_loss: 7187.6675 train_distortion: 0.2207 train_mapscore: 0.9988 train_c: -1.0794 train_max_dist: 30.5352 train_imax: -0.0000 train_imin: -4.9978 time: 5.4605s
INFO:root:Epoch: 0650 lr: 0.001 train_loss: 7130.5303 train_distortion: 0.2230 train_mapscore: 0.9989 train_c: -1.0796 train_max_dist: 30.5894 train_imax: -0.0000 train_imin: -4.9950 time: 5.6008s
INFO:root:Epoch: 0655 lr: 0.001 train_loss: 7028.7852 train_distortion: 0.2252 train_mapscore: 0.9988 train_c: -1.0798 train_max_dist: 30.7100 train_imax: -0.0000 train_imin: -4.9539 time: 5.4891s
INFO:root:Epoch: 0660 lr: 0.001 train_loss: 6980.1289 train_distortion: 0.2273 train_mapscore: 0.9989 train_c: -1.0799 train_max_dist: 30.8059 train_imax: -0.0000 train_imin: -5.0506 time: 5.6024s
INFO:root:Epoch: 0665 lr: 0.001 train_loss: 6863.1919 train_distortion: 0.2296 train_mapscore: 0.9987 train_c: -1.0801 train_max_dist: 30.8921 train_imax: -0.0000 train_imin: -4.9849 time: 5.5708s
INFO:root:Epoch: 0670 lr: 0.001 train_loss: 6830.6396 train_distortion: 0.2318 train_mapscore: 0.9988 train_c: -1.0803 train_max_dist: 31.0112 train_imax: -0.0000 train_imin: -4.8660 time: 5.4471s
INFO:root:Epoch: 0675 lr: 0.001 train_loss: 6773.0742 train_distortion: 0.2339 train_mapscore: 0.9988 train_c: -1.0804 train_max_dist: 31.0425 train_imax: -0.0000 train_imin: -4.9780 time: 5.6113s
INFO:root:Epoch: 0680 lr: 0.001 train_loss: 6731.2734 train_distortion: 0.2360 train_mapscore: 0.9990 train_c: -1.0806 train_max_dist: 31.1694 train_imax: -0.0000 train_imin: -4.8935 time: 5.5874s
INFO:root:Epoch: 0685 lr: 0.001 train_loss: 6692.7173 train_distortion: 0.2381 train_mapscore: 0.9989 train_c: -1.0808 train_max_dist: 31.3123 train_imax: -0.0000 train_imin: -4.8347 time: 5.5072s
INFO:root:Epoch: 0690 lr: 0.001 train_loss: 6609.7061 train_distortion: 0.2401 train_mapscore: 0.9990 train_c: -1.0809 train_max_dist: 31.3599 train_imax: -0.0000 train_imin: -4.5906 time: 5.7280s
INFO:root:Epoch: 0695 lr: 0.001 train_loss: 6529.1250 train_distortion: 0.2422 train_mapscore: 0.9989 train_c: -1.0811 train_max_dist: 31.4736 train_imax: -0.0000 train_imin: -4.8782 time: 5.7012s
INFO:root:Epoch: 0700 lr: 0.001 train_loss: 6518.8740 train_distortion: 0.2443 train_mapscore: 0.9991 train_c: -1.0812 train_max_dist: 31.5122 train_imax: -0.0000 train_imin: -4.7748 time: 3.6956s
INFO:root:Epoch: 0705 lr: 0.001 train_loss: 6481.8145 train_distortion: 0.2463 train_mapscore: 0.9991 train_c: -1.0814 train_max_dist: 31.6025 train_imax: -0.0000 train_imin: -4.8334 time: 3.6658s
INFO:root:Epoch: 0710 lr: 0.001 train_loss: 6382.9766 train_distortion: 0.2482 train_mapscore: 0.9990 train_c: -1.0815 train_max_dist: 31.6526 train_imax: -0.0000 train_imin: -4.7114 time: 5.4453s
INFO:root:Epoch: 0715 lr: 0.001 train_loss: 6369.8193 train_distortion: 0.2502 train_mapscore: 0.9990 train_c: -1.0816 train_max_dist: 31.7559 train_imax: -0.0000 train_imin: -4.7238 time: 5.6333s
INFO:root:Epoch: 0720 lr: 0.001 train_loss: 6373.1289 train_distortion: 0.2522 train_mapscore: 0.9991 train_c: -1.0818 train_max_dist: 31.8179 train_imax: -0.0000 train_imin: -4.7464 time: 3.7004s
INFO:root:Epoch: 0725 lr: 0.001 train_loss: 6317.7217 train_distortion: 0.2541 train_mapscore: 0.9991 train_c: -1.0819 train_max_dist: 31.8569 train_imax: -0.0000 train_imin: -4.6527 time: 3.7274s
INFO:root:Epoch: 0730 lr: 0.001 train_loss: 6249.6113 train_distortion: 0.2560 train_mapscore: 0.9991 train_c: -1.0820 train_max_dist: 31.9521 train_imax: -0.0000 train_imin: -4.6676 time: 5.6100s
INFO:root:Epoch: 0735 lr: 0.001 train_loss: 6224.6050 train_distortion: 0.2579 train_mapscore: 0.9990 train_c: -1.0822 train_max_dist: 32.0190 train_imax: -0.0000 train_imin: -4.6682 time: 5.7497s
INFO:root:Epoch: 0740 lr: 0.001 train_loss: 6185.8677 train_distortion: 0.2599 train_mapscore: 0.9990 train_c: -1.0823 train_max_dist: 32.1257 train_imax: -0.0000 train_imin: -4.5977 time: 5.3624s
INFO:root:Epoch: 0745 lr: 0.001 train_loss: 6098.3652 train_distortion: 0.2617 train_mapscore: 0.9991 train_c: -1.0824 train_max_dist: 32.1436 train_imax: -0.0000 train_imin: -4.6717 time: 5.6443s
INFO:root:Epoch: 0750 lr: 0.001 train_loss: 6059.6743 train_distortion: 0.2635 train_mapscore: 0.9990 train_c: -1.0825 train_max_dist: 32.2290 train_imax: -0.0000 train_imin: -4.6369 time: 3.6847s
INFO:root:Epoch: 0755 lr: 0.001 train_loss: 6034.5059 train_distortion: 0.2653 train_mapscore: 0.9990 train_c: -1.0827 train_max_dist: 32.2808 train_imax: -0.0000 train_imin: -4.5660 time: 3.6664s
INFO:root:Epoch: 0760 lr: 0.001 train_loss: 6053.2925 train_distortion: 0.2672 train_mapscore: 0.9992 train_c: -1.0828 train_max_dist: 32.3386 train_imax: -0.0000 train_imin: -4.7230 time: 3.8067s
INFO:root:Epoch: 0765 lr: 0.001 train_loss: 6005.3994 train_distortion: 0.2690 train_mapscore: 0.9991 train_c: -1.0829 train_max_dist: 32.4165 train_imax: -0.0000 train_imin: -4.5320 time: 5.6835s
INFO:root:Epoch: 0770 lr: 0.001 train_loss: 5987.0771 train_distortion: 0.2709 train_mapscore: 0.9993 train_c: -1.0830 train_max_dist: 32.4717 train_imax: -0.0000 train_imin: -4.5795 time: 3.7414s
INFO:root:Epoch: 0775 lr: 0.001 train_loss: 5938.0859 train_distortion: 0.2726 train_mapscore: 0.9993 train_c: -1.0831 train_max_dist: 32.5332 train_imax: -0.0000 train_imin: -4.4709 time: 5.3910s
INFO:root:Epoch: 0780 lr: 0.001 train_loss: 5942.4902 train_distortion: 0.2743 train_mapscore: 0.9991 train_c: -1.0833 train_max_dist: 32.5742 train_imax: -0.0000 train_imin: -4.6741 time: 5.4900s
INFO:root:Epoch: 0785 lr: 0.001 train_loss: 5889.8398 train_distortion: 0.2761 train_mapscore: 0.9991 train_c: -1.0834 train_max_dist: 32.6362 train_imax: -0.0000 train_imin: -4.4711 time: 5.5304s
INFO:root:Epoch: 0790 lr: 0.001 train_loss: 5861.3105 train_distortion: 0.2777 train_mapscore: 0.9992 train_c: -1.0835 train_max_dist: 32.6816 train_imax: -0.0000 train_imin: -4.5713 time: 5.5978s
INFO:root:Epoch: 0795 lr: 0.001 train_loss: 5849.7344 train_distortion: 0.2795 train_mapscore: 0.9993 train_c: -1.0836 train_max_dist: 32.7490 train_imax: -0.0000 train_imin: -4.5502 time: 5.5268s
INFO:root:Epoch: 0800 lr: 0.001 train_loss: 5799.9771 train_distortion: 0.2812 train_mapscore: 0.9990 train_c: -1.0837 train_max_dist: 32.7935 train_imax: -0.0000 train_imin: -4.5020 time: 5.6069s
INFO:root:Epoch: 0805 lr: 0.001 train_loss: 5773.4727 train_distortion: 0.2828 train_mapscore: 0.9992 train_c: -1.0838 train_max_dist: 32.8726 train_imax: -0.0000 train_imin: -4.5401 time: 3.6424s
INFO:root:Epoch: 0810 lr: 0.001 train_loss: 5797.5596 train_distortion: 0.2845 train_mapscore: 0.9992 train_c: -1.0839 train_max_dist: 32.9111 train_imax: -0.0000 train_imin: -4.4944 time: 3.6574s
INFO:root:Epoch: 0815 lr: 0.001 train_loss: 5715.8945 train_distortion: 0.2861 train_mapscore: 0.9992 train_c: -1.0840 train_max_dist: 32.9614 train_imax: -0.0000 train_imin: -4.5037 time: 5.6111s
INFO:root:Epoch: 0820 lr: 0.001 train_loss: 5717.8848 train_distortion: 0.2877 train_mapscore: 0.9993 train_c: -1.0841 train_max_dist: 33.0171 train_imax: -0.0000 train_imin: -4.3478 time: 5.2854s
INFO:root:Epoch: 0825 lr: 0.001 train_loss: 5668.2529 train_distortion: 0.2893 train_mapscore: 0.9991 train_c: -1.0842 train_max_dist: 33.0581 train_imax: -0.0000 train_imin: -4.4252 time: 5.5212s
INFO:root:Epoch: 0830 lr: 0.001 train_loss: 5691.0811 train_distortion: 0.2909 train_mapscore: 0.9992 train_c: -1.0843 train_max_dist: 33.1001 train_imax: -0.0000 train_imin: -4.5248 time: 5.5323s
INFO:root:Epoch: 0835 lr: 0.001 train_loss: 5674.5571 train_distortion: 0.2924 train_mapscore: 0.9994 train_c: -1.0844 train_max_dist: 33.1353 train_imax: -0.0000 train_imin: -4.4615 time: 5.6871s
INFO:root:Epoch: 0840 lr: 0.001 train_loss: 5670.4238 train_distortion: 0.2939 train_mapscore: 0.9993 train_c: -1.0845 train_max_dist: 33.1738 train_imax: -0.0000 train_imin: -4.4027 time: 5.3815s
INFO:root:Epoch: 0845 lr: 0.001 train_loss: 5625.8774 train_distortion: 0.2954 train_mapscore: 0.9993 train_c: -1.0846 train_max_dist: 33.2295 train_imax: -0.0000 train_imin: -4.4046 time: 5.4724s
INFO:root:Epoch: 0850 lr: 0.001 train_loss: 5585.4521 train_distortion: 0.2970 train_mapscore: 0.9992 train_c: -1.0847 train_max_dist: 33.3267 train_imax: -0.0000 train_imin: -4.4005 time: 5.6045s
INFO:root:Epoch: 0855 lr: 0.001 train_loss: 5583.6289 train_distortion: 0.2985 train_mapscore: 0.9993 train_c: -1.0848 train_max_dist: 33.3252 train_imax: -0.0000 train_imin: -4.4653 time: 5.6971s
INFO:root:Epoch: 0860 lr: 0.001 train_loss: 5580.7524 train_distortion: 0.3000 train_mapscore: 0.9994 train_c: -1.0849 train_max_dist: 33.3799 train_imax: -0.0000 train_imin: -4.4174 time: 5.5781s
INFO:root:Epoch: 0865 lr: 0.001 train_loss: 5557.8936 train_distortion: 0.3015 train_mapscore: 0.9992 train_c: -1.0850 train_max_dist: 33.4253 train_imax: -0.0000 train_imin: -4.4187 time: 5.3990s
INFO:root:Epoch: 0870 lr: 0.001 train_loss: 5517.8027 train_distortion: 0.3030 train_mapscore: 0.9990 train_c: -1.0851 train_max_dist: 33.4727 train_imax: -0.0000 train_imin: -4.4861 time: 5.4513s
INFO:root:Epoch: 0875 lr: 0.001 train_loss: 5505.6367 train_distortion: 0.3045 train_mapscore: 0.9994 train_c: -1.0852 train_max_dist: 33.5210 train_imax: -0.0000 train_imin: -4.3459 time: 5.5866s
INFO:root:Epoch: 0880 lr: 0.001 train_loss: 5494.0171 train_distortion: 0.3058 train_mapscore: 0.9993 train_c: -1.0853 train_max_dist: 33.5703 train_imax: -0.0000 train_imin: -4.3642 time: 3.7210s
INFO:root:Epoch: 0885 lr: 0.001 train_loss: 5459.9995 train_distortion: 0.3072 train_mapscore: 0.9994 train_c: -1.0854 train_max_dist: 33.6074 train_imax: -0.0000 train_imin: -4.4257 time: 3.7255s
INFO:root:Epoch: 0890 lr: 0.001 train_loss: 5478.5356 train_distortion: 0.3086 train_mapscore: 0.9990 train_c: -1.0855 train_max_dist: 33.6357 train_imax: -0.0000 train_imin: -4.2931 time: 3.7249s
INFO:root:Epoch: 0895 lr: 0.001 train_loss: 5448.5444 train_distortion: 0.3101 train_mapscore: 0.9994 train_c: -1.0856 train_max_dist: 33.6914 train_imax: -0.0000 train_imin: -4.3606 time: 5.6467s
INFO:root:Epoch: 0900 lr: 0.001 train_loss: 5404.0156 train_distortion: 0.3115 train_mapscore: 0.9991 train_c: -1.0857 train_max_dist: 33.7520 train_imax: -0.0000 train_imin: -4.4270 time: 5.5261s
INFO:root:Epoch: 0905 lr: 0.001 train_loss: 5369.6875 train_distortion: 0.3128 train_mapscore: 0.9992 train_c: -1.0858 train_max_dist: 33.7700 train_imax: -0.0000 train_imin: -4.2452 time: 5.5335s
INFO:root:Epoch: 0910 lr: 0.001 train_loss: 5421.3291 train_distortion: 0.3142 train_mapscore: 0.9993 train_c: -1.0859 train_max_dist: 33.8032 train_imax: -0.0000 train_imin: -4.4499 time: 5.6193s
INFO:root:Epoch: 0915 lr: 0.001 train_loss: 5349.1211 train_distortion: 0.3155 train_mapscore: 0.9995 train_c: -1.0860 train_max_dist: 33.8486 train_imax: -0.0000 train_imin: -4.2813 time: 5.4032s
INFO:root:Epoch: 0920 lr: 0.001 train_loss: 5313.9609 train_distortion: 0.3167 train_mapscore: 0.9993 train_c: -1.0860 train_max_dist: 33.8804 train_imax: -0.0000 train_imin: -4.3430 time: 5.5414s
INFO:root:Epoch: 0925 lr: 0.001 train_loss: 5346.9585 train_distortion: 0.3181 train_mapscore: 0.9992 train_c: -1.0861 train_max_dist: 33.9277 train_imax: -0.0000 train_imin: -4.3268 time: 5.4213s
INFO:root:Epoch: 0930 lr: 0.001 train_loss: 5353.0884 train_distortion: 0.3195 train_mapscore: 0.9994 train_c: -1.0862 train_max_dist: 33.9434 train_imax: -0.0000 train_imin: -4.3284 time: 5.4748s
INFO:root:Epoch: 0935 lr: 0.001 train_loss: 5333.2725 train_distortion: 0.3208 train_mapscore: 0.9993 train_c: -1.0863 train_max_dist: 33.9976 train_imax: -0.0000 train_imin: -4.2085 time: 5.4685s
INFO:root:Epoch: 0940 lr: 0.001 train_loss: 5364.2080 train_distortion: 0.3220 train_mapscore: 0.9993 train_c: -1.0864 train_max_dist: 34.0254 train_imax: -0.0000 train_imin: -4.3335 time: 5.6302s
INFO:root:Epoch: 0945 lr: 0.001 train_loss: 5305.5151 train_distortion: 0.3233 train_mapscore: 0.9995 train_c: -1.0865 train_max_dist: 34.1143 train_imax: -0.0000 train_imin: -4.2734 time: 5.4489s
INFO:root:Epoch: 0950 lr: 0.001 train_loss: 5262.7129 train_distortion: 0.3247 train_mapscore: 0.9994 train_c: -1.0866 train_max_dist: 34.1230 train_imax: -0.0000 train_imin: -4.2917 time: 5.1991s
INFO:root:Epoch: 0955 lr: 0.001 train_loss: 5238.1299 train_distortion: 0.3258 train_mapscore: 0.9994 train_c: -1.0866 train_max_dist: 34.1333 train_imax: -0.0000 train_imin: -4.2596 time: 3.7202s
INFO:root:Epoch: 0960 lr: 0.001 train_loss: 5254.6274 train_distortion: 0.3270 train_mapscore: 0.9995 train_c: -1.0867 train_max_dist: 34.1787 train_imax: -0.0000 train_imin: -4.2547 time: 3.7054s
INFO:root:Epoch: 0965 lr: 0.001 train_loss: 5243.3062 train_distortion: 0.3283 train_mapscore: 0.9993 train_c: -1.0868 train_max_dist: 34.2324 train_imax: -0.0000 train_imin: -4.3038 time: 5.6148s
INFO:root:Epoch: 0970 lr: 0.001 train_loss: 5260.0674 train_distortion: 0.3296 train_mapscore: 0.9993 train_c: -1.0869 train_max_dist: 34.2642 train_imax: -0.0000 train_imin: -4.3005 time: 5.5285s
INFO:root:Epoch: 0975 lr: 0.001 train_loss: 5204.0693 train_distortion: 0.3307 train_mapscore: 0.9995 train_c: -1.0870 train_max_dist: 34.2959 train_imax: -0.0000 train_imin: -4.2303 time: 5.6432s
INFO:root:Epoch: 0980 lr: 0.001 train_loss: 5232.6133 train_distortion: 0.3319 train_mapscore: 0.9994 train_c: -1.0871 train_max_dist: 34.3638 train_imax: -0.0000 train_imin: -4.3591 time: 5.4561s
INFO:root:Epoch: 0985 lr: 0.001 train_loss: 5183.3623 train_distortion: 0.3331 train_mapscore: 0.9995 train_c: -1.0871 train_max_dist: 34.3848 train_imax: -0.0000 train_imin: -4.2293 time: 5.4808s
INFO:root:Epoch: 0990 lr: 0.001 train_loss: 5185.4390 train_distortion: 0.3343 train_mapscore: 0.9992 train_c: -1.0872 train_max_dist: 34.4028 train_imax: -0.0000 train_imin: -4.3135 time: 5.5519s
INFO:root:Epoch: 0995 lr: 0.001 train_loss: 5176.1782 train_distortion: 0.3354 train_mapscore: 0.9993 train_c: -1.0873 train_max_dist: 34.4297 train_imax: -0.0000 train_imin: -4.2510 time: 5.4734s
INFO:root:Epoch: 1000 lr: 0.001 train_loss: 5166.0615 train_distortion: 0.3365 train_mapscore: 0.9993 train_c: -1.0874 train_max_dist: 34.4565 train_imax: -0.0000 train_imin: -4.2413 time: 5.6091s
INFO:root:Epoch: 1005 lr: 0.001 train_loss: 5171.4600 train_distortion: 0.3378 train_mapscore: 0.9995 train_c: -1.0875 train_max_dist: 34.5029 train_imax: -0.0000 train_imin: -4.2328 time: 5.4997s
INFO:root:Epoch: 1010 lr: 0.001 train_loss: 5142.9629 train_distortion: 0.3388 train_mapscore: 0.9994 train_c: -1.0875 train_max_dist: 34.5054 train_imax: -0.0000 train_imin: -4.1534 time: 5.5017s
INFO:root:Epoch: 1015 lr: 0.001 train_loss: 5144.8301 train_distortion: 0.3400 train_mapscore: 0.9990 train_c: -1.0876 train_max_dist: 34.5518 train_imax: -0.0000 train_imin: -4.2233 time: 5.2280s
INFO:root:Epoch: 1020 lr: 0.001 train_loss: 5119.2456 train_distortion: 0.3412 train_mapscore: 0.9993 train_c: -1.0877 train_max_dist: 34.5581 train_imax: -0.0000 train_imin: -4.2126 time: 5.5715s
INFO:root:Epoch: 1025 lr: 0.001 train_loss: 5083.6230 train_distortion: 0.3422 train_mapscore: 0.9996 train_c: -1.0878 train_max_dist: 34.6465 train_imax: -0.0000 train_imin: -4.1535 time: 5.1496s
INFO:root:Epoch: 1030 lr: 0.001 train_loss: 5106.9404 train_distortion: 0.3434 train_mapscore: 0.9994 train_c: -1.0879 train_max_dist: 34.6455 train_imax: 0.0389 train_imin: -4.2979 time: 5.6932s
INFO:root:Epoch: 1035 lr: 0.001 train_loss: 5124.1191 train_distortion: 0.3446 train_mapscore: 0.9995 train_c: -1.0879 train_max_dist: 34.6719 train_imax: -0.0000 train_imin: -4.2846 time: 5.6189s
INFO:root:Epoch: 1040 lr: 0.001 train_loss: 5133.0142 train_distortion: 0.3455 train_mapscore: 0.9991 train_c: -1.0880 train_max_dist: 34.6826 train_imax: -0.0000 train_imin: -4.1220 time: 5.5979s
INFO:root:Epoch: 1045 lr: 0.001 train_loss: 5122.6763 train_distortion: 0.3465 train_mapscore: 0.9992 train_c: -1.0881 train_max_dist: 34.7402 train_imax: -0.0000 train_imin: -4.1589 time: 3.6977s
INFO:root:Epoch: 1050 lr: 0.001 train_loss: 5152.3838 train_distortion: 0.3475 train_mapscore: 0.9995 train_c: -1.0882 train_max_dist: 34.7397 train_imax: -0.0000 train_imin: -4.1589 time: 5.4161s
INFO:root:Epoch: 1055 lr: 0.001 train_loss: 5052.5527 train_distortion: 0.3485 train_mapscore: 0.9994 train_c: -1.0882 train_max_dist: 34.7520 train_imax: -0.0000 train_imin: -4.2071 time: 5.5279s
INFO:root:Epoch: 1060 lr: 0.001 train_loss: 5069.7471 train_distortion: 0.3496 train_mapscore: 0.9995 train_c: -1.0883 train_max_dist: 34.7959 train_imax: -0.0000 train_imin: -4.1460 time: 5.3978s
INFO:root:Epoch: 1065 lr: 0.001 train_loss: 5037.2622 train_distortion: 0.3506 train_mapscore: 0.9996 train_c: -1.0884 train_max_dist: 34.8623 train_imax: -0.0000 train_imin: -4.2168 time: 5.5263s
INFO:root:Epoch: 1070 lr: 0.001 train_loss: 5012.4414 train_distortion: 0.3516 train_mapscore: 0.9995 train_c: -1.0885 train_max_dist: 34.8423 train_imax: -0.0000 train_imin: -4.1762 time: 5.4978s
INFO:root:Epoch: 1075 lr: 0.001 train_loss: 4980.9072 train_distortion: 0.3527 train_mapscore: 0.9994 train_c: -1.0885 train_max_dist: 34.8862 train_imax: -0.0000 train_imin: -4.2282 time: 5.4455s
INFO:root:Epoch: 1080 lr: 0.001 train_loss: 4996.1455 train_distortion: 0.3537 train_mapscore: 0.9995 train_c: -1.0886 train_max_dist: 34.9053 train_imax: -0.0000 train_imin: -4.2362 time: 5.5815s
INFO:root:Epoch: 1085 lr: 0.001 train_loss: 4945.2871 train_distortion: 0.3547 train_mapscore: 0.9996 train_c: -1.0887 train_max_dist: 34.9302 train_imax: -0.0000 train_imin: -4.1572 time: 5.7018s
INFO:root:Epoch: 1090 lr: 0.001 train_loss: 4937.2231 train_distortion: 0.3559 train_mapscore: 0.9995 train_c: -1.0888 train_max_dist: 34.9521 train_imax: -0.0000 train_imin: -4.1225 time: 5.4573s
INFO:root:Epoch: 1095 lr: 0.001 train_loss: 4952.2661 train_distortion: 0.3568 train_mapscore: 0.9995 train_c: -1.0888 train_max_dist: 34.9482 train_imax: -0.0000 train_imin: -4.0845 time: 5.2218s
INFO:root:Epoch: 1100 lr: 0.001 train_loss: 4945.8779 train_distortion: 0.3578 train_mapscore: 0.9996 train_c: -1.0889 train_max_dist: 34.9766 train_imax: -0.0000 train_imin: -4.1755 time: 5.4467s
INFO:root:Epoch: 1105 lr: 0.001 train_loss: 4923.4971 train_distortion: 0.3589 train_mapscore: 0.9997 train_c: -1.0890 train_max_dist: 35.0122 train_imax: -0.0000 train_imin: -4.1044 time: 5.6487s
INFO:root:Epoch: 1110 lr: 0.001 train_loss: 4949.8755 train_distortion: 0.3599 train_mapscore: 0.9992 train_c: -1.0891 train_max_dist: 35.0391 train_imax: -0.0000 train_imin: -4.0920 time: 5.6391s
INFO:root:Epoch: 1115 lr: 0.001 train_loss: 4953.6230 train_distortion: 0.3609 train_mapscore: 0.9994 train_c: -1.0891 train_max_dist: 35.0781 train_imax: -0.0000 train_imin: -4.1805 time: 3.6862s
INFO:root:Epoch: 1120 lr: 0.001 train_loss: 4933.4688 train_distortion: 0.3619 train_mapscore: 0.9994 train_c: -1.0892 train_max_dist: 35.0977 train_imax: -0.0000 train_imin: -4.0574 time: 3.7502s
INFO:root:Epoch: 1125 lr: 0.001 train_loss: 4929.8291 train_distortion: 0.3630 train_mapscore: 0.9994 train_c: -1.0893 train_max_dist: 35.1362 train_imax: -0.0000 train_imin: -4.0877 time: 3.6630s
INFO:root:Epoch: 1130 lr: 0.001 train_loss: 4925.4912 train_distortion: 0.3638 train_mapscore: 0.9995 train_c: -1.0894 train_max_dist: 35.1484 train_imax: -0.0000 train_imin: -4.1184 time: 5.5240s
INFO:root:Epoch: 1135 lr: 0.001 train_loss: 4917.9712 train_distortion: 0.3646 train_mapscore: 0.9996 train_c: -1.0894 train_max_dist: 35.1733 train_imax: -0.0000 train_imin: -4.0342 time: 5.4512s
INFO:root:Epoch: 1140 lr: 0.001 train_loss: 4932.2422 train_distortion: 0.3657 train_mapscore: 0.9994 train_c: -1.0895 train_max_dist: 35.1846 train_imax: -0.0000 train_imin: -4.0790 time: 5.4539s
INFO:root:Epoch: 1145 lr: 0.001 train_loss: 4904.8418 train_distortion: 0.3666 train_mapscore: 0.9996 train_c: -1.0896 train_max_dist: 35.2090 train_imax: -0.0000 train_imin: -4.0423 time: 5.4512s
INFO:root:Epoch: 1150 lr: 0.001 train_loss: 4888.3169 train_distortion: 0.3675 train_mapscore: 0.9995 train_c: -1.0897 train_max_dist: 35.2588 train_imax: -0.0000 train_imin: -4.1109 time: 5.5221s
INFO:root:Epoch: 1155 lr: 0.001 train_loss: 4909.8589 train_distortion: 0.3684 train_mapscore: 0.9995 train_c: -1.0897 train_max_dist: 35.2544 train_imax: -0.0000 train_imin: -4.1319 time: 5.4971s
INFO:root:Epoch: 1160 lr: 0.001 train_loss: 4878.3047 train_distortion: 0.3693 train_mapscore: 0.9996 train_c: -1.0898 train_max_dist: 35.2705 train_imax: -0.0000 train_imin: -4.1832 time: 5.6369s
INFO:root:Epoch: 1165 lr: 0.001 train_loss: 4878.6899 train_distortion: 0.3702 train_mapscore: 0.9995 train_c: -1.0899 train_max_dist: 35.2925 train_imax: -0.0000 train_imin: -4.0570 time: 5.6826s
INFO:root:Epoch: 1170 lr: 0.001 train_loss: 4874.2607 train_distortion: 0.3711 train_mapscore: 0.9994 train_c: -1.0899 train_max_dist: 35.3311 train_imax: -0.0000 train_imin: -4.0511 time: 5.5493s
INFO:root:Epoch: 1175 lr: 0.001 train_loss: 4885.7300 train_distortion: 0.3719 train_mapscore: 0.9996 train_c: -1.0900 train_max_dist: 35.3340 train_imax: -0.0000 train_imin: -4.1066 time: 5.6480s
INFO:root:Epoch: 1180 lr: 0.001 train_loss: 4874.5264 train_distortion: 0.3730 train_mapscore: 0.9995 train_c: -1.0901 train_max_dist: 35.3691 train_imax: -0.0000 train_imin: -4.2168 time: 5.6245s
INFO:root:Epoch: 1185 lr: 0.001 train_loss: 4828.2959 train_distortion: 0.3738 train_mapscore: 0.9992 train_c: -1.0902 train_max_dist: 35.3848 train_imax: -0.0000 train_imin: -4.1332 time: 5.6407s
INFO:root:Epoch: 1190 lr: 0.001 train_loss: 4879.2881 train_distortion: 0.3746 train_mapscore: 0.9995 train_c: -1.0902 train_max_dist: 35.4048 train_imax: -0.0000 train_imin: -4.1776 time: 5.6189s
INFO:root:Epoch: 1195 lr: 0.001 train_loss: 4853.4219 train_distortion: 0.3755 train_mapscore: 0.9991 train_c: -1.0903 train_max_dist: 35.4238 train_imax: -0.0000 train_imin: -4.0847 time: 5.6807s
INFO:root:Epoch: 1200 lr: 0.001 train_loss: 4838.2646 train_distortion: 0.3763 train_mapscore: 0.9996 train_c: -1.0904 train_max_dist: 35.4238 train_imax: -0.0000 train_imin: -4.0998 time: 5.3742s
INFO:root:Epoch: 1205 lr: 0.001 train_loss: 4812.7393 train_distortion: 0.3772 train_mapscore: 0.9995 train_c: -1.0904 train_max_dist: 35.4644 train_imax: -0.0000 train_imin: -4.1337 time: 5.6220s
INFO:root:Epoch: 1210 lr: 0.001 train_loss: 4811.5474 train_distortion: 0.3779 train_mapscore: 0.9996 train_c: -1.0905 train_max_dist: 35.4873 train_imax: -0.0000 train_imin: -4.0613 time: 5.2884s
INFO:root:Epoch: 1215 lr: 0.001 train_loss: 4801.0317 train_distortion: 0.3788 train_mapscore: 0.9996 train_c: -1.0906 train_max_dist: 35.5127 train_imax: -0.0000 train_imin: -4.0714 time: 5.6235s
INFO:root:Epoch: 1220 lr: 0.001 train_loss: 4815.5127 train_distortion: 0.3796 train_mapscore: 0.9993 train_c: -1.0907 train_max_dist: 35.5264 train_imax: -0.0000 train_imin: -4.0547 time: 5.5509s
INFO:root:Epoch: 1225 lr: 0.001 train_loss: 4780.7173 train_distortion: 0.3804 train_mapscore: 0.9996 train_c: -1.0907 train_max_dist: 35.5439 train_imax: -0.0000 train_imin: -4.1605 time: 5.6286s
INFO:root:Epoch: 1230 lr: 0.001 train_loss: 4769.9570 train_distortion: 0.3812 train_mapscore: 0.9996 train_c: -1.0908 train_max_dist: 35.5508 train_imax: -0.0000 train_imin: -4.1374 time: 5.6426s
INFO:root:Epoch: 1235 lr: 0.001 train_loss: 4769.2803 train_distortion: 0.3821 train_mapscore: 0.9993 train_c: -1.0909 train_max_dist: 35.6201 train_imax: -0.0000 train_imin: -4.1680 time: 5.5868s
INFO:root:Epoch: 1240 lr: 0.001 train_loss: 4776.2085 train_distortion: 0.3829 train_mapscore: 0.9996 train_c: -1.0909 train_max_dist: 35.5967 train_imax: -0.0000 train_imin: -4.1734 time: 5.5258s
INFO:root:Epoch: 1245 lr: 0.001 train_loss: 4773.2256 train_distortion: 0.3838 train_mapscore: 0.9996 train_c: -1.0910 train_max_dist: 35.6216 train_imax: -0.0000 train_imin: -4.0947 time: 5.5944s
INFO:root:Epoch: 1250 lr: 0.001 train_loss: 4770.5029 train_distortion: 0.3846 train_mapscore: 0.9995 train_c: -1.0911 train_max_dist: 35.6372 train_imax: -0.0000 train_imin: -4.1839 time: 5.6111s
INFO:root:Epoch: 1255 lr: 0.001 train_loss: 4752.4668 train_distortion: 0.3854 train_mapscore: 0.9996 train_c: -1.0912 train_max_dist: 35.6768 train_imax: -0.0000 train_imin: -3.9696 time: 5.6563s
INFO:root:Epoch: 1260 lr: 0.001 train_loss: 4765.7246 train_distortion: 0.3862 train_mapscore: 0.9996 train_c: -1.0912 train_max_dist: 35.6875 train_imax: -0.0000 train_imin: -4.1443 time: 5.4399s
INFO:root:Epoch: 1265 lr: 0.001 train_loss: 4775.7275 train_distortion: 0.3870 train_mapscore: 0.9996 train_c: -1.0913 train_max_dist: 35.6875 train_imax: -0.0000 train_imin: -4.0543 time: 5.4220s
INFO:root:Epoch: 1270 lr: 0.001 train_loss: 4799.3989 train_distortion: 0.3878 train_mapscore: 0.9996 train_c: -1.0914 train_max_dist: 35.7168 train_imax: -0.0000 train_imin: -4.0519 time: 5.4475s
INFO:root:Epoch: 1275 lr: 0.001 train_loss: 4748.5771 train_distortion: 0.3885 train_mapscore: 0.9996 train_c: -1.0914 train_max_dist: 35.7554 train_imax: -0.0000 train_imin: -4.0649 time: 5.5473s
INFO:root:Epoch: 1280 lr: 0.001 train_loss: 4746.2061 train_distortion: 0.3891 train_mapscore: 0.9997 train_c: -1.0915 train_max_dist: 35.7549 train_imax: -0.0000 train_imin: -4.0210 time: 5.4727s
INFO:root:Epoch: 1285 lr: 0.001 train_loss: 4709.8271 train_distortion: 0.3898 train_mapscore: 0.9995 train_c: -1.0916 train_max_dist: 35.7769 train_imax: -0.0000 train_imin: -3.9398 time: 5.4799s
INFO:root:Epoch: 1290 lr: 0.001 train_loss: 4722.0742 train_distortion: 0.3906 train_mapscore: 0.9995 train_c: -1.0916 train_max_dist: 35.7930 train_imax: -0.0000 train_imin: -4.0059 time: 5.3209s
INFO:root:Epoch: 1295 lr: 0.001 train_loss: 4719.0674 train_distortion: 0.3913 train_mapscore: 0.9996 train_c: -1.0917 train_max_dist: 35.8115 train_imax: -0.0000 train_imin: -4.1107 time: 5.3130s
INFO:root:Epoch: 1300 lr: 0.001 train_loss: 4729.2969 train_distortion: 0.3921 train_mapscore: 0.9996 train_c: -1.0918 train_max_dist: 35.8486 train_imax: -0.0000 train_imin: -4.0246 time: 5.4327s
INFO:root:Epoch: 1305 lr: 0.001 train_loss: 4720.1719 train_distortion: 0.3930 train_mapscore: 0.9996 train_c: -1.0918 train_max_dist: 35.8467 train_imax: -0.0000 train_imin: -4.0942 time: 5.5133s
INFO:root:Epoch: 1310 lr: 0.001 train_loss: 4706.9844 train_distortion: 0.3935 train_mapscore: 0.9995 train_c: -1.0919 train_max_dist: 35.8789 train_imax: -0.0000 train_imin: -4.1158 time: 5.5550s
INFO:root:Epoch: 1315 lr: 0.001 train_loss: 4700.5469 train_distortion: 0.3944 train_mapscore: 0.9996 train_c: -1.0920 train_max_dist: 35.8926 train_imax: -0.0000 train_imin: -4.0371 time: 5.4229s
INFO:root:Epoch: 1320 lr: 0.001 train_loss: 4677.3701 train_distortion: 0.3951 train_mapscore: 0.9993 train_c: -1.0920 train_max_dist: 35.8853 train_imax: -0.0000 train_imin: -3.9559 time: 5.5080s
INFO:root:Epoch: 1325 lr: 0.001 train_loss: 4741.3506 train_distortion: 0.3958 train_mapscore: 0.9995 train_c: -1.0921 train_max_dist: 35.9180 train_imax: -0.0000 train_imin: -4.0564 time: 5.5120s
INFO:root:Epoch: 1330 lr: 0.001 train_loss: 4690.7202 train_distortion: 0.3965 train_mapscore: 0.9995 train_c: -1.0922 train_max_dist: 35.9595 train_imax: -0.0000 train_imin: -4.1069 time: 5.5534s
INFO:root:Epoch: 1335 lr: 0.001 train_loss: 4707.7236 train_distortion: 0.3972 train_mapscore: 0.9996 train_c: -1.0923 train_max_dist: 35.9629 train_imax: -0.0000 train_imin: -4.0525 time: 5.3239s
INFO:root:Epoch: 1340 lr: 0.001 train_loss: 4715.0615 train_distortion: 0.3978 train_mapscore: 0.9996 train_c: -1.0923 train_max_dist: 35.9805 train_imax: -0.0000 train_imin: -4.1260 time: 5.5405s
INFO:root:Epoch: 1345 lr: 0.001 train_loss: 4669.7393 train_distortion: 0.3985 train_mapscore: 0.9996 train_c: -1.0924 train_max_dist: 36.0049 train_imax: -0.0000 train_imin: -4.0858 time: 5.4150s
INFO:root:Epoch: 1350 lr: 0.001 train_loss: 4714.4482 train_distortion: 0.3992 train_mapscore: 0.9995 train_c: -1.0925 train_max_dist: 35.9932 train_imax: -0.0000 train_imin: -3.9700 time: 5.3387s
INFO:root:Epoch: 1355 lr: 0.001 train_loss: 4693.6763 train_distortion: 0.3998 train_mapscore: 0.9995 train_c: -1.0925 train_max_dist: 36.0254 train_imax: -0.0000 train_imin: -4.0870 time: 4.6803s
INFO:root:Epoch: 1360 lr: 0.001 train_loss: 4632.5996 train_distortion: 0.4005 train_mapscore: 0.9996 train_c: -1.0926 train_max_dist: 36.0381 train_imax: -0.0000 train_imin: -4.0034 time: 4.9689s
INFO:root:Epoch: 1365 lr: 0.001 train_loss: 4652.0054 train_distortion: 0.4012 train_mapscore: 0.9996 train_c: -1.0927 train_max_dist: 36.0566 train_imax: -0.0000 train_imin: -4.0522 time: 5.6029s
INFO:root:Epoch: 1370 lr: 0.001 train_loss: 4654.7207 train_distortion: 0.4017 train_mapscore: 0.9996 train_c: -1.0927 train_max_dist: 36.0566 train_imax: -0.0000 train_imin: -4.0475 time: 5.1733s
INFO:root:Epoch: 1375 lr: 0.001 train_loss: 4645.6860 train_distortion: 0.4025 train_mapscore: 0.9993 train_c: -1.0928 train_max_dist: 36.0830 train_imax: -0.0000 train_imin: -4.0618 time: 5.1268s
INFO:root:Epoch: 1380 lr: 0.001 train_loss: 4617.6216 train_distortion: 0.4032 train_mapscore: 0.9994 train_c: -1.0929 train_max_dist: 36.0947 train_imax: -0.0000 train_imin: -3.9524 time: 5.7946s
INFO:root:Epoch: 1385 lr: 0.001 train_loss: 4648.5566 train_distortion: 0.4039 train_mapscore: 0.9996 train_c: -1.0929 train_max_dist: 36.1021 train_imax: -0.0000 train_imin: -4.1380 time: 5.7217s
INFO:root:Epoch: 1390 lr: 0.001 train_loss: 4637.5889 train_distortion: 0.4045 train_mapscore: 0.9993 train_c: -1.0930 train_max_dist: 36.1279 train_imax: -0.0000 train_imin: -3.9265 time: 5.3901s
INFO:root:Epoch: 1395 lr: 0.001 train_loss: 4621.5801 train_distortion: 0.4051 train_mapscore: 0.9996 train_c: -1.0931 train_max_dist: 36.1489 train_imax: -0.0000 train_imin: -4.0872 time: 5.6950s
INFO:root:Epoch: 1400 lr: 0.001 train_loss: 4619.0791 train_distortion: 0.4057 train_mapscore: 0.9996 train_c: -1.0931 train_max_dist: 36.1484 train_imax: -0.0000 train_imin: -3.9507 time: 5.4124s
INFO:root:Epoch: 1405 lr: 0.001 train_loss: 4611.1055 train_distortion: 0.4064 train_mapscore: 0.9996 train_c: -1.0932 train_max_dist: 36.1816 train_imax: -0.0000 train_imin: -3.9931 time: 5.2786s
INFO:root:Epoch: 1410 lr: 0.001 train_loss: 4634.3608 train_distortion: 0.4071 train_mapscore: 0.9996 train_c: -1.0933 train_max_dist: 36.1855 train_imax: -0.0000 train_imin: -3.9905 time: 5.5580s
INFO:root:Epoch: 1415 lr: 0.001 train_loss: 4618.3730 train_distortion: 0.4077 train_mapscore: 0.9996 train_c: -1.0933 train_max_dist: 36.2080 train_imax: -0.0000 train_imin: -4.0022 time: 5.5772s
INFO:root:Epoch: 1420 lr: 0.001 train_loss: 4609.3159 train_distortion: 0.4084 train_mapscore: 0.9994 train_c: -1.0934 train_max_dist: 36.2129 train_imax: -0.0000 train_imin: -3.9922 time: 3.9308s
INFO:root:Epoch: 1425 lr: 0.001 train_loss: 4594.1064 train_distortion: 0.4091 train_mapscore: 0.9994 train_c: -1.0935 train_max_dist: 36.2344 train_imax: -0.0000 train_imin: -3.9456 time: 4.9967s
INFO:root:Epoch: 1430 lr: 0.001 train_loss: 4576.6934 train_distortion: 0.4097 train_mapscore: 0.9993 train_c: -1.0936 train_max_dist: 36.2461 train_imax: -0.0000 train_imin: -3.9545 time: 4.8817s
INFO:root:Epoch: 1435 lr: 0.001 train_loss: 4617.2266 train_distortion: 0.4103 train_mapscore: 0.9996 train_c: -1.0936 train_max_dist: 36.2715 train_imax: -0.0000 train_imin: -4.0015 time: 3.5952s
INFO:root:Epoch: 1440 lr: 0.001 train_loss: 4621.5127 train_distortion: 0.4110 train_mapscore: 0.9996 train_c: -1.0937 train_max_dist: 36.2676 train_imax: -0.0000 train_imin: -4.0197 time: 5.3809s
INFO:root:Epoch: 1445 lr: 0.001 train_loss: 4585.5488 train_distortion: 0.4115 train_mapscore: 0.9995 train_c: -1.0938 train_max_dist: 36.2871 train_imax: -0.0000 train_imin: -3.9887 time: 4.7140s
INFO:root:Epoch: 1450 lr: 0.001 train_loss: 4584.9785 train_distortion: 0.4122 train_mapscore: 0.9992 train_c: -1.0938 train_max_dist: 36.3242 train_imax: -0.0000 train_imin: -4.0518 time: 5.2918s
INFO:root:Epoch: 1455 lr: 0.001 train_loss: 4584.4629 train_distortion: 0.4128 train_mapscore: 0.9994 train_c: -1.0939 train_max_dist: 36.3115 train_imax: -0.0000 train_imin: -3.9682 time: 5.6561s
INFO:root:Epoch: 1460 lr: 0.001 train_loss: 4586.0347 train_distortion: 0.4133 train_mapscore: 0.9996 train_c: -1.0940 train_max_dist: 36.3223 train_imax: -0.0000 train_imin: -3.9930 time: 5.5015s
INFO:root:Epoch: 1465 lr: 0.001 train_loss: 4525.9253 train_distortion: 0.4139 train_mapscore: 0.9997 train_c: -1.0940 train_max_dist: 36.3506 train_imax: -0.0000 train_imin: -4.0248 time: 5.5619s
INFO:root:Epoch: 1470 lr: 0.001 train_loss: 4532.3130 train_distortion: 0.4145 train_mapscore: 0.9996 train_c: -1.0941 train_max_dist: 36.3594 train_imax: -0.0000 train_imin: -3.9620 time: 5.6565s
INFO:root:Epoch: 1475 lr: 0.001 train_loss: 4546.4443 train_distortion: 0.4151 train_mapscore: 0.9996 train_c: -1.0942 train_max_dist: 36.3677 train_imax: -0.0000 train_imin: -4.0221 time: 4.9267s
INFO:root:Epoch: 1480 lr: 0.001 train_loss: 4529.0391 train_distortion: 0.4158 train_mapscore: 0.9994 train_c: -1.0942 train_max_dist: 36.3896 train_imax: -0.0000 train_imin: -3.9432 time: 5.6496s
INFO:root:Epoch: 1485 lr: 0.001 train_loss: 4524.7305 train_distortion: 0.4164 train_mapscore: 0.9995 train_c: -1.0943 train_max_dist: 36.4248 train_imax: -0.0000 train_imin: -3.9421 time: 4.5081s
INFO:root:Epoch: 1490 lr: 0.001 train_loss: 4494.9536 train_distortion: 0.4171 train_mapscore: 0.9992 train_c: -1.0944 train_max_dist: 36.4189 train_imax: -0.0000 train_imin: -3.9580 time: 5.6769s
INFO:root:Epoch: 1495 lr: 0.001 train_loss: 4485.3794 train_distortion: 0.4178 train_mapscore: 0.9996 train_c: -1.0944 train_max_dist: 36.4492 train_imax: -0.0000 train_imin: -3.8883 time: 5.6335s
INFO:root:Epoch: 1500 lr: 0.001 train_loss: 4518.0049 train_distortion: 0.4184 train_mapscore: 0.9997 train_c: -1.0945 train_max_dist: 36.4785 train_imax: -0.0000 train_imin: -4.0321 time: 5.6866s
INFO:root:Epoch: 1505 lr: 0.001 train_loss: 4528.1548 train_distortion: 0.4191 train_mapscore: 0.9994 train_c: -1.0946 train_max_dist: 36.4658 train_imax: -0.0000 train_imin: -3.9386 time: 5.5473s
INFO:root:Epoch: 1510 lr: 0.001 train_loss: 4533.8569 train_distortion: 0.4196 train_mapscore: 0.9996 train_c: -1.0946 train_max_dist: 36.4707 train_imax: -0.0000 train_imin: -3.9033 time: 5.5462s
INFO:root:Epoch: 1515 lr: 0.001 train_loss: 4519.8535 train_distortion: 0.4202 train_mapscore: 0.9996 train_c: -1.0947 train_max_dist: 36.5059 train_imax: -0.0000 train_imin: -3.9325 time: 5.4968s
INFO:root:Epoch: 1520 lr: 0.001 train_loss: 4505.3242 train_distortion: 0.4209 train_mapscore: 0.9996 train_c: -1.0948 train_max_dist: 36.5352 train_imax: -0.0000 train_imin: -3.9056 time: 5.5974s
INFO:root:Epoch: 1525 lr: 0.001 train_loss: 4515.7578 train_distortion: 0.4216 train_mapscore: 0.9996 train_c: -1.0949 train_max_dist: 36.5469 train_imax: -0.0000 train_imin: -3.8885 time: 5.6218s
INFO:root:Epoch: 1530 lr: 0.001 train_loss: 4509.3833 train_distortion: 0.4221 train_mapscore: 0.9996 train_c: -1.0949 train_max_dist: 36.5762 train_imax: -0.0000 train_imin: -3.9085 time: 5.4903s
INFO:root:Epoch: 1535 lr: 0.001 train_loss: 4517.0991 train_distortion: 0.4227 train_mapscore: 0.9995 train_c: -1.0950 train_max_dist: 36.5498 train_imax: -0.0000 train_imin: -3.8872 time: 5.4763s
INFO:root:Epoch: 1540 lr: 0.001 train_loss: 4502.3311 train_distortion: 0.4232 train_mapscore: 0.9995 train_c: -1.0951 train_max_dist: 36.5708 train_imax: -0.0000 train_imin: -3.9724 time: 5.6969s
INFO:root:Epoch: 1545 lr: 0.001 train_loss: 4499.5771 train_distortion: 0.4238 train_mapscore: 0.9997 train_c: -1.0951 train_max_dist: 36.5811 train_imax: -0.0000 train_imin: -3.9819 time: 5.5070s
INFO:root:Epoch: 1550 lr: 0.001 train_loss: 4498.7910 train_distortion: 0.4244 train_mapscore: 0.9996 train_c: -1.0952 train_max_dist: 36.5879 train_imax: -0.0000 train_imin: -3.9632 time: 5.6708s
INFO:root:Epoch: 1555 lr: 0.001 train_loss: 4493.6411 train_distortion: 0.4250 train_mapscore: 0.9997 train_c: -1.0953 train_max_dist: 36.6074 train_imax: -0.0000 train_imin: -3.9801 time: 5.1875s
INFO:root:Epoch: 1560 lr: 0.001 train_loss: 4503.5186 train_distortion: 0.4255 train_mapscore: 0.9996 train_c: -1.0953 train_max_dist: 36.6270 train_imax: -0.0000 train_imin: -3.9994 time: 3.5854s
INFO:root:Epoch: 1565 lr: 0.001 train_loss: 4504.5811 train_distortion: 0.4260 train_mapscore: 0.9995 train_c: -1.0954 train_max_dist: 36.6494 train_imax: -0.0000 train_imin: -3.9507 time: 3.6461s
INFO:root:Epoch: 1570 lr: 0.001 train_loss: 4508.8726 train_distortion: 0.4264 train_mapscore: 0.9997 train_c: -1.0955 train_max_dist: 36.6357 train_imax: -0.0000 train_imin: -3.9027 time: 3.6148s
INFO:root:Epoch: 1575 lr: 0.001 train_loss: 4510.2129 train_distortion: 0.4270 train_mapscore: 0.9995 train_c: -1.0955 train_max_dist: 36.6621 train_imax: -0.0000 train_imin: -3.9953 time: 3.5737s
INFO:root:Epoch: 1580 lr: 0.001 train_loss: 4446.6182 train_distortion: 0.4275 train_mapscore: 0.9996 train_c: -1.0956 train_max_dist: 36.6582 train_imax: -0.0000 train_imin: -4.0005 time: 4.6819s
INFO:root:Epoch: 1585 lr: 0.001 train_loss: 4437.6704 train_distortion: 0.4279 train_mapscore: 0.9996 train_c: -1.0957 train_max_dist: 36.6719 train_imax: -0.0000 train_imin: -3.9257 time: 5.4429s
INFO:root:Epoch: 1590 lr: 0.001 train_loss: 4456.2197 train_distortion: 0.4285 train_mapscore: 0.9995 train_c: -1.0957 train_max_dist: 36.6768 train_imax: -0.0000 train_imin: -4.0018 time: 5.5835s
INFO:root:Epoch: 1595 lr: 0.001 train_loss: 4446.4614 train_distortion: 0.4291 train_mapscore: 0.9996 train_c: -1.0958 train_max_dist: 36.7188 train_imax: -0.0000 train_imin: -3.9669 time: 5.5344s
INFO:root:Epoch: 1600 lr: 0.001 train_loss: 4471.4546 train_distortion: 0.4297 train_mapscore: 0.9996 train_c: -1.0959 train_max_dist: 36.7109 train_imax: -0.0000 train_imin: -3.9234 time: 5.4360s
INFO:root:Epoch: 1605 lr: 0.001 train_loss: 4468.8721 train_distortion: 0.4302 train_mapscore: 0.9993 train_c: -1.0959 train_max_dist: 36.7246 train_imax: -0.0000 train_imin: -3.8967 time: 5.5568s
INFO:root:Epoch: 1610 lr: 0.001 train_loss: 4468.1655 train_distortion: 0.4307 train_mapscore: 0.9994 train_c: -1.0960 train_max_dist: 36.7412 train_imax: -0.0000 train_imin: -3.8976 time: 5.4351s
INFO:root:Epoch: 1615 lr: 0.001 train_loss: 4461.8423 train_distortion: 0.4313 train_mapscore: 0.9996 train_c: -1.0961 train_max_dist: 36.7588 train_imax: -0.0000 train_imin: -3.9602 time: 5.4217s
INFO:root:Epoch: 1620 lr: 0.001 train_loss: 4485.2256 train_distortion: 0.4318 train_mapscore: 0.9996 train_c: -1.0961 train_max_dist: 36.7754 train_imax: -0.0000 train_imin: -3.9743 time: 5.4469s
INFO:root:Epoch: 1625 lr: 0.001 train_loss: 4460.5947 train_distortion: 0.4322 train_mapscore: 0.9997 train_c: -1.0962 train_max_dist: 36.8086 train_imax: -0.0000 train_imin: -3.9294 time: 5.5126s
INFO:root:Epoch: 1630 lr: 0.001 train_loss: 4478.5840 train_distortion: 0.4325 train_mapscore: 0.9996 train_c: -1.0963 train_max_dist: 36.8359 train_imax: -0.0000 train_imin: -3.8717 time: 5.5858s
INFO:root:Epoch: 1635 lr: 0.001 train_loss: 4460.2822 train_distortion: 0.4330 train_mapscore: 0.9997 train_c: -1.0964 train_max_dist: 36.8291 train_imax: -0.0000 train_imin: -3.9583 time: 5.5180s
INFO:root:Epoch: 1640 lr: 0.001 train_loss: 4448.8237 train_distortion: 0.4335 train_mapscore: 0.9996 train_c: -1.0964 train_max_dist: 36.8047 train_imax: -0.0000 train_imin: -3.8881 time: 5.4447s
INFO:root:Epoch: 1645 lr: 0.001 train_loss: 4421.2207 train_distortion: 0.4340 train_mapscore: 0.9996 train_c: -1.0965 train_max_dist: 36.8291 train_imax: -0.0000 train_imin: -3.8661 time: 5.4161s
INFO:root:Epoch: 1650 lr: 0.001 train_loss: 4437.1973 train_distortion: 0.4345 train_mapscore: 0.9996 train_c: -1.0966 train_max_dist: 36.8408 train_imax: -0.0000 train_imin: -3.8479 time: 5.5356s
INFO:root:Epoch: 1655 lr: 0.001 train_loss: 4476.8599 train_distortion: 0.4351 train_mapscore: 0.9995 train_c: -1.0966 train_max_dist: 36.8477 train_imax: -0.0000 train_imin: -3.8108 time: 5.4756s
INFO:root:Epoch: 1660 lr: 0.001 train_loss: 4442.1772 train_distortion: 0.4355 train_mapscore: 0.9997 train_c: -1.0967 train_max_dist: 36.8604 train_imax: -0.0000 train_imin: -3.9162 time: 5.4921s
INFO:root:Epoch: 1665 lr: 0.001 train_loss: 4442.1514 train_distortion: 0.4360 train_mapscore: 0.9995 train_c: -1.0968 train_max_dist: 36.8857 train_imax: -0.0000 train_imin: -3.8939 time: 5.4307s
INFO:root:Epoch: 1670 lr: 0.001 train_loss: 4411.8145 train_distortion: 0.4365 train_mapscore: 0.9997 train_c: -1.0968 train_max_dist: 36.8867 train_imax: -0.0000 train_imin: -3.9226 time: 5.4861s
INFO:root:Epoch: 1675 lr: 0.001 train_loss: 4387.4785 train_distortion: 0.4368 train_mapscore: 0.9995 train_c: -1.0969 train_max_dist: 36.8926 train_imax: -0.0000 train_imin: -3.9515 time: 5.4349s
INFO:root:Epoch: 1680 lr: 0.001 train_loss: 4380.7725 train_distortion: 0.4374 train_mapscore: 0.9997 train_c: -1.0970 train_max_dist: 36.9043 train_imax: -0.0000 train_imin: -3.9361 time: 5.4735s
INFO:root:Epoch: 1685 lr: 0.001 train_loss: 4382.8794 train_distortion: 0.4379 train_mapscore: 0.9996 train_c: -1.0970 train_max_dist: 36.9102 train_imax: -0.0000 train_imin: -3.9780 time: 5.4108s
INFO:root:Epoch: 1690 lr: 0.001 train_loss: 4421.7178 train_distortion: 0.4384 train_mapscore: 0.9997 train_c: -1.0971 train_max_dist: 36.9355 train_imax: -0.0000 train_imin: -3.9397 time: 5.3946s
INFO:root:Epoch: 1695 lr: 0.001 train_loss: 4376.8120 train_distortion: 0.4390 train_mapscore: 0.9997 train_c: -1.0972 train_max_dist: 36.9658 train_imax: -0.0000 train_imin: -3.8929 time: 5.0393s
INFO:root:Epoch: 1700 lr: 0.001 train_loss: 4377.3760 train_distortion: 0.4395 train_mapscore: 0.9997 train_c: -1.0973 train_max_dist: 36.9844 train_imax: -0.0000 train_imin: -3.9188 time: 5.6156s
INFO:root:Epoch: 1705 lr: 0.001 train_loss: 4405.4893 train_distortion: 0.4400 train_mapscore: 0.9993 train_c: -1.0973 train_max_dist: 36.9883 train_imax: -0.0000 train_imin: -3.9488 time: 5.4063s
INFO:root:Epoch: 1710 lr: 0.001 train_loss: 4373.4219 train_distortion: 0.4406 train_mapscore: 0.9991 train_c: -1.0974 train_max_dist: 37.0088 train_imax: -0.0000 train_imin: -3.9486 time: 5.4641s
INFO:root:Epoch: 1715 lr: 0.001 train_loss: 4383.0894 train_distortion: 0.4410 train_mapscore: 0.9996 train_c: -1.0975 train_max_dist: 37.0322 train_imax: -0.0000 train_imin: -3.9613 time: 3.7373s
INFO:root:Epoch: 1720 lr: 0.001 train_loss: 4416.6274 train_distortion: 0.4416 train_mapscore: 0.9996 train_c: -1.0975 train_max_dist: 37.0420 train_imax: -0.0000 train_imin: -3.9240 time: 5.5256s
INFO:root:Epoch: 1725 lr: 0.001 train_loss: 4381.3750 train_distortion: 0.4421 train_mapscore: 0.9996 train_c: -1.0976 train_max_dist: 36.9961 train_imax: -0.0000 train_imin: -3.8508 time: 5.5409s
INFO:root:Epoch: 1730 lr: 0.001 train_loss: 4728.6553 train_distortion: 0.4420 train_mapscore: 0.9989 train_c: -1.0977 train_max_dist: 37.0332 train_imax: 0.0537 train_imin: -7.7298 time: 5.4787s
INFO:root:Epoch: 1735 lr: 0.001 train_loss: 4687.0146 train_distortion: 0.4417 train_mapscore: 0.9985 train_c: -1.0978 train_max_dist: 37.0469 train_imax: -0.0000 train_imin: -9.2417 time: 5.2757s
INFO:root:Epoch: 1740 lr: 0.001 train_loss: 4629.6260 train_distortion: 0.4415 train_mapscore: 0.9985 train_c: -1.0978 train_max_dist: 37.0654 train_imax: -0.0000 train_imin: -9.4184 time: 5.3866s
INFO:root:Epoch: 1745 lr: 0.001 train_loss: 4602.0254 train_distortion: 0.4414 train_mapscore: 0.9987 train_c: -1.0979 train_max_dist: 37.0381 train_imax: -0.0000 train_imin: -8.8677 time: 5.7091s
INFO:root:Epoch: 1750 lr: 0.001 train_loss: 4567.1816 train_distortion: 0.4414 train_mapscore: 0.9987 train_c: -1.0980 train_max_dist: 37.0469 train_imax: -0.0000 train_imin: -8.3079 time: 5.3334s
INFO:root:Epoch: 1755 lr: 0.001 train_loss: 4519.8428 train_distortion: 0.4413 train_mapscore: 0.9988 train_c: -1.0980 train_max_dist: 37.0391 train_imax: -0.0000 train_imin: -7.7679 time: 5.4671s
INFO:root:Epoch: 1760 lr: 0.001 train_loss: 4540.8066 train_distortion: 0.4415 train_mapscore: 0.9990 train_c: -1.0981 train_max_dist: 37.0488 train_imax: -0.0000 train_imin: -7.3473 time: 5.5300s
INFO:root:Epoch: 1765 lr: 0.001 train_loss: 4495.5684 train_distortion: 0.4418 train_mapscore: 0.9990 train_c: -1.0982 train_max_dist: 37.0420 train_imax: -0.0000 train_imin: -6.9520 time: 5.5396s
INFO:root:Epoch: 1770 lr: 0.001 train_loss: 4421.1870 train_distortion: 0.4419 train_mapscore: 0.9991 train_c: -1.0982 train_max_dist: 37.0449 train_imax: -0.0000 train_imin: -6.6565 time: 5.6216s
INFO:root:Epoch: 1775 lr: 0.001 train_loss: 4411.8809 train_distortion: 0.4423 train_mapscore: 0.9990 train_c: -1.0983 train_max_dist: 37.0469 train_imax: -0.0000 train_imin: -6.3555 time: 5.6456s
INFO:root:Epoch: 1780 lr: 0.001 train_loss: 4404.0596 train_distortion: 0.4427 train_mapscore: 0.9991 train_c: -1.0984 train_max_dist: 37.0557 train_imax: -0.0000 train_imin: -6.1093 time: 5.6804s
INFO:root:Epoch: 1785 lr: 0.001 train_loss: 4386.9824 train_distortion: 0.4432 train_mapscore: 0.9992 train_c: -1.0985 train_max_dist: 37.0625 train_imax: -0.0000 train_imin: -5.8926 time: 5.4000s
INFO:root:Epoch: 1790 lr: 0.001 train_loss: 4374.0352 train_distortion: 0.4438 train_mapscore: 0.9994 train_c: -1.0985 train_max_dist: 37.0850 train_imax: -0.0000 train_imin: -5.7305 time: 5.6517s
INFO:root:Epoch: 1795 lr: 0.001 train_loss: 4441.8691 train_distortion: 0.4443 train_mapscore: 0.9995 train_c: -1.0986 train_max_dist: 37.1064 train_imax: -0.0000 train_imin: -5.3634 time: 5.4817s
INFO:root:Epoch: 1800 lr: 0.001 train_loss: 4434.7695 train_distortion: 0.4448 train_mapscore: 0.9994 train_c: -1.0987 train_max_dist: 37.1016 train_imax: -0.0000 train_imin: -4.9529 time: 5.5398s
INFO:root:Epoch: 1805 lr: 0.001 train_loss: 4405.7275 train_distortion: 0.4454 train_mapscore: 0.9993 train_c: -1.0988 train_max_dist: 37.1123 train_imax: -0.0000 train_imin: -4.6792 time: 5.7533s
INFO:root:Epoch: 1810 lr: 0.001 train_loss: 4406.3203 train_distortion: 0.4458 train_mapscore: 0.9995 train_c: -1.0988 train_max_dist: 37.1182 train_imax: -0.0000 train_imin: -4.4158 time: 5.6710s
INFO:root:Epoch: 1815 lr: 0.001 train_loss: 4405.8047 train_distortion: 0.4464 train_mapscore: 0.9994 train_c: -1.0989 train_max_dist: 37.1387 train_imax: -0.0000 train_imin: -4.1926 time: 5.5176s
INFO:root:Epoch: 1820 lr: 0.001 train_loss: 4366.2568 train_distortion: 0.4468 train_mapscore: 0.9995 train_c: -1.0990 train_max_dist: 37.1582 train_imax: -0.0000 train_imin: -3.9638 time: 5.5687s
INFO:root:Epoch: 1825 lr: 0.001 train_loss: 4401.1143 train_distortion: 0.4473 train_mapscore: 0.9995 train_c: -1.0991 train_max_dist: 37.1499 train_imax: -0.0000 train_imin: -3.8674 time: 5.4956s
INFO:root:Epoch: 1830 lr: 0.001 train_loss: 4355.6582 train_distortion: 0.4478 train_mapscore: 0.9995 train_c: -1.0991 train_max_dist: 37.1455 train_imax: -0.0000 train_imin: -3.9513 time: 5.5474s
INFO:root:Epoch: 1835 lr: 0.001 train_loss: 4350.6929 train_distortion: 0.4484 train_mapscore: 0.9994 train_c: -1.0992 train_max_dist: 37.1577 train_imax: -0.0000 train_imin: -3.8596 time: 5.5581s
INFO:root:Epoch: 1840 lr: 0.001 train_loss: 4335.5361 train_distortion: 0.4489 train_mapscore: 0.9996 train_c: -1.0993 train_max_dist: 37.2285 train_imax: -0.0000 train_imin: -3.8658 time: 5.4892s
INFO:root:Epoch: 1845 lr: 0.001 train_loss: 4357.6323 train_distortion: 0.4496 train_mapscore: 0.9994 train_c: -1.0994 train_max_dist: 37.2051 train_imax: -0.0000 train_imin: -3.8340 time: 5.6727s
INFO:root:Epoch: 1850 lr: 0.001 train_loss: 4283.2412 train_distortion: 0.4502 train_mapscore: 0.9994 train_c: -1.0994 train_max_dist: 37.2070 train_imax: -0.0000 train_imin: -3.8786 time: 5.6251s
INFO:root:Epoch: 1855 lr: 0.001 train_loss: 4347.2358 train_distortion: 0.4508 train_mapscore: 0.9996 train_c: -1.0995 train_max_dist: 37.2520 train_imax: -0.0000 train_imin: -3.8616 time: 5.6230s
INFO:root:Epoch: 1860 lr: 0.001 train_loss: 4348.9102 train_distortion: 0.4515 train_mapscore: 0.9992 train_c: -1.0996 train_max_dist: 37.2695 train_imax: -0.0000 train_imin: -3.8900 time: 5.7361s
INFO:root:Epoch: 1865 lr: 0.001 train_loss: 4324.7544 train_distortion: 0.4521 train_mapscore: 0.9996 train_c: -1.0997 train_max_dist: 37.2910 train_imax: -0.0000 train_imin: -3.8476 time: 5.6072s
INFO:root:Epoch: 1870 lr: 0.001 train_loss: 4333.0332 train_distortion: 0.4526 train_mapscore: 0.9996 train_c: -1.0997 train_max_dist: 37.2822 train_imax: -0.0000 train_imin: -3.9016 time: 5.7589s
INFO:root:Epoch: 1875 lr: 0.001 train_loss: 4344.2178 train_distortion: 0.4533 train_mapscore: 0.9996 train_c: -1.0998 train_max_dist: 37.3018 train_imax: -0.0000 train_imin: -3.9027 time: 5.6847s
INFO:root:Epoch: 1880 lr: 0.001 train_loss: 4276.4258 train_distortion: 0.4538 train_mapscore: 0.9995 train_c: -1.0999 train_max_dist: 37.3018 train_imax: -0.0000 train_imin: -3.8404 time: 5.4577s
INFO:root:Epoch: 1885 lr: 0.001 train_loss: 4293.0630 train_distortion: 0.4545 train_mapscore: 0.9996 train_c: -1.1000 train_max_dist: 37.3135 train_imax: -0.0000 train_imin: -3.9024 time: 5.3958s
INFO:root:Epoch: 1890 lr: 0.001 train_loss: 4318.5996 train_distortion: 0.4550 train_mapscore: 0.9995 train_c: -1.1000 train_max_dist: 37.3105 train_imax: -0.0000 train_imin: -3.8203 time: 5.6384s
INFO:root:Epoch: 1895 lr: 0.001 train_loss: 4313.3921 train_distortion: 0.4555 train_mapscore: 0.9997 train_c: -1.1001 train_max_dist: 37.3340 train_imax: -0.0000 train_imin: -3.7850 time: 5.6594s
INFO:root:Epoch: 1900 lr: 0.001 train_loss: 4292.6626 train_distortion: 0.4561 train_mapscore: 0.9996 train_c: -1.1002 train_max_dist: 37.3398 train_imax: -0.0000 train_imin: -3.8029 time: 5.4454s
INFO:root:Epoch: 1905 lr: 0.001 train_loss: 4329.7212 train_distortion: 0.4566 train_mapscore: 0.9994 train_c: -1.1003 train_max_dist: 37.3340 train_imax: -0.0000 train_imin: -3.8353 time: 5.6501s
INFO:root:Epoch: 1910 lr: 0.001 train_loss: 4324.2422 train_distortion: 0.4572 train_mapscore: 0.9997 train_c: -1.1003 train_max_dist: 37.3496 train_imax: -0.0000 train_imin: -3.8085 time: 5.4386s
INFO:root:Epoch: 1915 lr: 0.001 train_loss: 4315.1055 train_distortion: 0.4576 train_mapscore: 0.9997 train_c: -1.1004 train_max_dist: 37.3877 train_imax: -0.0000 train_imin: -3.8802 time: 5.5710s
INFO:root:Epoch: 1920 lr: 0.001 train_loss: 4301.0635 train_distortion: 0.4582 train_mapscore: 0.9997 train_c: -1.1005 train_max_dist: 37.3838 train_imax: -0.0000 train_imin: -3.8295 time: 5.6330s
INFO:root:Epoch: 1925 lr: 0.001 train_loss: 4304.5811 train_distortion: 0.4586 train_mapscore: 0.9997 train_c: -1.1006 train_max_dist: 37.4209 train_imax: -0.0000 train_imin: -3.9039 time: 5.4347s
INFO:root:Epoch: 1930 lr: 0.001 train_loss: 4315.2354 train_distortion: 0.4591 train_mapscore: 0.9994 train_c: -1.1006 train_max_dist: 37.3955 train_imax: -0.0000 train_imin: -3.8493 time: 5.6059s
INFO:root:Epoch: 1935 lr: 0.001 train_loss: 4347.5410 train_distortion: 0.4595 train_mapscore: 0.9997 train_c: -1.1007 train_max_dist: 37.4043 train_imax: -0.0000 train_imin: -3.7974 time: 5.7276s
INFO:root:Epoch: 1940 lr: 0.001 train_loss: 4309.9053 train_distortion: 0.4599 train_mapscore: 0.9996 train_c: -1.1008 train_max_dist: 37.4209 train_imax: -0.0000 train_imin: -3.9099 time: 5.5881s
INFO:root:Epoch: 1945 lr: 0.001 train_loss: 4307.3936 train_distortion: 0.4603 train_mapscore: 0.9997 train_c: -1.1009 train_max_dist: 37.4014 train_imax: -0.0000 train_imin: -3.8260 time: 5.6274s
INFO:root:Epoch: 1950 lr: 0.001 train_loss: 4279.7090 train_distortion: 0.4608 train_mapscore: 0.9996 train_c: -1.1009 train_max_dist: 37.4287 train_imax: -0.0000 train_imin: -3.8615 time: 5.5796s
INFO:root:Epoch: 1955 lr: 0.001 train_loss: 4293.2490 train_distortion: 0.4611 train_mapscore: 0.9997 train_c: -1.1010 train_max_dist: 37.4668 train_imax: -0.0000 train_imin: -3.7810 time: 5.6518s
INFO:root:Epoch: 1960 lr: 0.001 train_loss: 4278.5396 train_distortion: 0.4616 train_mapscore: 0.9991 train_c: -1.1011 train_max_dist: 37.4531 train_imax: -0.0000 train_imin: -3.7708 time: 5.7662s
INFO:root:Epoch: 1965 lr: 0.001 train_loss: 4248.9468 train_distortion: 0.4620 train_mapscore: 0.9994 train_c: -1.1012 train_max_dist: 37.4629 train_imax: -0.0000 train_imin: -3.9184 time: 5.1609s
INFO:root:Epoch: 1970 lr: 0.001 train_loss: 4259.9678 train_distortion: 0.4625 train_mapscore: 0.9997 train_c: -1.1012 train_max_dist: 37.4814 train_imax: -0.0000 train_imin: -3.8227 time: 5.6448s
INFO:root:Epoch: 1975 lr: 0.001 train_loss: 4287.0371 train_distortion: 0.4629 train_mapscore: 0.9993 train_c: -1.1013 train_max_dist: 37.4795 train_imax: -0.0000 train_imin: -3.8540 time: 5.5980s
INFO:root:Epoch: 1980 lr: 0.001 train_loss: 4301.2061 train_distortion: 0.4634 train_mapscore: 0.9997 train_c: -1.1014 train_max_dist: 37.5049 train_imax: -0.0000 train_imin: -3.8542 time: 5.6089s
INFO:root:Epoch: 1985 lr: 0.001 train_loss: 4284.5459 train_distortion: 0.4638 train_mapscore: 0.9997 train_c: -1.1015 train_max_dist: 37.5215 train_imax: -0.0000 train_imin: -3.8829 time: 5.4075s
INFO:root:Epoch: 1990 lr: 0.001 train_loss: 4292.2227 train_distortion: 0.4642 train_mapscore: 0.9994 train_c: -1.1015 train_max_dist: 37.5205 train_imax: -0.0000 train_imin: -3.7948 time: 5.4642s
INFO:root:Epoch: 1995 lr: 0.001 train_loss: 4271.1387 train_distortion: 0.4645 train_mapscore: 0.9996 train_c: -1.1016 train_max_dist: 37.5146 train_imax: -0.0000 train_imin: -3.8609 time: 5.4333s
INFO:root:Epoch: 2000 lr: 0.00025 train_loss: 4279.5703 train_distortion: 0.4650 train_mapscore: 0.9997 train_c: -1.1017 train_max_dist: 37.5244 train_imax: -0.0000 train_imin: -3.8249 time: 5.4600s
INFO:root:Optimization Finished!
INFO:root:Total time elapsed: 10689.6511s
INFO:root:Val set results: val_distortion: 1.0000 val_mapscore: -1.0000 val_c: -1.0000 val_max_dist: 0.0000
INFO:root:Test set results: test_loss: 4265.2397 test_distortion: 0.4651 test_mapscore: 0.9996 test_c: -1.1017 test_max_dist: 37.5254 test_imax: -0.0000 test_imin: -3.8807
INFO:root:Saved model in /workspace/xiongbo/hgcn/logs/md/2021_4_30/109
